0000001 | T.0x00007f2145ffd700 | 2019-06-21, 02:20:33.973666 [info] - (/home/ghosdebd/sparkle/alps/src/globalheap/globalheap_internal.cc, 153) Open heap path: /lfs/spark_global0 
0000002 | T.0x00007f2145ffd700 | 2019-06-21, 02:20:33.974020 [info] - (/home/ghosdebd/sparkle/alps/src/pegasus/lfs_region_file.cc, 64) Open LFS region file path: "/lfs/spark_global0" flags: O_RDWR
0000004 | T.0x00007f2145ffd700 | 2019-06-21, 02:20:33.984693 [info] - (/home/ghosdebd/sparkle/alps/src/pegasus/segmap.cc, 39) map region  base_addr: 0x7e9ff4000000 size: 549755813888 addr_range: 0x7e9ff4000000--7f1ff4000000
0000005 | T.0x00007f2145ffd700 | 2019-06-21, 02:20:33.984737 [info] - (/home/ghosdebd/sparkle/alps/src/globalheap/globalheap_internal.cc, 158) Opened heap path: /lfs/spark_global0  size: 549755813888
0000006 | T.0x00007f2145ffd700 | 2019-06-21, 02:20:34.331601 [info] - (/home/ghosdebd/sparkle/alps/src/globalheap/globalheap_internal.cc, 380) Allocate block size: 412
0000008 | T.0x00007f2145ffd700 | 2019-06-21, 02:20:34.331636 [info] - (/home/ghosdebd/sparkle/alps/src/globalheap/globalheap_internal.cc, 400) Allocate block size: 412 ig: 0
0000007 | T.0x00007f214cbfa700 | 2019-06-21, 02:20:34.331610 [info] - (/home/ghosdebd/sparkle/alps/src/globalheap/globalheap_internal.cc, 380) Allocate block size: 412
0000009 | T.0x00007f214cbfa700 | 2019-06-21, 02:20:34.331657 [info] - (/home/ghosdebd/sparkle/alps/src/globalheap/globalheap_internal.cc, 400) Allocate block size: 412 ig: 0
0000011 | T.0x00007f214cbfa700 | 2019-06-21, 02:20:34.331919 [info] - (/home/ghosdebd/sparkle/alps/src/globalheap/memattrib_heap.cc, 59) Allocate block size: 412
0000010 | T.0x00007f2145ffd700 | 2019-06-21, 02:20:34.331917 [info] - (/home/ghosdebd/sparkle/alps/src/globalheap/memattrib_heap.cc, 59) Allocate block size: 412
0000012 | T.0x00007f214cbfa700 | 2019-06-21, 02:20:34.331935 [info] - (/home/ghosdebd/sparkle/alps/src/globalheap/process_slab_heap.cc, 30) acquire_slab
0000013 | T.0x00007f214cbfa700 | 2019-06-21, 02:20:34.331952 [info] - (/home/ghosdebd/sparkle/alps/src/globalheap/process_slab_heap.cc, 33) acquire_slab: locked
0000014 | T.0x00007f214cbfa700 | 2019-06-21, 02:20:34.331957 [info] - (/home/ghosdebd/sparkle/alps/src/globalheap/extentheap.hh, 116) malloc
0000015 | T.0x00007f214cbfa700 | 2019-06-21, 02:20:34.332245 [info] - (/home/ghosdebd/sparkle/alps/src/globalheap/zone.hh, 40) NVZONE: 0x7efbf4000400
0000016 | T.0x00007f214cbfa700 | 2019-06-21, 02:20:34.332255 [info] - (/home/ghosdebd/sparkle/alps/src/globalheap/zone.hh, 41) NVZONE: ID: 46
0000017 | T.0x00007f214cbfa700 | 2019-06-21, 02:20:34.334005 [info] - (/home/ghosdebd/sparkle/alps/src/globalheap/extentmap.cc, 88) INSERT: (0, 32766)
0000018 | T.0x00007f214cbfa700 | 2019-06-21, 02:20:34.334029 [info] - (/home/ghosdebd/sparkle/alps/src/globalheap/zone_heap.hh, 153) Acquired zone: 46
0000019 | T.0x00007f214cbfa700 | 2019-06-21, 02:20:34.334035 [info] - (/home/ghosdebd/sparkle/alps/src/globalheap/zone.hh, 72) Enumerate zone: 46
0000020 | T.0x00007f214cbfa700 | 2019-06-21, 02:20:34.335539 [info] - (/home/ghosdebd/sparkle/alps/src/globalheap/extentheap.hh, 116) malloc
0000021 | T.0x00007f214cbfa700 | 2019-06-21, 02:20:34.335555 [info] - (/home/ghosdebd/sparkle/alps/src/globalheap/extentmap.cc, 88) INSERT: (1, 32765)
0000022 | T.0x00007f214cbfa700 | 2019-06-21, 02:20:34.335559 [info] - (/home/ghosdebd/sparkle/alps/src/globalheap/zone.cc, 48) Allocated zone_id: 46 extent: (0, 1) 0x7efbf40404c8
0000023 | T.0x00007f214cbfa700 | 2019-06-21, 02:20:34.335590 [info] - (/home/ghosdebd/sparkle/alps/src/globalheap/process_slab_heap.cc, 50) acquire_slab: unlock 2
0000024 | T.0x00007f214cbfa700 | 2019-06-21, 02:20:34.335601 [info] - (/home/ghosdebd/sparkle/alps/src/globalheap/slab.cc, 56) Allocate block: nvslab: (0xbeef, 0x5c000404c8) block: 0
0000025 | T.0x00007f214cbfa700 | 2019-06-21, 02:20:34.335607 [info] - (/home/ghosdebd/sparkle/alps/src/globalheap/slab_heap.cc, 40) Allocate block: new_fullness: 0 old_fullness: 0
0000026 | T.0x00007f214cbfa700 | 2019-06-21, 02:20:34.335616 [info] - (/home/ghosdebd/sparkle/alps/src/globalheap/globalheap_internal.cc, 391) Allocated block ptr: (0xbeef, 0x5c00040548) size: 412
0000028 | T.0x00007f214cbfa700 | 2019-06-21, 02:20:34.335646 [info] - (/home/ghosdebd/sparkle/alps/src/globalheap/globalheap_internal.cc, 380) Allocate block size: 30
0000029 | T.0x00007f214cbfa700 | 2019-06-21, 02:20:34.335654 [info] - (/home/ghosdebd/sparkle/alps/src/globalheap/globalheap_internal.cc, 400) Allocate block size: 30 ig: 0
0000030 | T.0x00007f214cbfa700 | 2019-06-21, 02:20:34.335661 [info] - (/home/ghosdebd/sparkle/alps/src/globalheap/memattrib_heap.cc, 59) Allocate block size: 30
0000027 | T.0x00007f2145ffd700 | 2019-06-21, 02:20:34.335636 [info] - (/home/ghosdebd/sparkle/alps/src/globalheap/slab.cc, 56) Allocate block: nvslab: (0xbeef, 0x5c000404c8) block: 1
0000031 | T.0x00007f2145ffd700 | 2019-06-21, 02:20:34.335685 [info] - (/home/ghosdebd/sparkle/alps/src/globalheap/slab_heap.cc, 40) Allocate block: new_fullness: 0 old_fullness: 0
0000032 | T.0x00007f2145ffd700 | 2019-06-21, 02:20:34.335694 [info] - (/home/ghosdebd/sparkle/alps/src/globalheap/globalheap_internal.cc, 391) Allocated block ptr: (0xbeef, 0x5c000406e8) size: 412
0000033 | T.0x00007f214cbfa700 | 2019-06-21, 02:20:34.335699 [info] - (/home/ghosdebd/sparkle/alps/src/globalheap/process_slab_heap.cc, 30) acquire_slab
0000034 | T.0x00007f214cbfa700 | 2019-06-21, 02:20:34.335708 [info] - (/home/ghosdebd/sparkle/alps/src/globalheap/process_slab_heap.cc, 33) acquire_slab: locked
0000035 | T.0x00007f214cbfa700 | 2019-06-21, 02:20:34.335712 [info] - (/home/ghosdebd/sparkle/alps/src/globalheap/extentheap.hh, 116) malloc
0000036 | T.0x00007f2145ffd700 | 2019-06-21, 02:20:34.335714 [info] - (/home/ghosdebd/sparkle/alps/src/globalheap/globalheap_internal.cc, 380) Allocate block size: 30
0000037 | T.0x00007f214cbfa700 | 2019-06-21, 02:20:34.335717 [info] - (/home/ghosdebd/sparkle/alps/src/globalheap/extentmap.cc, 88) INSERT: (2, 32764)
0000038 | T.0x00007f2145ffd700 | 2019-06-21, 02:20:34.335725 [info] - (/home/ghosdebd/sparkle/alps/src/globalheap/globalheap_internal.cc, 400) Allocate block size: 30 ig: 0
0000039 | T.0x00007f214cbfa700 | 2019-06-21, 02:20:34.335736 [info] - (/home/ghosdebd/sparkle/alps/src/globalheap/zone.cc, 48) Allocated zone_id: 46 extent: (1, 1) 0x7efbf40804c8
0000040 | T.0x00007f2145ffd700 | 2019-06-21, 02:20:34.335744 [info] - (/home/ghosdebd/sparkle/alps/src/globalheap/memattrib_heap.cc, 59) Allocate block size: 30
0000041 | T.0x00007f214cbfa700 | 2019-06-21, 02:20:34.335994 [info] - (/home/ghosdebd/sparkle/alps/src/globalheap/process_slab_heap.cc, 50) acquire_slab: unlock 2
0000042 | T.0x00007f214cbfa700 | 2019-06-21, 02:20:34.336004 [info] - (/home/ghosdebd/sparkle/alps/src/globalheap/slab.cc, 56) Allocate block: nvslab: (0xbeef, 0x5c000804c8) block: 0
0000043 | T.0x00007f214cbfa700 | 2019-06-21, 02:20:34.336008 [info] - (/home/ghosdebd/sparkle/alps/src/globalheap/slab_heap.cc, 40) Allocate block: new_fullness: 0 old_fullness: 0
0000044 | T.0x00007f214cbfa700 | 2019-06-21, 02:20:34.336014 [info] - (/home/ghosdebd/sparkle/alps/src/globalheap/globalheap_internal.cc, 391) Allocated block ptr: (0xbeef, 0x5c00080908) size: 30
0000045 | T.0x00007f214cbfa700 | 2019-06-21, 02:20:34.336019 [info] - (/home/ghosdebd/sparkle/alps/src/globalheap/globalheap_internal.cc, 380) Allocate block size: 30
0000046 | T.0x00007f2145ffd700 | 2019-06-21, 02:20:34.336022 [info] - (/home/ghosdebd/sparkle/alps/src/globalheap/slab.cc, 56) Allocate block: nvslab: (0xbeef, 0x5c000804c8) block: 1
0000047 | T.0x00007f214cbfa700 | 2019-06-21, 02:20:34.336025 [info] - (/home/ghosdebd/sparkle/alps/src/globalheap/globalheap_internal.cc, 400) Allocate block size: 30 ig: 0
0000048 | T.0x00007f2145ffd700 | 2019-06-21, 02:20:34.336037 [info] - (/home/ghosdebd/sparkle/alps/src/globalheap/slab_heap.cc, 40) Allocate block: new_fullness: 0 old_fullness: 0
0000049 | T.0x00007f214cbfa700 | 2019-06-21, 02:20:34.336046 [info] - (/home/ghosdebd/sparkle/alps/src/globalheap/memattrib_heap.cc, 59) Allocate block size: 30
0000050 | T.0x00007f2145ffd700 | 2019-06-21, 02:20:34.336054 [info] - (/home/ghosdebd/sparkle/alps/src/globalheap/globalheap_internal.cc, 391) Allocated block ptr: (0xbeef, 0x5c00080928) size: 30
0000051 | T.0x00007f214cbfa700 | 2019-06-21, 02:20:34.336065 [info] - (/home/ghosdebd/sparkle/alps/src/globalheap/slab.cc, 56) Allocate block: nvslab: (0xbeef, 0x5c000804c8) block: 2
0000052 | T.0x00007f2145ffd700 | 2019-06-21, 02:20:34.336112 [info] - (/home/ghosdebd/sparkle/alps/src/globalheap/globalheap_internal.cc, 380) Allocate block size: 30
0000053 | T.0x00007f214cbfa700 | 2019-06-21, 02:20:34.336122 [info] - (/home/ghosdebd/sparkle/alps/src/globalheap/slab_heap.cc, 40) Allocate block: new_fullness: 0 old_fullness: 0
0000054 | T.0x00007f2145ffd700 | 2019-06-21, 02:20:34.336131 [info] - (/home/ghosdebd/sparkle/alps/src/globalheap/globalheap_internal.cc, 400) Allocate block size: 30 ig: 0
0000055 | T.0x00007f214cbfa700 | 2019-06-21, 02:20:34.336139 [info] - (/home/ghosdebd/sparkle/alps/src/globalheap/globalheap_internal.cc, 391) Allocated block ptr: (0xbeef, 0x5c00080948) size: 30
0000056 | T.0x00007f2145ffd700 | 2019-06-21, 02:20:34.336147 [info] - (/home/ghosdebd/sparkle/alps/src/globalheap/memattrib_heap.cc, 59) Allocate block size: 30
0000057 | T.0x00007f214cbfa700 | 2019-06-21, 02:20:34.336158 [info] - (/home/ghosdebd/sparkle/alps/src/globalheap/globalheap_internal.cc, 380) Allocate block size: 30
0000058 | T.0x00007f2145ffd700 | 2019-06-21, 02:20:34.336172 [info] - (/home/ghosdebd/sparkle/alps/src/globalheap/slab.cc, 56) Allocate block: nvslab: (0xbeef, 0x5c000804c8) block: 3
0000059 | T.0x00007f214cbfa700 | 2019-06-21, 02:20:34.336179 [info] - (/home/ghosdebd/sparkle/alps/src/globalheap/globalheap_internal.cc, 400) Allocate block size: 30 ig: 0
0000060 | T.0x00007f2145ffd700 | 2019-06-21, 02:20:34.336188 [info] - (/home/ghosdebd/sparkle/alps/src/globalheap/slab_heap.cc, 40) Allocate block: new_fullness: 0 old_fullness: 0
0000061 | T.0x00007f214cbfa700 | 2019-06-21, 02:20:34.336199 [info] - (/home/ghosdebd/sparkle/alps/src/globalheap/memattrib_heap.cc, 59) Allocate block size: 30
0000062 | T.0x00007f2145ffd700 | 2019-06-21, 02:20:34.336207 [info] - (/home/ghosdebd/sparkle/alps/src/globalheap/globalheap_internal.cc, 391) Allocated block ptr: (0xbeef, 0x5c00080968) size: 30
0000063 | T.0x00007f214cbfa700 | 2019-06-21, 02:20:34.336218 [info] - (/home/ghosdebd/sparkle/alps/src/globalheap/slab.cc, 56) Allocate block: nvslab: (0xbeef, 0x5c000804c8) block: 4
0000064 | T.0x00007f2145ffd700 | 2019-06-21, 02:20:34.336223 [info] - (/home/ghosdebd/sparkle/alps/src/globalheap/globalheap_internal.cc, 380) Allocate block size: 30
0000065 | T.0x00007f214cbfa700 | 2019-06-21, 02:20:34.336229 [info] - (/home/ghosdebd/sparkle/alps/src/globalheap/slab_heap.cc, 40) Allocate block: new_fullness: 0 old_fullness: 0
0000066 | T.0x00007f2145ffd700 | 2019-06-21, 02:20:34.336239 [info] - (/home/ghosdebd/sparkle/alps/src/globalheap/globalheap_internal.cc, 400) Allocate block size: 30 ig: 0
0000068 | T.0x00007f2145ffd700 | 2019-06-21, 02:20:34.336255 [info] - (/home/ghosdebd/sparkle/alps/src/globalheap/memattrib_heap.cc, 59) Allocate block size: 30
0000067 | T.0x00007f214cbfa700 | 2019-06-21, 02:20:34.336247 [info] - (/home/ghosdebd/sparkle/alps/src/globalheap/globalheap_internal.cc, 391) Allocated block ptr: (0xbeef, 0x5c00080988) size: 30
0000069 | T.0x00007f2145ffd700 | 2019-06-21, 02:20:34.336264 [info] - (/home/ghosdebd/sparkle/alps/src/globalheap/slab.cc, 56) Allocate block: nvslab: (0xbeef, 0x5c000804c8) block: 5
0000070 | T.0x00007f214cbfa700 | 2019-06-21, 02:20:34.336274 [info] - (/home/ghosdebd/sparkle/alps/src/globalheap/globalheap_internal.cc, 380) Allocate block size: 30
0000071 | T.0x00007f2145ffd700 | 2019-06-21, 02:20:34.336282 [info] - (/home/ghosdebd/sparkle/alps/src/globalheap/slab_heap.cc, 40) Allocate block: new_fullness: 0 old_fullness: 0
0000072 | T.0x00007f214cbfa700 | 2019-06-21, 02:20:34.336291 [info] - (/home/ghosdebd/sparkle/alps/src/globalheap/globalheap_internal.cc, 400) Allocate block size: 30 ig: 0
0000073 | T.0x00007f2145ffd700 | 2019-06-21, 02:20:34.336302 [info] - (/home/ghosdebd/sparkle/alps/src/globalheap/globalheap_internal.cc, 391) Allocated block ptr: (0xbeef, 0x5c000809a8) size: 30
0000074 | T.0x00007f214cbfa700 | 2019-06-21, 02:20:34.336310 [info] - (/home/ghosdebd/sparkle/alps/src/globalheap/memattrib_heap.cc, 59) Allocate block size: 30
0000075 | T.0x00007f2145ffd700 | 2019-06-21, 02:20:34.336319 [info] - (/home/ghosdebd/sparkle/alps/src/globalheap/globalheap_internal.cc, 380) Allocate block size: 60
0000076 | T.0x00007f214cbfa700 | 2019-06-21, 02:20:34.336331 [info] - (/home/ghosdebd/sparkle/alps/src/globalheap/slab.cc, 56) Allocate block: nvslab: (0xbeef, 0x5c000804c8) block: 6
0000077 | T.0x00007f2145ffd700 | 2019-06-21, 02:20:34.336338 [info] - (/home/ghosdebd/sparkle/alps/src/globalheap/globalheap_internal.cc, 400) Allocate block size: 60 ig: 0
0000078 | T.0x00007f214cbfa700 | 2019-06-21, 02:20:34.336346 [info] - (/home/ghosdebd/sparkle/alps/src/globalheap/slab_heap.cc, 40) Allocate block: new_fullness: 0 old_fullness: 0
0000079 | T.0x00007f2145ffd700 | 2019-06-21, 02:20:34.336355 [info] - (/home/ghosdebd/sparkle/alps/src/globalheap/memattrib_heap.cc, 59) Allocate block size: 60
0000080 | T.0x00007f214cbfa700 | 2019-06-21, 02:20:34.336363 [info] - (/home/ghosdebd/sparkle/alps/src/globalheap/globalheap_internal.cc, 391) Allocated block ptr: (0xbeef, 0x5c000809c8) size: 30
0000081 | T.0x00007f2145ffd700 | 2019-06-21, 02:20:34.336375 [info] - (/home/ghosdebd/sparkle/alps/src/globalheap/process_slab_heap.cc, 30) acquire_slab
0000082 | T.0x00007f214cbfa700 | 2019-06-21, 02:20:34.336385 [info] - (/home/ghosdebd/sparkle/alps/src/globalheap/globalheap_internal.cc, 380) Allocate block size: 60
0000083 | T.0x00007f2145ffd700 | 2019-06-21, 02:20:34.336394 [info] - (/home/ghosdebd/sparkle/alps/src/globalheap/process_slab_heap.cc, 33) acquire_slab: locked
0000084 | T.0x00007f214cbfa700 | 2019-06-21, 02:20:34.336404 [info] - (/home/ghosdebd/sparkle/alps/src/globalheap/globalheap_internal.cc, 400) Allocate block size: 60 ig: 0
0000085 | T.0x00007f2145ffd700 | 2019-06-21, 02:20:34.336414 [info] - (/home/ghosdebd/sparkle/alps/src/globalheap/extentheap.hh, 116) malloc
0000086 | T.0x00007f214cbfa700 | 2019-06-21, 02:20:34.336422 [info] - (/home/ghosdebd/sparkle/alps/src/globalheap/memattrib_heap.cc, 59) Allocate block size: 60
0000087 | T.0x00007f2145ffd700 | 2019-06-21, 02:20:34.336433 [info] - (/home/ghosdebd/sparkle/alps/src/globalheap/extentmap.cc, 88) INSERT: (3, 32763)
0000088 | T.0x00007f2145ffd700 | 2019-06-21, 02:20:34.336446 [info] - (/home/ghosdebd/sparkle/alps/src/globalheap/zone.cc, 48) Allocated zone_id: 46 extent: (2, 1) 0x7efbf40c04c8
0000089 | T.0x00007f2145ffd700 | 2019-06-21, 02:20:34.336781 [info] - (/home/ghosdebd/sparkle/alps/src/globalheap/process_slab_heap.cc, 50) acquire_slab: unlock 2
0000090 | T.0x00007f2145ffd700 | 2019-06-21, 02:20:34.336789 [info] - (/home/ghosdebd/sparkle/alps/src/globalheap/slab.cc, 56) Allocate block: nvslab: (0xbeef, 0x5c000c04c8) block: 0
0000091 | T.0x00007f2145ffd700 | 2019-06-21, 02:20:34.336793 [info] - (/home/ghosdebd/sparkle/alps/src/globalheap/slab_heap.cc, 40) Allocate block: new_fullness: 0 old_fullness: 0
0000092 | T.0x00007f2145ffd700 | 2019-06-21, 02:20:34.336800 [info] - (/home/ghosdebd/sparkle/alps/src/globalheap/globalheap_internal.cc, 391) Allocated block ptr: (0xbeef, 0x5c000c0708) size: 60
0000093 | T.0x00007f2145ffd700 | 2019-06-21, 02:20:34.336804 [info] - (/home/ghosdebd/sparkle/alps/src/globalheap/globalheap_internal.cc, 380) Allocate block size: 90
0000095 | T.0x00007f2145ffd700 | 2019-06-21, 02:20:34.336809 [info] - (/home/ghosdebd/sparkle/alps/src/globalheap/globalheap_internal.cc, 400) Allocate block size: 90 ig: 0
0000094 | T.0x00007f214cbfa700 | 2019-06-21, 02:20:34.336808 [info] - (/home/ghosdebd/sparkle/alps/src/globalheap/slab.cc, 56) Allocate block: nvslab: (0xbeef, 0x5c000c04c8) block: 1
0000096 | T.0x00007f2145ffd700 | 2019-06-21, 02:20:34.336820 [info] - (/home/ghosdebd/sparkle/alps/src/globalheap/memattrib_heap.cc, 59) Allocate block size: 90
0000097 | T.0x00007f214cbfa700 | 2019-06-21, 02:20:34.336828 [info] - (/home/ghosdebd/sparkle/alps/src/globalheap/slab_heap.cc, 40) Allocate block: new_fullness: 0 old_fullness: 0
0000098 | T.0x00007f214cbfa700 | 2019-06-21, 02:20:34.336845 [info] - (/home/ghosdebd/sparkle/alps/src/globalheap/globalheap_internal.cc, 391) Allocated block ptr: (0xbeef, 0x5c000c0748) size: 60
0000099 | T.0x00007f2145ffd700 | 2019-06-21, 02:20:34.336850 [info] - (/home/ghosdebd/sparkle/alps/src/globalheap/process_slab_heap.cc, 30) acquire_slab
0000100 | T.0x00007f214cbfa700 | 2019-06-21, 02:20:34.336880 [info] - (/home/ghosdebd/sparkle/alps/src/globalheap/globalheap_internal.cc, 380) Allocate block size: 30
0000101 | T.0x00007f2145ffd700 | 2019-06-21, 02:20:34.336888 [info] - (/home/ghosdebd/sparkle/alps/src/globalheap/process_slab_heap.cc, 33) acquire_slab: locked
0000102 | T.0x00007f214cbfa700 | 2019-06-21, 02:20:34.336896 [info] - (/home/ghosdebd/sparkle/alps/src/globalheap/globalheap_internal.cc, 400) Allocate block size: 30 ig: 0
0000103 | T.0x00007f2145ffd700 | 2019-06-21, 02:20:34.336905 [info] - (/home/ghosdebd/sparkle/alps/src/globalheap/extentheap.hh, 116) malloc
0000104 | T.0x00007f214cbfa700 | 2019-06-21, 02:20:34.336915 [info] - (/home/ghosdebd/sparkle/alps/src/globalheap/memattrib_heap.cc, 59) Allocate block size: 30
0000105 | T.0x00007f2145ffd700 | 2019-06-21, 02:20:34.336926 [info] - (/home/ghosdebd/sparkle/alps/src/globalheap/extentmap.cc, 88) INSERT: (4, 32762)
0000106 | T.0x00007f2145ffd700 | 2019-06-21, 02:20:34.336939 [info] - (/home/ghosdebd/sparkle/alps/src/globalheap/zone.cc, 48) Allocated zone_id: 46 extent: (3, 1) 0x7efbf41004c8
0000107 | T.0x00007f2145ffd700 | 2019-06-21, 02:20:34.337019 [info] - (/home/ghosdebd/sparkle/alps/src/globalheap/process_slab_heap.cc, 50) acquire_slab: unlock 2
0000108 | T.0x00007f2145ffd700 | 2019-06-21, 02:20:34.337024 [info] - (/home/ghosdebd/sparkle/alps/src/globalheap/slab.cc, 56) Allocate block: nvslab: (0xbeef, 0x5c001004c8) block: 0
0000109 | T.0x00007f2145ffd700 | 2019-06-21, 02:20:34.337028 [info] - (/home/ghosdebd/sparkle/alps/src/globalheap/slab_heap.cc, 40) Allocate block: new_fullness: 0 old_fullness: 0
0000110 | T.0x00007f2145ffd700 | 2019-06-21, 02:20:34.337033 [info] - (/home/ghosdebd/sparkle/alps/src/globalheap/globalheap_internal.cc, 391) Allocated block ptr: (0xbeef, 0x5c00100648) size: 90
0000111 | T.0x00007f2145ffd700 | 2019-06-21, 02:20:34.337037 [info] - (/home/ghosdebd/sparkle/alps/src/globalheap/globalheap_internal.cc, 380) Allocate block size: 30
0000112 | T.0x00007f214cbfa700 | 2019-06-21, 02:20:34.337040 [info] - (/home/ghosdebd/sparkle/alps/src/globalheap/slab.cc, 56) Allocate block: nvslab: (0xbeef, 0x5c000804c8) block: 7
0000113 | T.0x00007f2145ffd700 | 2019-06-21, 02:20:34.337043 [info] - (/home/ghosdebd/sparkle/alps/src/globalheap/globalheap_internal.cc, 400) Allocate block size: 30 ig: 0
0000114 | T.0x00007f214cbfa700 | 2019-06-21, 02:20:34.337055 [info] - (/home/ghosdebd/sparkle/alps/src/globalheap/slab_heap.cc, 40) Allocate block: new_fullness: 0 old_fullness: 0
0000115 | T.0x00007f2145ffd700 | 2019-06-21, 02:20:34.337066 [info] - (/home/ghosdebd/sparkle/alps/src/globalheap/memattrib_heap.cc, 59) Allocate block size: 30
0000116 | T.0x00007f214cbfa700 | 2019-06-21, 02:20:34.337074 [info] - (/home/ghosdebd/sparkle/alps/src/globalheap/globalheap_internal.cc, 391) Allocated block ptr: (0xbeef, 0x5c000809e8) size: 30
0000117 | T.0x00007f2145ffd700 | 2019-06-21, 02:20:34.337085 [info] - (/home/ghosdebd/sparkle/alps/src/globalheap/slab.cc, 56) Allocate block: nvslab: (0xbeef, 0x5c000804c8) block: 8
0000118 | T.0x00007f214cbfa700 | 2019-06-21, 02:20:34.337093 [info] - (/home/ghosdebd/sparkle/alps/src/globalheap/globalheap_internal.cc, 380) Allocate block size: 60
0000119 | T.0x00007f2145ffd700 | 2019-06-21, 02:20:34.337101 [info] - (/home/ghosdebd/sparkle/alps/src/globalheap/slab_heap.cc, 40) Allocate block: new_fullness: 0 old_fullness: 0
0000120 | T.0x00007f214cbfa700 | 2019-06-21, 02:20:34.337110 [info] - (/home/ghosdebd/sparkle/alps/src/globalheap/globalheap_internal.cc, 400) Allocate block size: 60 ig: 0
0000121 | T.0x00007f2145ffd700 | 2019-06-21, 02:20:34.337118 [info] - (/home/ghosdebd/sparkle/alps/src/globalheap/globalheap_internal.cc, 391) Allocated block ptr: (0xbeef, 0x5c00080a08) size: 30
0000122 | T.0x00007f214cbfa700 | 2019-06-21, 02:20:34.337127 [info] - (/home/ghosdebd/sparkle/alps/src/globalheap/memattrib_heap.cc, 59) Allocate block size: 60
0000123 | T.0x00007f2145ffd700 | 2019-06-21, 02:20:34.337136 [info] - (/home/ghosdebd/sparkle/alps/src/globalheap/globalheap_internal.cc, 380) Allocate block size: 30
0000124 | T.0x00007f214cbfa700 | 2019-06-21, 02:20:34.337147 [info] - (/home/ghosdebd/sparkle/alps/src/globalheap/slab.cc, 56) Allocate block: nvslab: (0xbeef, 0x5c000c04c8) block: 2
0000125 | T.0x00007f2145ffd700 | 2019-06-21, 02:20:34.337156 [info] - (/home/ghosdebd/sparkle/alps/src/globalheap/globalheap_internal.cc, 400) Allocate block size: 30 ig: 0
0000126 | T.0x00007f214cbfa700 | 2019-06-21, 02:20:34.337164 [info] - (/home/ghosdebd/sparkle/alps/src/globalheap/slab_heap.cc, 40) Allocate block: new_fullness: 0 old_fullness: 0
0000127 | T.0x00007f2145ffd700 | 2019-06-21, 02:20:34.337172 [info] - (/home/ghosdebd/sparkle/alps/src/globalheap/memattrib_heap.cc, 59) Allocate block size: 30
0000128 | T.0x00007f214cbfa700 | 2019-06-21, 02:20:34.337183 [info] - (/home/ghosdebd/sparkle/alps/src/globalheap/globalheap_internal.cc, 391) Allocated block ptr: (0xbeef, 0x5c000c0788) size: 60
0000129 | T.0x00007f2145ffd700 | 2019-06-21, 02:20:34.337192 [info] - (/home/ghosdebd/sparkle/alps/src/globalheap/slab.cc, 56) Allocate block: nvslab: (0xbeef, 0x5c000804c8) block: 9
0000130 | T.0x00007f214cbfa700 | 2019-06-21, 02:20:34.337205 [info] - (/home/ghosdebd/sparkle/alps/src/globalheap/globalheap_internal.cc, 380) Allocate block size: 30
0000132 | T.0x00007f214cbfa700 | 2019-06-21, 02:20:34.337221 [info] - (/home/ghosdebd/sparkle/alps/src/globalheap/globalheap_internal.cc, 400) Allocate block size: 30 ig: 0
0000131 | T.0x00007f2145ffd700 | 2019-06-21, 02:20:34.337212 [info] - (/home/ghosdebd/sparkle/alps/src/globalheap/slab_heap.cc, 40) Allocate block: new_fullness: 0 old_fullness: 0
0000133 | T.0x00007f214cbfa700 | 2019-06-21, 02:20:34.337226 [info] - (/home/ghosdebd/sparkle/alps/src/globalheap/memattrib_heap.cc, 59) Allocate block size: 30
0000134 | T.0x00007f2145ffd700 | 2019-06-21, 02:20:34.337234 [info] - (/home/ghosdebd/sparkle/alps/src/globalheap/globalheap_internal.cc, 391) Allocated block ptr: (0xbeef, 0x5c00080a28) size: 30
0000135 | T.0x00007f214cbfa700 | 2019-06-21, 02:20:34.337243 [info] - (/home/ghosdebd/sparkle/alps/src/globalheap/slab.cc, 56) Allocate block: nvslab: (0xbeef, 0x5c000804c8) block: 10
0000136 | T.0x00007f214cbfa700 | 2019-06-21, 02:20:34.337258 [info] - (/home/ghosdebd/sparkle/alps/src/globalheap/slab_heap.cc, 40) Allocate block: new_fullness: 0 old_fullness: 0
0000137 | T.0x00007f214cbfa700 | 2019-06-21, 02:20:34.337261 [info] - (/home/ghosdebd/sparkle/alps/src/globalheap/globalheap_internal.cc, 391) Allocated block ptr: (0xbeef, 0x5c00080a48) size: 30
0000138 | T.0x00007f2144bf8700 | 2019-06-21, 02:20:34.613749 [info] - (/home/ghosdebd/sparkle/alps/src/globalheap/globalheap_internal.cc, 380) Allocate block size: 412
0000139 | T.0x00007f2144bf8700 | 2019-06-21, 02:20:34.613785 [info] - (/home/ghosdebd/sparkle/alps/src/globalheap/globalheap_internal.cc, 400) Allocate block size: 412 ig: 0
0000140 | T.0x00007f2144bf8700 | 2019-06-21, 02:20:34.613791 [info] - (/home/ghosdebd/sparkle/alps/src/globalheap/memattrib_heap.cc, 59) Allocate block size: 412
0000141 | T.0x00007f2144bf8700 | 2019-06-21, 02:20:34.613799 [info] - (/home/ghosdebd/sparkle/alps/src/globalheap/slab.cc, 56) Allocate block: nvslab: (0xbeef, 0x5c000404c8) block: 2
0000142 | T.0x00007f2144bf8700 | 2019-06-21, 02:20:34.613806 [info] - (/home/ghosdebd/sparkle/alps/src/globalheap/slab_heap.cc, 40) Allocate block: new_fullness: 0 old_fullness: 0
0000143 | T.0x00007f2144bf8700 | 2019-06-21, 02:20:34.613810 [info] - (/home/ghosdebd/sparkle/alps/src/globalheap/globalheap_internal.cc, 391) Allocated block ptr: (0xbeef, 0x5c00040888) size: 412
0000144 | T.0x00007f2144bf8700 | 2019-06-21, 02:20:34.613820 [info] - (/home/ghosdebd/sparkle/alps/src/globalheap/globalheap_internal.cc, 380) Allocate block size: 30
0000145 | T.0x00007f2144bf8700 | 2019-06-21, 02:20:34.613824 [info] - (/home/ghosdebd/sparkle/alps/src/globalheap/globalheap_internal.cc, 400) Allocate block size: 30 ig: 0
0000146 | T.0x00007f2144bf8700 | 2019-06-21, 02:20:34.613862 [info] - (/home/ghosdebd/sparkle/alps/src/globalheap/memattrib_heap.cc, 59) Allocate block size: 30
0000147 | T.0x00007f2144bf8700 | 2019-06-21, 02:20:34.613867 [info] - (/home/ghosdebd/sparkle/alps/src/globalheap/slab.cc, 56) Allocate block: nvslab: (0xbeef, 0x5c000804c8) block: 11
0000148 | T.0x00007f2144bf8700 | 2019-06-21, 02:20:34.613871 [info] - (/home/ghosdebd/sparkle/alps/src/globalheap/slab_heap.cc, 40) Allocate block: new_fullness: 0 old_fullness: 0
0000149 | T.0x00007f2144bf8700 | 2019-06-21, 02:20:34.613875 [info] - (/home/ghosdebd/sparkle/alps/src/globalheap/globalheap_internal.cc, 391) Allocated block ptr: (0xbeef, 0x5c00080a68) size: 30
0000150 | T.0x00007f2144bf8700 | 2019-06-21, 02:20:34.613878 [info] - (/home/ghosdebd/sparkle/alps/src/globalheap/globalheap_internal.cc, 380) Allocate block size: 30
0000151 | T.0x00007f2144bf8700 | 2019-06-21, 02:20:34.613882 [info] - (/home/ghosdebd/sparkle/alps/src/globalheap/globalheap_internal.cc, 400) Allocate block size: 30 ig: 0
0000152 | T.0x00007f2144bf8700 | 2019-06-21, 02:20:34.613885 [info] - (/home/ghosdebd/sparkle/alps/src/globalheap/memattrib_heap.cc, 59) Allocate block size: 30
0000153 | T.0x00007f2144bf8700 | 2019-06-21, 02:20:34.613889 [info] - (/home/ghosdebd/sparkle/alps/src/globalheap/slab.cc, 56) Allocate block: nvslab: (0xbeef, 0x5c000804c8) block: 12
0000154 | T.0x00007f2144bf8700 | 2019-06-21, 02:20:34.613892 [info] - (/home/ghosdebd/sparkle/alps/src/globalheap/slab_heap.cc, 40) Allocate block: new_fullness: 0 old_fullness: 0
0000155 | T.0x00007f2144bf8700 | 2019-06-21, 02:20:34.613895 [info] - (/home/ghosdebd/sparkle/alps/src/globalheap/globalheap_internal.cc, 391) Allocated block ptr: (0xbeef, 0x5c00080a88) size: 30
0000156 | T.0x00007f2144bf8700 | 2019-06-21, 02:20:34.613898 [info] - (/home/ghosdebd/sparkle/alps/src/globalheap/globalheap_internal.cc, 380) Allocate block size: 30
0000157 | T.0x00007f2144bf8700 | 2019-06-21, 02:20:34.613901 [info] - (/home/ghosdebd/sparkle/alps/src/globalheap/globalheap_internal.cc, 400) Allocate block size: 30 ig: 0
0000158 | T.0x00007f2144bf8700 | 2019-06-21, 02:20:34.613905 [info] - (/home/ghosdebd/sparkle/alps/src/globalheap/memattrib_heap.cc, 59) Allocate block size: 30
0000159 | T.0x00007f2144bf8700 | 2019-06-21, 02:20:34.613908 [info] - (/home/ghosdebd/sparkle/alps/src/globalheap/slab.cc, 56) Allocate block: nvslab: (0xbeef, 0x5c000804c8) block: 13
0000160 | T.0x00007f2144bf8700 | 2019-06-21, 02:20:34.613912 [info] - (/home/ghosdebd/sparkle/alps/src/globalheap/slab_heap.cc, 40) Allocate block: new_fullness: 0 old_fullness: 0
0000161 | T.0x00007f2144bf8700 | 2019-06-21, 02:20:34.613915 [info] - (/home/ghosdebd/sparkle/alps/src/globalheap/globalheap_internal.cc, 391) Allocated block ptr: (0xbeef, 0x5c00080aa8) size: 30
0000162 | T.0x00007f2144bf8700 | 2019-06-21, 02:20:34.613919 [info] - (/home/ghosdebd/sparkle/alps/src/globalheap/globalheap_internal.cc, 380) Allocate block size: 30
0000163 | T.0x00007f2144bf8700 | 2019-06-21, 02:20:34.613922 [info] - (/home/ghosdebd/sparkle/alps/src/globalheap/globalheap_internal.cc, 400) Allocate block size: 30 ig: 0
0000164 | T.0x00007f2144bf8700 | 2019-06-21, 02:20:34.613925 [info] - (/home/ghosdebd/sparkle/alps/src/globalheap/memattrib_heap.cc, 59) Allocate block size: 30
0000165 | T.0x00007f2144bf8700 | 2019-06-21, 02:20:34.613929 [info] - (/home/ghosdebd/sparkle/alps/src/globalheap/slab.cc, 56) Allocate block: nvslab: (0xbeef, 0x5c000804c8) block: 14
0000166 | T.0x00007f2144bf8700 | 2019-06-21, 02:20:34.613933 [info] - (/home/ghosdebd/sparkle/alps/src/globalheap/slab_heap.cc, 40) Allocate block: new_fullness: 0 old_fullness: 0
0000167 | T.0x00007f2144bf8700 | 2019-06-21, 02:20:34.613936 [info] - (/home/ghosdebd/sparkle/alps/src/globalheap/globalheap_internal.cc, 391) Allocated block ptr: (0xbeef, 0x5c00080ac8) size: 30
0000168 | T.0x00007f2144bf8700 | 2019-06-21, 02:20:34.613939 [info] - (/home/ghosdebd/sparkle/alps/src/globalheap/globalheap_internal.cc, 380) Allocate block size: 60
0000169 | T.0x00007f2144bf8700 | 2019-06-21, 02:20:34.613942 [info] - (/home/ghosdebd/sparkle/alps/src/globalheap/globalheap_internal.cc, 400) Allocate block size: 60 ig: 0
0000170 | T.0x00007f2144bf8700 | 2019-06-21, 02:20:34.613945 [info] - (/home/ghosdebd/sparkle/alps/src/globalheap/memattrib_heap.cc, 59) Allocate block size: 60
0000171 | T.0x00007f2144bf8700 | 2019-06-21, 02:20:34.613950 [info] - (/home/ghosdebd/sparkle/alps/src/globalheap/slab.cc, 56) Allocate block: nvslab: (0xbeef, 0x5c000c04c8) block: 3
0000172 | T.0x00007f2144bf8700 | 2019-06-21, 02:20:34.613954 [info] - (/home/ghosdebd/sparkle/alps/src/globalheap/slab_heap.cc, 40) Allocate block: new_fullness: 0 old_fullness: 0
0000173 | T.0x00007f2144bf8700 | 2019-06-21, 02:20:34.613957 [info] - (/home/ghosdebd/sparkle/alps/src/globalheap/globalheap_internal.cc, 391) Allocated block ptr: (0xbeef, 0x5c000c07c8) size: 60
0000174 | T.0x00007f2144bf8700 | 2019-06-21, 02:20:34.613961 [info] - (/home/ghosdebd/sparkle/alps/src/globalheap/globalheap_internal.cc, 380) Allocate block size: 30
0000175 | T.0x00007f2144bf8700 | 2019-06-21, 02:20:34.613964 [info] - (/home/ghosdebd/sparkle/alps/src/globalheap/globalheap_internal.cc, 400) Allocate block size: 30 ig: 0
0000176 | T.0x00007f2144bf8700 | 2019-06-21, 02:20:34.613967 [info] - (/home/ghosdebd/sparkle/alps/src/globalheap/memattrib_heap.cc, 59) Allocate block size: 30
0000177 | T.0x00007f2144bf8700 | 2019-06-21, 02:20:34.613971 [info] - (/home/ghosdebd/sparkle/alps/src/globalheap/slab.cc, 56) Allocate block: nvslab: (0xbeef, 0x5c000804c8) block: 15
0000178 | T.0x00007f2144bf8700 | 2019-06-21, 02:20:34.613974 [info] - (/home/ghosdebd/sparkle/alps/src/globalheap/slab_heap.cc, 40) Allocate block: new_fullness: 0 old_fullness: 0
0000179 | T.0x00007f2144bf8700 | 2019-06-21, 02:20:34.613977 [info] - (/home/ghosdebd/sparkle/alps/src/globalheap/globalheap_internal.cc, 391) Allocated block ptr: (0xbeef, 0x5c00080ae8) size: 30
0000180 | T.0x00007f2144bf8700 | 2019-06-21, 02:20:34.613981 [info] - (/home/ghosdebd/sparkle/alps/src/globalheap/globalheap_internal.cc, 380) Allocate block size: 60
0000181 | T.0x00007f2144bf8700 | 2019-06-21, 02:20:34.613984 [info] - (/home/ghosdebd/sparkle/alps/src/globalheap/globalheap_internal.cc, 400) Allocate block size: 60 ig: 0
0000182 | T.0x00007f2144bf8700 | 2019-06-21, 02:20:34.613987 [info] - (/home/ghosdebd/sparkle/alps/src/globalheap/memattrib_heap.cc, 59) Allocate block size: 60
0000183 | T.0x00007f2144bf8700 | 2019-06-21, 02:20:34.613991 [info] - (/home/ghosdebd/sparkle/alps/src/globalheap/slab.cc, 56) Allocate block: nvslab: (0xbeef, 0x5c000c04c8) block: 4
0000184 | T.0x00007f2144bf8700 | 2019-06-21, 02:20:34.613995 [info] - (/home/ghosdebd/sparkle/alps/src/globalheap/slab_heap.cc, 40) Allocate block: new_fullness: 0 old_fullness: 0
0000185 | T.0x00007f2144bf8700 | 2019-06-21, 02:20:34.613998 [info] - (/home/ghosdebd/sparkle/alps/src/globalheap/globalheap_internal.cc, 391) Allocated block ptr: (0xbeef, 0x5c000c0808) size: 60
0000186 | T.0x00007f2144bf8700 | 2019-06-21, 02:20:34.614002 [info] - (/home/ghosdebd/sparkle/alps/src/globalheap/globalheap_internal.cc, 380) Allocate block size: 30
0000187 | T.0x00007f2144bf8700 | 2019-06-21, 02:20:34.614005 [info] - (/home/ghosdebd/sparkle/alps/src/globalheap/globalheap_internal.cc, 400) Allocate block size: 30 ig: 0
0000188 | T.0x00007f2144bf8700 | 2019-06-21, 02:20:34.614008 [info] - (/home/ghosdebd/sparkle/alps/src/globalheap/memattrib_heap.cc, 59) Allocate block size: 30
0000189 | T.0x00007f2144bf8700 | 2019-06-21, 02:20:34.614011 [info] - (/home/ghosdebd/sparkle/alps/src/globalheap/slab.cc, 56) Allocate block: nvslab: (0xbeef, 0x5c000804c8) block: 16
0000190 | T.0x00007f2144bf8700 | 2019-06-21, 02:20:34.614014 [info] - (/home/ghosdebd/sparkle/alps/src/globalheap/slab_heap.cc, 40) Allocate block: new_fullness: 0 old_fullness: 0
0000191 | T.0x00007f2144bf8700 | 2019-06-21, 02:20:34.614018 [info] - (/home/ghosdebd/sparkle/alps/src/globalheap/globalheap_internal.cc, 391) Allocated block ptr: (0xbeef, 0x5c00080b08) size: 30
