OpenJDK 64-Bit Server VM warning: sched_getaffinity failed (Invalid argument)- using online processor count (1152) which may exceed available processors
OpenJDK 64-Bit Server VM warning: sched_getaffinity failed (Invalid argument)- using online processor count (1152) which may exceed available processors
OpenJDK 64-Bit Server VM warning: sched_getaffinity failed (Invalid argument)- using online processor count (1152) which may exceed available processors
OpenJDK 64-Bit Server VM warning: sched_getaffinity failed (Invalid argument)- using online processor count (1152) which may exceed available processors
Spark Command: /usr/lib64/jvm/java-1.8.0-openjdk-1.8.0/jre/bin/java -cp /var/tmp/spark2.0hpcplatform/multicore/worker74/conf:/var/tmp/spark2.0hpcplatform/multicore/worker74/assembly/target/scala-2.11/jars/* -Xmx1g org.apache.spark.deploy.worker.Worker --webui-port 8229 spark://mdc-ch1-cust4:7077 -h mdc-ch1-cust4
========================================
OpenJDK 64-Bit Server VM warning: sched_getaffinity failed (Invalid argument)- using online processor count (1152) which may exceed available processors
OpenJDK 64-Bit Server VM warning: sched_getaffinity failed (Invalid argument)- using online processor count (1152) which may exceed available processors
OpenJDK 64-Bit Server VM warning: sched_getaffinity failed (Invalid argument)- using online processor count (1152) which may exceed available processors
OpenJDK 64-Bit Server VM warning: sched_getaffinity failed (Invalid argument)- using online processor count (1152) which may exceed available processors
Using Spark's default log4j profile: org/apache/spark/log4j-defaults.properties
19/06/13 08:52:37 INFO Worker: Started daemon with process name: 594337@mdc-ch1-cust4
19/06/13 08:52:37 INFO SignalUtils: Registered signal handler for TERM
19/06/13 08:52:37 INFO SignalUtils: Registered signal handler for HUP
19/06/13 08:52:37 INFO SignalUtils: Registered signal handler for INT
OpenJDK 64-Bit Server VM warning: sched_getaffinity failed (Invalid argument)- using online processor count (1152) which may exceed available processors
OpenJDK 64-Bit Server VM warning: sched_getaffinity failed (Invalid argument)- using online processor count (1152) which may exceed available processors
19/06/13 08:52:37 WARN NativeCodeLoader: Unable to load native-hadoop library for your platform... using builtin-java classes where applicable
19/06/13 08:52:37 INFO SecurityManager: Changing view acls to: root
19/06/13 08:52:37 INFO SecurityManager: Changing modify acls to: root
19/06/13 08:52:37 INFO SecurityManager: Changing view acls groups to: 
19/06/13 08:52:37 INFO SecurityManager: Changing modify acls groups to: 
19/06/13 08:52:37 INFO SecurityManager: SecurityManager: authentication disabled; ui acls disabled; users  with view permissions: Set(root); groups with view permissions: Set(); users  with modify permissions: Set(root); groups with modify permissions: Set()
OpenJDK 64-Bit Server VM warning: sched_getaffinity failed (Invalid argument)- using online processor count (1152) which may exceed available processors
OpenJDK 64-Bit Server VM warning: sched_getaffinity failed (Invalid argument)- using online processor count (1152) which may exceed available processors
OpenJDK 64-Bit Server VM warning: sched_getaffinity failed (Invalid argument)- using online processor count (1152) which may exceed available processors
OpenJDK 64-Bit Server VM warning: sched_getaffinity failed (Invalid argument)- using online processor count (1152) which may exceed available processors
19/06/13 08:52:38 INFO Utils: Successfully started service 'sparkWorker' on port 43565.
OpenJDK 64-Bit Server VM warning: sched_getaffinity failed (Invalid argument)- using online processor count (1152) which may exceed available processors
19/06/13 08:52:38 INFO Worker: Starting Spark worker mdc-ch1-cust4:43565 with 1152 cores, 22.9 TB RAM
19/06/13 08:52:38 INFO Worker: Running Spark version 2.4.0
19/06/13 08:52:38 INFO Worker: Spark home: /var/tmp/spark2.0hpcplatform/multicore/worker74
OpenJDK 64-Bit Server VM warning: sched_getaffinity failed (Invalid argument)- using online processor count (1152) which may exceed available processors
OpenJDK 64-Bit Server VM warning: sched_getaffinity failed (Invalid argument)- using online processor count (1152) which may exceed available processors
19/06/13 08:52:38 INFO Utils: Successfully started service 'WorkerUI' on port 8229.
19/06/13 08:52:38 INFO WorkerWebUI: Bound WorkerWebUI to 0.0.0.0, and started at http://mdc-ch1-cust4.mdc.ext.hpe.com:8229
19/06/13 08:52:38 INFO Worker: Connecting to master mdc-ch1-cust4:7077...
19/06/13 08:52:38 INFO TransportClientFactory: Successfully created connection to mdc-ch1-cust4/10.1.1.4:7077 after 19 ms (0 ms spent in bootstraps)
19/06/13 08:52:38 INFO Worker: Successfully registered with master spark://mdc-ch1-cust4.mdc.ext.hpe.com:7077
19/06/13 09:20:23 INFO Worker: Asked to launch executor app-20190613092023-0000/205 for TeraSort
19/06/13 09:20:23 INFO SecurityManager: Changing view acls to: root
19/06/13 09:20:23 INFO SecurityManager: Changing modify acls to: root
19/06/13 09:20:23 INFO SecurityManager: Changing view acls groups to: 
19/06/13 09:20:23 INFO SecurityManager: Changing modify acls groups to: 
19/06/13 09:20:23 INFO SecurityManager: SecurityManager: authentication disabled; ui acls disabled; users  with view permissions: Set(root); groups with view permissions: Set(); users  with modify permissions: Set(root); groups with modify permissions: Set()
19/06/13 09:20:23 INFO Worker: Asked to launch executor app-20190613092023-0000/206 for TeraSort
19/06/13 09:20:23 INFO Worker: Asked to launch executor app-20190613092023-0000/207 for TeraSort
19/06/13 09:20:23 INFO SecurityManager: Changing view acls to: root
19/06/13 09:20:23 INFO SecurityManager: Changing modify acls to: root
19/06/13 09:20:23 INFO SecurityManager: Changing view acls groups to: 
19/06/13 09:20:23 INFO SecurityManager: Changing modify acls groups to: 
19/06/13 09:20:23 INFO SecurityManager: SecurityManager: authentication disabled; ui acls disabled; users  with view permissions: Set(root); groups with view permissions: Set(); users  with modify permissions: Set(root); groups with modify permissions: Set()
19/06/13 09:20:23 INFO Worker: Asked to launch executor app-20190613092023-0000/208 for TeraSort
19/06/13 09:20:23 INFO SecurityManager: Changing view acls to: root
19/06/13 09:20:23 INFO SecurityManager: Changing modify acls to: root
19/06/13 09:20:23 INFO SecurityManager: Changing view acls groups to: 
19/06/13 09:20:23 INFO SecurityManager: Changing modify acls groups to: 
19/06/13 09:20:23 INFO SecurityManager: SecurityManager: authentication disabled; ui acls disabled; users  with view permissions: Set(root); groups with view permissions: Set(); users  with modify permissions: Set(root); groups with modify permissions: Set()
19/06/13 09:20:23 INFO Worker: Asked to launch executor app-20190613092023-0000/209 for TeraSort
19/06/13 09:20:23 INFO SecurityManager: Changing view acls to: root
19/06/13 09:20:23 INFO SecurityManager: Changing modify acls to: root
19/06/13 09:20:23 INFO SecurityManager: Changing view acls groups to: 
19/06/13 09:20:23 INFO SecurityManager: Changing modify acls groups to: 
19/06/13 09:20:23 INFO SecurityManager: SecurityManager: authentication disabled; ui acls disabled; users  with view permissions: Set(root); groups with view permissions: Set(); users  with modify permissions: Set(root); groups with modify permissions: Set()
19/06/13 09:20:23 INFO SecurityManager: Changing view acls to: root
19/06/13 09:20:23 INFO SecurityManager: Changing modify acls to: root
19/06/13 09:20:23 INFO SecurityManager: Changing view acls groups to: 
19/06/13 09:20:23 INFO SecurityManager: Changing modify acls groups to: 
19/06/13 09:20:23 INFO SecurityManager: SecurityManager: authentication disabled; ui acls disabled; users  with view permissions: Set(root); groups with view permissions: Set(); users  with modify permissions: Set(root); groups with modify permissions: Set()
19/06/13 09:20:24 INFO ExecutorRunner: Launch command: "/usr/lib64/jvm/java-1.8.0-openjdk-1.8.0/jre/bin/java" "-cp" "/var/tmp/spark2.0hpcplatform/lib/firesteel-2.4.0.jar:/var/tmp/spark2.0hpcplatform/multicore/worker74/conf:/var/tmp/spark2.0hpcplatform/multicore/worker74/assembly/target/scala-2.11/jars/*" "-Xmx5120M" "-Dspark.driver.port=38521" "-Dspark.rpc.netty.dispatcher.numThreads=10" "-XX:ParallelGCThreads=10" "org.apache.spark.executor.CoarseGrainedExecutorBackend" "--driver-url" "spark://CoarseGrainedScheduler@mdc-ch1-cust4.mdc.ext.hpe.com:38521" "--executor-id" "205" "--hostname" "mdc-ch1-cust4" "--cores" "2" "--app-id" "app-20190613092023-0000" "--worker-url" "spark://Worker@mdc-ch1-cust4:43565"
19/06/13 09:20:24 INFO ExecutorRunner: Launch command: "/usr/lib64/jvm/java-1.8.0-openjdk-1.8.0/jre/bin/java" "-cp" "/var/tmp/spark2.0hpcplatform/lib/firesteel-2.4.0.jar:/var/tmp/spark2.0hpcplatform/multicore/worker74/conf:/var/tmp/spark2.0hpcplatform/multicore/worker74/assembly/target/scala-2.11/jars/*" "-Xmx5120M" "-Dspark.driver.port=38521" "-Dspark.rpc.netty.dispatcher.numThreads=10" "-XX:ParallelGCThreads=10" "org.apache.spark.executor.CoarseGrainedExecutorBackend" "--driver-url" "spark://CoarseGrainedScheduler@mdc-ch1-cust4.mdc.ext.hpe.com:38521" "--executor-id" "206" "--hostname" "mdc-ch1-cust4" "--cores" "2" "--app-id" "app-20190613092023-0000" "--worker-url" "spark://Worker@mdc-ch1-cust4:43565"
19/06/13 09:20:24 INFO ExecutorRunner: Launch command: "/usr/lib64/jvm/java-1.8.0-openjdk-1.8.0/jre/bin/java" "-cp" "/var/tmp/spark2.0hpcplatform/lib/firesteel-2.4.0.jar:/var/tmp/spark2.0hpcplatform/multicore/worker74/conf:/var/tmp/spark2.0hpcplatform/multicore/worker74/assembly/target/scala-2.11/jars/*" "-Xmx5120M" "-Dspark.driver.port=38521" "-Dspark.rpc.netty.dispatcher.numThreads=10" "-XX:ParallelGCThreads=10" "org.apache.spark.executor.CoarseGrainedExecutorBackend" "--driver-url" "spark://CoarseGrainedScheduler@mdc-ch1-cust4.mdc.ext.hpe.com:38521" "--executor-id" "207" "--hostname" "mdc-ch1-cust4" "--cores" "2" "--app-id" "app-20190613092023-0000" "--worker-url" "spark://Worker@mdc-ch1-cust4:43565"
19/06/13 09:20:24 INFO ExecutorRunner: Launch command: "/usr/lib64/jvm/java-1.8.0-openjdk-1.8.0/jre/bin/java" "-cp" "/var/tmp/spark2.0hpcplatform/lib/firesteel-2.4.0.jar:/var/tmp/spark2.0hpcplatform/multicore/worker74/conf:/var/tmp/spark2.0hpcplatform/multicore/worker74/assembly/target/scala-2.11/jars/*" "-Xmx5120M" "-Dspark.driver.port=38521" "-Dspark.rpc.netty.dispatcher.numThreads=10" "-XX:ParallelGCThreads=10" "org.apache.spark.executor.CoarseGrainedExecutorBackend" "--driver-url" "spark://CoarseGrainedScheduler@mdc-ch1-cust4.mdc.ext.hpe.com:38521" "--executor-id" "209" "--hostname" "mdc-ch1-cust4" "--cores" "2" "--app-id" "app-20190613092023-0000" "--worker-url" "spark://Worker@mdc-ch1-cust4:43565"
19/06/13 09:20:25 INFO ExecutorRunner: Launch command: "/usr/lib64/jvm/java-1.8.0-openjdk-1.8.0/jre/bin/java" "-cp" "/var/tmp/spark2.0hpcplatform/lib/firesteel-2.4.0.jar:/var/tmp/spark2.0hpcplatform/multicore/worker74/conf:/var/tmp/spark2.0hpcplatform/multicore/worker74/assembly/target/scala-2.11/jars/*" "-Xmx5120M" "-Dspark.driver.port=38521" "-Dspark.rpc.netty.dispatcher.numThreads=10" "-XX:ParallelGCThreads=10" "org.apache.spark.executor.CoarseGrainedExecutorBackend" "--driver-url" "spark://CoarseGrainedScheduler@mdc-ch1-cust4.mdc.ext.hpe.com:38521" "--executor-id" "208" "--hostname" "mdc-ch1-cust4" "--cores" "2" "--app-id" "app-20190613092023-0000" "--worker-url" "spark://Worker@mdc-ch1-cust4:43565"
19/06/13 09:20:28 INFO Worker: Asked to kill executor app-20190613092023-0000/209
19/06/13 09:20:28 INFO ExecutorRunner: Runner thread for executor app-20190613092023-0000/209 interrupted
19/06/13 09:20:28 INFO ExecutorRunner: Killing process!
19/06/13 09:20:28 INFO Worker: Asked to kill executor app-20190613092023-0000/205
19/06/13 09:20:28 INFO Worker: Asked to kill executor app-20190613092023-0000/208
19/06/13 09:20:28 INFO Worker: Asked to kill executor app-20190613092023-0000/207
19/06/13 09:20:28 INFO ExecutorRunner: Runner thread for executor app-20190613092023-0000/208 interrupted
19/06/13 09:20:28 INFO Worker: Asked to kill executor app-20190613092023-0000/206
19/06/13 09:20:28 INFO ExecutorRunner: Runner thread for executor app-20190613092023-0000/207 interrupted
19/06/13 09:20:28 INFO ExecutorRunner: Killing process!
19/06/13 09:20:28 INFO ExecutorRunner: Runner thread for executor app-20190613092023-0000/205 interrupted
19/06/13 09:20:28 INFO ExecutorRunner: Runner thread for executor app-20190613092023-0000/206 interrupted
19/06/13 09:20:28 INFO ExecutorRunner: Killing process!
19/06/13 09:20:28 INFO ExecutorRunner: Killing process!
19/06/13 09:20:28 INFO ExecutorRunner: Killing process!
19/06/13 09:20:29 INFO Worker: Executor app-20190613092023-0000/207 finished with state KILLED exitStatus 143
19/06/13 09:20:29 INFO ExternalShuffleBlockResolver: Clean up non-shuffle files associated with the finished executor 207
19/06/13 09:20:29 INFO ExternalShuffleBlockResolver: Executor is not registered (appId=app-20190613092023-0000, execId=207)
19/06/13 09:20:29 INFO Worker: Executor app-20190613092023-0000/206 finished with state KILLED exitStatus 143
19/06/13 09:20:29 INFO ExternalShuffleBlockResolver: Clean up non-shuffle files associated with the finished executor 206
19/06/13 09:20:29 INFO ExternalShuffleBlockResolver: Executor is not registered (appId=app-20190613092023-0000, execId=206)
19/06/13 09:20:29 INFO Worker: Executor app-20190613092023-0000/208 finished with state KILLED exitStatus 143
19/06/13 09:20:29 INFO ExternalShuffleBlockResolver: Clean up non-shuffle files associated with the finished executor 208
19/06/13 09:20:29 INFO ExternalShuffleBlockResolver: Executor is not registered (appId=app-20190613092023-0000, execId=208)
19/06/13 09:20:29 INFO Worker: Executor app-20190613092023-0000/205 finished with state KILLED exitStatus 143
19/06/13 09:20:29 INFO ExternalShuffleBlockResolver: Clean up non-shuffle files associated with the finished executor 205
19/06/13 09:20:29 INFO ExternalShuffleBlockResolver: Executor is not registered (appId=app-20190613092023-0000, execId=205)
19/06/13 09:20:29 INFO Worker: Executor app-20190613092023-0000/209 finished with state KILLED exitStatus 143
19/06/13 09:20:29 INFO ExternalShuffleBlockResolver: Clean up non-shuffle files associated with the finished executor 209
19/06/13 09:20:29 INFO ExternalShuffleBlockResolver: Executor is not registered (appId=app-20190613092023-0000, execId=209)
19/06/13 09:20:29 INFO ExternalShuffleBlockResolver: Application app-20190613092023-0000 removed, cleanupLocalDirs = true
19/06/13 09:20:29 INFO Worker: Cleaning up local directories for application app-20190613092023-0000
19/06/13 09:51:52 INFO Worker: Asked to launch executor app-20190613095152-0001/210 for TeraSort
19/06/13 09:51:52 INFO SecurityManager: Changing view acls to: root
19/06/13 09:51:52 INFO SecurityManager: Changing modify acls to: root
19/06/13 09:51:52 INFO SecurityManager: Changing view acls groups to: 
19/06/13 09:51:52 INFO SecurityManager: Changing modify acls groups to: 
19/06/13 09:51:52 INFO SecurityManager: SecurityManager: authentication disabled; ui acls disabled; users  with view permissions: Set(root); groups with view permissions: Set(); users  with modify permissions: Set(root); groups with modify permissions: Set()
19/06/13 09:51:52 INFO Worker: Asked to launch executor app-20190613095152-0001/211 for TeraSort
19/06/13 09:51:52 INFO Worker: Asked to launch executor app-20190613095152-0001/212 for TeraSort
19/06/13 09:51:52 INFO SecurityManager: Changing view acls to: root
19/06/13 09:51:52 INFO SecurityManager: Changing modify acls to: root
19/06/13 09:51:52 INFO SecurityManager: Changing view acls groups to: 
19/06/13 09:51:52 INFO SecurityManager: Changing modify acls groups to: 
19/06/13 09:51:52 INFO SecurityManager: SecurityManager: authentication disabled; ui acls disabled; users  with view permissions: Set(root); groups with view permissions: Set(); users  with modify permissions: Set(root); groups with modify permissions: Set()
19/06/13 09:51:52 INFO ExecutorRunner: Launch command: "/usr/lib64/jvm/java-1.8.0-openjdk-1.8.0/jre/bin/java" "-cp" "/var/tmp/spark2.0hpcplatform/lib/firesteel-2.4.0.jar:/var/tmp/spark2.0hpcplatform/multicore/worker74/conf:/var/tmp/spark2.0hpcplatform/multicore/worker74/assembly/target/scala-2.11/jars/*" "-Xmx5120M" "-Dspark.driver.port=36403" "-Dspark.rpc.netty.dispatcher.numThreads=10" "-XX:ParallelGCThreads=10" "org.apache.spark.executor.CoarseGrainedExecutorBackend" "--driver-url" "spark://CoarseGrainedScheduler@mdc-ch1-cust4.mdc.ext.hpe.com:36403" "--executor-id" "210" "--hostname" "mdc-ch1-cust4" "--cores" "2" "--app-id" "app-20190613095152-0001" "--worker-url" "spark://Worker@mdc-ch1-cust4:43565"
19/06/13 09:51:52 INFO Worker: Asked to launch executor app-20190613095152-0001/213 for TeraSort
19/06/13 09:51:52 INFO SecurityManager: Changing view acls to: root
19/06/13 09:51:52 INFO SecurityManager: Changing modify acls to: root
19/06/13 09:51:52 INFO SecurityManager: Changing view acls groups to: 
19/06/13 09:51:52 INFO SecurityManager: Changing modify acls groups to: 
19/06/13 09:51:52 INFO SecurityManager: SecurityManager: authentication disabled; ui acls disabled; users  with view permissions: Set(root); groups with view permissions: Set(); users  with modify permissions: Set(root); groups with modify permissions: Set()
19/06/13 09:51:52 INFO Worker: Asked to launch executor app-20190613095152-0001/214 for TeraSort
19/06/13 09:51:52 INFO SecurityManager: Changing view acls to: root
19/06/13 09:51:52 INFO SecurityManager: Changing modify acls to: root
19/06/13 09:51:52 INFO SecurityManager: Changing view acls groups to: 
19/06/13 09:51:52 INFO SecurityManager: Changing modify acls groups to: 
19/06/13 09:51:52 INFO SecurityManager: SecurityManager: authentication disabled; ui acls disabled; users  with view permissions: Set(root); groups with view permissions: Set(); users  with modify permissions: Set(root); groups with modify permissions: Set()
19/06/13 09:51:52 INFO ExecutorRunner: Launch command: "/usr/lib64/jvm/java-1.8.0-openjdk-1.8.0/jre/bin/java" "-cp" "/var/tmp/spark2.0hpcplatform/lib/firesteel-2.4.0.jar:/var/tmp/spark2.0hpcplatform/multicore/worker74/conf:/var/tmp/spark2.0hpcplatform/multicore/worker74/assembly/target/scala-2.11/jars/*" "-Xmx5120M" "-Dspark.driver.port=36403" "-Dspark.rpc.netty.dispatcher.numThreads=10" "-XX:ParallelGCThreads=10" "org.apache.spark.executor.CoarseGrainedExecutorBackend" "--driver-url" "spark://CoarseGrainedScheduler@mdc-ch1-cust4.mdc.ext.hpe.com:36403" "--executor-id" "212" "--hostname" "mdc-ch1-cust4" "--cores" "2" "--app-id" "app-20190613095152-0001" "--worker-url" "spark://Worker@mdc-ch1-cust4:43565"
19/06/13 09:51:52 INFO SecurityManager: Changing view acls to: root
19/06/13 09:51:52 INFO SecurityManager: Changing modify acls to: root
19/06/13 09:51:52 INFO SecurityManager: Changing view acls groups to: 
19/06/13 09:51:52 INFO SecurityManager: Changing modify acls groups to: 
19/06/13 09:51:52 INFO SecurityManager: SecurityManager: authentication disabled; ui acls disabled; users  with view permissions: Set(root); groups with view permissions: Set(); users  with modify permissions: Set(root); groups with modify permissions: Set()
19/06/13 09:51:53 INFO ExecutorRunner: Launch command: "/usr/lib64/jvm/java-1.8.0-openjdk-1.8.0/jre/bin/java" "-cp" "/var/tmp/spark2.0hpcplatform/lib/firesteel-2.4.0.jar:/var/tmp/spark2.0hpcplatform/multicore/worker74/conf:/var/tmp/spark2.0hpcplatform/multicore/worker74/assembly/target/scala-2.11/jars/*" "-Xmx5120M" "-Dspark.driver.port=36403" "-Dspark.rpc.netty.dispatcher.numThreads=10" "-XX:ParallelGCThreads=10" "org.apache.spark.executor.CoarseGrainedExecutorBackend" "--driver-url" "spark://CoarseGrainedScheduler@mdc-ch1-cust4.mdc.ext.hpe.com:36403" "--executor-id" "211" "--hostname" "mdc-ch1-cust4" "--cores" "2" "--app-id" "app-20190613095152-0001" "--worker-url" "spark://Worker@mdc-ch1-cust4:43565"
19/06/13 09:51:53 INFO ExecutorRunner: Launch command: "/usr/lib64/jvm/java-1.8.0-openjdk-1.8.0/jre/bin/java" "-cp" "/var/tmp/spark2.0hpcplatform/lib/firesteel-2.4.0.jar:/var/tmp/spark2.0hpcplatform/multicore/worker74/conf:/var/tmp/spark2.0hpcplatform/multicore/worker74/assembly/target/scala-2.11/jars/*" "-Xmx5120M" "-Dspark.driver.port=36403" "-Dspark.rpc.netty.dispatcher.numThreads=10" "-XX:ParallelGCThreads=10" "org.apache.spark.executor.CoarseGrainedExecutorBackend" "--driver-url" "spark://CoarseGrainedScheduler@mdc-ch1-cust4.mdc.ext.hpe.com:36403" "--executor-id" "213" "--hostname" "mdc-ch1-cust4" "--cores" "2" "--app-id" "app-20190613095152-0001" "--worker-url" "spark://Worker@mdc-ch1-cust4:43565"
19/06/13 09:51:53 INFO ExecutorRunner: Launch command: "/usr/lib64/jvm/java-1.8.0-openjdk-1.8.0/jre/bin/java" "-cp" "/var/tmp/spark2.0hpcplatform/lib/firesteel-2.4.0.jar:/var/tmp/spark2.0hpcplatform/multicore/worker74/conf:/var/tmp/spark2.0hpcplatform/multicore/worker74/assembly/target/scala-2.11/jars/*" "-Xmx5120M" "-Dspark.driver.port=36403" "-Dspark.rpc.netty.dispatcher.numThreads=10" "-XX:ParallelGCThreads=10" "org.apache.spark.executor.CoarseGrainedExecutorBackend" "--driver-url" "spark://CoarseGrainedScheduler@mdc-ch1-cust4.mdc.ext.hpe.com:36403" "--executor-id" "214" "--hostname" "mdc-ch1-cust4" "--cores" "2" "--app-id" "app-20190613095152-0001" "--worker-url" "spark://Worker@mdc-ch1-cust4:43565"
19/06/13 09:51:57 INFO Worker: Asked to kill executor app-20190613095152-0001/211
19/06/13 09:51:57 INFO Worker: Asked to kill executor app-20190613095152-0001/214
19/06/13 09:51:57 INFO Worker: Asked to kill executor app-20190613095152-0001/210
19/06/13 09:51:57 INFO Worker: Asked to kill executor app-20190613095152-0001/213
19/06/13 09:51:57 INFO Worker: Asked to kill executor app-20190613095152-0001/212
19/06/13 09:51:57 INFO ExecutorRunner: Runner thread for executor app-20190613095152-0001/212 interrupted
19/06/13 09:51:57 INFO ExecutorRunner: Runner thread for executor app-20190613095152-0001/214 interrupted
19/06/13 09:51:57 INFO ExecutorRunner: Runner thread for executor app-20190613095152-0001/213 interrupted
19/06/13 09:51:57 INFO ExecutorRunner: Killing process!
19/06/13 09:51:57 INFO ExecutorRunner: Killing process!
19/06/13 09:51:57 INFO ExecutorRunner: Killing process!
19/06/13 09:51:57 INFO ExecutorRunner: Runner thread for executor app-20190613095152-0001/211 interrupted
19/06/13 09:51:57 INFO ExecutorRunner: Killing process!
19/06/13 09:51:57 INFO ExecutorRunner: Runner thread for executor app-20190613095152-0001/210 interrupted
19/06/13 09:51:57 INFO ExecutorRunner: Killing process!
19/06/13 09:51:57 INFO Worker: Executor app-20190613095152-0001/213 finished with state KILLED exitStatus 143
19/06/13 09:51:57 INFO ExternalShuffleBlockResolver: Clean up non-shuffle files associated with the finished executor 213
19/06/13 09:51:57 INFO ExternalShuffleBlockResolver: Executor is not registered (appId=app-20190613095152-0001, execId=213)
19/06/13 09:51:57 INFO Worker: Executor app-20190613095152-0001/214 finished with state KILLED exitStatus 143
19/06/13 09:51:57 INFO ExternalShuffleBlockResolver: Clean up non-shuffle files associated with the finished executor 214
19/06/13 09:51:57 INFO ExternalShuffleBlockResolver: Executor is not registered (appId=app-20190613095152-0001, execId=214)
19/06/13 09:51:57 INFO Worker: Executor app-20190613095152-0001/211 finished with state KILLED exitStatus 143
19/06/13 09:51:57 INFO ExternalShuffleBlockResolver: Clean up non-shuffle files associated with the finished executor 211
19/06/13 09:51:57 INFO ExternalShuffleBlockResolver: Executor is not registered (appId=app-20190613095152-0001, execId=211)
19/06/13 09:51:58 INFO Worker: Executor app-20190613095152-0001/210 finished with state KILLED exitStatus 143
19/06/13 09:51:58 INFO ExternalShuffleBlockResolver: Clean up non-shuffle files associated with the finished executor 210
19/06/13 09:51:58 INFO ExternalShuffleBlockResolver: Executor is not registered (appId=app-20190613095152-0001, execId=210)
19/06/13 09:51:58 INFO Worker: Executor app-20190613095152-0001/212 finished with state KILLED exitStatus 143
19/06/13 09:51:58 INFO ExternalShuffleBlockResolver: Clean up non-shuffle files associated with the finished executor 212
19/06/13 09:51:58 INFO ExternalShuffleBlockResolver: Executor is not registered (appId=app-20190613095152-0001, execId=212)
19/06/13 09:51:58 INFO ExternalShuffleBlockResolver: Application app-20190613095152-0001 removed, cleanupLocalDirs = true
19/06/13 09:51:58 INFO Worker: Cleaning up local directories for application app-20190613095152-0001
19/06/13 09:56:29 INFO Worker: Asked to launch executor app-20190613095629-0002/215 for TeraSort
19/06/13 09:56:29 INFO Worker: Asked to launch executor app-20190613095629-0002/216 for TeraSort
19/06/13 09:56:29 INFO SecurityManager: Changing view acls to: root
19/06/13 09:56:29 INFO SecurityManager: Changing modify acls to: root
19/06/13 09:56:29 INFO SecurityManager: Changing view acls groups to: 
19/06/13 09:56:29 INFO SecurityManager: Changing modify acls groups to: 
19/06/13 09:56:29 INFO SecurityManager: SecurityManager: authentication disabled; ui acls disabled; users  with view permissions: Set(root); groups with view permissions: Set(); users  with modify permissions: Set(root); groups with modify permissions: Set()
19/06/13 09:56:29 INFO SecurityManager: Changing view acls to: root
19/06/13 09:56:29 INFO SecurityManager: Changing modify acls to: root
19/06/13 09:56:29 INFO SecurityManager: Changing view acls groups to: 
19/06/13 09:56:29 INFO SecurityManager: Changing modify acls groups to: 
19/06/13 09:56:29 INFO SecurityManager: SecurityManager: authentication disabled; ui acls disabled; users  with view permissions: Set(root); groups with view permissions: Set(); users  with modify permissions: Set(root); groups with modify permissions: Set()
19/06/13 09:56:29 INFO Worker: Asked to launch executor app-20190613095629-0002/217 for TeraSort
19/06/13 09:56:29 INFO Worker: Asked to launch executor app-20190613095629-0002/218 for TeraSort
19/06/13 09:56:29 INFO SecurityManager: Changing view acls to: root
19/06/13 09:56:29 INFO SecurityManager: Changing modify acls to: root
19/06/13 09:56:29 INFO SecurityManager: Changing view acls groups to: 
19/06/13 09:56:29 INFO SecurityManager: Changing modify acls groups to: 
19/06/13 09:56:29 INFO SecurityManager: SecurityManager: authentication disabled; ui acls disabled; users  with view permissions: Set(root); groups with view permissions: Set(); users  with modify permissions: Set(root); groups with modify permissions: Set()
19/06/13 09:56:29 INFO Worker: Asked to launch executor app-20190613095629-0002/219 for TeraSort
19/06/13 09:56:29 INFO SecurityManager: Changing view acls to: root
19/06/13 09:56:29 INFO SecurityManager: Changing modify acls to: root
19/06/13 09:56:29 INFO SecurityManager: Changing view acls groups to: 
19/06/13 09:56:29 INFO SecurityManager: Changing modify acls groups to: 
19/06/13 09:56:29 INFO SecurityManager: SecurityManager: authentication disabled; ui acls disabled; users  with view permissions: Set(root); groups with view permissions: Set(); users  with modify permissions: Set(root); groups with modify permissions: Set()
19/06/13 09:56:29 INFO SecurityManager: Changing view acls to: root
19/06/13 09:56:29 INFO SecurityManager: Changing modify acls to: root
19/06/13 09:56:29 INFO SecurityManager: Changing view acls groups to: 
19/06/13 09:56:29 INFO SecurityManager: Changing modify acls groups to: 
19/06/13 09:56:29 INFO SecurityManager: SecurityManager: authentication disabled; ui acls disabled; users  with view permissions: Set(root); groups with view permissions: Set(); users  with modify permissions: Set(root); groups with modify permissions: Set()
19/06/13 09:56:29 INFO ExecutorRunner: Launch command: "/usr/lib64/jvm/java-1.8.0-openjdk-1.8.0/jre/bin/java" "-cp" "/var/tmp/spark2.0hpcplatform/lib/firesteel-2.4.0.jar:/var/tmp/spark2.0hpcplatform/multicore/worker74/conf:/var/tmp/spark2.0hpcplatform/multicore/worker74/assembly/target/scala-2.11/jars/*" "-Xmx5120M" "-Dspark.driver.port=34453" "-Dspark.rpc.netty.dispatcher.numThreads=10" "-XX:ParallelGCThreads=10" "org.apache.spark.executor.CoarseGrainedExecutorBackend" "--driver-url" "spark://CoarseGrainedScheduler@mdc-ch1-cust4.mdc.ext.hpe.com:34453" "--executor-id" "215" "--hostname" "mdc-ch1-cust4" "--cores" "2" "--app-id" "app-20190613095629-0002" "--worker-url" "spark://Worker@mdc-ch1-cust4:43565"
19/06/13 09:56:29 INFO ExecutorRunner: Launch command: "/usr/lib64/jvm/java-1.8.0-openjdk-1.8.0/jre/bin/java" "-cp" "/var/tmp/spark2.0hpcplatform/lib/firesteel-2.4.0.jar:/var/tmp/spark2.0hpcplatform/multicore/worker74/conf:/var/tmp/spark2.0hpcplatform/multicore/worker74/assembly/target/scala-2.11/jars/*" "-Xmx5120M" "-Dspark.driver.port=34453" "-Dspark.rpc.netty.dispatcher.numThreads=10" "-XX:ParallelGCThreads=10" "org.apache.spark.executor.CoarseGrainedExecutorBackend" "--driver-url" "spark://CoarseGrainedScheduler@mdc-ch1-cust4.mdc.ext.hpe.com:34453" "--executor-id" "217" "--hostname" "mdc-ch1-cust4" "--cores" "2" "--app-id" "app-20190613095629-0002" "--worker-url" "spark://Worker@mdc-ch1-cust4:43565"
19/06/13 09:56:29 INFO ExecutorRunner: Launch command: "/usr/lib64/jvm/java-1.8.0-openjdk-1.8.0/jre/bin/java" "-cp" "/var/tmp/spark2.0hpcplatform/lib/firesteel-2.4.0.jar:/var/tmp/spark2.0hpcplatform/multicore/worker74/conf:/var/tmp/spark2.0hpcplatform/multicore/worker74/assembly/target/scala-2.11/jars/*" "-Xmx5120M" "-Dspark.driver.port=34453" "-Dspark.rpc.netty.dispatcher.numThreads=10" "-XX:ParallelGCThreads=10" "org.apache.spark.executor.CoarseGrainedExecutorBackend" "--driver-url" "spark://CoarseGrainedScheduler@mdc-ch1-cust4.mdc.ext.hpe.com:34453" "--executor-id" "216" "--hostname" "mdc-ch1-cust4" "--cores" "2" "--app-id" "app-20190613095629-0002" "--worker-url" "spark://Worker@mdc-ch1-cust4:43565"
19/06/13 09:56:29 INFO ExecutorRunner: Launch command: "/usr/lib64/jvm/java-1.8.0-openjdk-1.8.0/jre/bin/java" "-cp" "/var/tmp/spark2.0hpcplatform/lib/firesteel-2.4.0.jar:/var/tmp/spark2.0hpcplatform/multicore/worker74/conf:/var/tmp/spark2.0hpcplatform/multicore/worker74/assembly/target/scala-2.11/jars/*" "-Xmx5120M" "-Dspark.driver.port=34453" "-Dspark.rpc.netty.dispatcher.numThreads=10" "-XX:ParallelGCThreads=10" "org.apache.spark.executor.CoarseGrainedExecutorBackend" "--driver-url" "spark://CoarseGrainedScheduler@mdc-ch1-cust4.mdc.ext.hpe.com:34453" "--executor-id" "218" "--hostname" "mdc-ch1-cust4" "--cores" "2" "--app-id" "app-20190613095629-0002" "--worker-url" "spark://Worker@mdc-ch1-cust4:43565"
19/06/13 09:56:29 INFO ExecutorRunner: Launch command: "/usr/lib64/jvm/java-1.8.0-openjdk-1.8.0/jre/bin/java" "-cp" "/var/tmp/spark2.0hpcplatform/lib/firesteel-2.4.0.jar:/var/tmp/spark2.0hpcplatform/multicore/worker74/conf:/var/tmp/spark2.0hpcplatform/multicore/worker74/assembly/target/scala-2.11/jars/*" "-Xmx5120M" "-Dspark.driver.port=34453" "-Dspark.rpc.netty.dispatcher.numThreads=10" "-XX:ParallelGCThreads=10" "org.apache.spark.executor.CoarseGrainedExecutorBackend" "--driver-url" "spark://CoarseGrainedScheduler@mdc-ch1-cust4.mdc.ext.hpe.com:34453" "--executor-id" "219" "--hostname" "mdc-ch1-cust4" "--cores" "2" "--app-id" "app-20190613095629-0002" "--worker-url" "spark://Worker@mdc-ch1-cust4:43565"
19/06/13 09:56:33 INFO Worker: Asked to kill executor app-20190613095629-0002/218
19/06/13 09:56:33 INFO ExecutorRunner: Runner thread for executor app-20190613095629-0002/218 interrupted
19/06/13 09:56:33 INFO Worker: Asked to kill executor app-20190613095629-0002/217
19/06/13 09:56:33 INFO ExecutorRunner: Killing process!
19/06/13 09:56:33 INFO ExecutorRunner: Runner thread for executor app-20190613095629-0002/217 interrupted
19/06/13 09:56:33 INFO ExecutorRunner: Killing process!
19/06/13 09:56:33 INFO Worker: Asked to kill executor app-20190613095629-0002/216
19/06/13 09:56:33 INFO ExecutorRunner: Runner thread for executor app-20190613095629-0002/216 interrupted
19/06/13 09:56:33 INFO ExecutorRunner: Killing process!
19/06/13 09:56:33 INFO Worker: Asked to kill executor app-20190613095629-0002/219
19/06/13 09:56:33 INFO Worker: Asked to kill executor app-20190613095629-0002/215
19/06/13 09:56:33 INFO ExecutorRunner: Runner thread for executor app-20190613095629-0002/219 interrupted
19/06/13 09:56:33 INFO ExecutorRunner: Runner thread for executor app-20190613095629-0002/215 interrupted
19/06/13 09:56:33 INFO ExecutorRunner: Killing process!
19/06/13 09:56:35 INFO ExecutorRunner: Killing process!
19/06/13 09:56:35 INFO Worker: Executor app-20190613095629-0002/216 finished with state KILLED exitStatus 143
19/06/13 09:56:35 INFO ExternalShuffleBlockResolver: Clean up non-shuffle files associated with the finished executor 216
19/06/13 09:56:35 INFO ExternalShuffleBlockResolver: Executor is not registered (appId=app-20190613095629-0002, execId=216)
19/06/13 09:56:35 INFO Worker: Executor app-20190613095629-0002/217 finished with state KILLED exitStatus 143
19/06/13 09:56:35 INFO ExternalShuffleBlockResolver: Clean up non-shuffle files associated with the finished executor 217
19/06/13 09:56:35 INFO ExternalShuffleBlockResolver: Executor is not registered (appId=app-20190613095629-0002, execId=217)
19/06/13 09:56:35 INFO Worker: Executor app-20190613095629-0002/218 finished with state KILLED exitStatus 143
19/06/13 09:56:35 INFO ExternalShuffleBlockResolver: Clean up non-shuffle files associated with the finished executor 218
19/06/13 09:56:35 INFO ExternalShuffleBlockResolver: Executor is not registered (appId=app-20190613095629-0002, execId=218)
19/06/13 09:56:35 INFO Worker: Executor app-20190613095629-0002/215 finished with state KILLED exitStatus 1
19/06/13 09:56:35 INFO ExternalShuffleBlockResolver: Clean up non-shuffle files associated with the finished executor 215
19/06/13 09:56:35 INFO ExternalShuffleBlockResolver: Executor is not registered (appId=app-20190613095629-0002, execId=215)
19/06/13 09:56:36 INFO Worker: Executor app-20190613095629-0002/219 finished with state KILLED exitStatus 1
19/06/13 09:56:36 INFO ExternalShuffleBlockResolver: Clean up non-shuffle files associated with the finished executor 219
19/06/13 09:56:36 INFO ExternalShuffleBlockResolver: Executor is not registered (appId=app-20190613095629-0002, execId=219)
19/06/13 09:56:36 INFO ExternalShuffleBlockResolver: Application app-20190613095629-0002 removed, cleanupLocalDirs = true
19/06/13 09:56:36 INFO Worker: Cleaning up local directories for application app-20190613095629-0002
19/06/13 09:59:43 INFO Worker: Asked to launch executor app-20190613095943-0003/215 for TeraGen (1000MB)
19/06/13 09:59:43 INFO Worker: Asked to launch executor app-20190613095943-0003/216 for TeraGen (1000MB)
19/06/13 09:59:43 INFO SecurityManager: Changing view acls to: root
19/06/13 09:59:43 INFO SecurityManager: Changing modify acls to: root
19/06/13 09:59:43 INFO SecurityManager: Changing view acls groups to: 
19/06/13 09:59:43 INFO SecurityManager: Changing modify acls groups to: 
19/06/13 09:59:43 INFO SecurityManager: SecurityManager: authentication disabled; ui acls disabled; users  with view permissions: Set(root); groups with view permissions: Set(); users  with modify permissions: Set(root); groups with modify permissions: Set()
19/06/13 09:59:43 INFO SecurityManager: Changing view acls to: root
19/06/13 09:59:43 INFO SecurityManager: Changing modify acls to: root
19/06/13 09:59:43 INFO SecurityManager: Changing view acls groups to: 
19/06/13 09:59:43 INFO SecurityManager: Changing modify acls groups to: 
19/06/13 09:59:43 INFO SecurityManager: SecurityManager: authentication disabled; ui acls disabled; users  with view permissions: Set(root); groups with view permissions: Set(); users  with modify permissions: Set(root); groups with modify permissions: Set()
19/06/13 09:59:43 INFO Worker: Asked to launch executor app-20190613095943-0003/217 for TeraGen (1000MB)
19/06/13 09:59:43 INFO Worker: Asked to launch executor app-20190613095943-0003/218 for TeraGen (1000MB)
19/06/13 09:59:43 INFO SecurityManager: Changing view acls to: root
19/06/13 09:59:43 INFO SecurityManager: Changing modify acls to: root
19/06/13 09:59:43 INFO SecurityManager: Changing view acls groups to: 
19/06/13 09:59:43 INFO SecurityManager: Changing modify acls groups to: 
19/06/13 09:59:43 INFO SecurityManager: SecurityManager: authentication disabled; ui acls disabled; users  with view permissions: Set(root); groups with view permissions: Set(); users  with modify permissions: Set(root); groups with modify permissions: Set()
19/06/13 09:59:43 INFO Worker: Asked to launch executor app-20190613095943-0003/219 for TeraGen (1000MB)
19/06/13 09:59:43 INFO SecurityManager: Changing view acls to: root
19/06/13 09:59:43 INFO SecurityManager: Changing modify acls to: root
19/06/13 09:59:43 INFO SecurityManager: Changing view acls groups to: 
19/06/13 09:59:43 INFO SecurityManager: Changing modify acls groups to: 
19/06/13 09:59:43 INFO SecurityManager: SecurityManager: authentication disabled; ui acls disabled; users  with view permissions: Set(root); groups with view permissions: Set(); users  with modify permissions: Set(root); groups with modify permissions: Set()
19/06/13 09:59:43 INFO SecurityManager: Changing view acls to: root
19/06/13 09:59:43 INFO SecurityManager: Changing modify acls to: root
19/06/13 09:59:43 INFO SecurityManager: Changing view acls groups to: 
19/06/13 09:59:43 INFO SecurityManager: Changing modify acls groups to: 
19/06/13 09:59:43 INFO SecurityManager: SecurityManager: authentication disabled; ui acls disabled; users  with view permissions: Set(root); groups with view permissions: Set(); users  with modify permissions: Set(root); groups with modify permissions: Set()
19/06/13 09:59:44 INFO ExecutorRunner: Launch command: "/usr/lib64/jvm/java-1.8.0-openjdk-1.8.0/jre/bin/java" "-cp" "/var/tmp/spark2.0hpcplatform/lib/firesteel-2.4.0.jar:/var/tmp/spark2.0hpcplatform/multicore/worker74/conf:/var/tmp/spark2.0hpcplatform/multicore/worker74/assembly/target/scala-2.11/jars/*" "-Xmx5120M" "-Dspark.driver.port=33105" "-Dspark.rpc.netty.dispatcher.numThreads=10" "-XX:ParallelGCThreads=10" "org.apache.spark.executor.CoarseGrainedExecutorBackend" "--driver-url" "spark://CoarseGrainedScheduler@mdc-ch1-cust4.mdc.ext.hpe.com:33105" "--executor-id" "216" "--hostname" "mdc-ch1-cust4" "--cores" "2" "--app-id" "app-20190613095943-0003" "--worker-url" "spark://Worker@mdc-ch1-cust4:43565"
19/06/13 09:59:44 INFO ExecutorRunner: Launch command: "/usr/lib64/jvm/java-1.8.0-openjdk-1.8.0/jre/bin/java" "-cp" "/var/tmp/spark2.0hpcplatform/lib/firesteel-2.4.0.jar:/var/tmp/spark2.0hpcplatform/multicore/worker74/conf:/var/tmp/spark2.0hpcplatform/multicore/worker74/assembly/target/scala-2.11/jars/*" "-Xmx5120M" "-Dspark.driver.port=33105" "-Dspark.rpc.netty.dispatcher.numThreads=10" "-XX:ParallelGCThreads=10" "org.apache.spark.executor.CoarseGrainedExecutorBackend" "--driver-url" "spark://CoarseGrainedScheduler@mdc-ch1-cust4.mdc.ext.hpe.com:33105" "--executor-id" "217" "--hostname" "mdc-ch1-cust4" "--cores" "2" "--app-id" "app-20190613095943-0003" "--worker-url" "spark://Worker@mdc-ch1-cust4:43565"
19/06/13 09:59:44 INFO ExecutorRunner: Launch command: "/usr/lib64/jvm/java-1.8.0-openjdk-1.8.0/jre/bin/java" "-cp" "/var/tmp/spark2.0hpcplatform/lib/firesteel-2.4.0.jar:/var/tmp/spark2.0hpcplatform/multicore/worker74/conf:/var/tmp/spark2.0hpcplatform/multicore/worker74/assembly/target/scala-2.11/jars/*" "-Xmx5120M" "-Dspark.driver.port=33105" "-Dspark.rpc.netty.dispatcher.numThreads=10" "-XX:ParallelGCThreads=10" "org.apache.spark.executor.CoarseGrainedExecutorBackend" "--driver-url" "spark://CoarseGrainedScheduler@mdc-ch1-cust4.mdc.ext.hpe.com:33105" "--executor-id" "219" "--hostname" "mdc-ch1-cust4" "--cores" "2" "--app-id" "app-20190613095943-0003" "--worker-url" "spark://Worker@mdc-ch1-cust4:43565"
19/06/13 09:59:44 INFO ExecutorRunner: Launch command: "/usr/lib64/jvm/java-1.8.0-openjdk-1.8.0/jre/bin/java" "-cp" "/var/tmp/spark2.0hpcplatform/lib/firesteel-2.4.0.jar:/var/tmp/spark2.0hpcplatform/multicore/worker74/conf:/var/tmp/spark2.0hpcplatform/multicore/worker74/assembly/target/scala-2.11/jars/*" "-Xmx5120M" "-Dspark.driver.port=33105" "-Dspark.rpc.netty.dispatcher.numThreads=10" "-XX:ParallelGCThreads=10" "org.apache.spark.executor.CoarseGrainedExecutorBackend" "--driver-url" "spark://CoarseGrainedScheduler@mdc-ch1-cust4.mdc.ext.hpe.com:33105" "--executor-id" "215" "--hostname" "mdc-ch1-cust4" "--cores" "2" "--app-id" "app-20190613095943-0003" "--worker-url" "spark://Worker@mdc-ch1-cust4:43565"
19/06/13 09:59:44 INFO ExecutorRunner: Launch command: "/usr/lib64/jvm/java-1.8.0-openjdk-1.8.0/jre/bin/java" "-cp" "/var/tmp/spark2.0hpcplatform/lib/firesteel-2.4.0.jar:/var/tmp/spark2.0hpcplatform/multicore/worker74/conf:/var/tmp/spark2.0hpcplatform/multicore/worker74/assembly/target/scala-2.11/jars/*" "-Xmx5120M" "-Dspark.driver.port=33105" "-Dspark.rpc.netty.dispatcher.numThreads=10" "-XX:ParallelGCThreads=10" "org.apache.spark.executor.CoarseGrainedExecutorBackend" "--driver-url" "spark://CoarseGrainedScheduler@mdc-ch1-cust4.mdc.ext.hpe.com:33105" "--executor-id" "218" "--hostname" "mdc-ch1-cust4" "--cores" "2" "--app-id" "app-20190613095943-0003" "--worker-url" "spark://Worker@mdc-ch1-cust4:43565"
19/06/13 10:00:04 INFO Worker: Asked to kill executor app-20190613095943-0003/218
19/06/13 10:00:04 INFO ExecutorRunner: Runner thread for executor app-20190613095943-0003/218 interrupted
19/06/13 10:00:04 INFO ExecutorRunner: Killing process!
19/06/13 10:00:04 INFO Worker: Asked to kill executor app-20190613095943-0003/217
19/06/13 10:00:04 INFO Worker: Asked to kill executor app-20190613095943-0003/216
19/06/13 10:00:04 INFO Worker: Asked to kill executor app-20190613095943-0003/219
19/06/13 10:00:04 INFO ExecutorRunner: Runner thread for executor app-20190613095943-0003/216 interrupted
19/06/13 10:00:04 INFO ExecutorRunner: Killing process!
19/06/13 10:00:04 INFO ExecutorRunner: Runner thread for executor app-20190613095943-0003/219 interrupted
19/06/13 10:00:04 INFO ExecutorRunner: Runner thread for executor app-20190613095943-0003/217 interrupted
19/06/13 10:00:04 INFO ExecutorRunner: Killing process!
19/06/13 10:00:04 INFO ExecutorRunner: Killing process!
19/06/13 10:00:04 INFO Worker: Asked to kill executor app-20190613095943-0003/215
19/06/13 10:00:04 INFO ExecutorRunner: Runner thread for executor app-20190613095943-0003/215 interrupted
19/06/13 10:00:04 INFO ExecutorRunner: Killing process!
19/06/13 10:00:05 INFO Worker: Executor app-20190613095943-0003/218 finished with state KILLED exitStatus 143
19/06/13 10:00:05 INFO ExternalShuffleBlockResolver: Clean up non-shuffle files associated with the finished executor 218
19/06/13 10:00:05 INFO ExternalShuffleBlockResolver: Executor is not registered (appId=app-20190613095943-0003, execId=218)
19/06/13 10:00:06 INFO Worker: Executor app-20190613095943-0003/219 finished with state KILLED exitStatus 143
19/06/13 10:00:06 INFO ExternalShuffleBlockResolver: Clean up non-shuffle files associated with the finished executor 219
19/06/13 10:00:06 INFO ExternalShuffleBlockResolver: Executor is not registered (appId=app-20190613095943-0003, execId=219)
19/06/13 10:00:07 INFO Worker: Executor app-20190613095943-0003/217 finished with state KILLED exitStatus 143
19/06/13 10:00:07 INFO ExternalShuffleBlockResolver: Clean up non-shuffle files associated with the finished executor 217
19/06/13 10:00:07 INFO ExternalShuffleBlockResolver: Executor is not registered (appId=app-20190613095943-0003, execId=217)
19/06/13 10:00:07 INFO Worker: Executor app-20190613095943-0003/216 finished with state KILLED exitStatus 143
19/06/13 10:00:07 INFO ExternalShuffleBlockResolver: Clean up non-shuffle files associated with the finished executor 216
19/06/13 10:00:07 INFO ExternalShuffleBlockResolver: Executor is not registered (appId=app-20190613095943-0003, execId=216)
19/06/13 10:00:07 INFO Worker: Executor app-20190613095943-0003/215 finished with state KILLED exitStatus 143
19/06/13 10:00:07 INFO ExternalShuffleBlockResolver: Clean up non-shuffle files associated with the finished executor 215
19/06/13 10:00:07 INFO ExternalShuffleBlockResolver: Executor is not registered (appId=app-20190613095943-0003, execId=215)
19/06/13 10:00:07 INFO ExternalShuffleBlockResolver: Application app-20190613095943-0003 removed, cleanupLocalDirs = true
19/06/13 10:00:07 INFO Worker: Cleaning up local directories for application app-20190613095943-0003
19/06/13 10:16:01 INFO Worker: Asked to launch executor app-20190613101601-0004/215 for TeraGen (1000GB)
19/06/13 10:16:01 INFO Worker: Asked to launch executor app-20190613101601-0004/216 for TeraGen (1000GB)
19/06/13 10:16:01 INFO SecurityManager: Changing view acls to: root
19/06/13 10:16:01 INFO SecurityManager: Changing modify acls to: root
19/06/13 10:16:01 INFO SecurityManager: Changing view acls groups to: 
19/06/13 10:16:01 INFO SecurityManager: Changing modify acls groups to: 
19/06/13 10:16:01 INFO SecurityManager: SecurityManager: authentication disabled; ui acls disabled; users  with view permissions: Set(root); groups with view permissions: Set(); users  with modify permissions: Set(root); groups with modify permissions: Set()
19/06/13 10:16:01 INFO Worker: Asked to launch executor app-20190613101601-0004/217 for TeraGen (1000GB)
19/06/13 10:16:01 INFO SecurityManager: Changing view acls to: root
19/06/13 10:16:01 INFO SecurityManager: Changing modify acls to: root
19/06/13 10:16:01 INFO SecurityManager: Changing view acls groups to: 
19/06/13 10:16:01 INFO SecurityManager: Changing modify acls groups to: 
19/06/13 10:16:01 INFO SecurityManager: SecurityManager: authentication disabled; ui acls disabled; users  with view permissions: Set(root); groups with view permissions: Set(); users  with modify permissions: Set(root); groups with modify permissions: Set()
19/06/13 10:16:01 INFO Worker: Asked to launch executor app-20190613101601-0004/218 for TeraGen (1000GB)
19/06/13 10:16:01 INFO SecurityManager: Changing view acls to: root
19/06/13 10:16:01 INFO SecurityManager: Changing modify acls to: root
19/06/13 10:16:01 INFO SecurityManager: Changing view acls groups to: 
19/06/13 10:16:01 INFO SecurityManager: Changing modify acls groups to: 
19/06/13 10:16:01 INFO SecurityManager: SecurityManager: authentication disabled; ui acls disabled; users  with view permissions: Set(root); groups with view permissions: Set(); users  with modify permissions: Set(root); groups with modify permissions: Set()
19/06/13 10:16:01 INFO Worker: Asked to launch executor app-20190613101601-0004/219 for TeraGen (1000GB)
19/06/13 10:16:01 INFO SecurityManager: Changing view acls to: root
19/06/13 10:16:01 INFO SecurityManager: Changing modify acls to: root
19/06/13 10:16:01 INFO SecurityManager: Changing view acls groups to: 
19/06/13 10:16:01 INFO SecurityManager: Changing modify acls groups to: 
19/06/13 10:16:01 INFO SecurityManager: SecurityManager: authentication disabled; ui acls disabled; users  with view permissions: Set(root); groups with view permissions: Set(); users  with modify permissions: Set(root); groups with modify permissions: Set()
19/06/13 10:16:01 INFO SecurityManager: Changing view acls to: root
19/06/13 10:16:01 INFO SecurityManager: Changing modify acls to: root
19/06/13 10:16:01 INFO ExecutorRunner: Launch command: "/usr/lib64/jvm/java-1.8.0-openjdk-1.8.0/jre/bin/java" "-cp" "/var/tmp/spark2.0hpcplatform/lib/firesteel-2.4.0.jar:/var/tmp/spark2.0hpcplatform/multicore/worker74/conf:/var/tmp/spark2.0hpcplatform/multicore/worker74/assembly/target/scala-2.11/jars/*" "-Xmx5120M" "-Dspark.driver.port=33559" "-Dspark.rpc.netty.dispatcher.numThreads=10" "-XX:-UseBiasedLocking" "org.apache.spark.executor.CoarseGrainedExecutorBackend" "--driver-url" "spark://CoarseGrainedScheduler@mdc-ch1-cust4.mdc.ext.hpe.com:33559" "--executor-id" "215" "--hostname" "mdc-ch1-cust4" "--cores" "2" "--app-id" "app-20190613101601-0004" "--worker-url" "spark://Worker@mdc-ch1-cust4:43565"
19/06/13 10:16:01 INFO SecurityManager: Changing view acls groups to: 
19/06/13 10:16:01 INFO SecurityManager: Changing modify acls groups to: 
19/06/13 10:16:01 INFO SecurityManager: SecurityManager: authentication disabled; ui acls disabled; users  with view permissions: Set(root); groups with view permissions: Set(); users  with modify permissions: Set(root); groups with modify permissions: Set()
19/06/13 10:16:01 INFO ExecutorRunner: Launch command: "/usr/lib64/jvm/java-1.8.0-openjdk-1.8.0/jre/bin/java" "-cp" "/var/tmp/spark2.0hpcplatform/lib/firesteel-2.4.0.jar:/var/tmp/spark2.0hpcplatform/multicore/worker74/conf:/var/tmp/spark2.0hpcplatform/multicore/worker74/assembly/target/scala-2.11/jars/*" "-Xmx5120M" "-Dspark.driver.port=33559" "-Dspark.rpc.netty.dispatcher.numThreads=10" "-XX:-UseBiasedLocking" "org.apache.spark.executor.CoarseGrainedExecutorBackend" "--driver-url" "spark://CoarseGrainedScheduler@mdc-ch1-cust4.mdc.ext.hpe.com:33559" "--executor-id" "217" "--hostname" "mdc-ch1-cust4" "--cores" "2" "--app-id" "app-20190613101601-0004" "--worker-url" "spark://Worker@mdc-ch1-cust4:43565"
19/06/13 10:16:02 INFO ExecutorRunner: Launch command: "/usr/lib64/jvm/java-1.8.0-openjdk-1.8.0/jre/bin/java" "-cp" "/var/tmp/spark2.0hpcplatform/lib/firesteel-2.4.0.jar:/var/tmp/spark2.0hpcplatform/multicore/worker74/conf:/var/tmp/spark2.0hpcplatform/multicore/worker74/assembly/target/scala-2.11/jars/*" "-Xmx5120M" "-Dspark.driver.port=33559" "-Dspark.rpc.netty.dispatcher.numThreads=10" "-XX:-UseBiasedLocking" "org.apache.spark.executor.CoarseGrainedExecutorBackend" "--driver-url" "spark://CoarseGrainedScheduler@mdc-ch1-cust4.mdc.ext.hpe.com:33559" "--executor-id" "216" "--hostname" "mdc-ch1-cust4" "--cores" "2" "--app-id" "app-20190613101601-0004" "--worker-url" "spark://Worker@mdc-ch1-cust4:43565"
19/06/13 10:16:02 INFO ExecutorRunner: Launch command: "/usr/lib64/jvm/java-1.8.0-openjdk-1.8.0/jre/bin/java" "-cp" "/var/tmp/spark2.0hpcplatform/lib/firesteel-2.4.0.jar:/var/tmp/spark2.0hpcplatform/multicore/worker74/conf:/var/tmp/spark2.0hpcplatform/multicore/worker74/assembly/target/scala-2.11/jars/*" "-Xmx5120M" "-Dspark.driver.port=33559" "-Dspark.rpc.netty.dispatcher.numThreads=10" "-XX:-UseBiasedLocking" "org.apache.spark.executor.CoarseGrainedExecutorBackend" "--driver-url" "spark://CoarseGrainedScheduler@mdc-ch1-cust4.mdc.ext.hpe.com:33559" "--executor-id" "218" "--hostname" "mdc-ch1-cust4" "--cores" "2" "--app-id" "app-20190613101601-0004" "--worker-url" "spark://Worker@mdc-ch1-cust4:43565"
19/06/13 10:16:02 INFO ExecutorRunner: Launch command: "/usr/lib64/jvm/java-1.8.0-openjdk-1.8.0/jre/bin/java" "-cp" "/var/tmp/spark2.0hpcplatform/lib/firesteel-2.4.0.jar:/var/tmp/spark2.0hpcplatform/multicore/worker74/conf:/var/tmp/spark2.0hpcplatform/multicore/worker74/assembly/target/scala-2.11/jars/*" "-Xmx5120M" "-Dspark.driver.port=33559" "-Dspark.rpc.netty.dispatcher.numThreads=10" "-XX:-UseBiasedLocking" "org.apache.spark.executor.CoarseGrainedExecutorBackend" "--driver-url" "spark://CoarseGrainedScheduler@mdc-ch1-cust4.mdc.ext.hpe.com:33559" "--executor-id" "219" "--hostname" "mdc-ch1-cust4" "--cores" "2" "--app-id" "app-20190613101601-0004" "--worker-url" "spark://Worker@mdc-ch1-cust4:43565"
19/06/13 10:16:02 INFO Worker: Asked to kill executor app-20190613101601-0004/218
19/06/13 10:16:02 INFO ExecutorRunner: Runner thread for executor app-20190613101601-0004/218 interrupted
19/06/13 10:16:02 INFO ExecutorRunner: Killing process!
19/06/13 10:16:02 INFO Worker: Asked to kill executor app-20190613101601-0004/217
19/06/13 10:16:02 INFO Worker: Asked to kill executor app-20190613101601-0004/216
19/06/13 10:16:02 INFO ExecutorRunner: Runner thread for executor app-20190613101601-0004/217 interrupted
19/06/13 10:16:02 INFO ExecutorRunner: Runner thread for executor app-20190613101601-0004/216 interrupted
19/06/13 10:16:02 INFO ExecutorRunner: Killing process!
19/06/13 10:16:02 INFO Worker: Asked to kill executor app-20190613101601-0004/219
19/06/13 10:16:02 INFO ExecutorRunner: Killing process!
19/06/13 10:16:02 INFO ExecutorRunner: Runner thread for executor app-20190613101601-0004/219 interrupted
19/06/13 10:16:02 INFO ExecutorRunner: Killing process!
19/06/13 10:16:03 INFO Worker: Asked to kill executor app-20190613101601-0004/215
19/06/13 10:16:03 INFO ExecutorRunner: Runner thread for executor app-20190613101601-0004/215 interrupted
19/06/13 10:16:03 INFO ExecutorRunner: Killing process!
19/06/13 10:16:03 INFO Worker: Executor app-20190613101601-0004/219 finished with state KILLED exitStatus 143
19/06/13 10:16:03 INFO ExternalShuffleBlockResolver: Clean up non-shuffle files associated with the finished executor 219
19/06/13 10:16:03 INFO ExternalShuffleBlockResolver: Executor is not registered (appId=app-20190613101601-0004, execId=219)
19/06/13 10:16:03 INFO Worker: Executor app-20190613101601-0004/217 finished with state KILLED exitStatus 143
19/06/13 10:16:03 INFO ExternalShuffleBlockResolver: Clean up non-shuffle files associated with the finished executor 217
19/06/13 10:16:03 INFO ExternalShuffleBlockResolver: Executor is not registered (appId=app-20190613101601-0004, execId=217)
19/06/13 10:16:03 INFO Worker: Executor app-20190613101601-0004/215 finished with state KILLED exitStatus 143
19/06/13 10:16:03 INFO ExternalShuffleBlockResolver: Clean up non-shuffle files associated with the finished executor 215
19/06/13 10:16:03 INFO ExternalShuffleBlockResolver: Executor is not registered (appId=app-20190613101601-0004, execId=215)
19/06/13 10:16:04 INFO Worker: Executor app-20190613101601-0004/218 finished with state KILLED exitStatus 143
19/06/13 10:16:04 INFO ExternalShuffleBlockResolver: Clean up non-shuffle files associated with the finished executor 218
19/06/13 10:16:04 INFO ExternalShuffleBlockResolver: Executor is not registered (appId=app-20190613101601-0004, execId=218)
19/06/13 10:16:04 INFO Worker: Executor app-20190613101601-0004/216 finished with state KILLED exitStatus 143
19/06/13 10:16:04 INFO ExternalShuffleBlockResolver: Clean up non-shuffle files associated with the finished executor 216
19/06/13 10:16:04 INFO ExternalShuffleBlockResolver: Executor is not registered (appId=app-20190613101601-0004, execId=216)
19/06/13 10:16:04 INFO ExternalShuffleBlockResolver: Application app-20190613101601-0004 removed, cleanupLocalDirs = true
19/06/13 10:16:04 INFO Worker: Cleaning up local directories for application app-20190613101601-0004
19/06/13 10:21:00 INFO Worker: Asked to launch executor app-20190613102100-0005/216 for TeraGen (1000GB)
19/06/13 10:21:00 INFO Worker: Asked to launch executor app-20190613102100-0005/217 for TeraGen (1000GB)
19/06/13 10:21:00 INFO SecurityManager: Changing view acls to: root
19/06/13 10:21:00 INFO SecurityManager: Changing modify acls to: root
19/06/13 10:21:00 INFO SecurityManager: Changing view acls groups to: 
19/06/13 10:21:00 INFO SecurityManager: Changing modify acls groups to: 
19/06/13 10:21:00 INFO SecurityManager: SecurityManager: authentication disabled; ui acls disabled; users  with view permissions: Set(root); groups with view permissions: Set(); users  with modify permissions: Set(root); groups with modify permissions: Set()
19/06/13 10:21:00 INFO Worker: Asked to launch executor app-20190613102100-0005/218 for TeraGen (1000GB)
19/06/13 10:21:00 INFO SecurityManager: Changing view acls to: root
19/06/13 10:21:00 INFO SecurityManager: Changing modify acls to: root
19/06/13 10:21:00 INFO SecurityManager: Changing view acls groups to: 
19/06/13 10:21:00 INFO SecurityManager: Changing modify acls groups to: 
19/06/13 10:21:00 INFO SecurityManager: SecurityManager: authentication disabled; ui acls disabled; users  with view permissions: Set(root); groups with view permissions: Set(); users  with modify permissions: Set(root); groups with modify permissions: Set()
19/06/13 10:21:00 INFO Worker: Asked to launch executor app-20190613102100-0005/219 for TeraGen (1000GB)
19/06/13 10:21:00 INFO SecurityManager: Changing view acls to: root
19/06/13 10:21:00 INFO SecurityManager: Changing modify acls to: root
19/06/13 10:21:00 INFO SecurityManager: Changing view acls groups to: 
19/06/13 10:21:00 INFO SecurityManager: Changing modify acls groups to: 
19/06/13 10:21:00 INFO SecurityManager: SecurityManager: authentication disabled; ui acls disabled; users  with view permissions: Set(root); groups with view permissions: Set(); users  with modify permissions: Set(root); groups with modify permissions: Set()
19/06/13 10:21:00 INFO SecurityManager: Changing view acls to: root
19/06/13 10:21:00 INFO SecurityManager: Changing modify acls to: root
19/06/13 10:21:00 INFO SecurityManager: Changing view acls groups to: 
19/06/13 10:21:00 INFO SecurityManager: Changing modify acls groups to: 
19/06/13 10:21:00 INFO SecurityManager: SecurityManager: authentication disabled; ui acls disabled; users  with view permissions: Set(root); groups with view permissions: Set(); users  with modify permissions: Set(root); groups with modify permissions: Set()
19/06/13 10:21:00 INFO Worker: Asked to launch executor app-20190613102100-0005/220 for TeraGen (1000GB)
19/06/13 10:21:00 INFO Worker: Asked to launch executor app-20190613102100-0005/221 for TeraGen (1000GB)
19/06/13 10:21:00 INFO SecurityManager: Changing view acls to: root
19/06/13 10:21:00 INFO SecurityManager: Changing modify acls to: root
19/06/13 10:21:00 INFO SecurityManager: Changing view acls groups to: 
19/06/13 10:21:00 INFO SecurityManager: Changing modify acls groups to: 
19/06/13 10:21:00 INFO SecurityManager: SecurityManager: authentication disabled; ui acls disabled; users  with view permissions: Set(root); groups with view permissions: Set(); users  with modify permissions: Set(root); groups with modify permissions: Set()
19/06/13 10:21:00 INFO SecurityManager: Changing view acls to: root
19/06/13 10:21:00 INFO SecurityManager: Changing modify acls to: root
19/06/13 10:21:00 INFO SecurityManager: Changing view acls groups to: 
19/06/13 10:21:00 INFO SecurityManager: Changing modify acls groups to: 
19/06/13 10:21:00 INFO ExecutorRunner: Launch command: "/usr/lib64/jvm/java-1.8.0-openjdk-1.8.0/jre/bin/java" "-cp" "/var/tmp/spark2.0hpcplatform/lib/firesteel-2.4.0.jar:/var/tmp/spark2.0hpcplatform/multicore/worker74/conf:/var/tmp/spark2.0hpcplatform/multicore/worker74/assembly/target/scala-2.11/jars/*" "-Xmx5120M" "-Dspark.driver.port=41167" "-Dspark.rpc.netty.dispatcher.numThreads=10" "-XX:-UseBiasedLocking" "org.apache.spark.executor.CoarseGrainedExecutorBackend" "--driver-url" "spark://CoarseGrainedScheduler@mdc-ch1-cust4.mdc.ext.hpe.com:41167" "--executor-id" "218" "--hostname" "mdc-ch1-cust4" "--cores" "2" "--app-id" "app-20190613102100-0005" "--worker-url" "spark://Worker@mdc-ch1-cust4:43565"
19/06/13 10:21:00 INFO ExecutorRunner: Launch command: "/usr/lib64/jvm/java-1.8.0-openjdk-1.8.0/jre/bin/java" "-cp" "/var/tmp/spark2.0hpcplatform/lib/firesteel-2.4.0.jar:/var/tmp/spark2.0hpcplatform/multicore/worker74/conf:/var/tmp/spark2.0hpcplatform/multicore/worker74/assembly/target/scala-2.11/jars/*" "-Xmx5120M" "-Dspark.driver.port=41167" "-Dspark.rpc.netty.dispatcher.numThreads=10" "-XX:-UseBiasedLocking" "org.apache.spark.executor.CoarseGrainedExecutorBackend" "--driver-url" "spark://CoarseGrainedScheduler@mdc-ch1-cust4.mdc.ext.hpe.com:41167" "--executor-id" "217" "--hostname" "mdc-ch1-cust4" "--cores" "2" "--app-id" "app-20190613102100-0005" "--worker-url" "spark://Worker@mdc-ch1-cust4:43565"
19/06/13 10:21:00 INFO ExecutorRunner: Launch command: "/usr/lib64/jvm/java-1.8.0-openjdk-1.8.0/jre/bin/java" "-cp" "/var/tmp/spark2.0hpcplatform/lib/firesteel-2.4.0.jar:/var/tmp/spark2.0hpcplatform/multicore/worker74/conf:/var/tmp/spark2.0hpcplatform/multicore/worker74/assembly/target/scala-2.11/jars/*" "-Xmx5120M" "-Dspark.driver.port=41167" "-Dspark.rpc.netty.dispatcher.numThreads=10" "-XX:-UseBiasedLocking" "org.apache.spark.executor.CoarseGrainedExecutorBackend" "--driver-url" "spark://CoarseGrainedScheduler@mdc-ch1-cust4.mdc.ext.hpe.com:41167" "--executor-id" "219" "--hostname" "mdc-ch1-cust4" "--cores" "2" "--app-id" "app-20190613102100-0005" "--worker-url" "spark://Worker@mdc-ch1-cust4:43565"
19/06/13 10:21:00 INFO ExecutorRunner: Launch command: "/usr/lib64/jvm/java-1.8.0-openjdk-1.8.0/jre/bin/java" "-cp" "/var/tmp/spark2.0hpcplatform/lib/firesteel-2.4.0.jar:/var/tmp/spark2.0hpcplatform/multicore/worker74/conf:/var/tmp/spark2.0hpcplatform/multicore/worker74/assembly/target/scala-2.11/jars/*" "-Xmx5120M" "-Dspark.driver.port=41167" "-Dspark.rpc.netty.dispatcher.numThreads=10" "-XX:-UseBiasedLocking" "org.apache.spark.executor.CoarseGrainedExecutorBackend" "--driver-url" "spark://CoarseGrainedScheduler@mdc-ch1-cust4.mdc.ext.hpe.com:41167" "--executor-id" "216" "--hostname" "mdc-ch1-cust4" "--cores" "2" "--app-id" "app-20190613102100-0005" "--worker-url" "spark://Worker@mdc-ch1-cust4:43565"
19/06/13 10:21:00 INFO SecurityManager: SecurityManager: authentication disabled; ui acls disabled; users  with view permissions: Set(root); groups with view permissions: Set(); users  with modify permissions: Set(root); groups with modify permissions: Set()
19/06/13 10:21:00 INFO ExecutorRunner: Launch command: "/usr/lib64/jvm/java-1.8.0-openjdk-1.8.0/jre/bin/java" "-cp" "/var/tmp/spark2.0hpcplatform/lib/firesteel-2.4.0.jar:/var/tmp/spark2.0hpcplatform/multicore/worker74/conf:/var/tmp/spark2.0hpcplatform/multicore/worker74/assembly/target/scala-2.11/jars/*" "-Xmx5120M" "-Dspark.driver.port=41167" "-Dspark.rpc.netty.dispatcher.numThreads=10" "-XX:-UseBiasedLocking" "org.apache.spark.executor.CoarseGrainedExecutorBackend" "--driver-url" "spark://CoarseGrainedScheduler@mdc-ch1-cust4.mdc.ext.hpe.com:41167" "--executor-id" "220" "--hostname" "mdc-ch1-cust4" "--cores" "2" "--app-id" "app-20190613102100-0005" "--worker-url" "spark://Worker@mdc-ch1-cust4:43565"
19/06/13 10:21:00 INFO ExecutorRunner: Launch command: "/usr/lib64/jvm/java-1.8.0-openjdk-1.8.0/jre/bin/java" "-cp" "/var/tmp/spark2.0hpcplatform/lib/firesteel-2.4.0.jar:/var/tmp/spark2.0hpcplatform/multicore/worker74/conf:/var/tmp/spark2.0hpcplatform/multicore/worker74/assembly/target/scala-2.11/jars/*" "-Xmx5120M" "-Dspark.driver.port=41167" "-Dspark.rpc.netty.dispatcher.numThreads=10" "-XX:-UseBiasedLocking" "org.apache.spark.executor.CoarseGrainedExecutorBackend" "--driver-url" "spark://CoarseGrainedScheduler@mdc-ch1-cust4.mdc.ext.hpe.com:41167" "--executor-id" "221" "--hostname" "mdc-ch1-cust4" "--cores" "2" "--app-id" "app-20190613102100-0005" "--worker-url" "spark://Worker@mdc-ch1-cust4:43565"
19/06/13 10:21:20 INFO Worker: Executor app-20190613102100-0005/217 finished with state EXITED message Command exited with code 1 exitStatus 1
19/06/13 10:21:20 INFO ExternalShuffleBlockResolver: Clean up non-shuffle files associated with the finished executor 217
19/06/13 10:21:20 INFO ExternalShuffleBlockResolver: Executor is not registered (appId=app-20190613102100-0005, execId=217)
19/06/13 10:21:20 INFO Worker: Asked to launch executor app-20190613102100-0005/507 for TeraGen (1000GB)
19/06/13 10:21:20 INFO SecurityManager: Changing view acls to: root
19/06/13 10:21:20 INFO SecurityManager: Changing modify acls to: root
19/06/13 10:21:20 INFO SecurityManager: Changing view acls groups to: 
19/06/13 10:21:20 INFO SecurityManager: Changing modify acls groups to: 
19/06/13 10:21:20 INFO SecurityManager: SecurityManager: authentication disabled; ui acls disabled; users  with view permissions: Set(root); groups with view permissions: Set(); users  with modify permissions: Set(root); groups with modify permissions: Set()
19/06/13 10:21:20 INFO ExecutorRunner: Launch command: "/usr/lib64/jvm/java-1.8.0-openjdk-1.8.0/jre/bin/java" "-cp" "/var/tmp/spark2.0hpcplatform/lib/firesteel-2.4.0.jar:/var/tmp/spark2.0hpcplatform/multicore/worker74/conf:/var/tmp/spark2.0hpcplatform/multicore/worker74/assembly/target/scala-2.11/jars/*" "-Xmx5120M" "-Dspark.driver.port=41167" "-Dspark.rpc.netty.dispatcher.numThreads=10" "-XX:-UseBiasedLocking" "org.apache.spark.executor.CoarseGrainedExecutorBackend" "--driver-url" "spark://CoarseGrainedScheduler@mdc-ch1-cust4.mdc.ext.hpe.com:41167" "--executor-id" "507" "--hostname" "mdc-ch1-cust4" "--cores" "2" "--app-id" "app-20190613102100-0005" "--worker-url" "spark://Worker@mdc-ch1-cust4:43565"
19/06/13 10:21:39 WARN QueuedThreadPool: 
java.lang.OutOfMemoryError: unable to create new native thread
	at java.lang.Thread.start0(Native Method)
	at java.lang.Thread.start(Thread.java:717)
	at org.spark_project.jetty.util.thread.QueuedThreadPool.startThreads(QueuedThreadPool.java:475)
	at org.spark_project.jetty.util.thread.QueuedThreadPool.access$200(QueuedThreadPool.java:48)
	at org.spark_project.jetty.util.thread.QueuedThreadPool$2.run(QueuedThreadPool.java:634)
	at java.lang.Thread.run(Thread.java:748)
19/06/13 10:21:41 INFO Worker: Executor app-20190613102100-0005/219 finished with state EXITED message Command exited with code 1 exitStatus 1
19/06/13 10:21:41 INFO ExternalShuffleBlockResolver: Clean up non-shuffle files associated with the finished executor 219
19/06/13 10:21:41 INFO ExternalShuffleBlockResolver: Executor is not registered (appId=app-20190613102100-0005, execId=219)
19/06/13 10:21:41 INFO Worker: Asked to launch executor app-20190613102100-0005/613 for TeraGen (1000GB)
19/06/13 10:21:41 INFO SecurityManager: Changing view acls to: root
19/06/13 10:21:41 INFO SecurityManager: Changing modify acls to: root
19/06/13 10:21:41 INFO SecurityManager: Changing view acls groups to: 
19/06/13 10:21:41 INFO SecurityManager: Changing modify acls groups to: 
19/06/13 10:21:41 INFO SecurityManager: SecurityManager: authentication disabled; ui acls disabled; users  with view permissions: Set(root); groups with view permissions: Set(); users  with modify permissions: Set(root); groups with modify permissions: Set()
19/06/13 10:21:41 INFO ExecutorRunner: Launch command: "/usr/lib64/jvm/java-1.8.0-openjdk-1.8.0/jre/bin/java" "-cp" "/var/tmp/spark2.0hpcplatform/lib/firesteel-2.4.0.jar:/var/tmp/spark2.0hpcplatform/multicore/worker74/conf:/var/tmp/spark2.0hpcplatform/multicore/worker74/assembly/target/scala-2.11/jars/*" "-Xmx5120M" "-Dspark.driver.port=41167" "-Dspark.rpc.netty.dispatcher.numThreads=10" "-XX:-UseBiasedLocking" "org.apache.spark.executor.CoarseGrainedExecutorBackend" "--driver-url" "spark://CoarseGrainedScheduler@mdc-ch1-cust4.mdc.ext.hpe.com:41167" "--executor-id" "613" "--hostname" "mdc-ch1-cust4" "--cores" "2" "--app-id" "app-20190613102100-0005" "--worker-url" "spark://Worker@mdc-ch1-cust4:43565"
19/06/13 10:21:53 INFO Worker: Executor app-20190613102100-0005/507 finished with state EXITED message Command exited with code 1 exitStatus 1
19/06/13 10:21:53 INFO ExternalShuffleBlockResolver: Clean up non-shuffle files associated with the finished executor 507
19/06/13 10:21:53 INFO ExternalShuffleBlockResolver: Executor is not registered (appId=app-20190613102100-0005, execId=507)
19/06/13 10:21:53 INFO Worker: Asked to launch executor app-20190613102100-0005/700 for TeraGen (1000GB)
19/06/13 10:21:53 INFO SecurityManager: Changing view acls to: root
19/06/13 10:21:53 INFO Worker: Asked to launch executor app-20190613102100-0005/728 for TeraGen (1000GB)
19/06/13 10:21:53 INFO SecurityManager: Changing modify acls to: root
19/06/13 10:21:53 INFO SecurityManager: Changing view acls groups to: 
19/06/13 10:21:53 INFO SecurityManager: Changing view acls to: root
19/06/13 10:21:53 INFO SecurityManager: Changing modify acls to: root
19/06/13 10:21:53 INFO SecurityManager: Changing view acls groups to: 
19/06/13 10:21:53 INFO SecurityManager: Changing modify acls groups to: 
19/06/13 10:21:53 INFO SecurityManager: SecurityManager: authentication disabled; ui acls disabled; users  with view permissions: Set(root); groups with view permissions: Set(); users  with modify permissions: Set(root); groups with modify permissions: Set()
19/06/13 10:21:53 INFO ExecutorRunner: Launch command: "/usr/lib64/jvm/java-1.8.0-openjdk-1.8.0/jre/bin/java" "-cp" "/var/tmp/spark2.0hpcplatform/lib/firesteel-2.4.0.jar:/var/tmp/spark2.0hpcplatform/multicore/worker74/conf:/var/tmp/spark2.0hpcplatform/multicore/worker74/assembly/target/scala-2.11/jars/*" "-Xmx5120M" "-Dspark.driver.port=41167" "-Dspark.rpc.netty.dispatcher.numThreads=10" "-XX:-UseBiasedLocking" "org.apache.spark.executor.CoarseGrainedExecutorBackend" "--driver-url" "spark://CoarseGrainedScheduler@mdc-ch1-cust4.mdc.ext.hpe.com:41167" "--executor-id" "728" "--hostname" "mdc-ch1-cust4" "--cores" "2" "--app-id" "app-20190613102100-0005" "--worker-url" "spark://Worker@mdc-ch1-cust4:43565"
19/06/13 10:21:53 INFO SecurityManager: Changing modify acls groups to: 
19/06/13 10:21:53 INFO SecurityManager: SecurityManager: authentication disabled; ui acls disabled; users  with view permissions: Set(root); groups with view permissions: Set(); users  with modify permissions: Set(root); groups with modify permissions: Set()
19/06/13 10:21:53 INFO ExecutorRunner: Launch command: "/usr/lib64/jvm/java-1.8.0-openjdk-1.8.0/jre/bin/java" "-cp" "/var/tmp/spark2.0hpcplatform/lib/firesteel-2.4.0.jar:/var/tmp/spark2.0hpcplatform/multicore/worker74/conf:/var/tmp/spark2.0hpcplatform/multicore/worker74/assembly/target/scala-2.11/jars/*" "-Xmx5120M" "-Dspark.driver.port=41167" "-Dspark.rpc.netty.dispatcher.numThreads=10" "-XX:-UseBiasedLocking" "org.apache.spark.executor.CoarseGrainedExecutorBackend" "--driver-url" "spark://CoarseGrainedScheduler@mdc-ch1-cust4.mdc.ext.hpe.com:41167" "--executor-id" "700" "--hostname" "mdc-ch1-cust4" "--cores" "2" "--app-id" "app-20190613102100-0005" "--worker-url" "spark://Worker@mdc-ch1-cust4:43565"
19/06/13 10:21:57 INFO Worker: Executor app-20190613102100-0005/218 finished with state EXITED message Command exited with code 1 exitStatus 1
19/06/13 10:21:57 INFO ExternalShuffleBlockResolver: Clean up non-shuffle files associated with the finished executor 218
19/06/13 10:21:57 INFO ExternalShuffleBlockResolver: Executor is not registered (appId=app-20190613102100-0005, execId=218)
19/06/13 10:21:57 INFO Worker: Asked to launch executor app-20190613102100-0005/886 for TeraGen (1000GB)
19/06/13 10:21:57 INFO SecurityManager: Changing view acls to: root
19/06/13 10:21:57 INFO SecurityManager: Changing modify acls to: root
19/06/13 10:21:57 INFO SecurityManager: Changing view acls groups to: 
19/06/13 10:21:57 INFO SecurityManager: Changing modify acls groups to: 
19/06/13 10:21:57 INFO SecurityManager: SecurityManager: authentication disabled; ui acls disabled; users  with view permissions: Set(root); groups with view permissions: Set(); users  with modify permissions: Set(root); groups with modify permissions: Set()
19/06/13 10:21:57 INFO ExecutorRunner: Launch command: "/usr/lib64/jvm/java-1.8.0-openjdk-1.8.0/jre/bin/java" "-cp" "/var/tmp/spark2.0hpcplatform/lib/firesteel-2.4.0.jar:/var/tmp/spark2.0hpcplatform/multicore/worker74/conf:/var/tmp/spark2.0hpcplatform/multicore/worker74/assembly/target/scala-2.11/jars/*" "-Xmx5120M" "-Dspark.driver.port=41167" "-Dspark.rpc.netty.dispatcher.numThreads=10" "-XX:-UseBiasedLocking" "org.apache.spark.executor.CoarseGrainedExecutorBackend" "--driver-url" "spark://CoarseGrainedScheduler@mdc-ch1-cust4.mdc.ext.hpe.com:41167" "--executor-id" "886" "--hostname" "mdc-ch1-cust4" "--cores" "2" "--app-id" "app-20190613102100-0005" "--worker-url" "spark://Worker@mdc-ch1-cust4:43565"
19/06/13 10:22:02 INFO Worker: Executor app-20190613102100-0005/221 finished with state EXITED message Command exited with code 1 exitStatus 1
19/06/13 10:22:02 INFO ExternalShuffleBlockResolver: Clean up non-shuffle files associated with the finished executor 221
19/06/13 10:22:02 INFO ExternalShuffleBlockResolver: Executor is not registered (appId=app-20190613102100-0005, execId=221)
19/06/13 10:22:02 INFO Worker: Asked to launch executor app-20190613102100-0005/905 for TeraGen (1000GB)
19/06/13 10:22:02 INFO Worker: Executor app-20190613102100-0005/220 finished with state EXITED message Command exited with code 1 exitStatus 1
19/06/13 10:22:02 INFO ExternalShuffleBlockResolver: Clean up non-shuffle files associated with the finished executor 220
19/06/13 10:22:02 INFO ExternalShuffleBlockResolver: Executor is not registered (appId=app-20190613102100-0005, execId=220)
19/06/13 10:22:02 INFO Worker: Executor app-20190613102100-0005/216 finished with state EXITED message Command exited with code 1 exitStatus 1
19/06/13 10:22:02 INFO ExternalShuffleBlockResolver: Clean up non-shuffle files associated with the finished executor 216
19/06/13 10:22:02 INFO ExternalShuffleBlockResolver: Executor is not registered (appId=app-20190613102100-0005, execId=216)
19/06/13 10:22:02 INFO SecurityManager: Changing view acls to: root
19/06/13 10:22:02 INFO SecurityManager: Changing modify acls to: root
19/06/13 10:22:02 INFO SecurityManager: Changing view acls groups to: 
19/06/13 10:22:02 INFO SecurityManager: Changing modify acls groups to: 
19/06/13 10:22:02 INFO SecurityManager: SecurityManager: authentication disabled; ui acls disabled; users  with view permissions: Set(root); groups with view permissions: Set(); users  with modify permissions: Set(root); groups with modify permissions: Set()
19/06/13 10:22:02 INFO ExecutorRunner: Launch command: "/usr/lib64/jvm/java-1.8.0-openjdk-1.8.0/jre/bin/java" "-cp" "/var/tmp/spark2.0hpcplatform/lib/firesteel-2.4.0.jar:/var/tmp/spark2.0hpcplatform/multicore/worker74/conf:/var/tmp/spark2.0hpcplatform/multicore/worker74/assembly/target/scala-2.11/jars/*" "-Xmx5120M" "-Dspark.driver.port=41167" "-Dspark.rpc.netty.dispatcher.numThreads=10" "-XX:-UseBiasedLocking" "org.apache.spark.executor.CoarseGrainedExecutorBackend" "--driver-url" "spark://CoarseGrainedScheduler@mdc-ch1-cust4.mdc.ext.hpe.com:41167" "--executor-id" "905" "--hostname" "mdc-ch1-cust4" "--cores" "2" "--app-id" "app-20190613102100-0005" "--worker-url" "spark://Worker@mdc-ch1-cust4:43565"
19/06/13 10:22:02 INFO Worker: Asked to launch executor app-20190613102100-0005/915 for TeraGen (1000GB)
19/06/13 10:22:02 INFO SecurityManager: Changing view acls to: root
19/06/13 10:22:02 INFO Worker: Asked to launch executor app-20190613102100-0005/916 for TeraGen (1000GB)
19/06/13 10:22:02 INFO SecurityManager: Changing modify acls to: root
19/06/13 10:22:02 INFO SecurityManager: Changing view acls groups to: 
19/06/13 10:22:02 INFO SecurityManager: Changing modify acls groups to: 
19/06/13 10:22:02 INFO SecurityManager: SecurityManager: authentication disabled; ui acls disabled; users  with view permissions: Set(root); groups with view permissions: Set(); users  with modify permissions: Set(root); groups with modify permissions: Set()
19/06/13 10:22:02 INFO SecurityManager: Changing view acls to: root
19/06/13 10:22:02 INFO SecurityManager: Changing modify acls to: root
19/06/13 10:22:02 INFO SecurityManager: Changing view acls groups to: 
19/06/13 10:22:02 INFO SecurityManager: Changing modify acls groups to: 
19/06/13 10:22:02 INFO SecurityManager: SecurityManager: authentication disabled; ui acls disabled; users  with view permissions: Set(root); groups with view permissions: Set(); users  with modify permissions: Set(root); groups with modify permissions: Set()
19/06/13 10:22:02 INFO ExecutorRunner: Launch command: "/usr/lib64/jvm/java-1.8.0-openjdk-1.8.0/jre/bin/java" "-cp" "/var/tmp/spark2.0hpcplatform/lib/firesteel-2.4.0.jar:/var/tmp/spark2.0hpcplatform/multicore/worker74/conf:/var/tmp/spark2.0hpcplatform/multicore/worker74/assembly/target/scala-2.11/jars/*" "-Xmx5120M" "-Dspark.driver.port=41167" "-Dspark.rpc.netty.dispatcher.numThreads=10" "-XX:-UseBiasedLocking" "org.apache.spark.executor.CoarseGrainedExecutorBackend" "--driver-url" "spark://CoarseGrainedScheduler@mdc-ch1-cust4.mdc.ext.hpe.com:41167" "--executor-id" "916" "--hostname" "mdc-ch1-cust4" "--cores" "2" "--app-id" "app-20190613102100-0005" "--worker-url" "spark://Worker@mdc-ch1-cust4:43565"
19/06/13 10:22:02 INFO Worker: Executor app-20190613102100-0005/613 finished with state EXITED message Command exited with code 1 exitStatus 1
19/06/13 10:22:02 INFO ExternalShuffleBlockResolver: Clean up non-shuffle files associated with the finished executor 613
19/06/13 10:22:02 INFO ExternalShuffleBlockResolver: Executor is not registered (appId=app-20190613102100-0005, execId=613)
19/06/13 10:22:02 INFO ExecutorRunner: Launch command: "/usr/lib64/jvm/java-1.8.0-openjdk-1.8.0/jre/bin/java" "-cp" "/var/tmp/spark2.0hpcplatform/lib/firesteel-2.4.0.jar:/var/tmp/spark2.0hpcplatform/multicore/worker74/conf:/var/tmp/spark2.0hpcplatform/multicore/worker74/assembly/target/scala-2.11/jars/*" "-Xmx5120M" "-Dspark.driver.port=41167" "-Dspark.rpc.netty.dispatcher.numThreads=10" "-XX:-UseBiasedLocking" "org.apache.spark.executor.CoarseGrainedExecutorBackend" "--driver-url" "spark://CoarseGrainedScheduler@mdc-ch1-cust4.mdc.ext.hpe.com:41167" "--executor-id" "915" "--hostname" "mdc-ch1-cust4" "--cores" "2" "--app-id" "app-20190613102100-0005" "--worker-url" "spark://Worker@mdc-ch1-cust4:43565"
19/06/13 10:22:03 INFO Worker: Asked to launch executor app-20190613102100-0005/975 for TeraGen (1000GB)
19/06/13 10:22:03 INFO SecurityManager: Changing view acls to: root
19/06/13 10:22:03 INFO SecurityManager: Changing modify acls to: root
19/06/13 10:22:03 INFO SecurityManager: Changing view acls groups to: 
19/06/13 10:22:03 INFO SecurityManager: Changing modify acls groups to: 
19/06/13 10:22:03 INFO SecurityManager: SecurityManager: authentication disabled; ui acls disabled; users  with view permissions: Set(root); groups with view permissions: Set(); users  with modify permissions: Set(root); groups with modify permissions: Set()
19/06/13 10:22:03 INFO ExecutorRunner: Launch command: "/usr/lib64/jvm/java-1.8.0-openjdk-1.8.0/jre/bin/java" "-cp" "/var/tmp/spark2.0hpcplatform/lib/firesteel-2.4.0.jar:/var/tmp/spark2.0hpcplatform/multicore/worker74/conf:/var/tmp/spark2.0hpcplatform/multicore/worker74/assembly/target/scala-2.11/jars/*" "-Xmx5120M" "-Dspark.driver.port=41167" "-Dspark.rpc.netty.dispatcher.numThreads=10" "-XX:-UseBiasedLocking" "org.apache.spark.executor.CoarseGrainedExecutorBackend" "--driver-url" "spark://CoarseGrainedScheduler@mdc-ch1-cust4.mdc.ext.hpe.com:41167" "--executor-id" "975" "--hostname" "mdc-ch1-cust4" "--cores" "2" "--app-id" "app-20190613102100-0005" "--worker-url" "spark://Worker@mdc-ch1-cust4:43565"
19/06/13 10:22:24 INFO Worker: Asked to launch executor app-20190613102100-0005/1202 for TeraGen (1000GB)
19/06/13 10:22:24 INFO Worker: Asked to launch executor app-20190613102100-0005/1203 for TeraGen (1000GB)
19/06/13 10:22:24 INFO SecurityManager: Changing view acls to: root
19/06/13 10:22:24 INFO SecurityManager: Changing modify acls to: root
19/06/13 10:22:24 INFO SecurityManager: Changing view acls groups to: 
19/06/13 10:22:24 INFO SecurityManager: Changing modify acls groups to: 
19/06/13 10:22:24 INFO SecurityManager: SecurityManager: authentication disabled; ui acls disabled; users  with view permissions: Set(root); groups with view permissions: Set(); users  with modify permissions: Set(root); groups with modify permissions: Set()
19/06/13 10:22:24 INFO SecurityManager: Changing view acls to: root
19/06/13 10:22:24 INFO ExecutorRunner: Launch command: "/usr/lib64/jvm/java-1.8.0-openjdk-1.8.0/jre/bin/java" "-cp" "/var/tmp/spark2.0hpcplatform/lib/firesteel-2.4.0.jar:/var/tmp/spark2.0hpcplatform/multicore/worker74/conf:/var/tmp/spark2.0hpcplatform/multicore/worker74/assembly/target/scala-2.11/jars/*" "-Xmx5120M" "-Dspark.driver.port=41167" "-Dspark.rpc.netty.dispatcher.numThreads=10" "-XX:-UseBiasedLocking" "org.apache.spark.executor.CoarseGrainedExecutorBackend" "--driver-url" "spark://CoarseGrainedScheduler@mdc-ch1-cust4.mdc.ext.hpe.com:41167" "--executor-id" "1202" "--hostname" "mdc-ch1-cust4" "--cores" "2" "--app-id" "app-20190613102100-0005" "--worker-url" "spark://Worker@mdc-ch1-cust4:43565"
19/06/13 10:22:24 INFO SecurityManager: Changing modify acls to: root
19/06/13 10:22:24 INFO SecurityManager: Changing view acls groups to: 
19/06/13 10:22:24 INFO SecurityManager: Changing modify acls groups to: 
19/06/13 10:22:24 INFO SecurityManager: SecurityManager: authentication disabled; ui acls disabled; users  with view permissions: Set(root); groups with view permissions: Set(); users  with modify permissions: Set(root); groups with modify permissions: Set()
19/06/13 10:22:24 INFO ExecutorRunner: Launch command: "/usr/lib64/jvm/java-1.8.0-openjdk-1.8.0/jre/bin/java" "-cp" "/var/tmp/spark2.0hpcplatform/lib/firesteel-2.4.0.jar:/var/tmp/spark2.0hpcplatform/multicore/worker74/conf:/var/tmp/spark2.0hpcplatform/multicore/worker74/assembly/target/scala-2.11/jars/*" "-Xmx5120M" "-Dspark.driver.port=41167" "-Dspark.rpc.netty.dispatcher.numThreads=10" "-XX:-UseBiasedLocking" "org.apache.spark.executor.CoarseGrainedExecutorBackend" "--driver-url" "spark://CoarseGrainedScheduler@mdc-ch1-cust4.mdc.ext.hpe.com:41167" "--executor-id" "1203" "--hostname" "mdc-ch1-cust4" "--cores" "2" "--app-id" "app-20190613102100-0005" "--worker-url" "spark://Worker@mdc-ch1-cust4:43565"
19/06/13 10:22:30 INFO Worker: Asked to launch executor app-20190613102100-0005/1279 for TeraGen (1000GB)
19/06/13 10:22:30 ERROR SparkUncaughtExceptionHandler: Uncaught exception in thread Thread[dispatcher-event-loop-492,5,main]
java.lang.OutOfMemoryError: unable to create new native thread
	at java.lang.Thread.start0(Native Method)
	at java.lang.Thread.start(Thread.java:717)
	at java.util.concurrent.ThreadPoolExecutor.addWorker(ThreadPoolExecutor.java:957)
	at java.util.concurrent.ThreadPoolExecutor.processWorkerExit(ThreadPoolExecutor.java:1025)
	at java.util.concurrent.ThreadPoolExecutor.runWorker(ThreadPoolExecutor.java:1167)
	at java.util.concurrent.ThreadPoolExecutor$Worker.run(ThreadPoolExecutor.java:624)
	at java.lang.Thread.run(Thread.java:748)
