0000001 | T.0x00007f936a7fa700 | 2019-06-21, 02:20:33.996570 [info] - (/home/ghosdebd/sparkle/alps/src/globalheap/globalheap_internal.cc, 153) Open heap path: /lfs/spark_global0 
0000002 | T.0x00007f936a7fa700 | 2019-06-21, 02:20:33.997272 [info] - (/home/ghosdebd/sparkle/alps/src/pegasus/lfs_region_file.cc, 64) Open LFS region file path: "/lfs/spark_global0" flags: O_RDWR
0000004 | T.0x00007f936a7fa700 | 2019-06-21, 02:20:34.001426 [info] - (/home/ghosdebd/sparkle/alps/src/pegasus/segmap.cc, 39) map region  base_addr: 0x7f121c000000 size: 549755813888 addr_range: 0x7f121c000000--7f921c000000
0000005 | T.0x00007f936a7fa700 | 2019-06-21, 02:20:34.001463 [info] - (/home/ghosdebd/sparkle/alps/src/globalheap/globalheap_internal.cc, 158) Opened heap path: /lfs/spark_global0  size: 549755813888
0000006 | T.0x00007f936a7fa700 | 2019-06-21, 02:20:34.312624 [info] - (/home/ghosdebd/sparkle/alps/src/globalheap/globalheap_internal.cc, 380) Allocate block size: 412
0000007 | T.0x00007f936a7fa700 | 2019-06-21, 02:20:34.312681 [info] - (/home/ghosdebd/sparkle/alps/src/globalheap/globalheap_internal.cc, 400) Allocate block size: 412 ig: 0
0000008 | T.0x00007f936a7fa700 | 2019-06-21, 02:20:34.312889 [info] - (/home/ghosdebd/sparkle/alps/src/globalheap/memattrib_heap.cc, 59) Allocate block size: 412
0000009 | T.0x00007f936a7fa700 | 2019-06-21, 02:20:34.312916 [info] - (/home/ghosdebd/sparkle/alps/src/globalheap/process_slab_heap.cc, 30) acquire_slab
0000010 | T.0x00007f936a7fa700 | 2019-06-21, 02:20:34.312926 [info] - (/home/ghosdebd/sparkle/alps/src/globalheap/process_slab_heap.cc, 33) acquire_slab: locked
0000011 | T.0x00007f936a7fa700 | 2019-06-21, 02:20:34.312939 [info] - (/home/ghosdebd/sparkle/alps/src/globalheap/extentheap.hh, 116) malloc
0000012 | T.0x00007f936a7fa700 | 2019-06-21, 02:20:34.313184 [info] - (/home/ghosdebd/sparkle/alps/src/globalheap/zone.hh, 40) NVZONE: 0x7f5e1c000400
0000013 | T.0x00007f936a7fa700 | 2019-06-21, 02:20:34.313198 [info] - (/home/ghosdebd/sparkle/alps/src/globalheap/zone.hh, 41) NVZONE: ID: 38
0000014 | T.0x00007f936a7fa700 | 2019-06-21, 02:20:34.314852 [info] - (/home/ghosdebd/sparkle/alps/src/globalheap/extentmap.cc, 88) INSERT: (0, 32766)
0000015 | T.0x00007f936a7fa700 | 2019-06-21, 02:20:34.314881 [info] - (/home/ghosdebd/sparkle/alps/src/globalheap/zone_heap.hh, 153) Acquired zone: 38
0000016 | T.0x00007f936a7fa700 | 2019-06-21, 02:20:34.314892 [info] - (/home/ghosdebd/sparkle/alps/src/globalheap/zone.hh, 72) Enumerate zone: 38
0000017 | T.0x00007f936a7fa700 | 2019-06-21, 02:20:34.316428 [info] - (/home/ghosdebd/sparkle/alps/src/globalheap/extentheap.hh, 116) malloc
0000018 | T.0x00007f936a7fa700 | 2019-06-21, 02:20:34.316446 [info] - (/home/ghosdebd/sparkle/alps/src/globalheap/extentmap.cc, 88) INSERT: (1, 32765)
0000019 | T.0x00007f936a7fa700 | 2019-06-21, 02:20:34.316450 [info] - (/home/ghosdebd/sparkle/alps/src/globalheap/zone.cc, 48) Allocated zone_id: 38 extent: (0, 1) 0x7f5e1c0404c8
0000020 | T.0x00007f936a7fa700 | 2019-06-21, 02:20:34.316482 [info] - (/home/ghosdebd/sparkle/alps/src/globalheap/process_slab_heap.cc, 50) acquire_slab: unlock 2
0000021 | T.0x00007f936a7fa700 | 2019-06-21, 02:20:34.316501 [info] - (/home/ghosdebd/sparkle/alps/src/globalheap/slab.cc, 56) Allocate block: nvslab: (0xbeef, 0x4c000404c8) block: 0
0000022 | T.0x00007f936a7fa700 | 2019-06-21, 02:20:34.316507 [info] - (/home/ghosdebd/sparkle/alps/src/globalheap/slab_heap.cc, 40) Allocate block: new_fullness: 0 old_fullness: 0
0000023 | T.0x00007f936a7fa700 | 2019-06-21, 02:20:34.316517 [info] - (/home/ghosdebd/sparkle/alps/src/globalheap/globalheap_internal.cc, 391) Allocated block ptr: (0xbeef, 0x4c00040548) size: 412
0000024 | T.0x00007f936a7fa700 | 2019-06-21, 02:20:34.316537 [info] - (/home/ghosdebd/sparkle/alps/src/globalheap/globalheap_internal.cc, 380) Allocate block size: 30
0000025 | T.0x00007f936a7fa700 | 2019-06-21, 02:20:34.316541 [info] - (/home/ghosdebd/sparkle/alps/src/globalheap/globalheap_internal.cc, 400) Allocate block size: 30 ig: 0
0000026 | T.0x00007f936a7fa700 | 2019-06-21, 02:20:34.316549 [info] - (/home/ghosdebd/sparkle/alps/src/globalheap/memattrib_heap.cc, 59) Allocate block size: 30
0000027 | T.0x00007f936a7fa700 | 2019-06-21, 02:20:34.316559 [info] - (/home/ghosdebd/sparkle/alps/src/globalheap/process_slab_heap.cc, 30) acquire_slab
0000028 | T.0x00007f936a7fa700 | 2019-06-21, 02:20:34.316565 [info] - (/home/ghosdebd/sparkle/alps/src/globalheap/process_slab_heap.cc, 33) acquire_slab: locked
0000029 | T.0x00007f936a7fa700 | 2019-06-21, 02:20:34.316572 [info] - (/home/ghosdebd/sparkle/alps/src/globalheap/extentheap.hh, 116) malloc
0000030 | T.0x00007f936a7fa700 | 2019-06-21, 02:20:34.316579 [info] - (/home/ghosdebd/sparkle/alps/src/globalheap/extentmap.cc, 88) INSERT: (2, 32764)
0000031 | T.0x00007f936a7fa700 | 2019-06-21, 02:20:34.316586 [info] - (/home/ghosdebd/sparkle/alps/src/globalheap/zone.cc, 48) Allocated zone_id: 38 extent: (1, 1) 0x7f5e1c0804c8
0000032 | T.0x00007f936a7fa700 | 2019-06-21, 02:20:34.316826 [info] - (/home/ghosdebd/sparkle/alps/src/globalheap/process_slab_heap.cc, 50) acquire_slab: unlock 2
0000033 | T.0x00007f936a7fa700 | 2019-06-21, 02:20:34.316834 [info] - (/home/ghosdebd/sparkle/alps/src/globalheap/slab.cc, 56) Allocate block: nvslab: (0xbeef, 0x4c000804c8) block: 0
0000034 | T.0x00007f936a7fa700 | 2019-06-21, 02:20:34.316843 [info] - (/home/ghosdebd/sparkle/alps/src/globalheap/slab_heap.cc, 40) Allocate block: new_fullness: 0 old_fullness: 0
0000035 | T.0x00007f936a7fa700 | 2019-06-21, 02:20:34.316852 [info] - (/home/ghosdebd/sparkle/alps/src/globalheap/globalheap_internal.cc, 391) Allocated block ptr: (0xbeef, 0x4c00080908) size: 30
0000036 | T.0x00007f936a7fa700 | 2019-06-21, 02:20:34.316861 [info] - (/home/ghosdebd/sparkle/alps/src/globalheap/globalheap_internal.cc, 380) Allocate block size: 30
0000037 | T.0x00007f936a7fa700 | 2019-06-21, 02:20:34.316868 [info] - (/home/ghosdebd/sparkle/alps/src/globalheap/globalheap_internal.cc, 400) Allocate block size: 30 ig: 0
0000038 | T.0x00007f936a7fa700 | 2019-06-21, 02:20:34.316875 [info] - (/home/ghosdebd/sparkle/alps/src/globalheap/memattrib_heap.cc, 59) Allocate block size: 30
0000039 | T.0x00007f936a7fa700 | 2019-06-21, 02:20:34.316882 [info] - (/home/ghosdebd/sparkle/alps/src/globalheap/slab.cc, 56) Allocate block: nvslab: (0xbeef, 0x4c000804c8) block: 1
0000040 | T.0x00007f936a7fa700 | 2019-06-21, 02:20:34.316888 [info] - (/home/ghosdebd/sparkle/alps/src/globalheap/slab_heap.cc, 40) Allocate block: new_fullness: 0 old_fullness: 0
0000041 | T.0x00007f936a7fa700 | 2019-06-21, 02:20:34.316894 [info] - (/home/ghosdebd/sparkle/alps/src/globalheap/globalheap_internal.cc, 391) Allocated block ptr: (0xbeef, 0x4c00080928) size: 30
0000042 | T.0x00007f936a7fa700 | 2019-06-21, 02:20:34.316900 [info] - (/home/ghosdebd/sparkle/alps/src/globalheap/globalheap_internal.cc, 380) Allocate block size: 30
0000043 | T.0x00007f936a7fa700 | 2019-06-21, 02:20:34.316905 [info] - (/home/ghosdebd/sparkle/alps/src/globalheap/globalheap_internal.cc, 400) Allocate block size: 30 ig: 0
0000044 | T.0x00007f936a7fa700 | 2019-06-21, 02:20:34.316912 [info] - (/home/ghosdebd/sparkle/alps/src/globalheap/memattrib_heap.cc, 59) Allocate block size: 30
0000045 | T.0x00007f936a7fa700 | 2019-06-21, 02:20:34.316919 [info] - (/home/ghosdebd/sparkle/alps/src/globalheap/slab.cc, 56) Allocate block: nvslab: (0xbeef, 0x4c000804c8) block: 2
0000046 | T.0x00007f936a7fa700 | 2019-06-21, 02:20:34.316924 [info] - (/home/ghosdebd/sparkle/alps/src/globalheap/slab_heap.cc, 40) Allocate block: new_fullness: 0 old_fullness: 0
0000047 | T.0x00007f936a7fa700 | 2019-06-21, 02:20:34.316929 [info] - (/home/ghosdebd/sparkle/alps/src/globalheap/globalheap_internal.cc, 391) Allocated block ptr: (0xbeef, 0x4c00080948) size: 30
0000048 | T.0x00007f936a7fa700 | 2019-06-21, 02:20:34.316935 [info] - (/home/ghosdebd/sparkle/alps/src/globalheap/globalheap_internal.cc, 380) Allocate block size: 30
0000049 | T.0x00007f936a7fa700 | 2019-06-21, 02:20:34.316940 [info] - (/home/ghosdebd/sparkle/alps/src/globalheap/globalheap_internal.cc, 400) Allocate block size: 30 ig: 0
0000050 | T.0x00007f936a7fa700 | 2019-06-21, 02:20:34.316947 [info] - (/home/ghosdebd/sparkle/alps/src/globalheap/memattrib_heap.cc, 59) Allocate block size: 30
0000051 | T.0x00007f936a7fa700 | 2019-06-21, 02:20:34.317023 [info] - (/home/ghosdebd/sparkle/alps/src/globalheap/slab.cc, 56) Allocate block: nvslab: (0xbeef, 0x4c000804c8) block: 3
0000052 | T.0x00007f936a7fa700 | 2019-06-21, 02:20:34.317031 [info] - (/home/ghosdebd/sparkle/alps/src/globalheap/slab_heap.cc, 40) Allocate block: new_fullness: 0 old_fullness: 0
0000053 | T.0x00007f936a7fa700 | 2019-06-21, 02:20:34.317038 [info] - (/home/ghosdebd/sparkle/alps/src/globalheap/globalheap_internal.cc, 391) Allocated block ptr: (0xbeef, 0x4c00080968) size: 30
0000054 | T.0x00007f936a7fa700 | 2019-06-21, 02:20:34.317044 [info] - (/home/ghosdebd/sparkle/alps/src/globalheap/globalheap_internal.cc, 380) Allocate block size: 30
0000055 | T.0x00007f936a7fa700 | 2019-06-21, 02:20:34.317050 [info] - (/home/ghosdebd/sparkle/alps/src/globalheap/globalheap_internal.cc, 400) Allocate block size: 30 ig: 0
0000056 | T.0x00007f936a7fa700 | 2019-06-21, 02:20:34.317055 [info] - (/home/ghosdebd/sparkle/alps/src/globalheap/memattrib_heap.cc, 59) Allocate block size: 30
0000057 | T.0x00007f936a7fa700 | 2019-06-21, 02:20:34.317064 [info] - (/home/ghosdebd/sparkle/alps/src/globalheap/slab.cc, 56) Allocate block: nvslab: (0xbeef, 0x4c000804c8) block: 4
0000058 | T.0x00007f936a7fa700 | 2019-06-21, 02:20:34.317072 [info] - (/home/ghosdebd/sparkle/alps/src/globalheap/slab_heap.cc, 40) Allocate block: new_fullness: 0 old_fullness: 0
0000059 | T.0x00007f936a7fa700 | 2019-06-21, 02:20:34.317078 [info] - (/home/ghosdebd/sparkle/alps/src/globalheap/globalheap_internal.cc, 391) Allocated block ptr: (0xbeef, 0x4c00080988) size: 30
0000060 | T.0x00007f936a7fa700 | 2019-06-21, 02:20:34.317084 [info] - (/home/ghosdebd/sparkle/alps/src/globalheap/globalheap_internal.cc, 380) Allocate block size: 30
0000061 | T.0x00007f936a7fa700 | 2019-06-21, 02:20:34.317093 [info] - (/home/ghosdebd/sparkle/alps/src/globalheap/globalheap_internal.cc, 400) Allocate block size: 30 ig: 0
0000062 | T.0x00007f936a7fa700 | 2019-06-21, 02:20:34.317100 [info] - (/home/ghosdebd/sparkle/alps/src/globalheap/memattrib_heap.cc, 59) Allocate block size: 30
0000063 | T.0x00007f936a7fa700 | 2019-06-21, 02:20:34.317105 [info] - (/home/ghosdebd/sparkle/alps/src/globalheap/slab.cc, 56) Allocate block: nvslab: (0xbeef, 0x4c000804c8) block: 5
0000064 | T.0x00007f936a7fa700 | 2019-06-21, 02:20:34.317111 [info] - (/home/ghosdebd/sparkle/alps/src/globalheap/slab_heap.cc, 40) Allocate block: new_fullness: 0 old_fullness: 0
0000065 | T.0x00007f936a7fa700 | 2019-06-21, 02:20:34.317116 [info] - (/home/ghosdebd/sparkle/alps/src/globalheap/globalheap_internal.cc, 391) Allocated block ptr: (0xbeef, 0x4c000809a8) size: 30
0000066 | T.0x00007f936a7fa700 | 2019-06-21, 02:20:34.317123 [info] - (/home/ghosdebd/sparkle/alps/src/globalheap/globalheap_internal.cc, 380) Allocate block size: 60
0000067 | T.0x00007f936a7fa700 | 2019-06-21, 02:20:34.317129 [info] - (/home/ghosdebd/sparkle/alps/src/globalheap/globalheap_internal.cc, 400) Allocate block size: 60 ig: 0
0000068 | T.0x00007f936a7fa700 | 2019-06-21, 02:20:34.317136 [info] - (/home/ghosdebd/sparkle/alps/src/globalheap/memattrib_heap.cc, 59) Allocate block size: 60
0000069 | T.0x00007f936a7fa700 | 2019-06-21, 02:20:34.317142 [info] - (/home/ghosdebd/sparkle/alps/src/globalheap/process_slab_heap.cc, 30) acquire_slab
0000070 | T.0x00007f936a7fa700 | 2019-06-21, 02:20:34.317147 [info] - (/home/ghosdebd/sparkle/alps/src/globalheap/process_slab_heap.cc, 33) acquire_slab: locked
0000071 | T.0x00007f936a7fa700 | 2019-06-21, 02:20:34.317153 [info] - (/home/ghosdebd/sparkle/alps/src/globalheap/extentheap.hh, 116) malloc
0000072 | T.0x00007f936a7fa700 | 2019-06-21, 02:20:34.317160 [info] - (/home/ghosdebd/sparkle/alps/src/globalheap/extentmap.cc, 88) INSERT: (3, 32763)
0000073 | T.0x00007f936a7fa700 | 2019-06-21, 02:20:34.317166 [info] - (/home/ghosdebd/sparkle/alps/src/globalheap/zone.cc, 48) Allocated zone_id: 38 extent: (2, 1) 0x7f5e1c0c04c8
0000074 | T.0x00007f936a7fa700 | 2019-06-21, 02:20:34.317434 [info] - (/home/ghosdebd/sparkle/alps/src/globalheap/process_slab_heap.cc, 50) acquire_slab: unlock 2
0000075 | T.0x00007f936a7fa700 | 2019-06-21, 02:20:34.317444 [info] - (/home/ghosdebd/sparkle/alps/src/globalheap/slab.cc, 56) Allocate block: nvslab: (0xbeef, 0x4c000c04c8) block: 0
0000076 | T.0x00007f936a7fa700 | 2019-06-21, 02:20:34.317454 [info] - (/home/ghosdebd/sparkle/alps/src/globalheap/slab_heap.cc, 40) Allocate block: new_fullness: 0 old_fullness: 0
0000077 | T.0x00007f936a7fa700 | 2019-06-21, 02:20:34.317463 [info] - (/home/ghosdebd/sparkle/alps/src/globalheap/globalheap_internal.cc, 391) Allocated block ptr: (0xbeef, 0x4c000c0708) size: 60
0000078 | T.0x00007f936a7fa700 | 2019-06-21, 02:20:34.317470 [info] - (/home/ghosdebd/sparkle/alps/src/globalheap/globalheap_internal.cc, 380) Allocate block size: 60
0000079 | T.0x00007f936a7fa700 | 2019-06-21, 02:20:34.317473 [info] - (/home/ghosdebd/sparkle/alps/src/globalheap/globalheap_internal.cc, 400) Allocate block size: 60 ig: 0
0000080 | T.0x00007f936a7fa700 | 2019-06-21, 02:20:34.317482 [info] - (/home/ghosdebd/sparkle/alps/src/globalheap/memattrib_heap.cc, 59) Allocate block size: 60
0000081 | T.0x00007f936a7fa700 | 2019-06-21, 02:20:34.317490 [info] - (/home/ghosdebd/sparkle/alps/src/globalheap/slab.cc, 56) Allocate block: nvslab: (0xbeef, 0x4c000c04c8) block: 1
0000082 | T.0x00007f936a7fa700 | 2019-06-21, 02:20:34.317495 [info] - (/home/ghosdebd/sparkle/alps/src/globalheap/slab_heap.cc, 40) Allocate block: new_fullness: 0 old_fullness: 0
0000083 | T.0x00007f936a7fa700 | 2019-06-21, 02:20:34.317502 [info] - (/home/ghosdebd/sparkle/alps/src/globalheap/globalheap_internal.cc, 391) Allocated block ptr: (0xbeef, 0x4c000c0748) size: 60
0000084 | T.0x00007f93619ee700 | 2019-06-21, 02:20:34.321156 [info] - (/home/ghosdebd/sparkle/alps/src/globalheap/globalheap_internal.cc, 380) Allocate block size: 412
0000085 | T.0x00007f93619ee700 | 2019-06-21, 02:20:34.321222 [info] - (/home/ghosdebd/sparkle/alps/src/globalheap/globalheap_internal.cc, 400) Allocate block size: 412 ig: 0
0000086 | T.0x00007f93619ee700 | 2019-06-21, 02:20:34.321228 [info] - (/home/ghosdebd/sparkle/alps/src/globalheap/memattrib_heap.cc, 59) Allocate block size: 412
0000087 | T.0x00007f93619ee700 | 2019-06-21, 02:20:34.321241 [info] - (/home/ghosdebd/sparkle/alps/src/globalheap/slab.cc, 56) Allocate block: nvslab: (0xbeef, 0x4c000404c8) block: 1
0000088 | T.0x00007f93619ee700 | 2019-06-21, 02:20:34.321250 [info] - (/home/ghosdebd/sparkle/alps/src/globalheap/slab_heap.cc, 40) Allocate block: new_fullness: 0 old_fullness: 0
0000089 | T.0x00007f93619ee700 | 2019-06-21, 02:20:34.321256 [info] - (/home/ghosdebd/sparkle/alps/src/globalheap/globalheap_internal.cc, 391) Allocated block ptr: (0xbeef, 0x4c000406e8) size: 412
0000090 | T.0x00007f93619ee700 | 2019-06-21, 02:20:34.321275 [info] - (/home/ghosdebd/sparkle/alps/src/globalheap/globalheap_internal.cc, 380) Allocate block size: 60
0000091 | T.0x00007f93619ee700 | 2019-06-21, 02:20:34.321279 [info] - (/home/ghosdebd/sparkle/alps/src/globalheap/globalheap_internal.cc, 400) Allocate block size: 60 ig: 0
0000092 | T.0x00007f93619ee700 | 2019-06-21, 02:20:34.321283 [info] - (/home/ghosdebd/sparkle/alps/src/globalheap/memattrib_heap.cc, 59) Allocate block size: 60
0000093 | T.0x00007f93619ee700 | 2019-06-21, 02:20:34.321291 [info] - (/home/ghosdebd/sparkle/alps/src/globalheap/slab.cc, 56) Allocate block: nvslab: (0xbeef, 0x4c000c04c8) block: 2
0000094 | T.0x00007f93619ee700 | 2019-06-21, 02:20:34.321296 [info] - (/home/ghosdebd/sparkle/alps/src/globalheap/slab_heap.cc, 40) Allocate block: new_fullness: 0 old_fullness: 0
0000095 | T.0x00007f93619ee700 | 2019-06-21, 02:20:34.321299 [info] - (/home/ghosdebd/sparkle/alps/src/globalheap/globalheap_internal.cc, 391) Allocated block ptr: (0xbeef, 0x4c000c0788) size: 60
0000096 | T.0x00007f93619ee700 | 2019-06-21, 02:20:34.321303 [info] - (/home/ghosdebd/sparkle/alps/src/globalheap/globalheap_internal.cc, 380) Allocate block size: 30
0000097 | T.0x00007f93619ee700 | 2019-06-21, 02:20:34.321306 [info] - (/home/ghosdebd/sparkle/alps/src/globalheap/globalheap_internal.cc, 400) Allocate block size: 30 ig: 0
0000098 | T.0x00007f93619ee700 | 2019-06-21, 02:20:34.321343 [info] - (/home/ghosdebd/sparkle/alps/src/globalheap/memattrib_heap.cc, 59) Allocate block size: 30
0000099 | T.0x00007f93619ee700 | 2019-06-21, 02:20:34.321350 [info] - (/home/ghosdebd/sparkle/alps/src/globalheap/slab.cc, 56) Allocate block: nvslab: (0xbeef, 0x4c000804c8) block: 6
0000100 | T.0x00007f93619ee700 | 2019-06-21, 02:20:34.321354 [info] - (/home/ghosdebd/sparkle/alps/src/globalheap/slab_heap.cc, 40) Allocate block: new_fullness: 0 old_fullness: 0
0000101 | T.0x00007f93619ee700 | 2019-06-21, 02:20:34.321358 [info] - (/home/ghosdebd/sparkle/alps/src/globalheap/globalheap_internal.cc, 391) Allocated block ptr: (0xbeef, 0x4c000809c8) size: 30
0000102 | T.0x00007f93619ee700 | 2019-06-21, 02:20:34.321361 [info] - (/home/ghosdebd/sparkle/alps/src/globalheap/globalheap_internal.cc, 380) Allocate block size: 60
0000103 | T.0x00007f93619ee700 | 2019-06-21, 02:20:34.321365 [info] - (/home/ghosdebd/sparkle/alps/src/globalheap/globalheap_internal.cc, 400) Allocate block size: 60 ig: 0
0000104 | T.0x00007f93619ee700 | 2019-06-21, 02:20:34.321368 [info] - (/home/ghosdebd/sparkle/alps/src/globalheap/memattrib_heap.cc, 59) Allocate block size: 60
0000105 | T.0x00007f93619ee700 | 2019-06-21, 02:20:34.321372 [info] - (/home/ghosdebd/sparkle/alps/src/globalheap/slab.cc, 56) Allocate block: nvslab: (0xbeef, 0x4c000c04c8) block: 3
0000106 | T.0x00007f93619ee700 | 2019-06-21, 02:20:34.321376 [info] - (/home/ghosdebd/sparkle/alps/src/globalheap/slab_heap.cc, 40) Allocate block: new_fullness: 0 old_fullness: 0
0000107 | T.0x00007f93619ee700 | 2019-06-21, 02:20:34.321379 [info] - (/home/ghosdebd/sparkle/alps/src/globalheap/globalheap_internal.cc, 391) Allocated block ptr: (0xbeef, 0x4c000c07c8) size: 60
0000108 | T.0x00007f93619ee700 | 2019-06-21, 02:20:34.321383 [info] - (/home/ghosdebd/sparkle/alps/src/globalheap/globalheap_internal.cc, 380) Allocate block size: 30
0000109 | T.0x00007f93619ee700 | 2019-06-21, 02:20:34.321386 [info] - (/home/ghosdebd/sparkle/alps/src/globalheap/globalheap_internal.cc, 400) Allocate block size: 30 ig: 0
0000110 | T.0x00007f93619ee700 | 2019-06-21, 02:20:34.321389 [info] - (/home/ghosdebd/sparkle/alps/src/globalheap/memattrib_heap.cc, 59) Allocate block size: 30
0000111 | T.0x00007f93619ee700 | 2019-06-21, 02:20:34.321394 [info] - (/home/ghosdebd/sparkle/alps/src/globalheap/slab.cc, 56) Allocate block: nvslab: (0xbeef, 0x4c000804c8) block: 7
0000112 | T.0x00007f93619ee700 | 2019-06-21, 02:20:34.321397 [info] - (/home/ghosdebd/sparkle/alps/src/globalheap/slab_heap.cc, 40) Allocate block: new_fullness: 0 old_fullness: 0
0000113 | T.0x00007f93619ee700 | 2019-06-21, 02:20:34.321400 [info] - (/home/ghosdebd/sparkle/alps/src/globalheap/globalheap_internal.cc, 391) Allocated block ptr: (0xbeef, 0x4c000809e8) size: 30
0000114 | T.0x00007f93619ee700 | 2019-06-21, 02:20:34.321404 [info] - (/home/ghosdebd/sparkle/alps/src/globalheap/globalheap_internal.cc, 380) Allocate block size: 30
0000115 | T.0x00007f93619ee700 | 2019-06-21, 02:20:34.321407 [info] - (/home/ghosdebd/sparkle/alps/src/globalheap/globalheap_internal.cc, 400) Allocate block size: 30 ig: 0
0000116 | T.0x00007f93619ee700 | 2019-06-21, 02:20:34.321411 [info] - (/home/ghosdebd/sparkle/alps/src/globalheap/memattrib_heap.cc, 59) Allocate block size: 30
0000117 | T.0x00007f93619ee700 | 2019-06-21, 02:20:34.321414 [info] - (/home/ghosdebd/sparkle/alps/src/globalheap/slab.cc, 56) Allocate block: nvslab: (0xbeef, 0x4c000804c8) block: 8
0000118 | T.0x00007f93619ee700 | 2019-06-21, 02:20:34.321418 [info] - (/home/ghosdebd/sparkle/alps/src/globalheap/slab_heap.cc, 40) Allocate block: new_fullness: 0 old_fullness: 0
0000119 | T.0x00007f93619ee700 | 2019-06-21, 02:20:34.321421 [info] - (/home/ghosdebd/sparkle/alps/src/globalheap/globalheap_internal.cc, 391) Allocated block ptr: (0xbeef, 0x4c00080a08) size: 30
0000120 | T.0x00007f93619ee700 | 2019-06-21, 02:20:34.321425 [info] - (/home/ghosdebd/sparkle/alps/src/globalheap/globalheap_internal.cc, 380) Allocate block size: 30
0000121 | T.0x00007f93619ee700 | 2019-06-21, 02:20:34.321428 [info] - (/home/ghosdebd/sparkle/alps/src/globalheap/globalheap_internal.cc, 400) Allocate block size: 30 ig: 0
0000122 | T.0x00007f93619ee700 | 2019-06-21, 02:20:34.321432 [info] - (/home/ghosdebd/sparkle/alps/src/globalheap/memattrib_heap.cc, 59) Allocate block size: 30
0000123 | T.0x00007f93619ee700 | 2019-06-21, 02:20:34.321435 [info] - (/home/ghosdebd/sparkle/alps/src/globalheap/slab.cc, 56) Allocate block: nvslab: (0xbeef, 0x4c000804c8) block: 9
0000124 | T.0x00007f93619ee700 | 2019-06-21, 02:20:34.321439 [info] - (/home/ghosdebd/sparkle/alps/src/globalheap/slab_heap.cc, 40) Allocate block: new_fullness: 0 old_fullness: 0
0000125 | T.0x00007f93619ee700 | 2019-06-21, 02:20:34.321442 [info] - (/home/ghosdebd/sparkle/alps/src/globalheap/globalheap_internal.cc, 391) Allocated block ptr: (0xbeef, 0x4c00080a28) size: 30
0000126 | T.0x00007f93619ee700 | 2019-06-21, 02:20:34.321462 [info] - (/home/ghosdebd/sparkle/alps/src/globalheap/globalheap_internal.cc, 380) Allocate block size: 30
0000127 | T.0x00007f93619ee700 | 2019-06-21, 02:20:34.321469 [info] - (/home/ghosdebd/sparkle/alps/src/globalheap/globalheap_internal.cc, 400) Allocate block size: 30 ig: 0
0000128 | T.0x00007f93619ee700 | 2019-06-21, 02:20:34.321474 [info] - (/home/ghosdebd/sparkle/alps/src/globalheap/memattrib_heap.cc, 59) Allocate block size: 30
0000129 | T.0x00007f93619ee700 | 2019-06-21, 02:20:34.321478 [info] - (/home/ghosdebd/sparkle/alps/src/globalheap/slab.cc, 56) Allocate block: nvslab: (0xbeef, 0x4c000804c8) block: 10
0000130 | T.0x00007f93619ee700 | 2019-06-21, 02:20:34.321482 [info] - (/home/ghosdebd/sparkle/alps/src/globalheap/slab_heap.cc, 40) Allocate block: new_fullness: 0 old_fullness: 0
0000131 | T.0x00007f93619ee700 | 2019-06-21, 02:20:34.321485 [info] - (/home/ghosdebd/sparkle/alps/src/globalheap/globalheap_internal.cc, 391) Allocated block ptr: (0xbeef, 0x4c00080a48) size: 30
0000132 | T.0x00007f93619ee700 | 2019-06-21, 02:20:34.321489 [info] - (/home/ghosdebd/sparkle/alps/src/globalheap/globalheap_internal.cc, 380) Allocate block size: 30
0000133 | T.0x00007f93619ee700 | 2019-06-21, 02:20:34.321492 [info] - (/home/ghosdebd/sparkle/alps/src/globalheap/globalheap_internal.cc, 400) Allocate block size: 30 ig: 0
0000134 | T.0x00007f93619ee700 | 2019-06-21, 02:20:34.321495 [info] - (/home/ghosdebd/sparkle/alps/src/globalheap/memattrib_heap.cc, 59) Allocate block size: 30
0000135 | T.0x00007f93619ee700 | 2019-06-21, 02:20:34.321499 [info] - (/home/ghosdebd/sparkle/alps/src/globalheap/slab.cc, 56) Allocate block: nvslab: (0xbeef, 0x4c000804c8) block: 11
0000136 | T.0x00007f93619ee700 | 2019-06-21, 02:20:34.321502 [info] - (/home/ghosdebd/sparkle/alps/src/globalheap/slab_heap.cc, 40) Allocate block: new_fullness: 0 old_fullness: 0
0000137 | T.0x00007f93619ee700 | 2019-06-21, 02:20:34.321505 [info] - (/home/ghosdebd/sparkle/alps/src/globalheap/globalheap_internal.cc, 391) Allocated block ptr: (0xbeef, 0x4c00080a68) size: 30
