Java HotSpot(TM) 64-Bit Server VM warning: sched_getaffinity failed (Invalid argument)- using online processor count (576) which may exceed available processors
Java HotSpot(TM) 64-Bit Server VM warning: sched_getaffinity failed (Invalid argument)- using online processor count (576) which may exceed available processors
Java HotSpot(TM) 64-Bit Server VM warning: sched_getaffinity failed (Invalid argument)- using online processor count (576) which may exceed available processors
Java HotSpot(TM) 64-Bit Server VM warning: sched_getaffinity failed (Invalid argument)- using online processor count (576) which may exceed available processors
Spark Command: /opt/jdk1.8.0_131/jre/bin/java -cp /var/tmp/spark2.0hpcplatform/multicore/worker25/conf/:/var/tmp/spark2.0hpcplatform/multicore/worker25/assembly/target/scala-2.11/jars/*:/opt/hadoop/etc/hadoop/ -Xmx1g org.apache.spark.deploy.worker.Worker --webui-port 8131 spark://mdc-ch1-cust4:7077 -h mdc-ch1-cust4
========================================
Java HotSpot(TM) 64-Bit Server VM warning: sched_getaffinity failed (Invalid argument)- using online processor count (576) which may exceed available processors
Java HotSpot(TM) 64-Bit Server VM warning: sched_getaffinity failed (Invalid argument)- using online processor count (576) which may exceed available processors
Java HotSpot(TM) 64-Bit Server VM warning: sched_getaffinity failed (Invalid argument)- using online processor count (576) which may exceed available processors
Java HotSpot(TM) 64-Bit Server VM warning: sched_getaffinity failed (Invalid argument)- using online processor count (576) which may exceed available processors
19/06/19 06:40:55 INFO worker.Worker: Started daemon with process name: 289708@mdc-ch1-cust4
19/06/19 06:40:55 INFO util.SignalUtils: Registered signal handler for TERM
19/06/19 06:40:55 INFO util.SignalUtils: Registered signal handler for HUP
19/06/19 06:40:55 INFO util.SignalUtils: Registered signal handler for INT
Java HotSpot(TM) 64-Bit Server VM warning: sched_getaffinity failed (Invalid argument)- using online processor count (576) which may exceed available processors
Java HotSpot(TM) 64-Bit Server VM warning: sched_getaffinity failed (Invalid argument)- using online processor count (576) which may exceed available processors
19/06/19 06:40:55 WARN util.NativeCodeLoader: Unable to load native-hadoop library for your platform... using builtin-java classes where applicable
19/06/19 06:40:55 INFO spark.SecurityManager: Changing view acls to: root
19/06/19 06:40:55 INFO spark.SecurityManager: Changing modify acls to: root
19/06/19 06:40:55 INFO spark.SecurityManager: Changing view acls groups to: 
19/06/19 06:40:55 INFO spark.SecurityManager: Changing modify acls groups to: 
19/06/19 06:40:55 INFO spark.SecurityManager: SecurityManager: authentication disabled; ui acls disabled; users  with view permissions: Set(root); groups with view permissions: Set(); users  with modify permissions: Set(root); groups with modify permissions: Set()
Java HotSpot(TM) 64-Bit Server VM warning: sched_getaffinity failed (Invalid argument)- using online processor count (576) which may exceed available processors
Java HotSpot(TM) 64-Bit Server VM warning: sched_getaffinity failed (Invalid argument)- using online processor count (576) which may exceed available processors
Java HotSpot(TM) 64-Bit Server VM warning: sched_getaffinity failed (Invalid argument)- using online processor count (576) which may exceed available processors
Java HotSpot(TM) 64-Bit Server VM warning: sched_getaffinity failed (Invalid argument)- using online processor count (576) which may exceed available processors
19/06/19 06:40:56 INFO util.Utils: Successfully started service 'sparkWorker' on port 42839.
Java HotSpot(TM) 64-Bit Server VM warning: sched_getaffinity failed (Invalid argument)- using online processor count (576) which may exceed available processors
19/06/19 06:40:56 INFO worker.Worker: Starting Spark worker mdc-ch1-cust4:42839 with 576 cores, 22.9 TB RAM
19/06/19 06:40:56 INFO worker.Worker: Running Spark version 2.4.0
19/06/19 06:40:56 INFO worker.Worker: Spark home: /var/tmp/spark2.0hpcplatform/multicore/worker25
19/06/19 06:40:56 INFO util.log: Logging initialized @1552ms
19/06/19 06:40:56 INFO server.Server: jetty-9.3.z-SNAPSHOT, build timestamp: unknown, git hash: unknown
19/06/19 06:40:56 INFO server.Server: Started @1595ms
Java HotSpot(TM) 64-Bit Server VM warning: sched_getaffinity failed (Invalid argument)- using online processor count (576) which may exceed available processors
Java HotSpot(TM) 64-Bit Server VM warning: sched_getaffinity failed (Invalid argument)- using online processor count (576) which may exceed available processors
19/06/19 06:40:56 INFO server.AbstractConnector: Started ServerConnector@6fea0c12{HTTP/1.1,[http/1.1]}{0.0.0.0:8131}
19/06/19 06:40:56 INFO util.Utils: Successfully started service 'WorkerUI' on port 8131.
19/06/19 06:40:56 INFO handler.ContextHandler: Started o.s.j.s.ServletContextHandler@67bb8628{/logPage,null,AVAILABLE,@Spark}
19/06/19 06:40:56 INFO handler.ContextHandler: Started o.s.j.s.ServletContextHandler@2060de9f{/logPage/json,null,AVAILABLE,@Spark}
19/06/19 06:40:56 INFO handler.ContextHandler: Started o.s.j.s.ServletContextHandler@573ab05{/,null,AVAILABLE,@Spark}
19/06/19 06:40:56 INFO handler.ContextHandler: Started o.s.j.s.ServletContextHandler@2db21f2d{/json,null,AVAILABLE,@Spark}
19/06/19 06:40:56 INFO handler.ContextHandler: Started o.s.j.s.ServletContextHandler@b80b822{/static,null,AVAILABLE,@Spark}
19/06/19 06:40:56 INFO handler.ContextHandler: Started o.s.j.s.ServletContextHandler@30979a3e{/log,null,AVAILABLE,@Spark}
19/06/19 06:40:56 INFO ui.WorkerWebUI: Bound WorkerWebUI to 0.0.0.0, and started at http://mdc-ch1-cust4.mdc.ext.hpe.com:8131
19/06/19 06:40:56 INFO worker.Worker: Connecting to master mdc-ch1-cust4:7077...
19/06/19 06:40:56 INFO handler.ContextHandler: Started o.s.j.s.ServletContextHandler@294a5418{/metrics/json,null,AVAILABLE,@Spark}
19/06/19 06:40:56 INFO client.TransportClientFactory: Successfully created connection to mdc-ch1-cust4/10.1.1.4:7077 after 21 ms (0 ms spent in bootstraps)
19/06/19 06:40:56 INFO worker.Worker: Successfully registered with master spark://mdc-ch1-cust4.mdc.ext.hpe.com:7077
19/06/19 06:45:08 INFO worker.Worker: Asked to launch executor app-20190619064508-0000/6 for TeraSort
19/06/19 06:45:08 INFO spark.SecurityManager: Changing view acls to: root
19/06/19 06:45:08 INFO spark.SecurityManager: Changing modify acls to: root
19/06/19 06:45:08 INFO spark.SecurityManager: Changing view acls groups to: 
19/06/19 06:45:08 INFO spark.SecurityManager: Changing modify acls groups to: 
19/06/19 06:45:08 INFO spark.SecurityManager: SecurityManager: authentication disabled; ui acls disabled; users  with view permissions: Set(root); groups with view permissions: Set(); users  with modify permissions: Set(root); groups with modify permissions: Set()
19/06/19 06:45:08 INFO worker.Worker: Asked to launch executor app-20190619064508-0000/7 for TeraSort
19/06/19 06:45:08 INFO worker.Worker: Asked to launch executor app-20190619064508-0000/8 for TeraSort
19/06/19 06:45:08 INFO spark.SecurityManager: Changing view acls to: root
19/06/19 06:45:08 INFO spark.SecurityManager: Changing modify acls to: root
19/06/19 06:45:08 INFO spark.SecurityManager: Changing view acls groups to: 
19/06/19 06:45:08 INFO spark.SecurityManager: Changing modify acls groups to: 
19/06/19 06:45:08 INFO spark.SecurityManager: SecurityManager: authentication disabled; ui acls disabled; users  with view permissions: Set(root); groups with view permissions: Set(); users  with modify permissions: Set(root); groups with modify permissions: Set()
19/06/19 06:45:08 INFO spark.SecurityManager: Changing view acls to: root
19/06/19 06:45:08 INFO spark.SecurityManager: Changing modify acls to: root
19/06/19 06:45:08 INFO spark.SecurityManager: Changing view acls groups to: 
19/06/19 06:45:08 INFO spark.SecurityManager: Changing modify acls groups to: 
19/06/19 06:45:08 INFO spark.SecurityManager: SecurityManager: authentication disabled; ui acls disabled; users  with view permissions: Set(root); groups with view permissions: Set(); users  with modify permissions: Set(root); groups with modify permissions: Set()
19/06/19 06:45:09 INFO worker.ExecutorRunner: Launch command: "/opt/jdk1.8.0_131/jre/bin/java" "-cp" "/var/tmp/spark2.0hpcplatform/lib/firesteel-2.4.0.jar:/var/tmp/spark2.0hpcplatform/multicore/worker25/conf/:/var/tmp/spark2.0hpcplatform/multicore/worker25/assembly/target/scala-2.11/jars/*:/opt/hadoop/etc/hadoop/" "-Xmx8192M" "-Dspark.driver.port=36071" "-Dspark.rpc.netty.dispatcher.numThreads=10" "-XX:-UseBiasedLocking" "org.apache.spark.executor.CoarseGrainedExecutorBackend" "--driver-url" "spark://CoarseGrainedScheduler@mdc-ch1-cust4.mdc.ext.hpe.com:36071" "--executor-id" "8" "--hostname" "mdc-ch1-cust4" "--cores" "4" "--app-id" "app-20190619064508-0000" "--worker-url" "spark://Worker@mdc-ch1-cust4:42839"
19/06/19 06:45:09 INFO worker.ExecutorRunner: Launch command: "/opt/jdk1.8.0_131/jre/bin/java" "-cp" "/var/tmp/spark2.0hpcplatform/lib/firesteel-2.4.0.jar:/var/tmp/spark2.0hpcplatform/multicore/worker25/conf/:/var/tmp/spark2.0hpcplatform/multicore/worker25/assembly/target/scala-2.11/jars/*:/opt/hadoop/etc/hadoop/" "-Xmx8192M" "-Dspark.driver.port=36071" "-Dspark.rpc.netty.dispatcher.numThreads=10" "-XX:-UseBiasedLocking" "org.apache.spark.executor.CoarseGrainedExecutorBackend" "--driver-url" "spark://CoarseGrainedScheduler@mdc-ch1-cust4.mdc.ext.hpe.com:36071" "--executor-id" "7" "--hostname" "mdc-ch1-cust4" "--cores" "4" "--app-id" "app-20190619064508-0000" "--worker-url" "spark://Worker@mdc-ch1-cust4:42839"
19/06/19 06:45:09 INFO worker.ExecutorRunner: Launch command: "/opt/jdk1.8.0_131/jre/bin/java" "-cp" "/var/tmp/spark2.0hpcplatform/lib/firesteel-2.4.0.jar:/var/tmp/spark2.0hpcplatform/multicore/worker25/conf/:/var/tmp/spark2.0hpcplatform/multicore/worker25/assembly/target/scala-2.11/jars/*:/opt/hadoop/etc/hadoop/" "-Xmx8192M" "-Dspark.driver.port=36071" "-Dspark.rpc.netty.dispatcher.numThreads=10" "-XX:-UseBiasedLocking" "org.apache.spark.executor.CoarseGrainedExecutorBackend" "--driver-url" "spark://CoarseGrainedScheduler@mdc-ch1-cust4.mdc.ext.hpe.com:36071" "--executor-id" "6" "--hostname" "mdc-ch1-cust4" "--cores" "4" "--app-id" "app-20190619064508-0000" "--worker-url" "spark://Worker@mdc-ch1-cust4:42839"
19/06/19 06:54:33 INFO worker.Worker: Asked to kill executor app-20190619064508-0000/8
19/06/19 06:54:33 INFO worker.ExecutorRunner: Runner thread for executor app-20190619064508-0000/8 interrupted
19/06/19 06:54:33 INFO worker.ExecutorRunner: Killing process!
19/06/19 06:54:33 INFO worker.Worker: Asked to kill executor app-20190619064508-0000/7
19/06/19 06:54:33 INFO worker.Worker: Asked to kill executor app-20190619064508-0000/6
19/06/19 06:54:33 INFO worker.ExecutorRunner: Runner thread for executor app-20190619064508-0000/7 interrupted
19/06/19 06:54:33 INFO worker.ExecutorRunner: Runner thread for executor app-20190619064508-0000/6 interrupted
19/06/19 06:54:33 INFO worker.ExecutorRunner: Killing process!
19/06/19 06:54:33 INFO worker.ExecutorRunner: Killing process!
19/06/19 06:54:46 INFO worker.Worker: Executor app-20190619064508-0000/6 finished with state KILLED exitStatus 137
19/06/19 06:54:46 INFO shuffle.ExternalShuffleBlockResolver: Clean up non-shuffle files associated with the finished executor 6
19/06/19 06:54:46 INFO shuffle.ExternalShuffleBlockResolver: Executor is not registered (appId=app-20190619064508-0000, execId=6)
19/06/19 06:54:47 INFO worker.Worker: Executor app-20190619064508-0000/8 finished with state KILLED exitStatus 137
19/06/19 06:54:47 INFO shuffle.ExternalShuffleBlockResolver: Clean up non-shuffle files associated with the finished executor 8
19/06/19 06:54:47 INFO shuffle.ExternalShuffleBlockResolver: Executor is not registered (appId=app-20190619064508-0000, execId=8)
19/06/19 06:54:47 INFO worker.Worker: Executor app-20190619064508-0000/7 finished with state KILLED exitStatus 137
19/06/19 06:54:47 INFO shuffle.ExternalShuffleBlockResolver: Clean up non-shuffle files associated with the finished executor 7
19/06/19 06:54:47 INFO shuffle.ExternalShuffleBlockResolver: Executor is not registered (appId=app-20190619064508-0000, execId=7)
19/06/19 06:54:47 INFO shuffle.ExternalShuffleBlockResolver: Application app-20190619064508-0000 removed, cleanupLocalDirs = true
19/06/19 06:54:47 INFO worker.Worker: Cleaning up local directories for application app-20190619064508-0000
19/06/19 06:57:26 INFO worker.Worker: Asked to launch executor app-20190619065726-0001/6 for TeraSort
19/06/19 06:57:26 INFO worker.Worker: Asked to launch executor app-20190619065726-0001/7 for TeraSort
19/06/19 06:57:26 INFO spark.SecurityManager: Changing view acls to: root
19/06/19 06:57:26 INFO spark.SecurityManager: Changing modify acls to: root
19/06/19 06:57:26 INFO spark.SecurityManager: Changing view acls groups to: 
19/06/19 06:57:26 INFO spark.SecurityManager: Changing modify acls groups to: 
19/06/19 06:57:26 INFO spark.SecurityManager: SecurityManager: authentication disabled; ui acls disabled; users  with view permissions: Set(root); groups with view permissions: Set(); users  with modify permissions: Set(root); groups with modify permissions: Set()
19/06/19 06:57:26 INFO spark.SecurityManager: Changing view acls to: root
19/06/19 06:57:26 INFO spark.SecurityManager: Changing modify acls to: root
19/06/19 06:57:26 INFO spark.SecurityManager: Changing view acls groups to: 
19/06/19 06:57:26 INFO spark.SecurityManager: Changing modify acls groups to: 
19/06/19 06:57:26 INFO worker.Worker: Asked to launch executor app-20190619065726-0001/8 for TeraSort
19/06/19 06:57:26 INFO spark.SecurityManager: SecurityManager: authentication disabled; ui acls disabled; users  with view permissions: Set(root); groups with view permissions: Set(); users  with modify permissions: Set(root); groups with modify permissions: Set()
19/06/19 06:57:26 INFO spark.SecurityManager: Changing view acls to: root
19/06/19 06:57:26 INFO spark.SecurityManager: Changing modify acls to: root
19/06/19 06:57:26 INFO spark.SecurityManager: Changing view acls groups to: 
19/06/19 06:57:26 INFO spark.SecurityManager: Changing modify acls groups to: 
19/06/19 06:57:26 INFO spark.SecurityManager: SecurityManager: authentication disabled; ui acls disabled; users  with view permissions: Set(root); groups with view permissions: Set(); users  with modify permissions: Set(root); groups with modify permissions: Set()
19/06/19 06:57:26 INFO worker.ExecutorRunner: Launch command: "/opt/jdk1.8.0_131/jre/bin/java" "-cp" "/var/tmp/spark2.0hpcplatform/lib/firesteel-2.4.0.jar:/var/tmp/spark2.0hpcplatform/multicore/worker25/conf/:/var/tmp/spark2.0hpcplatform/multicore/worker25/assembly/target/scala-2.11/jars/*:/opt/hadoop/etc/hadoop/" "-Xmx8192M" "-Dspark.driver.port=45085" "-Dspark.rpc.netty.dispatcher.numThreads=10" "-XX:-UseBiasedLocking" "org.apache.spark.executor.CoarseGrainedExecutorBackend" "--driver-url" "spark://CoarseGrainedScheduler@mdc-ch1-cust4.mdc.ext.hpe.com:45085" "--executor-id" "7" "--hostname" "mdc-ch1-cust4" "--cores" "4" "--app-id" "app-20190619065726-0001" "--worker-url" "spark://Worker@mdc-ch1-cust4:42839"
19/06/19 06:57:26 INFO worker.ExecutorRunner: Launch command: "/opt/jdk1.8.0_131/jre/bin/java" "-cp" "/var/tmp/spark2.0hpcplatform/lib/firesteel-2.4.0.jar:/var/tmp/spark2.0hpcplatform/multicore/worker25/conf/:/var/tmp/spark2.0hpcplatform/multicore/worker25/assembly/target/scala-2.11/jars/*:/opt/hadoop/etc/hadoop/" "-Xmx8192M" "-Dspark.driver.port=45085" "-Dspark.rpc.netty.dispatcher.numThreads=10" "-XX:-UseBiasedLocking" "org.apache.spark.executor.CoarseGrainedExecutorBackend" "--driver-url" "spark://CoarseGrainedScheduler@mdc-ch1-cust4.mdc.ext.hpe.com:45085" "--executor-id" "8" "--hostname" "mdc-ch1-cust4" "--cores" "4" "--app-id" "app-20190619065726-0001" "--worker-url" "spark://Worker@mdc-ch1-cust4:42839"
19/06/19 06:57:26 INFO worker.ExecutorRunner: Launch command: "/opt/jdk1.8.0_131/jre/bin/java" "-cp" "/var/tmp/spark2.0hpcplatform/lib/firesteel-2.4.0.jar:/var/tmp/spark2.0hpcplatform/multicore/worker25/conf/:/var/tmp/spark2.0hpcplatform/multicore/worker25/assembly/target/scala-2.11/jars/*:/opt/hadoop/etc/hadoop/" "-Xmx8192M" "-Dspark.driver.port=45085" "-Dspark.rpc.netty.dispatcher.numThreads=10" "-XX:-UseBiasedLocking" "org.apache.spark.executor.CoarseGrainedExecutorBackend" "--driver-url" "spark://CoarseGrainedScheduler@mdc-ch1-cust4.mdc.ext.hpe.com:45085" "--executor-id" "6" "--hostname" "mdc-ch1-cust4" "--cores" "4" "--app-id" "app-20190619065726-0001" "--worker-url" "spark://Worker@mdc-ch1-cust4:42839"
19/06/19 07:07:26 INFO worker.Worker: Asked to kill executor app-20190619065726-0001/6
19/06/19 07:07:26 INFO worker.ExecutorRunner: Runner thread for executor app-20190619065726-0001/6 interrupted
19/06/19 07:07:26 INFO worker.ExecutorRunner: Killing process!
19/06/19 07:07:26 INFO worker.Worker: Asked to launch executor app-20190619065726-0001/125 for TeraSort
19/06/19 07:07:26 INFO spark.SecurityManager: Changing view acls to: root
19/06/19 07:07:26 INFO spark.SecurityManager: Changing modify acls to: root
19/06/19 07:07:26 INFO spark.SecurityManager: Changing view acls groups to: 
19/06/19 07:07:26 INFO spark.SecurityManager: Changing modify acls groups to: 
19/06/19 07:07:26 INFO spark.SecurityManager: SecurityManager: authentication disabled; ui acls disabled; users  with view permissions: Set(root); groups with view permissions: Set(); users  with modify permissions: Set(root); groups with modify permissions: Set()
19/06/19 07:07:26 INFO worker.ExecutorRunner: Launch command: "/opt/jdk1.8.0_131/jre/bin/java" "-cp" "/var/tmp/spark2.0hpcplatform/lib/firesteel-2.4.0.jar:/var/tmp/spark2.0hpcplatform/multicore/worker25/conf/:/var/tmp/spark2.0hpcplatform/multicore/worker25/assembly/target/scala-2.11/jars/*:/opt/hadoop/etc/hadoop/" "-Xmx8192M" "-Dspark.driver.port=45085" "-Dspark.rpc.netty.dispatcher.numThreads=10" "-XX:-UseBiasedLocking" "org.apache.spark.executor.CoarseGrainedExecutorBackend" "--driver-url" "spark://CoarseGrainedScheduler@mdc-ch1-cust4.mdc.ext.hpe.com:45085" "--executor-id" "125" "--hostname" "mdc-ch1-cust4" "--cores" "4" "--app-id" "app-20190619065726-0001" "--worker-url" "spark://Worker@mdc-ch1-cust4:42839"
19/06/19 07:07:37 INFO worker.Worker: Executor app-20190619065726-0001/6 finished with state KILLED exitStatus 137
19/06/19 07:07:37 INFO shuffle.ExternalShuffleBlockResolver: Clean up non-shuffle files associated with the finished executor 6
19/06/19 07:07:37 INFO shuffle.ExternalShuffleBlockResolver: Executor is not registered (appId=app-20190619065726-0001, execId=6)
19/06/19 07:16:26 INFO worker.Worker: Asked to kill executor app-20190619065726-0001/8
19/06/19 07:16:26 INFO worker.ExecutorRunner: Runner thread for executor app-20190619065726-0001/8 interrupted
19/06/19 07:16:26 INFO worker.ExecutorRunner: Killing process!
19/06/19 07:16:26 INFO worker.Worker: Asked to launch executor app-20190619065726-0001/143 for TeraSort
19/06/19 07:16:27 INFO spark.SecurityManager: Changing view acls to: root
19/06/19 07:16:27 INFO spark.SecurityManager: Changing modify acls to: root
19/06/19 07:16:27 INFO spark.SecurityManager: Changing view acls groups to: 
19/06/19 07:16:27 INFO spark.SecurityManager: Changing modify acls groups to: 
19/06/19 07:16:27 INFO spark.SecurityManager: SecurityManager: authentication disabled; ui acls disabled; users  with view permissions: Set(root); groups with view permissions: Set(); users  with modify permissions: Set(root); groups with modify permissions: Set()
19/06/19 07:16:27 INFO worker.ExecutorRunner: Launch command: "/opt/jdk1.8.0_131/jre/bin/java" "-cp" "/var/tmp/spark2.0hpcplatform/lib/firesteel-2.4.0.jar:/var/tmp/spark2.0hpcplatform/multicore/worker25/conf/:/var/tmp/spark2.0hpcplatform/multicore/worker25/assembly/target/scala-2.11/jars/*:/opt/hadoop/etc/hadoop/" "-Xmx8192M" "-Dspark.driver.port=45085" "-Dspark.rpc.netty.dispatcher.numThreads=10" "-XX:-UseBiasedLocking" "org.apache.spark.executor.CoarseGrainedExecutorBackend" "--driver-url" "spark://CoarseGrainedScheduler@mdc-ch1-cust4.mdc.ext.hpe.com:45085" "--executor-id" "143" "--hostname" "mdc-ch1-cust4" "--cores" "4" "--app-id" "app-20190619065726-0001" "--worker-url" "spark://Worker@mdc-ch1-cust4:42839"
19/06/19 07:16:46 WARN util.Utils: Timed out waiting to forcibly kill process
19/06/19 07:16:46 WARN worker.ExecutorRunner: Failed to terminate process: java.lang.UNIXProcess@4b10629c. This process will likely be orphaned.
19/06/19 07:16:46 INFO worker.Worker: Executor app-20190619065726-0001/8 finished with state KILLED
19/06/19 07:16:46 INFO shuffle.ExternalShuffleBlockResolver: Clean up non-shuffle files associated with the finished executor 8
19/06/19 07:16:46 INFO shuffle.ExternalShuffleBlockResolver: Executor is not registered (appId=app-20190619065726-0001, execId=8)
19/06/19 07:29:26 INFO worker.Worker: Asked to kill executor app-20190619065726-0001/143
19/06/19 07:29:26 INFO worker.ExecutorRunner: Runner thread for executor app-20190619065726-0001/143 interrupted
19/06/19 07:29:26 INFO worker.ExecutorRunner: Killing process!
19/06/19 07:29:26 INFO worker.Worker: Asked to launch executor app-20190619065726-0001/174 for TeraSort
19/06/19 07:29:26 INFO spark.SecurityManager: Changing view acls to: root
19/06/19 07:29:26 INFO spark.SecurityManager: Changing modify acls to: root
19/06/19 07:29:26 INFO spark.SecurityManager: Changing view acls groups to: 
19/06/19 07:29:26 INFO spark.SecurityManager: Changing modify acls groups to: 
19/06/19 07:29:26 INFO spark.SecurityManager: SecurityManager: authentication disabled; ui acls disabled; users  with view permissions: Set(root); groups with view permissions: Set(); users  with modify permissions: Set(root); groups with modify permissions: Set()
19/06/19 07:29:26 INFO worker.ExecutorRunner: Launch command: "/opt/jdk1.8.0_131/jre/bin/java" "-cp" "/var/tmp/spark2.0hpcplatform/lib/firesteel-2.4.0.jar:/var/tmp/spark2.0hpcplatform/multicore/worker25/conf/:/var/tmp/spark2.0hpcplatform/multicore/worker25/assembly/target/scala-2.11/jars/*:/opt/hadoop/etc/hadoop/" "-Xmx8192M" "-Dspark.driver.port=45085" "-Dspark.rpc.netty.dispatcher.numThreads=10" "-XX:-UseBiasedLocking" "org.apache.spark.executor.CoarseGrainedExecutorBackend" "--driver-url" "spark://CoarseGrainedScheduler@mdc-ch1-cust4.mdc.ext.hpe.com:45085" "--executor-id" "174" "--hostname" "mdc-ch1-cust4" "--cores" "4" "--app-id" "app-20190619065726-0001" "--worker-url" "spark://Worker@mdc-ch1-cust4:42839"
19/06/19 07:29:43 INFO worker.Worker: Executor app-20190619065726-0001/143 finished with state KILLED exitStatus 137
19/06/19 07:29:43 INFO shuffle.ExternalShuffleBlockResolver: Clean up non-shuffle files associated with the finished executor 143
19/06/19 07:29:43 INFO shuffle.ExternalShuffleBlockResolver: Executor is not registered (appId=app-20190619065726-0001, execId=143)
19/06/19 07:36:26 INFO worker.Worker: Asked to kill executor app-20190619065726-0001/125
19/06/19 07:36:26 INFO worker.ExecutorRunner: Runner thread for executor app-20190619065726-0001/125 interrupted
19/06/19 07:36:26 INFO worker.ExecutorRunner: Killing process!
19/06/19 07:36:26 INFO worker.Worker: Asked to launch executor app-20190619065726-0001/190 for TeraSort
19/06/19 07:36:26 INFO spark.SecurityManager: Changing view acls to: root
19/06/19 07:36:26 INFO spark.SecurityManager: Changing modify acls to: root
19/06/19 07:36:26 INFO spark.SecurityManager: Changing view acls groups to: 
19/06/19 07:36:26 INFO spark.SecurityManager: Changing modify acls groups to: 
19/06/19 07:36:26 INFO spark.SecurityManager: SecurityManager: authentication disabled; ui acls disabled; users  with view permissions: Set(root); groups with view permissions: Set(); users  with modify permissions: Set(root); groups with modify permissions: Set()
19/06/19 07:36:27 INFO worker.ExecutorRunner: Launch command: "/opt/jdk1.8.0_131/jre/bin/java" "-cp" "/var/tmp/spark2.0hpcplatform/lib/firesteel-2.4.0.jar:/var/tmp/spark2.0hpcplatform/multicore/worker25/conf/:/var/tmp/spark2.0hpcplatform/multicore/worker25/assembly/target/scala-2.11/jars/*:/opt/hadoop/etc/hadoop/" "-Xmx8192M" "-Dspark.driver.port=45085" "-Dspark.rpc.netty.dispatcher.numThreads=10" "-XX:-UseBiasedLocking" "org.apache.spark.executor.CoarseGrainedExecutorBackend" "--driver-url" "spark://CoarseGrainedScheduler@mdc-ch1-cust4.mdc.ext.hpe.com:45085" "--executor-id" "190" "--hostname" "mdc-ch1-cust4" "--cores" "4" "--app-id" "app-20190619065726-0001" "--worker-url" "spark://Worker@mdc-ch1-cust4:42839"
19/06/19 07:36:39 INFO worker.Worker: Executor app-20190619065726-0001/125 finished with state KILLED exitStatus 137
19/06/19 07:36:39 INFO shuffle.ExternalShuffleBlockResolver: Clean up non-shuffle files associated with the finished executor 125
19/06/19 07:36:39 INFO shuffle.ExternalShuffleBlockResolver: Executor is not registered (appId=app-20190619065726-0001, execId=125)
19/06/19 07:42:06 INFO worker.Worker: Asked to kill executor app-20190619065726-0001/190
19/06/19 07:42:06 INFO worker.ExecutorRunner: Runner thread for executor app-20190619065726-0001/190 interrupted
19/06/19 07:42:06 INFO worker.ExecutorRunner: Killing process!
19/06/19 07:42:06 INFO worker.Worker: Asked to kill executor app-20190619065726-0001/7
19/06/19 07:42:06 INFO worker.Worker: Asked to kill executor app-20190619065726-0001/174
19/06/19 07:42:06 INFO worker.ExecutorRunner: Runner thread for executor app-20190619065726-0001/174 interrupted
19/06/19 07:42:06 INFO worker.ExecutorRunner: Killing process!
19/06/19 07:42:06 INFO worker.ExecutorRunner: Runner thread for executor app-20190619065726-0001/7 interrupted
19/06/19 07:42:06 INFO worker.ExecutorRunner: Killing process!
19/06/19 07:42:21 INFO worker.Worker: Executor app-20190619065726-0001/190 finished with state KILLED exitStatus 137
19/06/19 07:42:21 INFO shuffle.ExternalShuffleBlockResolver: Clean up non-shuffle files associated with the finished executor 190
19/06/19 07:42:21 INFO shuffle.ExternalShuffleBlockResolver: Executor is not registered (appId=app-20190619065726-0001, execId=190)
19/06/19 07:42:22 INFO worker.Worker: Executor app-20190619065726-0001/174 finished with state KILLED exitStatus 137
19/06/19 07:42:22 INFO shuffle.ExternalShuffleBlockResolver: Clean up non-shuffle files associated with the finished executor 174
19/06/19 07:42:22 INFO shuffle.ExternalShuffleBlockResolver: Executor is not registered (appId=app-20190619065726-0001, execId=174)
19/06/19 07:42:23 INFO worker.Worker: Executor app-20190619065726-0001/7 finished with state KILLED exitStatus 137
19/06/19 07:42:23 INFO shuffle.ExternalShuffleBlockResolver: Clean up non-shuffle files associated with the finished executor 7
19/06/19 07:42:23 INFO shuffle.ExternalShuffleBlockResolver: Executor is not registered (appId=app-20190619065726-0001, execId=7)
19/06/19 07:42:23 INFO shuffle.ExternalShuffleBlockResolver: Application app-20190619065726-0001 removed, cleanupLocalDirs = true
19/06/19 07:42:23 INFO worker.Worker: Cleaning up local directories for application app-20190619065726-0001
19/06/19 07:56:14 INFO worker.Worker: Asked to launch executor app-20190619075614-0002/20 for TeraSort
19/06/19 07:56:14 INFO worker.Worker: Asked to launch executor app-20190619075614-0002/21 for TeraSort
19/06/19 07:56:14 INFO spark.SecurityManager: Changing view acls to: root
19/06/19 07:56:14 INFO spark.SecurityManager: Changing view acls to: root
19/06/19 07:56:14 INFO spark.SecurityManager: Changing modify acls to: root
19/06/19 07:56:14 INFO spark.SecurityManager: Changing modify acls to: root
19/06/19 07:56:14 INFO spark.SecurityManager: Changing view acls groups to: 
19/06/19 07:56:14 INFO spark.SecurityManager: Changing view acls groups to: 
19/06/19 07:56:14 INFO spark.SecurityManager: Changing modify acls groups to: 
19/06/19 07:56:14 INFO spark.SecurityManager: Changing modify acls groups to: 
19/06/19 07:56:14 INFO spark.SecurityManager: SecurityManager: authentication disabled; ui acls disabled; users  with view permissions: Set(root); groups with view permissions: Set(); users  with modify permissions: Set(root); groups with modify permissions: Set()
19/06/19 07:56:14 INFO worker.Worker: Asked to launch executor app-20190619075614-0002/22 for TeraSort
19/06/19 07:56:14 INFO spark.SecurityManager: SecurityManager: authentication disabled; ui acls disabled; users  with view permissions: Set(root); groups with view permissions: Set(); users  with modify permissions: Set(root); groups with modify permissions: Set()
19/06/19 07:56:14 INFO spark.SecurityManager: Changing view acls to: root
19/06/19 07:56:14 INFO spark.SecurityManager: Changing modify acls to: root
19/06/19 07:56:14 INFO spark.SecurityManager: Changing view acls groups to: 
19/06/19 07:56:14 INFO spark.SecurityManager: Changing modify acls groups to: 
19/06/19 07:56:14 INFO spark.SecurityManager: SecurityManager: authentication disabled; ui acls disabled; users  with view permissions: Set(root); groups with view permissions: Set(); users  with modify permissions: Set(root); groups with modify permissions: Set()
19/06/19 07:56:14 INFO worker.Worker: Asked to launch executor app-20190619075614-0002/23 for TeraSort
19/06/19 07:56:14 INFO spark.SecurityManager: Changing view acls to: root
19/06/19 07:56:14 INFO spark.SecurityManager: Changing modify acls to: root
19/06/19 07:56:14 INFO spark.SecurityManager: Changing view acls groups to: 
19/06/19 07:56:14 INFO spark.SecurityManager: Changing modify acls groups to: 
19/06/19 07:56:14 INFO spark.SecurityManager: SecurityManager: authentication disabled; ui acls disabled; users  with view permissions: Set(root); groups with view permissions: Set(); users  with modify permissions: Set(root); groups with modify permissions: Set()
19/06/19 07:56:14 INFO worker.Worker: Asked to launch executor app-20190619075614-0002/24 for TeraSort
19/06/19 07:56:14 INFO spark.SecurityManager: Changing view acls to: root
19/06/19 07:56:14 INFO spark.SecurityManager: Changing modify acls to: root
19/06/19 07:56:14 INFO spark.SecurityManager: Changing view acls groups to: 
19/06/19 07:56:14 INFO spark.SecurityManager: Changing modify acls groups to: 
19/06/19 07:56:14 INFO spark.SecurityManager: SecurityManager: authentication disabled; ui acls disabled; users  with view permissions: Set(root); groups with view permissions: Set(); users  with modify permissions: Set(root); groups with modify permissions: Set()
19/06/19 07:56:14 INFO worker.Worker: Asked to launch executor app-20190619075614-0002/25 for TeraSort
19/06/19 07:56:14 INFO spark.SecurityManager: Changing view acls to: root
19/06/19 07:56:14 INFO spark.SecurityManager: Changing modify acls to: root
19/06/19 07:56:14 INFO spark.SecurityManager: Changing view acls groups to: 
19/06/19 07:56:14 INFO spark.SecurityManager: Changing modify acls groups to: 
19/06/19 07:56:14 INFO spark.SecurityManager: SecurityManager: authentication disabled; ui acls disabled; users  with view permissions: Set(root); groups with view permissions: Set(); users  with modify permissions: Set(root); groups with modify permissions: Set()
19/06/19 07:56:14 INFO worker.Worker: Asked to launch executor app-20190619075614-0002/26 for TeraSort
19/06/19 07:56:14 INFO spark.SecurityManager: Changing view acls to: root
19/06/19 07:56:14 INFO spark.SecurityManager: Changing modify acls to: root
19/06/19 07:56:14 INFO spark.SecurityManager: Changing view acls groups to: 
19/06/19 07:56:14 INFO worker.Worker: Asked to launch executor app-20190619075614-0002/27 for TeraSort
19/06/19 07:56:14 INFO spark.SecurityManager: Changing modify acls groups to: 
19/06/19 07:56:14 INFO spark.SecurityManager: SecurityManager: authentication disabled; ui acls disabled; users  with view permissions: Set(root); groups with view permissions: Set(); users  with modify permissions: Set(root); groups with modify permissions: Set()
19/06/19 07:56:14 INFO spark.SecurityManager: Changing view acls to: root
19/06/19 07:56:14 INFO worker.Worker: Asked to launch executor app-20190619075614-0002/28 for TeraSort
19/06/19 07:56:14 INFO spark.SecurityManager: Changing modify acls to: root
19/06/19 07:56:14 INFO spark.SecurityManager: Changing view acls groups to: 
19/06/19 07:56:14 INFO spark.SecurityManager: Changing modify acls groups to: 
19/06/19 07:56:14 INFO spark.SecurityManager: SecurityManager: authentication disabled; ui acls disabled; users  with view permissions: Set(root); groups with view permissions: Set(); users  with modify permissions: Set(root); groups with modify permissions: Set()
19/06/19 07:56:14 INFO worker.Worker: Asked to launch executor app-20190619075614-0002/29 for TeraSort
19/06/19 07:56:14 INFO spark.SecurityManager: Changing view acls to: root
19/06/19 07:56:14 INFO spark.SecurityManager: Changing view acls to: root
19/06/19 07:56:14 INFO spark.SecurityManager: Changing modify acls to: root
19/06/19 07:56:14 INFO spark.SecurityManager: Changing view acls groups to: 
19/06/19 07:56:14 INFO spark.SecurityManager: Changing modify acls groups to: 
19/06/19 07:56:14 INFO spark.SecurityManager: SecurityManager: authentication disabled; ui acls disabled; users  with view permissions: Set(root); groups with view permissions: Set(); users  with modify permissions: Set(root); groups with modify permissions: Set()
19/06/19 07:56:14 INFO worker.ExecutorRunner: Launch command: "/opt/jdk1.8.0_131/jre/bin/java" "-cp" "/var/tmp/spark2.0hpcplatform/lib/firesteel-2.4.0.jar:/var/tmp/spark2.0hpcplatform/multicore/worker25/conf/:/var/tmp/spark2.0hpcplatform/multicore/worker25/assembly/target/scala-2.11/jars/*:/opt/hadoop/etc/hadoop/" "-Xmx8192M" "-Dspark.rpc.numRetries=5" "-Dspark.driver.port=43673" "-Dspark.network.timeout=20000" "-Dspark.rpc.netty.dispatcher.numThreads=10" "-XX:-UseBiasedLocking" "org.apache.spark.executor.CoarseGrainedExecutorBackend" "--driver-url" "spark://CoarseGrainedScheduler@mdc-ch1-cust4.mdc.ext.hpe.com:43673" "--executor-id" "23" "--hostname" "mdc-ch1-cust4" "--cores" "1" "--app-id" "app-20190619075614-0002" "--worker-url" "spark://Worker@mdc-ch1-cust4:42839"
19/06/19 07:56:14 INFO spark.SecurityManager: Changing modify acls to: root
19/06/19 07:56:14 INFO spark.SecurityManager: Changing view acls groups to: 
19/06/19 07:56:14 INFO spark.SecurityManager: Changing modify acls groups to: 
19/06/19 07:56:14 INFO spark.SecurityManager: SecurityManager: authentication disabled; ui acls disabled; users  with view permissions: Set(root); groups with view permissions: Set(); users  with modify permissions: Set(root); groups with modify permissions: Set()
19/06/19 07:56:14 INFO worker.ExecutorRunner: Launch command: "/opt/jdk1.8.0_131/jre/bin/java" "-cp" "/var/tmp/spark2.0hpcplatform/lib/firesteel-2.4.0.jar:/var/tmp/spark2.0hpcplatform/multicore/worker25/conf/:/var/tmp/spark2.0hpcplatform/multicore/worker25/assembly/target/scala-2.11/jars/*:/opt/hadoop/etc/hadoop/" "-Xmx8192M" "-Dspark.rpc.numRetries=5" "-Dspark.driver.port=43673" "-Dspark.network.timeout=20000" "-Dspark.rpc.netty.dispatcher.numThreads=10" "-XX:-UseBiasedLocking" "org.apache.spark.executor.CoarseGrainedExecutorBackend" "--driver-url" "spark://CoarseGrainedScheduler@mdc-ch1-cust4.mdc.ext.hpe.com:43673" "--executor-id" "22" "--hostname" "mdc-ch1-cust4" "--cores" "1" "--app-id" "app-20190619075614-0002" "--worker-url" "spark://Worker@mdc-ch1-cust4:42839"
19/06/19 07:56:15 INFO worker.ExecutorRunner: Launch command: "/opt/jdk1.8.0_131/jre/bin/java" "-cp" "/var/tmp/spark2.0hpcplatform/lib/firesteel-2.4.0.jar:/var/tmp/spark2.0hpcplatform/multicore/worker25/conf/:/var/tmp/spark2.0hpcplatform/multicore/worker25/assembly/target/scala-2.11/jars/*:/opt/hadoop/etc/hadoop/" "-Xmx8192M" "-Dspark.rpc.numRetries=5" "-Dspark.driver.port=43673" "-Dspark.network.timeout=20000" "-Dspark.rpc.netty.dispatcher.numThreads=10" "-XX:-UseBiasedLocking" "org.apache.spark.executor.CoarseGrainedExecutorBackend" "--driver-url" "spark://CoarseGrainedScheduler@mdc-ch1-cust4.mdc.ext.hpe.com:43673" "--executor-id" "21" "--hostname" "mdc-ch1-cust4" "--cores" "1" "--app-id" "app-20190619075614-0002" "--worker-url" "spark://Worker@mdc-ch1-cust4:42839"
19/06/19 07:56:15 INFO worker.ExecutorRunner: Launch command: "/opt/jdk1.8.0_131/jre/bin/java" "-cp" "/var/tmp/spark2.0hpcplatform/lib/firesteel-2.4.0.jar:/var/tmp/spark2.0hpcplatform/multicore/worker25/conf/:/var/tmp/spark2.0hpcplatform/multicore/worker25/assembly/target/scala-2.11/jars/*:/opt/hadoop/etc/hadoop/" "-Xmx8192M" "-Dspark.rpc.numRetries=5" "-Dspark.driver.port=43673" "-Dspark.network.timeout=20000" "-Dspark.rpc.netty.dispatcher.numThreads=10" "-XX:-UseBiasedLocking" "org.apache.spark.executor.CoarseGrainedExecutorBackend" "--driver-url" "spark://CoarseGrainedScheduler@mdc-ch1-cust4.mdc.ext.hpe.com:43673" "--executor-id" "24" "--hostname" "mdc-ch1-cust4" "--cores" "1" "--app-id" "app-20190619075614-0002" "--worker-url" "spark://Worker@mdc-ch1-cust4:42839"
19/06/19 07:56:15 INFO worker.ExecutorRunner: Launch command: "/opt/jdk1.8.0_131/jre/bin/java" "-cp" "/var/tmp/spark2.0hpcplatform/lib/firesteel-2.4.0.jar:/var/tmp/spark2.0hpcplatform/multicore/worker25/conf/:/var/tmp/spark2.0hpcplatform/multicore/worker25/assembly/target/scala-2.11/jars/*:/opt/hadoop/etc/hadoop/" "-Xmx8192M" "-Dspark.rpc.numRetries=5" "-Dspark.driver.port=43673" "-Dspark.network.timeout=20000" "-Dspark.rpc.netty.dispatcher.numThreads=10" "-XX:-UseBiasedLocking" "org.apache.spark.executor.CoarseGrainedExecutorBackend" "--driver-url" "spark://CoarseGrainedScheduler@mdc-ch1-cust4.mdc.ext.hpe.com:43673" "--executor-id" "27" "--hostname" "mdc-ch1-cust4" "--cores" "1" "--app-id" "app-20190619075614-0002" "--worker-url" "spark://Worker@mdc-ch1-cust4:42839"
19/06/19 07:56:15 INFO worker.ExecutorRunner: Launch command: "/opt/jdk1.8.0_131/jre/bin/java" "-cp" "/var/tmp/spark2.0hpcplatform/lib/firesteel-2.4.0.jar:/var/tmp/spark2.0hpcplatform/multicore/worker25/conf/:/var/tmp/spark2.0hpcplatform/multicore/worker25/assembly/target/scala-2.11/jars/*:/opt/hadoop/etc/hadoop/" "-Xmx8192M" "-Dspark.rpc.numRetries=5" "-Dspark.driver.port=43673" "-Dspark.network.timeout=20000" "-Dspark.rpc.netty.dispatcher.numThreads=10" "-XX:-UseBiasedLocking" "org.apache.spark.executor.CoarseGrainedExecutorBackend" "--driver-url" "spark://CoarseGrainedScheduler@mdc-ch1-cust4.mdc.ext.hpe.com:43673" "--executor-id" "26" "--hostname" "mdc-ch1-cust4" "--cores" "1" "--app-id" "app-20190619075614-0002" "--worker-url" "spark://Worker@mdc-ch1-cust4:42839"
19/06/19 07:56:15 INFO worker.ExecutorRunner: Launch command: "/opt/jdk1.8.0_131/jre/bin/java" "-cp" "/var/tmp/spark2.0hpcplatform/lib/firesteel-2.4.0.jar:/var/tmp/spark2.0hpcplatform/multicore/worker25/conf/:/var/tmp/spark2.0hpcplatform/multicore/worker25/assembly/target/scala-2.11/jars/*:/opt/hadoop/etc/hadoop/" "-Xmx8192M" "-Dspark.rpc.numRetries=5" "-Dspark.driver.port=43673" "-Dspark.network.timeout=20000" "-Dspark.rpc.netty.dispatcher.numThreads=10" "-XX:-UseBiasedLocking" "org.apache.spark.executor.CoarseGrainedExecutorBackend" "--driver-url" "spark://CoarseGrainedScheduler@mdc-ch1-cust4.mdc.ext.hpe.com:43673" "--executor-id" "20" "--hostname" "mdc-ch1-cust4" "--cores" "1" "--app-id" "app-20190619075614-0002" "--worker-url" "spark://Worker@mdc-ch1-cust4:42839"
19/06/19 07:56:15 INFO worker.ExecutorRunner: Launch command: "/opt/jdk1.8.0_131/jre/bin/java" "-cp" "/var/tmp/spark2.0hpcplatform/lib/firesteel-2.4.0.jar:/var/tmp/spark2.0hpcplatform/multicore/worker25/conf/:/var/tmp/spark2.0hpcplatform/multicore/worker25/assembly/target/scala-2.11/jars/*:/opt/hadoop/etc/hadoop/" "-Xmx8192M" "-Dspark.rpc.numRetries=5" "-Dspark.driver.port=43673" "-Dspark.network.timeout=20000" "-Dspark.rpc.netty.dispatcher.numThreads=10" "-XX:-UseBiasedLocking" "org.apache.spark.executor.CoarseGrainedExecutorBackend" "--driver-url" "spark://CoarseGrainedScheduler@mdc-ch1-cust4.mdc.ext.hpe.com:43673" "--executor-id" "29" "--hostname" "mdc-ch1-cust4" "--cores" "1" "--app-id" "app-20190619075614-0002" "--worker-url" "spark://Worker@mdc-ch1-cust4:42839"
19/06/19 07:56:15 INFO worker.ExecutorRunner: Launch command: "/opt/jdk1.8.0_131/jre/bin/java" "-cp" "/var/tmp/spark2.0hpcplatform/lib/firesteel-2.4.0.jar:/var/tmp/spark2.0hpcplatform/multicore/worker25/conf/:/var/tmp/spark2.0hpcplatform/multicore/worker25/assembly/target/scala-2.11/jars/*:/opt/hadoop/etc/hadoop/" "-Xmx8192M" "-Dspark.rpc.numRetries=5" "-Dspark.driver.port=43673" "-Dspark.network.timeout=20000" "-Dspark.rpc.netty.dispatcher.numThreads=10" "-XX:-UseBiasedLocking" "org.apache.spark.executor.CoarseGrainedExecutorBackend" "--driver-url" "spark://CoarseGrainedScheduler@mdc-ch1-cust4.mdc.ext.hpe.com:43673" "--executor-id" "28" "--hostname" "mdc-ch1-cust4" "--cores" "1" "--app-id" "app-20190619075614-0002" "--worker-url" "spark://Worker@mdc-ch1-cust4:42839"
19/06/19 07:56:15 INFO worker.ExecutorRunner: Launch command: "/opt/jdk1.8.0_131/jre/bin/java" "-cp" "/var/tmp/spark2.0hpcplatform/lib/firesteel-2.4.0.jar:/var/tmp/spark2.0hpcplatform/multicore/worker25/conf/:/var/tmp/spark2.0hpcplatform/multicore/worker25/assembly/target/scala-2.11/jars/*:/opt/hadoop/etc/hadoop/" "-Xmx8192M" "-Dspark.rpc.numRetries=5" "-Dspark.driver.port=43673" "-Dspark.network.timeout=20000" "-Dspark.rpc.netty.dispatcher.numThreads=10" "-XX:-UseBiasedLocking" "org.apache.spark.executor.CoarseGrainedExecutorBackend" "--driver-url" "spark://CoarseGrainedScheduler@mdc-ch1-cust4.mdc.ext.hpe.com:43673" "--executor-id" "25" "--hostname" "mdc-ch1-cust4" "--cores" "1" "--app-id" "app-20190619075614-0002" "--worker-url" "spark://Worker@mdc-ch1-cust4:42839"
19/06/19 10:49:05 ERROR worker.Worker: RECEIVED SIGNAL TERM
19/06/19 10:49:06 INFO worker.ExecutorRunner: Killing process!
19/06/19 10:49:07 INFO worker.Worker: mdc-ch1-cust4:7077 Disassociated !
19/06/19 10:49:07 ERROR worker.Worker: Connection to master failed! Waiting for master to reconnect...
19/06/19 10:49:07 INFO worker.Worker: mdc-ch1-cust4.mdc.ext.hpe.com:7077 Disassociated !
19/06/19 10:49:07 ERROR worker.Worker: Connection to master failed! Waiting for master to reconnect...
19/06/19 10:49:07 INFO worker.Worker: Not spawning another attempt to register with the master, since there is an attempt scheduled already.
19/06/19 10:49:07 INFO worker.Worker: Connecting to master mdc-ch1-cust4:7077...
19/06/19 10:49:08 INFO client.TransportClientFactory: Found inactive connection to mdc-ch1-cust4/10.1.1.4:7077, creating a new one.
19/06/19 10:49:10 WARN worker.Worker: Failed to connect to master mdc-ch1-cust4:7077
org.apache.spark.SparkException: Exception thrown in awaitResult: 
	at org.apache.spark.util.ThreadUtils$.awaitResult(ThreadUtils.scala:226)
	at org.apache.spark.rpc.RpcTimeout.awaitResult(RpcTimeout.scala:75)
	at org.apache.spark.rpc.RpcEnv.setupEndpointRefByURI(RpcEnv.scala:101)
	at org.apache.spark.rpc.RpcEnv.setupEndpointRef(RpcEnv.scala:109)
	at org.apache.spark.deploy.worker.Worker$$anonfun$org$apache$spark$deploy$worker$Worker$$tryRegisterAllMasters$1$$anon$1.run(Worker.scala:253)
	at java.util.concurrent.Executors$RunnableAdapter.call(Executors.java:511)
	at java.util.concurrent.FutureTask.run(FutureTask.java:266)
	at java.util.concurrent.ThreadPoolExecutor.runWorker(ThreadPoolExecutor.java:1142)
	at java.util.concurrent.ThreadPoolExecutor$Worker.run(ThreadPoolExecutor.java:617)
	at java.lang.Thread.run(Thread.java:748)
Caused by: java.io.IOException: Failed to connect to mdc-ch1-cust4/10.1.1.4:7077
	at org.apache.spark.network.client.TransportClientFactory.createClient(TransportClientFactory.java:245)
	at org.apache.spark.network.client.TransportClientFactory.createClient(TransportClientFactory.java:187)
	at org.apache.spark.rpc.netty.NettyRpcEnv.createClient(NettyRpcEnv.scala:198)
	at org.apache.spark.rpc.netty.Outbox$$anon$1.call(Outbox.scala:194)
	at org.apache.spark.rpc.netty.Outbox$$anon$1.call(Outbox.scala:190)
	... 4 more
Caused by: io.netty.channel.AbstractChannel$AnnotatedConnectException: Connection refused: mdc-ch1-cust4/10.1.1.4:7077
	at sun.nio.ch.SocketChannelImpl.checkConnect(Native Method)
	at sun.nio.ch.SocketChannelImpl.finishConnect(SocketChannelImpl.java:717)
	at io.netty.channel.socket.nio.NioSocketChannel.doFinishConnect(NioSocketChannel.java:323)
	at io.netty.channel.nio.AbstractNioChannel$AbstractNioUnsafe.finishConnect(AbstractNioChannel.java:340)
	at io.netty.channel.nio.NioEventLoop.processSelectedKey(NioEventLoop.java:633)
	at io.netty.channel.nio.NioEventLoop.processSelectedKeysOptimized(NioEventLoop.java:580)
	at io.netty.channel.nio.NioEventLoop.processSelectedKeys(NioEventLoop.java:497)
	at io.netty.channel.nio.NioEventLoop.run(NioEventLoop.java:459)
	at io.netty.util.concurrent.SingleThreadEventExecutor$5.run(SingleThreadEventExecutor.java:858)
	at io.netty.util.concurrent.DefaultThreadFactory$DefaultRunnableDecorator.run(DefaultThreadFactory.java:138)
	... 1 more
Caused by: java.net.ConnectException: Connection refused
	... 11 more
19/06/19 10:49:19 INFO worker.Worker: Retrying connection to master (attempt # 1)
19/06/19 10:49:19 INFO worker.Worker: Connecting to master mdc-ch1-cust4.mdc.ext.hpe.com:7077...
19/06/19 10:49:20 WARN worker.Worker: Failed to connect to master mdc-ch1-cust4.mdc.ext.hpe.com:7077
org.apache.spark.SparkException: Exception thrown in awaitResult: 
	at org.apache.spark.util.ThreadUtils$.awaitResult(ThreadUtils.scala:226)
	at org.apache.spark.rpc.RpcTimeout.awaitResult(RpcTimeout.scala:75)
	at org.apache.spark.rpc.RpcEnv.setupEndpointRefByURI(RpcEnv.scala:101)
	at org.apache.spark.rpc.RpcEnv.setupEndpointRef(RpcEnv.scala:109)
	at org.apache.spark.deploy.worker.Worker$$anonfun$org$apache$spark$deploy$worker$Worker$$reregisterWithMaster$1$$anon$2.run(Worker.scala:310)
	at java.util.concurrent.Executors$RunnableAdapter.call(Executors.java:511)
	at java.util.concurrent.FutureTask.run(FutureTask.java:266)
	at java.util.concurrent.ThreadPoolExecutor.runWorker(ThreadPoolExecutor.java:1142)
	at java.util.concurrent.ThreadPoolExecutor$Worker.run(ThreadPoolExecutor.java:617)
	at java.lang.Thread.run(Thread.java:748)
Caused by: java.io.IOException: Failed to connect to mdc-ch1-cust4.mdc.ext.hpe.com/10.1.1.4:7077
	at org.apache.spark.network.client.TransportClientFactory.createClient(TransportClientFactory.java:245)
	at org.apache.spark.network.client.TransportClientFactory.createClient(TransportClientFactory.java:187)
	at org.apache.spark.rpc.netty.NettyRpcEnv.createClient(NettyRpcEnv.scala:198)
	at org.apache.spark.rpc.netty.Outbox$$anon$1.call(Outbox.scala:194)
	at org.apache.spark.rpc.netty.Outbox$$anon$1.call(Outbox.scala:190)
	... 4 more
Caused by: io.netty.channel.AbstractChannel$AnnotatedConnectException: Connection refused: mdc-ch1-cust4.mdc.ext.hpe.com/10.1.1.4:7077
	at sun.nio.ch.SocketChannelImpl.checkConnect(Native Method)
	at sun.nio.ch.SocketChannelImpl.finishConnect(SocketChannelImpl.java:717)
	at io.netty.channel.socket.nio.NioSocketChannel.doFinishConnect(NioSocketChannel.java:323)
	at io.netty.channel.nio.AbstractNioChannel$AbstractNioUnsafe.finishConnect(AbstractNioChannel.java:340)
	at io.netty.channel.nio.NioEventLoop.processSelectedKey(NioEventLoop.java:633)
	at io.netty.channel.nio.NioEventLoop.processSelectedKeysOptimized(NioEventLoop.java:580)
	at io.netty.channel.nio.NioEventLoop.processSelectedKeys(NioEventLoop.java:497)
	at io.netty.channel.nio.NioEventLoop.run(NioEventLoop.java:459)
	at io.netty.util.concurrent.SingleThreadEventExecutor$5.run(SingleThreadEventExecutor.java:858)
	at io.netty.util.concurrent.DefaultThreadFactory$DefaultRunnableDecorator.run(DefaultThreadFactory.java:138)
	... 1 more
Caused by: java.net.ConnectException: Connection refused
	... 11 more
19/06/19 10:49:28 WARN util.Utils: Timed out waiting to forcibly kill process
19/06/19 10:49:28 WARN worker.ExecutorRunner: Failed to terminate process: java.lang.UNIXProcess@7d03fbb6. This process will likely be orphaned.
19/06/19 10:49:28 INFO worker.ExecutorRunner: Killing process!
19/06/19 10:49:28 INFO worker.Worker: Executor app-20190619075614-0002/20 finished with state FAILED message Worker shutting down
19/06/19 10:49:28 INFO shuffle.ExternalShuffleBlockResolver: Clean up non-shuffle files associated with the finished executor 20
19/06/19 10:49:28 INFO shuffle.ExternalShuffleBlockResolver: Executor is not registered (appId=app-20190619075614-0002, execId=20)
19/06/19 10:49:31 INFO worker.Worker: Retrying connection to master (attempt # 2)
19/06/19 10:49:31 INFO worker.Worker: Connecting to master mdc-ch1-cust4.mdc.ext.hpe.com:7077...
19/06/19 10:49:32 WARN worker.Worker: Failed to connect to master mdc-ch1-cust4.mdc.ext.hpe.com:7077
org.apache.spark.SparkException: Exception thrown in awaitResult: 
	at org.apache.spark.util.ThreadUtils$.awaitResult(ThreadUtils.scala:226)
	at org.apache.spark.rpc.RpcTimeout.awaitResult(RpcTimeout.scala:75)
	at org.apache.spark.rpc.RpcEnv.setupEndpointRefByURI(RpcEnv.scala:101)
	at org.apache.spark.rpc.RpcEnv.setupEndpointRef(RpcEnv.scala:109)
	at org.apache.spark.deploy.worker.Worker$$anonfun$org$apache$spark$deploy$worker$Worker$$reregisterWithMaster$1$$anon$2.run(Worker.scala:310)
	at java.util.concurrent.Executors$RunnableAdapter.call(Executors.java:511)
	at java.util.concurrent.FutureTask.run(FutureTask.java:266)
	at java.util.concurrent.ThreadPoolExecutor.runWorker(ThreadPoolExecutor.java:1142)
	at java.util.concurrent.ThreadPoolExecutor$Worker.run(ThreadPoolExecutor.java:617)
	at java.lang.Thread.run(Thread.java:748)
Caused by: java.io.IOException: Failed to connect to mdc-ch1-cust4.mdc.ext.hpe.com/10.1.1.4:7077
	at org.apache.spark.network.client.TransportClientFactory.createClient(TransportClientFactory.java:245)
	at org.apache.spark.network.client.TransportClientFactory.createClient(TransportClientFactory.java:187)
	at org.apache.spark.rpc.netty.NettyRpcEnv.createClient(NettyRpcEnv.scala:198)
	at org.apache.spark.rpc.netty.Outbox$$anon$1.call(Outbox.scala:194)
	at org.apache.spark.rpc.netty.Outbox$$anon$1.call(Outbox.scala:190)
	... 4 more
Caused by: io.netty.channel.AbstractChannel$AnnotatedConnectException: Connection refused: mdc-ch1-cust4.mdc.ext.hpe.com/10.1.1.4:7077
	at sun.nio.ch.SocketChannelImpl.checkConnect(Native Method)
	at sun.nio.ch.SocketChannelImpl.finishConnect(SocketChannelImpl.java:717)
	at io.netty.channel.socket.nio.NioSocketChannel.doFinishConnect(NioSocketChannel.java:323)
	at io.netty.channel.nio.AbstractNioChannel$AbstractNioUnsafe.finishConnect(AbstractNioChannel.java:340)
	at io.netty.channel.nio.NioEventLoop.processSelectedKey(NioEventLoop.java:633)
	at io.netty.channel.nio.NioEventLoop.processSelectedKeysOptimized(NioEventLoop.java:580)
	at io.netty.channel.nio.NioEventLoop.processSelectedKeys(NioEventLoop.java:497)
	at io.netty.channel.nio.NioEventLoop.run(NioEventLoop.java:459)
	at io.netty.util.concurrent.SingleThreadEventExecutor$5.run(SingleThreadEventExecutor.java:858)
	at io.netty.util.concurrent.DefaultThreadFactory$DefaultRunnableDecorator.run(DefaultThreadFactory.java:138)
	... 1 more
Caused by: java.net.ConnectException: Connection refused
	... 11 more
19/06/19 10:49:43 INFO worker.Worker: Retrying connection to master (attempt # 3)
19/06/19 10:49:43 INFO worker.Worker: Connecting to master mdc-ch1-cust4.mdc.ext.hpe.com:7077...
19/06/19 10:49:44 WARN worker.Worker: Failed to connect to master mdc-ch1-cust4.mdc.ext.hpe.com:7077
org.apache.spark.SparkException: Exception thrown in awaitResult: 
	at org.apache.spark.util.ThreadUtils$.awaitResult(ThreadUtils.scala:226)
	at org.apache.spark.rpc.RpcTimeout.awaitResult(RpcTimeout.scala:75)
	at org.apache.spark.rpc.RpcEnv.setupEndpointRefByURI(RpcEnv.scala:101)
	at org.apache.spark.rpc.RpcEnv.setupEndpointRef(RpcEnv.scala:109)
	at org.apache.spark.deploy.worker.Worker$$anonfun$org$apache$spark$deploy$worker$Worker$$reregisterWithMaster$1$$anon$2.run(Worker.scala:310)
	at java.util.concurrent.Executors$RunnableAdapter.call(Executors.java:511)
	at java.util.concurrent.FutureTask.run(FutureTask.java:266)
	at java.util.concurrent.ThreadPoolExecutor.runWorker(ThreadPoolExecutor.java:1142)
	at java.util.concurrent.ThreadPoolExecutor$Worker.run(ThreadPoolExecutor.java:617)
	at java.lang.Thread.run(Thread.java:748)
Caused by: java.io.IOException: Failed to connect to mdc-ch1-cust4.mdc.ext.hpe.com/10.1.1.4:7077
	at org.apache.spark.network.client.TransportClientFactory.createClient(TransportClientFactory.java:245)
	at org.apache.spark.network.client.TransportClientFactory.createClient(TransportClientFactory.java:187)
	at org.apache.spark.rpc.netty.NettyRpcEnv.createClient(NettyRpcEnv.scala:198)
	at org.apache.spark.rpc.netty.Outbox$$anon$1.call(Outbox.scala:194)
	at org.apache.spark.rpc.netty.Outbox$$anon$1.call(Outbox.scala:190)
	... 4 more
Caused by: io.netty.channel.AbstractChannel$AnnotatedConnectException: Connection refused: mdc-ch1-cust4.mdc.ext.hpe.com/10.1.1.4:7077
	at sun.nio.ch.SocketChannelImpl.checkConnect(Native Method)
	at sun.nio.ch.SocketChannelImpl.finishConnect(SocketChannelImpl.java:717)
	at io.netty.channel.socket.nio.NioSocketChannel.doFinishConnect(NioSocketChannel.java:323)
	at io.netty.channel.nio.AbstractNioChannel$AbstractNioUnsafe.finishConnect(AbstractNioChannel.java:340)
	at io.netty.channel.nio.NioEventLoop.processSelectedKey(NioEventLoop.java:633)
	at io.netty.channel.nio.NioEventLoop.processSelectedKeysOptimized(NioEventLoop.java:580)
	at io.netty.channel.nio.NioEventLoop.processSelectedKeys(NioEventLoop.java:497)
	at io.netty.channel.nio.NioEventLoop.run(NioEventLoop.java:459)
	at io.netty.util.concurrent.SingleThreadEventExecutor$5.run(SingleThreadEventExecutor.java:858)
	at io.netty.util.concurrent.DefaultThreadFactory$DefaultRunnableDecorator.run(DefaultThreadFactory.java:138)
	... 1 more
Caused by: java.net.ConnectException: Connection refused
	... 11 more
19/06/19 10:49:48 WARN util.Utils: Timed out waiting to forcibly kill process
19/06/19 10:49:48 WARN worker.ExecutorRunner: Failed to terminate process: java.lang.UNIXProcess@199c5651. This process will likely be orphaned.
19/06/19 10:49:48 INFO worker.ExecutorRunner: Killing process!
19/06/19 10:49:48 INFO worker.Worker: Executor app-20190619075614-0002/29 finished with state FAILED message Worker shutting down
19/06/19 10:49:48 INFO shuffle.ExternalShuffleBlockResolver: Clean up non-shuffle files associated with the finished executor 29
19/06/19 10:49:48 INFO shuffle.ExternalShuffleBlockResolver: Executor is not registered (appId=app-20190619075614-0002, execId=29)
19/06/19 10:49:55 INFO worker.Worker: Retrying connection to master (attempt # 4)
19/06/19 10:49:55 INFO worker.Worker: Connecting to master mdc-ch1-cust4.mdc.ext.hpe.com:7077...
19/06/19 10:49:56 WARN worker.Worker: Failed to connect to master mdc-ch1-cust4.mdc.ext.hpe.com:7077
org.apache.spark.SparkException: Exception thrown in awaitResult: 
	at org.apache.spark.util.ThreadUtils$.awaitResult(ThreadUtils.scala:226)
	at org.apache.spark.rpc.RpcTimeout.awaitResult(RpcTimeout.scala:75)
	at org.apache.spark.rpc.RpcEnv.setupEndpointRefByURI(RpcEnv.scala:101)
	at org.apache.spark.rpc.RpcEnv.setupEndpointRef(RpcEnv.scala:109)
	at org.apache.spark.deploy.worker.Worker$$anonfun$org$apache$spark$deploy$worker$Worker$$reregisterWithMaster$1$$anon$2.run(Worker.scala:310)
	at java.util.concurrent.Executors$RunnableAdapter.call(Executors.java:511)
	at java.util.concurrent.FutureTask.run(FutureTask.java:266)
	at java.util.concurrent.ThreadPoolExecutor.runWorker(ThreadPoolExecutor.java:1142)
	at java.util.concurrent.ThreadPoolExecutor$Worker.run(ThreadPoolExecutor.java:617)
	at java.lang.Thread.run(Thread.java:748)
Caused by: java.io.IOException: Failed to connect to mdc-ch1-cust4.mdc.ext.hpe.com/10.1.1.4:7077
	at org.apache.spark.network.client.TransportClientFactory.createClient(TransportClientFactory.java:245)
	at org.apache.spark.network.client.TransportClientFactory.createClient(TransportClientFactory.java:187)
	at org.apache.spark.rpc.netty.NettyRpcEnv.createClient(NettyRpcEnv.scala:198)
	at org.apache.spark.rpc.netty.Outbox$$anon$1.call(Outbox.scala:194)
	at org.apache.spark.rpc.netty.Outbox$$anon$1.call(Outbox.scala:190)
	... 4 more
Caused by: io.netty.channel.AbstractChannel$AnnotatedConnectException: Connection refused: mdc-ch1-cust4.mdc.ext.hpe.com/10.1.1.4:7077
	at sun.nio.ch.SocketChannelImpl.checkConnect(Native Method)
	at sun.nio.ch.SocketChannelImpl.finishConnect(SocketChannelImpl.java:717)
	at io.netty.channel.socket.nio.NioSocketChannel.doFinishConnect(NioSocketChannel.java:323)
	at io.netty.channel.nio.AbstractNioChannel$AbstractNioUnsafe.finishConnect(AbstractNioChannel.java:340)
	at io.netty.channel.nio.NioEventLoop.processSelectedKey(NioEventLoop.java:633)
	at io.netty.channel.nio.NioEventLoop.processSelectedKeysOptimized(NioEventLoop.java:580)
	at io.netty.channel.nio.NioEventLoop.processSelectedKeys(NioEventLoop.java:497)
	at io.netty.channel.nio.NioEventLoop.run(NioEventLoop.java:459)
	at io.netty.util.concurrent.SingleThreadEventExecutor$5.run(SingleThreadEventExecutor.java:858)
	at io.netty.util.concurrent.DefaultThreadFactory$DefaultRunnableDecorator.run(DefaultThreadFactory.java:138)
	... 1 more
Caused by: java.net.ConnectException: Connection refused
	... 11 more
19/06/19 10:50:07 INFO worker.Worker: Retrying connection to master (attempt # 5)
19/06/19 10:50:07 INFO worker.Worker: Connecting to master mdc-ch1-cust4.mdc.ext.hpe.com:7077...
19/06/19 10:50:07 INFO worker.Worker: Executor app-20190619075614-0002/25 finished with state EXITED message Command exited with code 143 exitStatus 143
19/06/19 10:50:07 INFO shuffle.ExternalShuffleBlockResolver: Clean up non-shuffle files associated with the finished executor 25
19/06/19 10:50:07 INFO shuffle.ExternalShuffleBlockResolver: Executor is not registered (appId=app-20190619075614-0002, execId=25)
19/06/19 10:50:08 WARN util.Utils: Timed out waiting to forcibly kill process
19/06/19 10:50:08 WARN worker.ExecutorRunner: Failed to terminate process: java.lang.UNIXProcess@48572f8d. This process will likely be orphaned.
19/06/19 10:50:08 INFO worker.ExecutorRunner: Killing process!
19/06/19 10:50:08 INFO worker.Worker: Executor app-20190619075614-0002/28 finished with state FAILED message Worker shutting down
19/06/19 10:50:08 INFO shuffle.ExternalShuffleBlockResolver: Clean up non-shuffle files associated with the finished executor 28
19/06/19 10:50:08 INFO shuffle.ExternalShuffleBlockResolver: Executor is not registered (appId=app-20190619075614-0002, execId=28)
19/06/19 10:50:08 WARN worker.Worker: Failed to connect to master mdc-ch1-cust4.mdc.ext.hpe.com:7077
org.apache.spark.SparkException: Exception thrown in awaitResult: 
	at org.apache.spark.util.ThreadUtils$.awaitResult(ThreadUtils.scala:226)
	at org.apache.spark.rpc.RpcTimeout.awaitResult(RpcTimeout.scala:75)
	at org.apache.spark.rpc.RpcEnv.setupEndpointRefByURI(RpcEnv.scala:101)
	at org.apache.spark.rpc.RpcEnv.setupEndpointRef(RpcEnv.scala:109)
	at org.apache.spark.deploy.worker.Worker$$anonfun$org$apache$spark$deploy$worker$Worker$$reregisterWithMaster$1$$anon$2.run(Worker.scala:310)
	at java.util.concurrent.Executors$RunnableAdapter.call(Executors.java:511)
	at java.util.concurrent.FutureTask.run(FutureTask.java:266)
	at java.util.concurrent.ThreadPoolExecutor.runWorker(ThreadPoolExecutor.java:1142)
	at java.util.concurrent.ThreadPoolExecutor$Worker.run(ThreadPoolExecutor.java:617)
	at java.lang.Thread.run(Thread.java:748)
Caused by: java.io.IOException: Failed to connect to mdc-ch1-cust4.mdc.ext.hpe.com/10.1.1.4:7077
	at org.apache.spark.network.client.TransportClientFactory.createClient(TransportClientFactory.java:245)
	at org.apache.spark.network.client.TransportClientFactory.createClient(TransportClientFactory.java:187)
	at org.apache.spark.rpc.netty.NettyRpcEnv.createClient(NettyRpcEnv.scala:198)
	at org.apache.spark.rpc.netty.Outbox$$anon$1.call(Outbox.scala:194)
	at org.apache.spark.rpc.netty.Outbox$$anon$1.call(Outbox.scala:190)
	... 4 more
Caused by: io.netty.channel.AbstractChannel$AnnotatedConnectException: Connection refused: mdc-ch1-cust4.mdc.ext.hpe.com/10.1.1.4:7077
	at sun.nio.ch.SocketChannelImpl.checkConnect(Native Method)
	at sun.nio.ch.SocketChannelImpl.finishConnect(SocketChannelImpl.java:717)
	at io.netty.channel.socket.nio.NioSocketChannel.doFinishConnect(NioSocketChannel.java:323)
	at io.netty.channel.nio.AbstractNioChannel$AbstractNioUnsafe.finishConnect(AbstractNioChannel.java:340)
	at io.netty.channel.nio.NioEventLoop.processSelectedKey(NioEventLoop.java:633)
	at io.netty.channel.nio.NioEventLoop.processSelectedKeysOptimized(NioEventLoop.java:580)
	at io.netty.channel.nio.NioEventLoop.processSelectedKeys(NioEventLoop.java:497)
	at io.netty.channel.nio.NioEventLoop.run(NioEventLoop.java:459)
	at io.netty.util.concurrent.SingleThreadEventExecutor$5.run(SingleThreadEventExecutor.java:858)
	at io.netty.util.concurrent.DefaultThreadFactory$DefaultRunnableDecorator.run(DefaultThreadFactory.java:138)
	... 1 more
Caused by: java.net.ConnectException: Connection refused
	... 11 more
19/06/19 10:50:12 INFO worker.Worker: Executor app-20190619075614-0002/21 finished with state EXITED message Command exited with code 143 exitStatus 143
19/06/19 10:50:12 INFO shuffle.ExternalShuffleBlockResolver: Clean up non-shuffle files associated with the finished executor 21
19/06/19 10:50:12 INFO shuffle.ExternalShuffleBlockResolver: Executor is not registered (appId=app-20190619075614-0002, execId=21)
19/06/19 10:50:17 INFO worker.Worker: Unknown Executor app-20190619075614-0002/20 finished with state EXITED message Command exited with code 143 exitStatus 143
19/06/19 10:50:17 INFO worker.Worker: Executor app-20190619075614-0002/27 finished with state FAILED message Worker shutting down exitStatus 143
19/06/19 10:50:17 INFO shuffle.ExternalShuffleBlockResolver: Clean up non-shuffle files associated with the finished executor 27
19/06/19 10:50:17 INFO shuffle.ExternalShuffleBlockResolver: Executor is not registered (appId=app-20190619075614-0002, execId=27)
19/06/19 10:50:17 INFO worker.Worker: Unknown Executor app-20190619075614-0002/27 finished with state EXITED message Command exited with code 143 exitStatus 143
19/06/19 10:50:17 INFO worker.ExecutorRunner: Killing process!
19/06/19 10:50:19 INFO worker.Worker: Retrying connection to master (attempt # 6)
19/06/19 10:50:19 INFO worker.Worker: Connecting to master mdc-ch1-cust4.mdc.ext.hpe.com:7077...
19/06/19 10:50:20 WARN worker.Worker: Failed to connect to master mdc-ch1-cust4.mdc.ext.hpe.com:7077
org.apache.spark.SparkException: Exception thrown in awaitResult: 
	at org.apache.spark.util.ThreadUtils$.awaitResult(ThreadUtils.scala:226)
	at org.apache.spark.rpc.RpcTimeout.awaitResult(RpcTimeout.scala:75)
	at org.apache.spark.rpc.RpcEnv.setupEndpointRefByURI(RpcEnv.scala:101)
	at org.apache.spark.rpc.RpcEnv.setupEndpointRef(RpcEnv.scala:109)
	at org.apache.spark.deploy.worker.Worker$$anonfun$org$apache$spark$deploy$worker$Worker$$reregisterWithMaster$1$$anon$2.run(Worker.scala:310)
	at java.util.concurrent.Executors$RunnableAdapter.call(Executors.java:511)
	at java.util.concurrent.FutureTask.run(FutureTask.java:266)
	at java.util.concurrent.ThreadPoolExecutor.runWorker(ThreadPoolExecutor.java:1142)
	at java.util.concurrent.ThreadPoolExecutor$Worker.run(ThreadPoolExecutor.java:617)
	at java.lang.Thread.run(Thread.java:748)
Caused by: java.io.IOException: Failed to connect to mdc-ch1-cust4.mdc.ext.hpe.com/10.1.1.4:7077
	at org.apache.spark.network.client.TransportClientFactory.createClient(TransportClientFactory.java:245)
	at org.apache.spark.network.client.TransportClientFactory.createClient(TransportClientFactory.java:187)
	at org.apache.spark.rpc.netty.NettyRpcEnv.createClient(NettyRpcEnv.scala:198)
	at org.apache.spark.rpc.netty.Outbox$$anon$1.call(Outbox.scala:194)
	at org.apache.spark.rpc.netty.Outbox$$anon$1.call(Outbox.scala:190)
	... 4 more
Caused by: io.netty.channel.AbstractChannel$AnnotatedConnectException: Connection refused: mdc-ch1-cust4.mdc.ext.hpe.com/10.1.1.4:7077
	at sun.nio.ch.SocketChannelImpl.checkConnect(Native Method)
	at sun.nio.ch.SocketChannelImpl.finishConnect(SocketChannelImpl.java:717)
	at io.netty.channel.socket.nio.NioSocketChannel.doFinishConnect(NioSocketChannel.java:323)
	at io.netty.channel.nio.AbstractNioChannel$AbstractNioUnsafe.finishConnect(AbstractNioChannel.java:340)
	at io.netty.channel.nio.NioEventLoop.processSelectedKey(NioEventLoop.java:633)
	at io.netty.channel.nio.NioEventLoop.processSelectedKeysOptimized(NioEventLoop.java:580)
	at io.netty.channel.nio.NioEventLoop.processSelectedKeys(NioEventLoop.java:497)
	at io.netty.channel.nio.NioEventLoop.run(NioEventLoop.java:459)
	at io.netty.util.concurrent.SingleThreadEventExecutor$5.run(SingleThreadEventExecutor.java:858)
	at io.netty.util.concurrent.DefaultThreadFactory$DefaultRunnableDecorator.run(DefaultThreadFactory.java:138)
	... 1 more
Caused by: java.net.ConnectException: Connection refused
	... 11 more
19/06/19 10:50:20 INFO worker.Worker: Executor app-20190619075614-0002/24 finished with state EXITED message Command exited with code 143 exitStatus 143
19/06/19 10:50:20 INFO shuffle.ExternalShuffleBlockResolver: Clean up non-shuffle files associated with the finished executor 24
19/06/19 10:50:20 INFO shuffle.ExternalShuffleBlockResolver: Executor is not registered (appId=app-20190619075614-0002, execId=24)
19/06/19 10:50:26 INFO worker.Worker: Unknown Executor app-20190619075614-0002/29 finished with state EXITED message Command exited with code 137 exitStatus 137
19/06/19 10:50:28 INFO worker.Worker: Unknown Executor app-20190619075614-0002/28 finished with state EXITED message Command exited with code 143 exitStatus 143
19/06/19 10:50:31 INFO worker.Worker: Executor app-20190619075614-0002/26 finished with state EXITED message Command exited with code 143 exitStatus 143
19/06/19 10:50:31 INFO shuffle.ExternalShuffleBlockResolver: Clean up non-shuffle files associated with the finished executor 26
19/06/19 10:50:31 INFO shuffle.ExternalShuffleBlockResolver: Executor is not registered (appId=app-20190619075614-0002, execId=26)
19/06/19 10:50:36 INFO worker.Worker: Executor app-20190619075614-0002/23 finished with state EXITED message Command exited with code 143 exitStatus 143
19/06/19 10:50:36 INFO shuffle.ExternalShuffleBlockResolver: Clean up non-shuffle files associated with the finished executor 23
19/06/19 10:50:36 INFO shuffle.ExternalShuffleBlockResolver: Executor is not registered (appId=app-20190619075614-0002, execId=23)
19/06/19 10:50:37 WARN util.Utils: Timed out waiting to forcibly kill process
19/06/19 10:50:37 WARN worker.ExecutorRunner: Failed to terminate process: java.lang.UNIXProcess@4bb4249. This process will likely be orphaned.
19/06/19 10:50:37 INFO worker.ExecutorRunner: Killing process!
19/06/19 10:50:37 INFO worker.Worker: Executor app-20190619075614-0002/22 finished with state FAILED message Worker shutting down
19/06/19 10:50:37 INFO shuffle.ExternalShuffleBlockResolver: Clean up non-shuffle files associated with the finished executor 22
19/06/19 10:50:37 INFO shuffle.ExternalShuffleBlockResolver: Executor is not registered (appId=app-20190619075614-0002, execId=22)
19/06/19 10:50:37 INFO worker.ExecutorRunner: Killing process!
19/06/19 10:50:37 INFO worker.Worker: Unknown Executor app-20190619075614-0002/25 finished with state EXITED message Worker shutting down exitStatus 143
19/06/19 10:50:37 INFO worker.ExecutorRunner: Killing process!
19/06/19 10:50:37 INFO worker.Worker: Unknown Executor app-20190619075614-0002/24 finished with state EXITED message Worker shutting down exitStatus 143
19/06/19 10:50:37 INFO worker.ExecutorRunner: Killing process!
19/06/19 10:50:37 INFO worker.Worker: Unknown Executor app-20190619075614-0002/23 finished with state EXITED message Worker shutting down exitStatus 143
19/06/19 10:50:37 INFO worker.ExecutorRunner: Killing process!
19/06/19 10:50:37 INFO util.ShutdownHookManager: Shutdown hook called
19/06/19 10:50:37 INFO util.ShutdownHookManager: Deleting directory /data/spark-84d7d937-299c-47ce-88f6-0867a3b85814
19/06/19 10:50:37 INFO worker.Worker: Unknown Executor app-20190619075614-0002/26 finished with state EXITED message Worker shutting down exitStatus 143
19/06/19 10:50:37 INFO worker.Worker: Unknown Executor app-20190619075614-0002/21 finished with state EXITED message Worker shutting down exitStatus 143
19/06/19 10:50:38 WARN util.JavaUtils: Attempt to delete using native Unix OS command failed for path = /data/spark-84d7d937-299c-47ce-88f6-0867a3b85814. Falling back to Java IO way
java.io.IOException: Failed to delete: /data/spark-84d7d937-299c-47ce-88f6-0867a3b85814
	at org.apache.spark.network.util.JavaUtils.deleteRecursivelyUsingUnixNative(JavaUtils.java:171)
	at org.apache.spark.network.util.JavaUtils.deleteRecursively(JavaUtils.java:110)
	at org.apache.spark.network.util.JavaUtils.deleteRecursively(JavaUtils.java:91)
	at org.apache.spark.util.Utils$.deleteRecursively(Utils.scala:1062)
	at org.apache.spark.util.ShutdownHookManager$$anonfun$1$$anonfun$apply$mcV$sp$3.apply(ShutdownHookManager.scala:65)
	at org.apache.spark.util.ShutdownHookManager$$anonfun$1$$anonfun$apply$mcV$sp$3.apply(ShutdownHookManager.scala:62)
	at scala.collection.IndexedSeqOptimized$class.foreach(IndexedSeqOptimized.scala:33)
	at scala.collection.mutable.ArrayOps$ofRef.foreach(ArrayOps.scala:186)
	at org.apache.spark.util.ShutdownHookManager$$anonfun$1.apply$mcV$sp(ShutdownHookManager.scala:62)
	at org.apache.spark.util.SparkShutdownHook.run(ShutdownHookManager.scala:216)
	at org.apache.spark.util.SparkShutdownHookManager$$anonfun$runAll$1$$anonfun$apply$mcV$sp$1.apply$mcV$sp(ShutdownHookManager.scala:188)
	at org.apache.spark.util.SparkShutdownHookManager$$anonfun$runAll$1$$anonfun$apply$mcV$sp$1.apply(ShutdownHookManager.scala:188)
	at org.apache.spark.util.SparkShutdownHookManager$$anonfun$runAll$1$$anonfun$apply$mcV$sp$1.apply(ShutdownHookManager.scala:188)
	at org.apache.spark.util.Utils$.logUncaughtExceptions(Utils.scala:1945)
	at org.apache.spark.util.SparkShutdownHookManager$$anonfun$runAll$1.apply$mcV$sp(ShutdownHookManager.scala:188)
	at org.apache.spark.util.SparkShutdownHookManager$$anonfun$runAll$1.apply(ShutdownHookManager.scala:188)
	at org.apache.spark.util.SparkShutdownHookManager$$anonfun$runAll$1.apply(ShutdownHookManager.scala:188)
	at scala.util.Try$.apply(Try.scala:192)
	at org.apache.spark.util.SparkShutdownHookManager.runAll(ShutdownHookManager.scala:188)
	at org.apache.spark.util.SparkShutdownHookManager$$anon$2.run(ShutdownHookManager.scala:178)
	at org.apache.hadoop.util.ShutdownHookManager$1.run(ShutdownHookManager.java:54)
19/06/19 10:50:40 WARN util.JavaUtils: Attempt to delete using native Unix OS command failed for path = /data/spark-84d7d937-299c-47ce-88f6-0867a3b85814/executor-ee18a9fe-2f0e-49a4-82e0-32cdc11256b5. Falling back to Java IO way
java.io.IOException: Failed to delete: /data/spark-84d7d937-299c-47ce-88f6-0867a3b85814/executor-ee18a9fe-2f0e-49a4-82e0-32cdc11256b5
	at org.apache.spark.network.util.JavaUtils.deleteRecursivelyUsingUnixNative(JavaUtils.java:171)
	at org.apache.spark.network.util.JavaUtils.deleteRecursively(JavaUtils.java:110)
	at org.apache.spark.network.util.JavaUtils.deleteRecursivelyUsingJavaIO(JavaUtils.java:128)
	at org.apache.spark.network.util.JavaUtils.deleteRecursively(JavaUtils.java:118)
	at org.apache.spark.network.util.JavaUtils.deleteRecursively(JavaUtils.java:91)
	at org.apache.spark.util.Utils$.deleteRecursively(Utils.scala:1062)
	at org.apache.spark.util.ShutdownHookManager$$anonfun$1$$anonfun$apply$mcV$sp$3.apply(ShutdownHookManager.scala:65)
	at org.apache.spark.util.ShutdownHookManager$$anonfun$1$$anonfun$apply$mcV$sp$3.apply(ShutdownHookManager.scala:62)
	at scala.collection.IndexedSeqOptimized$class.foreach(IndexedSeqOptimized.scala:33)
	at scala.collection.mutable.ArrayOps$ofRef.foreach(ArrayOps.scala:186)
	at org.apache.spark.util.ShutdownHookManager$$anonfun$1.apply$mcV$sp(ShutdownHookManager.scala:62)
	at org.apache.spark.util.SparkShutdownHook.run(ShutdownHookManager.scala:216)
	at org.apache.spark.util.SparkShutdownHookManager$$anonfun$runAll$1$$anonfun$apply$mcV$sp$1.apply$mcV$sp(ShutdownHookManager.scala:188)
	at org.apache.spark.util.SparkShutdownHookManager$$anonfun$runAll$1$$anonfun$apply$mcV$sp$1.apply(ShutdownHookManager.scala:188)
	at org.apache.spark.util.SparkShutdownHookManager$$anonfun$runAll$1$$anonfun$apply$mcV$sp$1.apply(ShutdownHookManager.scala:188)
	at org.apache.spark.util.Utils$.logUncaughtExceptions(Utils.scala:1945)
	at org.apache.spark.util.SparkShutdownHookManager$$anonfun$runAll$1.apply$mcV$sp(ShutdownHookManager.scala:188)
	at org.apache.spark.util.SparkShutdownHookManager$$anonfun$runAll$1.apply(ShutdownHookManager.scala:188)
	at org.apache.spark.util.SparkShutdownHookManager$$anonfun$runAll$1.apply(ShutdownHookManager.scala:188)
	at scala.util.Try$.apply(Try.scala:192)
	at org.apache.spark.util.SparkShutdownHookManager.runAll(ShutdownHookManager.scala:188)
	at org.apache.spark.util.SparkShutdownHookManager$$anon$2.run(ShutdownHookManager.scala:178)
	at org.apache.hadoop.util.ShutdownHookManager$1.run(ShutdownHookManager.java:54)
19/06/19 10:50:40 INFO worker.Worker: Unknown Executor app-20190619075614-0002/22 finished with state EXITED message Command exited with code 143 exitStatus 143
