OpenJDK 64-Bit Server VM warning: sched_getaffinity failed (Invalid argument)- using online processor count (1152) which may exceed available processors
OpenJDK 64-Bit Server VM warning: sched_getaffinity failed (Invalid argument)- using online processor count (1152) which may exceed available processors
OpenJDK 64-Bit Server VM warning: sched_getaffinity failed (Invalid argument)- using online processor count (1152) which may exceed available processors
OpenJDK 64-Bit Server VM warning: sched_getaffinity failed (Invalid argument)- using online processor count (1152) which may exceed available processors
Spark Command: /usr/lib64/jvm/java-1.8.0-openjdk-1.8.0/jre/bin/java -cp /var/tmp/spark2.0hpcplatform/multicore/worker82/conf:/var/tmp/spark2.0hpcplatform/multicore/worker82/assembly/target/scala-2.11/jars/* -Xmx1g org.apache.spark.deploy.worker.Worker --webui-port 8245 spark://mdc-ch1-cust4:7077 -h mdc-ch1-cust4
========================================
OpenJDK 64-Bit Server VM warning: sched_getaffinity failed (Invalid argument)- using online processor count (1152) which may exceed available processors
OpenJDK 64-Bit Server VM warning: sched_getaffinity failed (Invalid argument)- using online processor count (1152) which may exceed available processors
OpenJDK 64-Bit Server VM warning: sched_getaffinity failed (Invalid argument)- using online processor count (1152) which may exceed available processors
OpenJDK 64-Bit Server VM warning: sched_getaffinity failed (Invalid argument)- using online processor count (1152) which may exceed available processors
Using Spark's default log4j profile: org/apache/spark/log4j-defaults.properties
19/06/13 08:59:43 INFO Worker: Started daemon with process name: 621580@mdc-ch1-cust4
19/06/13 08:59:43 INFO SignalUtils: Registered signal handler for TERM
19/06/13 08:59:43 INFO SignalUtils: Registered signal handler for HUP
19/06/13 08:59:43 INFO SignalUtils: Registered signal handler for INT
OpenJDK 64-Bit Server VM warning: sched_getaffinity failed (Invalid argument)- using online processor count (1152) which may exceed available processors
OpenJDK 64-Bit Server VM warning: sched_getaffinity failed (Invalid argument)- using online processor count (1152) which may exceed available processors
19/06/13 08:59:43 WARN NativeCodeLoader: Unable to load native-hadoop library for your platform... using builtin-java classes where applicable
19/06/13 08:59:43 INFO SecurityManager: Changing view acls to: root
19/06/13 08:59:43 INFO SecurityManager: Changing modify acls to: root
19/06/13 08:59:43 INFO SecurityManager: Changing view acls groups to: 
19/06/13 08:59:43 INFO SecurityManager: Changing modify acls groups to: 
19/06/13 08:59:43 INFO SecurityManager: SecurityManager: authentication disabled; ui acls disabled; users  with view permissions: Set(root); groups with view permissions: Set(); users  with modify permissions: Set(root); groups with modify permissions: Set()
OpenJDK 64-Bit Server VM warning: sched_getaffinity failed (Invalid argument)- using online processor count (1152) which may exceed available processors
OpenJDK 64-Bit Server VM warning: sched_getaffinity failed (Invalid argument)- using online processor count (1152) which may exceed available processors
OpenJDK 64-Bit Server VM warning: sched_getaffinity failed (Invalid argument)- using online processor count (1152) which may exceed available processors
OpenJDK 64-Bit Server VM warning: sched_getaffinity failed (Invalid argument)- using online processor count (1152) which may exceed available processors
19/06/13 08:59:44 INFO Utils: Successfully started service 'sparkWorker' on port 38183.
OpenJDK 64-Bit Server VM warning: sched_getaffinity failed (Invalid argument)- using online processor count (1152) which may exceed available processors
19/06/13 08:59:44 INFO Worker: Starting Spark worker mdc-ch1-cust4:38183 with 1152 cores, 22.9 TB RAM
19/06/13 08:59:44 INFO Worker: Running Spark version 2.4.0
19/06/13 08:59:44 INFO Worker: Spark home: /var/tmp/spark2.0hpcplatform/multicore/worker82
OpenJDK 64-Bit Server VM warning: sched_getaffinity failed (Invalid argument)- using online processor count (1152) which may exceed available processors
OpenJDK 64-Bit Server VM warning: sched_getaffinity failed (Invalid argument)- using online processor count (1152) which may exceed available processors
19/06/13 08:59:44 INFO Utils: Successfully started service 'WorkerUI' on port 8245.
19/06/13 08:59:44 INFO WorkerWebUI: Bound WorkerWebUI to 0.0.0.0, and started at http://mdc-ch1-cust4.mdc.ext.hpe.com:8245
19/06/13 08:59:44 INFO Worker: Connecting to master mdc-ch1-cust4:7077...
19/06/13 08:59:44 INFO TransportClientFactory: Successfully created connection to mdc-ch1-cust4/10.1.1.4:7077 after 19 ms (0 ms spent in bootstraps)
19/06/13 08:59:44 INFO Worker: Successfully registered with master spark://mdc-ch1-cust4.mdc.ext.hpe.com:7077
19/06/13 09:20:23 INFO Worker: Asked to launch executor app-20190613092023-0000/140 for TeraSort
19/06/13 09:20:23 INFO SecurityManager: Changing view acls to: root
19/06/13 09:20:23 INFO SecurityManager: Changing modify acls to: root
19/06/13 09:20:23 INFO SecurityManager: Changing view acls groups to: 
19/06/13 09:20:23 INFO SecurityManager: Changing modify acls groups to: 
19/06/13 09:20:23 INFO SecurityManager: SecurityManager: authentication disabled; ui acls disabled; users  with view permissions: Set(root); groups with view permissions: Set(); users  with modify permissions: Set(root); groups with modify permissions: Set()
19/06/13 09:20:23 INFO Worker: Asked to launch executor app-20190613092023-0000/141 for TeraSort
19/06/13 09:20:23 INFO Worker: Asked to launch executor app-20190613092023-0000/142 for TeraSort
19/06/13 09:20:23 INFO SecurityManager: Changing view acls to: root
19/06/13 09:20:23 INFO SecurityManager: Changing modify acls to: root
19/06/13 09:20:23 INFO SecurityManager: Changing view acls groups to: 
19/06/13 09:20:23 INFO SecurityManager: Changing modify acls groups to: 
19/06/13 09:20:23 INFO SecurityManager: SecurityManager: authentication disabled; ui acls disabled; users  with view permissions: Set(root); groups with view permissions: Set(); users  with modify permissions: Set(root); groups with modify permissions: Set()
19/06/13 09:20:23 INFO Worker: Asked to launch executor app-20190613092023-0000/143 for TeraSort
19/06/13 09:20:23 INFO SecurityManager: Changing view acls to: root
19/06/13 09:20:23 INFO SecurityManager: Changing modify acls to: root
19/06/13 09:20:23 INFO SecurityManager: Changing view acls groups to: 
19/06/13 09:20:23 INFO SecurityManager: Changing modify acls groups to: 
19/06/13 09:20:23 INFO SecurityManager: SecurityManager: authentication disabled; ui acls disabled; users  with view permissions: Set(root); groups with view permissions: Set(); users  with modify permissions: Set(root); groups with modify permissions: Set()
19/06/13 09:20:23 INFO Worker: Asked to launch executor app-20190613092023-0000/144 for TeraSort
19/06/13 09:20:23 INFO SecurityManager: Changing view acls to: root
19/06/13 09:20:23 INFO SecurityManager: Changing modify acls to: root
19/06/13 09:20:23 INFO SecurityManager: Changing view acls groups to: 
19/06/13 09:20:23 INFO SecurityManager: Changing modify acls groups to: 
19/06/13 09:20:23 INFO SecurityManager: SecurityManager: authentication disabled; ui acls disabled; users  with view permissions: Set(root); groups with view permissions: Set(); users  with modify permissions: Set(root); groups with modify permissions: Set()
19/06/13 09:20:23 INFO SecurityManager: Changing view acls to: root
19/06/13 09:20:23 INFO SecurityManager: Changing modify acls to: root
19/06/13 09:20:23 INFO SecurityManager: Changing view acls groups to: 
19/06/13 09:20:23 INFO SecurityManager: Changing modify acls groups to: 
19/06/13 09:20:23 INFO SecurityManager: SecurityManager: authentication disabled; ui acls disabled; users  with view permissions: Set(root); groups with view permissions: Set(); users  with modify permissions: Set(root); groups with modify permissions: Set()
19/06/13 09:20:24 INFO ExecutorRunner: Launch command: "/usr/lib64/jvm/java-1.8.0-openjdk-1.8.0/jre/bin/java" "-cp" "/var/tmp/spark2.0hpcplatform/lib/firesteel-2.4.0.jar:/var/tmp/spark2.0hpcplatform/multicore/worker82/conf:/var/tmp/spark2.0hpcplatform/multicore/worker82/assembly/target/scala-2.11/jars/*" "-Xmx5120M" "-Dspark.driver.port=38521" "-Dspark.rpc.netty.dispatcher.numThreads=10" "-XX:ParallelGCThreads=10" "org.apache.spark.executor.CoarseGrainedExecutorBackend" "--driver-url" "spark://CoarseGrainedScheduler@mdc-ch1-cust4.mdc.ext.hpe.com:38521" "--executor-id" "143" "--hostname" "mdc-ch1-cust4" "--cores" "2" "--app-id" "app-20190613092023-0000" "--worker-url" "spark://Worker@mdc-ch1-cust4:38183"
19/06/13 09:20:24 INFO ExecutorRunner: Launch command: "/usr/lib64/jvm/java-1.8.0-openjdk-1.8.0/jre/bin/java" "-cp" "/var/tmp/spark2.0hpcplatform/lib/firesteel-2.4.0.jar:/var/tmp/spark2.0hpcplatform/multicore/worker82/conf:/var/tmp/spark2.0hpcplatform/multicore/worker82/assembly/target/scala-2.11/jars/*" "-Xmx5120M" "-Dspark.driver.port=38521" "-Dspark.rpc.netty.dispatcher.numThreads=10" "-XX:ParallelGCThreads=10" "org.apache.spark.executor.CoarseGrainedExecutorBackend" "--driver-url" "spark://CoarseGrainedScheduler@mdc-ch1-cust4.mdc.ext.hpe.com:38521" "--executor-id" "142" "--hostname" "mdc-ch1-cust4" "--cores" "2" "--app-id" "app-20190613092023-0000" "--worker-url" "spark://Worker@mdc-ch1-cust4:38183"
19/06/13 09:20:24 INFO ExecutorRunner: Launch command: "/usr/lib64/jvm/java-1.8.0-openjdk-1.8.0/jre/bin/java" "-cp" "/var/tmp/spark2.0hpcplatform/lib/firesteel-2.4.0.jar:/var/tmp/spark2.0hpcplatform/multicore/worker82/conf:/var/tmp/spark2.0hpcplatform/multicore/worker82/assembly/target/scala-2.11/jars/*" "-Xmx5120M" "-Dspark.driver.port=38521" "-Dspark.rpc.netty.dispatcher.numThreads=10" "-XX:ParallelGCThreads=10" "org.apache.spark.executor.CoarseGrainedExecutorBackend" "--driver-url" "spark://CoarseGrainedScheduler@mdc-ch1-cust4.mdc.ext.hpe.com:38521" "--executor-id" "141" "--hostname" "mdc-ch1-cust4" "--cores" "2" "--app-id" "app-20190613092023-0000" "--worker-url" "spark://Worker@mdc-ch1-cust4:38183"
19/06/13 09:20:24 INFO ExecutorRunner: Launch command: "/usr/lib64/jvm/java-1.8.0-openjdk-1.8.0/jre/bin/java" "-cp" "/var/tmp/spark2.0hpcplatform/lib/firesteel-2.4.0.jar:/var/tmp/spark2.0hpcplatform/multicore/worker82/conf:/var/tmp/spark2.0hpcplatform/multicore/worker82/assembly/target/scala-2.11/jars/*" "-Xmx5120M" "-Dspark.driver.port=38521" "-Dspark.rpc.netty.dispatcher.numThreads=10" "-XX:ParallelGCThreads=10" "org.apache.spark.executor.CoarseGrainedExecutorBackend" "--driver-url" "spark://CoarseGrainedScheduler@mdc-ch1-cust4.mdc.ext.hpe.com:38521" "--executor-id" "140" "--hostname" "mdc-ch1-cust4" "--cores" "2" "--app-id" "app-20190613092023-0000" "--worker-url" "spark://Worker@mdc-ch1-cust4:38183"
19/06/13 09:20:24 INFO ExecutorRunner: Launch command: "/usr/lib64/jvm/java-1.8.0-openjdk-1.8.0/jre/bin/java" "-cp" "/var/tmp/spark2.0hpcplatform/lib/firesteel-2.4.0.jar:/var/tmp/spark2.0hpcplatform/multicore/worker82/conf:/var/tmp/spark2.0hpcplatform/multicore/worker82/assembly/target/scala-2.11/jars/*" "-Xmx5120M" "-Dspark.driver.port=38521" "-Dspark.rpc.netty.dispatcher.numThreads=10" "-XX:ParallelGCThreads=10" "org.apache.spark.executor.CoarseGrainedExecutorBackend" "--driver-url" "spark://CoarseGrainedScheduler@mdc-ch1-cust4.mdc.ext.hpe.com:38521" "--executor-id" "144" "--hostname" "mdc-ch1-cust4" "--cores" "2" "--app-id" "app-20190613092023-0000" "--worker-url" "spark://Worker@mdc-ch1-cust4:38183"
19/06/13 09:20:28 INFO Worker: Asked to kill executor app-20190613092023-0000/140
19/06/13 09:20:28 INFO Worker: Asked to kill executor app-20190613092023-0000/142
19/06/13 09:20:28 INFO Worker: Asked to kill executor app-20190613092023-0000/141
19/06/13 09:20:28 INFO Worker: Asked to kill executor app-20190613092023-0000/144
19/06/13 09:20:28 INFO ExecutorRunner: Runner thread for executor app-20190613092023-0000/141 interrupted
19/06/13 09:20:28 INFO ExecutorRunner: Runner thread for executor app-20190613092023-0000/142 interrupted
19/06/13 09:20:28 INFO ExecutorRunner: Runner thread for executor app-20190613092023-0000/140 interrupted
19/06/13 09:20:28 INFO Worker: Asked to kill executor app-20190613092023-0000/143
19/06/13 09:20:28 INFO ExecutorRunner: Killing process!
19/06/13 09:20:28 INFO ExecutorRunner: Killing process!
19/06/13 09:20:28 INFO ExecutorRunner: Killing process!
19/06/13 09:20:28 INFO ExecutorRunner: Runner thread for executor app-20190613092023-0000/143 interrupted
19/06/13 09:20:28 INFO ExecutorRunner: Killing process!
19/06/13 09:20:28 INFO ExecutorRunner: Runner thread for executor app-20190613092023-0000/144 interrupted
19/06/13 09:20:28 INFO ExecutorRunner: Killing process!
19/06/13 09:20:28 INFO Worker: Executor app-20190613092023-0000/142 finished with state KILLED exitStatus 143
19/06/13 09:20:28 INFO ExternalShuffleBlockResolver: Clean up non-shuffle files associated with the finished executor 142
19/06/13 09:20:28 INFO ExternalShuffleBlockResolver: Executor is not registered (appId=app-20190613092023-0000, execId=142)
19/06/13 09:20:30 INFO Worker: Executor app-20190613092023-0000/144 finished with state KILLED exitStatus 143
19/06/13 09:20:30 INFO ExternalShuffleBlockResolver: Clean up non-shuffle files associated with the finished executor 144
19/06/13 09:20:30 INFO ExternalShuffleBlockResolver: Executor is not registered (appId=app-20190613092023-0000, execId=144)
19/06/13 09:20:30 INFO Worker: Executor app-20190613092023-0000/140 finished with state KILLED exitStatus 143
19/06/13 09:20:30 INFO ExternalShuffleBlockResolver: Clean up non-shuffle files associated with the finished executor 140
19/06/13 09:20:30 INFO ExternalShuffleBlockResolver: Executor is not registered (appId=app-20190613092023-0000, execId=140)
19/06/13 09:20:30 INFO Worker: Executor app-20190613092023-0000/141 finished with state KILLED exitStatus 143
19/06/13 09:20:30 INFO ExternalShuffleBlockResolver: Clean up non-shuffle files associated with the finished executor 141
19/06/13 09:20:30 INFO ExternalShuffleBlockResolver: Executor is not registered (appId=app-20190613092023-0000, execId=141)
19/06/13 09:20:30 INFO Worker: Executor app-20190613092023-0000/143 finished with state KILLED exitStatus 143
19/06/13 09:20:30 INFO ExternalShuffleBlockResolver: Clean up non-shuffle files associated with the finished executor 143
19/06/13 09:20:30 INFO ExternalShuffleBlockResolver: Executor is not registered (appId=app-20190613092023-0000, execId=143)
19/06/13 09:20:30 INFO ExternalShuffleBlockResolver: Application app-20190613092023-0000 removed, cleanupLocalDirs = true
19/06/13 09:20:30 INFO Worker: Cleaning up local directories for application app-20190613092023-0000
19/06/13 09:51:52 INFO Worker: Asked to launch executor app-20190613095152-0001/144 for TeraSort
19/06/13 09:51:52 INFO SecurityManager: Changing view acls to: root
19/06/13 09:51:52 INFO SecurityManager: Changing modify acls to: root
19/06/13 09:51:52 INFO SecurityManager: Changing view acls groups to: 
19/06/13 09:51:52 INFO SecurityManager: Changing modify acls groups to: 
19/06/13 09:51:52 INFO SecurityManager: SecurityManager: authentication disabled; ui acls disabled; users  with view permissions: Set(root); groups with view permissions: Set(); users  with modify permissions: Set(root); groups with modify permissions: Set()
19/06/13 09:51:52 INFO Worker: Asked to launch executor app-20190613095152-0001/145 for TeraSort
19/06/13 09:51:52 INFO ExecutorRunner: Launch command: "/usr/lib64/jvm/java-1.8.0-openjdk-1.8.0/jre/bin/java" "-cp" "/var/tmp/spark2.0hpcplatform/lib/firesteel-2.4.0.jar:/var/tmp/spark2.0hpcplatform/multicore/worker82/conf:/var/tmp/spark2.0hpcplatform/multicore/worker82/assembly/target/scala-2.11/jars/*" "-Xmx5120M" "-Dspark.driver.port=36403" "-Dspark.rpc.netty.dispatcher.numThreads=10" "-XX:ParallelGCThreads=10" "org.apache.spark.executor.CoarseGrainedExecutorBackend" "--driver-url" "spark://CoarseGrainedScheduler@mdc-ch1-cust4.mdc.ext.hpe.com:36403" "--executor-id" "144" "--hostname" "mdc-ch1-cust4" "--cores" "2" "--app-id" "app-20190613095152-0001" "--worker-url" "spark://Worker@mdc-ch1-cust4:38183"
19/06/13 09:51:52 INFO Worker: Asked to launch executor app-20190613095152-0001/146 for TeraSort
19/06/13 09:51:52 INFO SecurityManager: Changing view acls to: root
19/06/13 09:51:52 INFO SecurityManager: Changing modify acls to: root
19/06/13 09:51:52 INFO Worker: Asked to launch executor app-20190613095152-0001/147 for TeraSort
19/06/13 09:51:52 INFO SecurityManager: Changing view acls to: root
19/06/13 09:51:52 INFO SecurityManager: Changing modify acls to: root
19/06/13 09:51:53 INFO SecurityManager: Changing view acls groups to: 
19/06/13 09:51:53 INFO Worker: Asked to launch executor app-20190613095152-0001/148 for TeraSort
19/06/13 09:51:53 INFO SecurityManager: Changing view acls to: root
19/06/13 09:51:53 INFO SecurityManager: Changing view acls groups to: 
19/06/13 09:51:53 INFO SecurityManager: Changing modify acls groups to: 
19/06/13 09:51:53 INFO SecurityManager: Changing modify acls to: root
19/06/13 09:51:53 INFO SecurityManager: SecurityManager: authentication disabled; ui acls disabled; users  with view permissions: Set(root); groups with view permissions: Set(); users  with modify permissions: Set(root); groups with modify permissions: Set()
19/06/13 09:51:53 INFO SecurityManager: Changing view acls groups to: 
19/06/13 09:51:53 INFO SecurityManager: Changing modify acls groups to: 
19/06/13 09:51:53 INFO SecurityManager: SecurityManager: authentication disabled; ui acls disabled; users  with view permissions: Set(root); groups with view permissions: Set(); users  with modify permissions: Set(root); groups with modify permissions: Set()
19/06/13 09:51:53 INFO SecurityManager: Changing modify acls groups to: 
19/06/13 09:51:53 INFO SecurityManager: SecurityManager: authentication disabled; ui acls disabled; users  with view permissions: Set(root); groups with view permissions: Set(); users  with modify permissions: Set(root); groups with modify permissions: Set()
19/06/13 09:51:53 INFO Worker: Asked to launch executor app-20190613095152-0001/149 for TeraSort
19/06/13 09:51:53 INFO SecurityManager: Changing view acls to: root
19/06/13 09:51:53 INFO SecurityManager: Changing modify acls to: root
19/06/13 09:51:53 INFO SecurityManager: Changing view acls groups to: 
19/06/13 09:51:53 INFO SecurityManager: Changing modify acls groups to: 
19/06/13 09:51:53 INFO SecurityManager: SecurityManager: authentication disabled; ui acls disabled; users  with view permissions: Set(root); groups with view permissions: Set(); users  with modify permissions: Set(root); groups with modify permissions: Set()
19/06/13 09:51:53 INFO ExecutorRunner: Launch command: "/usr/lib64/jvm/java-1.8.0-openjdk-1.8.0/jre/bin/java" "-cp" "/var/tmp/spark2.0hpcplatform/lib/firesteel-2.4.0.jar:/var/tmp/spark2.0hpcplatform/multicore/worker82/conf:/var/tmp/spark2.0hpcplatform/multicore/worker82/assembly/target/scala-2.11/jars/*" "-Xmx5120M" "-Dspark.driver.port=36403" "-Dspark.rpc.netty.dispatcher.numThreads=10" "-XX:ParallelGCThreads=10" "org.apache.spark.executor.CoarseGrainedExecutorBackend" "--driver-url" "spark://CoarseGrainedScheduler@mdc-ch1-cust4.mdc.ext.hpe.com:36403" "--executor-id" "145" "--hostname" "mdc-ch1-cust4" "--cores" "2" "--app-id" "app-20190613095152-0001" "--worker-url" "spark://Worker@mdc-ch1-cust4:38183"
19/06/13 09:51:53 INFO ExecutorRunner: Launch command: "/usr/lib64/jvm/java-1.8.0-openjdk-1.8.0/jre/bin/java" "-cp" "/var/tmp/spark2.0hpcplatform/lib/firesteel-2.4.0.jar:/var/tmp/spark2.0hpcplatform/multicore/worker82/conf:/var/tmp/spark2.0hpcplatform/multicore/worker82/assembly/target/scala-2.11/jars/*" "-Xmx5120M" "-Dspark.driver.port=36403" "-Dspark.rpc.netty.dispatcher.numThreads=10" "-XX:ParallelGCThreads=10" "org.apache.spark.executor.CoarseGrainedExecutorBackend" "--driver-url" "spark://CoarseGrainedScheduler@mdc-ch1-cust4.mdc.ext.hpe.com:36403" "--executor-id" "147" "--hostname" "mdc-ch1-cust4" "--cores" "2" "--app-id" "app-20190613095152-0001" "--worker-url" "spark://Worker@mdc-ch1-cust4:38183"
19/06/13 09:51:53 INFO ExecutorRunner: Launch command: "/usr/lib64/jvm/java-1.8.0-openjdk-1.8.0/jre/bin/java" "-cp" "/var/tmp/spark2.0hpcplatform/lib/firesteel-2.4.0.jar:/var/tmp/spark2.0hpcplatform/multicore/worker82/conf:/var/tmp/spark2.0hpcplatform/multicore/worker82/assembly/target/scala-2.11/jars/*" "-Xmx5120M" "-Dspark.driver.port=36403" "-Dspark.rpc.netty.dispatcher.numThreads=10" "-XX:ParallelGCThreads=10" "org.apache.spark.executor.CoarseGrainedExecutorBackend" "--driver-url" "spark://CoarseGrainedScheduler@mdc-ch1-cust4.mdc.ext.hpe.com:36403" "--executor-id" "148" "--hostname" "mdc-ch1-cust4" "--cores" "2" "--app-id" "app-20190613095152-0001" "--worker-url" "spark://Worker@mdc-ch1-cust4:38183"
19/06/13 09:51:53 INFO SecurityManager: Changing view acls to: root
19/06/13 09:51:53 INFO ExecutorRunner: Launch command: "/usr/lib64/jvm/java-1.8.0-openjdk-1.8.0/jre/bin/java" "-cp" "/var/tmp/spark2.0hpcplatform/lib/firesteel-2.4.0.jar:/var/tmp/spark2.0hpcplatform/multicore/worker82/conf:/var/tmp/spark2.0hpcplatform/multicore/worker82/assembly/target/scala-2.11/jars/*" "-Xmx5120M" "-Dspark.driver.port=36403" "-Dspark.rpc.netty.dispatcher.numThreads=10" "-XX:ParallelGCThreads=10" "org.apache.spark.executor.CoarseGrainedExecutorBackend" "--driver-url" "spark://CoarseGrainedScheduler@mdc-ch1-cust4.mdc.ext.hpe.com:36403" "--executor-id" "146" "--hostname" "mdc-ch1-cust4" "--cores" "2" "--app-id" "app-20190613095152-0001" "--worker-url" "spark://Worker@mdc-ch1-cust4:38183"
19/06/13 09:51:53 INFO SecurityManager: Changing modify acls to: root
19/06/13 09:51:53 INFO SecurityManager: Changing view acls groups to: 
19/06/13 09:51:53 INFO SecurityManager: Changing modify acls groups to: 
19/06/13 09:51:53 INFO SecurityManager: SecurityManager: authentication disabled; ui acls disabled; users  with view permissions: Set(root); groups with view permissions: Set(); users  with modify permissions: Set(root); groups with modify permissions: Set()
19/06/13 09:51:53 INFO ExecutorRunner: Launch command: "/usr/lib64/jvm/java-1.8.0-openjdk-1.8.0/jre/bin/java" "-cp" "/var/tmp/spark2.0hpcplatform/lib/firesteel-2.4.0.jar:/var/tmp/spark2.0hpcplatform/multicore/worker82/conf:/var/tmp/spark2.0hpcplatform/multicore/worker82/assembly/target/scala-2.11/jars/*" "-Xmx5120M" "-Dspark.driver.port=36403" "-Dspark.rpc.netty.dispatcher.numThreads=10" "-XX:ParallelGCThreads=10" "org.apache.spark.executor.CoarseGrainedExecutorBackend" "--driver-url" "spark://CoarseGrainedScheduler@mdc-ch1-cust4.mdc.ext.hpe.com:36403" "--executor-id" "149" "--hostname" "mdc-ch1-cust4" "--cores" "2" "--app-id" "app-20190613095152-0001" "--worker-url" "spark://Worker@mdc-ch1-cust4:38183"
19/06/13 09:51:57 INFO Worker: Asked to kill executor app-20190613095152-0001/146
19/06/13 09:51:57 INFO ExecutorRunner: Runner thread for executor app-20190613095152-0001/146 interrupted
19/06/13 09:51:57 INFO ExecutorRunner: Killing process!
19/06/13 09:51:57 INFO Worker: Asked to kill executor app-20190613095152-0001/149
19/06/13 09:51:57 INFO Worker: Asked to kill executor app-20190613095152-0001/145
19/06/13 09:51:57 INFO ExecutorRunner: Runner thread for executor app-20190613095152-0001/149 interrupted
19/06/13 09:51:57 INFO ExecutorRunner: Killing process!
19/06/13 09:51:57 INFO ExecutorRunner: Runner thread for executor app-20190613095152-0001/145 interrupted
19/06/13 09:51:57 INFO Worker: Asked to kill executor app-20190613095152-0001/148
19/06/13 09:51:57 INFO ExecutorRunner: Killing process!
19/06/13 09:51:57 INFO ExecutorRunner: Runner thread for executor app-20190613095152-0001/148 interrupted
19/06/13 09:51:57 INFO ExecutorRunner: Killing process!
19/06/13 09:51:57 INFO Worker: Asked to kill executor app-20190613095152-0001/147
19/06/13 09:51:57 INFO ExecutorRunner: Runner thread for executor app-20190613095152-0001/147 interrupted
19/06/13 09:51:57 INFO ExecutorRunner: Killing process!
19/06/13 09:51:57 INFO Worker: Asked to kill executor app-20190613095152-0001/144
19/06/13 09:51:57 INFO ExecutorRunner: Runner thread for executor app-20190613095152-0001/144 interrupted
19/06/13 09:51:57 INFO ExecutorRunner: Killing process!
19/06/13 09:51:57 INFO Worker: Executor app-20190613095152-0001/145 finished with state KILLED exitStatus 143
19/06/13 09:51:57 INFO ExternalShuffleBlockResolver: Clean up non-shuffle files associated with the finished executor 145
19/06/13 09:51:57 INFO ExternalShuffleBlockResolver: Executor is not registered (appId=app-20190613095152-0001, execId=145)
19/06/13 09:51:57 INFO Worker: Executor app-20190613095152-0001/144 finished with state KILLED exitStatus 143
19/06/13 09:51:57 INFO ExternalShuffleBlockResolver: Clean up non-shuffle files associated with the finished executor 144
19/06/13 09:51:57 INFO ExternalShuffleBlockResolver: Executor is not registered (appId=app-20190613095152-0001, execId=144)
19/06/13 09:51:57 INFO Worker: Executor app-20190613095152-0001/147 finished with state KILLED exitStatus 143
19/06/13 09:51:57 INFO ExternalShuffleBlockResolver: Clean up non-shuffle files associated with the finished executor 147
19/06/13 09:51:57 INFO ExternalShuffleBlockResolver: Executor is not registered (appId=app-20190613095152-0001, execId=147)
19/06/13 09:51:57 INFO Worker: Executor app-20190613095152-0001/146 finished with state KILLED exitStatus 143
19/06/13 09:51:57 INFO ExternalShuffleBlockResolver: Clean up non-shuffle files associated with the finished executor 146
19/06/13 09:51:57 INFO ExternalShuffleBlockResolver: Executor is not registered (appId=app-20190613095152-0001, execId=146)
19/06/13 09:51:57 INFO Worker: Executor app-20190613095152-0001/149 finished with state KILLED exitStatus 143
19/06/13 09:51:57 INFO ExternalShuffleBlockResolver: Clean up non-shuffle files associated with the finished executor 149
19/06/13 09:51:57 INFO ExternalShuffleBlockResolver: Executor is not registered (appId=app-20190613095152-0001, execId=149)
19/06/13 09:51:58 INFO Worker: Executor app-20190613095152-0001/148 finished with state KILLED exitStatus 143
19/06/13 09:51:58 INFO ExternalShuffleBlockResolver: Clean up non-shuffle files associated with the finished executor 148
19/06/13 09:51:58 INFO ExternalShuffleBlockResolver: Executor is not registered (appId=app-20190613095152-0001, execId=148)
19/06/13 09:51:58 INFO ExternalShuffleBlockResolver: Application app-20190613095152-0001 removed, cleanupLocalDirs = true
19/06/13 09:51:58 INFO Worker: Cleaning up local directories for application app-20190613095152-0001
19/06/13 09:56:29 INFO Worker: Asked to launch executor app-20190613095629-0002/138 for TeraSort
19/06/13 09:56:29 INFO Worker: Asked to launch executor app-20190613095629-0002/139 for TeraSort
19/06/13 09:56:29 INFO SecurityManager: Changing view acls to: root
19/06/13 09:56:29 INFO SecurityManager: Changing modify acls to: root
19/06/13 09:56:29 INFO SecurityManager: Changing view acls groups to: 
19/06/13 09:56:29 INFO SecurityManager: Changing modify acls groups to: 
19/06/13 09:56:29 INFO SecurityManager: SecurityManager: authentication disabled; ui acls disabled; users  with view permissions: Set(root); groups with view permissions: Set(); users  with modify permissions: Set(root); groups with modify permissions: Set()
19/06/13 09:56:29 INFO SecurityManager: Changing view acls to: root
19/06/13 09:56:29 INFO SecurityManager: Changing modify acls to: root
19/06/13 09:56:29 INFO SecurityManager: Changing view acls groups to: 
19/06/13 09:56:29 INFO Worker: Asked to launch executor app-20190613095629-0002/140 for TeraSort
19/06/13 09:56:29 INFO Worker: Asked to launch executor app-20190613095629-0002/141 for TeraSort
19/06/13 09:56:29 INFO SecurityManager: Changing view acls to: root
19/06/13 09:56:29 INFO SecurityManager: Changing modify acls to: root
19/06/13 09:56:29 INFO SecurityManager: Changing view acls groups to: 
19/06/13 09:56:29 INFO SecurityManager: Changing modify acls groups to: 
19/06/13 09:56:29 INFO SecurityManager: SecurityManager: authentication disabled; ui acls disabled; users  with view permissions: Set(root); groups with view permissions: Set(); users  with modify permissions: Set(root); groups with modify permissions: Set()
19/06/13 09:56:29 INFO SecurityManager: Changing modify acls groups to: 
19/06/13 09:56:29 INFO SecurityManager: SecurityManager: authentication disabled; ui acls disabled; users  with view permissions: Set(root); groups with view permissions: Set(); users  with modify permissions: Set(root); groups with modify permissions: Set()
19/06/13 09:56:29 INFO Worker: Asked to launch executor app-20190613095629-0002/142 for TeraSort
19/06/13 09:56:29 INFO ExecutorRunner: Launch command: "/usr/lib64/jvm/java-1.8.0-openjdk-1.8.0/jre/bin/java" "-cp" "/var/tmp/spark2.0hpcplatform/lib/firesteel-2.4.0.jar:/var/tmp/spark2.0hpcplatform/multicore/worker82/conf:/var/tmp/spark2.0hpcplatform/multicore/worker82/assembly/target/scala-2.11/jars/*" "-Xmx5120M" "-Dspark.driver.port=34453" "-Dspark.rpc.netty.dispatcher.numThreads=10" "-XX:ParallelGCThreads=10" "org.apache.spark.executor.CoarseGrainedExecutorBackend" "--driver-url" "spark://CoarseGrainedScheduler@mdc-ch1-cust4.mdc.ext.hpe.com:34453" "--executor-id" "140" "--hostname" "mdc-ch1-cust4" "--cores" "2" "--app-id" "app-20190613095629-0002" "--worker-url" "spark://Worker@mdc-ch1-cust4:38183"
19/06/13 09:56:29 INFO SecurityManager: Changing view acls to: root
19/06/13 09:56:29 INFO SecurityManager: Changing modify acls to: root
19/06/13 09:56:29 INFO SecurityManager: Changing view acls groups to: 
19/06/13 09:56:29 INFO SecurityManager: Changing modify acls groups to: 
19/06/13 09:56:29 INFO ExecutorRunner: Launch command: "/usr/lib64/jvm/java-1.8.0-openjdk-1.8.0/jre/bin/java" "-cp" "/var/tmp/spark2.0hpcplatform/lib/firesteel-2.4.0.jar:/var/tmp/spark2.0hpcplatform/multicore/worker82/conf:/var/tmp/spark2.0hpcplatform/multicore/worker82/assembly/target/scala-2.11/jars/*" "-Xmx5120M" "-Dspark.driver.port=34453" "-Dspark.rpc.netty.dispatcher.numThreads=10" "-XX:ParallelGCThreads=10" "org.apache.spark.executor.CoarseGrainedExecutorBackend" "--driver-url" "spark://CoarseGrainedScheduler@mdc-ch1-cust4.mdc.ext.hpe.com:34453" "--executor-id" "138" "--hostname" "mdc-ch1-cust4" "--cores" "2" "--app-id" "app-20190613095629-0002" "--worker-url" "spark://Worker@mdc-ch1-cust4:38183"
19/06/13 09:56:29 INFO Worker: Asked to launch executor app-20190613095629-0002/143 for TeraSort
19/06/13 09:56:29 INFO SecurityManager: SecurityManager: authentication disabled; ui acls disabled; users  with view permissions: Set(root); groups with view permissions: Set(); users  with modify permissions: Set(root); groups with modify permissions: Set()
19/06/13 09:56:29 INFO SecurityManager: Changing view acls to: root
19/06/13 09:56:29 INFO SecurityManager: Changing modify acls to: root
19/06/13 09:56:29 INFO ExecutorRunner: Launch command: "/usr/lib64/jvm/java-1.8.0-openjdk-1.8.0/jre/bin/java" "-cp" "/var/tmp/spark2.0hpcplatform/lib/firesteel-2.4.0.jar:/var/tmp/spark2.0hpcplatform/multicore/worker82/conf:/var/tmp/spark2.0hpcplatform/multicore/worker82/assembly/target/scala-2.11/jars/*" "-Xmx5120M" "-Dspark.driver.port=34453" "-Dspark.rpc.netty.dispatcher.numThreads=10" "-XX:ParallelGCThreads=10" "org.apache.spark.executor.CoarseGrainedExecutorBackend" "--driver-url" "spark://CoarseGrainedScheduler@mdc-ch1-cust4.mdc.ext.hpe.com:34453" "--executor-id" "139" "--hostname" "mdc-ch1-cust4" "--cores" "2" "--app-id" "app-20190613095629-0002" "--worker-url" "spark://Worker@mdc-ch1-cust4:38183"
19/06/13 09:56:29 INFO SecurityManager: Changing view acls to: root
19/06/13 09:56:29 INFO SecurityManager: Changing view acls groups to: 
19/06/13 09:56:30 INFO SecurityManager: Changing modify acls groups to: 
19/06/13 09:56:30 INFO SecurityManager: SecurityManager: authentication disabled; ui acls disabled; users  with view permissions: Set(root); groups with view permissions: Set(); users  with modify permissions: Set(root); groups with modify permissions: Set()
19/06/13 09:56:29 INFO ExecutorRunner: Launch command: "/usr/lib64/jvm/java-1.8.0-openjdk-1.8.0/jre/bin/java" "-cp" "/var/tmp/spark2.0hpcplatform/lib/firesteel-2.4.0.jar:/var/tmp/spark2.0hpcplatform/multicore/worker82/conf:/var/tmp/spark2.0hpcplatform/multicore/worker82/assembly/target/scala-2.11/jars/*" "-Xmx5120M" "-Dspark.driver.port=34453" "-Dspark.rpc.netty.dispatcher.numThreads=10" "-XX:ParallelGCThreads=10" "org.apache.spark.executor.CoarseGrainedExecutorBackend" "--driver-url" "spark://CoarseGrainedScheduler@mdc-ch1-cust4.mdc.ext.hpe.com:34453" "--executor-id" "141" "--hostname" "mdc-ch1-cust4" "--cores" "2" "--app-id" "app-20190613095629-0002" "--worker-url" "spark://Worker@mdc-ch1-cust4:38183"
19/06/13 09:56:30 INFO SecurityManager: Changing modify acls to: root
19/06/13 09:56:30 INFO SecurityManager: Changing view acls groups to: 
19/06/13 09:56:30 INFO SecurityManager: Changing modify acls groups to: 
19/06/13 09:56:30 INFO SecurityManager: SecurityManager: authentication disabled; ui acls disabled; users  with view permissions: Set(root); groups with view permissions: Set(); users  with modify permissions: Set(root); groups with modify permissions: Set()
19/06/13 09:56:30 INFO ExecutorRunner: Launch command: "/usr/lib64/jvm/java-1.8.0-openjdk-1.8.0/jre/bin/java" "-cp" "/var/tmp/spark2.0hpcplatform/lib/firesteel-2.4.0.jar:/var/tmp/spark2.0hpcplatform/multicore/worker82/conf:/var/tmp/spark2.0hpcplatform/multicore/worker82/assembly/target/scala-2.11/jars/*" "-Xmx5120M" "-Dspark.driver.port=34453" "-Dspark.rpc.netty.dispatcher.numThreads=10" "-XX:ParallelGCThreads=10" "org.apache.spark.executor.CoarseGrainedExecutorBackend" "--driver-url" "spark://CoarseGrainedScheduler@mdc-ch1-cust4.mdc.ext.hpe.com:34453" "--executor-id" "143" "--hostname" "mdc-ch1-cust4" "--cores" "2" "--app-id" "app-20190613095629-0002" "--worker-url" "spark://Worker@mdc-ch1-cust4:38183"
19/06/13 09:56:30 INFO ExecutorRunner: Launch command: "/usr/lib64/jvm/java-1.8.0-openjdk-1.8.0/jre/bin/java" "-cp" "/var/tmp/spark2.0hpcplatform/lib/firesteel-2.4.0.jar:/var/tmp/spark2.0hpcplatform/multicore/worker82/conf:/var/tmp/spark2.0hpcplatform/multicore/worker82/assembly/target/scala-2.11/jars/*" "-Xmx5120M" "-Dspark.driver.port=34453" "-Dspark.rpc.netty.dispatcher.numThreads=10" "-XX:ParallelGCThreads=10" "org.apache.spark.executor.CoarseGrainedExecutorBackend" "--driver-url" "spark://CoarseGrainedScheduler@mdc-ch1-cust4.mdc.ext.hpe.com:34453" "--executor-id" "142" "--hostname" "mdc-ch1-cust4" "--cores" "2" "--app-id" "app-20190613095629-0002" "--worker-url" "spark://Worker@mdc-ch1-cust4:38183"
19/06/13 09:56:33 INFO Worker: Asked to kill executor app-20190613095629-0002/140
19/06/13 09:56:33 INFO Worker: Asked to kill executor app-20190613095629-0002/142
19/06/13 09:56:33 INFO ExecutorRunner: Runner thread for executor app-20190613095629-0002/140 interrupted
19/06/13 09:56:33 INFO ExecutorRunner: Killing process!
19/06/13 09:56:33 INFO ExecutorRunner: Runner thread for executor app-20190613095629-0002/142 interrupted
19/06/13 09:56:33 INFO Worker: Asked to kill executor app-20190613095629-0002/139
19/06/13 09:56:33 INFO ExecutorRunner: Killing process!
19/06/13 09:56:33 INFO ExecutorRunner: Runner thread for executor app-20190613095629-0002/139 interrupted
19/06/13 09:56:33 INFO Worker: Asked to kill executor app-20190613095629-0002/138
19/06/13 09:56:33 INFO Worker: Asked to kill executor app-20190613095629-0002/141
19/06/13 09:56:33 INFO Worker: Asked to kill executor app-20190613095629-0002/143
19/06/13 09:56:33 INFO ExecutorRunner: Runner thread for executor app-20190613095629-0002/143 interrupted
19/06/13 09:56:33 INFO ExecutorRunner: Killing process!
19/06/13 09:56:33 INFO ExecutorRunner: Killing process!
19/06/13 09:56:33 INFO ExecutorRunner: Runner thread for executor app-20190613095629-0002/138 interrupted
19/06/13 09:56:33 INFO ExecutorRunner: Runner thread for executor app-20190613095629-0002/141 interrupted
19/06/13 09:56:33 INFO ExecutorRunner: Killing process!
19/06/13 09:56:33 INFO ExecutorRunner: Killing process!
19/06/13 09:56:33 INFO Worker: Executor app-20190613095629-0002/143 finished with state KILLED exitStatus 143
19/06/13 09:56:33 INFO ExternalShuffleBlockResolver: Clean up non-shuffle files associated with the finished executor 143
19/06/13 09:56:33 INFO ExternalShuffleBlockResolver: Executor is not registered (appId=app-20190613095629-0002, execId=143)
19/06/13 09:56:33 INFO Worker: Executor app-20190613095629-0002/142 finished with state KILLED exitStatus 143
19/06/13 09:56:33 INFO ExternalShuffleBlockResolver: Clean up non-shuffle files associated with the finished executor 142
19/06/13 09:56:33 INFO ExternalShuffleBlockResolver: Executor is not registered (appId=app-20190613095629-0002, execId=142)
19/06/13 09:56:35 INFO Worker: Executor app-20190613095629-0002/141 finished with state KILLED exitStatus 143
19/06/13 09:56:35 INFO ExternalShuffleBlockResolver: Clean up non-shuffle files associated with the finished executor 141
19/06/13 09:56:35 INFO ExternalShuffleBlockResolver: Executor is not registered (appId=app-20190613095629-0002, execId=141)
19/06/13 09:56:35 INFO Worker: Executor app-20190613095629-0002/139 finished with state KILLED exitStatus 143
19/06/13 09:56:35 INFO ExternalShuffleBlockResolver: Clean up non-shuffle files associated with the finished executor 139
19/06/13 09:56:35 INFO ExternalShuffleBlockResolver: Executor is not registered (appId=app-20190613095629-0002, execId=139)
19/06/13 09:56:35 INFO Worker: Executor app-20190613095629-0002/138 finished with state KILLED exitStatus 143
19/06/13 09:56:35 INFO ExternalShuffleBlockResolver: Clean up non-shuffle files associated with the finished executor 138
19/06/13 09:56:35 INFO ExternalShuffleBlockResolver: Executor is not registered (appId=app-20190613095629-0002, execId=138)
19/06/13 09:56:35 INFO Worker: Executor app-20190613095629-0002/140 finished with state KILLED exitStatus 143
19/06/13 09:56:35 INFO ExternalShuffleBlockResolver: Clean up non-shuffle files associated with the finished executor 140
19/06/13 09:56:35 INFO ExternalShuffleBlockResolver: Executor is not registered (appId=app-20190613095629-0002, execId=140)
19/06/13 09:56:35 INFO ExternalShuffleBlockResolver: Application app-20190613095629-0002 removed, cleanupLocalDirs = true
19/06/13 09:56:35 INFO Worker: Cleaning up local directories for application app-20190613095629-0002
19/06/13 09:59:43 INFO Worker: Asked to launch executor app-20190613095943-0003/138 for TeraGen (1000MB)
19/06/13 09:59:43 INFO SecurityManager: Changing view acls to: root
19/06/13 09:59:43 INFO SecurityManager: Changing modify acls to: root
19/06/13 09:59:43 INFO SecurityManager: Changing view acls groups to: 
19/06/13 09:59:43 INFO SecurityManager: Changing modify acls groups to: 
19/06/13 09:59:43 INFO SecurityManager: SecurityManager: authentication disabled; ui acls disabled; users  with view permissions: Set(root); groups with view permissions: Set(); users  with modify permissions: Set(root); groups with modify permissions: Set()
19/06/13 09:59:43 INFO Worker: Asked to launch executor app-20190613095943-0003/139 for TeraGen (1000MB)
19/06/13 09:59:43 INFO Worker: Asked to launch executor app-20190613095943-0003/140 for TeraGen (1000MB)
19/06/13 09:59:43 INFO SecurityManager: Changing view acls to: root
19/06/13 09:59:44 INFO SecurityManager: Changing view acls to: root
19/06/13 09:59:44 INFO SecurityManager: Changing modify acls to: root
19/06/13 09:59:44 INFO SecurityManager: Changing view acls groups to: 
19/06/13 09:59:44 INFO SecurityManager: Changing modify acls groups to: 
19/06/13 09:59:44 INFO SecurityManager: SecurityManager: authentication disabled; ui acls disabled; users  with view permissions: Set(root); groups with view permissions: Set(); users  with modify permissions: Set(root); groups with modify permissions: Set()
19/06/13 09:59:44 INFO Worker: Asked to launch executor app-20190613095943-0003/141 for TeraGen (1000MB)
19/06/13 09:59:44 INFO SecurityManager: Changing modify acls to: root
19/06/13 09:59:44 INFO SecurityManager: Changing view acls groups to: 
19/06/13 09:59:44 INFO SecurityManager: Changing modify acls groups to: 
19/06/13 09:59:44 INFO SecurityManager: SecurityManager: authentication disabled; ui acls disabled; users  with view permissions: Set(root); groups with view permissions: Set(); users  with modify permissions: Set(root); groups with modify permissions: Set()
19/06/13 09:59:44 INFO Worker: Asked to launch executor app-20190613095943-0003/142 for TeraGen (1000MB)
19/06/13 09:59:44 INFO SecurityManager: Changing view acls to: root
19/06/13 09:59:44 INFO SecurityManager: Changing modify acls to: root
19/06/13 09:59:44 INFO SecurityManager: Changing view acls groups to: 
19/06/13 09:59:44 INFO SecurityManager: Changing modify acls groups to: 
19/06/13 09:59:44 INFO SecurityManager: SecurityManager: authentication disabled; ui acls disabled; users  with view permissions: Set(root); groups with view permissions: Set(); users  with modify permissions: Set(root); groups with modify permissions: Set()
19/06/13 09:59:44 INFO ExecutorRunner: Launch command: "/usr/lib64/jvm/java-1.8.0-openjdk-1.8.0/jre/bin/java" "-cp" "/var/tmp/spark2.0hpcplatform/lib/firesteel-2.4.0.jar:/var/tmp/spark2.0hpcplatform/multicore/worker82/conf:/var/tmp/spark2.0hpcplatform/multicore/worker82/assembly/target/scala-2.11/jars/*" "-Xmx5120M" "-Dspark.driver.port=33105" "-Dspark.rpc.netty.dispatcher.numThreads=10" "-XX:ParallelGCThreads=10" "org.apache.spark.executor.CoarseGrainedExecutorBackend" "--driver-url" "spark://CoarseGrainedScheduler@mdc-ch1-cust4.mdc.ext.hpe.com:33105" "--executor-id" "140" "--hostname" "mdc-ch1-cust4" "--cores" "2" "--app-id" "app-20190613095943-0003" "--worker-url" "spark://Worker@mdc-ch1-cust4:38183"
19/06/13 09:59:44 INFO ExecutorRunner: Launch command: "/usr/lib64/jvm/java-1.8.0-openjdk-1.8.0/jre/bin/java" "-cp" "/var/tmp/spark2.0hpcplatform/lib/firesteel-2.4.0.jar:/var/tmp/spark2.0hpcplatform/multicore/worker82/conf:/var/tmp/spark2.0hpcplatform/multicore/worker82/assembly/target/scala-2.11/jars/*" "-Xmx5120M" "-Dspark.driver.port=33105" "-Dspark.rpc.netty.dispatcher.numThreads=10" "-XX:ParallelGCThreads=10" "org.apache.spark.executor.CoarseGrainedExecutorBackend" "--driver-url" "spark://CoarseGrainedScheduler@mdc-ch1-cust4.mdc.ext.hpe.com:33105" "--executor-id" "141" "--hostname" "mdc-ch1-cust4" "--cores" "2" "--app-id" "app-20190613095943-0003" "--worker-url" "spark://Worker@mdc-ch1-cust4:38183"
19/06/13 09:59:44 INFO Worker: Asked to launch executor app-20190613095943-0003/143 for TeraGen (1000MB)
19/06/13 09:59:44 INFO SecurityManager: Changing view acls to: root
19/06/13 09:59:44 INFO SecurityManager: Changing modify acls to: root
19/06/13 09:59:44 INFO SecurityManager: Changing view acls groups to: 
19/06/13 09:59:44 INFO SecurityManager: Changing modify acls groups to: 
19/06/13 09:59:44 INFO SecurityManager: SecurityManager: authentication disabled; ui acls disabled; users  with view permissions: Set(root); groups with view permissions: Set(); users  with modify permissions: Set(root); groups with modify permissions: Set()
19/06/13 09:59:44 INFO SecurityManager: Changing view acls to: root
19/06/13 09:59:44 INFO SecurityManager: Changing modify acls to: root
19/06/13 09:59:44 INFO SecurityManager: Changing view acls groups to: 
19/06/13 09:59:44 INFO SecurityManager: Changing modify acls groups to: 
19/06/13 09:59:44 INFO SecurityManager: SecurityManager: authentication disabled; ui acls disabled; users  with view permissions: Set(root); groups with view permissions: Set(); users  with modify permissions: Set(root); groups with modify permissions: Set()
19/06/13 09:59:44 INFO ExecutorRunner: Launch command: "/usr/lib64/jvm/java-1.8.0-openjdk-1.8.0/jre/bin/java" "-cp" "/var/tmp/spark2.0hpcplatform/lib/firesteel-2.4.0.jar:/var/tmp/spark2.0hpcplatform/multicore/worker82/conf:/var/tmp/spark2.0hpcplatform/multicore/worker82/assembly/target/scala-2.11/jars/*" "-Xmx5120M" "-Dspark.driver.port=33105" "-Dspark.rpc.netty.dispatcher.numThreads=10" "-XX:ParallelGCThreads=10" "org.apache.spark.executor.CoarseGrainedExecutorBackend" "--driver-url" "spark://CoarseGrainedScheduler@mdc-ch1-cust4.mdc.ext.hpe.com:33105" "--executor-id" "138" "--hostname" "mdc-ch1-cust4" "--cores" "2" "--app-id" "app-20190613095943-0003" "--worker-url" "spark://Worker@mdc-ch1-cust4:38183"
19/06/13 09:59:44 INFO ExecutorRunner: Launch command: "/usr/lib64/jvm/java-1.8.0-openjdk-1.8.0/jre/bin/java" "-cp" "/var/tmp/spark2.0hpcplatform/lib/firesteel-2.4.0.jar:/var/tmp/spark2.0hpcplatform/multicore/worker82/conf:/var/tmp/spark2.0hpcplatform/multicore/worker82/assembly/target/scala-2.11/jars/*" "-Xmx5120M" "-Dspark.driver.port=33105" "-Dspark.rpc.netty.dispatcher.numThreads=10" "-XX:ParallelGCThreads=10" "org.apache.spark.executor.CoarseGrainedExecutorBackend" "--driver-url" "spark://CoarseGrainedScheduler@mdc-ch1-cust4.mdc.ext.hpe.com:33105" "--executor-id" "139" "--hostname" "mdc-ch1-cust4" "--cores" "2" "--app-id" "app-20190613095943-0003" "--worker-url" "spark://Worker@mdc-ch1-cust4:38183"
19/06/13 09:59:44 INFO ExecutorRunner: Launch command: "/usr/lib64/jvm/java-1.8.0-openjdk-1.8.0/jre/bin/java" "-cp" "/var/tmp/spark2.0hpcplatform/lib/firesteel-2.4.0.jar:/var/tmp/spark2.0hpcplatform/multicore/worker82/conf:/var/tmp/spark2.0hpcplatform/multicore/worker82/assembly/target/scala-2.11/jars/*" "-Xmx5120M" "-Dspark.driver.port=33105" "-Dspark.rpc.netty.dispatcher.numThreads=10" "-XX:ParallelGCThreads=10" "org.apache.spark.executor.CoarseGrainedExecutorBackend" "--driver-url" "spark://CoarseGrainedScheduler@mdc-ch1-cust4.mdc.ext.hpe.com:33105" "--executor-id" "142" "--hostname" "mdc-ch1-cust4" "--cores" "2" "--app-id" "app-20190613095943-0003" "--worker-url" "spark://Worker@mdc-ch1-cust4:38183"
19/06/13 09:59:44 INFO ExecutorRunner: Launch command: "/usr/lib64/jvm/java-1.8.0-openjdk-1.8.0/jre/bin/java" "-cp" "/var/tmp/spark2.0hpcplatform/lib/firesteel-2.4.0.jar:/var/tmp/spark2.0hpcplatform/multicore/worker82/conf:/var/tmp/spark2.0hpcplatform/multicore/worker82/assembly/target/scala-2.11/jars/*" "-Xmx5120M" "-Dspark.driver.port=33105" "-Dspark.rpc.netty.dispatcher.numThreads=10" "-XX:ParallelGCThreads=10" "org.apache.spark.executor.CoarseGrainedExecutorBackend" "--driver-url" "spark://CoarseGrainedScheduler@mdc-ch1-cust4.mdc.ext.hpe.com:33105" "--executor-id" "143" "--hostname" "mdc-ch1-cust4" "--cores" "2" "--app-id" "app-20190613095943-0003" "--worker-url" "spark://Worker@mdc-ch1-cust4:38183"
19/06/13 10:00:04 INFO Worker: Asked to kill executor app-20190613095943-0003/140
19/06/13 10:00:04 INFO ExecutorRunner: Runner thread for executor app-20190613095943-0003/140 interrupted
19/06/13 10:00:04 INFO ExecutorRunner: Killing process!
19/06/13 10:00:04 INFO Worker: Asked to kill executor app-20190613095943-0003/142
19/06/13 10:00:04 INFO Worker: Asked to kill executor app-20190613095943-0003/139
19/06/13 10:00:04 INFO Worker: Asked to kill executor app-20190613095943-0003/138
19/06/13 10:00:04 INFO Worker: Asked to kill executor app-20190613095943-0003/141
19/06/13 10:00:04 INFO ExecutorRunner: Runner thread for executor app-20190613095943-0003/139 interrupted
19/06/13 10:00:04 INFO Worker: Asked to kill executor app-20190613095943-0003/143
19/06/13 10:00:04 INFO ExecutorRunner: Killing process!
19/06/13 10:00:04 INFO ExecutorRunner: Runner thread for executor app-20190613095943-0003/138 interrupted
19/06/13 10:00:04 INFO ExecutorRunner: Killing process!
19/06/13 10:00:04 INFO ExecutorRunner: Runner thread for executor app-20190613095943-0003/143 interrupted
19/06/13 10:00:04 INFO ExecutorRunner: Killing process!
19/06/13 10:00:04 INFO ExecutorRunner: Runner thread for executor app-20190613095943-0003/141 interrupted
19/06/13 10:00:04 INFO ExecutorRunner: Runner thread for executor app-20190613095943-0003/142 interrupted
19/06/13 10:00:04 INFO ExecutorRunner: Killing process!
19/06/13 10:00:04 INFO ExecutorRunner: Killing process!
19/06/13 10:00:05 INFO Worker: Executor app-20190613095943-0003/138 finished with state KILLED exitStatus 1
19/06/13 10:00:05 INFO ExternalShuffleBlockResolver: Clean up non-shuffle files associated with the finished executor 138
19/06/13 10:00:05 INFO ExternalShuffleBlockResolver: Executor is not registered (appId=app-20190613095943-0003, execId=138)
19/06/13 10:00:05 INFO Worker: Executor app-20190613095943-0003/141 finished with state KILLED exitStatus 143
19/06/13 10:00:05 INFO ExternalShuffleBlockResolver: Clean up non-shuffle files associated with the finished executor 141
19/06/13 10:00:05 INFO ExternalShuffleBlockResolver: Executor is not registered (appId=app-20190613095943-0003, execId=141)
19/06/13 10:00:06 INFO Worker: Executor app-20190613095943-0003/140 finished with state KILLED exitStatus 143
19/06/13 10:00:06 INFO ExternalShuffleBlockResolver: Clean up non-shuffle files associated with the finished executor 140
19/06/13 10:00:06 INFO ExternalShuffleBlockResolver: Executor is not registered (appId=app-20190613095943-0003, execId=140)
19/06/13 10:00:07 INFO Worker: Executor app-20190613095943-0003/139 finished with state KILLED exitStatus 143
19/06/13 10:00:07 INFO ExternalShuffleBlockResolver: Clean up non-shuffle files associated with the finished executor 139
19/06/13 10:00:07 INFO ExternalShuffleBlockResolver: Executor is not registered (appId=app-20190613095943-0003, execId=139)
19/06/13 10:00:07 INFO Worker: Executor app-20190613095943-0003/142 finished with state KILLED exitStatus 143
19/06/13 10:00:07 INFO ExternalShuffleBlockResolver: Clean up non-shuffle files associated with the finished executor 142
19/06/13 10:00:07 INFO ExternalShuffleBlockResolver: Executor is not registered (appId=app-20190613095943-0003, execId=142)
19/06/13 10:00:07 INFO Worker: Executor app-20190613095943-0003/143 finished with state KILLED exitStatus 143
19/06/13 10:00:07 INFO ExternalShuffleBlockResolver: Clean up non-shuffle files associated with the finished executor 143
19/06/13 10:00:07 INFO ExternalShuffleBlockResolver: Executor is not registered (appId=app-20190613095943-0003, execId=143)
19/06/13 10:00:07 INFO ExternalShuffleBlockResolver: Application app-20190613095943-0003 removed, cleanupLocalDirs = true
19/06/13 10:00:07 INFO Worker: Cleaning up local directories for application app-20190613095943-0003
19/06/13 10:16:01 INFO Worker: Asked to launch executor app-20190613101601-0004/138 for TeraGen (1000GB)
19/06/13 10:16:01 INFO SecurityManager: Changing view acls to: root
19/06/13 10:16:01 INFO SecurityManager: Changing modify acls to: root
19/06/13 10:16:01 INFO SecurityManager: Changing view acls groups to: 
19/06/13 10:16:01 INFO SecurityManager: Changing modify acls groups to: 
19/06/13 10:16:01 INFO SecurityManager: SecurityManager: authentication disabled; ui acls disabled; users  with view permissions: Set(root); groups with view permissions: Set(); users  with modify permissions: Set(root); groups with modify permissions: Set()
19/06/13 10:16:01 INFO Worker: Asked to launch executor app-20190613101601-0004/139 for TeraGen (1000GB)
19/06/13 10:16:01 INFO Worker: Asked to launch executor app-20190613101601-0004/140 for TeraGen (1000GB)
19/06/13 10:16:01 INFO SecurityManager: Changing view acls to: root
19/06/13 10:16:01 INFO SecurityManager: Changing modify acls to: root
19/06/13 10:16:01 INFO SecurityManager: Changing view acls groups to: 
19/06/13 10:16:01 INFO Worker: Asked to launch executor app-20190613101601-0004/141 for TeraGen (1000GB)
19/06/13 10:16:01 INFO SecurityManager: Changing view acls to: root
19/06/13 10:16:01 INFO SecurityManager: Changing modify acls to: root
19/06/13 10:16:01 INFO SecurityManager: Changing modify acls groups to: 
19/06/13 10:16:01 INFO SecurityManager: Changing view acls groups to: 
19/06/13 10:16:01 INFO SecurityManager: Changing modify acls groups to: 
19/06/13 10:16:01 INFO SecurityManager: SecurityManager: authentication disabled; ui acls disabled; users  with view permissions: Set(root); groups with view permissions: Set(); users  with modify permissions: Set(root); groups with modify permissions: Set()
19/06/13 10:16:01 INFO SecurityManager: SecurityManager: authentication disabled; ui acls disabled; users  with view permissions: Set(root); groups with view permissions: Set(); users  with modify permissions: Set(root); groups with modify permissions: Set()
19/06/13 10:16:01 INFO Worker: Asked to launch executor app-20190613101601-0004/142 for TeraGen (1000GB)
19/06/13 10:16:01 INFO SecurityManager: Changing view acls to: root
19/06/13 10:16:01 INFO SecurityManager: Changing modify acls to: root
19/06/13 10:16:01 INFO SecurityManager: Changing view acls groups to: 
19/06/13 10:16:01 INFO SecurityManager: Changing modify acls groups to: 
19/06/13 10:16:01 INFO SecurityManager: SecurityManager: authentication disabled; ui acls disabled; users  with view permissions: Set(root); groups with view permissions: Set(); users  with modify permissions: Set(root); groups with modify permissions: Set()
19/06/13 10:16:01 INFO Worker: Asked to launch executor app-20190613101601-0004/143 for TeraGen (1000GB)
19/06/13 10:16:01 INFO SecurityManager: Changing view acls to: root
19/06/13 10:16:01 INFO SecurityManager: Changing modify acls to: root
19/06/13 10:16:01 INFO SecurityManager: Changing view acls groups to: 
19/06/13 10:16:01 INFO SecurityManager: Changing modify acls groups to: 
19/06/13 10:16:01 INFO SecurityManager: SecurityManager: authentication disabled; ui acls disabled; users  with view permissions: Set(root); groups with view permissions: Set(); users  with modify permissions: Set(root); groups with modify permissions: Set()
19/06/13 10:16:01 INFO SecurityManager: Changing view acls to: root
19/06/13 10:16:01 INFO SecurityManager: Changing modify acls to: root
19/06/13 10:16:01 INFO SecurityManager: Changing view acls groups to: 
19/06/13 10:16:01 INFO SecurityManager: Changing modify acls groups to: 
19/06/13 10:16:01 INFO SecurityManager: SecurityManager: authentication disabled; ui acls disabled; users  with view permissions: Set(root); groups with view permissions: Set(); users  with modify permissions: Set(root); groups with modify permissions: Set()
19/06/13 10:16:01 INFO ExecutorRunner: Launch command: "/usr/lib64/jvm/java-1.8.0-openjdk-1.8.0/jre/bin/java" "-cp" "/var/tmp/spark2.0hpcplatform/lib/firesteel-2.4.0.jar:/var/tmp/spark2.0hpcplatform/multicore/worker82/conf:/var/tmp/spark2.0hpcplatform/multicore/worker82/assembly/target/scala-2.11/jars/*" "-Xmx5120M" "-Dspark.driver.port=33559" "-Dspark.rpc.netty.dispatcher.numThreads=10" "-XX:-UseBiasedLocking" "org.apache.spark.executor.CoarseGrainedExecutorBackend" "--driver-url" "spark://CoarseGrainedScheduler@mdc-ch1-cust4.mdc.ext.hpe.com:33559" "--executor-id" "138" "--hostname" "mdc-ch1-cust4" "--cores" "2" "--app-id" "app-20190613101601-0004" "--worker-url" "spark://Worker@mdc-ch1-cust4:38183"
19/06/13 10:16:02 INFO ExecutorRunner: Launch command: "/usr/lib64/jvm/java-1.8.0-openjdk-1.8.0/jre/bin/java" "-cp" "/var/tmp/spark2.0hpcplatform/lib/firesteel-2.4.0.jar:/var/tmp/spark2.0hpcplatform/multicore/worker82/conf:/var/tmp/spark2.0hpcplatform/multicore/worker82/assembly/target/scala-2.11/jars/*" "-Xmx5120M" "-Dspark.driver.port=33559" "-Dspark.rpc.netty.dispatcher.numThreads=10" "-XX:-UseBiasedLocking" "org.apache.spark.executor.CoarseGrainedExecutorBackend" "--driver-url" "spark://CoarseGrainedScheduler@mdc-ch1-cust4.mdc.ext.hpe.com:33559" "--executor-id" "142" "--hostname" "mdc-ch1-cust4" "--cores" "2" "--app-id" "app-20190613101601-0004" "--worker-url" "spark://Worker@mdc-ch1-cust4:38183"
19/06/13 10:16:02 INFO ExecutorRunner: Launch command: "/usr/lib64/jvm/java-1.8.0-openjdk-1.8.0/jre/bin/java" "-cp" "/var/tmp/spark2.0hpcplatform/lib/firesteel-2.4.0.jar:/var/tmp/spark2.0hpcplatform/multicore/worker82/conf:/var/tmp/spark2.0hpcplatform/multicore/worker82/assembly/target/scala-2.11/jars/*" "-Xmx5120M" "-Dspark.driver.port=33559" "-Dspark.rpc.netty.dispatcher.numThreads=10" "-XX:-UseBiasedLocking" "org.apache.spark.executor.CoarseGrainedExecutorBackend" "--driver-url" "spark://CoarseGrainedScheduler@mdc-ch1-cust4.mdc.ext.hpe.com:33559" "--executor-id" "143" "--hostname" "mdc-ch1-cust4" "--cores" "2" "--app-id" "app-20190613101601-0004" "--worker-url" "spark://Worker@mdc-ch1-cust4:38183"
19/06/13 10:16:02 INFO ExecutorRunner: Launch command: "/usr/lib64/jvm/java-1.8.0-openjdk-1.8.0/jre/bin/java" "-cp" "/var/tmp/spark2.0hpcplatform/lib/firesteel-2.4.0.jar:/var/tmp/spark2.0hpcplatform/multicore/worker82/conf:/var/tmp/spark2.0hpcplatform/multicore/worker82/assembly/target/scala-2.11/jars/*" "-Xmx5120M" "-Dspark.driver.port=33559" "-Dspark.rpc.netty.dispatcher.numThreads=10" "-XX:-UseBiasedLocking" "org.apache.spark.executor.CoarseGrainedExecutorBackend" "--driver-url" "spark://CoarseGrainedScheduler@mdc-ch1-cust4.mdc.ext.hpe.com:33559" "--executor-id" "139" "--hostname" "mdc-ch1-cust4" "--cores" "2" "--app-id" "app-20190613101601-0004" "--worker-url" "spark://Worker@mdc-ch1-cust4:38183"
19/06/13 10:16:02 INFO ExecutorRunner: Launch command: "/usr/lib64/jvm/java-1.8.0-openjdk-1.8.0/jre/bin/java" "-cp" "/var/tmp/spark2.0hpcplatform/lib/firesteel-2.4.0.jar:/var/tmp/spark2.0hpcplatform/multicore/worker82/conf:/var/tmp/spark2.0hpcplatform/multicore/worker82/assembly/target/scala-2.11/jars/*" "-Xmx5120M" "-Dspark.driver.port=33559" "-Dspark.rpc.netty.dispatcher.numThreads=10" "-XX:-UseBiasedLocking" "org.apache.spark.executor.CoarseGrainedExecutorBackend" "--driver-url" "spark://CoarseGrainedScheduler@mdc-ch1-cust4.mdc.ext.hpe.com:33559" "--executor-id" "141" "--hostname" "mdc-ch1-cust4" "--cores" "2" "--app-id" "app-20190613101601-0004" "--worker-url" "spark://Worker@mdc-ch1-cust4:38183"
19/06/13 10:16:02 INFO ExecutorRunner: Launch command: "/usr/lib64/jvm/java-1.8.0-openjdk-1.8.0/jre/bin/java" "-cp" "/var/tmp/spark2.0hpcplatform/lib/firesteel-2.4.0.jar:/var/tmp/spark2.0hpcplatform/multicore/worker82/conf:/var/tmp/spark2.0hpcplatform/multicore/worker82/assembly/target/scala-2.11/jars/*" "-Xmx5120M" "-Dspark.driver.port=33559" "-Dspark.rpc.netty.dispatcher.numThreads=10" "-XX:-UseBiasedLocking" "org.apache.spark.executor.CoarseGrainedExecutorBackend" "--driver-url" "spark://CoarseGrainedScheduler@mdc-ch1-cust4.mdc.ext.hpe.com:33559" "--executor-id" "140" "--hostname" "mdc-ch1-cust4" "--cores" "2" "--app-id" "app-20190613101601-0004" "--worker-url" "spark://Worker@mdc-ch1-cust4:38183"
19/06/13 10:16:02 INFO Worker: Asked to kill executor app-20190613101601-0004/140
19/06/13 10:16:02 INFO ExecutorRunner: Runner thread for executor app-20190613101601-0004/140 interrupted
19/06/13 10:16:03 INFO ExecutorRunner: Killing process!
19/06/13 10:16:03 INFO Worker: Asked to kill executor app-20190613101601-0004/142
19/06/13 10:16:03 INFO Worker: Asked to kill executor app-20190613101601-0004/139
19/06/13 10:16:03 INFO Worker: Asked to kill executor app-20190613101601-0004/138
19/06/13 10:16:03 INFO Worker: Asked to kill executor app-20190613101601-0004/141
19/06/13 10:16:03 INFO Worker: Asked to kill executor app-20190613101601-0004/143
19/06/13 10:16:03 INFO ExecutorRunner: Runner thread for executor app-20190613101601-0004/139 interrupted
19/06/13 10:16:03 INFO ExecutorRunner: Killing process!
19/06/13 10:16:03 INFO ExecutorRunner: Runner thread for executor app-20190613101601-0004/142 interrupted
19/06/13 10:16:03 INFO ExecutorRunner: Killing process!
19/06/13 10:16:03 INFO ExecutorRunner: Runner thread for executor app-20190613101601-0004/141 interrupted
19/06/13 10:16:03 INFO ExecutorRunner: Killing process!
19/06/13 10:16:03 INFO ExecutorRunner: Runner thread for executor app-20190613101601-0004/143 interrupted
19/06/13 10:16:03 INFO ExecutorRunner: Killing process!
19/06/13 10:16:03 INFO ExecutorRunner: Runner thread for executor app-20190613101601-0004/138 interrupted
19/06/13 10:16:03 INFO ExecutorRunner: Killing process!
19/06/13 10:16:03 INFO Worker: Executor app-20190613101601-0004/139 finished with state KILLED exitStatus 143
19/06/13 10:16:03 INFO ExternalShuffleBlockResolver: Clean up non-shuffle files associated with the finished executor 139
19/06/13 10:16:03 INFO ExternalShuffleBlockResolver: Executor is not registered (appId=app-20190613101601-0004, execId=139)
19/06/13 10:16:03 INFO Worker: Executor app-20190613101601-0004/143 finished with state KILLED exitStatus 143
19/06/13 10:16:03 INFO ExternalShuffleBlockResolver: Clean up non-shuffle files associated with the finished executor 143
19/06/13 10:16:03 INFO ExternalShuffleBlockResolver: Executor is not registered (appId=app-20190613101601-0004, execId=143)
19/06/13 10:16:04 INFO Worker: Executor app-20190613101601-0004/138 finished with state KILLED exitStatus 143
19/06/13 10:16:04 INFO ExternalShuffleBlockResolver: Clean up non-shuffle files associated with the finished executor 138
19/06/13 10:16:04 INFO ExternalShuffleBlockResolver: Executor is not registered (appId=app-20190613101601-0004, execId=138)
19/06/13 10:16:04 INFO Worker: Executor app-20190613101601-0004/141 finished with state KILLED exitStatus 143
19/06/13 10:16:04 INFO ExternalShuffleBlockResolver: Clean up non-shuffle files associated with the finished executor 141
19/06/13 10:16:04 INFO ExternalShuffleBlockResolver: Executor is not registered (appId=app-20190613101601-0004, execId=141)
19/06/13 10:16:04 INFO Worker: Executor app-20190613101601-0004/142 finished with state KILLED exitStatus 143
19/06/13 10:16:04 INFO ExternalShuffleBlockResolver: Clean up non-shuffle files associated with the finished executor 142
19/06/13 10:16:04 INFO ExternalShuffleBlockResolver: Executor is not registered (appId=app-20190613101601-0004, execId=142)
19/06/13 10:16:04 INFO Worker: Executor app-20190613101601-0004/140 finished with state KILLED exitStatus 143
19/06/13 10:16:04 INFO ExternalShuffleBlockResolver: Clean up non-shuffle files associated with the finished executor 140
19/06/13 10:16:04 INFO ExternalShuffleBlockResolver: Executor is not registered (appId=app-20190613101601-0004, execId=140)
19/06/13 10:16:04 INFO ExternalShuffleBlockResolver: Application app-20190613101601-0004 removed, cleanupLocalDirs = true
19/06/13 10:16:04 INFO Worker: Cleaning up local directories for application app-20190613101601-0004
19/06/13 10:21:00 INFO Worker: Asked to launch executor app-20190613102100-0005/138 for TeraGen (1000GB)
19/06/13 10:21:00 INFO Worker: Asked to launch executor app-20190613102100-0005/139 for TeraGen (1000GB)
19/06/13 10:21:00 INFO SecurityManager: Changing view acls to: root
19/06/13 10:21:00 INFO SecurityManager: Changing modify acls to: root
19/06/13 10:21:00 INFO SecurityManager: Changing view acls groups to: 
19/06/13 10:21:00 INFO SecurityManager: Changing modify acls groups to: 
19/06/13 10:21:00 INFO SecurityManager: SecurityManager: authentication disabled; ui acls disabled; users  with view permissions: Set(root); groups with view permissions: Set(); users  with modify permissions: Set(root); groups with modify permissions: Set()
19/06/13 10:21:00 INFO Worker: Asked to launch executor app-20190613102100-0005/140 for TeraGen (1000GB)
19/06/13 10:21:00 INFO SecurityManager: Changing view acls to: root
19/06/13 10:21:00 INFO SecurityManager: Changing modify acls to: root
19/06/13 10:21:00 INFO SecurityManager: Changing view acls groups to: 
19/06/13 10:21:00 INFO SecurityManager: Changing modify acls groups to: 
19/06/13 10:21:00 INFO SecurityManager: SecurityManager: authentication disabled; ui acls disabled; users  with view permissions: Set(root); groups with view permissions: Set(); users  with modify permissions: Set(root); groups with modify permissions: Set()
19/06/13 10:21:00 INFO Worker: Asked to launch executor app-20190613102100-0005/141 for TeraGen (1000GB)
19/06/13 10:21:00 INFO SecurityManager: Changing view acls to: root
19/06/13 10:21:00 INFO SecurityManager: Changing modify acls to: root
19/06/13 10:21:00 INFO SecurityManager: Changing view acls groups to: 
19/06/13 10:21:00 INFO SecurityManager: Changing modify acls groups to: 
19/06/13 10:21:00 INFO Worker: Asked to launch executor app-20190613102100-0005/142 for TeraGen (1000GB)
19/06/13 10:21:00 INFO SecurityManager: Changing view acls to: root
19/06/13 10:21:00 INFO SecurityManager: Changing modify acls to: root
19/06/13 10:21:00 INFO SecurityManager: Changing view acls groups to: 
19/06/13 10:21:00 INFO SecurityManager: Changing modify acls groups to: 
19/06/13 10:21:00 INFO SecurityManager: SecurityManager: authentication disabled; ui acls disabled; users  with view permissions: Set(root); groups with view permissions: Set(); users  with modify permissions: Set(root); groups with modify permissions: Set()
19/06/13 10:21:00 INFO Worker: Asked to launch executor app-20190613102100-0005/143 for TeraGen (1000GB)
19/06/13 10:21:00 INFO SecurityManager: Changing view acls to: root
19/06/13 10:21:00 INFO SecurityManager: Changing modify acls to: root
19/06/13 10:21:00 INFO SecurityManager: Changing view acls groups to: 
19/06/13 10:21:00 INFO SecurityManager: Changing modify acls groups to: 
19/06/13 10:21:00 INFO SecurityManager: SecurityManager: authentication disabled; ui acls disabled; users  with view permissions: Set(root); groups with view permissions: Set(); users  with modify permissions: Set(root); groups with modify permissions: Set()
19/06/13 10:21:00 INFO SecurityManager: Changing view acls to: root
19/06/13 10:21:00 INFO SecurityManager: Changing modify acls to: root
19/06/13 10:21:00 INFO SecurityManager: Changing view acls groups to: 
19/06/13 10:21:00 INFO SecurityManager: Changing modify acls groups to: 
19/06/13 10:21:00 INFO SecurityManager: SecurityManager: authentication disabled; ui acls disabled; users  with view permissions: Set(root); groups with view permissions: Set(); users  with modify permissions: Set(root); groups with modify permissions: Set()
19/06/13 10:21:00 INFO SecurityManager: SecurityManager: authentication disabled; ui acls disabled; users  with view permissions: Set(root); groups with view permissions: Set(); users  with modify permissions: Set(root); groups with modify permissions: Set()
19/06/13 10:21:00 INFO ExecutorRunner: Launch command: "/usr/lib64/jvm/java-1.8.0-openjdk-1.8.0/jre/bin/java" "-cp" "/var/tmp/spark2.0hpcplatform/lib/firesteel-2.4.0.jar:/var/tmp/spark2.0hpcplatform/multicore/worker82/conf:/var/tmp/spark2.0hpcplatform/multicore/worker82/assembly/target/scala-2.11/jars/*" "-Xmx5120M" "-Dspark.driver.port=41167" "-Dspark.rpc.netty.dispatcher.numThreads=10" "-XX:-UseBiasedLocking" "org.apache.spark.executor.CoarseGrainedExecutorBackend" "--driver-url" "spark://CoarseGrainedScheduler@mdc-ch1-cust4.mdc.ext.hpe.com:41167" "--executor-id" "141" "--hostname" "mdc-ch1-cust4" "--cores" "2" "--app-id" "app-20190613102100-0005" "--worker-url" "spark://Worker@mdc-ch1-cust4:38183"
19/06/13 10:21:00 INFO ExecutorRunner: Launch command: "/usr/lib64/jvm/java-1.8.0-openjdk-1.8.0/jre/bin/java" "-cp" "/var/tmp/spark2.0hpcplatform/lib/firesteel-2.4.0.jar:/var/tmp/spark2.0hpcplatform/multicore/worker82/conf:/var/tmp/spark2.0hpcplatform/multicore/worker82/assembly/target/scala-2.11/jars/*" "-Xmx5120M" "-Dspark.driver.port=41167" "-Dspark.rpc.netty.dispatcher.numThreads=10" "-XX:-UseBiasedLocking" "org.apache.spark.executor.CoarseGrainedExecutorBackend" "--driver-url" "spark://CoarseGrainedScheduler@mdc-ch1-cust4.mdc.ext.hpe.com:41167" "--executor-id" "140" "--hostname" "mdc-ch1-cust4" "--cores" "2" "--app-id" "app-20190613102100-0005" "--worker-url" "spark://Worker@mdc-ch1-cust4:38183"
19/06/13 10:21:00 INFO ExecutorRunner: Launch command: "/usr/lib64/jvm/java-1.8.0-openjdk-1.8.0/jre/bin/java" "-cp" "/var/tmp/spark2.0hpcplatform/lib/firesteel-2.4.0.jar:/var/tmp/spark2.0hpcplatform/multicore/worker82/conf:/var/tmp/spark2.0hpcplatform/multicore/worker82/assembly/target/scala-2.11/jars/*" "-Xmx5120M" "-Dspark.driver.port=41167" "-Dspark.rpc.netty.dispatcher.numThreads=10" "-XX:-UseBiasedLocking" "org.apache.spark.executor.CoarseGrainedExecutorBackend" "--driver-url" "spark://CoarseGrainedScheduler@mdc-ch1-cust4.mdc.ext.hpe.com:41167" "--executor-id" "142" "--hostname" "mdc-ch1-cust4" "--cores" "2" "--app-id" "app-20190613102100-0005" "--worker-url" "spark://Worker@mdc-ch1-cust4:38183"
19/06/13 10:21:00 INFO ExecutorRunner: Launch command: "/usr/lib64/jvm/java-1.8.0-openjdk-1.8.0/jre/bin/java" "-cp" "/var/tmp/spark2.0hpcplatform/lib/firesteel-2.4.0.jar:/var/tmp/spark2.0hpcplatform/multicore/worker82/conf:/var/tmp/spark2.0hpcplatform/multicore/worker82/assembly/target/scala-2.11/jars/*" "-Xmx5120M" "-Dspark.driver.port=41167" "-Dspark.rpc.netty.dispatcher.numThreads=10" "-XX:-UseBiasedLocking" "org.apache.spark.executor.CoarseGrainedExecutorBackend" "--driver-url" "spark://CoarseGrainedScheduler@mdc-ch1-cust4.mdc.ext.hpe.com:41167" "--executor-id" "143" "--hostname" "mdc-ch1-cust4" "--cores" "2" "--app-id" "app-20190613102100-0005" "--worker-url" "spark://Worker@mdc-ch1-cust4:38183"
19/06/13 10:21:00 INFO ExecutorRunner: Launch command: "/usr/lib64/jvm/java-1.8.0-openjdk-1.8.0/jre/bin/java" "-cp" "/var/tmp/spark2.0hpcplatform/lib/firesteel-2.4.0.jar:/var/tmp/spark2.0hpcplatform/multicore/worker82/conf:/var/tmp/spark2.0hpcplatform/multicore/worker82/assembly/target/scala-2.11/jars/*" "-Xmx5120M" "-Dspark.driver.port=41167" "-Dspark.rpc.netty.dispatcher.numThreads=10" "-XX:-UseBiasedLocking" "org.apache.spark.executor.CoarseGrainedExecutorBackend" "--driver-url" "spark://CoarseGrainedScheduler@mdc-ch1-cust4.mdc.ext.hpe.com:41167" "--executor-id" "138" "--hostname" "mdc-ch1-cust4" "--cores" "2" "--app-id" "app-20190613102100-0005" "--worker-url" "spark://Worker@mdc-ch1-cust4:38183"
19/06/13 10:21:00 INFO ExecutorRunner: Launch command: "/usr/lib64/jvm/java-1.8.0-openjdk-1.8.0/jre/bin/java" "-cp" "/var/tmp/spark2.0hpcplatform/lib/firesteel-2.4.0.jar:/var/tmp/spark2.0hpcplatform/multicore/worker82/conf:/var/tmp/spark2.0hpcplatform/multicore/worker82/assembly/target/scala-2.11/jars/*" "-Xmx5120M" "-Dspark.driver.port=41167" "-Dspark.rpc.netty.dispatcher.numThreads=10" "-XX:-UseBiasedLocking" "org.apache.spark.executor.CoarseGrainedExecutorBackend" "--driver-url" "spark://CoarseGrainedScheduler@mdc-ch1-cust4.mdc.ext.hpe.com:41167" "--executor-id" "139" "--hostname" "mdc-ch1-cust4" "--cores" "2" "--app-id" "app-20190613102100-0005" "--worker-url" "spark://Worker@mdc-ch1-cust4:38183"
19/06/13 10:21:44 WARN QueuedThreadPool: 
java.lang.OutOfMemoryError: unable to create new native thread
	at java.lang.Thread.start0(Native Method)
	at java.lang.Thread.start(Thread.java:717)
	at org.spark_project.jetty.util.thread.QueuedThreadPool.startThreads(QueuedThreadPool.java:475)
	at org.spark_project.jetty.util.thread.QueuedThreadPool.access$200(QueuedThreadPool.java:48)
	at org.spark_project.jetty.util.thread.QueuedThreadPool$2.run(QueuedThreadPool.java:634)
	at java.lang.Thread.run(Thread.java:748)
19/06/13 10:21:52 INFO Worker: Asked to launch executor app-20190613102100-0005/688 for TeraGen (1000GB)
19/06/13 10:21:53 INFO SecurityManager: Changing view acls to: root
19/06/13 10:21:53 INFO SecurityManager: Changing modify acls to: root
19/06/13 10:21:53 INFO SecurityManager: Changing view acls groups to: 
19/06/13 10:21:53 INFO SecurityManager: Changing modify acls groups to: 
19/06/13 10:21:53 INFO SecurityManager: SecurityManager: authentication disabled; ui acls disabled; users  with view permissions: Set(root); groups with view permissions: Set(); users  with modify permissions: Set(root); groups with modify permissions: Set()
19/06/13 10:21:54 INFO ExecutorRunner: Launch command: "/usr/lib64/jvm/java-1.8.0-openjdk-1.8.0/jre/bin/java" "-cp" "/var/tmp/spark2.0hpcplatform/lib/firesteel-2.4.0.jar:/var/tmp/spark2.0hpcplatform/multicore/worker82/conf:/var/tmp/spark2.0hpcplatform/multicore/worker82/assembly/target/scala-2.11/jars/*" "-Xmx5120M" "-Dspark.driver.port=41167" "-Dspark.rpc.netty.dispatcher.numThreads=10" "-XX:-UseBiasedLocking" "org.apache.spark.executor.CoarseGrainedExecutorBackend" "--driver-url" "spark://CoarseGrainedScheduler@mdc-ch1-cust4.mdc.ext.hpe.com:41167" "--executor-id" "688" "--hostname" "mdc-ch1-cust4" "--cores" "2" "--app-id" "app-20190613102100-0005" "--worker-url" "spark://Worker@mdc-ch1-cust4:38183"
19/06/13 10:21:56 INFO Worker: Executor app-20190613102100-0005/141 finished with state EXITED message Command exited with code 1 exitStatus 1
19/06/13 10:21:56 INFO ExternalShuffleBlockResolver: Clean up non-shuffle files associated with the finished executor 141
19/06/13 10:21:56 INFO ExternalShuffleBlockResolver: Executor is not registered (appId=app-20190613102100-0005, execId=141)
19/06/13 10:21:56 INFO Worker: Asked to launch executor app-20190613102100-0005/791 for TeraGen (1000GB)
19/06/13 10:21:57 INFO Worker: Executor app-20190613102100-0005/142 finished with state EXITED message Command exited with code 1 exitStatus 1
19/06/13 10:21:57 INFO ExternalShuffleBlockResolver: Clean up non-shuffle files associated with the finished executor 142
19/06/13 10:21:57 INFO ExternalShuffleBlockResolver: Executor is not registered (appId=app-20190613102100-0005, execId=142)
19/06/13 10:21:57 INFO SecurityManager: Changing view acls to: root
19/06/13 10:21:57 INFO SecurityManager: Changing modify acls to: root
19/06/13 10:21:57 INFO SecurityManager: Changing view acls groups to: 
19/06/13 10:21:57 INFO SecurityManager: Changing modify acls groups to: 
19/06/13 10:21:57 INFO SecurityManager: SecurityManager: authentication disabled; ui acls disabled; users  with view permissions: Set(root); groups with view permissions: Set(); users  with modify permissions: Set(root); groups with modify permissions: Set()
19/06/13 10:21:57 INFO ExecutorRunner: Launch command: "/usr/lib64/jvm/java-1.8.0-openjdk-1.8.0/jre/bin/java" "-cp" "/var/tmp/spark2.0hpcplatform/lib/firesteel-2.4.0.jar:/var/tmp/spark2.0hpcplatform/multicore/worker82/conf:/var/tmp/spark2.0hpcplatform/multicore/worker82/assembly/target/scala-2.11/jars/*" "-Xmx5120M" "-Dspark.driver.port=41167" "-Dspark.rpc.netty.dispatcher.numThreads=10" "-XX:-UseBiasedLocking" "org.apache.spark.executor.CoarseGrainedExecutorBackend" "--driver-url" "spark://CoarseGrainedScheduler@mdc-ch1-cust4.mdc.ext.hpe.com:41167" "--executor-id" "791" "--hostname" "mdc-ch1-cust4" "--cores" "2" "--app-id" "app-20190613102100-0005" "--worker-url" "spark://Worker@mdc-ch1-cust4:38183"
19/06/13 10:21:57 INFO Worker: Asked to launch executor app-20190613102100-0005/810 for TeraGen (1000GB)
19/06/13 10:21:57 INFO SecurityManager: Changing view acls to: root
19/06/13 10:21:57 INFO SecurityManager: Changing modify acls to: root
19/06/13 10:21:57 INFO SecurityManager: Changing view acls groups to: 
19/06/13 10:21:57 INFO SecurityManager: Changing modify acls groups to: 
19/06/13 10:21:57 INFO SecurityManager: SecurityManager: authentication disabled; ui acls disabled; users  with view permissions: Set(root); groups with view permissions: Set(); users  with modify permissions: Set(root); groups with modify permissions: Set()
19/06/13 10:21:57 INFO ExecutorRunner: Launch command: "/usr/lib64/jvm/java-1.8.0-openjdk-1.8.0/jre/bin/java" "-cp" "/var/tmp/spark2.0hpcplatform/lib/firesteel-2.4.0.jar:/var/tmp/spark2.0hpcplatform/multicore/worker82/conf:/var/tmp/spark2.0hpcplatform/multicore/worker82/assembly/target/scala-2.11/jars/*" "-Xmx5120M" "-Dspark.driver.port=41167" "-Dspark.rpc.netty.dispatcher.numThreads=10" "-XX:-UseBiasedLocking" "org.apache.spark.executor.CoarseGrainedExecutorBackend" "--driver-url" "spark://CoarseGrainedScheduler@mdc-ch1-cust4.mdc.ext.hpe.com:41167" "--executor-id" "810" "--hostname" "mdc-ch1-cust4" "--cores" "2" "--app-id" "app-20190613102100-0005" "--worker-url" "spark://Worker@mdc-ch1-cust4:38183"
19/06/13 10:22:01 INFO Worker: Executor app-20190613102100-0005/138 finished with state EXITED message Command exited with code 1 exitStatus 1
19/06/13 10:22:01 INFO ExternalShuffleBlockResolver: Clean up non-shuffle files associated with the finished executor 138
19/06/13 10:22:01 INFO ExternalShuffleBlockResolver: Executor is not registered (appId=app-20190613102100-0005, execId=138)
19/06/13 10:22:02 INFO Worker: Asked to launch executor app-20190613102100-0005/902 for TeraGen (1000GB)
19/06/13 10:22:02 INFO Worker: Executor app-20190613102100-0005/143 finished with state EXITED message Command exited with code 1 exitStatus 1
19/06/13 10:22:02 INFO ExternalShuffleBlockResolver: Clean up non-shuffle files associated with the finished executor 143
19/06/13 10:22:02 INFO ExternalShuffleBlockResolver: Executor is not registered (appId=app-20190613102100-0005, execId=143)
19/06/13 10:22:02 INFO Worker: Asked to launch executor app-20190613102100-0005/924 for TeraGen (1000GB)
19/06/13 10:22:02 INFO Worker: Executor app-20190613102100-0005/140 finished with state EXITED message Command exited with code 1 exitStatus 1
19/06/13 10:22:02 INFO ExternalShuffleBlockResolver: Clean up non-shuffle files associated with the finished executor 140
19/06/13 10:22:02 INFO ExternalShuffleBlockResolver: Executor is not registered (appId=app-20190613102100-0005, execId=140)
19/06/13 10:22:02 INFO SecurityManager: Changing view acls to: root
19/06/13 10:22:02 INFO SecurityManager: Changing modify acls to: root
19/06/13 10:22:02 INFO SecurityManager: Changing view acls groups to: 
19/06/13 10:22:02 INFO SecurityManager: Changing modify acls groups to: 
19/06/13 10:22:02 INFO SecurityManager: SecurityManager: authentication disabled; ui acls disabled; users  with view permissions: Set(root); groups with view permissions: Set(); users  with modify permissions: Set(root); groups with modify permissions: Set()
19/06/13 10:22:02 INFO ExecutorRunner: Launch command: "/usr/lib64/jvm/java-1.8.0-openjdk-1.8.0/jre/bin/java" "-cp" "/var/tmp/spark2.0hpcplatform/lib/firesteel-2.4.0.jar:/var/tmp/spark2.0hpcplatform/multicore/worker82/conf:/var/tmp/spark2.0hpcplatform/multicore/worker82/assembly/target/scala-2.11/jars/*" "-Xmx5120M" "-Dspark.driver.port=41167" "-Dspark.rpc.netty.dispatcher.numThreads=10" "-XX:-UseBiasedLocking" "org.apache.spark.executor.CoarseGrainedExecutorBackend" "--driver-url" "spark://CoarseGrainedScheduler@mdc-ch1-cust4.mdc.ext.hpe.com:41167" "--executor-id" "924" "--hostname" "mdc-ch1-cust4" "--cores" "2" "--app-id" "app-20190613102100-0005" "--worker-url" "spark://Worker@mdc-ch1-cust4:38183"
19/06/13 10:22:02 INFO SecurityManager: Changing view acls to: root
19/06/13 10:22:02 INFO SecurityManager: Changing modify acls to: root
19/06/13 10:22:02 INFO SecurityManager: Changing view acls groups to: 
19/06/13 10:22:02 INFO Worker: Asked to launch executor app-20190613102100-0005/965 for TeraGen (1000GB)
19/06/13 10:22:02 INFO SecurityManager: Changing modify acls groups to: 
19/06/13 10:22:02 INFO SecurityManager: SecurityManager: authentication disabled; ui acls disabled; users  with view permissions: Set(root); groups with view permissions: Set(); users  with modify permissions: Set(root); groups with modify permissions: Set()
19/06/13 10:22:02 INFO SecurityManager: Changing view acls to: root
19/06/13 10:22:02 INFO SecurityManager: Changing modify acls to: root
19/06/13 10:22:03 INFO ExecutorRunner: Launch command: "/usr/lib64/jvm/java-1.8.0-openjdk-1.8.0/jre/bin/java" "-cp" "/var/tmp/spark2.0hpcplatform/lib/firesteel-2.4.0.jar:/var/tmp/spark2.0hpcplatform/multicore/worker82/conf:/var/tmp/spark2.0hpcplatform/multicore/worker82/assembly/target/scala-2.11/jars/*" "-Xmx5120M" "-Dspark.driver.port=41167" "-Dspark.rpc.netty.dispatcher.numThreads=10" "-XX:-UseBiasedLocking" "org.apache.spark.executor.CoarseGrainedExecutorBackend" "--driver-url" "spark://CoarseGrainedScheduler@mdc-ch1-cust4.mdc.ext.hpe.com:41167" "--executor-id" "902" "--hostname" "mdc-ch1-cust4" "--cores" "2" "--app-id" "app-20190613102100-0005" "--worker-url" "spark://Worker@mdc-ch1-cust4:38183"
19/06/13 10:22:03 INFO SecurityManager: Changing view acls groups to: 
19/06/13 10:22:03 INFO SecurityManager: Changing modify acls groups to: 
19/06/13 10:22:03 INFO SecurityManager: SecurityManager: authentication disabled; ui acls disabled; users  with view permissions: Set(root); groups with view permissions: Set(); users  with modify permissions: Set(root); groups with modify permissions: Set()
19/06/13 10:22:03 INFO ExecutorRunner: Launch command: "/usr/lib64/jvm/java-1.8.0-openjdk-1.8.0/jre/bin/java" "-cp" "/var/tmp/spark2.0hpcplatform/lib/firesteel-2.4.0.jar:/var/tmp/spark2.0hpcplatform/multicore/worker82/conf:/var/tmp/spark2.0hpcplatform/multicore/worker82/assembly/target/scala-2.11/jars/*" "-Xmx5120M" "-Dspark.driver.port=41167" "-Dspark.rpc.netty.dispatcher.numThreads=10" "-XX:-UseBiasedLocking" "org.apache.spark.executor.CoarseGrainedExecutorBackend" "--driver-url" "spark://CoarseGrainedScheduler@mdc-ch1-cust4.mdc.ext.hpe.com:41167" "--executor-id" "965" "--hostname" "mdc-ch1-cust4" "--cores" "2" "--app-id" "app-20190613102100-0005" "--worker-url" "spark://Worker@mdc-ch1-cust4:38183"
19/06/13 10:22:03 INFO Worker: Executor app-20190613102100-0005/139 finished with state EXITED message Command exited with code 1 exitStatus 1
19/06/13 10:22:03 INFO ExternalShuffleBlockResolver: Clean up non-shuffle files associated with the finished executor 139
19/06/13 10:22:03 INFO ExternalShuffleBlockResolver: Executor is not registered (appId=app-20190613102100-0005, execId=139)
19/06/13 10:22:03 INFO Worker: Asked to launch executor app-20190613102100-0005/1018 for TeraGen (1000GB)
19/06/13 10:22:03 INFO SecurityManager: Changing view acls to: root
19/06/13 10:22:03 INFO SecurityManager: Changing modify acls to: root
19/06/13 10:22:03 INFO SecurityManager: Changing view acls groups to: 
19/06/13 10:22:03 INFO SecurityManager: Changing modify acls groups to: 
19/06/13 10:22:03 INFO SecurityManager: SecurityManager: authentication disabled; ui acls disabled; users  with view permissions: Set(root); groups with view permissions: Set(); users  with modify permissions: Set(root); groups with modify permissions: Set()
19/06/13 10:22:03 INFO ExecutorRunner: Launch command: "/usr/lib64/jvm/java-1.8.0-openjdk-1.8.0/jre/bin/java" "-cp" "/var/tmp/spark2.0hpcplatform/lib/firesteel-2.4.0.jar:/var/tmp/spark2.0hpcplatform/multicore/worker82/conf:/var/tmp/spark2.0hpcplatform/multicore/worker82/assembly/target/scala-2.11/jars/*" "-Xmx5120M" "-Dspark.driver.port=41167" "-Dspark.rpc.netty.dispatcher.numThreads=10" "-XX:-UseBiasedLocking" "org.apache.spark.executor.CoarseGrainedExecutorBackend" "--driver-url" "spark://CoarseGrainedScheduler@mdc-ch1-cust4.mdc.ext.hpe.com:41167" "--executor-id" "1018" "--hostname" "mdc-ch1-cust4" "--cores" "2" "--app-id" "app-20190613102100-0005" "--worker-url" "spark://Worker@mdc-ch1-cust4:38183"
19/06/13 10:22:14 INFO Worker: Executor app-20190613102100-0005/791 finished with state EXITED message Command exited with code 1 exitStatus 1
19/06/13 10:22:14 INFO ExternalShuffleBlockResolver: Clean up non-shuffle files associated with the finished executor 791
19/06/13 10:22:14 INFO ExternalShuffleBlockResolver: Executor is not registered (appId=app-20190613102100-0005, execId=791)
19/06/13 10:22:14 INFO Worker: Asked to launch executor app-20190613102100-0005/1105 for TeraGen (1000GB)
19/06/13 10:22:14 ERROR SparkUncaughtExceptionHandler: Uncaught exception in thread Thread[dispatcher-event-loop-449,5,main]
java.lang.OutOfMemoryError: unable to create new native thread
	at java.lang.Thread.start0(Native Method)
	at java.lang.Thread.start(Thread.java:717)
	at java.util.concurrent.ThreadPoolExecutor.addWorker(ThreadPoolExecutor.java:957)
	at java.util.concurrent.ThreadPoolExecutor.processWorkerExit(ThreadPoolExecutor.java:1025)
	at java.util.concurrent.ThreadPoolExecutor.runWorker(ThreadPoolExecutor.java:1167)
	at java.util.concurrent.ThreadPoolExecutor$Worker.run(ThreadPoolExecutor.java:624)
	at java.lang.Thread.run(Thread.java:748)
