NAME                                        MAJ:MIN RM   SIZE RO TYPE  MOUNTPOINT
sda                                           8:0    1    15G  0 disk  
├─sda1                                        8:1    1   3.8M  0 part  
└─sda2                                        8:2    1 630.9M  0 part  
sdb                                           8:16   0   200G  0 disk  
├─sdb1                                        8:17   0   144M  0 part  
├─sdb2                                        8:18   0     2G  0 part  
├─sdb3                                        8:19   0    40G  0 part  
├─sdb4                                        8:20   0 157.8G  0 part  
└─360002ac00000000000000099000099c6         254:0    0   200G  0 mpath 
  ├─360002ac00000000000000099000099c6-part1 254:2    0   144M  0 part  /boot/efi
  ├─360002ac00000000000000099000099c6-part2 254:3    0     2G  0 part  [SWAP]
  ├─360002ac00000000000000099000099c6-part3 254:4    0    40G  0 part  /var/tmp
  └─360002ac00000000000000099000099c6-part4 254:5    0 157.8G  0 part  /home
sdc                                           8:32   0     6T  0 disk  
└─360002ac0000000000000009c000099c6         254:1    0     6T  0 mpath 
  └─360002ac0000000000000009c000099c6-part1 254:6    0     6T  0 part  /data
sdd                                           8:48   0   200G  0 disk  
├─sdd1                                        8:49   0   144M  0 part  
├─sdd2                                        8:50   0     2G  0 part  
├─sdd3                                        8:51   0    40G  0 part  
├─sdd4                                        8:52   0 157.8G  0 part  
└─360002ac00000000000000099000099c6         254:0    0   200G  0 mpath 
  ├─360002ac00000000000000099000099c6-part1 254:2    0   144M  0 part  /boot/efi
  ├─360002ac00000000000000099000099c6-part2 254:3    0     2G  0 part  [SWAP]
  ├─360002ac00000000000000099000099c6-part3 254:4    0    40G  0 part  /var/tmp
  └─360002ac00000000000000099000099c6-part4 254:5    0 157.8G  0 part  /home
sde                                           8:64   0     6T  0 disk  
└─360002ac0000000000000009c000099c6         254:1    0     6T  0 mpath 
  └─360002ac0000000000000009c000099c6-part1 254:6    0     6T  0 part  /data
sdf                                           8:80   0   200G  0 disk  
├─sdf1                                        8:81   0   144M  0 part  
├─sdf2                                        8:82   0     2G  0 part  
├─sdf3                                        8:83   0    40G  0 part  
├─sdf4                                        8:84   0 157.8G  0 part  
└─360002ac00000000000000099000099c6         254:0    0   200G  0 mpath 
  ├─360002ac00000000000000099000099c6-part1 254:2    0   144M  0 part  /boot/efi
  ├─360002ac00000000000000099000099c6-part2 254:3    0     2G  0 part  [SWAP]
  ├─360002ac00000000000000099000099c6-part3 254:4    0    40G  0 part  /var/tmp
  └─360002ac00000000000000099000099c6-part4 254:5    0 157.8G  0 part  /home
sdg                                           8:96   0     6T  0 disk  
└─360002ac0000000000000009c000099c6         254:1    0     6T  0 mpath 
  └─360002ac0000000000000009c000099c6-part1 254:6    0     6T  0 part  /data
sdh                                           8:112  0   200G  0 disk  
├─sdh1                                        8:113  0   144M  0 part  
├─sdh2                                        8:114  0     2G  0 part  
├─sdh3                                        8:115  0    40G  0 part  
├─sdh4                                        8:116  0 157.8G  0 part  
└─360002ac00000000000000099000099c6         254:0    0   200G  0 mpath 
  ├─360002ac00000000000000099000099c6-part1 254:2    0   144M  0 part  /boot/efi
  ├─360002ac00000000000000099000099c6-part2 254:3    0     2G  0 part  [SWAP]
  ├─360002ac00000000000000099000099c6-part3 254:4    0    40G  0 part  /var/tmp
  └─360002ac00000000000000099000099c6-part4 254:5    0 157.8G  0 part  /home
sdi                                           8:128  0     6T  0 disk  
└─360002ac0000000000000009c000099c6         254:1    0     6T  0 mpath 
  └─360002ac0000000000000009c000099c6-part1 254:6    0     6T  0 part  /data
sdj                                           8:144  0   200G  0 disk  
├─sdj1                                        8:145  0   144M  0 part  
├─sdj2                                        8:146  0     2G  0 part  
├─sdj3                                        8:147  0    40G  0 part  
├─sdj4                                        8:148  0 157.8G  0 part  
└─360002ac00000000000000099000099c6         254:0    0   200G  0 mpath 
  ├─360002ac00000000000000099000099c6-part1 254:2    0   144M  0 part  /boot/efi
  ├─360002ac00000000000000099000099c6-part2 254:3    0     2G  0 part  [SWAP]
  ├─360002ac00000000000000099000099c6-part3 254:4    0    40G  0 part  /var/tmp
  └─360002ac00000000000000099000099c6-part4 254:5    0 157.8G  0 part  /home
sdk                                           8:160  0     6T  0 disk  
└─360002ac0000000000000009c000099c6         254:1    0     6T  0 mpath 
  └─360002ac0000000000000009c000099c6-part1 254:6    0     6T  0 part  /data
sdl                                           8:176  0   200G  0 disk  
├─sdl1                                        8:177  0   144M  0 part  
├─sdl2                                        8:178  0     2G  0 part  
├─sdl3                                        8:179  0    40G  0 part  
├─sdl4                                        8:180  0 157.8G  0 part  
└─360002ac00000000000000099000099c6         254:0    0   200G  0 mpath 
  ├─360002ac00000000000000099000099c6-part1 254:2    0   144M  0 part  /boot/efi
  ├─360002ac00000000000000099000099c6-part2 254:3    0     2G  0 part  [SWAP]
  ├─360002ac00000000000000099000099c6-part3 254:4    0    40G  0 part  /var/tmp
  └─360002ac00000000000000099000099c6-part4 254:5    0 157.8G  0 part  /home
sdm                                           8:192  0     6T  0 disk  
└─360002ac0000000000000009c000099c6         254:1    0     6T  0 mpath 
  └─360002ac0000000000000009c000099c6-part1 254:6    0     6T  0 part  /data
sdn                                           8:208  0   200G  0 disk  
├─sdn1                                        8:209  0   144M  0 part  
├─sdn2                                        8:210  0     2G  0 part  
├─sdn3                                        8:211  0    40G  0 part  
├─sdn4                                        8:212  0 157.8G  0 part  
└─360002ac00000000000000099000099c6         254:0    0   200G  0 mpath 
  ├─360002ac00000000000000099000099c6-part1 254:2    0   144M  0 part  /boot/efi
  ├─360002ac00000000000000099000099c6-part2 254:3    0     2G  0 part  [SWAP]
  ├─360002ac00000000000000099000099c6-part3 254:4    0    40G  0 part  /var/tmp
  └─360002ac00000000000000099000099c6-part4 254:5    0 157.8G  0 part  /home
sdo                                           8:224  0     6T  0 disk  
└─360002ac0000000000000009c000099c6         254:1    0     6T  0 mpath 
  └─360002ac0000000000000009c000099c6-part1 254:6    0     6T  0 part  /data
sdp                                           8:240  0   200G  0 disk  
├─sdp1                                        8:241  0   144M  0 part  
├─sdp2                                        8:242  0     2G  0 part  
├─sdp3                                        8:243  0    40G  0 part  
├─sdp4                                        8:244  0 157.8G  0 part  
└─360002ac00000000000000099000099c6         254:0    0   200G  0 mpath 
  ├─360002ac00000000000000099000099c6-part1 254:2    0   144M  0 part  /boot/efi
  ├─360002ac00000000000000099000099c6-part2 254:3    0     2G  0 part  [SWAP]
  ├─360002ac00000000000000099000099c6-part3 254:4    0    40G  0 part  /var/tmp
  └─360002ac00000000000000099000099c6-part4 254:5    0 157.8G  0 part  /home
sr0                                          11:0    1  1024M  0 rom   
sr1                                          11:1    1  1024M  0 rom   
sdq                                          65:0    0     6T  0 disk  
└─360002ac0000000000000009c000099c6         254:1    0     6T  0 mpath 
  └─360002ac0000000000000009c000099c6-part1 254:6    0     6T  0 part  /data
sdr                                          65:16   0   200G  0 disk  
├─sdr1                                       65:17   0   144M  0 part  
├─sdr2                                       65:18   0     2G  0 part  
├─sdr3                                       65:19   0    40G  0 part  
├─sdr4                                       65:20   0 157.8G  0 part  
└─360002ac00000000000000099000099c6         254:0    0   200G  0 mpath 
  ├─360002ac00000000000000099000099c6-part1 254:2    0   144M  0 part  /boot/efi
  ├─360002ac00000000000000099000099c6-part2 254:3    0     2G  0 part  [SWAP]
  ├─360002ac00000000000000099000099c6-part3 254:4    0    40G  0 part  /var/tmp
  └─360002ac00000000000000099000099c6-part4 254:5    0 157.8G  0 part  /home
sds                                          65:32   0     6T  0 disk  
└─360002ac0000000000000009c000099c6         254:1    0     6T  0 mpath 
  └─360002ac0000000000000009c000099c6-part1 254:6    0     6T  0 part  /data
sdt                                          65:48   0   200G  0 disk  
├─sdt1                                       65:49   0   144M  0 part  
├─sdt2                                       65:50   0     2G  0 part  
├─sdt3                                       65:51   0    40G  0 part  
├─sdt4                                       65:52   0 157.8G  0 part  
└─360002ac00000000000000099000099c6         254:0    0   200G  0 mpath 
  ├─360002ac00000000000000099000099c6-part1 254:2    0   144M  0 part  /boot/efi
  ├─360002ac00000000000000099000099c6-part2 254:3    0     2G  0 part  [SWAP]
  ├─360002ac00000000000000099000099c6-part3 254:4    0    40G  0 part  /var/tmp
  └─360002ac00000000000000099000099c6-part4 254:5    0 157.8G  0 part  /home
sdu                                          65:64   0     6T  0 disk  
└─360002ac0000000000000009c000099c6         254:1    0     6T  0 mpath 
  └─360002ac0000000000000009c000099c6-part1 254:6    0     6T  0 part  /data
sdv                                          65:80   0   200G  0 disk  
├─sdv1                                       65:81   0   144M  0 part  
├─sdv2                                       65:82   0     2G  0 part  
├─sdv3                                       65:83   0    40G  0 part  
├─sdv4                                       65:84   0 157.8G  0 part  
└─360002ac00000000000000099000099c6         254:0    0   200G  0 mpath 
  ├─360002ac00000000000000099000099c6-part1 254:2    0   144M  0 part  /boot/efi
  ├─360002ac00000000000000099000099c6-part2 254:3    0     2G  0 part  [SWAP]
  ├─360002ac00000000000000099000099c6-part3 254:4    0    40G  0 part  /var/tmp
  └─360002ac00000000000000099000099c6-part4 254:5    0 157.8G  0 part  /home
sdw                                          65:96   0     6T  0 disk  
└─360002ac0000000000000009c000099c6         254:1    0     6T  0 mpath 
  └─360002ac0000000000000009c000099c6-part1 254:6    0     6T  0 part  /data
sdx                                          65:112  0   200G  0 disk  
├─sdx1                                       65:113  0   144M  0 part  
├─sdx2                                       65:114  0     2G  0 part  
├─sdx3                                       65:115  0    40G  0 part  
├─sdx4                                       65:116  0 157.8G  0 part  
└─360002ac00000000000000099000099c6         254:0    0   200G  0 mpath 
  ├─360002ac00000000000000099000099c6-part1 254:2    0   144M  0 part  /boot/efi
  ├─360002ac00000000000000099000099c6-part2 254:3    0     2G  0 part  [SWAP]
  ├─360002ac00000000000000099000099c6-part3 254:4    0    40G  0 part  /var/tmp
  └─360002ac00000000000000099000099c6-part4 254:5    0 157.8G  0 part  /home
sdy                                          65:128  0     6T  0 disk  
└─360002ac0000000000000009c000099c6         254:1    0     6T  0 mpath 
  └─360002ac0000000000000009c000099c6-part1 254:6    0     6T  0 part  /data
sdz                                          65:144  0   200G  0 disk  
├─sdz1                                       65:145  0   144M  0 part  
├─sdz2                                       65:146  0     2G  0 part  
├─sdz3                                       65:147  0    40G  0 part  
├─sdz4                                       65:148  0 157.8G  0 part  
└─360002ac00000000000000099000099c6         254:0    0   200G  0 mpath 
  ├─360002ac00000000000000099000099c6-part1 254:2    0   144M  0 part  /boot/efi
  ├─360002ac00000000000000099000099c6-part2 254:3    0     2G  0 part  [SWAP]
  ├─360002ac00000000000000099000099c6-part3 254:4    0    40G  0 part  /var/tmp
  └─360002ac00000000000000099000099c6-part4 254:5    0 157.8G  0 part  /home
sdaa                                         65:160  0     6T  0 disk  
└─360002ac0000000000000009c000099c6         254:1    0     6T  0 mpath 
  └─360002ac0000000000000009c000099c6-part1 254:6    0     6T  0 part  /data
sdab                                         65:176  0   200G  0 disk  
├─sdab1                                      65:177  0   144M  0 part  
├─sdab2                                      65:178  0     2G  0 part  
├─sdab3                                      65:179  0    40G  0 part  
├─sdab4                                      65:180  0 157.8G  0 part  
└─360002ac00000000000000099000099c6         254:0    0   200G  0 mpath 
  ├─360002ac00000000000000099000099c6-part1 254:2    0   144M  0 part  /boot/efi
  ├─360002ac00000000000000099000099c6-part2 254:3    0     2G  0 part  [SWAP]
  ├─360002ac00000000000000099000099c6-part3 254:4    0    40G  0 part  /var/tmp
  └─360002ac00000000000000099000099c6-part4 254:5    0 157.8G  0 part  /home
sdac                                         65:192  0     6T  0 disk  
└─360002ac0000000000000009c000099c6         254:1    0     6T  0 mpath 
  └─360002ac0000000000000009c000099c6-part1 254:6    0     6T  0 part  /data
sdad                                         65:208  0   200G  0 disk  
├─sdad1                                      65:209  0   144M  0 part  
├─sdad2                                      65:210  0     2G  0 part  
├─sdad3                                      65:211  0    40G  0 part  
├─sdad4                                      65:212  0 157.8G  0 part  
└─360002ac00000000000000099000099c6         254:0    0   200G  0 mpath 
  ├─360002ac00000000000000099000099c6-part1 254:2    0   144M  0 part  /boot/efi
  ├─360002ac00000000000000099000099c6-part2 254:3    0     2G  0 part  [SWAP]
  ├─360002ac00000000000000099000099c6-part3 254:4    0    40G  0 part  /var/tmp
  └─360002ac00000000000000099000099c6-part4 254:5    0 157.8G  0 part  /home
sdae                                         65:224  0   200G  0 disk  
├─sdae1                                      65:225  0   144M  0 part  
├─sdae2                                      65:226  0     2G  0 part  
├─sdae3                                      65:227  0    40G  0 part  
├─sdae4                                      65:228  0 157.8G  0 part  
└─360002ac00000000000000099000099c6         254:0    0   200G  0 mpath 
  ├─360002ac00000000000000099000099c6-part1 254:2    0   144M  0 part  /boot/efi
  ├─360002ac00000000000000099000099c6-part2 254:3    0     2G  0 part  [SWAP]
  ├─360002ac00000000000000099000099c6-part3 254:4    0    40G  0 part  /var/tmp
  └─360002ac00000000000000099000099c6-part4 254:5    0 157.8G  0 part  /home
sdaf                                         65:240  0     6T  0 disk  
├─sdaf1                                      65:241  0     6T  0 part  
└─360002ac0000000000000009c000099c6         254:1    0     6T  0 mpath 
  └─360002ac0000000000000009c000099c6-part1 254:6    0     6T  0 part  /data
sdag                                         66:0    0     6T  0 disk  
├─sdag1                                      66:1    0     6T  0 part  
└─360002ac0000000000000009c000099c6         254:1    0     6T  0 mpath 
  └─360002ac0000000000000009c000099c6-part1 254:6    0     6T  0 part  /data
