0000001 | T.0x00007f8e910f4700 | 2019-06-21, 02:20:33.969800 [info] - (/home/ghosdebd/sparkle/alps/src/globalheap/globalheap_internal.cc, 153) Open heap path: /lfs/spark_global0 
0000002 | T.0x00007f8e910f4700 | 2019-06-21, 02:20:33.970181 [info] - (/home/ghosdebd/sparkle/alps/src/pegasus/lfs_region_file.cc, 64) Open LFS region file path: "/lfs/spark_global0" flags: O_RDWR
0000004 | T.0x00007f8e910f4700 | 2019-06-21, 02:20:33.983370 [info] - (/home/ghosdebd/sparkle/alps/src/pegasus/segmap.cc, 39) map region  base_addr: 0x7f0d44000000 size: 549755813888 addr_range: 0x7f0d44000000--7f8d44000000
0000005 | T.0x00007f8e910f4700 | 2019-06-21, 02:20:33.983397 [info] - (/home/ghosdebd/sparkle/alps/src/globalheap/globalheap_internal.cc, 158) Opened heap path: /lfs/spark_global0  size: 549755813888
0000006 | T.0x00007f8e910f4700 | 2019-06-21, 02:20:34.322433 [info] - (/home/ghosdebd/sparkle/alps/src/globalheap/globalheap_internal.cc, 380) Allocate block size: 412
0000007 | T.0x00007f8e911f5700 | 2019-06-21, 02:20:34.322445 [info] - (/home/ghosdebd/sparkle/alps/src/globalheap/globalheap_internal.cc, 380) Allocate block size: 412
0000008 | T.0x00007f8e910f4700 | 2019-06-21, 02:20:34.322479 [info] - (/home/ghosdebd/sparkle/alps/src/globalheap/globalheap_internal.cc, 400) Allocate block size: 412 ig: 0
0000009 | T.0x00007f8e911f5700 | 2019-06-21, 02:20:34.322485 [info] - (/home/ghosdebd/sparkle/alps/src/globalheap/globalheap_internal.cc, 400) Allocate block size: 412 ig: 0
0000011 | T.0x00007f8e911f5700 | 2019-06-21, 02:20:34.322603 [info] - (/home/ghosdebd/sparkle/alps/src/globalheap/memattrib_heap.cc, 59) Allocate block size: 412
0000010 | T.0x00007f8e910f4700 | 2019-06-21, 02:20:34.322601 [info] - (/home/ghosdebd/sparkle/alps/src/globalheap/memattrib_heap.cc, 59) Allocate block size: 412
0000012 | T.0x00007f8e911f5700 | 2019-06-21, 02:20:34.322614 [info] - (/home/ghosdebd/sparkle/alps/src/globalheap/process_slab_heap.cc, 30) acquire_slab
0000013 | T.0x00007f8e911f5700 | 2019-06-21, 02:20:34.322619 [info] - (/home/ghosdebd/sparkle/alps/src/globalheap/process_slab_heap.cc, 33) acquire_slab: locked
0000014 | T.0x00007f8e911f5700 | 2019-06-21, 02:20:34.322624 [info] - (/home/ghosdebd/sparkle/alps/src/globalheap/extentheap.hh, 116) malloc
0000015 | T.0x00007f8e911f5700 | 2019-06-21, 02:20:34.322908 [info] - (/home/ghosdebd/sparkle/alps/src/globalheap/zone.hh, 40) NVZONE: 0x7f5f44000400
0000016 | T.0x00007f8e911f5700 | 2019-06-21, 02:20:34.322921 [info] - (/home/ghosdebd/sparkle/alps/src/globalheap/zone.hh, 41) NVZONE: ID: 41
0000017 | T.0x00007f8e911f5700 | 2019-06-21, 02:20:34.324671 [info] - (/home/ghosdebd/sparkle/alps/src/globalheap/extentmap.cc, 88) INSERT: (0, 32766)
0000018 | T.0x00007f8e911f5700 | 2019-06-21, 02:20:34.324700 [info] - (/home/ghosdebd/sparkle/alps/src/globalheap/zone_heap.hh, 153) Acquired zone: 41
0000019 | T.0x00007f8e911f5700 | 2019-06-21, 02:20:34.324705 [info] - (/home/ghosdebd/sparkle/alps/src/globalheap/zone.hh, 72) Enumerate zone: 41
0000020 | T.0x00007f8e911f5700 | 2019-06-21, 02:20:34.326185 [info] - (/home/ghosdebd/sparkle/alps/src/globalheap/extentheap.hh, 116) malloc
0000021 | T.0x00007f8e911f5700 | 2019-06-21, 02:20:34.326207 [info] - (/home/ghosdebd/sparkle/alps/src/globalheap/extentmap.cc, 88) INSERT: (1, 32765)
0000022 | T.0x00007f8e911f5700 | 2019-06-21, 02:20:34.326211 [info] - (/home/ghosdebd/sparkle/alps/src/globalheap/zone.cc, 48) Allocated zone_id: 41 extent: (0, 1) 0x7f5f440404c8
0000023 | T.0x00007f8e911f5700 | 2019-06-21, 02:20:34.326249 [info] - (/home/ghosdebd/sparkle/alps/src/globalheap/process_slab_heap.cc, 50) acquire_slab: unlock 2
0000024 | T.0x00007f8e911f5700 | 2019-06-21, 02:20:34.326259 [info] - (/home/ghosdebd/sparkle/alps/src/globalheap/slab.cc, 56) Allocate block: nvslab: (0xbeef, 0x52000404c8) block: 0
0000025 | T.0x00007f8e911f5700 | 2019-06-21, 02:20:34.326265 [info] - (/home/ghosdebd/sparkle/alps/src/globalheap/slab_heap.cc, 40) Allocate block: new_fullness: 0 old_fullness: 0
0000026 | T.0x00007f8e911f5700 | 2019-06-21, 02:20:34.326273 [info] - (/home/ghosdebd/sparkle/alps/src/globalheap/globalheap_internal.cc, 391) Allocated block ptr: (0xbeef, 0x5200040548) size: 412
0000027 | T.0x00007f8e910f4700 | 2019-06-21, 02:20:34.326281 [info] - (/home/ghosdebd/sparkle/alps/src/globalheap/slab.cc, 56) Allocate block: nvslab: (0xbeef, 0x52000404c8) block: 1
0000028 | T.0x00007f8e910f4700 | 2019-06-21, 02:20:34.326296 [info] - (/home/ghosdebd/sparkle/alps/src/globalheap/slab_heap.cc, 40) Allocate block: new_fullness: 0 old_fullness: 0
0000029 | T.0x00007f8e911f5700 | 2019-06-21, 02:20:34.326299 [info] - (/home/ghosdebd/sparkle/alps/src/globalheap/globalheap_internal.cc, 380) Allocate block size: 30
0000030 | T.0x00007f8e910f4700 | 2019-06-21, 02:20:34.326302 [info] - (/home/ghosdebd/sparkle/alps/src/globalheap/globalheap_internal.cc, 391) Allocated block ptr: (0xbeef, 0x52000406e8) size: 412
0000031 | T.0x00007f8e911f5700 | 2019-06-21, 02:20:34.326304 [info] - (/home/ghosdebd/sparkle/alps/src/globalheap/globalheap_internal.cc, 400) Allocate block size: 30 ig: 0
0000032 | T.0x00007f8e911f5700 | 2019-06-21, 02:20:34.326310 [info] - (/home/ghosdebd/sparkle/alps/src/globalheap/memattrib_heap.cc, 59) Allocate block size: 30
0000033 | T.0x00007f8e910f4700 | 2019-06-21, 02:20:34.326314 [info] - (/home/ghosdebd/sparkle/alps/src/globalheap/globalheap_internal.cc, 380) Allocate block size: 30
0000034 | T.0x00007f8e911f5700 | 2019-06-21, 02:20:34.326315 [info] - (/home/ghosdebd/sparkle/alps/src/globalheap/process_slab_heap.cc, 30) acquire_slab
0000035 | T.0x00007f8e910f4700 | 2019-06-21, 02:20:34.326321 [info] - (/home/ghosdebd/sparkle/alps/src/globalheap/globalheap_internal.cc, 400) Allocate block size: 30 ig: 0
0000036 | T.0x00007f8e911f5700 | 2019-06-21, 02:20:34.326326 [info] - (/home/ghosdebd/sparkle/alps/src/globalheap/process_slab_heap.cc, 33) acquire_slab: locked
0000037 | T.0x00007f8e910f4700 | 2019-06-21, 02:20:34.326331 [info] - (/home/ghosdebd/sparkle/alps/src/globalheap/memattrib_heap.cc, 59) Allocate block size: 30
0000038 | T.0x00007f8e911f5700 | 2019-06-21, 02:20:34.326336 [info] - (/home/ghosdebd/sparkle/alps/src/globalheap/extentheap.hh, 116) malloc
0000039 | T.0x00007f8e911f5700 | 2019-06-21, 02:20:34.326345 [info] - (/home/ghosdebd/sparkle/alps/src/globalheap/extentmap.cc, 88) INSERT: (2, 32764)
0000040 | T.0x00007f8e911f5700 | 2019-06-21, 02:20:34.326350 [info] - (/home/ghosdebd/sparkle/alps/src/globalheap/zone.cc, 48) Allocated zone_id: 41 extent: (1, 1) 0x7f5f440804c8
0000041 | T.0x00007f8e911f5700 | 2019-06-21, 02:20:34.326673 [info] - (/home/ghosdebd/sparkle/alps/src/globalheap/process_slab_heap.cc, 50) acquire_slab: unlock 2
0000042 | T.0x00007f8e911f5700 | 2019-06-21, 02:20:34.326680 [info] - (/home/ghosdebd/sparkle/alps/src/globalheap/slab.cc, 56) Allocate block: nvslab: (0xbeef, 0x52000804c8) block: 0
0000043 | T.0x00007f8e911f5700 | 2019-06-21, 02:20:34.326684 [info] - (/home/ghosdebd/sparkle/alps/src/globalheap/slab_heap.cc, 40) Allocate block: new_fullness: 0 old_fullness: 0
0000044 | T.0x00007f8e911f5700 | 2019-06-21, 02:20:34.326690 [info] - (/home/ghosdebd/sparkle/alps/src/globalheap/globalheap_internal.cc, 391) Allocated block ptr: (0xbeef, 0x5200080908) size: 30
0000045 | T.0x00007f8e910f4700 | 2019-06-21, 02:20:34.326692 [info] - (/home/ghosdebd/sparkle/alps/src/globalheap/slab.cc, 56) Allocate block: nvslab: (0xbeef, 0x52000804c8) block: 1
0000046 | T.0x00007f8e911f5700 | 2019-06-21, 02:20:34.326694 [info] - (/home/ghosdebd/sparkle/alps/src/globalheap/globalheap_internal.cc, 380) Allocate block size: 30
0000047 | T.0x00007f8e910f4700 | 2019-06-21, 02:20:34.326698 [info] - (/home/ghosdebd/sparkle/alps/src/globalheap/slab_heap.cc, 40) Allocate block: new_fullness: 0 old_fullness: 0
0000048 | T.0x00007f8e911f5700 | 2019-06-21, 02:20:34.326700 [info] - (/home/ghosdebd/sparkle/alps/src/globalheap/globalheap_internal.cc, 400) Allocate block size: 30 ig: 0
0000049 | T.0x00007f8e910f4700 | 2019-06-21, 02:20:34.326703 [info] - (/home/ghosdebd/sparkle/alps/src/globalheap/globalheap_internal.cc, 391) Allocated block ptr: (0xbeef, 0x5200080928) size: 30
0000050 | T.0x00007f8e911f5700 | 2019-06-21, 02:20:34.326705 [info] - (/home/ghosdebd/sparkle/alps/src/globalheap/memattrib_heap.cc, 59) Allocate block size: 30
0000051 | T.0x00007f8e910f4700 | 2019-06-21, 02:20:34.326709 [info] - (/home/ghosdebd/sparkle/alps/src/globalheap/globalheap_internal.cc, 380) Allocate block size: 60
0000052 | T.0x00007f8e911f5700 | 2019-06-21, 02:20:34.326752 [info] - (/home/ghosdebd/sparkle/alps/src/globalheap/slab.cc, 56) Allocate block: nvslab: (0xbeef, 0x52000804c8) block: 2
0000053 | T.0x00007f8e910f4700 | 2019-06-21, 02:20:34.326757 [info] - (/home/ghosdebd/sparkle/alps/src/globalheap/globalheap_internal.cc, 400) Allocate block size: 60 ig: 0
0000054 | T.0x00007f8e911f5700 | 2019-06-21, 02:20:34.326762 [info] - (/home/ghosdebd/sparkle/alps/src/globalheap/slab_heap.cc, 40) Allocate block: new_fullness: 0 old_fullness: 0
0000055 | T.0x00007f8e910f4700 | 2019-06-21, 02:20:34.326767 [info] - (/home/ghosdebd/sparkle/alps/src/globalheap/memattrib_heap.cc, 59) Allocate block size: 60
0000056 | T.0x00007f8e911f5700 | 2019-06-21, 02:20:34.326772 [info] - (/home/ghosdebd/sparkle/alps/src/globalheap/globalheap_internal.cc, 391) Allocated block ptr: (0xbeef, 0x5200080948) size: 30
0000057 | T.0x00007f8e910f4700 | 2019-06-21, 02:20:34.326777 [info] - (/home/ghosdebd/sparkle/alps/src/globalheap/process_slab_heap.cc, 30) acquire_slab
0000058 | T.0x00007f8e911f5700 | 2019-06-21, 02:20:34.326782 [info] - (/home/ghosdebd/sparkle/alps/src/globalheap/globalheap_internal.cc, 380) Allocate block size: 30
0000059 | T.0x00007f8e910f4700 | 2019-06-21, 02:20:34.326787 [info] - (/home/ghosdebd/sparkle/alps/src/globalheap/process_slab_heap.cc, 33) acquire_slab: locked
0000060 | T.0x00007f8e911f5700 | 2019-06-21, 02:20:34.326792 [info] - (/home/ghosdebd/sparkle/alps/src/globalheap/globalheap_internal.cc, 400) Allocate block size: 30 ig: 0
0000061 | T.0x00007f8e910f4700 | 2019-06-21, 02:20:34.326796 [info] - (/home/ghosdebd/sparkle/alps/src/globalheap/extentheap.hh, 116) malloc
0000062 | T.0x00007f8e911f5700 | 2019-06-21, 02:20:34.326802 [info] - (/home/ghosdebd/sparkle/alps/src/globalheap/memattrib_heap.cc, 59) Allocate block size: 30
0000063 | T.0x00007f8e910f4700 | 2019-06-21, 02:20:34.326808 [info] - (/home/ghosdebd/sparkle/alps/src/globalheap/extentmap.cc, 88) INSERT: (3, 32763)
0000064 | T.0x00007f8e910f4700 | 2019-06-21, 02:20:34.326814 [info] - (/home/ghosdebd/sparkle/alps/src/globalheap/zone.cc, 48) Allocated zone_id: 41 extent: (2, 1) 0x7f5f440c04c8
0000065 | T.0x00007f8e910f4700 | 2019-06-21, 02:20:34.327057 [info] - (/home/ghosdebd/sparkle/alps/src/globalheap/process_slab_heap.cc, 50) acquire_slab: unlock 2
0000066 | T.0x00007f8e910f4700 | 2019-06-21, 02:20:34.327067 [info] - (/home/ghosdebd/sparkle/alps/src/globalheap/slab.cc, 56) Allocate block: nvslab: (0xbeef, 0x52000c04c8) block: 0
0000067 | T.0x00007f8e910f4700 | 2019-06-21, 02:20:34.327072 [info] - (/home/ghosdebd/sparkle/alps/src/globalheap/slab_heap.cc, 40) Allocate block: new_fullness: 0 old_fullness: 0
0000068 | T.0x00007f8e910f4700 | 2019-06-21, 02:20:34.327077 [info] - (/home/ghosdebd/sparkle/alps/src/globalheap/globalheap_internal.cc, 391) Allocated block ptr: (0xbeef, 0x52000c0708) size: 60
0000069 | T.0x00007f8e911f5700 | 2019-06-21, 02:20:34.327078 [info] - (/home/ghosdebd/sparkle/alps/src/globalheap/slab.cc, 56) Allocate block: nvslab: (0xbeef, 0x52000804c8) block: 3
0000070 | T.0x00007f8e910f4700 | 2019-06-21, 02:20:34.327082 [info] - (/home/ghosdebd/sparkle/alps/src/globalheap/globalheap_internal.cc, 380) Allocate block size: 60
0000071 | T.0x00007f8e911f5700 | 2019-06-21, 02:20:34.327084 [info] - (/home/ghosdebd/sparkle/alps/src/globalheap/slab_heap.cc, 40) Allocate block: new_fullness: 0 old_fullness: 0
0000072 | T.0x00007f8e910f4700 | 2019-06-21, 02:20:34.327087 [info] - (/home/ghosdebd/sparkle/alps/src/globalheap/globalheap_internal.cc, 400) Allocate block size: 60 ig: 0
0000073 | T.0x00007f8e911f5700 | 2019-06-21, 02:20:34.327090 [info] - (/home/ghosdebd/sparkle/alps/src/globalheap/globalheap_internal.cc, 391) Allocated block ptr: (0xbeef, 0x5200080968) size: 30
0000074 | T.0x00007f8e910f4700 | 2019-06-21, 02:20:34.327091 [info] - (/home/ghosdebd/sparkle/alps/src/globalheap/memattrib_heap.cc, 59) Allocate block size: 60
0000075 | T.0x00007f8e911f5700 | 2019-06-21, 02:20:34.327094 [info] - (/home/ghosdebd/sparkle/alps/src/globalheap/globalheap_internal.cc, 380) Allocate block size: 30
0000076 | T.0x00007f8e910f4700 | 2019-06-21, 02:20:34.327096 [info] - (/home/ghosdebd/sparkle/alps/src/globalheap/slab.cc, 56) Allocate block: nvslab: (0xbeef, 0x52000c04c8) block: 1
0000077 | T.0x00007f8e911f5700 | 2019-06-21, 02:20:34.327099 [info] - (/home/ghosdebd/sparkle/alps/src/globalheap/globalheap_internal.cc, 400) Allocate block size: 30 ig: 0
0000078 | T.0x00007f8e910f4700 | 2019-06-21, 02:20:34.327101 [info] - (/home/ghosdebd/sparkle/alps/src/globalheap/slab_heap.cc, 40) Allocate block: new_fullness: 0 old_fullness: 0
0000079 | T.0x00007f8e911f5700 | 2019-06-21, 02:20:34.327106 [info] - (/home/ghosdebd/sparkle/alps/src/globalheap/memattrib_heap.cc, 59) Allocate block size: 30
0000080 | T.0x00007f8e910f4700 | 2019-06-21, 02:20:34.327111 [info] - (/home/ghosdebd/sparkle/alps/src/globalheap/globalheap_internal.cc, 391) Allocated block ptr: (0xbeef, 0x52000c0748) size: 60
0000081 | T.0x00007f8e911f5700 | 2019-06-21, 02:20:34.327117 [info] - (/home/ghosdebd/sparkle/alps/src/globalheap/slab.cc, 56) Allocate block: nvslab: (0xbeef, 0x52000804c8) block: 4
0000082 | T.0x00007f8e910f4700 | 2019-06-21, 02:20:34.327121 [info] - (/home/ghosdebd/sparkle/alps/src/globalheap/globalheap_internal.cc, 380) Allocate block size: 60
0000083 | T.0x00007f8e911f5700 | 2019-06-21, 02:20:34.327126 [info] - (/home/ghosdebd/sparkle/alps/src/globalheap/slab_heap.cc, 40) Allocate block: new_fullness: 0 old_fullness: 0
0000084 | T.0x00007f8e910f4700 | 2019-06-21, 02:20:34.327131 [info] - (/home/ghosdebd/sparkle/alps/src/globalheap/globalheap_internal.cc, 400) Allocate block size: 60 ig: 0
0000085 | T.0x00007f8e911f5700 | 2019-06-21, 02:20:34.327136 [info] - (/home/ghosdebd/sparkle/alps/src/globalheap/globalheap_internal.cc, 391) Allocated block ptr: (0xbeef, 0x5200080988) size: 30
0000086 | T.0x00007f8e910f4700 | 2019-06-21, 02:20:34.327140 [info] - (/home/ghosdebd/sparkle/alps/src/globalheap/memattrib_heap.cc, 59) Allocate block size: 60
0000087 | T.0x00007f8e911f5700 | 2019-06-21, 02:20:34.327145 [info] - (/home/ghosdebd/sparkle/alps/src/globalheap/globalheap_internal.cc, 380) Allocate block size: 30
0000088 | T.0x00007f8e910f4700 | 2019-06-21, 02:20:34.327150 [info] - (/home/ghosdebd/sparkle/alps/src/globalheap/slab.cc, 56) Allocate block: nvslab: (0xbeef, 0x52000c04c8) block: 2
0000089 | T.0x00007f8e911f5700 | 2019-06-21, 02:20:34.327154 [info] - (/home/ghosdebd/sparkle/alps/src/globalheap/globalheap_internal.cc, 400) Allocate block size: 30 ig: 0
0000090 | T.0x00007f8e910f4700 | 2019-06-21, 02:20:34.327159 [info] - (/home/ghosdebd/sparkle/alps/src/globalheap/slab_heap.cc, 40) Allocate block: new_fullness: 0 old_fullness: 0
0000091 | T.0x00007f8e911f5700 | 2019-06-21, 02:20:34.327164 [info] - (/home/ghosdebd/sparkle/alps/src/globalheap/memattrib_heap.cc, 59) Allocate block size: 30
0000092 | T.0x00007f8e910f4700 | 2019-06-21, 02:20:34.327168 [info] - (/home/ghosdebd/sparkle/alps/src/globalheap/globalheap_internal.cc, 391) Allocated block ptr: (0xbeef, 0x52000c0788) size: 60
0000093 | T.0x00007f8e911f5700 | 2019-06-21, 02:20:34.327173 [info] - (/home/ghosdebd/sparkle/alps/src/globalheap/slab.cc, 56) Allocate block: nvslab: (0xbeef, 0x52000804c8) block: 5
0000094 | T.0x00007f8e910f4700 | 2019-06-21, 02:20:34.327178 [info] - (/home/ghosdebd/sparkle/alps/src/globalheap/globalheap_internal.cc, 380) Allocate block size: 60
0000095 | T.0x00007f8e911f5700 | 2019-06-21, 02:20:34.327182 [info] - (/home/ghosdebd/sparkle/alps/src/globalheap/slab_heap.cc, 40) Allocate block: new_fullness: 0 old_fullness: 0
0000096 | T.0x00007f8e910f4700 | 2019-06-21, 02:20:34.327187 [info] - (/home/ghosdebd/sparkle/alps/src/globalheap/globalheap_internal.cc, 400) Allocate block size: 60 ig: 0
0000097 | T.0x00007f8e911f5700 | 2019-06-21, 02:20:34.327192 [info] - (/home/ghosdebd/sparkle/alps/src/globalheap/globalheap_internal.cc, 391) Allocated block ptr: (0xbeef, 0x52000809a8) size: 30
0000098 | T.0x00007f8e910f4700 | 2019-06-21, 02:20:34.327196 [info] - (/home/ghosdebd/sparkle/alps/src/globalheap/memattrib_heap.cc, 59) Allocate block size: 60
0000099 | T.0x00007f8e911f5700 | 2019-06-21, 02:20:34.327214 [info] - (/home/ghosdebd/sparkle/alps/src/globalheap/globalheap_internal.cc, 380) Allocate block size: 30
0000100 | T.0x00007f8e910f4700 | 2019-06-21, 02:20:34.327218 [info] - (/home/ghosdebd/sparkle/alps/src/globalheap/slab.cc, 56) Allocate block: nvslab: (0xbeef, 0x52000c04c8) block: 3
0000101 | T.0x00007f8e911f5700 | 2019-06-21, 02:20:34.327223 [info] - (/home/ghosdebd/sparkle/alps/src/globalheap/globalheap_internal.cc, 400) Allocate block size: 30 ig: 0
0000102 | T.0x00007f8e910f4700 | 2019-06-21, 02:20:34.327228 [info] - (/home/ghosdebd/sparkle/alps/src/globalheap/slab_heap.cc, 40) Allocate block: new_fullness: 0 old_fullness: 0
0000103 | T.0x00007f8e911f5700 | 2019-06-21, 02:20:34.327233 [info] - (/home/ghosdebd/sparkle/alps/src/globalheap/memattrib_heap.cc, 59) Allocate block size: 30
0000104 | T.0x00007f8e910f4700 | 2019-06-21, 02:20:34.327238 [info] - (/home/ghosdebd/sparkle/alps/src/globalheap/globalheap_internal.cc, 391) Allocated block ptr: (0xbeef, 0x52000c07c8) size: 60
0000105 | T.0x00007f8e911f5700 | 2019-06-21, 02:20:34.327244 [info] - (/home/ghosdebd/sparkle/alps/src/globalheap/slab.cc, 56) Allocate block: nvslab: (0xbeef, 0x52000804c8) block: 6
0000106 | T.0x00007f8e910f4700 | 2019-06-21, 02:20:34.327248 [info] - (/home/ghosdebd/sparkle/alps/src/globalheap/globalheap_internal.cc, 380) Allocate block size: 30
0000107 | T.0x00007f8e911f5700 | 2019-06-21, 02:20:34.327254 [info] - (/home/ghosdebd/sparkle/alps/src/globalheap/slab_heap.cc, 40) Allocate block: new_fullness: 0 old_fullness: 0
0000108 | T.0x00007f8e910f4700 | 2019-06-21, 02:20:34.327258 [info] - (/home/ghosdebd/sparkle/alps/src/globalheap/globalheap_internal.cc, 400) Allocate block size: 30 ig: 0
0000109 | T.0x00007f8e911f5700 | 2019-06-21, 02:20:34.327263 [info] - (/home/ghosdebd/sparkle/alps/src/globalheap/globalheap_internal.cc, 391) Allocated block ptr: (0xbeef, 0x52000809c8) size: 30
0000110 | T.0x00007f8e910f4700 | 2019-06-21, 02:20:34.327268 [info] - (/home/ghosdebd/sparkle/alps/src/globalheap/memattrib_heap.cc, 59) Allocate block size: 30
0000111 | T.0x00007f8e911f5700 | 2019-06-21, 02:20:34.327272 [info] - (/home/ghosdebd/sparkle/alps/src/globalheap/globalheap_internal.cc, 380) Allocate block size: 30
0000112 | T.0x00007f8e910f4700 | 2019-06-21, 02:20:34.327277 [info] - (/home/ghosdebd/sparkle/alps/src/globalheap/slab.cc, 56) Allocate block: nvslab: (0xbeef, 0x52000804c8) block: 7
0000113 | T.0x00007f8e911f5700 | 2019-06-21, 02:20:34.327282 [info] - (/home/ghosdebd/sparkle/alps/src/globalheap/globalheap_internal.cc, 400) Allocate block size: 30 ig: 0
0000114 | T.0x00007f8e910f4700 | 2019-06-21, 02:20:34.327287 [info] - (/home/ghosdebd/sparkle/alps/src/globalheap/slab_heap.cc, 40) Allocate block: new_fullness: 0 old_fullness: 0
0000115 | T.0x00007f8e911f5700 | 2019-06-21, 02:20:34.327292 [info] - (/home/ghosdebd/sparkle/alps/src/globalheap/memattrib_heap.cc, 59) Allocate block size: 30
0000116 | T.0x00007f8e910f4700 | 2019-06-21, 02:20:34.327297 [info] - (/home/ghosdebd/sparkle/alps/src/globalheap/globalheap_internal.cc, 391) Allocated block ptr: (0xbeef, 0x52000809e8) size: 30
0000117 | T.0x00007f8e911f5700 | 2019-06-21, 02:20:34.327302 [info] - (/home/ghosdebd/sparkle/alps/src/globalheap/slab.cc, 56) Allocate block: nvslab: (0xbeef, 0x52000804c8) block: 8
0000118 | T.0x00007f8e911f5700 | 2019-06-21, 02:20:34.327310 [info] - (/home/ghosdebd/sparkle/alps/src/globalheap/slab_heap.cc, 40) Allocate block: new_fullness: 0 old_fullness: 0
0000119 | T.0x00007f8e911f5700 | 2019-06-21, 02:20:34.327313 [info] - (/home/ghosdebd/sparkle/alps/src/globalheap/globalheap_internal.cc, 391) Allocated block ptr: (0xbeef, 0x5200080a08) size: 30
0000120 | T.0x00007f8e911f5700 | 2019-06-21, 02:20:34.327317 [info] - (/home/ghosdebd/sparkle/alps/src/globalheap/globalheap_internal.cc, 380) Allocate block size: 30
0000121 | T.0x00007f8e911f5700 | 2019-06-21, 02:20:34.327320 [info] - (/home/ghosdebd/sparkle/alps/src/globalheap/globalheap_internal.cc, 400) Allocate block size: 30 ig: 0
0000122 | T.0x00007f8e911f5700 | 2019-06-21, 02:20:34.327323 [info] - (/home/ghosdebd/sparkle/alps/src/globalheap/memattrib_heap.cc, 59) Allocate block size: 30
0000123 | T.0x00007f8e911f5700 | 2019-06-21, 02:20:34.327327 [info] - (/home/ghosdebd/sparkle/alps/src/globalheap/slab.cc, 56) Allocate block: nvslab: (0xbeef, 0x52000804c8) block: 9
0000124 | T.0x00007f8e911f5700 | 2019-06-21, 02:20:34.327331 [info] - (/home/ghosdebd/sparkle/alps/src/globalheap/slab_heap.cc, 40) Allocate block: new_fullness: 0 old_fullness: 0
0000125 | T.0x00007f8e911f5700 | 2019-06-21, 02:20:34.327340 [info] - (/home/ghosdebd/sparkle/alps/src/globalheap/globalheap_internal.cc, 391) Allocated block ptr: (0xbeef, 0x5200080a28) size: 30
0000126 | T.0x00007f8e911f5700 | 2019-06-21, 02:20:34.327344 [info] - (/home/ghosdebd/sparkle/alps/src/globalheap/globalheap_internal.cc, 380) Allocate block size: 30
0000127 | T.0x00007f8e911f5700 | 2019-06-21, 02:20:34.327347 [info] - (/home/ghosdebd/sparkle/alps/src/globalheap/globalheap_internal.cc, 400) Allocate block size: 30 ig: 0
0000128 | T.0x00007f8e911f5700 | 2019-06-21, 02:20:34.327351 [info] - (/home/ghosdebd/sparkle/alps/src/globalheap/memattrib_heap.cc, 59) Allocate block size: 30
0000129 | T.0x00007f8e911f5700 | 2019-06-21, 02:20:34.327355 [info] - (/home/ghosdebd/sparkle/alps/src/globalheap/slab.cc, 56) Allocate block: nvslab: (0xbeef, 0x52000804c8) block: 10
0000130 | T.0x00007f8e911f5700 | 2019-06-21, 02:20:34.327358 [info] - (/home/ghosdebd/sparkle/alps/src/globalheap/slab_heap.cc, 40) Allocate block: new_fullness: 0 old_fullness: 0
0000131 | T.0x00007f8e911f5700 | 2019-06-21, 02:20:34.327361 [info] - (/home/ghosdebd/sparkle/alps/src/globalheap/globalheap_internal.cc, 391) Allocated block ptr: (0xbeef, 0x5200080a48) size: 30
0000132 | T.0x00007f8e911f5700 | 2019-06-21, 02:20:34.327364 [info] - (/home/ghosdebd/sparkle/alps/src/globalheap/globalheap_internal.cc, 380) Allocate block size: 30
0000133 | T.0x00007f8e911f5700 | 2019-06-21, 02:20:34.327368 [info] - (/home/ghosdebd/sparkle/alps/src/globalheap/globalheap_internal.cc, 400) Allocate block size: 30 ig: 0
0000134 | T.0x00007f8e911f5700 | 2019-06-21, 02:20:34.327371 [info] - (/home/ghosdebd/sparkle/alps/src/globalheap/memattrib_heap.cc, 59) Allocate block size: 30
0000135 | T.0x00007f8e911f5700 | 2019-06-21, 02:20:34.327375 [info] - (/home/ghosdebd/sparkle/alps/src/globalheap/slab.cc, 56) Allocate block: nvslab: (0xbeef, 0x52000804c8) block: 11
0000136 | T.0x00007f8e911f5700 | 2019-06-21, 02:20:34.327378 [info] - (/home/ghosdebd/sparkle/alps/src/globalheap/slab_heap.cc, 40) Allocate block: new_fullness: 0 old_fullness: 0
0000137 | T.0x00007f8e911f5700 | 2019-06-21, 02:20:34.327381 [info] - (/home/ghosdebd/sparkle/alps/src/globalheap/globalheap_internal.cc, 391) Allocated block ptr: (0xbeef, 0x5200080a68) size: 30
