Spark Command: /opt/jdk1.8.0_131/jre/bin/java -cp /var/tmp/spark2.0hpcplatform/multicore/worker0/conf/:/var/tmp/spark2.0hpcplatform/multicore/worker0/assembly/target/scala-2.11/jars/*:/opt/hadoop/etc/hadoop/ -Xmx1g org.apache.spark.deploy.worker.Worker --webui-port 8081 spark://mdc-ch1-cust4:7077
========================================
19/09/12 02:02:00 INFO worker.Worker: Started daemon with process name: 2897@mdc-ch1-cust4
19/09/12 02:02:00 INFO util.SignalUtils: Registered signal handler for TERM
19/09/12 02:02:00 INFO util.SignalUtils: Registered signal handler for HUP
19/09/12 02:02:00 INFO util.SignalUtils: Registered signal handler for INT
19/09/12 02:02:00 WARN util.NativeCodeLoader: Unable to load native-hadoop library for your platform... using builtin-java classes where applicable
19/09/12 02:02:00 INFO spark.SecurityManager: Changing view acls to: root
19/09/12 02:02:00 INFO spark.SecurityManager: Changing modify acls to: root
19/09/12 02:02:00 INFO spark.SecurityManager: Changing view acls groups to: 
19/09/12 02:02:00 INFO spark.SecurityManager: Changing modify acls groups to: 
19/09/12 02:02:00 INFO spark.SecurityManager: SecurityManager: authentication disabled; ui acls disabled; users  with view permissions: Set(root); groups with view permissions: Set(); users  with modify permissions: Set(root); groups with modify permissions: Set()
19/09/12 02:02:00 INFO util.Utils: Successfully started service 'sparkWorker' on port 38593.
19/09/12 02:02:00 INFO worker.Worker: Starting Spark worker 10.1.1.4:38593 with 144 cores, 1921.3 GB RAM
19/09/12 02:02:00 INFO worker.Worker: Running Spark version 2.4.0
19/09/12 02:02:00 INFO worker.Worker: Spark home: /var/tmp/spark2.0hpcplatform/multicore/worker0
19/09/12 02:02:00 INFO util.log: Logging initialized @1035ms
19/09/12 02:02:00 INFO server.Server: jetty-9.3.z-SNAPSHOT, build timestamp: unknown, git hash: unknown
19/09/12 02:02:00 INFO server.Server: Started @1072ms
19/09/12 02:02:00 INFO server.AbstractConnector: Started ServerConnector@354ff0d4{HTTP/1.1,[http/1.1]}{0.0.0.0:8081}
19/09/12 02:02:00 INFO util.Utils: Successfully started service 'WorkerUI' on port 8081.
19/09/12 02:02:00 INFO handler.ContextHandler: Started o.s.j.s.ServletContextHandler@19dc5aed{/logPage,null,AVAILABLE,@Spark}
19/09/12 02:02:00 INFO handler.ContextHandler: Started o.s.j.s.ServletContextHandler@7a179dc4{/logPage/json,null,AVAILABLE,@Spark}
19/09/12 02:02:00 INFO handler.ContextHandler: Started o.s.j.s.ServletContextHandler@eaa17f0{/,null,AVAILABLE,@Spark}
19/09/12 02:02:00 INFO handler.ContextHandler: Started o.s.j.s.ServletContextHandler@4b284017{/json,null,AVAILABLE,@Spark}
19/09/12 02:02:00 INFO handler.ContextHandler: Started o.s.j.s.ServletContextHandler@d971d0b{/static,null,AVAILABLE,@Spark}
19/09/12 02:02:00 INFO handler.ContextHandler: Started o.s.j.s.ServletContextHandler@588d8d77{/log,null,AVAILABLE,@Spark}
19/09/12 02:02:00 INFO ui.WorkerWebUI: Bound WorkerWebUI to 0.0.0.0, and started at http://mdc-ch1-cust4.mdc.ext.hpe.com:8081
19/09/12 02:02:00 INFO worker.Worker: Connecting to master mdc-ch1-cust4:7077...
19/09/12 02:02:00 INFO handler.ContextHandler: Started o.s.j.s.ServletContextHandler@31ccaa94{/metrics/json,null,AVAILABLE,@Spark}
19/09/12 02:02:00 INFO client.TransportClientFactory: Successfully created connection to mdc-ch1-cust4/10.1.1.4:7077 after 27 ms (0 ms spent in bootstraps)
19/09/12 02:02:01 INFO worker.Worker: Successfully registered with master spark://mdc-ch1-cust4.mdc.ext.hpe.com:7077
19/09/12 02:18:19 INFO worker.Worker: Asked to launch executor app-20190912021819-0000/3 for simple multi-processed join
19/09/12 02:18:19 INFO spark.SecurityManager: Changing view acls to: root
19/09/12 02:18:19 INFO spark.SecurityManager: Changing modify acls to: root
19/09/12 02:18:19 INFO spark.SecurityManager: Changing view acls groups to: 
19/09/12 02:18:19 INFO spark.SecurityManager: Changing modify acls groups to: 
19/09/12 02:18:19 INFO spark.SecurityManager: SecurityManager: authentication disabled; ui acls disabled; users  with view permissions: Set(root); groups with view permissions: Set(); users  with modify permissions: Set(root); groups with modify permissions: Set()
19/09/12 02:18:19 INFO worker.ExecutorRunner: Launch command: "/opt/jdk1.8.0_131/jre/bin/java" "-cp" "/var/tmp/spark2.0hpcplatform/lib/firesteel-2.4.0.jar:/var/tmp/spark2.0hpcplatform/multicore/worker0/conf/:/var/tmp/spark2.0hpcplatform/multicore/worker0/assembly/target/scala-2.11/jars/*:/opt/hadoop/etc/hadoop/" "-Xmx24576M" "-Dspark.driver.port=42455" "-Dspark.rpc.netty.dispatcher.numThreads=10" "-XX:ParallelGCThreads=10" "org.apache.spark.executor.CoarseGrainedExecutorBackend" "--driver-url" "spark://CoarseGrainedScheduler@mdc-ch1-cust4.mdc.ext.hpe.com:42455" "--executor-id" "3" "--hostname" "10.1.1.4" "--cores" "144" "--app-id" "app-20190912021819-0000" "--worker-url" "spark://Worker@10.1.1.4:38593"
19/09/12 02:18:23 INFO worker.Worker: Asked to kill executor app-20190912021819-0000/3
19/09/12 02:18:23 INFO worker.ExecutorRunner: Runner thread for executor app-20190912021819-0000/3 interrupted
19/09/12 02:18:23 INFO worker.ExecutorRunner: Killing process!
19/09/12 02:18:23 INFO worker.Worker: Executor app-20190912021819-0000/3 finished with state KILLED exitStatus 0
19/09/12 02:18:23 INFO shuffle.ExternalShuffleBlockResolver: Clean up non-shuffle files associated with the finished executor 3
19/09/12 02:18:23 INFO shuffle.ExternalShuffleBlockResolver: Executor is not registered (appId=app-20190912021819-0000, execId=3)
19/09/12 02:18:23 INFO shuffle.ExternalShuffleBlockResolver: Application app-20190912021819-0000 removed, cleanupLocalDirs = true
19/09/12 02:18:23 INFO worker.Worker: Cleaning up local directories for application app-20190912021819-0000
19/09/12 02:20:09 INFO worker.Worker: Asked to launch executor app-20190912022009-0001/3 for simple multi-processed join
19/09/12 02:20:09 INFO spark.SecurityManager: Changing view acls to: root
19/09/12 02:20:09 INFO spark.SecurityManager: Changing modify acls to: root
19/09/12 02:20:09 INFO spark.SecurityManager: Changing view acls groups to: 
19/09/12 02:20:09 INFO spark.SecurityManager: Changing modify acls groups to: 
19/09/12 02:20:09 INFO spark.SecurityManager: SecurityManager: authentication disabled; ui acls disabled; users  with view permissions: Set(root); groups with view permissions: Set(); users  with modify permissions: Set(root); groups with modify permissions: Set()
19/09/12 02:20:09 INFO worker.ExecutorRunner: Launch command: "/opt/jdk1.8.0_131/jre/bin/java" "-cp" "/var/tmp/spark2.0hpcplatform/lib/firesteel-2.4.0.jar:/var/tmp/spark2.0hpcplatform/multicore/worker0/conf/:/var/tmp/spark2.0hpcplatform/multicore/worker0/assembly/target/scala-2.11/jars/*:/opt/hadoop/etc/hadoop/" "-Xmx24576M" "-Dspark.driver.port=39715" "-Dspark.rpc.netty.dispatcher.numThreads=10" "-XX:ParallelGCThreads=10" "org.apache.spark.executor.CoarseGrainedExecutorBackend" "--driver-url" "spark://CoarseGrainedScheduler@mdc-ch1-cust4.mdc.ext.hpe.com:39715" "--executor-id" "3" "--hostname" "10.1.1.4" "--cores" "144" "--app-id" "app-20190912022009-0001" "--worker-url" "spark://Worker@10.1.1.4:38593"
19/09/12 02:20:13 INFO worker.Worker: Asked to kill executor app-20190912022009-0001/3
19/09/12 02:20:13 INFO worker.ExecutorRunner: Runner thread for executor app-20190912022009-0001/3 interrupted
19/09/12 02:20:13 INFO worker.ExecutorRunner: Killing process!
19/09/12 02:20:14 INFO worker.Worker: Executor app-20190912022009-0001/3 finished with state KILLED exitStatus 143
19/09/12 02:20:14 INFO shuffle.ExternalShuffleBlockResolver: Clean up non-shuffle files associated with the finished executor 3
19/09/12 02:20:14 INFO shuffle.ExternalShuffleBlockResolver: Executor is not registered (appId=app-20190912022009-0001, execId=3)
19/09/12 02:20:14 INFO shuffle.ExternalShuffleBlockResolver: Application app-20190912022009-0001 removed, cleanupLocalDirs = true
19/09/12 02:20:14 INFO worker.Worker: Cleaning up local directories for application app-20190912022009-0001
19/09/12 02:21:00 INFO worker.Worker: Asked to launch executor app-20190912022100-0002/3 for simple multi-processed groupby
19/09/12 02:21:00 INFO spark.SecurityManager: Changing view acls to: root
19/09/12 02:21:00 INFO spark.SecurityManager: Changing modify acls to: root
19/09/12 02:21:00 INFO spark.SecurityManager: Changing view acls groups to: 
19/09/12 02:21:00 INFO spark.SecurityManager: Changing modify acls groups to: 
19/09/12 02:21:00 INFO spark.SecurityManager: SecurityManager: authentication disabled; ui acls disabled; users  with view permissions: Set(root); groups with view permissions: Set(); users  with modify permissions: Set(root); groups with modify permissions: Set()
19/09/12 02:21:00 INFO worker.ExecutorRunner: Launch command: "/opt/jdk1.8.0_131/jre/bin/java" "-cp" "/var/tmp/spark2.0hpcplatform/lib/firesteel-2.4.0.jar:/var/tmp/spark2.0hpcplatform/multicore/worker0/conf/:/var/tmp/spark2.0hpcplatform/multicore/worker0/assembly/target/scala-2.11/jars/*:/opt/hadoop/etc/hadoop/" "-Xmx24576M" "-Dspark.rpc.netty.dispatcher.numThreads=10" "-Dspark.driver.port=44765" "-XX:ParallelGCThreads=10" "org.apache.spark.executor.CoarseGrainedExecutorBackend" "--driver-url" "spark://CoarseGrainedScheduler@mdc-ch1-cust4.mdc.ext.hpe.com:44765" "--executor-id" "3" "--hostname" "10.1.1.4" "--cores" "144" "--app-id" "app-20190912022100-0002" "--worker-url" "spark://Worker@10.1.1.4:38593"
19/09/12 02:25:04 INFO worker.Worker: Executor app-20190912022100-0002/3 finished with state EXITED message Command exited with code 52 exitStatus 52
19/09/12 02:25:04 INFO shuffle.ExternalShuffleBlockResolver: Clean up non-shuffle files associated with the finished executor 3
19/09/12 02:25:04 INFO shuffle.ExternalShuffleBlockResolver: Executor is not registered (appId=app-20190912022100-0002, execId=3)
19/09/12 02:25:04 INFO worker.Worker: Asked to launch executor app-20190912022100-0002/6 for simple multi-processed groupby
19/09/12 02:25:04 INFO spark.SecurityManager: Changing view acls to: root
19/09/12 02:25:04 INFO spark.SecurityManager: Changing modify acls to: root
19/09/12 02:25:04 INFO spark.SecurityManager: Changing view acls groups to: 
19/09/12 02:25:04 INFO spark.SecurityManager: Changing modify acls groups to: 
19/09/12 02:25:04 INFO spark.SecurityManager: SecurityManager: authentication disabled; ui acls disabled; users  with view permissions: Set(root); groups with view permissions: Set(); users  with modify permissions: Set(root); groups with modify permissions: Set()
19/09/12 02:25:04 INFO worker.ExecutorRunner: Launch command: "/opt/jdk1.8.0_131/jre/bin/java" "-cp" "/var/tmp/spark2.0hpcplatform/lib/firesteel-2.4.0.jar:/var/tmp/spark2.0hpcplatform/multicore/worker0/conf/:/var/tmp/spark2.0hpcplatform/multicore/worker0/assembly/target/scala-2.11/jars/*:/opt/hadoop/etc/hadoop/" "-Xmx24576M" "-Dspark.rpc.netty.dispatcher.numThreads=10" "-Dspark.driver.port=44765" "-XX:ParallelGCThreads=10" "org.apache.spark.executor.CoarseGrainedExecutorBackend" "--driver-url" "spark://CoarseGrainedScheduler@mdc-ch1-cust4.mdc.ext.hpe.com:44765" "--executor-id" "6" "--hostname" "10.1.1.4" "--cores" "144" "--app-id" "app-20190912022100-0002" "--worker-url" "spark://Worker@10.1.1.4:38593"
19/09/12 02:25:09 INFO worker.Worker: Asked to kill executor app-20190912022100-0002/6
19/09/12 02:25:09 INFO worker.ExecutorRunner: Runner thread for executor app-20190912022100-0002/6 interrupted
19/09/12 02:25:09 INFO worker.ExecutorRunner: Killing process!
19/09/12 02:25:09 INFO worker.Worker: Executor app-20190912022100-0002/6 finished with state KILLED exitStatus 143
19/09/12 02:25:09 INFO shuffle.ExternalShuffleBlockResolver: Clean up non-shuffle files associated with the finished executor 6
19/09/12 02:25:09 INFO shuffle.ExternalShuffleBlockResolver: Executor is not registered (appId=app-20190912022100-0002, execId=6)
19/09/12 02:25:09 INFO shuffle.ExternalShuffleBlockResolver: Application app-20190912022100-0002 removed, cleanupLocalDirs = true
19/09/12 02:25:09 INFO worker.Worker: Cleaning up local directories for application app-20190912022100-0002
19/09/12 02:30:23 INFO worker.Worker: Asked to launch executor app-20190912023023-0003/3 for simple multi-processed groupby
19/09/12 02:30:23 INFO spark.SecurityManager: Changing view acls to: root
19/09/12 02:30:23 INFO spark.SecurityManager: Changing modify acls to: root
19/09/12 02:30:23 INFO spark.SecurityManager: Changing view acls groups to: 
19/09/12 02:30:23 INFO spark.SecurityManager: Changing modify acls groups to: 
19/09/12 02:30:23 INFO spark.SecurityManager: SecurityManager: authentication disabled; ui acls disabled; users  with view permissions: Set(root); groups with view permissions: Set(); users  with modify permissions: Set(root); groups with modify permissions: Set()
19/09/12 02:30:23 INFO worker.ExecutorRunner: Launch command: "/opt/jdk1.8.0_131/jre/bin/java" "-cp" "/var/tmp/spark2.0hpcplatform/lib/firesteel-2.4.0.jar:/var/tmp/spark2.0hpcplatform/multicore/worker0/conf/:/var/tmp/spark2.0hpcplatform/multicore/worker0/assembly/target/scala-2.11/jars/*:/opt/hadoop/etc/hadoop/" "-Xmx24576M" "-Dspark.driver.port=39547" "-Dspark.rpc.netty.dispatcher.numThreads=10" "-XX:ParallelGCThreads=10" "org.apache.spark.executor.CoarseGrainedExecutorBackend" "--driver-url" "spark://CoarseGrainedScheduler@mdc-ch1-cust4.mdc.ext.hpe.com:39547" "--executor-id" "3" "--hostname" "10.1.1.4" "--cores" "144" "--app-id" "app-20190912023023-0003" "--worker-url" "spark://Worker@10.1.1.4:38593"
19/09/12 02:33:52 INFO worker.Worker: Asked to kill executor app-20190912023023-0003/3
19/09/12 02:33:52 INFO worker.ExecutorRunner: Runner thread for executor app-20190912023023-0003/3 interrupted
19/09/12 02:33:52 INFO worker.ExecutorRunner: Killing process!
19/09/12 02:34:02 INFO worker.Worker: Executor app-20190912023023-0003/3 finished with state KILLED exitStatus 137
19/09/12 02:34:02 INFO shuffle.ExternalShuffleBlockResolver: Clean up non-shuffle files associated with the finished executor 3
19/09/12 02:34:02 INFO shuffle.ExternalShuffleBlockResolver: Executor is not registered (appId=app-20190912023023-0003, execId=3)
19/09/12 02:34:02 INFO shuffle.ExternalShuffleBlockResolver: Application app-20190912023023-0003 removed, cleanupLocalDirs = true
19/09/12 02:34:02 INFO worker.Worker: Cleaning up local directories for application app-20190912023023-0003
