OpenJDK 64-Bit Server VM warning: sched_getaffinity failed (Invalid argument)- using online processor count (1152) which may exceed available processors
OpenJDK 64-Bit Server VM warning: sched_getaffinity failed (Invalid argument)- using online processor count (1152) which may exceed available processors
OpenJDK 64-Bit Server VM warning: sched_getaffinity failed (Invalid argument)- using online processor count (1152) which may exceed available processors
OpenJDK 64-Bit Server VM warning: sched_getaffinity failed (Invalid argument)- using online processor count (1152) which may exceed available processors
Spark Command: /usr/lib64/jvm/java-1.8.0-openjdk-1.8.0/jre/bin/java -cp /var/tmp/spark2.0hpcplatform/multicore/worker57/conf:/var/tmp/spark2.0hpcplatform/multicore/worker57/assembly/target/scala-2.11/jars/* -Xmx1g org.apache.spark.deploy.worker.Worker --webui-port 8195 spark://mdc-ch1-cust4:7077 -h mdc-ch1-cust4
========================================
OpenJDK 64-Bit Server VM warning: sched_getaffinity failed (Invalid argument)- using online processor count (1152) which may exceed available processors
OpenJDK 64-Bit Server VM warning: sched_getaffinity failed (Invalid argument)- using online processor count (1152) which may exceed available processors
OpenJDK 64-Bit Server VM warning: sched_getaffinity failed (Invalid argument)- using online processor count (1152) which may exceed available processors
OpenJDK 64-Bit Server VM warning: sched_getaffinity failed (Invalid argument)- using online processor count (1152) which may exceed available processors
Using Spark's default log4j profile: org/apache/spark/log4j-defaults.properties
19/06/13 08:41:23 INFO Worker: Started daemon with process name: 535774@mdc-ch1-cust4
19/06/13 08:41:23 INFO SignalUtils: Registered signal handler for TERM
19/06/13 08:41:23 INFO SignalUtils: Registered signal handler for HUP
19/06/13 08:41:23 INFO SignalUtils: Registered signal handler for INT
OpenJDK 64-Bit Server VM warning: sched_getaffinity failed (Invalid argument)- using online processor count (1152) which may exceed available processors
OpenJDK 64-Bit Server VM warning: sched_getaffinity failed (Invalid argument)- using online processor count (1152) which may exceed available processors
19/06/13 08:41:23 WARN NativeCodeLoader: Unable to load native-hadoop library for your platform... using builtin-java classes where applicable
19/06/13 08:41:23 INFO SecurityManager: Changing view acls to: root
19/06/13 08:41:23 INFO SecurityManager: Changing modify acls to: root
19/06/13 08:41:23 INFO SecurityManager: Changing view acls groups to: 
19/06/13 08:41:23 INFO SecurityManager: Changing modify acls groups to: 
19/06/13 08:41:23 INFO SecurityManager: SecurityManager: authentication disabled; ui acls disabled; users  with view permissions: Set(root); groups with view permissions: Set(); users  with modify permissions: Set(root); groups with modify permissions: Set()
OpenJDK 64-Bit Server VM warning: sched_getaffinity failed (Invalid argument)- using online processor count (1152) which may exceed available processors
OpenJDK 64-Bit Server VM warning: sched_getaffinity failed (Invalid argument)- using online processor count (1152) which may exceed available processors
OpenJDK 64-Bit Server VM warning: sched_getaffinity failed (Invalid argument)- using online processor count (1152) which may exceed available processors
OpenJDK 64-Bit Server VM warning: sched_getaffinity failed (Invalid argument)- using online processor count (1152) which may exceed available processors
19/06/13 08:41:24 INFO Utils: Successfully started service 'sparkWorker' on port 33677.
OpenJDK 64-Bit Server VM warning: sched_getaffinity failed (Invalid argument)- using online processor count (1152) which may exceed available processors
19/06/13 08:41:24 INFO Worker: Starting Spark worker mdc-ch1-cust4:33677 with 1152 cores, 22.9 TB RAM
19/06/13 08:41:24 INFO Worker: Running Spark version 2.4.0
19/06/13 08:41:24 INFO Worker: Spark home: /var/tmp/spark2.0hpcplatform/multicore/worker57
OpenJDK 64-Bit Server VM warning: sched_getaffinity failed (Invalid argument)- using online processor count (1152) which may exceed available processors
OpenJDK 64-Bit Server VM warning: sched_getaffinity failed (Invalid argument)- using online processor count (1152) which may exceed available processors
19/06/13 08:41:24 INFO Utils: Successfully started service 'WorkerUI' on port 8195.
19/06/13 08:41:24 INFO WorkerWebUI: Bound WorkerWebUI to 0.0.0.0, and started at http://mdc-ch1-cust4.mdc.ext.hpe.com:8195
19/06/13 08:41:24 INFO Worker: Connecting to master mdc-ch1-cust4:7077...
19/06/13 08:41:24 INFO TransportClientFactory: Successfully created connection to mdc-ch1-cust4/10.1.1.4:7077 after 18 ms (0 ms spent in bootstraps)
19/06/13 08:41:24 INFO Worker: Successfully registered with master spark://mdc-ch1-cust4.mdc.ext.hpe.com:7077
19/06/13 09:20:24 INFO Worker: Asked to launch executor app-20190613092023-0000/375 for TeraSort
19/06/13 09:20:24 INFO SecurityManager: Changing view acls to: root
19/06/13 09:20:24 INFO SecurityManager: Changing modify acls to: root
19/06/13 09:20:24 INFO SecurityManager: Changing view acls groups to: 
19/06/13 09:20:24 INFO SecurityManager: Changing modify acls groups to: 
19/06/13 09:20:24 INFO SecurityManager: SecurityManager: authentication disabled; ui acls disabled; users  with view permissions: Set(root); groups with view permissions: Set(); users  with modify permissions: Set(root); groups with modify permissions: Set()
19/06/13 09:20:24 INFO Worker: Asked to launch executor app-20190613092023-0000/376 for TeraSort
19/06/13 09:20:24 INFO Worker: Asked to launch executor app-20190613092023-0000/377 for TeraSort
19/06/13 09:20:24 INFO SecurityManager: Changing view acls to: root
19/06/13 09:20:24 INFO SecurityManager: Changing modify acls to: root
19/06/13 09:20:24 INFO SecurityManager: Changing view acls groups to: 
19/06/13 09:20:24 INFO SecurityManager: Changing modify acls groups to: 
19/06/13 09:20:24 INFO SecurityManager: SecurityManager: authentication disabled; ui acls disabled; users  with view permissions: Set(root); groups with view permissions: Set(); users  with modify permissions: Set(root); groups with modify permissions: Set()
19/06/13 09:20:24 INFO Worker: Asked to launch executor app-20190613092023-0000/378 for TeraSort
19/06/13 09:20:24 INFO Worker: Asked to launch executor app-20190613092023-0000/379 for TeraSort
19/06/13 09:20:24 INFO SecurityManager: Changing view acls to: root
19/06/13 09:20:24 INFO SecurityManager: Changing modify acls to: root
19/06/13 09:20:24 INFO SecurityManager: Changing view acls groups to: 
19/06/13 09:20:24 INFO SecurityManager: Changing modify acls groups to: 
19/06/13 09:20:24 INFO SecurityManager: SecurityManager: authentication disabled; ui acls disabled; users  with view permissions: Set(root); groups with view permissions: Set(); users  with modify permissions: Set(root); groups with modify permissions: Set()
19/06/13 09:20:24 INFO SecurityManager: Changing view acls to: root
19/06/13 09:20:24 INFO SecurityManager: Changing modify acls to: root
19/06/13 09:20:24 INFO SecurityManager: Changing view acls groups to: 
19/06/13 09:20:24 INFO SecurityManager: Changing modify acls groups to: 
19/06/13 09:20:24 INFO SecurityManager: SecurityManager: authentication disabled; ui acls disabled; users  with view permissions: Set(root); groups with view permissions: Set(); users  with modify permissions: Set(root); groups with modify permissions: Set()
19/06/13 09:20:24 INFO SecurityManager: Changing view acls to: root
19/06/13 09:20:24 INFO SecurityManager: Changing modify acls to: root
19/06/13 09:20:24 INFO SecurityManager: Changing view acls groups to: 
19/06/13 09:20:24 INFO SecurityManager: Changing modify acls groups to: 
19/06/13 09:20:24 INFO SecurityManager: SecurityManager: authentication disabled; ui acls disabled; users  with view permissions: Set(root); groups with view permissions: Set(); users  with modify permissions: Set(root); groups with modify permissions: Set()
19/06/13 09:20:24 INFO ExecutorRunner: Launch command: "/usr/lib64/jvm/java-1.8.0-openjdk-1.8.0/jre/bin/java" "-cp" "/var/tmp/spark2.0hpcplatform/lib/firesteel-2.4.0.jar:/var/tmp/spark2.0hpcplatform/multicore/worker57/conf:/var/tmp/spark2.0hpcplatform/multicore/worker57/assembly/target/scala-2.11/jars/*" "-Xmx5120M" "-Dspark.driver.port=38521" "-Dspark.rpc.netty.dispatcher.numThreads=10" "-XX:ParallelGCThreads=10" "org.apache.spark.executor.CoarseGrainedExecutorBackend" "--driver-url" "spark://CoarseGrainedScheduler@mdc-ch1-cust4.mdc.ext.hpe.com:38521" "--executor-id" "375" "--hostname" "mdc-ch1-cust4" "--cores" "2" "--app-id" "app-20190613092023-0000" "--worker-url" "spark://Worker@mdc-ch1-cust4:33677"
19/06/13 09:20:25 INFO ExecutorRunner: Launch command: "/usr/lib64/jvm/java-1.8.0-openjdk-1.8.0/jre/bin/java" "-cp" "/var/tmp/spark2.0hpcplatform/lib/firesteel-2.4.0.jar:/var/tmp/spark2.0hpcplatform/multicore/worker57/conf:/var/tmp/spark2.0hpcplatform/multicore/worker57/assembly/target/scala-2.11/jars/*" "-Xmx5120M" "-Dspark.driver.port=38521" "-Dspark.rpc.netty.dispatcher.numThreads=10" "-XX:ParallelGCThreads=10" "org.apache.spark.executor.CoarseGrainedExecutorBackend" "--driver-url" "spark://CoarseGrainedScheduler@mdc-ch1-cust4.mdc.ext.hpe.com:38521" "--executor-id" "379" "--hostname" "mdc-ch1-cust4" "--cores" "2" "--app-id" "app-20190613092023-0000" "--worker-url" "spark://Worker@mdc-ch1-cust4:33677"
19/06/13 09:20:25 INFO ExecutorRunner: Launch command: "/usr/lib64/jvm/java-1.8.0-openjdk-1.8.0/jre/bin/java" "-cp" "/var/tmp/spark2.0hpcplatform/lib/firesteel-2.4.0.jar:/var/tmp/spark2.0hpcplatform/multicore/worker57/conf:/var/tmp/spark2.0hpcplatform/multicore/worker57/assembly/target/scala-2.11/jars/*" "-Xmx5120M" "-Dspark.driver.port=38521" "-Dspark.rpc.netty.dispatcher.numThreads=10" "-XX:ParallelGCThreads=10" "org.apache.spark.executor.CoarseGrainedExecutorBackend" "--driver-url" "spark://CoarseGrainedScheduler@mdc-ch1-cust4.mdc.ext.hpe.com:38521" "--executor-id" "376" "--hostname" "mdc-ch1-cust4" "--cores" "2" "--app-id" "app-20190613092023-0000" "--worker-url" "spark://Worker@mdc-ch1-cust4:33677"
19/06/13 09:20:25 INFO ExecutorRunner: Launch command: "/usr/lib64/jvm/java-1.8.0-openjdk-1.8.0/jre/bin/java" "-cp" "/var/tmp/spark2.0hpcplatform/lib/firesteel-2.4.0.jar:/var/tmp/spark2.0hpcplatform/multicore/worker57/conf:/var/tmp/spark2.0hpcplatform/multicore/worker57/assembly/target/scala-2.11/jars/*" "-Xmx5120M" "-Dspark.driver.port=38521" "-Dspark.rpc.netty.dispatcher.numThreads=10" "-XX:ParallelGCThreads=10" "org.apache.spark.executor.CoarseGrainedExecutorBackend" "--driver-url" "spark://CoarseGrainedScheduler@mdc-ch1-cust4.mdc.ext.hpe.com:38521" "--executor-id" "377" "--hostname" "mdc-ch1-cust4" "--cores" "2" "--app-id" "app-20190613092023-0000" "--worker-url" "spark://Worker@mdc-ch1-cust4:33677"
19/06/13 09:20:25 INFO ExecutorRunner: Launch command: "/usr/lib64/jvm/java-1.8.0-openjdk-1.8.0/jre/bin/java" "-cp" "/var/tmp/spark2.0hpcplatform/lib/firesteel-2.4.0.jar:/var/tmp/spark2.0hpcplatform/multicore/worker57/conf:/var/tmp/spark2.0hpcplatform/multicore/worker57/assembly/target/scala-2.11/jars/*" "-Xmx5120M" "-Dspark.driver.port=38521" "-Dspark.rpc.netty.dispatcher.numThreads=10" "-XX:ParallelGCThreads=10" "org.apache.spark.executor.CoarseGrainedExecutorBackend" "--driver-url" "spark://CoarseGrainedScheduler@mdc-ch1-cust4.mdc.ext.hpe.com:38521" "--executor-id" "378" "--hostname" "mdc-ch1-cust4" "--cores" "2" "--app-id" "app-20190613092023-0000" "--worker-url" "spark://Worker@mdc-ch1-cust4:33677"
19/06/13 09:20:28 INFO Worker: Asked to kill executor app-20190613092023-0000/376
19/06/13 09:20:28 INFO Worker: Asked to kill executor app-20190613092023-0000/379
19/06/13 09:20:30 INFO Worker: Asked to kill executor app-20190613092023-0000/378
19/06/13 09:20:30 INFO ExecutorRunner: Runner thread for executor app-20190613092023-0000/376 interrupted
19/06/13 09:20:30 INFO ExecutorRunner: Runner thread for executor app-20190613092023-0000/378 interrupted
19/06/13 09:20:30 INFO ExecutorRunner: Runner thread for executor app-20190613092023-0000/379 interrupted
19/06/13 09:20:31 INFO ExecutorRunner: Killing process!
19/06/13 09:20:31 INFO ExecutorRunner: Killing process!
19/06/13 09:20:31 INFO ExecutorRunner: Killing process!
19/06/13 09:20:31 INFO Worker: Asked to kill executor app-20190613092023-0000/375
19/06/13 09:20:31 INFO Worker: Asked to kill executor app-20190613092023-0000/377
19/06/13 09:20:31 INFO ExecutorRunner: Runner thread for executor app-20190613092023-0000/375 interrupted
19/06/13 09:20:31 INFO ExecutorRunner: Killing process!
19/06/13 09:20:31 INFO ExecutorRunner: Runner thread for executor app-20190613092023-0000/377 interrupted
19/06/13 09:20:31 INFO ExecutorRunner: Killing process!
19/06/13 09:20:31 INFO Worker: Executor app-20190613092023-0000/379 finished with state KILLED exitStatus 143
19/06/13 09:20:31 INFO ExternalShuffleBlockResolver: Clean up non-shuffle files associated with the finished executor 379
19/06/13 09:20:31 INFO ExternalShuffleBlockResolver: Executor is not registered (appId=app-20190613092023-0000, execId=379)
19/06/13 09:20:31 INFO Worker: Executor app-20190613092023-0000/377 finished with state KILLED exitStatus 143
19/06/13 09:20:31 INFO ExternalShuffleBlockResolver: Clean up non-shuffle files associated with the finished executor 377
19/06/13 09:20:31 INFO ExternalShuffleBlockResolver: Executor is not registered (appId=app-20190613092023-0000, execId=377)
19/06/13 09:20:31 INFO Worker: Executor app-20190613092023-0000/376 finished with state KILLED exitStatus 143
19/06/13 09:20:31 INFO ExternalShuffleBlockResolver: Clean up non-shuffle files associated with the finished executor 376
19/06/13 09:20:31 INFO ExternalShuffleBlockResolver: Executor is not registered (appId=app-20190613092023-0000, execId=376)
19/06/13 09:20:31 INFO Worker: Executor app-20190613092023-0000/378 finished with state KILLED exitStatus 143
19/06/13 09:20:31 INFO ExternalShuffleBlockResolver: Clean up non-shuffle files associated with the finished executor 378
19/06/13 09:20:31 INFO ExternalShuffleBlockResolver: Executor is not registered (appId=app-20190613092023-0000, execId=378)
19/06/13 09:20:31 INFO Worker: Executor app-20190613092023-0000/375 finished with state KILLED exitStatus 1
19/06/13 09:20:31 INFO ExternalShuffleBlockResolver: Clean up non-shuffle files associated with the finished executor 375
19/06/13 09:20:31 INFO ExternalShuffleBlockResolver: Executor is not registered (appId=app-20190613092023-0000, execId=375)
19/06/13 09:20:31 INFO ExternalShuffleBlockResolver: Application app-20190613092023-0000 removed, cleanupLocalDirs = true
19/06/13 09:20:31 INFO Worker: Cleaning up local directories for application app-20190613092023-0000
19/06/13 09:51:52 INFO Worker: Asked to launch executor app-20190613095152-0001/380 for TeraSort
19/06/13 09:51:52 INFO SecurityManager: Changing view acls to: root
19/06/13 09:51:52 INFO SecurityManager: Changing modify acls to: root
19/06/13 09:51:52 INFO SecurityManager: Changing view acls groups to: 
19/06/13 09:51:52 INFO SecurityManager: Changing modify acls groups to: 
19/06/13 09:51:52 INFO SecurityManager: SecurityManager: authentication disabled; ui acls disabled; users  with view permissions: Set(root); groups with view permissions: Set(); users  with modify permissions: Set(root); groups with modify permissions: Set()
19/06/13 09:51:52 INFO Worker: Asked to launch executor app-20190613095152-0001/381 for TeraSort
19/06/13 09:51:52 INFO Worker: Asked to launch executor app-20190613095152-0001/382 for TeraSort
19/06/13 09:51:52 INFO Worker: Asked to launch executor app-20190613095152-0001/383 for TeraSort
19/06/13 09:51:52 INFO SecurityManager: Changing view acls to: root
19/06/13 09:51:52 INFO SecurityManager: Changing view acls to: root
19/06/13 09:51:52 INFO SecurityManager: Changing modify acls to: root
19/06/13 09:51:52 INFO SecurityManager: Changing modify acls to: root
19/06/13 09:51:52 INFO SecurityManager: Changing view acls groups to: 
19/06/13 09:51:52 INFO SecurityManager: Changing modify acls groups to: 
19/06/13 09:51:52 INFO SecurityManager: Changing view acls groups to: 
19/06/13 09:51:52 INFO Worker: Asked to launch executor app-20190613095152-0001/384 for TeraSort
19/06/13 09:51:52 INFO SecurityManager: Changing modify acls groups to: 
19/06/13 09:51:52 INFO SecurityManager: SecurityManager: authentication disabled; ui acls disabled; users  with view permissions: Set(root); groups with view permissions: Set(); users  with modify permissions: Set(root); groups with modify permissions: Set()
19/06/13 09:51:52 INFO SecurityManager: SecurityManager: authentication disabled; ui acls disabled; users  with view permissions: Set(root); groups with view permissions: Set(); users  with modify permissions: Set(root); groups with modify permissions: Set()
19/06/13 09:51:52 INFO SecurityManager: Changing view acls to: root
19/06/13 09:51:52 INFO SecurityManager: Changing modify acls to: root
19/06/13 09:51:52 INFO SecurityManager: Changing view acls groups to: 
19/06/13 09:51:52 INFO SecurityManager: Changing modify acls groups to: 
19/06/13 09:51:52 INFO SecurityManager: SecurityManager: authentication disabled; ui acls disabled; users  with view permissions: Set(root); groups with view permissions: Set(); users  with modify permissions: Set(root); groups with modify permissions: Set()
19/06/13 09:51:52 INFO SecurityManager: Changing view acls to: root
19/06/13 09:51:52 INFO SecurityManager: Changing modify acls to: root
19/06/13 09:51:52 INFO SecurityManager: Changing view acls groups to: 
19/06/13 09:51:52 INFO SecurityManager: Changing modify acls groups to: 
19/06/13 09:51:52 INFO SecurityManager: SecurityManager: authentication disabled; ui acls disabled; users  with view permissions: Set(root); groups with view permissions: Set(); users  with modify permissions: Set(root); groups with modify permissions: Set()
19/06/13 09:51:52 INFO ExecutorRunner: Launch command: "/usr/lib64/jvm/java-1.8.0-openjdk-1.8.0/jre/bin/java" "-cp" "/var/tmp/spark2.0hpcplatform/lib/firesteel-2.4.0.jar:/var/tmp/spark2.0hpcplatform/multicore/worker57/conf:/var/tmp/spark2.0hpcplatform/multicore/worker57/assembly/target/scala-2.11/jars/*" "-Xmx5120M" "-Dspark.driver.port=36403" "-Dspark.rpc.netty.dispatcher.numThreads=10" "-XX:ParallelGCThreads=10" "org.apache.spark.executor.CoarseGrainedExecutorBackend" "--driver-url" "spark://CoarseGrainedScheduler@mdc-ch1-cust4.mdc.ext.hpe.com:36403" "--executor-id" "381" "--hostname" "mdc-ch1-cust4" "--cores" "2" "--app-id" "app-20190613095152-0001" "--worker-url" "spark://Worker@mdc-ch1-cust4:33677"
19/06/13 09:51:52 INFO ExecutorRunner: Launch command: "/usr/lib64/jvm/java-1.8.0-openjdk-1.8.0/jre/bin/java" "-cp" "/var/tmp/spark2.0hpcplatform/lib/firesteel-2.4.0.jar:/var/tmp/spark2.0hpcplatform/multicore/worker57/conf:/var/tmp/spark2.0hpcplatform/multicore/worker57/assembly/target/scala-2.11/jars/*" "-Xmx5120M" "-Dspark.driver.port=36403" "-Dspark.rpc.netty.dispatcher.numThreads=10" "-XX:ParallelGCThreads=10" "org.apache.spark.executor.CoarseGrainedExecutorBackend" "--driver-url" "spark://CoarseGrainedScheduler@mdc-ch1-cust4.mdc.ext.hpe.com:36403" "--executor-id" "383" "--hostname" "mdc-ch1-cust4" "--cores" "2" "--app-id" "app-20190613095152-0001" "--worker-url" "spark://Worker@mdc-ch1-cust4:33677"
19/06/13 09:51:52 INFO ExecutorRunner: Launch command: "/usr/lib64/jvm/java-1.8.0-openjdk-1.8.0/jre/bin/java" "-cp" "/var/tmp/spark2.0hpcplatform/lib/firesteel-2.4.0.jar:/var/tmp/spark2.0hpcplatform/multicore/worker57/conf:/var/tmp/spark2.0hpcplatform/multicore/worker57/assembly/target/scala-2.11/jars/*" "-Xmx5120M" "-Dspark.driver.port=36403" "-Dspark.rpc.netty.dispatcher.numThreads=10" "-XX:ParallelGCThreads=10" "org.apache.spark.executor.CoarseGrainedExecutorBackend" "--driver-url" "spark://CoarseGrainedScheduler@mdc-ch1-cust4.mdc.ext.hpe.com:36403" "--executor-id" "384" "--hostname" "mdc-ch1-cust4" "--cores" "2" "--app-id" "app-20190613095152-0001" "--worker-url" "spark://Worker@mdc-ch1-cust4:33677"
19/06/13 09:51:52 INFO ExecutorRunner: Launch command: "/usr/lib64/jvm/java-1.8.0-openjdk-1.8.0/jre/bin/java" "-cp" "/var/tmp/spark2.0hpcplatform/lib/firesteel-2.4.0.jar:/var/tmp/spark2.0hpcplatform/multicore/worker57/conf:/var/tmp/spark2.0hpcplatform/multicore/worker57/assembly/target/scala-2.11/jars/*" "-Xmx5120M" "-Dspark.driver.port=36403" "-Dspark.rpc.netty.dispatcher.numThreads=10" "-XX:ParallelGCThreads=10" "org.apache.spark.executor.CoarseGrainedExecutorBackend" "--driver-url" "spark://CoarseGrainedScheduler@mdc-ch1-cust4.mdc.ext.hpe.com:36403" "--executor-id" "382" "--hostname" "mdc-ch1-cust4" "--cores" "2" "--app-id" "app-20190613095152-0001" "--worker-url" "spark://Worker@mdc-ch1-cust4:33677"
19/06/13 09:51:53 INFO ExecutorRunner: Launch command: "/usr/lib64/jvm/java-1.8.0-openjdk-1.8.0/jre/bin/java" "-cp" "/var/tmp/spark2.0hpcplatform/lib/firesteel-2.4.0.jar:/var/tmp/spark2.0hpcplatform/multicore/worker57/conf:/var/tmp/spark2.0hpcplatform/multicore/worker57/assembly/target/scala-2.11/jars/*" "-Xmx5120M" "-Dspark.driver.port=36403" "-Dspark.rpc.netty.dispatcher.numThreads=10" "-XX:ParallelGCThreads=10" "org.apache.spark.executor.CoarseGrainedExecutorBackend" "--driver-url" "spark://CoarseGrainedScheduler@mdc-ch1-cust4.mdc.ext.hpe.com:36403" "--executor-id" "380" "--hostname" "mdc-ch1-cust4" "--cores" "2" "--app-id" "app-20190613095152-0001" "--worker-url" "spark://Worker@mdc-ch1-cust4:33677"
19/06/13 09:51:57 INFO Worker: Asked to kill executor app-20190613095152-0001/382
19/06/13 09:51:57 INFO ExecutorRunner: Runner thread for executor app-20190613095152-0001/382 interrupted
19/06/13 09:51:57 INFO ExecutorRunner: Killing process!
19/06/13 09:51:57 INFO Worker: Asked to kill executor app-20190613095152-0001/381
19/06/13 09:51:57 INFO Worker: Asked to kill executor app-20190613095152-0001/384
19/06/13 09:51:57 INFO Worker: Asked to kill executor app-20190613095152-0001/383
19/06/13 09:51:57 INFO Worker: Asked to kill executor app-20190613095152-0001/380
19/06/13 09:51:57 INFO ExecutorRunner: Runner thread for executor app-20190613095152-0001/384 interrupted
19/06/13 09:51:57 INFO ExecutorRunner: Runner thread for executor app-20190613095152-0001/383 interrupted
19/06/13 09:51:57 INFO ExecutorRunner: Runner thread for executor app-20190613095152-0001/381 interrupted
19/06/13 09:51:57 INFO ExecutorRunner: Killing process!
19/06/13 09:51:57 INFO ExecutorRunner: Killing process!
19/06/13 09:51:57 INFO ExecutorRunner: Killing process!
19/06/13 09:51:57 INFO ExecutorRunner: Runner thread for executor app-20190613095152-0001/380 interrupted
19/06/13 09:51:57 INFO ExecutorRunner: Killing process!
19/06/13 09:51:57 INFO Worker: Executor app-20190613095152-0001/382 finished with state KILLED exitStatus 143
19/06/13 09:51:57 INFO ExternalShuffleBlockResolver: Clean up non-shuffle files associated with the finished executor 382
19/06/13 09:51:57 INFO ExternalShuffleBlockResolver: Executor is not registered (appId=app-20190613095152-0001, execId=382)
19/06/13 09:51:57 INFO Worker: Executor app-20190613095152-0001/381 finished with state KILLED exitStatus 143
19/06/13 09:51:57 INFO ExternalShuffleBlockResolver: Clean up non-shuffle files associated with the finished executor 381
19/06/13 09:51:57 INFO ExternalShuffleBlockResolver: Executor is not registered (appId=app-20190613095152-0001, execId=381)
19/06/13 09:51:58 INFO Worker: Executor app-20190613095152-0001/384 finished with state KILLED exitStatus 143
19/06/13 09:51:58 INFO ExternalShuffleBlockResolver: Clean up non-shuffle files associated with the finished executor 384
19/06/13 09:51:58 INFO ExternalShuffleBlockResolver: Executor is not registered (appId=app-20190613095152-0001, execId=384)
19/06/13 09:51:58 INFO Worker: Executor app-20190613095152-0001/383 finished with state KILLED exitStatus 143
19/06/13 09:51:58 INFO ExternalShuffleBlockResolver: Clean up non-shuffle files associated with the finished executor 383
19/06/13 09:51:58 INFO ExternalShuffleBlockResolver: Executor is not registered (appId=app-20190613095152-0001, execId=383)
19/06/13 09:51:59 INFO Worker: Executor app-20190613095152-0001/380 finished with state KILLED exitStatus 143
19/06/13 09:51:59 INFO ExternalShuffleBlockResolver: Clean up non-shuffle files associated with the finished executor 380
19/06/13 09:51:59 INFO ExternalShuffleBlockResolver: Executor is not registered (appId=app-20190613095152-0001, execId=380)
19/06/13 09:51:59 INFO ExternalShuffleBlockResolver: Application app-20190613095152-0001 removed, cleanupLocalDirs = true
19/06/13 09:51:59 INFO Worker: Cleaning up local directories for application app-20190613095152-0001
19/06/13 09:56:29 INFO Worker: Asked to launch executor app-20190613095629-0002/380 for TeraSort
19/06/13 09:56:29 INFO SecurityManager: Changing view acls to: root
19/06/13 09:56:29 INFO SecurityManager: Changing modify acls to: root
19/06/13 09:56:29 INFO Worker: Asked to launch executor app-20190613095629-0002/381 for TeraSort
19/06/13 09:56:29 INFO SecurityManager: Changing view acls groups to: 
19/06/13 09:56:29 INFO SecurityManager: Changing modify acls groups to: 
19/06/13 09:56:29 INFO SecurityManager: SecurityManager: authentication disabled; ui acls disabled; users  with view permissions: Set(root); groups with view permissions: Set(); users  with modify permissions: Set(root); groups with modify permissions: Set()
19/06/13 09:56:29 INFO SecurityManager: Changing view acls to: root
19/06/13 09:56:29 INFO SecurityManager: Changing modify acls to: root
19/06/13 09:56:29 INFO SecurityManager: Changing view acls groups to: 
19/06/13 09:56:29 INFO SecurityManager: Changing modify acls groups to: 
19/06/13 09:56:29 INFO SecurityManager: SecurityManager: authentication disabled; ui acls disabled; users  with view permissions: Set(root); groups with view permissions: Set(); users  with modify permissions: Set(root); groups with modify permissions: Set()
19/06/13 09:56:29 INFO Worker: Asked to launch executor app-20190613095629-0002/382 for TeraSort
19/06/13 09:56:29 INFO SecurityManager: Changing view acls to: root
19/06/13 09:56:29 INFO SecurityManager: Changing modify acls to: root
19/06/13 09:56:29 INFO SecurityManager: Changing view acls groups to: 
19/06/13 09:56:29 INFO SecurityManager: Changing modify acls groups to: 
19/06/13 09:56:29 INFO SecurityManager: SecurityManager: authentication disabled; ui acls disabled; users  with view permissions: Set(root); groups with view permissions: Set(); users  with modify permissions: Set(root); groups with modify permissions: Set()
19/06/13 09:56:29 INFO Worker: Asked to launch executor app-20190613095629-0002/383 for TeraSort
19/06/13 09:56:29 INFO SecurityManager: Changing view acls to: root
19/06/13 09:56:29 INFO SecurityManager: Changing modify acls to: root
19/06/13 09:56:29 INFO SecurityManager: Changing view acls groups to: 
19/06/13 09:56:29 INFO SecurityManager: Changing modify acls groups to: 
19/06/13 09:56:29 INFO SecurityManager: SecurityManager: authentication disabled; ui acls disabled; users  with view permissions: Set(root); groups with view permissions: Set(); users  with modify permissions: Set(root); groups with modify permissions: Set()
19/06/13 09:56:29 INFO Worker: Asked to launch executor app-20190613095629-0002/384 for TeraSort
19/06/13 09:56:29 INFO SecurityManager: Changing view acls to: root
19/06/13 09:56:29 INFO SecurityManager: Changing modify acls to: root
19/06/13 09:56:29 INFO SecurityManager: Changing view acls groups to: 
19/06/13 09:56:29 INFO SecurityManager: Changing modify acls groups to: 
19/06/13 09:56:29 INFO SecurityManager: SecurityManager: authentication disabled; ui acls disabled; users  with view permissions: Set(root); groups with view permissions: Set(); users  with modify permissions: Set(root); groups with modify permissions: Set()
19/06/13 09:56:30 INFO ExecutorRunner: Launch command: "/usr/lib64/jvm/java-1.8.0-openjdk-1.8.0/jre/bin/java" "-cp" "/var/tmp/spark2.0hpcplatform/lib/firesteel-2.4.0.jar:/var/tmp/spark2.0hpcplatform/multicore/worker57/conf:/var/tmp/spark2.0hpcplatform/multicore/worker57/assembly/target/scala-2.11/jars/*" "-Xmx5120M" "-Dspark.driver.port=34453" "-Dspark.rpc.netty.dispatcher.numThreads=10" "-XX:ParallelGCThreads=10" "org.apache.spark.executor.CoarseGrainedExecutorBackend" "--driver-url" "spark://CoarseGrainedScheduler@mdc-ch1-cust4.mdc.ext.hpe.com:34453" "--executor-id" "382" "--hostname" "mdc-ch1-cust4" "--cores" "2" "--app-id" "app-20190613095629-0002" "--worker-url" "spark://Worker@mdc-ch1-cust4:33677"
19/06/13 09:56:30 INFO ExecutorRunner: Launch command: "/usr/lib64/jvm/java-1.8.0-openjdk-1.8.0/jre/bin/java" "-cp" "/var/tmp/spark2.0hpcplatform/lib/firesteel-2.4.0.jar:/var/tmp/spark2.0hpcplatform/multicore/worker57/conf:/var/tmp/spark2.0hpcplatform/multicore/worker57/assembly/target/scala-2.11/jars/*" "-Xmx5120M" "-Dspark.driver.port=34453" "-Dspark.rpc.netty.dispatcher.numThreads=10" "-XX:ParallelGCThreads=10" "org.apache.spark.executor.CoarseGrainedExecutorBackend" "--driver-url" "spark://CoarseGrainedScheduler@mdc-ch1-cust4.mdc.ext.hpe.com:34453" "--executor-id" "381" "--hostname" "mdc-ch1-cust4" "--cores" "2" "--app-id" "app-20190613095629-0002" "--worker-url" "spark://Worker@mdc-ch1-cust4:33677"
19/06/13 09:56:30 INFO ExecutorRunner: Launch command: "/usr/lib64/jvm/java-1.8.0-openjdk-1.8.0/jre/bin/java" "-cp" "/var/tmp/spark2.0hpcplatform/lib/firesteel-2.4.0.jar:/var/tmp/spark2.0hpcplatform/multicore/worker57/conf:/var/tmp/spark2.0hpcplatform/multicore/worker57/assembly/target/scala-2.11/jars/*" "-Xmx5120M" "-Dspark.driver.port=34453" "-Dspark.rpc.netty.dispatcher.numThreads=10" "-XX:ParallelGCThreads=10" "org.apache.spark.executor.CoarseGrainedExecutorBackend" "--driver-url" "spark://CoarseGrainedScheduler@mdc-ch1-cust4.mdc.ext.hpe.com:34453" "--executor-id" "380" "--hostname" "mdc-ch1-cust4" "--cores" "2" "--app-id" "app-20190613095629-0002" "--worker-url" "spark://Worker@mdc-ch1-cust4:33677"
19/06/13 09:56:30 INFO ExecutorRunner: Launch command: "/usr/lib64/jvm/java-1.8.0-openjdk-1.8.0/jre/bin/java" "-cp" "/var/tmp/spark2.0hpcplatform/lib/firesteel-2.4.0.jar:/var/tmp/spark2.0hpcplatform/multicore/worker57/conf:/var/tmp/spark2.0hpcplatform/multicore/worker57/assembly/target/scala-2.11/jars/*" "-Xmx5120M" "-Dspark.driver.port=34453" "-Dspark.rpc.netty.dispatcher.numThreads=10" "-XX:ParallelGCThreads=10" "org.apache.spark.executor.CoarseGrainedExecutorBackend" "--driver-url" "spark://CoarseGrainedScheduler@mdc-ch1-cust4.mdc.ext.hpe.com:34453" "--executor-id" "383" "--hostname" "mdc-ch1-cust4" "--cores" "2" "--app-id" "app-20190613095629-0002" "--worker-url" "spark://Worker@mdc-ch1-cust4:33677"
19/06/13 09:56:30 INFO ExecutorRunner: Launch command: "/usr/lib64/jvm/java-1.8.0-openjdk-1.8.0/jre/bin/java" "-cp" "/var/tmp/spark2.0hpcplatform/lib/firesteel-2.4.0.jar:/var/tmp/spark2.0hpcplatform/multicore/worker57/conf:/var/tmp/spark2.0hpcplatform/multicore/worker57/assembly/target/scala-2.11/jars/*" "-Xmx5120M" "-Dspark.driver.port=34453" "-Dspark.rpc.netty.dispatcher.numThreads=10" "-XX:ParallelGCThreads=10" "org.apache.spark.executor.CoarseGrainedExecutorBackend" "--driver-url" "spark://CoarseGrainedScheduler@mdc-ch1-cust4.mdc.ext.hpe.com:34453" "--executor-id" "384" "--hostname" "mdc-ch1-cust4" "--cores" "2" "--app-id" "app-20190613095629-0002" "--worker-url" "spark://Worker@mdc-ch1-cust4:33677"
19/06/13 09:56:33 INFO Worker: Asked to kill executor app-20190613095629-0002/382
19/06/13 09:56:33 INFO ExecutorRunner: Runner thread for executor app-20190613095629-0002/382 interrupted
19/06/13 09:56:33 INFO ExecutorRunner: Killing process!
19/06/13 09:56:33 INFO Worker: Asked to kill executor app-20190613095629-0002/381
19/06/13 09:56:33 INFO ExecutorRunner: Runner thread for executor app-20190613095629-0002/381 interrupted
19/06/13 09:56:33 INFO Worker: Asked to kill executor app-20190613095629-0002/384
19/06/13 09:56:33 INFO ExecutorRunner: Killing process!
19/06/13 09:56:33 INFO Worker: Asked to kill executor app-20190613095629-0002/383
19/06/13 09:56:33 INFO Worker: Asked to kill executor app-20190613095629-0002/380
19/06/13 09:56:33 INFO ExecutorRunner: Runner thread for executor app-20190613095629-0002/384 interrupted
19/06/13 09:56:33 INFO ExecutorRunner: Runner thread for executor app-20190613095629-0002/380 interrupted
19/06/13 09:56:33 INFO ExecutorRunner: Runner thread for executor app-20190613095629-0002/383 interrupted
19/06/13 09:56:33 INFO ExecutorRunner: Killing process!
19/06/13 09:56:33 INFO ExecutorRunner: Killing process!
19/06/13 09:56:33 INFO ExecutorRunner: Killing process!
19/06/13 09:56:33 INFO Worker: Executor app-20190613095629-0002/381 finished with state KILLED exitStatus 143
19/06/13 09:56:33 INFO ExternalShuffleBlockResolver: Clean up non-shuffle files associated with the finished executor 381
19/06/13 09:56:33 INFO ExternalShuffleBlockResolver: Executor is not registered (appId=app-20190613095629-0002, execId=381)
19/06/13 09:56:34 INFO Worker: Executor app-20190613095629-0002/384 finished with state KILLED exitStatus 143
19/06/13 09:56:34 INFO ExternalShuffleBlockResolver: Clean up non-shuffle files associated with the finished executor 384
19/06/13 09:56:34 INFO ExternalShuffleBlockResolver: Executor is not registered (appId=app-20190613095629-0002, execId=384)
19/06/13 09:56:35 INFO Worker: Executor app-20190613095629-0002/380 finished with state KILLED exitStatus 143
19/06/13 09:56:35 INFO ExternalShuffleBlockResolver: Clean up non-shuffle files associated with the finished executor 380
19/06/13 09:56:35 INFO ExternalShuffleBlockResolver: Executor is not registered (appId=app-20190613095629-0002, execId=380)
19/06/13 09:56:35 INFO Worker: Executor app-20190613095629-0002/382 finished with state KILLED exitStatus 143
19/06/13 09:56:35 INFO ExternalShuffleBlockResolver: Clean up non-shuffle files associated with the finished executor 382
19/06/13 09:56:35 INFO ExternalShuffleBlockResolver: Executor is not registered (appId=app-20190613095629-0002, execId=382)
19/06/13 09:56:35 INFO Worker: Executor app-20190613095629-0002/383 finished with state KILLED exitStatus 143
19/06/13 09:56:35 INFO ExternalShuffleBlockResolver: Clean up non-shuffle files associated with the finished executor 383
19/06/13 09:56:35 INFO ExternalShuffleBlockResolver: Executor is not registered (appId=app-20190613095629-0002, execId=383)
19/06/13 09:56:35 INFO ExternalShuffleBlockResolver: Application app-20190613095629-0002 removed, cleanupLocalDirs = true
19/06/13 09:56:35 INFO Worker: Cleaning up local directories for application app-20190613095629-0002
19/06/13 09:59:43 INFO Worker: Asked to launch executor app-20190613095943-0003/380 for TeraGen (1000MB)
19/06/13 09:59:43 INFO SecurityManager: Changing view acls to: root
19/06/13 09:59:43 INFO SecurityManager: Changing modify acls to: root
19/06/13 09:59:43 INFO SecurityManager: Changing view acls groups to: 
19/06/13 09:59:43 INFO SecurityManager: Changing modify acls groups to: 
19/06/13 09:59:43 INFO SecurityManager: SecurityManager: authentication disabled; ui acls disabled; users  with view permissions: Set(root); groups with view permissions: Set(); users  with modify permissions: Set(root); groups with modify permissions: Set()
19/06/13 09:59:43 INFO Worker: Asked to launch executor app-20190613095943-0003/381 for TeraGen (1000MB)
19/06/13 09:59:43 INFO SecurityManager: Changing view acls to: root
19/06/13 09:59:43 INFO SecurityManager: Changing modify acls to: root
19/06/13 09:59:43 INFO SecurityManager: Changing view acls groups to: 
19/06/13 09:59:43 INFO SecurityManager: Changing modify acls groups to: 
19/06/13 09:59:43 INFO SecurityManager: SecurityManager: authentication disabled; ui acls disabled; users  with view permissions: Set(root); groups with view permissions: Set(); users  with modify permissions: Set(root); groups with modify permissions: Set()
19/06/13 09:59:43 INFO Worker: Asked to launch executor app-20190613095943-0003/382 for TeraGen (1000MB)
19/06/13 09:59:43 INFO SecurityManager: Changing view acls to: root
19/06/13 09:59:43 INFO SecurityManager: Changing modify acls to: root
19/06/13 09:59:43 INFO SecurityManager: Changing view acls groups to: 
19/06/13 09:59:43 INFO SecurityManager: Changing modify acls groups to: 
19/06/13 09:59:43 INFO SecurityManager: SecurityManager: authentication disabled; ui acls disabled; users  with view permissions: Set(root); groups with view permissions: Set(); users  with modify permissions: Set(root); groups with modify permissions: Set()
19/06/13 09:59:44 INFO Worker: Asked to launch executor app-20190613095943-0003/383 for TeraGen (1000MB)
19/06/13 09:59:44 INFO ExecutorRunner: Launch command: "/usr/lib64/jvm/java-1.8.0-openjdk-1.8.0/jre/bin/java" "-cp" "/var/tmp/spark2.0hpcplatform/lib/firesteel-2.4.0.jar:/var/tmp/spark2.0hpcplatform/multicore/worker57/conf:/var/tmp/spark2.0hpcplatform/multicore/worker57/assembly/target/scala-2.11/jars/*" "-Xmx5120M" "-Dspark.driver.port=33105" "-Dspark.rpc.netty.dispatcher.numThreads=10" "-XX:ParallelGCThreads=10" "org.apache.spark.executor.CoarseGrainedExecutorBackend" "--driver-url" "spark://CoarseGrainedScheduler@mdc-ch1-cust4.mdc.ext.hpe.com:33105" "--executor-id" "381" "--hostname" "mdc-ch1-cust4" "--cores" "2" "--app-id" "app-20190613095943-0003" "--worker-url" "spark://Worker@mdc-ch1-cust4:33677"
19/06/13 09:59:44 INFO Worker: Asked to launch executor app-20190613095943-0003/384 for TeraGen (1000MB)
19/06/13 09:59:44 INFO SecurityManager: Changing view acls to: root
19/06/13 09:59:44 INFO ExecutorRunner: Launch command: "/usr/lib64/jvm/java-1.8.0-openjdk-1.8.0/jre/bin/java" "-cp" "/var/tmp/spark2.0hpcplatform/lib/firesteel-2.4.0.jar:/var/tmp/spark2.0hpcplatform/multicore/worker57/conf:/var/tmp/spark2.0hpcplatform/multicore/worker57/assembly/target/scala-2.11/jars/*" "-Xmx5120M" "-Dspark.driver.port=33105" "-Dspark.rpc.netty.dispatcher.numThreads=10" "-XX:ParallelGCThreads=10" "org.apache.spark.executor.CoarseGrainedExecutorBackend" "--driver-url" "spark://CoarseGrainedScheduler@mdc-ch1-cust4.mdc.ext.hpe.com:33105" "--executor-id" "380" "--hostname" "mdc-ch1-cust4" "--cores" "2" "--app-id" "app-20190613095943-0003" "--worker-url" "spark://Worker@mdc-ch1-cust4:33677"
19/06/13 09:59:44 INFO SecurityManager: Changing modify acls to: root
19/06/13 09:59:44 INFO SecurityManager: Changing view acls groups to: 
19/06/13 09:59:44 INFO SecurityManager: Changing view acls to: root
19/06/13 09:59:44 INFO SecurityManager: Changing modify acls to: root
19/06/13 09:59:44 INFO SecurityManager: Changing view acls groups to: 
19/06/13 09:59:44 INFO SecurityManager: Changing modify acls groups to: 
19/06/13 09:59:44 INFO SecurityManager: SecurityManager: authentication disabled; ui acls disabled; users  with view permissions: Set(root); groups with view permissions: Set(); users  with modify permissions: Set(root); groups with modify permissions: Set()
19/06/13 09:59:44 INFO SecurityManager: Changing modify acls groups to: 
19/06/13 09:59:44 INFO SecurityManager: SecurityManager: authentication disabled; ui acls disabled; users  with view permissions: Set(root); groups with view permissions: Set(); users  with modify permissions: Set(root); groups with modify permissions: Set()
19/06/13 09:59:44 INFO ExecutorRunner: Launch command: "/usr/lib64/jvm/java-1.8.0-openjdk-1.8.0/jre/bin/java" "-cp" "/var/tmp/spark2.0hpcplatform/lib/firesteel-2.4.0.jar:/var/tmp/spark2.0hpcplatform/multicore/worker57/conf:/var/tmp/spark2.0hpcplatform/multicore/worker57/assembly/target/scala-2.11/jars/*" "-Xmx5120M" "-Dspark.driver.port=33105" "-Dspark.rpc.netty.dispatcher.numThreads=10" "-XX:ParallelGCThreads=10" "org.apache.spark.executor.CoarseGrainedExecutorBackend" "--driver-url" "spark://CoarseGrainedScheduler@mdc-ch1-cust4.mdc.ext.hpe.com:33105" "--executor-id" "382" "--hostname" "mdc-ch1-cust4" "--cores" "2" "--app-id" "app-20190613095943-0003" "--worker-url" "spark://Worker@mdc-ch1-cust4:33677"
19/06/13 09:59:44 INFO ExecutorRunner: Launch command: "/usr/lib64/jvm/java-1.8.0-openjdk-1.8.0/jre/bin/java" "-cp" "/var/tmp/spark2.0hpcplatform/lib/firesteel-2.4.0.jar:/var/tmp/spark2.0hpcplatform/multicore/worker57/conf:/var/tmp/spark2.0hpcplatform/multicore/worker57/assembly/target/scala-2.11/jars/*" "-Xmx5120M" "-Dspark.driver.port=33105" "-Dspark.rpc.netty.dispatcher.numThreads=10" "-XX:ParallelGCThreads=10" "org.apache.spark.executor.CoarseGrainedExecutorBackend" "--driver-url" "spark://CoarseGrainedScheduler@mdc-ch1-cust4.mdc.ext.hpe.com:33105" "--executor-id" "384" "--hostname" "mdc-ch1-cust4" "--cores" "2" "--app-id" "app-20190613095943-0003" "--worker-url" "spark://Worker@mdc-ch1-cust4:33677"
19/06/13 09:59:44 INFO ExecutorRunner: Launch command: "/usr/lib64/jvm/java-1.8.0-openjdk-1.8.0/jre/bin/java" "-cp" "/var/tmp/spark2.0hpcplatform/lib/firesteel-2.4.0.jar:/var/tmp/spark2.0hpcplatform/multicore/worker57/conf:/var/tmp/spark2.0hpcplatform/multicore/worker57/assembly/target/scala-2.11/jars/*" "-Xmx5120M" "-Dspark.driver.port=33105" "-Dspark.rpc.netty.dispatcher.numThreads=10" "-XX:ParallelGCThreads=10" "org.apache.spark.executor.CoarseGrainedExecutorBackend" "--driver-url" "spark://CoarseGrainedScheduler@mdc-ch1-cust4.mdc.ext.hpe.com:33105" "--executor-id" "383" "--hostname" "mdc-ch1-cust4" "--cores" "2" "--app-id" "app-20190613095943-0003" "--worker-url" "spark://Worker@mdc-ch1-cust4:33677"
19/06/13 10:00:04 INFO Worker: Asked to kill executor app-20190613095943-0003/382
19/06/13 10:00:04 INFO ExecutorRunner: Runner thread for executor app-20190613095943-0003/382 interrupted
19/06/13 10:00:04 INFO ExecutorRunner: Killing process!
19/06/13 10:00:04 INFO Worker: Asked to kill executor app-20190613095943-0003/381
19/06/13 10:00:04 INFO Worker: Asked to kill executor app-20190613095943-0003/384
19/06/13 10:00:04 INFO ExecutorRunner: Runner thread for executor app-20190613095943-0003/381 interrupted
19/06/13 10:00:04 INFO ExecutorRunner: Killing process!
19/06/13 10:00:04 INFO ExecutorRunner: Runner thread for executor app-20190613095943-0003/384 interrupted
19/06/13 10:00:04 INFO Worker: Asked to kill executor app-20190613095943-0003/383
19/06/13 10:00:04 INFO ExecutorRunner: Killing process!
19/06/13 10:00:04 INFO Worker: Asked to kill executor app-20190613095943-0003/380
19/06/13 10:00:04 INFO ExecutorRunner: Runner thread for executor app-20190613095943-0003/380 interrupted
19/06/13 10:00:04 INFO ExecutorRunner: Killing process!
19/06/13 10:00:04 INFO ExecutorRunner: Runner thread for executor app-20190613095943-0003/383 interrupted
19/06/13 10:00:04 INFO ExecutorRunner: Killing process!
19/06/13 10:00:05 INFO Worker: Executor app-20190613095943-0003/384 finished with state KILLED exitStatus 143
19/06/13 10:00:05 INFO ExternalShuffleBlockResolver: Clean up non-shuffle files associated with the finished executor 384
19/06/13 10:00:05 INFO ExternalShuffleBlockResolver: Executor is not registered (appId=app-20190613095943-0003, execId=384)
19/06/13 10:00:06 INFO Worker: Executor app-20190613095943-0003/382 finished with state KILLED exitStatus 143
19/06/13 10:00:06 INFO ExternalShuffleBlockResolver: Clean up non-shuffle files associated with the finished executor 382
19/06/13 10:00:06 INFO ExternalShuffleBlockResolver: Executor is not registered (appId=app-20190613095943-0003, execId=382)
19/06/13 10:00:07 INFO Worker: Executor app-20190613095943-0003/381 finished with state KILLED exitStatus 143
19/06/13 10:00:07 INFO ExternalShuffleBlockResolver: Clean up non-shuffle files associated with the finished executor 381
19/06/13 10:00:07 INFO ExternalShuffleBlockResolver: Executor is not registered (appId=app-20190613095943-0003, execId=381)
19/06/13 10:00:07 INFO Worker: Executor app-20190613095943-0003/383 finished with state KILLED exitStatus 143
19/06/13 10:00:07 INFO ExternalShuffleBlockResolver: Clean up non-shuffle files associated with the finished executor 383
19/06/13 10:00:07 INFO ExternalShuffleBlockResolver: Executor is not registered (appId=app-20190613095943-0003, execId=383)
19/06/13 10:00:07 INFO Worker: Executor app-20190613095943-0003/380 finished with state KILLED exitStatus 143
19/06/13 10:00:07 INFO ExternalShuffleBlockResolver: Clean up non-shuffle files associated with the finished executor 380
19/06/13 10:00:07 INFO ExternalShuffleBlockResolver: Executor is not registered (appId=app-20190613095943-0003, execId=380)
19/06/13 10:00:07 INFO ExternalShuffleBlockResolver: Application app-20190613095943-0003 removed, cleanupLocalDirs = true
19/06/13 10:00:07 INFO Worker: Cleaning up local directories for application app-20190613095943-0003
19/06/13 10:16:01 INFO Worker: Asked to launch executor app-20190613101601-0004/380 for TeraGen (1000GB)
19/06/13 10:16:01 INFO Worker: Asked to launch executor app-20190613101601-0004/381 for TeraGen (1000GB)
19/06/13 10:16:01 INFO SecurityManager: Changing view acls to: root
19/06/13 10:16:01 INFO SecurityManager: Changing modify acls to: root
19/06/13 10:16:01 INFO SecurityManager: Changing view acls groups to: 
19/06/13 10:16:01 INFO SecurityManager: Changing modify acls groups to: 
19/06/13 10:16:01 INFO SecurityManager: SecurityManager: authentication disabled; ui acls disabled; users  with view permissions: Set(root); groups with view permissions: Set(); users  with modify permissions: Set(root); groups with modify permissions: Set()
19/06/13 10:16:01 INFO Worker: Asked to launch executor app-20190613101601-0004/382 for TeraGen (1000GB)
19/06/13 10:16:01 INFO SecurityManager: Changing view acls to: root
19/06/13 10:16:01 INFO SecurityManager: Changing modify acls to: root
19/06/13 10:16:01 INFO SecurityManager: Changing view acls groups to: 
19/06/13 10:16:01 INFO SecurityManager: Changing modify acls groups to: 
19/06/13 10:16:01 INFO SecurityManager: SecurityManager: authentication disabled; ui acls disabled; users  with view permissions: Set(root); groups with view permissions: Set(); users  with modify permissions: Set(root); groups with modify permissions: Set()
19/06/13 10:16:01 INFO ExecutorRunner: Launch command: "/usr/lib64/jvm/java-1.8.0-openjdk-1.8.0/jre/bin/java" "-cp" "/var/tmp/spark2.0hpcplatform/lib/firesteel-2.4.0.jar:/var/tmp/spark2.0hpcplatform/multicore/worker57/conf:/var/tmp/spark2.0hpcplatform/multicore/worker57/assembly/target/scala-2.11/jars/*" "-Xmx5120M" "-Dspark.driver.port=33559" "-Dspark.rpc.netty.dispatcher.numThreads=10" "-XX:-UseBiasedLocking" "org.apache.spark.executor.CoarseGrainedExecutorBackend" "--driver-url" "spark://CoarseGrainedScheduler@mdc-ch1-cust4.mdc.ext.hpe.com:33559" "--executor-id" "380" "--hostname" "mdc-ch1-cust4" "--cores" "2" "--app-id" "app-20190613101601-0004" "--worker-url" "spark://Worker@mdc-ch1-cust4:33677"
19/06/13 10:16:02 INFO Worker: Asked to launch executor app-20190613101601-0004/383 for TeraGen (1000GB)
19/06/13 10:16:02 INFO Worker: Asked to launch executor app-20190613101601-0004/384 for TeraGen (1000GB)
19/06/13 10:16:02 INFO SecurityManager: Changing view acls to: root
19/06/13 10:16:02 INFO SecurityManager: Changing modify acls to: root
19/06/13 10:16:02 INFO ExecutorRunner: Launch command: "/usr/lib64/jvm/java-1.8.0-openjdk-1.8.0/jre/bin/java" "-cp" "/var/tmp/spark2.0hpcplatform/lib/firesteel-2.4.0.jar:/var/tmp/spark2.0hpcplatform/multicore/worker57/conf:/var/tmp/spark2.0hpcplatform/multicore/worker57/assembly/target/scala-2.11/jars/*" "-Xmx5120M" "-Dspark.driver.port=33559" "-Dspark.rpc.netty.dispatcher.numThreads=10" "-XX:-UseBiasedLocking" "org.apache.spark.executor.CoarseGrainedExecutorBackend" "--driver-url" "spark://CoarseGrainedScheduler@mdc-ch1-cust4.mdc.ext.hpe.com:33559" "--executor-id" "381" "--hostname" "mdc-ch1-cust4" "--cores" "2" "--app-id" "app-20190613101601-0004" "--worker-url" "spark://Worker@mdc-ch1-cust4:33677"
19/06/13 10:16:02 INFO SecurityManager: Changing view acls groups to: 
19/06/13 10:16:02 INFO SecurityManager: Changing view acls to: root
19/06/13 10:16:02 INFO SecurityManager: Changing view acls to: root
19/06/13 10:16:02 INFO SecurityManager: Changing modify acls to: root
19/06/13 10:16:02 INFO SecurityManager: Changing modify acls to: root
19/06/13 10:16:02 INFO SecurityManager: Changing modify acls groups to: 
19/06/13 10:16:02 INFO SecurityManager: Changing view acls groups to: 
19/06/13 10:16:02 INFO SecurityManager: Changing view acls groups to: 
19/06/13 10:16:02 INFO SecurityManager: Changing modify acls groups to: 
19/06/13 10:16:02 INFO SecurityManager: SecurityManager: authentication disabled; ui acls disabled; users  with view permissions: Set(root); groups with view permissions: Set(); users  with modify permissions: Set(root); groups with modify permissions: Set()
19/06/13 10:16:02 INFO SecurityManager: Changing modify acls groups to: 
19/06/13 10:16:02 INFO SecurityManager: SecurityManager: authentication disabled; ui acls disabled; users  with view permissions: Set(root); groups with view permissions: Set(); users  with modify permissions: Set(root); groups with modify permissions: Set()
19/06/13 10:16:02 INFO SecurityManager: SecurityManager: authentication disabled; ui acls disabled; users  with view permissions: Set(root); groups with view permissions: Set(); users  with modify permissions: Set(root); groups with modify permissions: Set()
19/06/13 10:16:02 INFO ExecutorRunner: Launch command: "/usr/lib64/jvm/java-1.8.0-openjdk-1.8.0/jre/bin/java" "-cp" "/var/tmp/spark2.0hpcplatform/lib/firesteel-2.4.0.jar:/var/tmp/spark2.0hpcplatform/multicore/worker57/conf:/var/tmp/spark2.0hpcplatform/multicore/worker57/assembly/target/scala-2.11/jars/*" "-Xmx5120M" "-Dspark.driver.port=33559" "-Dspark.rpc.netty.dispatcher.numThreads=10" "-XX:-UseBiasedLocking" "org.apache.spark.executor.CoarseGrainedExecutorBackend" "--driver-url" "spark://CoarseGrainedScheduler@mdc-ch1-cust4.mdc.ext.hpe.com:33559" "--executor-id" "384" "--hostname" "mdc-ch1-cust4" "--cores" "2" "--app-id" "app-20190613101601-0004" "--worker-url" "spark://Worker@mdc-ch1-cust4:33677"
19/06/13 10:16:02 INFO ExecutorRunner: Launch command: "/usr/lib64/jvm/java-1.8.0-openjdk-1.8.0/jre/bin/java" "-cp" "/var/tmp/spark2.0hpcplatform/lib/firesteel-2.4.0.jar:/var/tmp/spark2.0hpcplatform/multicore/worker57/conf:/var/tmp/spark2.0hpcplatform/multicore/worker57/assembly/target/scala-2.11/jars/*" "-Xmx5120M" "-Dspark.driver.port=33559" "-Dspark.rpc.netty.dispatcher.numThreads=10" "-XX:-UseBiasedLocking" "org.apache.spark.executor.CoarseGrainedExecutorBackend" "--driver-url" "spark://CoarseGrainedScheduler@mdc-ch1-cust4.mdc.ext.hpe.com:33559" "--executor-id" "383" "--hostname" "mdc-ch1-cust4" "--cores" "2" "--app-id" "app-20190613101601-0004" "--worker-url" "spark://Worker@mdc-ch1-cust4:33677"
19/06/13 10:16:02 INFO ExecutorRunner: Launch command: "/usr/lib64/jvm/java-1.8.0-openjdk-1.8.0/jre/bin/java" "-cp" "/var/tmp/spark2.0hpcplatform/lib/firesteel-2.4.0.jar:/var/tmp/spark2.0hpcplatform/multicore/worker57/conf:/var/tmp/spark2.0hpcplatform/multicore/worker57/assembly/target/scala-2.11/jars/*" "-Xmx5120M" "-Dspark.driver.port=33559" "-Dspark.rpc.netty.dispatcher.numThreads=10" "-XX:-UseBiasedLocking" "org.apache.spark.executor.CoarseGrainedExecutorBackend" "--driver-url" "spark://CoarseGrainedScheduler@mdc-ch1-cust4.mdc.ext.hpe.com:33559" "--executor-id" "382" "--hostname" "mdc-ch1-cust4" "--cores" "2" "--app-id" "app-20190613101601-0004" "--worker-url" "spark://Worker@mdc-ch1-cust4:33677"
19/06/13 10:16:02 INFO Worker: Asked to kill executor app-20190613101601-0004/382
19/06/13 10:16:02 INFO Worker: Asked to kill executor app-20190613101601-0004/381
19/06/13 10:16:02 INFO Worker: Asked to kill executor app-20190613101601-0004/384
19/06/13 10:16:02 INFO Worker: Asked to kill executor app-20190613101601-0004/383
19/06/13 10:16:02 INFO Worker: Asked to kill executor app-20190613101601-0004/380
19/06/13 10:16:02 INFO ExecutorRunner: Runner thread for executor app-20190613101601-0004/384 interrupted
19/06/13 10:16:02 INFO ExecutorRunner: Killing process!
19/06/13 10:16:02 INFO ExecutorRunner: Runner thread for executor app-20190613101601-0004/380 interrupted
19/06/13 10:16:02 INFO ExecutorRunner: Killing process!
19/06/13 10:16:02 INFO ExecutorRunner: Runner thread for executor app-20190613101601-0004/382 interrupted
19/06/13 10:16:02 INFO ExecutorRunner: Killing process!
19/06/13 10:16:03 INFO ExecutorRunner: Runner thread for executor app-20190613101601-0004/381 interrupted
19/06/13 10:16:03 INFO ExecutorRunner: Killing process!
19/06/13 10:16:02 INFO ExecutorRunner: Runner thread for executor app-20190613101601-0004/383 interrupted
19/06/13 10:16:03 INFO ExecutorRunner: Killing process!
19/06/13 10:16:03 INFO Worker: Executor app-20190613101601-0004/384 finished with state KILLED exitStatus 143
19/06/13 10:16:03 INFO ExternalShuffleBlockResolver: Clean up non-shuffle files associated with the finished executor 384
19/06/13 10:16:03 INFO ExternalShuffleBlockResolver: Executor is not registered (appId=app-20190613101601-0004, execId=384)
19/06/13 10:16:03 INFO Worker: Executor app-20190613101601-0004/381 finished with state KILLED exitStatus 143
19/06/13 10:16:03 INFO ExternalShuffleBlockResolver: Clean up non-shuffle files associated with the finished executor 381
19/06/13 10:16:03 INFO ExternalShuffleBlockResolver: Executor is not registered (appId=app-20190613101601-0004, execId=381)
19/06/13 10:16:04 INFO Worker: Executor app-20190613101601-0004/383 finished with state KILLED exitStatus 143
19/06/13 10:16:04 INFO ExternalShuffleBlockResolver: Clean up non-shuffle files associated with the finished executor 383
19/06/13 10:16:04 INFO ExternalShuffleBlockResolver: Executor is not registered (appId=app-20190613101601-0004, execId=383)
19/06/13 10:16:04 INFO Worker: Executor app-20190613101601-0004/380 finished with state KILLED exitStatus 143
19/06/13 10:16:04 INFO ExternalShuffleBlockResolver: Clean up non-shuffle files associated with the finished executor 380
19/06/13 10:16:04 INFO ExternalShuffleBlockResolver: Executor is not registered (appId=app-20190613101601-0004, execId=380)
19/06/13 10:16:04 INFO Worker: Executor app-20190613101601-0004/382 finished with state KILLED exitStatus 143
19/06/13 10:16:04 INFO ExternalShuffleBlockResolver: Clean up non-shuffle files associated with the finished executor 382
19/06/13 10:16:04 INFO ExternalShuffleBlockResolver: Executor is not registered (appId=app-20190613101601-0004, execId=382)
19/06/13 10:16:04 INFO ExternalShuffleBlockResolver: Application app-20190613101601-0004 removed, cleanupLocalDirs = true
19/06/13 10:16:04 INFO Worker: Cleaning up local directories for application app-20190613101601-0004
19/06/13 10:21:00 INFO Worker: Asked to launch executor app-20190613102100-0005/380 for TeraGen (1000GB)
19/06/13 10:21:00 INFO Worker: Asked to launch executor app-20190613102100-0005/381 for TeraGen (1000GB)
19/06/13 10:21:00 INFO SecurityManager: Changing view acls to: root
19/06/13 10:21:00 INFO SecurityManager: Changing modify acls to: root
19/06/13 10:21:00 INFO SecurityManager: Changing view acls groups to: 
19/06/13 10:21:00 INFO SecurityManager: Changing modify acls groups to: 
19/06/13 10:21:00 INFO SecurityManager: SecurityManager: authentication disabled; ui acls disabled; users  with view permissions: Set(root); groups with view permissions: Set(); users  with modify permissions: Set(root); groups with modify permissions: Set()
19/06/13 10:21:00 INFO Worker: Asked to launch executor app-20190613102100-0005/382 for TeraGen (1000GB)
19/06/13 10:21:00 INFO SecurityManager: Changing view acls to: root
19/06/13 10:21:00 INFO SecurityManager: Changing modify acls to: root
19/06/13 10:21:00 INFO SecurityManager: Changing view acls groups to: 
19/06/13 10:21:00 INFO SecurityManager: Changing modify acls groups to: 
19/06/13 10:21:00 INFO SecurityManager: SecurityManager: authentication disabled; ui acls disabled; users  with view permissions: Set(root); groups with view permissions: Set(); users  with modify permissions: Set(root); groups with modify permissions: Set()
19/06/13 10:21:00 INFO Worker: Asked to launch executor app-20190613102100-0005/383 for TeraGen (1000GB)
19/06/13 10:21:00 INFO SecurityManager: Changing view acls to: root
19/06/13 10:21:00 INFO SecurityManager: Changing modify acls to: root
19/06/13 10:21:00 INFO SecurityManager: Changing view acls groups to: 
19/06/13 10:21:00 INFO SecurityManager: Changing modify acls groups to: 
19/06/13 10:21:00 INFO SecurityManager: SecurityManager: authentication disabled; ui acls disabled; users  with view permissions: Set(root); groups with view permissions: Set(); users  with modify permissions: Set(root); groups with modify permissions: Set()
19/06/13 10:21:00 INFO Worker: Asked to launch executor app-20190613102100-0005/384 for TeraGen (1000GB)
19/06/13 10:21:00 INFO SecurityManager: Changing view acls to: root
19/06/13 10:21:00 INFO SecurityManager: Changing modify acls to: root
19/06/13 10:21:00 INFO SecurityManager: Changing view acls groups to: 
19/06/13 10:21:00 INFO SecurityManager: Changing modify acls groups to: 
19/06/13 10:21:00 INFO ExecutorRunner: Launch command: "/usr/lib64/jvm/java-1.8.0-openjdk-1.8.0/jre/bin/java" "-cp" "/var/tmp/spark2.0hpcplatform/lib/firesteel-2.4.0.jar:/var/tmp/spark2.0hpcplatform/multicore/worker57/conf:/var/tmp/spark2.0hpcplatform/multicore/worker57/assembly/target/scala-2.11/jars/*" "-Xmx5120M" "-Dspark.driver.port=41167" "-Dspark.rpc.netty.dispatcher.numThreads=10" "-XX:-UseBiasedLocking" "org.apache.spark.executor.CoarseGrainedExecutorBackend" "--driver-url" "spark://CoarseGrainedScheduler@mdc-ch1-cust4.mdc.ext.hpe.com:41167" "--executor-id" "381" "--hostname" "mdc-ch1-cust4" "--cores" "2" "--app-id" "app-20190613102100-0005" "--worker-url" "spark://Worker@mdc-ch1-cust4:33677"
19/06/13 10:21:00 INFO SecurityManager: Changing view acls to: root
19/06/13 10:21:00 INFO SecurityManager: Changing modify acls to: root
19/06/13 10:21:00 INFO SecurityManager: Changing view acls groups to: 
19/06/13 10:21:00 INFO SecurityManager: Changing modify acls groups to: 
19/06/13 10:21:00 INFO SecurityManager: SecurityManager: authentication disabled; ui acls disabled; users  with view permissions: Set(root); groups with view permissions: Set(); users  with modify permissions: Set(root); groups with modify permissions: Set()
19/06/13 10:21:00 INFO SecurityManager: SecurityManager: authentication disabled; ui acls disabled; users  with view permissions: Set(root); groups with view permissions: Set(); users  with modify permissions: Set(root); groups with modify permissions: Set()
19/06/13 10:21:00 INFO ExecutorRunner: Launch command: "/usr/lib64/jvm/java-1.8.0-openjdk-1.8.0/jre/bin/java" "-cp" "/var/tmp/spark2.0hpcplatform/lib/firesteel-2.4.0.jar:/var/tmp/spark2.0hpcplatform/multicore/worker57/conf:/var/tmp/spark2.0hpcplatform/multicore/worker57/assembly/target/scala-2.11/jars/*" "-Xmx5120M" "-Dspark.driver.port=41167" "-Dspark.rpc.netty.dispatcher.numThreads=10" "-XX:-UseBiasedLocking" "org.apache.spark.executor.CoarseGrainedExecutorBackend" "--driver-url" "spark://CoarseGrainedScheduler@mdc-ch1-cust4.mdc.ext.hpe.com:41167" "--executor-id" "382" "--hostname" "mdc-ch1-cust4" "--cores" "2" "--app-id" "app-20190613102100-0005" "--worker-url" "spark://Worker@mdc-ch1-cust4:33677"
19/06/13 10:21:00 INFO ExecutorRunner: Launch command: "/usr/lib64/jvm/java-1.8.0-openjdk-1.8.0/jre/bin/java" "-cp" "/var/tmp/spark2.0hpcplatform/lib/firesteel-2.4.0.jar:/var/tmp/spark2.0hpcplatform/multicore/worker57/conf:/var/tmp/spark2.0hpcplatform/multicore/worker57/assembly/target/scala-2.11/jars/*" "-Xmx5120M" "-Dspark.driver.port=41167" "-Dspark.rpc.netty.dispatcher.numThreads=10" "-XX:-UseBiasedLocking" "org.apache.spark.executor.CoarseGrainedExecutorBackend" "--driver-url" "spark://CoarseGrainedScheduler@mdc-ch1-cust4.mdc.ext.hpe.com:41167" "--executor-id" "380" "--hostname" "mdc-ch1-cust4" "--cores" "2" "--app-id" "app-20190613102100-0005" "--worker-url" "spark://Worker@mdc-ch1-cust4:33677"
19/06/13 10:21:00 INFO ExecutorRunner: Launch command: "/usr/lib64/jvm/java-1.8.0-openjdk-1.8.0/jre/bin/java" "-cp" "/var/tmp/spark2.0hpcplatform/lib/firesteel-2.4.0.jar:/var/tmp/spark2.0hpcplatform/multicore/worker57/conf:/var/tmp/spark2.0hpcplatform/multicore/worker57/assembly/target/scala-2.11/jars/*" "-Xmx5120M" "-Dspark.driver.port=41167" "-Dspark.rpc.netty.dispatcher.numThreads=10" "-XX:-UseBiasedLocking" "org.apache.spark.executor.CoarseGrainedExecutorBackend" "--driver-url" "spark://CoarseGrainedScheduler@mdc-ch1-cust4.mdc.ext.hpe.com:41167" "--executor-id" "384" "--hostname" "mdc-ch1-cust4" "--cores" "2" "--app-id" "app-20190613102100-0005" "--worker-url" "spark://Worker@mdc-ch1-cust4:33677"
19/06/13 10:21:00 INFO ExecutorRunner: Launch command: "/usr/lib64/jvm/java-1.8.0-openjdk-1.8.0/jre/bin/java" "-cp" "/var/tmp/spark2.0hpcplatform/lib/firesteel-2.4.0.jar:/var/tmp/spark2.0hpcplatform/multicore/worker57/conf:/var/tmp/spark2.0hpcplatform/multicore/worker57/assembly/target/scala-2.11/jars/*" "-Xmx5120M" "-Dspark.driver.port=41167" "-Dspark.rpc.netty.dispatcher.numThreads=10" "-XX:-UseBiasedLocking" "org.apache.spark.executor.CoarseGrainedExecutorBackend" "--driver-url" "spark://CoarseGrainedScheduler@mdc-ch1-cust4.mdc.ext.hpe.com:41167" "--executor-id" "383" "--hostname" "mdc-ch1-cust4" "--cores" "2" "--app-id" "app-20190613102100-0005" "--worker-url" "spark://Worker@mdc-ch1-cust4:33677"
19/06/13 10:21:32 INFO Worker: Executor app-20190613102100-0005/380 finished with state EXITED message Command exited with code 1 exitStatus 1
19/06/13 10:21:32 INFO ExternalShuffleBlockResolver: Clean up non-shuffle files associated with the finished executor 380
19/06/13 10:21:32 INFO ExternalShuffleBlockResolver: Executor is not registered (appId=app-20190613102100-0005, execId=380)
19/06/13 10:21:32 INFO Worker: Asked to launch executor app-20190613102100-0005/570 for TeraGen (1000GB)
19/06/13 10:21:32 INFO SecurityManager: Changing view acls to: root
19/06/13 10:21:32 INFO SecurityManager: Changing modify acls to: root
19/06/13 10:21:32 INFO SecurityManager: Changing view acls groups to: 
19/06/13 10:21:32 INFO SecurityManager: Changing modify acls groups to: 
19/06/13 10:21:32 INFO SecurityManager: SecurityManager: authentication disabled; ui acls disabled; users  with view permissions: Set(root); groups with view permissions: Set(); users  with modify permissions: Set(root); groups with modify permissions: Set()
19/06/13 10:21:32 INFO ExecutorRunner: Launch command: "/usr/lib64/jvm/java-1.8.0-openjdk-1.8.0/jre/bin/java" "-cp" "/var/tmp/spark2.0hpcplatform/lib/firesteel-2.4.0.jar:/var/tmp/spark2.0hpcplatform/multicore/worker57/conf:/var/tmp/spark2.0hpcplatform/multicore/worker57/assembly/target/scala-2.11/jars/*" "-Xmx5120M" "-Dspark.driver.port=41167" "-Dspark.rpc.netty.dispatcher.numThreads=10" "-XX:-UseBiasedLocking" "org.apache.spark.executor.CoarseGrainedExecutorBackend" "--driver-url" "spark://CoarseGrainedScheduler@mdc-ch1-cust4.mdc.ext.hpe.com:41167" "--executor-id" "570" "--hostname" "mdc-ch1-cust4" "--cores" "2" "--app-id" "app-20190613102100-0005" "--worker-url" "spark://Worker@mdc-ch1-cust4:33677"
19/06/13 10:21:52 INFO Worker: Asked to launch executor app-20190613102100-0005/645 for TeraGen (1000GB)
19/06/13 10:21:53 INFO SecurityManager: Changing view acls to: root
19/06/13 10:21:53 INFO SecurityManager: Changing modify acls to: root
19/06/13 10:21:53 INFO SecurityManager: Changing view acls groups to: 
19/06/13 10:21:53 INFO SecurityManager: Changing modify acls groups to: 
19/06/13 10:21:53 INFO SecurityManager: SecurityManager: authentication disabled; ui acls disabled; users  with view permissions: Set(root); groups with view permissions: Set(); users  with modify permissions: Set(root); groups with modify permissions: Set()
19/06/13 10:21:53 INFO ExecutorRunner: Launch command: "/usr/lib64/jvm/java-1.8.0-openjdk-1.8.0/jre/bin/java" "-cp" "/var/tmp/spark2.0hpcplatform/lib/firesteel-2.4.0.jar:/var/tmp/spark2.0hpcplatform/multicore/worker57/conf:/var/tmp/spark2.0hpcplatform/multicore/worker57/assembly/target/scala-2.11/jars/*" "-Xmx5120M" "-Dspark.driver.port=41167" "-Dspark.rpc.netty.dispatcher.numThreads=10" "-XX:-UseBiasedLocking" "org.apache.spark.executor.CoarseGrainedExecutorBackend" "--driver-url" "spark://CoarseGrainedScheduler@mdc-ch1-cust4.mdc.ext.hpe.com:41167" "--executor-id" "645" "--hostname" "mdc-ch1-cust4" "--cores" "2" "--app-id" "app-20190613102100-0005" "--worker-url" "spark://Worker@mdc-ch1-cust4:33677"
19/06/13 10:21:56 INFO Worker: Executor app-20190613102100-0005/383 finished with state EXITED message Command exited with code 1 exitStatus 1
19/06/13 10:21:56 INFO ExternalShuffleBlockResolver: Clean up non-shuffle files associated with the finished executor 383
19/06/13 10:21:56 INFO ExternalShuffleBlockResolver: Executor is not registered (appId=app-20190613102100-0005, execId=383)
19/06/13 10:21:56 INFO Worker: Asked to launch executor app-20190613102100-0005/756 for TeraGen (1000GB)
19/06/13 10:21:56 INFO SecurityManager: Changing view acls to: root
19/06/13 10:21:56 INFO SecurityManager: Changing modify acls to: root
19/06/13 10:21:56 INFO SecurityManager: Changing view acls groups to: 
19/06/13 10:21:56 INFO SecurityManager: Changing modify acls groups to: 
19/06/13 10:21:56 INFO SecurityManager: SecurityManager: authentication disabled; ui acls disabled; users  with view permissions: Set(root); groups with view permissions: Set(); users  with modify permissions: Set(root); groups with modify permissions: Set()
19/06/13 10:21:56 INFO ExecutorRunner: Launch command: "/usr/lib64/jvm/java-1.8.0-openjdk-1.8.0/jre/bin/java" "-cp" "/var/tmp/spark2.0hpcplatform/lib/firesteel-2.4.0.jar:/var/tmp/spark2.0hpcplatform/multicore/worker57/conf:/var/tmp/spark2.0hpcplatform/multicore/worker57/assembly/target/scala-2.11/jars/*" "-Xmx5120M" "-Dspark.driver.port=41167" "-Dspark.rpc.netty.dispatcher.numThreads=10" "-XX:-UseBiasedLocking" "org.apache.spark.executor.CoarseGrainedExecutorBackend" "--driver-url" "spark://CoarseGrainedScheduler@mdc-ch1-cust4.mdc.ext.hpe.com:41167" "--executor-id" "756" "--hostname" "mdc-ch1-cust4" "--cores" "2" "--app-id" "app-20190613102100-0005" "--worker-url" "spark://Worker@mdc-ch1-cust4:33677"
19/06/13 10:21:57 INFO Worker: Asked to launch executor app-20190613102100-0005/825 for TeraGen (1000GB)
19/06/13 10:21:57 INFO SecurityManager: Changing view acls to: root
19/06/13 10:21:57 INFO SecurityManager: Changing modify acls to: root
19/06/13 10:21:57 INFO SecurityManager: Changing view acls groups to: 
19/06/13 10:21:57 INFO SecurityManager: Changing modify acls groups to: 
19/06/13 10:21:57 INFO SecurityManager: SecurityManager: authentication disabled; ui acls disabled; users  with view permissions: Set(root); groups with view permissions: Set(); users  with modify permissions: Set(root); groups with modify permissions: Set()
19/06/13 10:21:57 INFO ExecutorRunner: Launch command: "/usr/lib64/jvm/java-1.8.0-openjdk-1.8.0/jre/bin/java" "-cp" "/var/tmp/spark2.0hpcplatform/lib/firesteel-2.4.0.jar:/var/tmp/spark2.0hpcplatform/multicore/worker57/conf:/var/tmp/spark2.0hpcplatform/multicore/worker57/assembly/target/scala-2.11/jars/*" "-Xmx5120M" "-Dspark.driver.port=41167" "-Dspark.rpc.netty.dispatcher.numThreads=10" "-XX:-UseBiasedLocking" "org.apache.spark.executor.CoarseGrainedExecutorBackend" "--driver-url" "spark://CoarseGrainedScheduler@mdc-ch1-cust4.mdc.ext.hpe.com:41167" "--executor-id" "825" "--hostname" "mdc-ch1-cust4" "--cores" "2" "--app-id" "app-20190613102100-0005" "--worker-url" "spark://Worker@mdc-ch1-cust4:33677"
19/06/13 10:22:02 INFO Worker: Executor app-20190613102100-0005/570 finished with state EXITED message Command exited with code 1 exitStatus 1
19/06/13 10:22:02 INFO ExternalShuffleBlockResolver: Clean up non-shuffle files associated with the finished executor 570
19/06/13 10:22:02 INFO ExternalShuffleBlockResolver: Executor is not registered (appId=app-20190613102100-0005, execId=570)
19/06/13 10:22:02 INFO Worker: Asked to launch executor app-20190613102100-0005/914 for TeraGen (1000GB)
19/06/13 10:22:02 INFO SecurityManager: Changing view acls to: root
19/06/13 10:22:02 INFO SecurityManager: Changing modify acls to: root
19/06/13 10:22:02 INFO SecurityManager: Changing view acls groups to: 
19/06/13 10:22:02 INFO SecurityManager: Changing modify acls groups to: 
19/06/13 10:22:02 INFO SecurityManager: SecurityManager: authentication disabled; ui acls disabled; users  with view permissions: Set(root); groups with view permissions: Set(); users  with modify permissions: Set(root); groups with modify permissions: Set()
19/06/13 10:22:02 INFO ExecutorRunner: Launch command: "/usr/lib64/jvm/java-1.8.0-openjdk-1.8.0/jre/bin/java" "-cp" "/var/tmp/spark2.0hpcplatform/lib/firesteel-2.4.0.jar:/var/tmp/spark2.0hpcplatform/multicore/worker57/conf:/var/tmp/spark2.0hpcplatform/multicore/worker57/assembly/target/scala-2.11/jars/*" "-Xmx5120M" "-Dspark.driver.port=41167" "-Dspark.rpc.netty.dispatcher.numThreads=10" "-XX:-UseBiasedLocking" "org.apache.spark.executor.CoarseGrainedExecutorBackend" "--driver-url" "spark://CoarseGrainedScheduler@mdc-ch1-cust4.mdc.ext.hpe.com:41167" "--executor-id" "914" "--hostname" "mdc-ch1-cust4" "--cores" "2" "--app-id" "app-20190613102100-0005" "--worker-url" "spark://Worker@mdc-ch1-cust4:33677"
19/06/13 10:22:02 INFO Worker: Executor app-20190613102100-0005/381 finished with state EXITED message Command exited with code 1 exitStatus 1
19/06/13 10:22:02 INFO ExternalShuffleBlockResolver: Clean up non-shuffle files associated with the finished executor 381
19/06/13 10:22:02 INFO ExternalShuffleBlockResolver: Executor is not registered (appId=app-20190613102100-0005, execId=381)
19/06/13 10:22:02 INFO Worker: Asked to launch executor app-20190613102100-0005/939 for TeraGen (1000GB)
19/06/13 10:22:02 INFO SecurityManager: Changing view acls to: root
19/06/13 10:22:02 INFO SecurityManager: Changing modify acls to: root
19/06/13 10:22:02 INFO SecurityManager: Changing view acls groups to: 
19/06/13 10:22:02 INFO SecurityManager: Changing modify acls groups to: 
19/06/13 10:22:02 INFO SecurityManager: SecurityManager: authentication disabled; ui acls disabled; users  with view permissions: Set(root); groups with view permissions: Set(); users  with modify permissions: Set(root); groups with modify permissions: Set()
19/06/13 10:22:03 INFO Worker: Executor app-20190613102100-0005/384 finished with state EXITED message Command exited with code 1 exitStatus 1
19/06/13 10:22:03 INFO ExternalShuffleBlockResolver: Clean up non-shuffle files associated with the finished executor 384
19/06/13 10:22:03 INFO ExternalShuffleBlockResolver: Executor is not registered (appId=app-20190613102100-0005, execId=384)
19/06/13 10:22:03 INFO ExecutorRunner: Launch command: "/usr/lib64/jvm/java-1.8.0-openjdk-1.8.0/jre/bin/java" "-cp" "/var/tmp/spark2.0hpcplatform/lib/firesteel-2.4.0.jar:/var/tmp/spark2.0hpcplatform/multicore/worker57/conf:/var/tmp/spark2.0hpcplatform/multicore/worker57/assembly/target/scala-2.11/jars/*" "-Xmx5120M" "-Dspark.driver.port=41167" "-Dspark.rpc.netty.dispatcher.numThreads=10" "-XX:-UseBiasedLocking" "org.apache.spark.executor.CoarseGrainedExecutorBackend" "--driver-url" "spark://CoarseGrainedScheduler@mdc-ch1-cust4.mdc.ext.hpe.com:41167" "--executor-id" "939" "--hostname" "mdc-ch1-cust4" "--cores" "2" "--app-id" "app-20190613102100-0005" "--worker-url" "spark://Worker@mdc-ch1-cust4:33677"
19/06/13 10:22:03 INFO Worker: Asked to launch executor app-20190613102100-0005/1001 for TeraGen (1000GB)
19/06/13 10:22:03 INFO SecurityManager: Changing view acls to: root
19/06/13 10:22:03 INFO SecurityManager: Changing modify acls to: root
19/06/13 10:22:03 INFO SecurityManager: Changing view acls groups to: 
19/06/13 10:22:03 INFO SecurityManager: Changing modify acls groups to: 
19/06/13 10:22:03 INFO SecurityManager: SecurityManager: authentication disabled; ui acls disabled; users  with view permissions: Set(root); groups with view permissions: Set(); users  with modify permissions: Set(root); groups with modify permissions: Set()
19/06/13 10:22:03 INFO Worker: Executor app-20190613102100-0005/382 finished with state EXITED message Command exited with code 1 exitStatus 1
19/06/13 10:22:03 INFO ExternalShuffleBlockResolver: Clean up non-shuffle files associated with the finished executor 382
19/06/13 10:22:03 INFO ExternalShuffleBlockResolver: Executor is not registered (appId=app-20190613102100-0005, execId=382)
19/06/13 10:22:03 INFO ExecutorRunner: Launch command: "/usr/lib64/jvm/java-1.8.0-openjdk-1.8.0/jre/bin/java" "-cp" "/var/tmp/spark2.0hpcplatform/lib/firesteel-2.4.0.jar:/var/tmp/spark2.0hpcplatform/multicore/worker57/conf:/var/tmp/spark2.0hpcplatform/multicore/worker57/assembly/target/scala-2.11/jars/*" "-Xmx5120M" "-Dspark.driver.port=41167" "-Dspark.rpc.netty.dispatcher.numThreads=10" "-XX:-UseBiasedLocking" "org.apache.spark.executor.CoarseGrainedExecutorBackend" "--driver-url" "spark://CoarseGrainedScheduler@mdc-ch1-cust4.mdc.ext.hpe.com:41167" "--executor-id" "1001" "--hostname" "mdc-ch1-cust4" "--cores" "2" "--app-id" "app-20190613102100-0005" "--worker-url" "spark://Worker@mdc-ch1-cust4:33677"
19/06/13 10:22:03 INFO Worker: Asked to launch executor app-20190613102100-0005/1049 for TeraGen (1000GB)
19/06/13 10:22:03 INFO SecurityManager: Changing view acls to: root
19/06/13 10:22:03 INFO SecurityManager: Changing modify acls to: root
19/06/13 10:22:03 INFO SecurityManager: Changing view acls groups to: 
19/06/13 10:22:03 INFO SecurityManager: Changing modify acls groups to: 
19/06/13 10:22:03 INFO SecurityManager: SecurityManager: authentication disabled; ui acls disabled; users  with view permissions: Set(root); groups with view permissions: Set(); users  with modify permissions: Set(root); groups with modify permissions: Set()
19/06/13 10:22:03 INFO ExecutorRunner: Launch command: "/usr/lib64/jvm/java-1.8.0-openjdk-1.8.0/jre/bin/java" "-cp" "/var/tmp/spark2.0hpcplatform/lib/firesteel-2.4.0.jar:/var/tmp/spark2.0hpcplatform/multicore/worker57/conf:/var/tmp/spark2.0hpcplatform/multicore/worker57/assembly/target/scala-2.11/jars/*" "-Xmx5120M" "-Dspark.driver.port=41167" "-Dspark.rpc.netty.dispatcher.numThreads=10" "-XX:-UseBiasedLocking" "org.apache.spark.executor.CoarseGrainedExecutorBackend" "--driver-url" "spark://CoarseGrainedScheduler@mdc-ch1-cust4.mdc.ext.hpe.com:41167" "--executor-id" "1049" "--hostname" "mdc-ch1-cust4" "--cores" "2" "--app-id" "app-20190613102100-0005" "--worker-url" "spark://Worker@mdc-ch1-cust4:33677"
19/06/13 10:22:14 INFO Worker: Executor app-20190613102100-0005/1049 finished with state EXITED message Command exited with code 1 exitStatus 1
19/06/13 10:22:14 INFO ExternalShuffleBlockResolver: Clean up non-shuffle files associated with the finished executor 1049
19/06/13 10:22:14 INFO ExternalShuffleBlockResolver: Executor is not registered (appId=app-20190613102100-0005, execId=1049)
19/06/13 10:22:14 INFO Worker: Asked to launch executor app-20190613102100-0005/1111 for TeraGen (1000GB)
19/06/13 10:22:14 ERROR SparkUncaughtExceptionHandler: Uncaught exception in thread Thread[dispatcher-event-loop-516,5,main]
java.lang.OutOfMemoryError: unable to create new native thread
	at java.lang.Thread.start0(Native Method)
	at java.lang.Thread.start(Thread.java:717)
	at java.util.concurrent.ThreadPoolExecutor.addWorker(ThreadPoolExecutor.java:957)
	at java.util.concurrent.ThreadPoolExecutor.processWorkerExit(ThreadPoolExecutor.java:1025)
	at java.util.concurrent.ThreadPoolExecutor.runWorker(ThreadPoolExecutor.java:1167)
	at java.util.concurrent.ThreadPoolExecutor$Worker.run(ThreadPoolExecutor.java:624)
	at java.lang.Thread.run(Thread.java:748)
