0000001 | T.0x00007f5d43bfd700 | 2019-06-21, 02:20:16.376248 [info] - (/home/ghosdebd/sparkle/alps/src/globalheap/globalheap_internal.cc, 153) Open heap path: /lfs/spark_global0 
0000002 | T.0x00007f5d43bfd700 | 2019-06-21, 02:20:16.376537 [info] - (/home/ghosdebd/sparkle/alps/src/pegasus/lfs_region_file.cc, 64) Open LFS region file path: "/lfs/spark_global0" flags: O_RDWR
0000004 | T.0x00007f5d43bfd700 | 2019-06-21, 02:20:16.392913 [info] - (/home/ghosdebd/sparkle/alps/src/pegasus/segmap.cc, 39) map region  base_addr: 0x7edbec000000 size: 549755813888 addr_range: 0x7edbec000000--7f5bec000000
0000005 | T.0x00007f5d43bfd700 | 2019-06-21, 02:20:16.393045 [info] - (/home/ghosdebd/sparkle/alps/src/globalheap/globalheap_internal.cc, 158) Opened heap path: /lfs/spark_global0  size: 549755813888
0000006 | T.0x00007f5d43bfd700 | 2019-06-21, 02:20:16.708406 [info] - (/home/ghosdebd/sparkle/alps/src/globalheap/globalheap_internal.cc, 380) Allocate block size: 412
0000007 | T.0x00007f5d43bfd700 | 2019-06-21, 02:20:16.708435 [info] - (/home/ghosdebd/sparkle/alps/src/globalheap/globalheap_internal.cc, 400) Allocate block size: 412 ig: 0
0000008 | T.0x00007f5d43bfd700 | 2019-06-21, 02:20:16.708650 [info] - (/home/ghosdebd/sparkle/alps/src/globalheap/memattrib_heap.cc, 59) Allocate block size: 412
0000009 | T.0x00007f5d43bfd700 | 2019-06-21, 02:20:16.708660 [info] - (/home/ghosdebd/sparkle/alps/src/globalheap/process_slab_heap.cc, 30) acquire_slab
0000010 | T.0x00007f5d43bfd700 | 2019-06-21, 02:20:16.708665 [info] - (/home/ghosdebd/sparkle/alps/src/globalheap/process_slab_heap.cc, 33) acquire_slab: locked
0000011 | T.0x00007f5d43bfd700 | 2019-06-21, 02:20:16.708669 [info] - (/home/ghosdebd/sparkle/alps/src/globalheap/extentheap.hh, 116) malloc
0000012 | T.0x00007f5d43bfd700 | 2019-06-21, 02:20:16.708798 [info] - (/home/ghosdebd/sparkle/alps/src/globalheap/zone.hh, 40) NVZONE: 0x7f07ec000400
0000013 | T.0x00007f5d43bfd700 | 2019-06-21, 02:20:16.708804 [info] - (/home/ghosdebd/sparkle/alps/src/globalheap/zone.hh, 41) NVZONE: ID: 22
0000014 | T.0x00007f5d43bfd700 | 2019-06-21, 02:20:16.710506 [info] - (/home/ghosdebd/sparkle/alps/src/globalheap/extentmap.cc, 88) INSERT: (0, 32766)
0000015 | T.0x00007f5d43bfd700 | 2019-06-21, 02:20:16.710516 [info] - (/home/ghosdebd/sparkle/alps/src/globalheap/zone_heap.hh, 153) Acquired zone: 22
0000016 | T.0x00007f5d43bfd700 | 2019-06-21, 02:20:16.710521 [info] - (/home/ghosdebd/sparkle/alps/src/globalheap/zone.hh, 72) Enumerate zone: 22
0000017 | T.0x00007f5d43bfd700 | 2019-06-21, 02:20:16.712030 [info] - (/home/ghosdebd/sparkle/alps/src/globalheap/extentheap.hh, 116) malloc
0000018 | T.0x00007f5d43bfd700 | 2019-06-21, 02:20:16.712037 [info] - (/home/ghosdebd/sparkle/alps/src/globalheap/extentmap.cc, 88) INSERT: (1, 32765)
0000019 | T.0x00007f5d43bfd700 | 2019-06-21, 02:20:16.712041 [info] - (/home/ghosdebd/sparkle/alps/src/globalheap/zone.cc, 48) Allocated zone_id: 22 extent: (0, 1) 0x7f07ec0404c8
0000020 | T.0x00007f5d43bfd700 | 2019-06-21, 02:20:16.712065 [info] - (/home/ghosdebd/sparkle/alps/src/globalheap/process_slab_heap.cc, 50) acquire_slab: unlock 2
0000021 | T.0x00007f5d43bfd700 | 2019-06-21, 02:20:16.712072 [info] - (/home/ghosdebd/sparkle/alps/src/globalheap/slab.cc, 56) Allocate block: nvslab: (0xbeef, 0x2c000404c8) block: 0
0000022 | T.0x00007f5d43bfd700 | 2019-06-21, 02:20:16.712077 [info] - (/home/ghosdebd/sparkle/alps/src/globalheap/slab_heap.cc, 40) Allocate block: new_fullness: 0 old_fullness: 0
0000023 | T.0x00007f5d43bfd700 | 2019-06-21, 02:20:16.712082 [info] - (/home/ghosdebd/sparkle/alps/src/globalheap/globalheap_internal.cc, 391) Allocated block ptr: (0xbeef, 0x2c00040548) size: 412
0000024 | T.0x00007f5d43bfd700 | 2019-06-21, 02:20:16.712102 [info] - (/home/ghosdebd/sparkle/alps/src/globalheap/globalheap_internal.cc, 380) Allocate block size: 60
0000025 | T.0x00007f5d43bfd700 | 2019-06-21, 02:20:16.712106 [info] - (/home/ghosdebd/sparkle/alps/src/globalheap/globalheap_internal.cc, 400) Allocate block size: 60 ig: 0
0000026 | T.0x00007f5d43bfd700 | 2019-06-21, 02:20:16.712110 [info] - (/home/ghosdebd/sparkle/alps/src/globalheap/memattrib_heap.cc, 59) Allocate block size: 60
0000027 | T.0x00007f5d43bfd700 | 2019-06-21, 02:20:16.712116 [info] - (/home/ghosdebd/sparkle/alps/src/globalheap/process_slab_heap.cc, 30) acquire_slab
0000028 | T.0x00007f5d43bfd700 | 2019-06-21, 02:20:16.712120 [info] - (/home/ghosdebd/sparkle/alps/src/globalheap/process_slab_heap.cc, 33) acquire_slab: locked
0000029 | T.0x00007f5d43bfd700 | 2019-06-21, 02:20:16.712123 [info] - (/home/ghosdebd/sparkle/alps/src/globalheap/extentheap.hh, 116) malloc
0000030 | T.0x00007f5d43bfd700 | 2019-06-21, 02:20:16.712127 [info] - (/home/ghosdebd/sparkle/alps/src/globalheap/extentmap.cc, 88) INSERT: (2, 32764)
0000031 | T.0x00007f5d43bfd700 | 2019-06-21, 02:20:16.712130 [info] - (/home/ghosdebd/sparkle/alps/src/globalheap/zone.cc, 48) Allocated zone_id: 22 extent: (1, 1) 0x7f07ec0804c8
0000032 | T.0x00007f5d43bfd700 | 2019-06-21, 02:20:16.712251 [info] - (/home/ghosdebd/sparkle/alps/src/globalheap/process_slab_heap.cc, 50) acquire_slab: unlock 2
0000033 | T.0x00007f5d43bfd700 | 2019-06-21, 02:20:16.712256 [info] - (/home/ghosdebd/sparkle/alps/src/globalheap/slab.cc, 56) Allocate block: nvslab: (0xbeef, 0x2c000804c8) block: 0
0000034 | T.0x00007f5d43bfd700 | 2019-06-21, 02:20:16.712259 [info] - (/home/ghosdebd/sparkle/alps/src/globalheap/slab_heap.cc, 40) Allocate block: new_fullness: 0 old_fullness: 0
0000035 | T.0x00007f5d43bfd700 | 2019-06-21, 02:20:16.712263 [info] - (/home/ghosdebd/sparkle/alps/src/globalheap/globalheap_internal.cc, 391) Allocated block ptr: (0xbeef, 0x2c00080708) size: 60
0000036 | T.0x00007f5d43bfd700 | 2019-06-21, 02:20:16.712267 [info] - (/home/ghosdebd/sparkle/alps/src/globalheap/globalheap_internal.cc, 380) Allocate block size: 30
0000037 | T.0x00007f5d43bfd700 | 2019-06-21, 02:20:16.712270 [info] - (/home/ghosdebd/sparkle/alps/src/globalheap/globalheap_internal.cc, 400) Allocate block size: 30 ig: 0
0000038 | T.0x00007f5d43bfd700 | 2019-06-21, 02:20:16.712274 [info] - (/home/ghosdebd/sparkle/alps/src/globalheap/memattrib_heap.cc, 59) Allocate block size: 30
0000039 | T.0x00007f5d43bfd700 | 2019-06-21, 02:20:16.712277 [info] - (/home/ghosdebd/sparkle/alps/src/globalheap/process_slab_heap.cc, 30) acquire_slab
0000040 | T.0x00007f5d43bfd700 | 2019-06-21, 02:20:16.712280 [info] - (/home/ghosdebd/sparkle/alps/src/globalheap/process_slab_heap.cc, 33) acquire_slab: locked
0000041 | T.0x00007f5d43bfd700 | 2019-06-21, 02:20:16.712284 [info] - (/home/ghosdebd/sparkle/alps/src/globalheap/extentheap.hh, 116) malloc
0000042 | T.0x00007f5d43bfd700 | 2019-06-21, 02:20:16.712287 [info] - (/home/ghosdebd/sparkle/alps/src/globalheap/extentmap.cc, 88) INSERT: (3, 32763)
0000043 | T.0x00007f5d43bfd700 | 2019-06-21, 02:20:16.712290 [info] - (/home/ghosdebd/sparkle/alps/src/globalheap/zone.cc, 48) Allocated zone_id: 22 extent: (2, 1) 0x7f07ec0c04c8
0000044 | T.0x00007f5d43bfd700 | 2019-06-21, 02:20:16.712618 [info] - (/home/ghosdebd/sparkle/alps/src/globalheap/process_slab_heap.cc, 50) acquire_slab: unlock 2
0000045 | T.0x00007f5d43bfd700 | 2019-06-21, 02:20:16.712623 [info] - (/home/ghosdebd/sparkle/alps/src/globalheap/slab.cc, 56) Allocate block: nvslab: (0xbeef, 0x2c000c04c8) block: 0
0000046 | T.0x00007f5d43bfd700 | 2019-06-21, 02:20:16.712628 [info] - (/home/ghosdebd/sparkle/alps/src/globalheap/slab_heap.cc, 40) Allocate block: new_fullness: 0 old_fullness: 0
0000047 | T.0x00007f5d43bfd700 | 2019-06-21, 02:20:16.712631 [info] - (/home/ghosdebd/sparkle/alps/src/globalheap/globalheap_internal.cc, 391) Allocated block ptr: (0xbeef, 0x2c000c0908) size: 30
0000048 | T.0x00007f5d43bfd700 | 2019-06-21, 02:20:16.712634 [info] - (/home/ghosdebd/sparkle/alps/src/globalheap/globalheap_internal.cc, 380) Allocate block size: 30
0000049 | T.0x00007f5d43bfd700 | 2019-06-21, 02:20:16.712638 [info] - (/home/ghosdebd/sparkle/alps/src/globalheap/globalheap_internal.cc, 400) Allocate block size: 30 ig: 0
0000050 | T.0x00007f5d43bfd700 | 2019-06-21, 02:20:16.712641 [info] - (/home/ghosdebd/sparkle/alps/src/globalheap/memattrib_heap.cc, 59) Allocate block size: 30
0000051 | T.0x00007f5d43bfd700 | 2019-06-21, 02:20:16.712668 [info] - (/home/ghosdebd/sparkle/alps/src/globalheap/slab.cc, 56) Allocate block: nvslab: (0xbeef, 0x2c000c04c8) block: 1
0000052 | T.0x00007f5d43bfd700 | 2019-06-21, 02:20:16.712672 [info] - (/home/ghosdebd/sparkle/alps/src/globalheap/slab_heap.cc, 40) Allocate block: new_fullness: 0 old_fullness: 0
0000053 | T.0x00007f5d43bfd700 | 2019-06-21, 02:20:16.712675 [info] - (/home/ghosdebd/sparkle/alps/src/globalheap/globalheap_internal.cc, 391) Allocated block ptr: (0xbeef, 0x2c000c0928) size: 30
0000054 | T.0x00007f5d43bfd700 | 2019-06-21, 02:20:16.712679 [info] - (/home/ghosdebd/sparkle/alps/src/globalheap/globalheap_internal.cc, 380) Allocate block size: 30
0000055 | T.0x00007f5d43bfd700 | 2019-06-21, 02:20:16.712683 [info] - (/home/ghosdebd/sparkle/alps/src/globalheap/globalheap_internal.cc, 400) Allocate block size: 30 ig: 0
0000056 | T.0x00007f5d43bfd700 | 2019-06-21, 02:20:16.712687 [info] - (/home/ghosdebd/sparkle/alps/src/globalheap/memattrib_heap.cc, 59) Allocate block size: 30
0000057 | T.0x00007f5d43bfd700 | 2019-06-21, 02:20:16.712690 [info] - (/home/ghosdebd/sparkle/alps/src/globalheap/slab.cc, 56) Allocate block: nvslab: (0xbeef, 0x2c000c04c8) block: 2
0000058 | T.0x00007f5d43bfd700 | 2019-06-21, 02:20:16.712694 [info] - (/home/ghosdebd/sparkle/alps/src/globalheap/slab_heap.cc, 40) Allocate block: new_fullness: 0 old_fullness: 0
0000059 | T.0x00007f5d43bfd700 | 2019-06-21, 02:20:16.712697 [info] - (/home/ghosdebd/sparkle/alps/src/globalheap/globalheap_internal.cc, 391) Allocated block ptr: (0xbeef, 0x2c000c0948) size: 30
0000060 | T.0x00007f5d43bfd700 | 2019-06-21, 02:20:16.712701 [info] - (/home/ghosdebd/sparkle/alps/src/globalheap/globalheap_internal.cc, 380) Allocate block size: 60
0000061 | T.0x00007f5d43bfd700 | 2019-06-21, 02:20:16.712704 [info] - (/home/ghosdebd/sparkle/alps/src/globalheap/globalheap_internal.cc, 400) Allocate block size: 60 ig: 0
0000062 | T.0x00007f5d43bfd700 | 2019-06-21, 02:20:16.712707 [info] - (/home/ghosdebd/sparkle/alps/src/globalheap/memattrib_heap.cc, 59) Allocate block size: 60
0000063 | T.0x00007f5d43bfd700 | 2019-06-21, 02:20:16.712710 [info] - (/home/ghosdebd/sparkle/alps/src/globalheap/slab.cc, 56) Allocate block: nvslab: (0xbeef, 0x2c000804c8) block: 1
0000064 | T.0x00007f5d43bfd700 | 2019-06-21, 02:20:16.712714 [info] - (/home/ghosdebd/sparkle/alps/src/globalheap/slab_heap.cc, 40) Allocate block: new_fullness: 0 old_fullness: 0
0000065 | T.0x00007f5d43bfd700 | 2019-06-21, 02:20:16.712717 [info] - (/home/ghosdebd/sparkle/alps/src/globalheap/globalheap_internal.cc, 391) Allocated block ptr: (0xbeef, 0x2c00080748) size: 60
0000066 | T.0x00007f5d43bfd700 | 2019-06-21, 02:20:16.712721 [info] - (/home/ghosdebd/sparkle/alps/src/globalheap/globalheap_internal.cc, 380) Allocate block size: 30
0000067 | T.0x00007f5d43bfd700 | 2019-06-21, 02:20:16.712724 [info] - (/home/ghosdebd/sparkle/alps/src/globalheap/globalheap_internal.cc, 400) Allocate block size: 30 ig: 0
0000068 | T.0x00007f5d43bfd700 | 2019-06-21, 02:20:16.712728 [info] - (/home/ghosdebd/sparkle/alps/src/globalheap/memattrib_heap.cc, 59) Allocate block size: 30
0000069 | T.0x00007f5d43bfd700 | 2019-06-21, 02:20:16.712731 [info] - (/home/ghosdebd/sparkle/alps/src/globalheap/slab.cc, 56) Allocate block: nvslab: (0xbeef, 0x2c000c04c8) block: 3
0000070 | T.0x00007f5d43bfd700 | 2019-06-21, 02:20:16.712734 [info] - (/home/ghosdebd/sparkle/alps/src/globalheap/slab_heap.cc, 40) Allocate block: new_fullness: 0 old_fullness: 0
0000071 | T.0x00007f5d43bfd700 | 2019-06-21, 02:20:16.712737 [info] - (/home/ghosdebd/sparkle/alps/src/globalheap/globalheap_internal.cc, 391) Allocated block ptr: (0xbeef, 0x2c000c0968) size: 30
0000072 | T.0x00007f5d43bfd700 | 2019-06-21, 02:20:16.712740 [info] - (/home/ghosdebd/sparkle/alps/src/globalheap/globalheap_internal.cc, 380) Allocate block size: 30
0000073 | T.0x00007f5d43bfd700 | 2019-06-21, 02:20:16.712743 [info] - (/home/ghosdebd/sparkle/alps/src/globalheap/globalheap_internal.cc, 400) Allocate block size: 30 ig: 0
0000074 | T.0x00007f5d43bfd700 | 2019-06-21, 02:20:16.712747 [info] - (/home/ghosdebd/sparkle/alps/src/globalheap/memattrib_heap.cc, 59) Allocate block size: 30
0000075 | T.0x00007f5d43bfd700 | 2019-06-21, 02:20:16.712750 [info] - (/home/ghosdebd/sparkle/alps/src/globalheap/slab.cc, 56) Allocate block: nvslab: (0xbeef, 0x2c000c04c8) block: 4
0000076 | T.0x00007f5d43bfd700 | 2019-06-21, 02:20:16.712754 [info] - (/home/ghosdebd/sparkle/alps/src/globalheap/slab_heap.cc, 40) Allocate block: new_fullness: 0 old_fullness: 0
0000077 | T.0x00007f5d43bfd700 | 2019-06-21, 02:20:16.712757 [info] - (/home/ghosdebd/sparkle/alps/src/globalheap/globalheap_internal.cc, 391) Allocated block ptr: (0xbeef, 0x2c000c0988) size: 30
0000078 | T.0x00007f5d43bfd700 | 2019-06-21, 02:20:16.712761 [info] - (/home/ghosdebd/sparkle/alps/src/globalheap/globalheap_internal.cc, 380) Allocate block size: 30
0000079 | T.0x00007f5d43bfd700 | 2019-06-21, 02:20:16.712764 [info] - (/home/ghosdebd/sparkle/alps/src/globalheap/globalheap_internal.cc, 400) Allocate block size: 30 ig: 0
0000080 | T.0x00007f5d43bfd700 | 2019-06-21, 02:20:16.712767 [info] - (/home/ghosdebd/sparkle/alps/src/globalheap/memattrib_heap.cc, 59) Allocate block size: 30
0000081 | T.0x00007f5d43bfd700 | 2019-06-21, 02:20:16.712771 [info] - (/home/ghosdebd/sparkle/alps/src/globalheap/slab.cc, 56) Allocate block: nvslab: (0xbeef, 0x2c000c04c8) block: 5
0000082 | T.0x00007f5d43bfd700 | 2019-06-21, 02:20:16.712775 [info] - (/home/ghosdebd/sparkle/alps/src/globalheap/slab_heap.cc, 40) Allocate block: new_fullness: 0 old_fullness: 0
0000083 | T.0x00007f5d43bfd700 | 2019-06-21, 02:20:16.712778 [info] - (/home/ghosdebd/sparkle/alps/src/globalheap/globalheap_internal.cc, 391) Allocated block ptr: (0xbeef, 0x2c000c09a8) size: 30
0000084 | T.0x00007f5d40de8700 | 2019-06-21, 02:20:16.738317 [info] - (/home/ghosdebd/sparkle/alps/src/globalheap/globalheap_internal.cc, 380) Allocate block size: 412
0000085 | T.0x00007f5d40de8700 | 2019-06-21, 02:20:16.738354 [info] - (/home/ghosdebd/sparkle/alps/src/globalheap/globalheap_internal.cc, 400) Allocate block size: 412 ig: 0
0000086 | T.0x00007f5d40de8700 | 2019-06-21, 02:20:16.738362 [info] - (/home/ghosdebd/sparkle/alps/src/globalheap/memattrib_heap.cc, 59) Allocate block size: 412
0000087 | T.0x00007f5d40de8700 | 2019-06-21, 02:20:16.738370 [info] - (/home/ghosdebd/sparkle/alps/src/globalheap/slab.cc, 56) Allocate block: nvslab: (0xbeef, 0x2c000404c8) block: 1
0000088 | T.0x00007f5d40de8700 | 2019-06-21, 02:20:16.738375 [info] - (/home/ghosdebd/sparkle/alps/src/globalheap/slab_heap.cc, 40) Allocate block: new_fullness: 0 old_fullness: 0
0000089 | T.0x00007f5d40de8700 | 2019-06-21, 02:20:16.738379 [info] - (/home/ghosdebd/sparkle/alps/src/globalheap/globalheap_internal.cc, 391) Allocated block ptr: (0xbeef, 0x2c000406e8) size: 412
0000090 | T.0x00007f5d40de8700 | 2019-06-21, 02:20:16.738391 [info] - (/home/ghosdebd/sparkle/alps/src/globalheap/globalheap_internal.cc, 380) Allocate block size: 30
0000091 | T.0x00007f5d40de8700 | 2019-06-21, 02:20:16.738395 [info] - (/home/ghosdebd/sparkle/alps/src/globalheap/globalheap_internal.cc, 400) Allocate block size: 30 ig: 0
0000092 | T.0x00007f5d40de8700 | 2019-06-21, 02:20:16.738398 [info] - (/home/ghosdebd/sparkle/alps/src/globalheap/memattrib_heap.cc, 59) Allocate block size: 30
0000093 | T.0x00007f5d40de8700 | 2019-06-21, 02:20:16.738404 [info] - (/home/ghosdebd/sparkle/alps/src/globalheap/slab.cc, 56) Allocate block: nvslab: (0xbeef, 0x2c000c04c8) block: 6
0000094 | T.0x00007f5d40de8700 | 2019-06-21, 02:20:16.738408 [info] - (/home/ghosdebd/sparkle/alps/src/globalheap/slab_heap.cc, 40) Allocate block: new_fullness: 0 old_fullness: 0
0000095 | T.0x00007f5d40de8700 | 2019-06-21, 02:20:16.738412 [info] - (/home/ghosdebd/sparkle/alps/src/globalheap/globalheap_internal.cc, 391) Allocated block ptr: (0xbeef, 0x2c000c09c8) size: 30
0000096 | T.0x00007f5d40de8700 | 2019-06-21, 02:20:16.738416 [info] - (/home/ghosdebd/sparkle/alps/src/globalheap/globalheap_internal.cc, 380) Allocate block size: 60
0000097 | T.0x00007f5d40de8700 | 2019-06-21, 02:20:16.738419 [info] - (/home/ghosdebd/sparkle/alps/src/globalheap/globalheap_internal.cc, 400) Allocate block size: 60 ig: 0
0000098 | T.0x00007f5d40de8700 | 2019-06-21, 02:20:16.738450 [info] - (/home/ghosdebd/sparkle/alps/src/globalheap/memattrib_heap.cc, 59) Allocate block size: 60
0000099 | T.0x00007f5d40de8700 | 2019-06-21, 02:20:16.738455 [info] - (/home/ghosdebd/sparkle/alps/src/globalheap/slab.cc, 56) Allocate block: nvslab: (0xbeef, 0x2c000804c8) block: 2
0000100 | T.0x00007f5d40de8700 | 2019-06-21, 02:20:16.738459 [info] - (/home/ghosdebd/sparkle/alps/src/globalheap/slab_heap.cc, 40) Allocate block: new_fullness: 0 old_fullness: 0
0000101 | T.0x00007f5d40de8700 | 2019-06-21, 02:20:16.738463 [info] - (/home/ghosdebd/sparkle/alps/src/globalheap/globalheap_internal.cc, 391) Allocated block ptr: (0xbeef, 0x2c00080788) size: 60
0000102 | T.0x00007f5d40de8700 | 2019-06-21, 02:20:16.738467 [info] - (/home/ghosdebd/sparkle/alps/src/globalheap/globalheap_internal.cc, 380) Allocate block size: 30
0000103 | T.0x00007f5d40de8700 | 2019-06-21, 02:20:16.738470 [info] - (/home/ghosdebd/sparkle/alps/src/globalheap/globalheap_internal.cc, 400) Allocate block size: 30 ig: 0
0000104 | T.0x00007f5d40de8700 | 2019-06-21, 02:20:16.738473 [info] - (/home/ghosdebd/sparkle/alps/src/globalheap/memattrib_heap.cc, 59) Allocate block size: 30
0000105 | T.0x00007f5d40de8700 | 2019-06-21, 02:20:16.738477 [info] - (/home/ghosdebd/sparkle/alps/src/globalheap/slab.cc, 56) Allocate block: nvslab: (0xbeef, 0x2c000c04c8) block: 7
0000106 | T.0x00007f5d40de8700 | 2019-06-21, 02:20:16.738482 [info] - (/home/ghosdebd/sparkle/alps/src/globalheap/slab_heap.cc, 40) Allocate block: new_fullness: 0 old_fullness: 0
0000107 | T.0x00007f5d40de8700 | 2019-06-21, 02:20:16.738485 [info] - (/home/ghosdebd/sparkle/alps/src/globalheap/globalheap_internal.cc, 391) Allocated block ptr: (0xbeef, 0x2c000c09e8) size: 30
0000108 | T.0x00007f5d40de8700 | 2019-06-21, 02:20:16.738489 [info] - (/home/ghosdebd/sparkle/alps/src/globalheap/globalheap_internal.cc, 380) Allocate block size: 30
0000109 | T.0x00007f5d40de8700 | 2019-06-21, 02:20:16.738492 [info] - (/home/ghosdebd/sparkle/alps/src/globalheap/globalheap_internal.cc, 400) Allocate block size: 30 ig: 0
0000110 | T.0x00007f5d40de8700 | 2019-06-21, 02:20:16.738495 [info] - (/home/ghosdebd/sparkle/alps/src/globalheap/memattrib_heap.cc, 59) Allocate block size: 30
0000111 | T.0x00007f5d40de8700 | 2019-06-21, 02:20:16.738499 [info] - (/home/ghosdebd/sparkle/alps/src/globalheap/slab.cc, 56) Allocate block: nvslab: (0xbeef, 0x2c000c04c8) block: 8
0000112 | T.0x00007f5d40de8700 | 2019-06-21, 02:20:16.738502 [info] - (/home/ghosdebd/sparkle/alps/src/globalheap/slab_heap.cc, 40) Allocate block: new_fullness: 0 old_fullness: 0
0000113 | T.0x00007f5d40de8700 | 2019-06-21, 02:20:16.738505 [info] - (/home/ghosdebd/sparkle/alps/src/globalheap/globalheap_internal.cc, 391) Allocated block ptr: (0xbeef, 0x2c000c0a08) size: 30
0000114 | T.0x00007f5d40de8700 | 2019-06-21, 02:20:16.738509 [info] - (/home/ghosdebd/sparkle/alps/src/globalheap/globalheap_internal.cc, 380) Allocate block size: 30
0000115 | T.0x00007f5d40de8700 | 2019-06-21, 02:20:16.738512 [info] - (/home/ghosdebd/sparkle/alps/src/globalheap/globalheap_internal.cc, 400) Allocate block size: 30 ig: 0
0000116 | T.0x00007f5d40de8700 | 2019-06-21, 02:20:16.738515 [info] - (/home/ghosdebd/sparkle/alps/src/globalheap/memattrib_heap.cc, 59) Allocate block size: 30
0000117 | T.0x00007f5d40de8700 | 2019-06-21, 02:20:16.738519 [info] - (/home/ghosdebd/sparkle/alps/src/globalheap/slab.cc, 56) Allocate block: nvslab: (0xbeef, 0x2c000c04c8) block: 9
0000118 | T.0x00007f5d40de8700 | 2019-06-21, 02:20:16.738522 [info] - (/home/ghosdebd/sparkle/alps/src/globalheap/slab_heap.cc, 40) Allocate block: new_fullness: 0 old_fullness: 0
0000119 | T.0x00007f5d40de8700 | 2019-06-21, 02:20:16.738525 [info] - (/home/ghosdebd/sparkle/alps/src/globalheap/globalheap_internal.cc, 391) Allocated block ptr: (0xbeef, 0x2c000c0a28) size: 30
0000120 | T.0x00007f5d40de8700 | 2019-06-21, 02:20:16.738529 [info] - (/home/ghosdebd/sparkle/alps/src/globalheap/globalheap_internal.cc, 380) Allocate block size: 60
0000121 | T.0x00007f5d40de8700 | 2019-06-21, 02:20:16.738532 [info] - (/home/ghosdebd/sparkle/alps/src/globalheap/globalheap_internal.cc, 400) Allocate block size: 60 ig: 0
0000122 | T.0x00007f5d40de8700 | 2019-06-21, 02:20:16.738535 [info] - (/home/ghosdebd/sparkle/alps/src/globalheap/memattrib_heap.cc, 59) Allocate block size: 60
0000123 | T.0x00007f5d40de8700 | 2019-06-21, 02:20:16.738539 [info] - (/home/ghosdebd/sparkle/alps/src/globalheap/slab.cc, 56) Allocate block: nvslab: (0xbeef, 0x2c000804c8) block: 3
0000124 | T.0x00007f5d40de8700 | 2019-06-21, 02:20:16.738543 [info] - (/home/ghosdebd/sparkle/alps/src/globalheap/slab_heap.cc, 40) Allocate block: new_fullness: 0 old_fullness: 0
0000125 | T.0x00007f5d40de8700 | 2019-06-21, 02:20:16.738546 [info] - (/home/ghosdebd/sparkle/alps/src/globalheap/globalheap_internal.cc, 391) Allocated block ptr: (0xbeef, 0x2c000807c8) size: 60
0000126 | T.0x00007f5d40de8700 | 2019-06-21, 02:20:16.738550 [info] - (/home/ghosdebd/sparkle/alps/src/globalheap/globalheap_internal.cc, 380) Allocate block size: 30
0000127 | T.0x00007f5d40de8700 | 2019-06-21, 02:20:16.738553 [info] - (/home/ghosdebd/sparkle/alps/src/globalheap/globalheap_internal.cc, 400) Allocate block size: 30 ig: 0
0000128 | T.0x00007f5d40de8700 | 2019-06-21, 02:20:16.738556 [info] - (/home/ghosdebd/sparkle/alps/src/globalheap/memattrib_heap.cc, 59) Allocate block size: 30
0000129 | T.0x00007f5d40de8700 | 2019-06-21, 02:20:16.738560 [info] - (/home/ghosdebd/sparkle/alps/src/globalheap/slab.cc, 56) Allocate block: nvslab: (0xbeef, 0x2c000c04c8) block: 10
0000130 | T.0x00007f5d40de8700 | 2019-06-21, 02:20:16.738564 [info] - (/home/ghosdebd/sparkle/alps/src/globalheap/slab_heap.cc, 40) Allocate block: new_fullness: 0 old_fullness: 0
0000131 | T.0x00007f5d40de8700 | 2019-06-21, 02:20:16.738568 [info] - (/home/ghosdebd/sparkle/alps/src/globalheap/globalheap_internal.cc, 391) Allocated block ptr: (0xbeef, 0x2c000c0a48) size: 30
0000132 | T.0x00007f5d40de8700 | 2019-06-21, 02:20:16.738572 [info] - (/home/ghosdebd/sparkle/alps/src/globalheap/globalheap_internal.cc, 380) Allocate block size: 30
0000133 | T.0x00007f5d40de8700 | 2019-06-21, 02:20:16.738575 [info] - (/home/ghosdebd/sparkle/alps/src/globalheap/globalheap_internal.cc, 400) Allocate block size: 30 ig: 0
0000134 | T.0x00007f5d40de8700 | 2019-06-21, 02:20:16.738578 [info] - (/home/ghosdebd/sparkle/alps/src/globalheap/memattrib_heap.cc, 59) Allocate block size: 30
0000135 | T.0x00007f5d40de8700 | 2019-06-21, 02:20:16.738581 [info] - (/home/ghosdebd/sparkle/alps/src/globalheap/slab.cc, 56) Allocate block: nvslab: (0xbeef, 0x2c000c04c8) block: 11
0000136 | T.0x00007f5d40de8700 | 2019-06-21, 02:20:16.738586 [info] - (/home/ghosdebd/sparkle/alps/src/globalheap/slab_heap.cc, 40) Allocate block: new_fullness: 0 old_fullness: 0
0000137 | T.0x00007f5d40de8700 | 2019-06-21, 02:20:16.738589 [info] - (/home/ghosdebd/sparkle/alps/src/globalheap/globalheap_internal.cc, 391) Allocated block ptr: (0xbeef, 0x2c000c0a68) size: 30
