0000001 | T.0x00007f2ec8999700 | 2019-06-21, 02:20:16.381554 [info] - (/home/ghosdebd/sparkle/alps/src/globalheap/globalheap_internal.cc, 153) Open heap path: /lfs/spark_global0 
0000002 | T.0x00007f2ec8999700 | 2019-06-21, 02:20:16.382434 [info] - (/home/ghosdebd/sparkle/alps/src/pegasus/lfs_region_file.cc, 64) Open LFS region file path: "/lfs/spark_global0" flags: O_RDWR
0000004 | T.0x00007f2ec8999700 | 2019-06-21, 02:20:16.397716 [info] - (/home/ghosdebd/sparkle/alps/src/pegasus/segmap.cc, 39) map region  base_addr: 0x7ead74000000 size: 549755813888 addr_range: 0x7ead74000000--7f2d74000000
0000005 | T.0x00007f2ec8999700 | 2019-06-21, 02:20:16.397786 [info] - (/home/ghosdebd/sparkle/alps/src/globalheap/globalheap_internal.cc, 158) Opened heap path: /lfs/spark_global0  size: 549755813888
0000006 | T.0x00007f2ec8999700 | 2019-06-21, 02:20:17.248409 [info] - (/home/ghosdebd/sparkle/alps/src/globalheap/globalheap_internal.cc, 380) Allocate block size: 412
0000007 | T.0x00007f2ec0ffc700 | 2019-06-21, 02:20:17.248422 [info] - (/home/ghosdebd/sparkle/alps/src/globalheap/globalheap_internal.cc, 380) Allocate block size: 412
0000008 | T.0x00007f2ec0cf9700 | 2019-06-21, 02:20:17.248431 [info] - (/home/ghosdebd/sparkle/alps/src/globalheap/globalheap_internal.cc, 380) Allocate block size: 412
0000010 | T.0x00007f2ec0ffc700 | 2019-06-21, 02:20:17.248471 [info] - (/home/ghosdebd/sparkle/alps/src/globalheap/globalheap_internal.cc, 400) Allocate block size: 412 ig: 0
0000009 | T.0x00007f2ec8999700 | 2019-06-21, 02:20:17.248469 [info] - (/home/ghosdebd/sparkle/alps/src/globalheap/globalheap_internal.cc, 400) Allocate block size: 412 ig: 0
0000011 | T.0x00007f2ec0cf9700 | 2019-06-21, 02:20:17.248477 [info] - (/home/ghosdebd/sparkle/alps/src/globalheap/globalheap_internal.cc, 400) Allocate block size: 412 ig: 0
0000012 | T.0x00007f2ec0ffc700 | 2019-06-21, 02:20:17.248759 [info] - (/home/ghosdebd/sparkle/alps/src/globalheap/memattrib_heap.cc, 59) Allocate block size: 412
0000014 | T.0x00007f2ec0cf9700 | 2019-06-21, 02:20:17.248763 [info] - (/home/ghosdebd/sparkle/alps/src/globalheap/memattrib_heap.cc, 59) Allocate block size: 412
0000013 | T.0x00007f2ec8999700 | 2019-06-21, 02:20:17.248760 [info] - (/home/ghosdebd/sparkle/alps/src/globalheap/memattrib_heap.cc, 59) Allocate block size: 412
0000015 | T.0x00007f2ec0ffc700 | 2019-06-21, 02:20:17.248780 [info] - (/home/ghosdebd/sparkle/alps/src/globalheap/process_slab_heap.cc, 30) acquire_slab
0000016 | T.0x00007f2ec0ffc700 | 2019-06-21, 02:20:17.248787 [info] - (/home/ghosdebd/sparkle/alps/src/globalheap/process_slab_heap.cc, 33) acquire_slab: locked
0000017 | T.0x00007f2ec0ffc700 | 2019-06-21, 02:20:17.248796 [info] - (/home/ghosdebd/sparkle/alps/src/globalheap/extentheap.hh, 116) malloc
0000018 | T.0x00007f2ec0ffc700 | 2019-06-21, 02:20:17.249055 [info] - (/home/ghosdebd/sparkle/alps/src/globalheap/zone.hh, 40) NVZONE: 0x7ef174000400
0000019 | T.0x00007f2ec0ffc700 | 2019-06-21, 02:20:17.249065 [info] - (/home/ghosdebd/sparkle/alps/src/globalheap/zone.hh, 41) NVZONE: ID: 34
0000020 | T.0x00007f2ec0ffc700 | 2019-06-21, 02:20:17.250693 [info] - (/home/ghosdebd/sparkle/alps/src/globalheap/extentmap.cc, 88) INSERT: (0, 32766)
0000021 | T.0x00007f2ec0ffc700 | 2019-06-21, 02:20:17.250721 [info] - (/home/ghosdebd/sparkle/alps/src/globalheap/zone_heap.hh, 153) Acquired zone: 34
0000022 | T.0x00007f2ec0ffc700 | 2019-06-21, 02:20:17.250728 [info] - (/home/ghosdebd/sparkle/alps/src/globalheap/zone.hh, 72) Enumerate zone: 34
0000023 | T.0x00007f2ec0ffc700 | 2019-06-21, 02:20:17.252235 [info] - (/home/ghosdebd/sparkle/alps/src/globalheap/extentheap.hh, 116) malloc
0000024 | T.0x00007f2ec0ffc700 | 2019-06-21, 02:20:17.252250 [info] - (/home/ghosdebd/sparkle/alps/src/globalheap/extentmap.cc, 88) INSERT: (1, 32765)
0000025 | T.0x00007f2ec0ffc700 | 2019-06-21, 02:20:17.252255 [info] - (/home/ghosdebd/sparkle/alps/src/globalheap/zone.cc, 48) Allocated zone_id: 34 extent: (0, 1) 0x7ef1740404c8
0000026 | T.0x00007f2ec0ffc700 | 2019-06-21, 02:20:17.252302 [info] - (/home/ghosdebd/sparkle/alps/src/globalheap/process_slab_heap.cc, 50) acquire_slab: unlock 2
0000027 | T.0x00007f2ec0ffc700 | 2019-06-21, 02:20:17.252321 [info] - (/home/ghosdebd/sparkle/alps/src/globalheap/slab.cc, 56) Allocate block: nvslab: (0xbeef, 0x44000404c8) block: 0
0000028 | T.0x00007f2ec0ffc700 | 2019-06-21, 02:20:17.252327 [info] - (/home/ghosdebd/sparkle/alps/src/globalheap/slab_heap.cc, 40) Allocate block: new_fullness: 0 old_fullness: 0
0000029 | T.0x00007f2ec0ffc700 | 2019-06-21, 02:20:17.252336 [info] - (/home/ghosdebd/sparkle/alps/src/globalheap/globalheap_internal.cc, 391) Allocated block ptr: (0xbeef, 0x4400040548) size: 412
0000030 | T.0x00007f2ec0cf9700 | 2019-06-21, 02:20:17.252341 [info] - (/home/ghosdebd/sparkle/alps/src/globalheap/slab.cc, 56) Allocate block: nvslab: (0xbeef, 0x44000404c8) block: 1
0000031 | T.0x00007f2ec0cf9700 | 2019-06-21, 02:20:17.252348 [info] - (/home/ghosdebd/sparkle/alps/src/globalheap/slab_heap.cc, 40) Allocate block: new_fullness: 0 old_fullness: 0
0000032 | T.0x00007f2ec0cf9700 | 2019-06-21, 02:20:17.252354 [info] - (/home/ghosdebd/sparkle/alps/src/globalheap/globalheap_internal.cc, 391) Allocated block ptr: (0xbeef, 0x44000406e8) size: 412
0000033 | T.0x00007f2ec8999700 | 2019-06-21, 02:20:17.252358 [info] - (/home/ghosdebd/sparkle/alps/src/globalheap/slab.cc, 56) Allocate block: nvslab: (0xbeef, 0x44000404c8) block: 2
0000034 | T.0x00007f2ec0ffc700 | 2019-06-21, 02:20:17.252364 [info] - (/home/ghosdebd/sparkle/alps/src/globalheap/globalheap_internal.cc, 380) Allocate block size: 30
0000035 | T.0x00007f2ec8999700 | 2019-06-21, 02:20:17.252365 [info] - (/home/ghosdebd/sparkle/alps/src/globalheap/slab_heap.cc, 40) Allocate block: new_fullness: 0 old_fullness: 0
0000036 | T.0x00007f2ec0cf9700 | 2019-06-21, 02:20:17.252366 [info] - (/home/ghosdebd/sparkle/alps/src/globalheap/globalheap_internal.cc, 380) Allocate block size: 30
0000037 | T.0x00007f2ec0ffc700 | 2019-06-21, 02:20:17.252371 [info] - (/home/ghosdebd/sparkle/alps/src/globalheap/globalheap_internal.cc, 400) Allocate block size: 30 ig: 0
0000038 | T.0x00007f2ec8999700 | 2019-06-21, 02:20:17.252377 [info] - (/home/ghosdebd/sparkle/alps/src/globalheap/globalheap_internal.cc, 391) Allocated block ptr: (0xbeef, 0x4400040888) size: 412
0000039 | T.0x00007f2ec0cf9700 | 2019-06-21, 02:20:17.252381 [info] - (/home/ghosdebd/sparkle/alps/src/globalheap/globalheap_internal.cc, 400) Allocate block size: 30 ig: 0
0000040 | T.0x00007f2ec0ffc700 | 2019-06-21, 02:20:17.252387 [info] - (/home/ghosdebd/sparkle/alps/src/globalheap/memattrib_heap.cc, 59) Allocate block size: 30
0000041 | T.0x00007f2ec0cf9700 | 2019-06-21, 02:20:17.252396 [info] - (/home/ghosdebd/sparkle/alps/src/globalheap/memattrib_heap.cc, 59) Allocate block size: 30
0000042 | T.0x00007f2ec8999700 | 2019-06-21, 02:20:17.252397 [info] - (/home/ghosdebd/sparkle/alps/src/globalheap/globalheap_internal.cc, 380) Allocate block size: 30
0000043 | T.0x00007f2ec0ffc700 | 2019-06-21, 02:20:17.252402 [info] - (/home/ghosdebd/sparkle/alps/src/globalheap/process_slab_heap.cc, 30) acquire_slab
0000044 | T.0x00007f2ec8999700 | 2019-06-21, 02:20:17.252412 [info] - (/home/ghosdebd/sparkle/alps/src/globalheap/globalheap_internal.cc, 400) Allocate block size: 30 ig: 0
0000045 | T.0x00007f2ec0ffc700 | 2019-06-21, 02:20:17.252417 [info] - (/home/ghosdebd/sparkle/alps/src/globalheap/process_slab_heap.cc, 33) acquire_slab: locked
0000046 | T.0x00007f2ec8999700 | 2019-06-21, 02:20:17.252422 [info] - (/home/ghosdebd/sparkle/alps/src/globalheap/memattrib_heap.cc, 59) Allocate block size: 30
0000047 | T.0x00007f2ec0ffc700 | 2019-06-21, 02:20:17.252427 [info] - (/home/ghosdebd/sparkle/alps/src/globalheap/extentheap.hh, 116) malloc
0000048 | T.0x00007f2ec0ffc700 | 2019-06-21, 02:20:17.252436 [info] - (/home/ghosdebd/sparkle/alps/src/globalheap/extentmap.cc, 88) INSERT: (2, 32764)
0000049 | T.0x00007f2ec0ffc700 | 2019-06-21, 02:20:17.252441 [info] - (/home/ghosdebd/sparkle/alps/src/globalheap/zone.cc, 48) Allocated zone_id: 34 extent: (1, 1) 0x7ef1740804c8
0000050 | T.0x00007f2ec0ffc700 | 2019-06-21, 02:20:17.252698 [info] - (/home/ghosdebd/sparkle/alps/src/globalheap/process_slab_heap.cc, 50) acquire_slab: unlock 2
0000051 | T.0x00007f2ec0ffc700 | 2019-06-21, 02:20:17.252755 [info] - (/home/ghosdebd/sparkle/alps/src/globalheap/slab.cc, 56) Allocate block: nvslab: (0xbeef, 0x44000804c8) block: 0
0000052 | T.0x00007f2ec0ffc700 | 2019-06-21, 02:20:17.252760 [info] - (/home/ghosdebd/sparkle/alps/src/globalheap/slab_heap.cc, 40) Allocate block: new_fullness: 0 old_fullness: 0
0000053 | T.0x00007f2ec0ffc700 | 2019-06-21, 02:20:17.252765 [info] - (/home/ghosdebd/sparkle/alps/src/globalheap/globalheap_internal.cc, 391) Allocated block ptr: (0xbeef, 0x4400080908) size: 30
0000054 | T.0x00007f2ec0cf9700 | 2019-06-21, 02:20:17.252768 [info] - (/home/ghosdebd/sparkle/alps/src/globalheap/slab.cc, 56) Allocate block: nvslab: (0xbeef, 0x44000804c8) block: 1
0000055 | T.0x00007f2ec0ffc700 | 2019-06-21, 02:20:17.252770 [info] - (/home/ghosdebd/sparkle/alps/src/globalheap/globalheap_internal.cc, 380) Allocate block size: 30
0000056 | T.0x00007f2ec0cf9700 | 2019-06-21, 02:20:17.252775 [info] - (/home/ghosdebd/sparkle/alps/src/globalheap/slab_heap.cc, 40) Allocate block: new_fullness: 0 old_fullness: 0
0000057 | T.0x00007f2ec0ffc700 | 2019-06-21, 02:20:17.252780 [info] - (/home/ghosdebd/sparkle/alps/src/globalheap/globalheap_internal.cc, 400) Allocate block size: 30 ig: 0
0000059 | T.0x00007f2ec8999700 | 2019-06-21, 02:20:17.252790 [info] - (/home/ghosdebd/sparkle/alps/src/globalheap/slab.cc, 56) Allocate block: nvslab: (0xbeef, 0x44000804c8) block: 2
0000058 | T.0x00007f2ec0cf9700 | 2019-06-21, 02:20:17.252787 [info] - (/home/ghosdebd/sparkle/alps/src/globalheap/globalheap_internal.cc, 391) Allocated block ptr: (0xbeef, 0x4400080928) size: 30
0000060 | T.0x00007f2ec0ffc700 | 2019-06-21, 02:20:17.252792 [info] - (/home/ghosdebd/sparkle/alps/src/globalheap/memattrib_heap.cc, 59) Allocate block size: 30
0000061 | T.0x00007f2ec8999700 | 2019-06-21, 02:20:17.252797 [info] - (/home/ghosdebd/sparkle/alps/src/globalheap/slab_heap.cc, 40) Allocate block: new_fullness: 0 old_fullness: 0
0000062 | T.0x00007f2ec0cf9700 | 2019-06-21, 02:20:17.252802 [info] - (/home/ghosdebd/sparkle/alps/src/globalheap/globalheap_internal.cc, 380) Allocate block size: 30
0000063 | T.0x00007f2ec8999700 | 2019-06-21, 02:20:17.252814 [info] - (/home/ghosdebd/sparkle/alps/src/globalheap/globalheap_internal.cc, 391) Allocated block ptr: (0xbeef, 0x4400080948) size: 30
0000065 | T.0x00007f2ec0cf9700 | 2019-06-21, 02:20:17.252817 [info] - (/home/ghosdebd/sparkle/alps/src/globalheap/globalheap_internal.cc, 400) Allocate block size: 30 ig: 0
0000064 | T.0x00007f2ec0ffc700 | 2019-06-21, 02:20:17.252816 [info] - (/home/ghosdebd/sparkle/alps/src/globalheap/slab.cc, 56) Allocate block: nvslab: (0xbeef, 0x44000804c8) block: 3
0000066 | T.0x00007f2ec8999700 | 2019-06-21, 02:20:17.252819 [info] - (/home/ghosdebd/sparkle/alps/src/globalheap/globalheap_internal.cc, 380) Allocate block size: 30
0000067 | T.0x00007f2ec0cf9700 | 2019-06-21, 02:20:17.252824 [info] - (/home/ghosdebd/sparkle/alps/src/globalheap/memattrib_heap.cc, 59) Allocate block size: 30
0000068 | T.0x00007f2ec0ffc700 | 2019-06-21, 02:20:17.252829 [info] - (/home/ghosdebd/sparkle/alps/src/globalheap/slab_heap.cc, 40) Allocate block: new_fullness: 0 old_fullness: 0
0000069 | T.0x00007f2ec8999700 | 2019-06-21, 02:20:17.252833 [info] - (/home/ghosdebd/sparkle/alps/src/globalheap/globalheap_internal.cc, 400) Allocate block size: 30 ig: 0
0000071 | T.0x00007f2ec0cf9700 | 2019-06-21, 02:20:17.252846 [info] - (/home/ghosdebd/sparkle/alps/src/globalheap/slab.cc, 56) Allocate block: nvslab: (0xbeef, 0x44000804c8) block: 4
0000070 | T.0x00007f2ec0ffc700 | 2019-06-21, 02:20:17.252844 [info] - (/home/ghosdebd/sparkle/alps/src/globalheap/globalheap_internal.cc, 391) Allocated block ptr: (0xbeef, 0x4400080968) size: 30
0000072 | T.0x00007f2ec8999700 | 2019-06-21, 02:20:17.252849 [info] - (/home/ghosdebd/sparkle/alps/src/globalheap/memattrib_heap.cc, 59) Allocate block size: 30
0000073 | T.0x00007f2ec0cf9700 | 2019-06-21, 02:20:17.252853 [info] - (/home/ghosdebd/sparkle/alps/src/globalheap/slab_heap.cc, 40) Allocate block: new_fullness: 0 old_fullness: 0
0000074 | T.0x00007f2ec0ffc700 | 2019-06-21, 02:20:17.252858 [info] - (/home/ghosdebd/sparkle/alps/src/globalheap/globalheap_internal.cc, 380) Allocate block size: 30
0000075 | T.0x00007f2ec0cf9700 | 2019-06-21, 02:20:17.252869 [info] - (/home/ghosdebd/sparkle/alps/src/globalheap/globalheap_internal.cc, 391) Allocated block ptr: (0xbeef, 0x4400080988) size: 30
0000077 | T.0x00007f2ec0ffc700 | 2019-06-21, 02:20:17.252872 [info] - (/home/ghosdebd/sparkle/alps/src/globalheap/globalheap_internal.cc, 400) Allocate block size: 30 ig: 0
0000076 | T.0x00007f2ec8999700 | 2019-06-21, 02:20:17.252872 [info] - (/home/ghosdebd/sparkle/alps/src/globalheap/slab.cc, 56) Allocate block: nvslab: (0xbeef, 0x44000804c8) block: 5
0000078 | T.0x00007f2ec0cf9700 | 2019-06-21, 02:20:17.252874 [info] - (/home/ghosdebd/sparkle/alps/src/globalheap/globalheap_internal.cc, 380) Allocate block size: 30
0000079 | T.0x00007f2ec0ffc700 | 2019-06-21, 02:20:17.252879 [info] - (/home/ghosdebd/sparkle/alps/src/globalheap/memattrib_heap.cc, 59) Allocate block size: 30
0000080 | T.0x00007f2ec8999700 | 2019-06-21, 02:20:17.252884 [info] - (/home/ghosdebd/sparkle/alps/src/globalheap/slab_heap.cc, 40) Allocate block: new_fullness: 0 old_fullness: 0
0000081 | T.0x00007f2ec0cf9700 | 2019-06-21, 02:20:17.252888 [info] - (/home/ghosdebd/sparkle/alps/src/globalheap/globalheap_internal.cc, 400) Allocate block size: 30 ig: 0
0000082 | T.0x00007f2ec8999700 | 2019-06-21, 02:20:17.252899 [info] - (/home/ghosdebd/sparkle/alps/src/globalheap/globalheap_internal.cc, 391) Allocated block ptr: (0xbeef, 0x44000809a8) size: 30
0000084 | T.0x00007f2ec0cf9700 | 2019-06-21, 02:20:17.252902 [info] - (/home/ghosdebd/sparkle/alps/src/globalheap/memattrib_heap.cc, 59) Allocate block size: 30
0000083 | T.0x00007f2ec0ffc700 | 2019-06-21, 02:20:17.252901 [info] - (/home/ghosdebd/sparkle/alps/src/globalheap/slab.cc, 56) Allocate block: nvslab: (0xbeef, 0x44000804c8) block: 6
0000085 | T.0x00007f2ec8999700 | 2019-06-21, 02:20:17.252904 [info] - (/home/ghosdebd/sparkle/alps/src/globalheap/globalheap_internal.cc, 380) Allocate block size: 30
0000086 | T.0x00007f2ec0ffc700 | 2019-06-21, 02:20:17.252913 [info] - (/home/ghosdebd/sparkle/alps/src/globalheap/slab_heap.cc, 40) Allocate block: new_fullness: 0 old_fullness: 0
0000087 | T.0x00007f2ec8999700 | 2019-06-21, 02:20:17.252916 [info] - (/home/ghosdebd/sparkle/alps/src/globalheap/globalheap_internal.cc, 400) Allocate block size: 30 ig: 0
0000088 | T.0x00007f2ec0ffc700 | 2019-06-21, 02:20:17.252919 [info] - (/home/ghosdebd/sparkle/alps/src/globalheap/globalheap_internal.cc, 391) Allocated block ptr: (0xbeef, 0x44000809c8) size: 30
0000090 | T.0x00007f2ec8999700 | 2019-06-21, 02:20:17.252922 [info] - (/home/ghosdebd/sparkle/alps/src/globalheap/memattrib_heap.cc, 59) Allocate block size: 30
0000091 | T.0x00007f2ec0ffc700 | 2019-06-21, 02:20:17.252924 [info] - (/home/ghosdebd/sparkle/alps/src/globalheap/globalheap_internal.cc, 380) Allocate block size: 30
0000089 | T.0x00007f2ec0cf9700 | 2019-06-21, 02:20:17.252921 [info] - (/home/ghosdebd/sparkle/alps/src/globalheap/slab.cc, 56) Allocate block: nvslab: (0xbeef, 0x44000804c8) block: 7
0000092 | T.0x00007f2ec0ffc700 | 2019-06-21, 02:20:17.252929 [info] - (/home/ghosdebd/sparkle/alps/src/globalheap/globalheap_internal.cc, 400) Allocate block size: 30 ig: 0
0000093 | T.0x00007f2ec0cf9700 | 2019-06-21, 02:20:17.252933 [info] - (/home/ghosdebd/sparkle/alps/src/globalheap/slab_heap.cc, 40) Allocate block: new_fullness: 0 old_fullness: 0
0000094 | T.0x00007f2ec0ffc700 | 2019-06-21, 02:20:17.252938 [info] - (/home/ghosdebd/sparkle/alps/src/globalheap/memattrib_heap.cc, 59) Allocate block size: 30
0000095 | T.0x00007f2ec0cf9700 | 2019-06-21, 02:20:17.252944 [info] - (/home/ghosdebd/sparkle/alps/src/globalheap/globalheap_internal.cc, 391) Allocated block ptr: (0xbeef, 0x44000809e8) size: 30
0000096 | T.0x00007f2ec8999700 | 2019-06-21, 02:20:17.252947 [info] - (/home/ghosdebd/sparkle/alps/src/globalheap/slab.cc, 56) Allocate block: nvslab: (0xbeef, 0x44000804c8) block: 8
0000097 | T.0x00007f2ec0cf9700 | 2019-06-21, 02:20:17.252949 [info] - (/home/ghosdebd/sparkle/alps/src/globalheap/globalheap_internal.cc, 380) Allocate block size: 60
0000098 | T.0x00007f2ec8999700 | 2019-06-21, 02:20:17.252954 [info] - (/home/ghosdebd/sparkle/alps/src/globalheap/slab_heap.cc, 40) Allocate block: new_fullness: 0 old_fullness: 0
0000099 | T.0x00007f2ec0cf9700 | 2019-06-21, 02:20:17.252980 [info] - (/home/ghosdebd/sparkle/alps/src/globalheap/globalheap_internal.cc, 400) Allocate block size: 60 ig: 0
0000101 | T.0x00007f2ec0ffc700 | 2019-06-21, 02:20:17.252988 [info] - (/home/ghosdebd/sparkle/alps/src/globalheap/slab.cc, 56) Allocate block: nvslab: (0xbeef, 0x44000804c8) block: 9
0000100 | T.0x00007f2ec8999700 | 2019-06-21, 02:20:17.252986 [info] - (/home/ghosdebd/sparkle/alps/src/globalheap/globalheap_internal.cc, 391) Allocated block ptr: (0xbeef, 0x4400080a08) size: 30
0000102 | T.0x00007f2ec0cf9700 | 2019-06-21, 02:20:17.252990 [info] - (/home/ghosdebd/sparkle/alps/src/globalheap/memattrib_heap.cc, 59) Allocate block size: 60
0000103 | T.0x00007f2ec0ffc700 | 2019-06-21, 02:20:17.252995 [info] - (/home/ghosdebd/sparkle/alps/src/globalheap/slab_heap.cc, 40) Allocate block: new_fullness: 0 old_fullness: 0
0000104 | T.0x00007f2ec8999700 | 2019-06-21, 02:20:17.253000 [info] - (/home/ghosdebd/sparkle/alps/src/globalheap/globalheap_internal.cc, 380) Allocate block size: 30
0000105 | T.0x00007f2ec0ffc700 | 2019-06-21, 02:20:17.253010 [info] - (/home/ghosdebd/sparkle/alps/src/globalheap/globalheap_internal.cc, 391) Allocated block ptr: (0xbeef, 0x4400080a28) size: 30
0000107 | T.0x00007f2ec8999700 | 2019-06-21, 02:20:17.253013 [info] - (/home/ghosdebd/sparkle/alps/src/globalheap/globalheap_internal.cc, 400) Allocate block size: 30 ig: 0
0000108 | T.0x00007f2ec0ffc700 | 2019-06-21, 02:20:17.253015 [info] - (/home/ghosdebd/sparkle/alps/src/globalheap/globalheap_internal.cc, 380) Allocate block size: 30
0000109 | T.0x00007f2ec8999700 | 2019-06-21, 02:20:17.253019 [info] - (/home/ghosdebd/sparkle/alps/src/globalheap/memattrib_heap.cc, 59) Allocate block size: 30
0000110 | T.0x00007f2ec0ffc700 | 2019-06-21, 02:20:17.253022 [info] - (/home/ghosdebd/sparkle/alps/src/globalheap/globalheap_internal.cc, 400) Allocate block size: 30 ig: 0
0000106 | T.0x00007f2ec0cf9700 | 2019-06-21, 02:20:17.253012 [info] - (/home/ghosdebd/sparkle/alps/src/globalheap/process_slab_heap.cc, 30) acquire_slab
0000111 | T.0x00007f2ec0ffc700 | 2019-06-21, 02:20:17.253027 [info] - (/home/ghosdebd/sparkle/alps/src/globalheap/memattrib_heap.cc, 59) Allocate block size: 30
0000112 | T.0x00007f2ec0cf9700 | 2019-06-21, 02:20:17.253032 [info] - (/home/ghosdebd/sparkle/alps/src/globalheap/process_slab_heap.cc, 33) acquire_slab: locked
0000113 | T.0x00007f2ec0cf9700 | 2019-06-21, 02:20:17.253041 [info] - (/home/ghosdebd/sparkle/alps/src/globalheap/extentheap.hh, 116) malloc
0000114 | T.0x00007f2ec0cf9700 | 2019-06-21, 02:20:17.253046 [info] - (/home/ghosdebd/sparkle/alps/src/globalheap/extentmap.cc, 88) INSERT: (3, 32763)
0000115 | T.0x00007f2ec0cf9700 | 2019-06-21, 02:20:17.253052 [info] - (/home/ghosdebd/sparkle/alps/src/globalheap/zone.cc, 48) Allocated zone_id: 34 extent: (2, 1) 0x7ef1740c04c8
0000116 | T.0x00007f2ec0cf9700 | 2019-06-21, 02:20:17.253269 [info] - (/home/ghosdebd/sparkle/alps/src/globalheap/process_slab_heap.cc, 50) acquire_slab: unlock 2
0000117 | T.0x00007f2ec0cf9700 | 2019-06-21, 02:20:17.253276 [info] - (/home/ghosdebd/sparkle/alps/src/globalheap/slab.cc, 56) Allocate block: nvslab: (0xbeef, 0x44000c04c8) block: 0
0000118 | T.0x00007f2ec0cf9700 | 2019-06-21, 02:20:17.253280 [info] - (/home/ghosdebd/sparkle/alps/src/globalheap/slab_heap.cc, 40) Allocate block: new_fullness: 0 old_fullness: 0
0000119 | T.0x00007f2ec0cf9700 | 2019-06-21, 02:20:17.253285 [info] - (/home/ghosdebd/sparkle/alps/src/globalheap/globalheap_internal.cc, 391) Allocated block ptr: (0xbeef, 0x44000c0708) size: 60
0000120 | T.0x00007f2ec0cf9700 | 2019-06-21, 02:20:17.253290 [info] - (/home/ghosdebd/sparkle/alps/src/globalheap/globalheap_internal.cc, 380) Allocate block size: 90
0000121 | T.0x00007f2ec8999700 | 2019-06-21, 02:20:17.253290 [info] - (/home/ghosdebd/sparkle/alps/src/globalheap/slab.cc, 56) Allocate block: nvslab: (0xbeef, 0x44000804c8) block: 10
0000122 | T.0x00007f2ec0cf9700 | 2019-06-21, 02:20:17.253295 [info] - (/home/ghosdebd/sparkle/alps/src/globalheap/globalheap_internal.cc, 400) Allocate block size: 90 ig: 0
0000123 | T.0x00007f2ec8999700 | 2019-06-21, 02:20:17.253298 [info] - (/home/ghosdebd/sparkle/alps/src/globalheap/slab_heap.cc, 40) Allocate block: new_fullness: 0 old_fullness: 0
0000124 | T.0x00007f2ec0cf9700 | 2019-06-21, 02:20:17.253301 [info] - (/home/ghosdebd/sparkle/alps/src/globalheap/memattrib_heap.cc, 59) Allocate block size: 90
0000125 | T.0x00007f2ec8999700 | 2019-06-21, 02:20:17.253305 [info] - (/home/ghosdebd/sparkle/alps/src/globalheap/globalheap_internal.cc, 391) Allocated block ptr: (0xbeef, 0x4400080a48) size: 30
0000126 | T.0x00007f2ec0cf9700 | 2019-06-21, 02:20:17.253306 [info] - (/home/ghosdebd/sparkle/alps/src/globalheap/process_slab_heap.cc, 30) acquire_slab
0000127 | T.0x00007f2ec8999700 | 2019-06-21, 02:20:17.253311 [info] - (/home/ghosdebd/sparkle/alps/src/globalheap/globalheap_internal.cc, 380) Allocate block size: 60
0000128 | T.0x00007f2ec0cf9700 | 2019-06-21, 02:20:17.253316 [info] - (/home/ghosdebd/sparkle/alps/src/globalheap/process_slab_heap.cc, 33) acquire_slab: locked
0000129 | T.0x00007f2ec8999700 | 2019-06-21, 02:20:17.253321 [info] - (/home/ghosdebd/sparkle/alps/src/globalheap/globalheap_internal.cc, 400) Allocate block size: 60 ig: 0
0000130 | T.0x00007f2ec0cf9700 | 2019-06-21, 02:20:17.253326 [info] - (/home/ghosdebd/sparkle/alps/src/globalheap/extentheap.hh, 116) malloc
0000131 | T.0x00007f2ec8999700 | 2019-06-21, 02:20:17.253331 [info] - (/home/ghosdebd/sparkle/alps/src/globalheap/memattrib_heap.cc, 59) Allocate block size: 60
0000132 | T.0x00007f2ec0cf9700 | 2019-06-21, 02:20:17.253336 [info] - (/home/ghosdebd/sparkle/alps/src/globalheap/extentmap.cc, 88) INSERT: (4, 32762)
0000133 | T.0x00007f2ec0cf9700 | 2019-06-21, 02:20:17.253346 [info] - (/home/ghosdebd/sparkle/alps/src/globalheap/zone.cc, 48) Allocated zone_id: 34 extent: (3, 1) 0x7ef1741004c8
0000134 | T.0x00007f2ec0cf9700 | 2019-06-21, 02:20:17.253444 [info] - (/home/ghosdebd/sparkle/alps/src/globalheap/process_slab_heap.cc, 50) acquire_slab: unlock 2
0000135 | T.0x00007f2ec0cf9700 | 2019-06-21, 02:20:17.253448 [info] - (/home/ghosdebd/sparkle/alps/src/globalheap/slab.cc, 56) Allocate block: nvslab: (0xbeef, 0x44001004c8) block: 0
0000136 | T.0x00007f2ec0cf9700 | 2019-06-21, 02:20:17.253452 [info] - (/home/ghosdebd/sparkle/alps/src/globalheap/slab_heap.cc, 40) Allocate block: new_fullness: 0 old_fullness: 0
0000137 | T.0x00007f2ec0cf9700 | 2019-06-21, 02:20:17.253457 [info] - (/home/ghosdebd/sparkle/alps/src/globalheap/globalheap_internal.cc, 391) Allocated block ptr: (0xbeef, 0x4400100648) size: 90
0000138 | T.0x00007f2ec0ffc700 | 2019-06-21, 02:20:17.253459 [info] - (/home/ghosdebd/sparkle/alps/src/globalheap/slab.cc, 56) Allocate block: nvslab: (0xbeef, 0x44000804c8) block: 11
0000139 | T.0x00007f2ec0cf9700 | 2019-06-21, 02:20:17.253462 [info] - (/home/ghosdebd/sparkle/alps/src/globalheap/globalheap_internal.cc, 380) Allocate block size: 30
0000140 | T.0x00007f2ec0ffc700 | 2019-06-21, 02:20:17.253465 [info] - (/home/ghosdebd/sparkle/alps/src/globalheap/slab_heap.cc, 40) Allocate block: new_fullness: 0 old_fullness: 0
0000141 | T.0x00007f2ec0cf9700 | 2019-06-21, 02:20:17.253467 [info] - (/home/ghosdebd/sparkle/alps/src/globalheap/globalheap_internal.cc, 400) Allocate block size: 30 ig: 0
0000142 | T.0x00007f2ec0ffc700 | 2019-06-21, 02:20:17.253471 [info] - (/home/ghosdebd/sparkle/alps/src/globalheap/globalheap_internal.cc, 391) Allocated block ptr: (0xbeef, 0x4400080a68) size: 30
0000144 | T.0x00007f2ec8999700 | 2019-06-21, 02:20:17.253474 [info] - (/home/ghosdebd/sparkle/alps/src/globalheap/slab.cc, 56) Allocate block: nvslab: (0xbeef, 0x44000c04c8) block: 1
0000145 | T.0x00007f2ec0ffc700 | 2019-06-21, 02:20:17.253477 [info] - (/home/ghosdebd/sparkle/alps/src/globalheap/globalheap_internal.cc, 380) Allocate block size: 30
0000143 | T.0x00007f2ec0cf9700 | 2019-06-21, 02:20:17.253472 [info] - (/home/ghosdebd/sparkle/alps/src/globalheap/memattrib_heap.cc, 59) Allocate block size: 30
0000146 | T.0x00007f2ec8999700 | 2019-06-21, 02:20:17.253481 [info] - (/home/ghosdebd/sparkle/alps/src/globalheap/slab_heap.cc, 40) Allocate block: new_fullness: 0 old_fullness: 0
0000147 | T.0x00007f2ec0ffc700 | 2019-06-21, 02:20:17.253483 [info] - (/home/ghosdebd/sparkle/alps/src/globalheap/globalheap_internal.cc, 400) Allocate block size: 30 ig: 0
0000148 | T.0x00007f2ec8999700 | 2019-06-21, 02:20:17.253504 [info] - (/home/ghosdebd/sparkle/alps/src/globalheap/globalheap_internal.cc, 391) Allocated block ptr: (0xbeef, 0x44000c0748) size: 60
0000150 | T.0x00007f2ec0ffc700 | 2019-06-21, 02:20:17.253507 [info] - (/home/ghosdebd/sparkle/alps/src/globalheap/memattrib_heap.cc, 59) Allocate block size: 30
0000149 | T.0x00007f2ec0cf9700 | 2019-06-21, 02:20:17.253506 [info] - (/home/ghosdebd/sparkle/alps/src/globalheap/slab.cc, 56) Allocate block: nvslab: (0xbeef, 0x44000804c8) block: 12
0000151 | T.0x00007f2ec8999700 | 2019-06-21, 02:20:17.253509 [info] - (/home/ghosdebd/sparkle/alps/src/globalheap/globalheap_internal.cc, 380) Allocate block size: 60
0000152 | T.0x00007f2ec0cf9700 | 2019-06-21, 02:20:17.253518 [info] - (/home/ghosdebd/sparkle/alps/src/globalheap/slab_heap.cc, 40) Allocate block: new_fullness: 0 old_fullness: 0
0000153 | T.0x00007f2ec8999700 | 2019-06-21, 02:20:17.253523 [info] - (/home/ghosdebd/sparkle/alps/src/globalheap/globalheap_internal.cc, 400) Allocate block size: 60 ig: 0
0000154 | T.0x00007f2ec0cf9700 | 2019-06-21, 02:20:17.253529 [info] - (/home/ghosdebd/sparkle/alps/src/globalheap/globalheap_internal.cc, 391) Allocated block ptr: (0xbeef, 0x4400080a88) size: 30
0000156 | T.0x00007f2ec8999700 | 2019-06-21, 02:20:17.253532 [info] - (/home/ghosdebd/sparkle/alps/src/globalheap/memattrib_heap.cc, 59) Allocate block size: 60
0000155 | T.0x00007f2ec0ffc700 | 2019-06-21, 02:20:17.253532 [info] - (/home/ghosdebd/sparkle/alps/src/globalheap/slab.cc, 56) Allocate block: nvslab: (0xbeef, 0x44000804c8) block: 13
0000157 | T.0x00007f2ec0cf9700 | 2019-06-21, 02:20:17.253534 [info] - (/home/ghosdebd/sparkle/alps/src/globalheap/globalheap_internal.cc, 380) Allocate block size: 30
0000158 | T.0x00007f2ec0ffc700 | 2019-06-21, 02:20:17.253543 [info] - (/home/ghosdebd/sparkle/alps/src/globalheap/slab_heap.cc, 40) Allocate block: new_fullness: 0 old_fullness: 0
0000159 | T.0x00007f2ec0cf9700 | 2019-06-21, 02:20:17.253548 [info] - (/home/ghosdebd/sparkle/alps/src/globalheap/globalheap_internal.cc, 400) Allocate block size: 30 ig: 0
0000161 | T.0x00007f2ec8999700 | 2019-06-21, 02:20:17.253556 [info] - (/home/ghosdebd/sparkle/alps/src/globalheap/slab.cc, 56) Allocate block: nvslab: (0xbeef, 0x44000c04c8) block: 2
0000160 | T.0x00007f2ec0ffc700 | 2019-06-21, 02:20:17.253554 [info] - (/home/ghosdebd/sparkle/alps/src/globalheap/globalheap_internal.cc, 391) Allocated block ptr: (0xbeef, 0x4400080aa8) size: 30
0000162 | T.0x00007f2ec0cf9700 | 2019-06-21, 02:20:17.253559 [info] - (/home/ghosdebd/sparkle/alps/src/globalheap/memattrib_heap.cc, 59) Allocate block size: 30
0000163 | T.0x00007f2ec8999700 | 2019-06-21, 02:20:17.253563 [info] - (/home/ghosdebd/sparkle/alps/src/globalheap/slab_heap.cc, 40) Allocate block: new_fullness: 0 old_fullness: 0
0000164 | T.0x00007f2ec0ffc700 | 2019-06-21, 02:20:17.253568 [info] - (/home/ghosdebd/sparkle/alps/src/globalheap/globalheap_internal.cc, 380) Allocate block size: 30
0000165 | T.0x00007f2ec8999700 | 2019-06-21, 02:20:17.253579 [info] - (/home/ghosdebd/sparkle/alps/src/globalheap/globalheap_internal.cc, 391) Allocated block ptr: (0xbeef, 0x44000c0788) size: 60
0000167 | T.0x00007f2ec0ffc700 | 2019-06-21, 02:20:17.253582 [info] - (/home/ghosdebd/sparkle/alps/src/globalheap/globalheap_internal.cc, 400) Allocate block size: 30 ig: 0
0000166 | T.0x00007f2ec0cf9700 | 2019-06-21, 02:20:17.253581 [info] - (/home/ghosdebd/sparkle/alps/src/globalheap/slab.cc, 56) Allocate block: nvslab: (0xbeef, 0x44000804c8) block: 14
0000168 | T.0x00007f2ec8999700 | 2019-06-21, 02:20:17.253583 [info] - (/home/ghosdebd/sparkle/alps/src/globalheap/globalheap_internal.cc, 380) Allocate block size: 30
0000169 | T.0x00007f2ec0ffc700 | 2019-06-21, 02:20:17.253589 [info] - (/home/ghosdebd/sparkle/alps/src/globalheap/memattrib_heap.cc, 59) Allocate block size: 30
0000170 | T.0x00007f2ec0cf9700 | 2019-06-21, 02:20:17.253593 [info] - (/home/ghosdebd/sparkle/alps/src/globalheap/slab_heap.cc, 40) Allocate block: new_fullness: 0 old_fullness: 0
0000171 | T.0x00007f2ec8999700 | 2019-06-21, 02:20:17.253599 [info] - (/home/ghosdebd/sparkle/alps/src/globalheap/globalheap_internal.cc, 400) Allocate block size: 30 ig: 0
0000172 | T.0x00007f2ec0cf9700 | 2019-06-21, 02:20:17.253610 [info] - (/home/ghosdebd/sparkle/alps/src/globalheap/globalheap_internal.cc, 391) Allocated block ptr: (0xbeef, 0x4400080ac8) size: 30
0000174 | T.0x00007f2ec8999700 | 2019-06-21, 02:20:17.253612 [info] - (/home/ghosdebd/sparkle/alps/src/globalheap/memattrib_heap.cc, 59) Allocate block size: 30
0000173 | T.0x00007f2ec0ffc700 | 2019-06-21, 02:20:17.253612 [info] - (/home/ghosdebd/sparkle/alps/src/globalheap/slab.cc, 56) Allocate block: nvslab: (0xbeef, 0x44000804c8) block: 15
0000175 | T.0x00007f2ec0ffc700 | 2019-06-21, 02:20:17.253623 [info] - (/home/ghosdebd/sparkle/alps/src/globalheap/slab_heap.cc, 40) Allocate block: new_fullness: 0 old_fullness: 0
0000176 | T.0x00007f2ec0ffc700 | 2019-06-21, 02:20:17.253629 [info] - (/home/ghosdebd/sparkle/alps/src/globalheap/globalheap_internal.cc, 391) Allocated block ptr: (0xbeef, 0x4400080ae8) size: 30
0000177 | T.0x00007f2ec8999700 | 2019-06-21, 02:20:17.253631 [info] - (/home/ghosdebd/sparkle/alps/src/globalheap/slab.cc, 56) Allocate block: nvslab: (0xbeef, 0x44000804c8) block: 16
0000178 | T.0x00007f2ec0ffc700 | 2019-06-21, 02:20:17.253633 [info] - (/home/ghosdebd/sparkle/alps/src/globalheap/globalheap_internal.cc, 380) Allocate block size: 30
0000179 | T.0x00007f2ec8999700 | 2019-06-21, 02:20:17.253638 [info] - (/home/ghosdebd/sparkle/alps/src/globalheap/slab_heap.cc, 40) Allocate block: new_fullness: 0 old_fullness: 0
0000180 | T.0x00007f2ec0ffc700 | 2019-06-21, 02:20:17.253647 [info] - (/home/ghosdebd/sparkle/alps/src/globalheap/globalheap_internal.cc, 400) Allocate block size: 30 ig: 0
0000181 | T.0x00007f2ec8999700 | 2019-06-21, 02:20:17.253653 [info] - (/home/ghosdebd/sparkle/alps/src/globalheap/globalheap_internal.cc, 391) Allocated block ptr: (0xbeef, 0x4400080b08) size: 30
0000182 | T.0x00007f2ec0ffc700 | 2019-06-21, 02:20:17.253657 [info] - (/home/ghosdebd/sparkle/alps/src/globalheap/memattrib_heap.cc, 59) Allocate block size: 30
0000183 | T.0x00007f2ec8999700 | 2019-06-21, 02:20:17.253662 [info] - (/home/ghosdebd/sparkle/alps/src/globalheap/globalheap_internal.cc, 380) Allocate block size: 30
0000184 | T.0x00007f2ec0ffc700 | 2019-06-21, 02:20:17.253668 [info] - (/home/ghosdebd/sparkle/alps/src/globalheap/slab.cc, 56) Allocate block: nvslab: (0xbeef, 0x44000804c8) block: 17
0000185 | T.0x00007f2ec8999700 | 2019-06-21, 02:20:17.253673 [info] - (/home/ghosdebd/sparkle/alps/src/globalheap/globalheap_internal.cc, 400) Allocate block size: 30 ig: 0
0000186 | T.0x00007f2ec0ffc700 | 2019-06-21, 02:20:17.253679 [info] - (/home/ghosdebd/sparkle/alps/src/globalheap/slab_heap.cc, 40) Allocate block: new_fullness: 0 old_fullness: 0
0000187 | T.0x00007f2ec8999700 | 2019-06-21, 02:20:17.253683 [info] - (/home/ghosdebd/sparkle/alps/src/globalheap/memattrib_heap.cc, 59) Allocate block size: 30
0000188 | T.0x00007f2ec0ffc700 | 2019-06-21, 02:20:17.253688 [info] - (/home/ghosdebd/sparkle/alps/src/globalheap/globalheap_internal.cc, 391) Allocated block ptr: (0xbeef, 0x4400080b28) size: 30
0000189 | T.0x00007f2ec8999700 | 2019-06-21, 02:20:17.253693 [info] - (/home/ghosdebd/sparkle/alps/src/globalheap/slab.cc, 56) Allocate block: nvslab: (0xbeef, 0x44000804c8) block: 18
0000190 | T.0x00007f2ec0ffc700 | 2019-06-21, 02:20:17.253698 [info] - (/home/ghosdebd/sparkle/alps/src/globalheap/globalheap_internal.cc, 380) Allocate block size: 60
0000191 | T.0x00007f2ec8999700 | 2019-06-21, 02:20:17.253703 [info] - (/home/ghosdebd/sparkle/alps/src/globalheap/slab_heap.cc, 40) Allocate block: new_fullness: 0 old_fullness: 0
0000192 | T.0x00007f2ec0ffc700 | 2019-06-21, 02:20:17.253708 [info] - (/home/ghosdebd/sparkle/alps/src/globalheap/globalheap_internal.cc, 400) Allocate block size: 60 ig: 0
0000193 | T.0x00007f2ec8999700 | 2019-06-21, 02:20:17.253713 [info] - (/home/ghosdebd/sparkle/alps/src/globalheap/globalheap_internal.cc, 391) Allocated block ptr: (0xbeef, 0x4400080b48) size: 30
0000194 | T.0x00007f2ec0ffc700 | 2019-06-21, 02:20:17.253727 [info] - (/home/ghosdebd/sparkle/alps/src/globalheap/memattrib_heap.cc, 59) Allocate block size: 60
0000195 | T.0x00007f2ec0ffc700 | 2019-06-21, 02:20:17.253737 [info] - (/home/ghosdebd/sparkle/alps/src/globalheap/slab.cc, 56) Allocate block: nvslab: (0xbeef, 0x44000c04c8) block: 3
0000196 | T.0x00007f2ec0ffc700 | 2019-06-21, 02:20:17.253741 [info] - (/home/ghosdebd/sparkle/alps/src/globalheap/slab_heap.cc, 40) Allocate block: new_fullness: 0 old_fullness: 0
0000197 | T.0x00007f2ec0ffc700 | 2019-06-21, 02:20:17.253744 [info] - (/home/ghosdebd/sparkle/alps/src/globalheap/globalheap_internal.cc, 391) Allocated block ptr: (0xbeef, 0x44000c07c8) size: 60
