Java HotSpot(TM) 64-Bit Server VM warning: sched_getaffinity failed (Invalid argument)- using online processor count (576) which may exceed available processors
Java HotSpot(TM) 64-Bit Server VM warning: sched_getaffinity failed (Invalid argument)- using online processor count (576) which may exceed available processors
Java HotSpot(TM) 64-Bit Server VM warning: sched_getaffinity failed (Invalid argument)- using online processor count (576) which may exceed available processors
Java HotSpot(TM) 64-Bit Server VM warning: sched_getaffinity failed (Invalid argument)- using online processor count (576) which may exceed available processors
Spark Command: /opt/jdk1.8.0_131/jre/bin/java -cp /var/tmp/spark2.0hpcplatform/multicore/worker24/conf/:/var/tmp/spark2.0hpcplatform/multicore/worker24/assembly/target/scala-2.11/jars/*:/opt/hadoop/etc/hadoop/ -Xmx1g org.apache.spark.deploy.worker.Worker --webui-port 8129 spark://mdc-ch1-cust4:7077 -h mdc-ch1-cust4
========================================
Java HotSpot(TM) 64-Bit Server VM warning: sched_getaffinity failed (Invalid argument)- using online processor count (576) which may exceed available processors
Java HotSpot(TM) 64-Bit Server VM warning: sched_getaffinity failed (Invalid argument)- using online processor count (576) which may exceed available processors
Java HotSpot(TM) 64-Bit Server VM warning: sched_getaffinity failed (Invalid argument)- using online processor count (576) which may exceed available processors
Java HotSpot(TM) 64-Bit Server VM warning: sched_getaffinity failed (Invalid argument)- using online processor count (576) which may exceed available processors
19/06/19 06:40:42 INFO worker.Worker: Started daemon with process name: 288068@mdc-ch1-cust4
19/06/19 06:40:42 INFO util.SignalUtils: Registered signal handler for TERM
19/06/19 06:40:42 INFO util.SignalUtils: Registered signal handler for HUP
19/06/19 06:40:42 INFO util.SignalUtils: Registered signal handler for INT
Java HotSpot(TM) 64-Bit Server VM warning: sched_getaffinity failed (Invalid argument)- using online processor count (576) which may exceed available processors
Java HotSpot(TM) 64-Bit Server VM warning: sched_getaffinity failed (Invalid argument)- using online processor count (576) which may exceed available processors
19/06/19 06:40:42 WARN util.NativeCodeLoader: Unable to load native-hadoop library for your platform... using builtin-java classes where applicable
19/06/19 06:40:42 INFO spark.SecurityManager: Changing view acls to: root
19/06/19 06:40:42 INFO spark.SecurityManager: Changing modify acls to: root
19/06/19 06:40:42 INFO spark.SecurityManager: Changing view acls groups to: 
19/06/19 06:40:42 INFO spark.SecurityManager: Changing modify acls groups to: 
19/06/19 06:40:42 INFO spark.SecurityManager: SecurityManager: authentication disabled; ui acls disabled; users  with view permissions: Set(root); groups with view permissions: Set(); users  with modify permissions: Set(root); groups with modify permissions: Set()
Java HotSpot(TM) 64-Bit Server VM warning: sched_getaffinity failed (Invalid argument)- using online processor count (576) which may exceed available processors
Java HotSpot(TM) 64-Bit Server VM warning: sched_getaffinity failed (Invalid argument)- using online processor count (576) which may exceed available processors
Java HotSpot(TM) 64-Bit Server VM warning: sched_getaffinity failed (Invalid argument)- using online processor count (576) which may exceed available processors
Java HotSpot(TM) 64-Bit Server VM warning: sched_getaffinity failed (Invalid argument)- using online processor count (576) which may exceed available processors
19/06/19 06:40:43 INFO util.Utils: Successfully started service 'sparkWorker' on port 42833.
Java HotSpot(TM) 64-Bit Server VM warning: sched_getaffinity failed (Invalid argument)- using online processor count (576) which may exceed available processors
19/06/19 06:40:43 INFO worker.Worker: Starting Spark worker mdc-ch1-cust4:42833 with 576 cores, 22.9 TB RAM
19/06/19 06:40:43 INFO worker.Worker: Running Spark version 2.4.0
19/06/19 06:40:43 INFO worker.Worker: Spark home: /var/tmp/spark2.0hpcplatform/multicore/worker24
19/06/19 06:40:43 INFO util.log: Logging initialized @1647ms
19/06/19 06:40:43 INFO server.Server: jetty-9.3.z-SNAPSHOT, build timestamp: unknown, git hash: unknown
19/06/19 06:40:43 INFO server.Server: Started @1692ms
Java HotSpot(TM) 64-Bit Server VM warning: sched_getaffinity failed (Invalid argument)- using online processor count (576) which may exceed available processors
Java HotSpot(TM) 64-Bit Server VM warning: sched_getaffinity failed (Invalid argument)- using online processor count (576) which may exceed available processors
19/06/19 06:40:43 INFO server.AbstractConnector: Started ServerConnector@25095571{HTTP/1.1,[http/1.1]}{0.0.0.0:8129}
19/06/19 06:40:43 INFO util.Utils: Successfully started service 'WorkerUI' on port 8129.
19/06/19 06:40:43 INFO handler.ContextHandler: Started o.s.j.s.ServletContextHandler@669fb208{/logPage,null,AVAILABLE,@Spark}
19/06/19 06:40:43 INFO handler.ContextHandler: Started o.s.j.s.ServletContextHandler@5572eafe{/logPage/json,null,AVAILABLE,@Spark}
19/06/19 06:40:43 INFO handler.ContextHandler: Started o.s.j.s.ServletContextHandler@263a5d5a{/,null,AVAILABLE,@Spark}
19/06/19 06:40:43 INFO handler.ContextHandler: Started o.s.j.s.ServletContextHandler@147b2150{/json,null,AVAILABLE,@Spark}
19/06/19 06:40:43 INFO handler.ContextHandler: Started o.s.j.s.ServletContextHandler@561c1c3b{/static,null,AVAILABLE,@Spark}
19/06/19 06:40:43 INFO handler.ContextHandler: Started o.s.j.s.ServletContextHandler@749ae4d6{/log,null,AVAILABLE,@Spark}
19/06/19 06:40:43 INFO ui.WorkerWebUI: Bound WorkerWebUI to 0.0.0.0, and started at http://mdc-ch1-cust4.mdc.ext.hpe.com:8129
19/06/19 06:40:43 INFO worker.Worker: Connecting to master mdc-ch1-cust4:7077...
19/06/19 06:40:43 INFO handler.ContextHandler: Started o.s.j.s.ServletContextHandler@1e86347e{/metrics/json,null,AVAILABLE,@Spark}
19/06/19 06:40:43 INFO client.TransportClientFactory: Successfully created connection to mdc-ch1-cust4/10.1.1.4:7077 after 22 ms (0 ms spent in bootstraps)
19/06/19 06:40:43 INFO worker.Worker: Successfully registered with master spark://mdc-ch1-cust4.mdc.ext.hpe.com:7077
19/06/19 06:45:08 INFO worker.Worker: Asked to launch executor app-20190619064508-0000/92 for TeraSort
19/06/19 06:45:08 INFO spark.SecurityManager: Changing view acls to: root
19/06/19 06:45:08 INFO spark.SecurityManager: Changing modify acls to: root
19/06/19 06:45:08 INFO spark.SecurityManager: Changing view acls groups to: 
19/06/19 06:45:08 INFO spark.SecurityManager: Changing modify acls groups to: 
19/06/19 06:45:08 INFO spark.SecurityManager: SecurityManager: authentication disabled; ui acls disabled; users  with view permissions: Set(root); groups with view permissions: Set(); users  with modify permissions: Set(root); groups with modify permissions: Set()
19/06/19 06:45:08 INFO worker.Worker: Asked to launch executor app-20190619064508-0000/93 for TeraSort
19/06/19 06:45:08 INFO spark.SecurityManager: Changing view acls to: root
19/06/19 06:45:08 INFO spark.SecurityManager: Changing modify acls to: root
19/06/19 06:45:08 INFO spark.SecurityManager: Changing view acls groups to: 
19/06/19 06:45:08 INFO spark.SecurityManager: Changing modify acls groups to: 
19/06/19 06:45:08 INFO spark.SecurityManager: SecurityManager: authentication disabled; ui acls disabled; users  with view permissions: Set(root); groups with view permissions: Set(); users  with modify permissions: Set(root); groups with modify permissions: Set()
19/06/19 06:45:08 INFO worker.ExecutorRunner: Launch command: "/opt/jdk1.8.0_131/jre/bin/java" "-cp" "/var/tmp/spark2.0hpcplatform/lib/firesteel-2.4.0.jar:/var/tmp/spark2.0hpcplatform/multicore/worker24/conf/:/var/tmp/spark2.0hpcplatform/multicore/worker24/assembly/target/scala-2.11/jars/*:/opt/hadoop/etc/hadoop/" "-Xmx8192M" "-Dspark.driver.port=36071" "-Dspark.rpc.netty.dispatcher.numThreads=10" "-XX:-UseBiasedLocking" "org.apache.spark.executor.CoarseGrainedExecutorBackend" "--driver-url" "spark://CoarseGrainedScheduler@mdc-ch1-cust4.mdc.ext.hpe.com:36071" "--executor-id" "92" "--hostname" "mdc-ch1-cust4" "--cores" "4" "--app-id" "app-20190619064508-0000" "--worker-url" "spark://Worker@mdc-ch1-cust4:42833"
19/06/19 06:45:08 INFO worker.ExecutorRunner: Launch command: "/opt/jdk1.8.0_131/jre/bin/java" "-cp" "/var/tmp/spark2.0hpcplatform/lib/firesteel-2.4.0.jar:/var/tmp/spark2.0hpcplatform/multicore/worker24/conf/:/var/tmp/spark2.0hpcplatform/multicore/worker24/assembly/target/scala-2.11/jars/*:/opt/hadoop/etc/hadoop/" "-Xmx8192M" "-Dspark.driver.port=36071" "-Dspark.rpc.netty.dispatcher.numThreads=10" "-XX:-UseBiasedLocking" "org.apache.spark.executor.CoarseGrainedExecutorBackend" "--driver-url" "spark://CoarseGrainedScheduler@mdc-ch1-cust4.mdc.ext.hpe.com:36071" "--executor-id" "93" "--hostname" "mdc-ch1-cust4" "--cores" "4" "--app-id" "app-20190619064508-0000" "--worker-url" "spark://Worker@mdc-ch1-cust4:42833"
19/06/19 06:54:34 INFO worker.Worker: Asked to kill executor app-20190619064508-0000/92
19/06/19 06:54:34 INFO worker.Worker: Asked to kill executor app-20190619064508-0000/93
19/06/19 06:54:34 INFO worker.ExecutorRunner: Runner thread for executor app-20190619064508-0000/92 interrupted
19/06/19 06:54:34 INFO worker.ExecutorRunner: Runner thread for executor app-20190619064508-0000/93 interrupted
19/06/19 06:54:34 INFO worker.ExecutorRunner: Killing process!
19/06/19 06:54:34 INFO worker.ExecutorRunner: Killing process!
19/06/19 06:54:46 INFO worker.Worker: Executor app-20190619064508-0000/92 finished with state KILLED exitStatus 137
19/06/19 06:54:46 INFO shuffle.ExternalShuffleBlockResolver: Clean up non-shuffle files associated with the finished executor 92
19/06/19 06:54:46 INFO shuffle.ExternalShuffleBlockResolver: Executor is not registered (appId=app-20190619064508-0000, execId=92)
19/06/19 06:54:47 INFO worker.Worker: Executor app-20190619064508-0000/93 finished with state KILLED exitStatus 137
19/06/19 06:54:47 INFO shuffle.ExternalShuffleBlockResolver: Clean up non-shuffle files associated with the finished executor 93
19/06/19 06:54:47 INFO shuffle.ExternalShuffleBlockResolver: Executor is not registered (appId=app-20190619064508-0000, execId=93)
19/06/19 06:54:47 INFO shuffle.ExternalShuffleBlockResolver: Application app-20190619064508-0000 removed, cleanupLocalDirs = true
19/06/19 06:54:47 INFO worker.Worker: Cleaning up local directories for application app-20190619064508-0000
19/06/19 06:57:26 INFO worker.Worker: Asked to launch executor app-20190619065726-0001/92 for TeraSort
19/06/19 06:57:26 INFO spark.SecurityManager: Changing view acls to: root
19/06/19 06:57:26 INFO spark.SecurityManager: Changing modify acls to: root
19/06/19 06:57:26 INFO spark.SecurityManager: Changing view acls groups to: 
19/06/19 06:57:26 INFO spark.SecurityManager: Changing modify acls groups to: 
19/06/19 06:57:26 INFO spark.SecurityManager: SecurityManager: authentication disabled; ui acls disabled; users  with view permissions: Set(root); groups with view permissions: Set(); users  with modify permissions: Set(root); groups with modify permissions: Set()
19/06/19 06:57:26 INFO worker.Worker: Asked to launch executor app-20190619065726-0001/93 for TeraSort
19/06/19 06:57:26 INFO spark.SecurityManager: Changing view acls to: root
19/06/19 06:57:26 INFO spark.SecurityManager: Changing modify acls to: root
19/06/19 06:57:26 INFO spark.SecurityManager: Changing view acls groups to: 
19/06/19 06:57:26 INFO spark.SecurityManager: Changing modify acls groups to: 
19/06/19 06:57:26 INFO spark.SecurityManager: SecurityManager: authentication disabled; ui acls disabled; users  with view permissions: Set(root); groups with view permissions: Set(); users  with modify permissions: Set(root); groups with modify permissions: Set()
19/06/19 06:57:26 INFO worker.ExecutorRunner: Launch command: "/opt/jdk1.8.0_131/jre/bin/java" "-cp" "/var/tmp/spark2.0hpcplatform/lib/firesteel-2.4.0.jar:/var/tmp/spark2.0hpcplatform/multicore/worker24/conf/:/var/tmp/spark2.0hpcplatform/multicore/worker24/assembly/target/scala-2.11/jars/*:/opt/hadoop/etc/hadoop/" "-Xmx8192M" "-Dspark.driver.port=45085" "-Dspark.rpc.netty.dispatcher.numThreads=10" "-XX:-UseBiasedLocking" "org.apache.spark.executor.CoarseGrainedExecutorBackend" "--driver-url" "spark://CoarseGrainedScheduler@mdc-ch1-cust4.mdc.ext.hpe.com:45085" "--executor-id" "92" "--hostname" "mdc-ch1-cust4" "--cores" "4" "--app-id" "app-20190619065726-0001" "--worker-url" "spark://Worker@mdc-ch1-cust4:42833"
19/06/19 06:57:26 INFO worker.ExecutorRunner: Launch command: "/opt/jdk1.8.0_131/jre/bin/java" "-cp" "/var/tmp/spark2.0hpcplatform/lib/firesteel-2.4.0.jar:/var/tmp/spark2.0hpcplatform/multicore/worker24/conf/:/var/tmp/spark2.0hpcplatform/multicore/worker24/assembly/target/scala-2.11/jars/*:/opt/hadoop/etc/hadoop/" "-Xmx8192M" "-Dspark.driver.port=45085" "-Dspark.rpc.netty.dispatcher.numThreads=10" "-XX:-UseBiasedLocking" "org.apache.spark.executor.CoarseGrainedExecutorBackend" "--driver-url" "spark://CoarseGrainedScheduler@mdc-ch1-cust4.mdc.ext.hpe.com:45085" "--executor-id" "93" "--hostname" "mdc-ch1-cust4" "--cores" "4" "--app-id" "app-20190619065726-0001" "--worker-url" "spark://Worker@mdc-ch1-cust4:42833"
19/06/19 07:05:26 INFO worker.Worker: Asked to kill executor app-20190619065726-0001/92
19/06/19 07:05:26 INFO worker.ExecutorRunner: Runner thread for executor app-20190619065726-0001/92 interrupted
19/06/19 07:05:26 INFO worker.Worker: Asked to launch executor app-20190619065726-0001/111 for TeraSort
19/06/19 07:05:26 INFO worker.ExecutorRunner: Killing process!
19/06/19 07:05:26 INFO spark.SecurityManager: Changing view acls to: root
19/06/19 07:05:26 INFO spark.SecurityManager: Changing modify acls to: root
19/06/19 07:05:26 INFO spark.SecurityManager: Changing view acls groups to: 
19/06/19 07:05:26 INFO spark.SecurityManager: Changing modify acls groups to: 
19/06/19 07:05:26 INFO spark.SecurityManager: SecurityManager: authentication disabled; ui acls disabled; users  with view permissions: Set(root); groups with view permissions: Set(); users  with modify permissions: Set(root); groups with modify permissions: Set()
19/06/19 07:05:27 INFO worker.ExecutorRunner: Launch command: "/opt/jdk1.8.0_131/jre/bin/java" "-cp" "/var/tmp/spark2.0hpcplatform/lib/firesteel-2.4.0.jar:/var/tmp/spark2.0hpcplatform/multicore/worker24/conf/:/var/tmp/spark2.0hpcplatform/multicore/worker24/assembly/target/scala-2.11/jars/*:/opt/hadoop/etc/hadoop/" "-Xmx8192M" "-Dspark.driver.port=45085" "-Dspark.rpc.netty.dispatcher.numThreads=10" "-XX:-UseBiasedLocking" "org.apache.spark.executor.CoarseGrainedExecutorBackend" "--driver-url" "spark://CoarseGrainedScheduler@mdc-ch1-cust4.mdc.ext.hpe.com:45085" "--executor-id" "111" "--hostname" "mdc-ch1-cust4" "--cores" "4" "--app-id" "app-20190619065726-0001" "--worker-url" "spark://Worker@mdc-ch1-cust4:42833"
19/06/19 07:05:46 WARN util.Utils: Timed out waiting to forcibly kill process
19/06/19 07:05:46 WARN worker.ExecutorRunner: Failed to terminate process: java.lang.UNIXProcess@3abd742a. This process will likely be orphaned.
19/06/19 07:05:46 INFO worker.Worker: Executor app-20190619065726-0001/92 finished with state KILLED
19/06/19 07:05:46 INFO shuffle.ExternalShuffleBlockResolver: Clean up non-shuffle files associated with the finished executor 92
19/06/19 07:05:46 INFO shuffle.ExternalShuffleBlockResolver: Executor is not registered (appId=app-20190619065726-0001, execId=92)
19/06/19 07:28:26 INFO worker.Worker: Asked to kill executor app-20190619065726-0001/111
19/06/19 07:28:26 INFO worker.ExecutorRunner: Runner thread for executor app-20190619065726-0001/111 interrupted
19/06/19 07:28:26 INFO worker.ExecutorRunner: Killing process!
19/06/19 07:28:26 INFO worker.Worker: Asked to launch executor app-20190619065726-0001/168 for TeraSort
19/06/19 07:28:26 INFO spark.SecurityManager: Changing view acls to: root
19/06/19 07:28:26 INFO spark.SecurityManager: Changing modify acls to: root
19/06/19 07:28:26 INFO spark.SecurityManager: Changing view acls groups to: 
19/06/19 07:28:26 INFO spark.SecurityManager: Changing modify acls groups to: 
19/06/19 07:28:26 INFO spark.SecurityManager: SecurityManager: authentication disabled; ui acls disabled; users  with view permissions: Set(root); groups with view permissions: Set(); users  with modify permissions: Set(root); groups with modify permissions: Set()
19/06/19 07:28:26 INFO worker.ExecutorRunner: Launch command: "/opt/jdk1.8.0_131/jre/bin/java" "-cp" "/var/tmp/spark2.0hpcplatform/lib/firesteel-2.4.0.jar:/var/tmp/spark2.0hpcplatform/multicore/worker24/conf/:/var/tmp/spark2.0hpcplatform/multicore/worker24/assembly/target/scala-2.11/jars/*:/opt/hadoop/etc/hadoop/" "-Xmx8192M" "-Dspark.driver.port=45085" "-Dspark.rpc.netty.dispatcher.numThreads=10" "-XX:-UseBiasedLocking" "org.apache.spark.executor.CoarseGrainedExecutorBackend" "--driver-url" "spark://CoarseGrainedScheduler@mdc-ch1-cust4.mdc.ext.hpe.com:45085" "--executor-id" "168" "--hostname" "mdc-ch1-cust4" "--cores" "4" "--app-id" "app-20190619065726-0001" "--worker-url" "spark://Worker@mdc-ch1-cust4:42833"
19/06/19 07:28:46 WARN util.Utils: Timed out waiting to forcibly kill process
19/06/19 07:28:46 WARN worker.ExecutorRunner: Failed to terminate process: java.lang.UNIXProcess@26c200ae. This process will likely be orphaned.
19/06/19 07:28:46 INFO worker.Worker: Executor app-20190619065726-0001/111 finished with state KILLED
19/06/19 07:28:46 INFO shuffle.ExternalShuffleBlockResolver: Clean up non-shuffle files associated with the finished executor 111
19/06/19 07:28:46 INFO shuffle.ExternalShuffleBlockResolver: Executor is not registered (appId=app-20190619065726-0001, execId=111)
19/06/19 07:30:26 INFO worker.Worker: Asked to kill executor app-20190619065726-0001/93
19/06/19 07:30:26 INFO worker.ExecutorRunner: Runner thread for executor app-20190619065726-0001/93 interrupted
19/06/19 07:30:26 INFO worker.ExecutorRunner: Killing process!
19/06/19 07:30:26 INFO worker.Worker: Asked to launch executor app-20190619065726-0001/182 for TeraSort
19/06/19 07:30:27 INFO spark.SecurityManager: Changing view acls to: root
19/06/19 07:30:27 INFO spark.SecurityManager: Changing modify acls to: root
19/06/19 07:30:27 INFO spark.SecurityManager: Changing view acls groups to: 
19/06/19 07:30:27 INFO spark.SecurityManager: Changing modify acls groups to: 
19/06/19 07:30:27 INFO spark.SecurityManager: SecurityManager: authentication disabled; ui acls disabled; users  with view permissions: Set(root); groups with view permissions: Set(); users  with modify permissions: Set(root); groups with modify permissions: Set()
19/06/19 07:30:27 INFO worker.ExecutorRunner: Launch command: "/opt/jdk1.8.0_131/jre/bin/java" "-cp" "/var/tmp/spark2.0hpcplatform/lib/firesteel-2.4.0.jar:/var/tmp/spark2.0hpcplatform/multicore/worker24/conf/:/var/tmp/spark2.0hpcplatform/multicore/worker24/assembly/target/scala-2.11/jars/*:/opt/hadoop/etc/hadoop/" "-Xmx8192M" "-Dspark.driver.port=45085" "-Dspark.rpc.netty.dispatcher.numThreads=10" "-XX:-UseBiasedLocking" "org.apache.spark.executor.CoarseGrainedExecutorBackend" "--driver-url" "spark://CoarseGrainedScheduler@mdc-ch1-cust4.mdc.ext.hpe.com:45085" "--executor-id" "182" "--hostname" "mdc-ch1-cust4" "--cores" "4" "--app-id" "app-20190619065726-0001" "--worker-url" "spark://Worker@mdc-ch1-cust4:42833"
19/06/19 07:30:46 WARN util.Utils: Timed out waiting to forcibly kill process
19/06/19 07:30:46 WARN worker.ExecutorRunner: Failed to terminate process: java.lang.UNIXProcess@7888f771. This process will likely be orphaned.
19/06/19 07:30:46 INFO worker.Worker: Executor app-20190619065726-0001/93 finished with state KILLED
19/06/19 07:30:46 INFO shuffle.ExternalShuffleBlockResolver: Clean up non-shuffle files associated with the finished executor 93
19/06/19 07:30:46 INFO shuffle.ExternalShuffleBlockResolver: Executor is not registered (appId=app-20190619065726-0001, execId=93)
19/06/19 07:42:06 INFO worker.Worker: Asked to kill executor app-20190619065726-0001/182
19/06/19 07:42:06 INFO worker.ExecutorRunner: Runner thread for executor app-20190619065726-0001/182 interrupted
19/06/19 07:42:06 INFO worker.ExecutorRunner: Killing process!
19/06/19 07:42:06 INFO worker.Worker: Asked to kill executor app-20190619065726-0001/168
19/06/19 07:42:06 INFO worker.ExecutorRunner: Runner thread for executor app-20190619065726-0001/168 interrupted
19/06/19 07:42:06 INFO worker.ExecutorRunner: Killing process!
19/06/19 07:42:21 INFO worker.Worker: Executor app-20190619065726-0001/168 finished with state KILLED exitStatus 137
19/06/19 07:42:21 INFO shuffle.ExternalShuffleBlockResolver: Clean up non-shuffle files associated with the finished executor 168
19/06/19 07:42:21 INFO shuffle.ExternalShuffleBlockResolver: Executor is not registered (appId=app-20190619065726-0001, execId=168)
19/06/19 07:42:22 INFO worker.Worker: Executor app-20190619065726-0001/182 finished with state KILLED exitStatus 137
19/06/19 07:42:22 INFO shuffle.ExternalShuffleBlockResolver: Clean up non-shuffle files associated with the finished executor 182
19/06/19 07:42:22 INFO shuffle.ExternalShuffleBlockResolver: Executor is not registered (appId=app-20190619065726-0001, execId=182)
19/06/19 07:42:22 INFO shuffle.ExternalShuffleBlockResolver: Application app-20190619065726-0001 removed, cleanupLocalDirs = true
19/06/19 07:42:22 INFO worker.Worker: Cleaning up local directories for application app-20190619065726-0001
19/06/19 07:56:14 INFO worker.Worker: Asked to launch executor app-20190619075614-0002/364 for TeraSort
19/06/19 07:56:14 INFO worker.Worker: Asked to launch executor app-20190619075614-0002/365 for TeraSort
19/06/19 07:56:14 INFO worker.Worker: Asked to launch executor app-20190619075614-0002/366 for TeraSort
19/06/19 07:56:14 INFO spark.SecurityManager: Changing view acls to: root
19/06/19 07:56:14 INFO spark.SecurityManager: Changing modify acls to: root
19/06/19 07:56:14 INFO spark.SecurityManager: Changing view acls groups to: 
19/06/19 07:56:14 INFO spark.SecurityManager: Changing modify acls groups to: 
19/06/19 07:56:14 INFO spark.SecurityManager: SecurityManager: authentication disabled; ui acls disabled; users  with view permissions: Set(root); groups with view permissions: Set(); users  with modify permissions: Set(root); groups with modify permissions: Set()
19/06/19 07:56:14 INFO spark.SecurityManager: Changing view acls to: root
19/06/19 07:56:14 INFO spark.SecurityManager: Changing modify acls to: root
19/06/19 07:56:14 INFO spark.SecurityManager: Changing view acls to: root
19/06/19 07:56:14 INFO spark.SecurityManager: Changing modify acls to: root
19/06/19 07:56:14 INFO spark.SecurityManager: Changing view acls groups to: 
19/06/19 07:56:14 INFO spark.SecurityManager: Changing modify acls groups to: 
19/06/19 07:56:14 INFO spark.SecurityManager: SecurityManager: authentication disabled; ui acls disabled; users  with view permissions: Set(root); groups with view permissions: Set(); users  with modify permissions: Set(root); groups with modify permissions: Set()
19/06/19 07:56:14 INFO spark.SecurityManager: Changing view acls groups to: 
19/06/19 07:56:14 INFO spark.SecurityManager: Changing modify acls groups to: 
19/06/19 07:56:14 INFO spark.SecurityManager: SecurityManager: authentication disabled; ui acls disabled; users  with view permissions: Set(root); groups with view permissions: Set(); users  with modify permissions: Set(root); groups with modify permissions: Set()
19/06/19 07:56:14 INFO worker.Worker: Asked to launch executor app-20190619075614-0002/367 for TeraSort
19/06/19 07:56:14 INFO spark.SecurityManager: Changing view acls to: root
19/06/19 07:56:14 INFO spark.SecurityManager: Changing modify acls to: root
19/06/19 07:56:14 INFO spark.SecurityManager: Changing view acls groups to: 
19/06/19 07:56:14 INFO spark.SecurityManager: Changing modify acls groups to: 
19/06/19 07:56:14 INFO spark.SecurityManager: SecurityManager: authentication disabled; ui acls disabled; users  with view permissions: Set(root); groups with view permissions: Set(); users  with modify permissions: Set(root); groups with modify permissions: Set()
19/06/19 07:56:14 INFO worker.Worker: Asked to launch executor app-20190619075614-0002/368 for TeraSort
19/06/19 07:56:14 INFO spark.SecurityManager: Changing view acls to: root
19/06/19 07:56:14 INFO worker.Worker: Asked to launch executor app-20190619075614-0002/369 for TeraSort
19/06/19 07:56:14 INFO spark.SecurityManager: Changing modify acls to: root
19/06/19 07:56:14 INFO spark.SecurityManager: Changing view acls groups to: 
19/06/19 07:56:14 INFO spark.SecurityManager: Changing modify acls groups to: 
19/06/19 07:56:14 INFO spark.SecurityManager: SecurityManager: authentication disabled; ui acls disabled; users  with view permissions: Set(root); groups with view permissions: Set(); users  with modify permissions: Set(root); groups with modify permissions: Set()
19/06/19 07:56:14 INFO spark.SecurityManager: Changing view acls to: root
19/06/19 07:56:14 INFO spark.SecurityManager: Changing modify acls to: root
19/06/19 07:56:14 INFO spark.SecurityManager: Changing view acls groups to: 
19/06/19 07:56:14 INFO spark.SecurityManager: Changing modify acls groups to: 
19/06/19 07:56:14 INFO worker.Worker: Asked to launch executor app-20190619075614-0002/370 for TeraSort
19/06/19 07:56:14 INFO spark.SecurityManager: SecurityManager: authentication disabled; ui acls disabled; users  with view permissions: Set(root); groups with view permissions: Set(); users  with modify permissions: Set(root); groups with modify permissions: Set()
19/06/19 07:56:14 INFO worker.Worker: Asked to launch executor app-20190619075614-0002/371 for TeraSort
19/06/19 07:56:14 INFO spark.SecurityManager: Changing view acls to: root
19/06/19 07:56:14 INFO spark.SecurityManager: Changing modify acls to: root
19/06/19 07:56:14 INFO spark.SecurityManager: Changing view acls groups to: 
19/06/19 07:56:14 INFO spark.SecurityManager: Changing modify acls groups to: 
19/06/19 07:56:14 INFO spark.SecurityManager: SecurityManager: authentication disabled; ui acls disabled; users  with view permissions: Set(root); groups with view permissions: Set(); users  with modify permissions: Set(root); groups with modify permissions: Set()
19/06/19 07:56:14 INFO worker.Worker: Asked to launch executor app-20190619075614-0002/372 for TeraSort
19/06/19 07:56:14 INFO spark.SecurityManager: Changing view acls to: root
19/06/19 07:56:14 INFO spark.SecurityManager: Changing view acls to: root
19/06/19 07:56:15 INFO spark.SecurityManager: Changing modify acls to: root
19/06/19 07:56:15 INFO spark.SecurityManager: Changing view acls groups to: 
19/06/19 07:56:15 INFO spark.SecurityManager: Changing modify acls groups to: 
19/06/19 07:56:15 INFO spark.SecurityManager: SecurityManager: authentication disabled; ui acls disabled; users  with view permissions: Set(root); groups with view permissions: Set(); users  with modify permissions: Set(root); groups with modify permissions: Set()
19/06/19 07:56:15 INFO spark.SecurityManager: Changing modify acls to: root
19/06/19 07:56:15 INFO spark.SecurityManager: Changing view acls groups to: 
19/06/19 07:56:15 INFO spark.SecurityManager: Changing modify acls groups to: 
19/06/19 07:56:15 INFO spark.SecurityManager: SecurityManager: authentication disabled; ui acls disabled; users  with view permissions: Set(root); groups with view permissions: Set(); users  with modify permissions: Set(root); groups with modify permissions: Set()
19/06/19 07:56:15 INFO worker.ExecutorRunner: Launch command: "/opt/jdk1.8.0_131/jre/bin/java" "-cp" "/var/tmp/spark2.0hpcplatform/lib/firesteel-2.4.0.jar:/var/tmp/spark2.0hpcplatform/multicore/worker24/conf/:/var/tmp/spark2.0hpcplatform/multicore/worker24/assembly/target/scala-2.11/jars/*:/opt/hadoop/etc/hadoop/" "-Xmx8192M" "-Dspark.rpc.numRetries=5" "-Dspark.driver.port=43673" "-Dspark.network.timeout=20000" "-Dspark.rpc.netty.dispatcher.numThreads=10" "-XX:-UseBiasedLocking" "org.apache.spark.executor.CoarseGrainedExecutorBackend" "--driver-url" "spark://CoarseGrainedScheduler@mdc-ch1-cust4.mdc.ext.hpe.com:43673" "--executor-id" "366" "--hostname" "mdc-ch1-cust4" "--cores" "1" "--app-id" "app-20190619075614-0002" "--worker-url" "spark://Worker@mdc-ch1-cust4:42833"
19/06/19 07:56:15 INFO worker.ExecutorRunner: Launch command: "/opt/jdk1.8.0_131/jre/bin/java" "-cp" "/var/tmp/spark2.0hpcplatform/lib/firesteel-2.4.0.jar:/var/tmp/spark2.0hpcplatform/multicore/worker24/conf/:/var/tmp/spark2.0hpcplatform/multicore/worker24/assembly/target/scala-2.11/jars/*:/opt/hadoop/etc/hadoop/" "-Xmx8192M" "-Dspark.rpc.numRetries=5" "-Dspark.driver.port=43673" "-Dspark.network.timeout=20000" "-Dspark.rpc.netty.dispatcher.numThreads=10" "-XX:-UseBiasedLocking" "org.apache.spark.executor.CoarseGrainedExecutorBackend" "--driver-url" "spark://CoarseGrainedScheduler@mdc-ch1-cust4.mdc.ext.hpe.com:43673" "--executor-id" "367" "--hostname" "mdc-ch1-cust4" "--cores" "1" "--app-id" "app-20190619075614-0002" "--worker-url" "spark://Worker@mdc-ch1-cust4:42833"
19/06/19 07:56:15 INFO worker.ExecutorRunner: Launch command: "/opt/jdk1.8.0_131/jre/bin/java" "-cp" "/var/tmp/spark2.0hpcplatform/lib/firesteel-2.4.0.jar:/var/tmp/spark2.0hpcplatform/multicore/worker24/conf/:/var/tmp/spark2.0hpcplatform/multicore/worker24/assembly/target/scala-2.11/jars/*:/opt/hadoop/etc/hadoop/" "-Xmx8192M" "-Dspark.rpc.numRetries=5" "-Dspark.driver.port=43673" "-Dspark.network.timeout=20000" "-Dspark.rpc.netty.dispatcher.numThreads=10" "-XX:-UseBiasedLocking" "org.apache.spark.executor.CoarseGrainedExecutorBackend" "--driver-url" "spark://CoarseGrainedScheduler@mdc-ch1-cust4.mdc.ext.hpe.com:43673" "--executor-id" "365" "--hostname" "mdc-ch1-cust4" "--cores" "1" "--app-id" "app-20190619075614-0002" "--worker-url" "spark://Worker@mdc-ch1-cust4:42833"
19/06/19 07:56:15 INFO worker.ExecutorRunner: Launch command: "/opt/jdk1.8.0_131/jre/bin/java" "-cp" "/var/tmp/spark2.0hpcplatform/lib/firesteel-2.4.0.jar:/var/tmp/spark2.0hpcplatform/multicore/worker24/conf/:/var/tmp/spark2.0hpcplatform/multicore/worker24/assembly/target/scala-2.11/jars/*:/opt/hadoop/etc/hadoop/" "-Xmx8192M" "-Dspark.rpc.numRetries=5" "-Dspark.driver.port=43673" "-Dspark.network.timeout=20000" "-Dspark.rpc.netty.dispatcher.numThreads=10" "-XX:-UseBiasedLocking" "org.apache.spark.executor.CoarseGrainedExecutorBackend" "--driver-url" "spark://CoarseGrainedScheduler@mdc-ch1-cust4.mdc.ext.hpe.com:43673" "--executor-id" "369" "--hostname" "mdc-ch1-cust4" "--cores" "1" "--app-id" "app-20190619075614-0002" "--worker-url" "spark://Worker@mdc-ch1-cust4:42833"
19/06/19 07:56:15 INFO worker.ExecutorRunner: Launch command: "/opt/jdk1.8.0_131/jre/bin/java" "-cp" "/var/tmp/spark2.0hpcplatform/lib/firesteel-2.4.0.jar:/var/tmp/spark2.0hpcplatform/multicore/worker24/conf/:/var/tmp/spark2.0hpcplatform/multicore/worker24/assembly/target/scala-2.11/jars/*:/opt/hadoop/etc/hadoop/" "-Xmx8192M" "-Dspark.rpc.numRetries=5" "-Dspark.driver.port=43673" "-Dspark.network.timeout=20000" "-Dspark.rpc.netty.dispatcher.numThreads=10" "-XX:-UseBiasedLocking" "org.apache.spark.executor.CoarseGrainedExecutorBackend" "--driver-url" "spark://CoarseGrainedScheduler@mdc-ch1-cust4.mdc.ext.hpe.com:43673" "--executor-id" "364" "--hostname" "mdc-ch1-cust4" "--cores" "1" "--app-id" "app-20190619075614-0002" "--worker-url" "spark://Worker@mdc-ch1-cust4:42833"
19/06/19 07:56:15 INFO worker.ExecutorRunner: Launch command: "/opt/jdk1.8.0_131/jre/bin/java" "-cp" "/var/tmp/spark2.0hpcplatform/lib/firesteel-2.4.0.jar:/var/tmp/spark2.0hpcplatform/multicore/worker24/conf/:/var/tmp/spark2.0hpcplatform/multicore/worker24/assembly/target/scala-2.11/jars/*:/opt/hadoop/etc/hadoop/" "-Xmx8192M" "-Dspark.rpc.numRetries=5" "-Dspark.driver.port=43673" "-Dspark.network.timeout=20000" "-Dspark.rpc.netty.dispatcher.numThreads=10" "-XX:-UseBiasedLocking" "org.apache.spark.executor.CoarseGrainedExecutorBackend" "--driver-url" "spark://CoarseGrainedScheduler@mdc-ch1-cust4.mdc.ext.hpe.com:43673" "--executor-id" "368" "--hostname" "mdc-ch1-cust4" "--cores" "1" "--app-id" "app-20190619075614-0002" "--worker-url" "spark://Worker@mdc-ch1-cust4:42833"
19/06/19 07:56:15 INFO worker.ExecutorRunner: Launch command: "/opt/jdk1.8.0_131/jre/bin/java" "-cp" "/var/tmp/spark2.0hpcplatform/lib/firesteel-2.4.0.jar:/var/tmp/spark2.0hpcplatform/multicore/worker24/conf/:/var/tmp/spark2.0hpcplatform/multicore/worker24/assembly/target/scala-2.11/jars/*:/opt/hadoop/etc/hadoop/" "-Xmx8192M" "-Dspark.rpc.numRetries=5" "-Dspark.driver.port=43673" "-Dspark.network.timeout=20000" "-Dspark.rpc.netty.dispatcher.numThreads=10" "-XX:-UseBiasedLocking" "org.apache.spark.executor.CoarseGrainedExecutorBackend" "--driver-url" "spark://CoarseGrainedScheduler@mdc-ch1-cust4.mdc.ext.hpe.com:43673" "--executor-id" "371" "--hostname" "mdc-ch1-cust4" "--cores" "1" "--app-id" "app-20190619075614-0002" "--worker-url" "spark://Worker@mdc-ch1-cust4:42833"
19/06/19 07:56:15 INFO worker.ExecutorRunner: Launch command: "/opt/jdk1.8.0_131/jre/bin/java" "-cp" "/var/tmp/spark2.0hpcplatform/lib/firesteel-2.4.0.jar:/var/tmp/spark2.0hpcplatform/multicore/worker24/conf/:/var/tmp/spark2.0hpcplatform/multicore/worker24/assembly/target/scala-2.11/jars/*:/opt/hadoop/etc/hadoop/" "-Xmx8192M" "-Dspark.rpc.numRetries=5" "-Dspark.driver.port=43673" "-Dspark.network.timeout=20000" "-Dspark.rpc.netty.dispatcher.numThreads=10" "-XX:-UseBiasedLocking" "org.apache.spark.executor.CoarseGrainedExecutorBackend" "--driver-url" "spark://CoarseGrainedScheduler@mdc-ch1-cust4.mdc.ext.hpe.com:43673" "--executor-id" "370" "--hostname" "mdc-ch1-cust4" "--cores" "1" "--app-id" "app-20190619075614-0002" "--worker-url" "spark://Worker@mdc-ch1-cust4:42833"
19/06/19 07:56:15 INFO worker.ExecutorRunner: Launch command: "/opt/jdk1.8.0_131/jre/bin/java" "-cp" "/var/tmp/spark2.0hpcplatform/lib/firesteel-2.4.0.jar:/var/tmp/spark2.0hpcplatform/multicore/worker24/conf/:/var/tmp/spark2.0hpcplatform/multicore/worker24/assembly/target/scala-2.11/jars/*:/opt/hadoop/etc/hadoop/" "-Xmx8192M" "-Dspark.rpc.numRetries=5" "-Dspark.driver.port=43673" "-Dspark.network.timeout=20000" "-Dspark.rpc.netty.dispatcher.numThreads=10" "-XX:-UseBiasedLocking" "org.apache.spark.executor.CoarseGrainedExecutorBackend" "--driver-url" "spark://CoarseGrainedScheduler@mdc-ch1-cust4.mdc.ext.hpe.com:43673" "--executor-id" "372" "--hostname" "mdc-ch1-cust4" "--cores" "1" "--app-id" "app-20190619075614-0002" "--worker-url" "spark://Worker@mdc-ch1-cust4:42833"
19/06/19 10:49:05 ERROR worker.Worker: RECEIVED SIGNAL TERM
19/06/19 10:49:07 INFO worker.ExecutorRunner: Killing process!
19/06/19 10:49:07 INFO worker.Worker: mdc-ch1-cust4:7077 Disassociated !
19/06/19 10:49:07 ERROR worker.Worker: Connection to master failed! Waiting for master to reconnect...
19/06/19 10:49:07 INFO worker.Worker: mdc-ch1-cust4.mdc.ext.hpe.com:7077 Disassociated !
19/06/19 10:49:07 ERROR worker.Worker: Connection to master failed! Waiting for master to reconnect...
19/06/19 10:49:07 INFO worker.Worker: Not spawning another attempt to register with the master, since there is an attempt scheduled already.
19/06/19 10:49:07 INFO worker.Worker: Connecting to master mdc-ch1-cust4:7077...
19/06/19 10:49:09 INFO client.TransportClientFactory: Found inactive connection to mdc-ch1-cust4/10.1.1.4:7077, creating a new one.
19/06/19 10:49:09 WARN worker.Worker: Failed to connect to master mdc-ch1-cust4:7077
org.apache.spark.SparkException: Exception thrown in awaitResult: 
	at org.apache.spark.util.ThreadUtils$.awaitResult(ThreadUtils.scala:226)
	at org.apache.spark.rpc.RpcTimeout.awaitResult(RpcTimeout.scala:75)
	at org.apache.spark.rpc.RpcEnv.setupEndpointRefByURI(RpcEnv.scala:101)
	at org.apache.spark.rpc.RpcEnv.setupEndpointRef(RpcEnv.scala:109)
	at org.apache.spark.deploy.worker.Worker$$anonfun$org$apache$spark$deploy$worker$Worker$$tryRegisterAllMasters$1$$anon$1.run(Worker.scala:253)
	at java.util.concurrent.Executors$RunnableAdapter.call(Executors.java:511)
	at java.util.concurrent.FutureTask.run(FutureTask.java:266)
	at java.util.concurrent.ThreadPoolExecutor.runWorker(ThreadPoolExecutor.java:1142)
	at java.util.concurrent.ThreadPoolExecutor$Worker.run(ThreadPoolExecutor.java:617)
	at java.lang.Thread.run(Thread.java:748)
Caused by: java.io.IOException: Failed to connect to mdc-ch1-cust4/10.1.1.4:7077
	at org.apache.spark.network.client.TransportClientFactory.createClient(TransportClientFactory.java:245)
	at org.apache.spark.network.client.TransportClientFactory.createClient(TransportClientFactory.java:187)
	at org.apache.spark.rpc.netty.NettyRpcEnv.createClient(NettyRpcEnv.scala:198)
	at org.apache.spark.rpc.netty.Outbox$$anon$1.call(Outbox.scala:194)
	at org.apache.spark.rpc.netty.Outbox$$anon$1.call(Outbox.scala:190)
	... 4 more
Caused by: io.netty.channel.AbstractChannel$AnnotatedConnectException: Connection refused: mdc-ch1-cust4/10.1.1.4:7077
	at sun.nio.ch.SocketChannelImpl.checkConnect(Native Method)
	at sun.nio.ch.SocketChannelImpl.finishConnect(SocketChannelImpl.java:717)
	at io.netty.channel.socket.nio.NioSocketChannel.doFinishConnect(NioSocketChannel.java:323)
	at io.netty.channel.nio.AbstractNioChannel$AbstractNioUnsafe.finishConnect(AbstractNioChannel.java:340)
	at io.netty.channel.nio.NioEventLoop.processSelectedKey(NioEventLoop.java:633)
	at io.netty.channel.nio.NioEventLoop.processSelectedKeysOptimized(NioEventLoop.java:580)
	at io.netty.channel.nio.NioEventLoop.processSelectedKeys(NioEventLoop.java:497)
	at io.netty.channel.nio.NioEventLoop.run(NioEventLoop.java:459)
	at io.netty.util.concurrent.SingleThreadEventExecutor$5.run(SingleThreadEventExecutor.java:858)
	at io.netty.util.concurrent.DefaultThreadFactory$DefaultRunnableDecorator.run(DefaultThreadFactory.java:138)
	... 1 more
Caused by: java.net.ConnectException: Connection refused
	... 11 more
19/06/19 10:49:16 INFO worker.Worker: Retrying connection to master (attempt # 1)
19/06/19 10:49:16 INFO worker.Worker: Connecting to master mdc-ch1-cust4.mdc.ext.hpe.com:7077...
19/06/19 10:49:18 WARN worker.Worker: Failed to connect to master mdc-ch1-cust4.mdc.ext.hpe.com:7077
org.apache.spark.SparkException: Exception thrown in awaitResult: 
	at org.apache.spark.util.ThreadUtils$.awaitResult(ThreadUtils.scala:226)
	at org.apache.spark.rpc.RpcTimeout.awaitResult(RpcTimeout.scala:75)
	at org.apache.spark.rpc.RpcEnv.setupEndpointRefByURI(RpcEnv.scala:101)
	at org.apache.spark.rpc.RpcEnv.setupEndpointRef(RpcEnv.scala:109)
	at org.apache.spark.deploy.worker.Worker$$anonfun$org$apache$spark$deploy$worker$Worker$$reregisterWithMaster$1$$anon$2.run(Worker.scala:310)
	at java.util.concurrent.Executors$RunnableAdapter.call(Executors.java:511)
	at java.util.concurrent.FutureTask.run(FutureTask.java:266)
	at java.util.concurrent.ThreadPoolExecutor.runWorker(ThreadPoolExecutor.java:1142)
	at java.util.concurrent.ThreadPoolExecutor$Worker.run(ThreadPoolExecutor.java:617)
	at java.lang.Thread.run(Thread.java:748)
Caused by: java.io.IOException: Failed to connect to mdc-ch1-cust4.mdc.ext.hpe.com/10.1.1.4:7077
	at org.apache.spark.network.client.TransportClientFactory.createClient(TransportClientFactory.java:245)
	at org.apache.spark.network.client.TransportClientFactory.createClient(TransportClientFactory.java:187)
	at org.apache.spark.rpc.netty.NettyRpcEnv.createClient(NettyRpcEnv.scala:198)
	at org.apache.spark.rpc.netty.Outbox$$anon$1.call(Outbox.scala:194)
	at org.apache.spark.rpc.netty.Outbox$$anon$1.call(Outbox.scala:190)
	... 4 more
Caused by: io.netty.channel.AbstractChannel$AnnotatedConnectException: Connection refused: mdc-ch1-cust4.mdc.ext.hpe.com/10.1.1.4:7077
	at sun.nio.ch.SocketChannelImpl.checkConnect(Native Method)
	at sun.nio.ch.SocketChannelImpl.finishConnect(SocketChannelImpl.java:717)
	at io.netty.channel.socket.nio.NioSocketChannel.doFinishConnect(NioSocketChannel.java:323)
	at io.netty.channel.nio.AbstractNioChannel$AbstractNioUnsafe.finishConnect(AbstractNioChannel.java:340)
	at io.netty.channel.nio.NioEventLoop.processSelectedKey(NioEventLoop.java:633)
	at io.netty.channel.nio.NioEventLoop.processSelectedKeysOptimized(NioEventLoop.java:580)
	at io.netty.channel.nio.NioEventLoop.processSelectedKeys(NioEventLoop.java:497)
	at io.netty.channel.nio.NioEventLoop.run(NioEventLoop.java:459)
	at io.netty.util.concurrent.SingleThreadEventExecutor$5.run(SingleThreadEventExecutor.java:858)
	at io.netty.util.concurrent.DefaultThreadFactory$DefaultRunnableDecorator.run(DefaultThreadFactory.java:138)
	... 1 more
Caused by: java.net.ConnectException: Connection refused
	... 11 more
19/06/19 10:49:25 INFO worker.Worker: Retrying connection to master (attempt # 2)
19/06/19 10:49:25 INFO worker.Worker: Connecting to master mdc-ch1-cust4.mdc.ext.hpe.com:7077...
19/06/19 10:49:26 WARN worker.Worker: Failed to connect to master mdc-ch1-cust4.mdc.ext.hpe.com:7077
org.apache.spark.SparkException: Exception thrown in awaitResult: 
	at org.apache.spark.util.ThreadUtils$.awaitResult(ThreadUtils.scala:226)
	at org.apache.spark.rpc.RpcTimeout.awaitResult(RpcTimeout.scala:75)
	at org.apache.spark.rpc.RpcEnv.setupEndpointRefByURI(RpcEnv.scala:101)
	at org.apache.spark.rpc.RpcEnv.setupEndpointRef(RpcEnv.scala:109)
	at org.apache.spark.deploy.worker.Worker$$anonfun$org$apache$spark$deploy$worker$Worker$$reregisterWithMaster$1$$anon$2.run(Worker.scala:310)
	at java.util.concurrent.Executors$RunnableAdapter.call(Executors.java:511)
	at java.util.concurrent.FutureTask.run(FutureTask.java:266)
	at java.util.concurrent.ThreadPoolExecutor.runWorker(ThreadPoolExecutor.java:1142)
	at java.util.concurrent.ThreadPoolExecutor$Worker.run(ThreadPoolExecutor.java:617)
	at java.lang.Thread.run(Thread.java:748)
Caused by: java.io.IOException: Failed to connect to mdc-ch1-cust4.mdc.ext.hpe.com/10.1.1.4:7077
	at org.apache.spark.network.client.TransportClientFactory.createClient(TransportClientFactory.java:245)
	at org.apache.spark.network.client.TransportClientFactory.createClient(TransportClientFactory.java:187)
	at org.apache.spark.rpc.netty.NettyRpcEnv.createClient(NettyRpcEnv.scala:198)
	at org.apache.spark.rpc.netty.Outbox$$anon$1.call(Outbox.scala:194)
	at org.apache.spark.rpc.netty.Outbox$$anon$1.call(Outbox.scala:190)
	... 4 more
Caused by: io.netty.channel.AbstractChannel$AnnotatedConnectException: Connection refused: mdc-ch1-cust4.mdc.ext.hpe.com/10.1.1.4:7077
	at sun.nio.ch.SocketChannelImpl.checkConnect(Native Method)
	at sun.nio.ch.SocketChannelImpl.finishConnect(SocketChannelImpl.java:717)
	at io.netty.channel.socket.nio.NioSocketChannel.doFinishConnect(NioSocketChannel.java:323)
	at io.netty.channel.nio.AbstractNioChannel$AbstractNioUnsafe.finishConnect(AbstractNioChannel.java:340)
	at io.netty.channel.nio.NioEventLoop.processSelectedKey(NioEventLoop.java:633)
	at io.netty.channel.nio.NioEventLoop.processSelectedKeysOptimized(NioEventLoop.java:580)
	at io.netty.channel.nio.NioEventLoop.processSelectedKeys(NioEventLoop.java:497)
	at io.netty.channel.nio.NioEventLoop.run(NioEventLoop.java:459)
	at io.netty.util.concurrent.SingleThreadEventExecutor$5.run(SingleThreadEventExecutor.java:858)
	at io.netty.util.concurrent.DefaultThreadFactory$DefaultRunnableDecorator.run(DefaultThreadFactory.java:138)
	... 1 more
Caused by: java.net.ConnectException: Connection refused
	... 11 more
19/06/19 10:49:28 WARN util.Utils: Timed out waiting to forcibly kill process
19/06/19 10:49:28 WARN worker.ExecutorRunner: Failed to terminate process: java.lang.UNIXProcess@53fe2143. This process will likely be orphaned.
19/06/19 10:49:28 INFO worker.ExecutorRunner: Killing process!
19/06/19 10:49:28 INFO worker.Worker: Executor app-20190619075614-0002/364 finished with state FAILED message Worker shutting down
19/06/19 10:49:28 INFO shuffle.ExternalShuffleBlockResolver: Clean up non-shuffle files associated with the finished executor 364
19/06/19 10:49:28 INFO shuffle.ExternalShuffleBlockResolver: Executor is not registered (appId=app-20190619075614-0002, execId=364)
19/06/19 10:49:34 INFO worker.Worker: Retrying connection to master (attempt # 3)
19/06/19 10:49:34 INFO worker.Worker: Connecting to master mdc-ch1-cust4.mdc.ext.hpe.com:7077...
19/06/19 10:49:35 WARN worker.Worker: Failed to connect to master mdc-ch1-cust4.mdc.ext.hpe.com:7077
org.apache.spark.SparkException: Exception thrown in awaitResult: 
	at org.apache.spark.util.ThreadUtils$.awaitResult(ThreadUtils.scala:226)
	at org.apache.spark.rpc.RpcTimeout.awaitResult(RpcTimeout.scala:75)
	at org.apache.spark.rpc.RpcEnv.setupEndpointRefByURI(RpcEnv.scala:101)
	at org.apache.spark.rpc.RpcEnv.setupEndpointRef(RpcEnv.scala:109)
	at org.apache.spark.deploy.worker.Worker$$anonfun$org$apache$spark$deploy$worker$Worker$$reregisterWithMaster$1$$anon$2.run(Worker.scala:310)
	at java.util.concurrent.Executors$RunnableAdapter.call(Executors.java:511)
	at java.util.concurrent.FutureTask.run(FutureTask.java:266)
	at java.util.concurrent.ThreadPoolExecutor.runWorker(ThreadPoolExecutor.java:1142)
	at java.util.concurrent.ThreadPoolExecutor$Worker.run(ThreadPoolExecutor.java:617)
	at java.lang.Thread.run(Thread.java:748)
Caused by: java.io.IOException: Failed to connect to mdc-ch1-cust4.mdc.ext.hpe.com/10.1.1.4:7077
	at org.apache.spark.network.client.TransportClientFactory.createClient(TransportClientFactory.java:245)
	at org.apache.spark.network.client.TransportClientFactory.createClient(TransportClientFactory.java:187)
	at org.apache.spark.rpc.netty.NettyRpcEnv.createClient(NettyRpcEnv.scala:198)
	at org.apache.spark.rpc.netty.Outbox$$anon$1.call(Outbox.scala:194)
	at org.apache.spark.rpc.netty.Outbox$$anon$1.call(Outbox.scala:190)
	... 4 more
Caused by: io.netty.channel.AbstractChannel$AnnotatedConnectException: Connection refused: mdc-ch1-cust4.mdc.ext.hpe.com/10.1.1.4:7077
	at sun.nio.ch.SocketChannelImpl.checkConnect(Native Method)
	at sun.nio.ch.SocketChannelImpl.finishConnect(SocketChannelImpl.java:717)
	at io.netty.channel.socket.nio.NioSocketChannel.doFinishConnect(NioSocketChannel.java:323)
	at io.netty.channel.nio.AbstractNioChannel$AbstractNioUnsafe.finishConnect(AbstractNioChannel.java:340)
	at io.netty.channel.nio.NioEventLoop.processSelectedKey(NioEventLoop.java:633)
	at io.netty.channel.nio.NioEventLoop.processSelectedKeysOptimized(NioEventLoop.java:580)
	at io.netty.channel.nio.NioEventLoop.processSelectedKeys(NioEventLoop.java:497)
	at io.netty.channel.nio.NioEventLoop.run(NioEventLoop.java:459)
	at io.netty.util.concurrent.SingleThreadEventExecutor$5.run(SingleThreadEventExecutor.java:858)
	at io.netty.util.concurrent.DefaultThreadFactory$DefaultRunnableDecorator.run(DefaultThreadFactory.java:138)
	... 1 more
Caused by: java.net.ConnectException: Connection refused
	... 11 more
19/06/19 10:49:43 INFO worker.Worker: Retrying connection to master (attempt # 4)
19/06/19 10:49:43 INFO worker.Worker: Connecting to master mdc-ch1-cust4.mdc.ext.hpe.com:7077...
19/06/19 10:49:44 WARN worker.Worker: Failed to connect to master mdc-ch1-cust4.mdc.ext.hpe.com:7077
org.apache.spark.SparkException: Exception thrown in awaitResult: 
	at org.apache.spark.util.ThreadUtils$.awaitResult(ThreadUtils.scala:226)
	at org.apache.spark.rpc.RpcTimeout.awaitResult(RpcTimeout.scala:75)
	at org.apache.spark.rpc.RpcEnv.setupEndpointRefByURI(RpcEnv.scala:101)
	at org.apache.spark.rpc.RpcEnv.setupEndpointRef(RpcEnv.scala:109)
	at org.apache.spark.deploy.worker.Worker$$anonfun$org$apache$spark$deploy$worker$Worker$$reregisterWithMaster$1$$anon$2.run(Worker.scala:310)
	at java.util.concurrent.Executors$RunnableAdapter.call(Executors.java:511)
	at java.util.concurrent.FutureTask.run(FutureTask.java:266)
	at java.util.concurrent.ThreadPoolExecutor.runWorker(ThreadPoolExecutor.java:1142)
	at java.util.concurrent.ThreadPoolExecutor$Worker.run(ThreadPoolExecutor.java:617)
	at java.lang.Thread.run(Thread.java:748)
Caused by: java.io.IOException: Failed to connect to mdc-ch1-cust4.mdc.ext.hpe.com/10.1.1.4:7077
	at org.apache.spark.network.client.TransportClientFactory.createClient(TransportClientFactory.java:245)
	at org.apache.spark.network.client.TransportClientFactory.createClient(TransportClientFactory.java:187)
	at org.apache.spark.rpc.netty.NettyRpcEnv.createClient(NettyRpcEnv.scala:198)
	at org.apache.spark.rpc.netty.Outbox$$anon$1.call(Outbox.scala:194)
	at org.apache.spark.rpc.netty.Outbox$$anon$1.call(Outbox.scala:190)
	... 4 more
Caused by: io.netty.channel.AbstractChannel$AnnotatedConnectException: Connection refused: mdc-ch1-cust4.mdc.ext.hpe.com/10.1.1.4:7077
	at sun.nio.ch.SocketChannelImpl.checkConnect(Native Method)
	at sun.nio.ch.SocketChannelImpl.finishConnect(SocketChannelImpl.java:717)
	at io.netty.channel.socket.nio.NioSocketChannel.doFinishConnect(NioSocketChannel.java:323)
	at io.netty.channel.nio.AbstractNioChannel$AbstractNioUnsafe.finishConnect(AbstractNioChannel.java:340)
	at io.netty.channel.nio.NioEventLoop.processSelectedKey(NioEventLoop.java:633)
	at io.netty.channel.nio.NioEventLoop.processSelectedKeysOptimized(NioEventLoop.java:580)
	at io.netty.channel.nio.NioEventLoop.processSelectedKeys(NioEventLoop.java:497)
	at io.netty.channel.nio.NioEventLoop.run(NioEventLoop.java:459)
	at io.netty.util.concurrent.SingleThreadEventExecutor$5.run(SingleThreadEventExecutor.java:858)
	at io.netty.util.concurrent.DefaultThreadFactory$DefaultRunnableDecorator.run(DefaultThreadFactory.java:138)
	... 1 more
Caused by: java.net.ConnectException: Connection refused
	... 11 more
19/06/19 10:49:48 WARN util.Utils: Timed out waiting to forcibly kill process
19/06/19 10:49:48 WARN worker.ExecutorRunner: Failed to terminate process: java.lang.UNIXProcess@58a9940c. This process will likely be orphaned.
19/06/19 10:49:48 INFO worker.ExecutorRunner: Killing process!
19/06/19 10:49:48 INFO worker.Worker: Executor app-20190619075614-0002/372 finished with state FAILED message Worker shutting down
19/06/19 10:49:48 INFO shuffle.ExternalShuffleBlockResolver: Clean up non-shuffle files associated with the finished executor 372
19/06/19 10:49:48 INFO shuffle.ExternalShuffleBlockResolver: Executor is not registered (appId=app-20190619075614-0002, execId=372)
19/06/19 10:49:52 INFO worker.Worker: Retrying connection to master (attempt # 5)
19/06/19 10:49:52 INFO worker.Worker: Connecting to master mdc-ch1-cust4.mdc.ext.hpe.com:7077...
19/06/19 10:49:53 WARN worker.Worker: Failed to connect to master mdc-ch1-cust4.mdc.ext.hpe.com:7077
org.apache.spark.SparkException: Exception thrown in awaitResult: 
	at org.apache.spark.util.ThreadUtils$.awaitResult(ThreadUtils.scala:226)
	at org.apache.spark.rpc.RpcTimeout.awaitResult(RpcTimeout.scala:75)
	at org.apache.spark.rpc.RpcEnv.setupEndpointRefByURI(RpcEnv.scala:101)
	at org.apache.spark.rpc.RpcEnv.setupEndpointRef(RpcEnv.scala:109)
	at org.apache.spark.deploy.worker.Worker$$anonfun$org$apache$spark$deploy$worker$Worker$$reregisterWithMaster$1$$anon$2.run(Worker.scala:310)
	at java.util.concurrent.Executors$RunnableAdapter.call(Executors.java:511)
	at java.util.concurrent.FutureTask.run(FutureTask.java:266)
	at java.util.concurrent.ThreadPoolExecutor.runWorker(ThreadPoolExecutor.java:1142)
	at java.util.concurrent.ThreadPoolExecutor$Worker.run(ThreadPoolExecutor.java:617)
	at java.lang.Thread.run(Thread.java:748)
Caused by: java.io.IOException: Failed to connect to mdc-ch1-cust4.mdc.ext.hpe.com/10.1.1.4:7077
	at org.apache.spark.network.client.TransportClientFactory.createClient(TransportClientFactory.java:245)
	at org.apache.spark.network.client.TransportClientFactory.createClient(TransportClientFactory.java:187)
	at org.apache.spark.rpc.netty.NettyRpcEnv.createClient(NettyRpcEnv.scala:198)
	at org.apache.spark.rpc.netty.Outbox$$anon$1.call(Outbox.scala:194)
	at org.apache.spark.rpc.netty.Outbox$$anon$1.call(Outbox.scala:190)
	... 4 more
Caused by: io.netty.channel.AbstractChannel$AnnotatedConnectException: Connection refused: mdc-ch1-cust4.mdc.ext.hpe.com/10.1.1.4:7077
	at sun.nio.ch.SocketChannelImpl.checkConnect(Native Method)
	at sun.nio.ch.SocketChannelImpl.finishConnect(SocketChannelImpl.java:717)
	at io.netty.channel.socket.nio.NioSocketChannel.doFinishConnect(NioSocketChannel.java:323)
	at io.netty.channel.nio.AbstractNioChannel$AbstractNioUnsafe.finishConnect(AbstractNioChannel.java:340)
	at io.netty.channel.nio.NioEventLoop.processSelectedKey(NioEventLoop.java:633)
	at io.netty.channel.nio.NioEventLoop.processSelectedKeysOptimized(NioEventLoop.java:580)
	at io.netty.channel.nio.NioEventLoop.processSelectedKeys(NioEventLoop.java:497)
	at io.netty.channel.nio.NioEventLoop.run(NioEventLoop.java:459)
	at io.netty.util.concurrent.SingleThreadEventExecutor$5.run(SingleThreadEventExecutor.java:858)
	at io.netty.util.concurrent.DefaultThreadFactory$DefaultRunnableDecorator.run(DefaultThreadFactory.java:138)
	... 1 more
Caused by: java.net.ConnectException: Connection refused
	... 11 more
19/06/19 10:50:01 INFO worker.Worker: Retrying connection to master (attempt # 6)
19/06/19 10:50:01 INFO worker.Worker: Connecting to master mdc-ch1-cust4.mdc.ext.hpe.com:7077...
19/06/19 10:50:02 WARN worker.Worker: Failed to connect to master mdc-ch1-cust4.mdc.ext.hpe.com:7077
org.apache.spark.SparkException: Exception thrown in awaitResult: 
	at org.apache.spark.util.ThreadUtils$.awaitResult(ThreadUtils.scala:226)
	at org.apache.spark.rpc.RpcTimeout.awaitResult(RpcTimeout.scala:75)
	at org.apache.spark.rpc.RpcEnv.setupEndpointRefByURI(RpcEnv.scala:101)
	at org.apache.spark.rpc.RpcEnv.setupEndpointRef(RpcEnv.scala:109)
	at org.apache.spark.deploy.worker.Worker$$anonfun$org$apache$spark$deploy$worker$Worker$$reregisterWithMaster$1$$anon$2.run(Worker.scala:310)
	at java.util.concurrent.Executors$RunnableAdapter.call(Executors.java:511)
	at java.util.concurrent.FutureTask.run(FutureTask.java:266)
	at java.util.concurrent.ThreadPoolExecutor.runWorker(ThreadPoolExecutor.java:1142)
	at java.util.concurrent.ThreadPoolExecutor$Worker.run(ThreadPoolExecutor.java:617)
	at java.lang.Thread.run(Thread.java:748)
Caused by: java.io.IOException: Failed to connect to mdc-ch1-cust4.mdc.ext.hpe.com/10.1.1.4:7077
	at org.apache.spark.network.client.TransportClientFactory.createClient(TransportClientFactory.java:245)
	at org.apache.spark.network.client.TransportClientFactory.createClient(TransportClientFactory.java:187)
	at org.apache.spark.rpc.netty.NettyRpcEnv.createClient(NettyRpcEnv.scala:198)
	at org.apache.spark.rpc.netty.Outbox$$anon$1.call(Outbox.scala:194)
	at org.apache.spark.rpc.netty.Outbox$$anon$1.call(Outbox.scala:190)
	... 4 more
Caused by: io.netty.channel.AbstractChannel$AnnotatedConnectException: Connection refused: mdc-ch1-cust4.mdc.ext.hpe.com/10.1.1.4:7077
	at sun.nio.ch.SocketChannelImpl.checkConnect(Native Method)
	at sun.nio.ch.SocketChannelImpl.finishConnect(SocketChannelImpl.java:717)
	at io.netty.channel.socket.nio.NioSocketChannel.doFinishConnect(NioSocketChannel.java:323)
	at io.netty.channel.nio.AbstractNioChannel$AbstractNioUnsafe.finishConnect(AbstractNioChannel.java:340)
	at io.netty.channel.nio.NioEventLoop.processSelectedKey(NioEventLoop.java:633)
	at io.netty.channel.nio.NioEventLoop.processSelectedKeysOptimized(NioEventLoop.java:580)
	at io.netty.channel.nio.NioEventLoop.processSelectedKeys(NioEventLoop.java:497)
	at io.netty.channel.nio.NioEventLoop.run(NioEventLoop.java:459)
	at io.netty.util.concurrent.SingleThreadEventExecutor$5.run(SingleThreadEventExecutor.java:858)
	at io.netty.util.concurrent.DefaultThreadFactory$DefaultRunnableDecorator.run(DefaultThreadFactory.java:138)
	... 1 more
Caused by: java.net.ConnectException: Connection refused
	... 11 more
19/06/19 10:50:07 INFO worker.Worker: Executor app-20190619075614-0002/367 finished with state EXITED message Command exited with code 143 exitStatus 143
19/06/19 10:50:07 INFO shuffle.ExternalShuffleBlockResolver: Clean up non-shuffle files associated with the finished executor 367
19/06/19 10:50:07 INFO shuffle.ExternalShuffleBlockResolver: Executor is not registered (appId=app-20190619075614-0002, execId=367)
19/06/19 10:50:08 WARN util.Utils: Timed out waiting to forcibly kill process
19/06/19 10:50:08 WARN worker.ExecutorRunner: Failed to terminate process: java.lang.UNIXProcess@426587ca. This process will likely be orphaned.
19/06/19 10:50:08 INFO worker.ExecutorRunner: Killing process!
19/06/19 10:50:08 INFO worker.Worker: Executor app-20190619075614-0002/371 finished with state FAILED message Worker shutting down
19/06/19 10:50:08 INFO shuffle.ExternalShuffleBlockResolver: Clean up non-shuffle files associated with the finished executor 371
19/06/19 10:50:08 INFO shuffle.ExternalShuffleBlockResolver: Executor is not registered (appId=app-20190619075614-0002, execId=371)
19/06/19 10:50:11 INFO worker.Worker: Executor app-20190619075614-0002/368 finished with state EXITED message Command exited with code 143 exitStatus 143
19/06/19 10:50:11 INFO shuffle.ExternalShuffleBlockResolver: Clean up non-shuffle files associated with the finished executor 368
19/06/19 10:50:11 INFO shuffle.ExternalShuffleBlockResolver: Executor is not registered (appId=app-20190619075614-0002, execId=368)
19/06/19 10:50:15 INFO worker.ExecutorRunner: Killing process!
19/06/19 10:50:15 INFO worker.Worker: Executor app-20190619075614-0002/366 finished with state FAILED message Worker shutting down exitStatus 143
19/06/19 10:50:15 INFO shuffle.ExternalShuffleBlockResolver: Clean up non-shuffle files associated with the finished executor 366
19/06/19 10:50:15 INFO shuffle.ExternalShuffleBlockResolver: Executor is not registered (appId=app-20190619075614-0002, execId=366)
19/06/19 10:50:15 INFO worker.Worker: Unknown Executor app-20190619075614-0002/366 finished with state EXITED message Command exited with code 143 exitStatus 143
19/06/19 10:50:16 INFO worker.Worker: Unknown Executor app-20190619075614-0002/371 finished with state EXITED message Command exited with code 143 exitStatus 143
19/06/19 10:50:19 INFO worker.Worker: Unknown Executor app-20190619075614-0002/364 finished with state EXITED message Command exited with code 137 exitStatus 137
19/06/19 10:50:21 INFO worker.ExecutorRunner: Killing process!
19/06/19 10:50:21 INFO worker.Worker: Executor app-20190619075614-0002/369 finished with state FAILED message Worker shutting down exitStatus 143
19/06/19 10:50:21 INFO shuffle.ExternalShuffleBlockResolver: Clean up non-shuffle files associated with the finished executor 369
19/06/19 10:50:21 INFO shuffle.ExternalShuffleBlockResolver: Executor is not registered (appId=app-20190619075614-0002, execId=369)
19/06/19 10:50:21 INFO worker.Worker: Unknown Executor app-20190619075614-0002/369 finished with state EXITED message Command exited with code 143 exitStatus 143
19/06/19 10:50:21 INFO worker.Worker: Unknown Executor app-20190619075614-0002/368 finished with state EXITED message Worker shutting down exitStatus 143
19/06/19 10:50:21 INFO worker.ExecutorRunner: Killing process!
19/06/19 10:50:21 INFO worker.ExecutorRunner: Killing process!
19/06/19 10:50:21 INFO worker.Worker: Unknown Executor app-20190619075614-0002/367 finished with state EXITED message Worker shutting down exitStatus 143
19/06/19 10:50:21 INFO worker.Worker: Unknown Executor app-20190619075614-0002/372 finished with state EXITED message Command exited with code 143 exitStatus 143
19/06/19 10:50:22 INFO worker.ExecutorRunner: Killing process!
19/06/19 10:50:22 INFO worker.Worker: Executor app-20190619075614-0002/370 finished with state FAILED message Worker shutting down exitStatus 143
19/06/19 10:50:22 INFO shuffle.ExternalShuffleBlockResolver: Clean up non-shuffle files associated with the finished executor 370
19/06/19 10:50:22 INFO shuffle.ExternalShuffleBlockResolver: Executor is not registered (appId=app-20190619075614-0002, execId=370)
19/06/19 10:50:22 INFO worker.Worker: Unknown Executor app-20190619075614-0002/370 finished with state EXITED message Command exited with code 143 exitStatus 143
19/06/19 10:50:42 WARN util.Utils: Timed out waiting to forcibly kill process
19/06/19 10:50:42 WARN worker.ExecutorRunner: Failed to terminate process: java.lang.UNIXProcess@6a2c9ccc. This process will likely be orphaned.
19/06/19 10:50:42 INFO util.ShutdownHookManager: Shutdown hook called
19/06/19 10:50:42 INFO util.ShutdownHookManager: Deleting directory /data/spark-5b739072-7290-4446-a73e-ea786721570c
19/06/19 10:50:42 INFO worker.Worker: Executor app-20190619075614-0002/365 finished with state FAILED message Worker shutting down
19/06/19 10:50:42 INFO shuffle.ExternalShuffleBlockResolver: Clean up non-shuffle files associated with the finished executor 365
19/06/19 10:50:42 INFO shuffle.ExternalShuffleBlockResolver: Executor is not registered (appId=app-20190619075614-0002, execId=365)
19/06/19 10:50:45 INFO worker.Worker: Unknown Executor app-20190619075614-0002/365 finished with state EXITED message Command exited with code 137 exitStatus 137
19/06/19 10:50:54 INFO worker.Worker: Retrying connection to master (attempt # 7)
19/06/19 10:50:54 INFO worker.Worker: Connecting to master mdc-ch1-cust4.mdc.ext.hpe.com:7077...
19/06/19 10:50:54 WARN worker.Worker: Failed to connect to master mdc-ch1-cust4.mdc.ext.hpe.com:7077
org.apache.spark.SparkException: Exception thrown in awaitResult: 
	at org.apache.spark.util.ThreadUtils$.awaitResult(ThreadUtils.scala:226)
	at org.apache.spark.rpc.RpcTimeout.awaitResult(RpcTimeout.scala:75)
	at org.apache.spark.rpc.RpcEnv.setupEndpointRefByURI(RpcEnv.scala:101)
	at org.apache.spark.rpc.RpcEnv.setupEndpointRef(RpcEnv.scala:109)
	at org.apache.spark.deploy.worker.Worker$$anonfun$org$apache$spark$deploy$worker$Worker$$reregisterWithMaster$1$$anon$2.run(Worker.scala:310)
	at java.util.concurrent.Executors$RunnableAdapter.call(Executors.java:511)
	at java.util.concurrent.FutureTask.run(FutureTask.java:266)
	at java.util.concurrent.ThreadPoolExecutor.runWorker(ThreadPoolExecutor.java:1142)
	at java.util.concurrent.ThreadPoolExecutor$Worker.run(ThreadPoolExecutor.java:617)
	at java.lang.Thread.run(Thread.java:748)
Caused by: java.io.IOException: Failed to connect to mdc-ch1-cust4.mdc.ext.hpe.com/10.1.1.4:7077
	at org.apache.spark.network.client.TransportClientFactory.createClient(TransportClientFactory.java:245)
	at org.apache.spark.network.client.TransportClientFactory.createClient(TransportClientFactory.java:187)
	at org.apache.spark.rpc.netty.NettyRpcEnv.createClient(NettyRpcEnv.scala:198)
	at org.apache.spark.rpc.netty.Outbox$$anon$1.call(Outbox.scala:194)
	at org.apache.spark.rpc.netty.Outbox$$anon$1.call(Outbox.scala:190)
	... 4 more
Caused by: io.netty.channel.AbstractChannel$AnnotatedConnectException: Connection refused: mdc-ch1-cust4.mdc.ext.hpe.com/10.1.1.4:7077
	at sun.nio.ch.SocketChannelImpl.checkConnect(Native Method)
	at sun.nio.ch.SocketChannelImpl.finishConnect(SocketChannelImpl.java:717)
	at io.netty.channel.socket.nio.NioSocketChannel.doFinishConnect(NioSocketChannel.java:323)
	at io.netty.channel.nio.AbstractNioChannel$AbstractNioUnsafe.finishConnect(AbstractNioChannel.java:340)
	at io.netty.channel.nio.NioEventLoop.processSelectedKey(NioEventLoop.java:633)
	at io.netty.channel.nio.NioEventLoop.processSelectedKeysOptimized(NioEventLoop.java:580)
	at io.netty.channel.nio.NioEventLoop.processSelectedKeys(NioEventLoop.java:497)
	at io.netty.channel.nio.NioEventLoop.run(NioEventLoop.java:459)
	at io.netty.util.concurrent.SingleThreadEventExecutor$5.run(SingleThreadEventExecutor.java:858)
	at io.netty.util.concurrent.DefaultThreadFactory$DefaultRunnableDecorator.run(DefaultThreadFactory.java:138)
	... 1 more
Caused by: java.net.ConnectException: Connection refused
	... 11 more
