Spark Command: /opt/jdk1.8.0_131/jre/bin/java -cp /var/tmp/spark2.0hpcplatform/multicore/worker3/conf/:/var/tmp/spark2.0hpcplatform/multicore/worker3/assembly/target/scala-2.11/jars/*:/opt/hadoop/etc/hadoop/ -Xmx1g org.apache.spark.deploy.worker.Worker --webui-port 8087 spark://mdc-ch1-cust4:7077 -h mdc-ch1-cust4
========================================
19/06/21 09:57:16 INFO worker.Worker: Started daemon with process name: 10589@mdc-ch1-cust4
19/06/21 09:57:16 INFO util.SignalUtils: Registered signal handler for TERM
19/06/21 09:57:16 INFO util.SignalUtils: Registered signal handler for HUP
19/06/21 09:57:16 INFO util.SignalUtils: Registered signal handler for INT
19/06/21 09:57:16 WARN util.NativeCodeLoader: Unable to load native-hadoop library for your platform... using builtin-java classes where applicable
19/06/21 09:57:16 INFO spark.SecurityManager: Changing view acls to: root
19/06/21 09:57:16 INFO spark.SecurityManager: Changing modify acls to: root
19/06/21 09:57:16 INFO spark.SecurityManager: Changing view acls groups to: 
19/06/21 09:57:16 INFO spark.SecurityManager: Changing modify acls groups to: 
19/06/21 09:57:16 INFO spark.SecurityManager: SecurityManager: authentication disabled; ui acls disabled; users  with view permissions: Set(root); groups with view permissions: Set(); users  with modify permissions: Set(root); groups with modify permissions: Set()
19/06/21 09:57:16 INFO util.Utils: Successfully started service 'sparkWorker' on port 42127.
19/06/21 09:57:17 INFO worker.Worker: Starting Spark worker mdc-ch1-cust4:42127 with 144 cores, 1921.3 GB RAM
19/06/21 09:57:17 INFO worker.Worker: Running Spark version 2.4.0
19/06/21 09:57:17 INFO worker.Worker: Spark home: /var/tmp/spark2.0hpcplatform/multicore/worker3
19/06/21 09:57:17 INFO util.log: Logging initialized @997ms
19/06/21 09:57:17 INFO server.Server: jetty-9.3.z-SNAPSHOT, build timestamp: unknown, git hash: unknown
19/06/21 09:57:17 INFO server.Server: Started @1033ms
19/06/21 09:57:17 INFO server.AbstractConnector: Started ServerConnector@5a12e2de{HTTP/1.1,[http/1.1]}{0.0.0.0:8087}
19/06/21 09:57:17 INFO util.Utils: Successfully started service 'WorkerUI' on port 8087.
19/06/21 09:57:17 INFO handler.ContextHandler: Started o.s.j.s.ServletContextHandler@18b0485{/logPage,null,AVAILABLE,@Spark}
19/06/21 09:57:17 INFO handler.ContextHandler: Started o.s.j.s.ServletContextHandler@4b7f2080{/logPage/json,null,AVAILABLE,@Spark}
19/06/21 09:57:17 INFO handler.ContextHandler: Started o.s.j.s.ServletContextHandler@24ca5cc4{/,null,AVAILABLE,@Spark}
19/06/21 09:57:17 INFO handler.ContextHandler: Started o.s.j.s.ServletContextHandler@936a1d0{/json,null,AVAILABLE,@Spark}
19/06/21 09:57:17 INFO handler.ContextHandler: Started o.s.j.s.ServletContextHandler@3bffeb56{/static,null,AVAILABLE,@Spark}
19/06/21 09:57:17 INFO handler.ContextHandler: Started o.s.j.s.ServletContextHandler@1f1720b0{/log,null,AVAILABLE,@Spark}
19/06/21 09:57:17 INFO ui.WorkerWebUI: Bound WorkerWebUI to 0.0.0.0, and started at http://mdc-ch1-cust4.mdc.ext.hpe.com:8087
19/06/21 09:57:17 INFO worker.Worker: Connecting to master mdc-ch1-cust4:7077...
19/06/21 09:57:17 INFO handler.ContextHandler: Started o.s.j.s.ServletContextHandler@5325b739{/metrics/json,null,AVAILABLE,@Spark}
19/06/21 09:57:17 INFO client.TransportClientFactory: Successfully created connection to mdc-ch1-cust4/10.1.1.4:7077 after 19 ms (0 ms spent in bootstraps)
19/06/21 09:57:17 INFO worker.Worker: Successfully registered with master spark://mdc-ch1-cust4.mdc.ext.hpe.com:7077
19/06/21 10:05:39 INFO worker.Worker: Asked to launch executor app-20190621100539-0000/2 for simple multi-processed groupby
19/06/21 10:05:39 INFO spark.SecurityManager: Changing view acls to: root
19/06/21 10:05:39 INFO spark.SecurityManager: Changing modify acls to: root
19/06/21 10:05:39 INFO spark.SecurityManager: Changing view acls groups to: 
19/06/21 10:05:39 INFO spark.SecurityManager: Changing modify acls groups to: 
19/06/21 10:05:39 INFO spark.SecurityManager: SecurityManager: authentication disabled; ui acls disabled; users  with view permissions: Set(root); groups with view permissions: Set(); users  with modify permissions: Set(root); groups with modify permissions: Set()
19/06/21 10:05:39 INFO worker.ExecutorRunner: Launch command: "/opt/jdk1.8.0_131/jre/bin/java" "-cp" "/var/tmp/spark2.0hpcplatform/lib/firesteel-2.4.0.jar:/var/tmp/spark2.0hpcplatform/multicore/worker3/conf/:/var/tmp/spark2.0hpcplatform/multicore/worker3/assembly/target/scala-2.11/jars/*:/opt/hadoop/etc/hadoop/" "-Xmx24576M" "-Dspark.driver.port=32841" "-Dspark.rpc.netty.dispatcher.numThreads=10" "-XX:ParallelGCThreads=10" "org.apache.spark.executor.CoarseGrainedExecutorBackend" "--driver-url" "spark://CoarseGrainedScheduler@mdc-ch1-cust4.mdc.ext.hpe.com:32841" "--executor-id" "2" "--hostname" "mdc-ch1-cust4" "--cores" "144" "--app-id" "app-20190621100539-0000" "--worker-url" "spark://Worker@mdc-ch1-cust4:42127"
19/06/21 10:05:39 INFO worker.Worker: Asked to kill executor app-20190621100539-0000/2
19/06/21 10:05:39 INFO worker.ExecutorRunner: Runner thread for executor app-20190621100539-0000/2 interrupted
19/06/21 10:05:39 INFO worker.ExecutorRunner: Killing process!
19/06/21 10:05:39 INFO worker.Worker: Executor app-20190621100539-0000/2 finished with state KILLED exitStatus 143
19/06/21 10:05:39 INFO shuffle.ExternalShuffleBlockResolver: Clean up non-shuffle files associated with the finished executor 2
19/06/21 10:05:39 INFO shuffle.ExternalShuffleBlockResolver: Executor is not registered (appId=app-20190621100539-0000, execId=2)
19/06/21 10:05:39 INFO shuffle.ExternalShuffleBlockResolver: Application app-20190621100539-0000 removed, cleanupLocalDirs = true
19/06/21 10:05:39 INFO worker.Worker: Cleaning up local directories for application app-20190621100539-0000
19/06/21 10:07:25 INFO worker.Worker: Asked to launch executor app-20190621100725-0001/2 for simple multi-processed groupby
19/06/21 10:07:25 INFO spark.SecurityManager: Changing view acls to: root
19/06/21 10:07:25 INFO spark.SecurityManager: Changing modify acls to: root
19/06/21 10:07:25 INFO spark.SecurityManager: Changing view acls groups to: 
19/06/21 10:07:25 INFO spark.SecurityManager: Changing modify acls groups to: 
19/06/21 10:07:25 INFO spark.SecurityManager: SecurityManager: authentication disabled; ui acls disabled; users  with view permissions: Set(root); groups with view permissions: Set(); users  with modify permissions: Set(root); groups with modify permissions: Set()
19/06/21 10:07:25 INFO worker.ExecutorRunner: Launch command: "/opt/jdk1.8.0_131/jre/bin/java" "-cp" "/var/tmp/spark2.0hpcplatform/lib/firesteel-2.4.0.jar:/var/tmp/spark2.0hpcplatform/multicore/worker3/conf/:/var/tmp/spark2.0hpcplatform/multicore/worker3/assembly/target/scala-2.11/jars/*:/opt/hadoop/etc/hadoop/" "-Xmx24576M" "-Dspark.rpc.netty.dispatcher.numThreads=10" "-Dspark.driver.port=45717" "-XX:ParallelGCThreads=10" "org.apache.spark.executor.CoarseGrainedExecutorBackend" "--driver-url" "spark://CoarseGrainedScheduler@mdc-ch1-cust4.mdc.ext.hpe.com:45717" "--executor-id" "2" "--hostname" "mdc-ch1-cust4" "--cores" "144" "--app-id" "app-20190621100725-0001" "--worker-url" "spark://Worker@mdc-ch1-cust4:42127"
19/06/21 10:09:05 INFO worker.Worker: Executor app-20190621100725-0001/2 finished with state EXITED message Command exited with code 52 exitStatus 52
19/06/21 10:09:05 INFO shuffle.ExternalShuffleBlockResolver: Clean up non-shuffle files associated with the finished executor 2
19/06/21 10:09:05 INFO shuffle.ExternalShuffleBlockResolver: Executor is not registered (appId=app-20190621100725-0001, execId=2)
19/06/21 10:09:05 INFO worker.Worker: Asked to launch executor app-20190621100725-0001/34 for simple multi-processed groupby
19/06/21 10:09:05 INFO spark.SecurityManager: Changing view acls to: root
19/06/21 10:09:05 INFO spark.SecurityManager: Changing modify acls to: root
19/06/21 10:09:05 INFO spark.SecurityManager: Changing view acls groups to: 
19/06/21 10:09:05 INFO spark.SecurityManager: Changing modify acls groups to: 
19/06/21 10:09:05 INFO spark.SecurityManager: SecurityManager: authentication disabled; ui acls disabled; users  with view permissions: Set(root); groups with view permissions: Set(); users  with modify permissions: Set(root); groups with modify permissions: Set()
19/06/21 10:09:05 INFO worker.ExecutorRunner: Launch command: "/opt/jdk1.8.0_131/jre/bin/java" "-cp" "/var/tmp/spark2.0hpcplatform/lib/firesteel-2.4.0.jar:/var/tmp/spark2.0hpcplatform/multicore/worker3/conf/:/var/tmp/spark2.0hpcplatform/multicore/worker3/assembly/target/scala-2.11/jars/*:/opt/hadoop/etc/hadoop/" "-Xmx24576M" "-Dspark.rpc.netty.dispatcher.numThreads=10" "-Dspark.driver.port=45717" "-XX:ParallelGCThreads=10" "org.apache.spark.executor.CoarseGrainedExecutorBackend" "--driver-url" "spark://CoarseGrainedScheduler@mdc-ch1-cust4.mdc.ext.hpe.com:45717" "--executor-id" "34" "--hostname" "mdc-ch1-cust4" "--cores" "144" "--app-id" "app-20190621100725-0001" "--worker-url" "spark://Worker@mdc-ch1-cust4:42127"
19/06/21 10:09:08 INFO worker.Worker: Asked to kill executor app-20190621100725-0001/34
19/06/21 10:09:08 INFO worker.ExecutorRunner: Runner thread for executor app-20190621100725-0001/34 interrupted
19/06/21 10:09:08 INFO worker.ExecutorRunner: Killing process!
19/06/21 10:09:08 INFO worker.Worker: Executor app-20190621100725-0001/34 finished with state KILLED exitStatus 0
19/06/21 10:09:08 INFO shuffle.ExternalShuffleBlockResolver: Clean up non-shuffle files associated with the finished executor 34
19/06/21 10:09:08 INFO shuffle.ExternalShuffleBlockResolver: Executor is not registered (appId=app-20190621100725-0001, execId=34)
19/06/21 10:09:08 INFO shuffle.ExternalShuffleBlockResolver: Application app-20190621100725-0001 removed, cleanupLocalDirs = true
19/06/21 10:09:08 INFO worker.Worker: Cleaning up local directories for application app-20190621100725-0001
19/06/21 10:09:33 INFO worker.Worker: Asked to launch executor app-20190621100933-0002/0 for simple multi-processed groupby
19/06/21 10:09:33 INFO spark.SecurityManager: Changing view acls to: root
19/06/21 10:09:33 INFO spark.SecurityManager: Changing modify acls to: root
19/06/21 10:09:33 INFO spark.SecurityManager: Changing view acls groups to: 
19/06/21 10:09:33 INFO spark.SecurityManager: Changing modify acls groups to: 
19/06/21 10:09:33 INFO spark.SecurityManager: SecurityManager: authentication disabled; ui acls disabled; users  with view permissions: Set(root); groups with view permissions: Set(); users  with modify permissions: Set(root); groups with modify permissions: Set()
19/06/21 10:09:33 INFO worker.ExecutorRunner: Launch command: "/opt/jdk1.8.0_131/jre/bin/java" "-cp" "/var/tmp/spark2.0hpcplatform/lib/firesteel-2.4.0.jar:/var/tmp/spark2.0hpcplatform/multicore/worker3/conf/:/var/tmp/spark2.0hpcplatform/multicore/worker3/assembly/target/scala-2.11/jars/*:/opt/hadoop/etc/hadoop/" "-Xmx24576M" "-Dspark.driver.port=35383" "-Dspark.rpc.netty.dispatcher.numThreads=10" "-XX:ParallelGCThreads=10" "org.apache.spark.executor.CoarseGrainedExecutorBackend" "--driver-url" "spark://CoarseGrainedScheduler@mdc-ch1-cust4.mdc.ext.hpe.com:35383" "--executor-id" "0" "--hostname" "mdc-ch1-cust4" "--cores" "144" "--app-id" "app-20190621100933-0002" "--worker-url" "spark://Worker@mdc-ch1-cust4:42127"
19/06/21 10:12:15 INFO worker.Worker: Asked to kill executor app-20190621100933-0002/0
19/06/21 10:12:15 INFO worker.ExecutorRunner: Runner thread for executor app-20190621100933-0002/0 interrupted
19/06/21 10:12:15 INFO worker.ExecutorRunner: Killing process!
19/06/21 10:12:25 INFO worker.Worker: Executor app-20190621100933-0002/0 finished with state KILLED exitStatus 137
19/06/21 10:12:25 INFO shuffle.ExternalShuffleBlockResolver: Clean up non-shuffle files associated with the finished executor 0
19/06/21 10:12:25 INFO shuffle.ExternalShuffleBlockResolver: Executor is not registered (appId=app-20190621100933-0002, execId=0)
19/06/21 10:12:25 INFO shuffle.ExternalShuffleBlockResolver: Application app-20190621100933-0002 removed, cleanupLocalDirs = true
19/06/21 10:12:25 INFO worker.Worker: Cleaning up local directories for application app-20190621100933-0002
19/06/21 12:21:58 ERROR worker.Worker: RECEIVED SIGNAL TERM
19/06/21 12:21:58 INFO worker.ExecutorRunner: Killing process!
19/06/21 12:21:58 INFO util.ShutdownHookManager: Shutdown hook called
19/06/21 12:21:58 INFO util.ShutdownHookManager: Deleting directory /data/spark-397e5763-b02a-4619-aa20-caef25d3be5c
