OpenJDK 64-Bit Server VM warning: sched_getaffinity failed (Invalid argument)- using online processor count (1152) which may exceed available processors
OpenJDK 64-Bit Server VM warning: sched_getaffinity failed (Invalid argument)- using online processor count (1152) which may exceed available processors
OpenJDK 64-Bit Server VM warning: sched_getaffinity failed (Invalid argument)- using online processor count (1152) which may exceed available processors
OpenJDK 64-Bit Server VM warning: sched_getaffinity failed (Invalid argument)- using online processor count (1152) which may exceed available processors
Spark Command: /usr/lib64/jvm/java-1.8.0-openjdk-1.8.0/jre/bin/java -cp /var/tmp/spark2.0hpcplatform/multicore/worker52/conf:/var/tmp/spark2.0hpcplatform/multicore/worker52/assembly/target/scala-2.11/jars/* -Xmx1g org.apache.spark.deploy.worker.Worker --webui-port 8185 spark://mdc-ch1-cust4:7077 -h mdc-ch1-cust4
========================================
OpenJDK 64-Bit Server VM warning: sched_getaffinity failed (Invalid argument)- using online processor count (1152) which may exceed available processors
OpenJDK 64-Bit Server VM warning: sched_getaffinity failed (Invalid argument)- using online processor count (1152) which may exceed available processors
OpenJDK 64-Bit Server VM warning: sched_getaffinity failed (Invalid argument)- using online processor count (1152) which may exceed available processors
OpenJDK 64-Bit Server VM warning: sched_getaffinity failed (Invalid argument)- using online processor count (1152) which may exceed available processors
Using Spark's default log4j profile: org/apache/spark/log4j-defaults.properties
19/06/13 08:38:51 INFO Worker: Started daemon with process name: 519815@mdc-ch1-cust4
19/06/13 08:38:51 INFO SignalUtils: Registered signal handler for TERM
19/06/13 08:38:51 INFO SignalUtils: Registered signal handler for HUP
19/06/13 08:38:51 INFO SignalUtils: Registered signal handler for INT
OpenJDK 64-Bit Server VM warning: sched_getaffinity failed (Invalid argument)- using online processor count (1152) which may exceed available processors
OpenJDK 64-Bit Server VM warning: sched_getaffinity failed (Invalid argument)- using online processor count (1152) which may exceed available processors
19/06/13 08:38:51 WARN NativeCodeLoader: Unable to load native-hadoop library for your platform... using builtin-java classes where applicable
19/06/13 08:38:51 INFO SecurityManager: Changing view acls to: root
19/06/13 08:38:51 INFO SecurityManager: Changing modify acls to: root
19/06/13 08:38:51 INFO SecurityManager: Changing view acls groups to: 
19/06/13 08:38:51 INFO SecurityManager: Changing modify acls groups to: 
19/06/13 08:38:51 INFO SecurityManager: SecurityManager: authentication disabled; ui acls disabled; users  with view permissions: Set(root); groups with view permissions: Set(); users  with modify permissions: Set(root); groups with modify permissions: Set()
OpenJDK 64-Bit Server VM warning: sched_getaffinity failed (Invalid argument)- using online processor count (1152) which may exceed available processors
OpenJDK 64-Bit Server VM warning: sched_getaffinity failed (Invalid argument)- using online processor count (1152) which may exceed available processors
OpenJDK 64-Bit Server VM warning: sched_getaffinity failed (Invalid argument)- using online processor count (1152) which may exceed available processors
OpenJDK 64-Bit Server VM warning: sched_getaffinity failed (Invalid argument)- using online processor count (1152) which may exceed available processors
19/06/13 08:38:52 INFO Utils: Successfully started service 'sparkWorker' on port 40275.
OpenJDK 64-Bit Server VM warning: sched_getaffinity failed (Invalid argument)- using online processor count (1152) which may exceed available processors
19/06/13 08:38:53 INFO Worker: Starting Spark worker mdc-ch1-cust4:40275 with 1152 cores, 22.9 TB RAM
19/06/13 08:38:53 INFO Worker: Running Spark version 2.4.0
19/06/13 08:38:53 INFO Worker: Spark home: /var/tmp/spark2.0hpcplatform/multicore/worker52
OpenJDK 64-Bit Server VM warning: sched_getaffinity failed (Invalid argument)- using online processor count (1152) which may exceed available processors
OpenJDK 64-Bit Server VM warning: sched_getaffinity failed (Invalid argument)- using online processor count (1152) which may exceed available processors
19/06/13 08:38:53 INFO Utils: Successfully started service 'WorkerUI' on port 8185.
19/06/13 08:38:53 INFO WorkerWebUI: Bound WorkerWebUI to 0.0.0.0, and started at http://mdc-ch1-cust4.mdc.ext.hpe.com:8185
19/06/13 08:38:53 INFO Worker: Connecting to master mdc-ch1-cust4:7077...
19/06/13 08:38:53 INFO TransportClientFactory: Successfully created connection to mdc-ch1-cust4/10.1.1.4:7077 after 20 ms (0 ms spent in bootstraps)
19/06/13 08:38:53 INFO Worker: Successfully registered with master spark://mdc-ch1-cust4.mdc.ext.hpe.com:7077
19/06/13 09:20:23 INFO Worker: Asked to launch executor app-20190613092023-0000/345 for TeraSort
19/06/13 09:20:24 INFO SecurityManager: Changing view acls to: root
19/06/13 09:20:24 INFO SecurityManager: Changing modify acls to: root
19/06/13 09:20:24 INFO SecurityManager: Changing view acls groups to: 
19/06/13 09:20:24 INFO SecurityManager: Changing modify acls groups to: 
19/06/13 09:20:24 INFO SecurityManager: SecurityManager: authentication disabled; ui acls disabled; users  with view permissions: Set(root); groups with view permissions: Set(); users  with modify permissions: Set(root); groups with modify permissions: Set()
19/06/13 09:20:24 INFO Worker: Asked to launch executor app-20190613092023-0000/346 for TeraSort
19/06/13 09:20:24 INFO Worker: Asked to launch executor app-20190613092023-0000/347 for TeraSort
19/06/13 09:20:24 INFO SecurityManager: Changing view acls to: root
19/06/13 09:20:24 INFO SecurityManager: Changing modify acls to: root
19/06/13 09:20:24 INFO SecurityManager: Changing view acls groups to: 
19/06/13 09:20:24 INFO SecurityManager: Changing modify acls groups to: 
19/06/13 09:20:24 INFO SecurityManager: SecurityManager: authentication disabled; ui acls disabled; users  with view permissions: Set(root); groups with view permissions: Set(); users  with modify permissions: Set(root); groups with modify permissions: Set()
19/06/13 09:20:24 INFO ExecutorRunner: Launch command: "/usr/lib64/jvm/java-1.8.0-openjdk-1.8.0/jre/bin/java" "-cp" "/var/tmp/spark2.0hpcplatform/lib/firesteel-2.4.0.jar:/var/tmp/spark2.0hpcplatform/multicore/worker52/conf:/var/tmp/spark2.0hpcplatform/multicore/worker52/assembly/target/scala-2.11/jars/*" "-Xmx5120M" "-Dspark.driver.port=38521" "-Dspark.rpc.netty.dispatcher.numThreads=10" "-XX:ParallelGCThreads=10" "org.apache.spark.executor.CoarseGrainedExecutorBackend" "--driver-url" "spark://CoarseGrainedScheduler@mdc-ch1-cust4.mdc.ext.hpe.com:38521" "--executor-id" "345" "--hostname" "mdc-ch1-cust4" "--cores" "2" "--app-id" "app-20190613092023-0000" "--worker-url" "spark://Worker@mdc-ch1-cust4:40275"
19/06/13 09:20:24 INFO Worker: Asked to launch executor app-20190613092023-0000/348 for TeraSort
19/06/13 09:20:24 INFO Worker: Asked to launch executor app-20190613092023-0000/349 for TeraSort
19/06/13 09:20:24 INFO SecurityManager: Changing view acls to: root
19/06/13 09:20:24 INFO SecurityManager: Changing modify acls to: root
19/06/13 09:20:24 INFO SecurityManager: Changing view acls groups to: 
19/06/13 09:20:24 INFO SecurityManager: Changing modify acls groups to: 
19/06/13 09:20:24 INFO SecurityManager: SecurityManager: authentication disabled; ui acls disabled; users  with view permissions: Set(root); groups with view permissions: Set(); users  with modify permissions: Set(root); groups with modify permissions: Set()
19/06/13 09:20:24 INFO SecurityManager: Changing view acls to: root
19/06/13 09:20:24 INFO SecurityManager: Changing modify acls to: root
19/06/13 09:20:24 INFO SecurityManager: Changing view acls groups to: 
19/06/13 09:20:24 INFO SecurityManager: Changing modify acls groups to: 
19/06/13 09:20:24 INFO SecurityManager: SecurityManager: authentication disabled; ui acls disabled; users  with view permissions: Set(root); groups with view permissions: Set(); users  with modify permissions: Set(root); groups with modify permissions: Set()
19/06/13 09:20:24 INFO SecurityManager: Changing view acls to: root
19/06/13 09:20:24 INFO SecurityManager: Changing modify acls to: root
19/06/13 09:20:24 INFO SecurityManager: Changing view acls groups to: 
19/06/13 09:20:24 INFO SecurityManager: Changing modify acls groups to: 
19/06/13 09:20:24 INFO SecurityManager: SecurityManager: authentication disabled; ui acls disabled; users  with view permissions: Set(root); groups with view permissions: Set(); users  with modify permissions: Set(root); groups with modify permissions: Set()
19/06/13 09:20:24 INFO ExecutorRunner: Launch command: "/usr/lib64/jvm/java-1.8.0-openjdk-1.8.0/jre/bin/java" "-cp" "/var/tmp/spark2.0hpcplatform/lib/firesteel-2.4.0.jar:/var/tmp/spark2.0hpcplatform/multicore/worker52/conf:/var/tmp/spark2.0hpcplatform/multicore/worker52/assembly/target/scala-2.11/jars/*" "-Xmx5120M" "-Dspark.driver.port=38521" "-Dspark.rpc.netty.dispatcher.numThreads=10" "-XX:ParallelGCThreads=10" "org.apache.spark.executor.CoarseGrainedExecutorBackend" "--driver-url" "spark://CoarseGrainedScheduler@mdc-ch1-cust4.mdc.ext.hpe.com:38521" "--executor-id" "346" "--hostname" "mdc-ch1-cust4" "--cores" "2" "--app-id" "app-20190613092023-0000" "--worker-url" "spark://Worker@mdc-ch1-cust4:40275"
19/06/13 09:20:25 INFO ExecutorRunner: Launch command: "/usr/lib64/jvm/java-1.8.0-openjdk-1.8.0/jre/bin/java" "-cp" "/var/tmp/spark2.0hpcplatform/lib/firesteel-2.4.0.jar:/var/tmp/spark2.0hpcplatform/multicore/worker52/conf:/var/tmp/spark2.0hpcplatform/multicore/worker52/assembly/target/scala-2.11/jars/*" "-Xmx5120M" "-Dspark.driver.port=38521" "-Dspark.rpc.netty.dispatcher.numThreads=10" "-XX:ParallelGCThreads=10" "org.apache.spark.executor.CoarseGrainedExecutorBackend" "--driver-url" "spark://CoarseGrainedScheduler@mdc-ch1-cust4.mdc.ext.hpe.com:38521" "--executor-id" "348" "--hostname" "mdc-ch1-cust4" "--cores" "2" "--app-id" "app-20190613092023-0000" "--worker-url" "spark://Worker@mdc-ch1-cust4:40275"
19/06/13 09:20:25 INFO ExecutorRunner: Launch command: "/usr/lib64/jvm/java-1.8.0-openjdk-1.8.0/jre/bin/java" "-cp" "/var/tmp/spark2.0hpcplatform/lib/firesteel-2.4.0.jar:/var/tmp/spark2.0hpcplatform/multicore/worker52/conf:/var/tmp/spark2.0hpcplatform/multicore/worker52/assembly/target/scala-2.11/jars/*" "-Xmx5120M" "-Dspark.driver.port=38521" "-Dspark.rpc.netty.dispatcher.numThreads=10" "-XX:ParallelGCThreads=10" "org.apache.spark.executor.CoarseGrainedExecutorBackend" "--driver-url" "spark://CoarseGrainedScheduler@mdc-ch1-cust4.mdc.ext.hpe.com:38521" "--executor-id" "347" "--hostname" "mdc-ch1-cust4" "--cores" "2" "--app-id" "app-20190613092023-0000" "--worker-url" "spark://Worker@mdc-ch1-cust4:40275"
19/06/13 09:20:25 INFO ExecutorRunner: Launch command: "/usr/lib64/jvm/java-1.8.0-openjdk-1.8.0/jre/bin/java" "-cp" "/var/tmp/spark2.0hpcplatform/lib/firesteel-2.4.0.jar:/var/tmp/spark2.0hpcplatform/multicore/worker52/conf:/var/tmp/spark2.0hpcplatform/multicore/worker52/assembly/target/scala-2.11/jars/*" "-Xmx5120M" "-Dspark.driver.port=38521" "-Dspark.rpc.netty.dispatcher.numThreads=10" "-XX:ParallelGCThreads=10" "org.apache.spark.executor.CoarseGrainedExecutorBackend" "--driver-url" "spark://CoarseGrainedScheduler@mdc-ch1-cust4.mdc.ext.hpe.com:38521" "--executor-id" "349" "--hostname" "mdc-ch1-cust4" "--cores" "2" "--app-id" "app-20190613092023-0000" "--worker-url" "spark://Worker@mdc-ch1-cust4:40275"
19/06/13 09:20:28 INFO Worker: Asked to kill executor app-20190613092023-0000/346
19/06/13 09:20:28 INFO Worker: Asked to kill executor app-20190613092023-0000/349
19/06/13 09:20:28 INFO ExecutorRunner: Runner thread for executor app-20190613092023-0000/346 interrupted
19/06/13 09:20:28 INFO ExecutorRunner: Runner thread for executor app-20190613092023-0000/349 interrupted
19/06/13 09:20:28 INFO Worker: Asked to kill executor app-20190613092023-0000/345
19/06/13 09:20:28 INFO ExecutorRunner: Runner thread for executor app-20190613092023-0000/345 interrupted
19/06/13 09:20:28 INFO ExecutorRunner: Killing process!
19/06/13 09:20:28 INFO ExecutorRunner: Killing process!
19/06/13 09:20:28 INFO Worker: Asked to kill executor app-20190613092023-0000/348
19/06/13 09:20:28 INFO ExecutorRunner: Killing process!
19/06/13 09:20:28 INFO ExecutorRunner: Runner thread for executor app-20190613092023-0000/348 interrupted
19/06/13 09:20:28 INFO ExecutorRunner: Killing process!
19/06/13 09:20:28 INFO Worker: Asked to kill executor app-20190613092023-0000/347
19/06/13 09:20:28 INFO ExecutorRunner: Runner thread for executor app-20190613092023-0000/347 interrupted
19/06/13 09:20:28 INFO ExecutorRunner: Killing process!
19/06/13 09:20:28 INFO Worker: Executor app-20190613092023-0000/345 finished with state KILLED exitStatus 143
19/06/13 09:20:28 INFO ExternalShuffleBlockResolver: Clean up non-shuffle files associated with the finished executor 345
19/06/13 09:20:28 INFO ExternalShuffleBlockResolver: Executor is not registered (appId=app-20190613092023-0000, execId=345)
19/06/13 09:20:28 INFO Worker: Executor app-20190613092023-0000/346 finished with state KILLED exitStatus 143
19/06/13 09:20:28 INFO ExternalShuffleBlockResolver: Clean up non-shuffle files associated with the finished executor 346
19/06/13 09:20:28 INFO ExternalShuffleBlockResolver: Executor is not registered (appId=app-20190613092023-0000, execId=346)
19/06/13 09:20:28 INFO Worker: Executor app-20190613092023-0000/349 finished with state KILLED exitStatus 143
19/06/13 09:20:28 INFO ExternalShuffleBlockResolver: Clean up non-shuffle files associated with the finished executor 349
19/06/13 09:20:28 INFO ExternalShuffleBlockResolver: Executor is not registered (appId=app-20190613092023-0000, execId=349)
19/06/13 09:20:28 INFO Worker: Executor app-20190613092023-0000/347 finished with state KILLED exitStatus 143
19/06/13 09:20:28 INFO ExternalShuffleBlockResolver: Clean up non-shuffle files associated with the finished executor 347
19/06/13 09:20:28 INFO ExternalShuffleBlockResolver: Executor is not registered (appId=app-20190613092023-0000, execId=347)
19/06/13 09:20:28 INFO Worker: Executor app-20190613092023-0000/348 finished with state KILLED exitStatus 143
19/06/13 09:20:28 INFO ExternalShuffleBlockResolver: Clean up non-shuffle files associated with the finished executor 348
19/06/13 09:20:28 INFO ExternalShuffleBlockResolver: Executor is not registered (appId=app-20190613092023-0000, execId=348)
19/06/13 09:20:28 INFO ExternalShuffleBlockResolver: Application app-20190613092023-0000 removed, cleanupLocalDirs = true
19/06/13 09:20:28 INFO Worker: Cleaning up local directories for application app-20190613092023-0000
19/06/13 09:51:52 INFO Worker: Asked to launch executor app-20190613095152-0001/350 for TeraSort
19/06/13 09:51:52 INFO SecurityManager: Changing view acls to: root
19/06/13 09:51:52 INFO SecurityManager: Changing modify acls to: root
19/06/13 09:51:52 INFO SecurityManager: Changing view acls groups to: 
19/06/13 09:51:52 INFO SecurityManager: Changing modify acls groups to: 
19/06/13 09:51:52 INFO SecurityManager: SecurityManager: authentication disabled; ui acls disabled; users  with view permissions: Set(root); groups with view permissions: Set(); users  with modify permissions: Set(root); groups with modify permissions: Set()
19/06/13 09:51:52 INFO Worker: Asked to launch executor app-20190613095152-0001/351 for TeraSort
19/06/13 09:51:52 INFO Worker: Asked to launch executor app-20190613095152-0001/352 for TeraSort
19/06/13 09:51:52 INFO SecurityManager: Changing view acls to: root
19/06/13 09:51:52 INFO SecurityManager: Changing modify acls to: root
19/06/13 09:51:52 INFO SecurityManager: Changing view acls groups to: 
19/06/13 09:51:52 INFO SecurityManager: Changing modify acls groups to: 
19/06/13 09:51:52 INFO SecurityManager: Changing view acls to: root
19/06/13 09:51:52 INFO SecurityManager: SecurityManager: authentication disabled; ui acls disabled; users  with view permissions: Set(root); groups with view permissions: Set(); users  with modify permissions: Set(root); groups with modify permissions: Set()
19/06/13 09:51:52 INFO SecurityManager: Changing modify acls to: root
19/06/13 09:51:52 INFO SecurityManager: Changing view acls groups to: 
19/06/13 09:51:52 INFO SecurityManager: Changing modify acls groups to: 
19/06/13 09:51:52 INFO SecurityManager: SecurityManager: authentication disabled; ui acls disabled; users  with view permissions: Set(root); groups with view permissions: Set(); users  with modify permissions: Set(root); groups with modify permissions: Set()
19/06/13 09:51:52 INFO Worker: Asked to launch executor app-20190613095152-0001/353 for TeraSort
19/06/13 09:51:52 INFO Worker: Asked to launch executor app-20190613095152-0001/354 for TeraSort
19/06/13 09:51:52 INFO SecurityManager: Changing view acls to: root
19/06/13 09:51:52 INFO SecurityManager: Changing modify acls to: root
19/06/13 09:51:52 INFO SecurityManager: Changing view acls groups to: 
19/06/13 09:51:52 INFO SecurityManager: Changing modify acls groups to: 
19/06/13 09:51:52 INFO SecurityManager: SecurityManager: authentication disabled; ui acls disabled; users  with view permissions: Set(root); groups with view permissions: Set(); users  with modify permissions: Set(root); groups with modify permissions: Set()
19/06/13 09:51:52 INFO SecurityManager: Changing view acls to: root
19/06/13 09:51:52 INFO SecurityManager: Changing modify acls to: root
19/06/13 09:51:52 INFO SecurityManager: Changing view acls groups to: 
19/06/13 09:51:52 INFO SecurityManager: Changing modify acls groups to: 
19/06/13 09:51:52 INFO SecurityManager: SecurityManager: authentication disabled; ui acls disabled; users  with view permissions: Set(root); groups with view permissions: Set(); users  with modify permissions: Set(root); groups with modify permissions: Set()
19/06/13 09:51:52 INFO ExecutorRunner: Launch command: "/usr/lib64/jvm/java-1.8.0-openjdk-1.8.0/jre/bin/java" "-cp" "/var/tmp/spark2.0hpcplatform/lib/firesteel-2.4.0.jar:/var/tmp/spark2.0hpcplatform/multicore/worker52/conf:/var/tmp/spark2.0hpcplatform/multicore/worker52/assembly/target/scala-2.11/jars/*" "-Xmx5120M" "-Dspark.driver.port=36403" "-Dspark.rpc.netty.dispatcher.numThreads=10" "-XX:ParallelGCThreads=10" "org.apache.spark.executor.CoarseGrainedExecutorBackend" "--driver-url" "spark://CoarseGrainedScheduler@mdc-ch1-cust4.mdc.ext.hpe.com:36403" "--executor-id" "350" "--hostname" "mdc-ch1-cust4" "--cores" "2" "--app-id" "app-20190613095152-0001" "--worker-url" "spark://Worker@mdc-ch1-cust4:40275"
19/06/13 09:51:52 INFO ExecutorRunner: Launch command: "/usr/lib64/jvm/java-1.8.0-openjdk-1.8.0/jre/bin/java" "-cp" "/var/tmp/spark2.0hpcplatform/lib/firesteel-2.4.0.jar:/var/tmp/spark2.0hpcplatform/multicore/worker52/conf:/var/tmp/spark2.0hpcplatform/multicore/worker52/assembly/target/scala-2.11/jars/*" "-Xmx5120M" "-Dspark.driver.port=36403" "-Dspark.rpc.netty.dispatcher.numThreads=10" "-XX:ParallelGCThreads=10" "org.apache.spark.executor.CoarseGrainedExecutorBackend" "--driver-url" "spark://CoarseGrainedScheduler@mdc-ch1-cust4.mdc.ext.hpe.com:36403" "--executor-id" "351" "--hostname" "mdc-ch1-cust4" "--cores" "2" "--app-id" "app-20190613095152-0001" "--worker-url" "spark://Worker@mdc-ch1-cust4:40275"
19/06/13 09:51:52 INFO ExecutorRunner: Launch command: "/usr/lib64/jvm/java-1.8.0-openjdk-1.8.0/jre/bin/java" "-cp" "/var/tmp/spark2.0hpcplatform/lib/firesteel-2.4.0.jar:/var/tmp/spark2.0hpcplatform/multicore/worker52/conf:/var/tmp/spark2.0hpcplatform/multicore/worker52/assembly/target/scala-2.11/jars/*" "-Xmx5120M" "-Dspark.driver.port=36403" "-Dspark.rpc.netty.dispatcher.numThreads=10" "-XX:ParallelGCThreads=10" "org.apache.spark.executor.CoarseGrainedExecutorBackend" "--driver-url" "spark://CoarseGrainedScheduler@mdc-ch1-cust4.mdc.ext.hpe.com:36403" "--executor-id" "354" "--hostname" "mdc-ch1-cust4" "--cores" "2" "--app-id" "app-20190613095152-0001" "--worker-url" "spark://Worker@mdc-ch1-cust4:40275"
19/06/13 09:51:52 INFO ExecutorRunner: Launch command: "/usr/lib64/jvm/java-1.8.0-openjdk-1.8.0/jre/bin/java" "-cp" "/var/tmp/spark2.0hpcplatform/lib/firesteel-2.4.0.jar:/var/tmp/spark2.0hpcplatform/multicore/worker52/conf:/var/tmp/spark2.0hpcplatform/multicore/worker52/assembly/target/scala-2.11/jars/*" "-Xmx5120M" "-Dspark.driver.port=36403" "-Dspark.rpc.netty.dispatcher.numThreads=10" "-XX:ParallelGCThreads=10" "org.apache.spark.executor.CoarseGrainedExecutorBackend" "--driver-url" "spark://CoarseGrainedScheduler@mdc-ch1-cust4.mdc.ext.hpe.com:36403" "--executor-id" "353" "--hostname" "mdc-ch1-cust4" "--cores" "2" "--app-id" "app-20190613095152-0001" "--worker-url" "spark://Worker@mdc-ch1-cust4:40275"
19/06/13 09:51:52 INFO ExecutorRunner: Launch command: "/usr/lib64/jvm/java-1.8.0-openjdk-1.8.0/jre/bin/java" "-cp" "/var/tmp/spark2.0hpcplatform/lib/firesteel-2.4.0.jar:/var/tmp/spark2.0hpcplatform/multicore/worker52/conf:/var/tmp/spark2.0hpcplatform/multicore/worker52/assembly/target/scala-2.11/jars/*" "-Xmx5120M" "-Dspark.driver.port=36403" "-Dspark.rpc.netty.dispatcher.numThreads=10" "-XX:ParallelGCThreads=10" "org.apache.spark.executor.CoarseGrainedExecutorBackend" "--driver-url" "spark://CoarseGrainedScheduler@mdc-ch1-cust4.mdc.ext.hpe.com:36403" "--executor-id" "352" "--hostname" "mdc-ch1-cust4" "--cores" "2" "--app-id" "app-20190613095152-0001" "--worker-url" "spark://Worker@mdc-ch1-cust4:40275"
19/06/13 09:51:57 INFO Worker: Asked to kill executor app-20190613095152-0001/352
19/06/13 09:51:57 INFO ExecutorRunner: Runner thread for executor app-20190613095152-0001/352 interrupted
19/06/13 09:51:57 INFO Worker: Asked to kill executor app-20190613095152-0001/354
19/06/13 09:51:57 INFO ExecutorRunner: Killing process!
19/06/13 09:51:57 INFO Worker: Asked to kill executor app-20190613095152-0001/351
19/06/13 09:51:57 INFO ExecutorRunner: Runner thread for executor app-20190613095152-0001/354 interrupted
19/06/13 09:51:57 INFO ExecutorRunner: Killing process!
19/06/13 09:51:57 INFO Worker: Asked to kill executor app-20190613095152-0001/350
19/06/13 09:51:57 INFO ExecutorRunner: Runner thread for executor app-20190613095152-0001/351 interrupted
19/06/13 09:51:57 INFO ExecutorRunner: Runner thread for executor app-20190613095152-0001/350 interrupted
19/06/13 09:51:57 INFO Worker: Asked to kill executor app-20190613095152-0001/353
19/06/13 09:51:57 INFO ExecutorRunner: Killing process!
19/06/13 09:51:57 INFO ExecutorRunner: Killing process!
19/06/13 09:51:57 INFO ExecutorRunner: Runner thread for executor app-20190613095152-0001/353 interrupted
19/06/13 09:51:57 INFO ExecutorRunner: Killing process!
19/06/13 09:51:57 INFO Worker: Executor app-20190613095152-0001/352 finished with state KILLED exitStatus 143
19/06/13 09:51:57 INFO ExternalShuffleBlockResolver: Clean up non-shuffle files associated with the finished executor 352
19/06/13 09:51:57 INFO ExternalShuffleBlockResolver: Executor is not registered (appId=app-20190613095152-0001, execId=352)
19/06/13 09:51:58 INFO Worker: Executor app-20190613095152-0001/351 finished with state KILLED exitStatus 143
19/06/13 09:51:58 INFO ExternalShuffleBlockResolver: Clean up non-shuffle files associated with the finished executor 351
19/06/13 09:51:58 INFO ExternalShuffleBlockResolver: Executor is not registered (appId=app-20190613095152-0001, execId=351)
19/06/13 09:51:58 INFO Worker: Executor app-20190613095152-0001/354 finished with state KILLED exitStatus 143
19/06/13 09:51:58 INFO ExternalShuffleBlockResolver: Clean up non-shuffle files associated with the finished executor 354
19/06/13 09:51:58 INFO ExternalShuffleBlockResolver: Executor is not registered (appId=app-20190613095152-0001, execId=354)
19/06/13 09:51:58 INFO Worker: Executor app-20190613095152-0001/350 finished with state KILLED exitStatus 143
19/06/13 09:51:58 INFO ExternalShuffleBlockResolver: Clean up non-shuffle files associated with the finished executor 350
19/06/13 09:51:58 INFO ExternalShuffleBlockResolver: Executor is not registered (appId=app-20190613095152-0001, execId=350)
19/06/13 09:51:59 INFO Worker: Executor app-20190613095152-0001/353 finished with state KILLED exitStatus 143
19/06/13 09:51:59 INFO ExternalShuffleBlockResolver: Clean up non-shuffle files associated with the finished executor 353
19/06/13 09:51:59 INFO ExternalShuffleBlockResolver: Executor is not registered (appId=app-20190613095152-0001, execId=353)
19/06/13 09:51:59 INFO ExternalShuffleBlockResolver: Application app-20190613095152-0001 removed, cleanupLocalDirs = true
19/06/13 09:51:59 INFO Worker: Cleaning up local directories for application app-20190613095152-0001
19/06/13 09:56:29 INFO Worker: Asked to launch executor app-20190613095629-0002/355 for TeraSort
19/06/13 09:56:29 INFO SecurityManager: Changing view acls to: root
19/06/13 09:56:29 INFO SecurityManager: Changing modify acls to: root
19/06/13 09:56:29 INFO SecurityManager: Changing view acls groups to: 
19/06/13 09:56:29 INFO SecurityManager: Changing modify acls groups to: 
19/06/13 09:56:29 INFO SecurityManager: SecurityManager: authentication disabled; ui acls disabled; users  with view permissions: Set(root); groups with view permissions: Set(); users  with modify permissions: Set(root); groups with modify permissions: Set()
19/06/13 09:56:29 INFO Worker: Asked to launch executor app-20190613095629-0002/356 for TeraSort
19/06/13 09:56:29 INFO Worker: Asked to launch executor app-20190613095629-0002/357 for TeraSort
19/06/13 09:56:29 INFO SecurityManager: Changing view acls to: root
19/06/13 09:56:29 INFO SecurityManager: Changing modify acls to: root
19/06/13 09:56:29 INFO SecurityManager: Changing view acls groups to: 
19/06/13 09:56:29 INFO SecurityManager: Changing modify acls groups to: 
19/06/13 09:56:29 INFO SecurityManager: SecurityManager: authentication disabled; ui acls disabled; users  with view permissions: Set(root); groups with view permissions: Set(); users  with modify permissions: Set(root); groups with modify permissions: Set()
19/06/13 09:56:29 INFO Worker: Asked to launch executor app-20190613095629-0002/358 for TeraSort
19/06/13 09:56:29 INFO SecurityManager: Changing view acls to: root
19/06/13 09:56:29 INFO SecurityManager: Changing view acls to: root
19/06/13 09:56:29 INFO SecurityManager: Changing modify acls to: root
19/06/13 09:56:29 INFO SecurityManager: Changing view acls groups to: 
19/06/13 09:56:29 INFO SecurityManager: Changing modify acls groups to: 
19/06/13 09:56:29 INFO SecurityManager: SecurityManager: authentication disabled; ui acls disabled; users  with view permissions: Set(root); groups with view permissions: Set(); users  with modify permissions: Set(root); groups with modify permissions: Set()
19/06/13 09:56:29 INFO SecurityManager: Changing modify acls to: root
19/06/13 09:56:29 INFO Worker: Asked to launch executor app-20190613095629-0002/359 for TeraSort
19/06/13 09:56:29 INFO SecurityManager: Changing view acls groups to: 
19/06/13 09:56:29 INFO SecurityManager: Changing modify acls groups to: 
19/06/13 09:56:29 INFO SecurityManager: SecurityManager: authentication disabled; ui acls disabled; users  with view permissions: Set(root); groups with view permissions: Set(); users  with modify permissions: Set(root); groups with modify permissions: Set()
19/06/13 09:56:29 INFO SecurityManager: Changing view acls to: root
19/06/13 09:56:29 INFO SecurityManager: Changing modify acls to: root
19/06/13 09:56:29 INFO SecurityManager: Changing view acls groups to: 
19/06/13 09:56:29 INFO SecurityManager: Changing modify acls groups to: 
19/06/13 09:56:29 INFO SecurityManager: SecurityManager: authentication disabled; ui acls disabled; users  with view permissions: Set(root); groups with view permissions: Set(); users  with modify permissions: Set(root); groups with modify permissions: Set()
19/06/13 09:56:29 INFO ExecutorRunner: Launch command: "/usr/lib64/jvm/java-1.8.0-openjdk-1.8.0/jre/bin/java" "-cp" "/var/tmp/spark2.0hpcplatform/lib/firesteel-2.4.0.jar:/var/tmp/spark2.0hpcplatform/multicore/worker52/conf:/var/tmp/spark2.0hpcplatform/multicore/worker52/assembly/target/scala-2.11/jars/*" "-Xmx5120M" "-Dspark.driver.port=34453" "-Dspark.rpc.netty.dispatcher.numThreads=10" "-XX:ParallelGCThreads=10" "org.apache.spark.executor.CoarseGrainedExecutorBackend" "--driver-url" "spark://CoarseGrainedScheduler@mdc-ch1-cust4.mdc.ext.hpe.com:34453" "--executor-id" "355" "--hostname" "mdc-ch1-cust4" "--cores" "2" "--app-id" "app-20190613095629-0002" "--worker-url" "spark://Worker@mdc-ch1-cust4:40275"
19/06/13 09:56:29 INFO ExecutorRunner: Launch command: "/usr/lib64/jvm/java-1.8.0-openjdk-1.8.0/jre/bin/java" "-cp" "/var/tmp/spark2.0hpcplatform/lib/firesteel-2.4.0.jar:/var/tmp/spark2.0hpcplatform/multicore/worker52/conf:/var/tmp/spark2.0hpcplatform/multicore/worker52/assembly/target/scala-2.11/jars/*" "-Xmx5120M" "-Dspark.driver.port=34453" "-Dspark.rpc.netty.dispatcher.numThreads=10" "-XX:ParallelGCThreads=10" "org.apache.spark.executor.CoarseGrainedExecutorBackend" "--driver-url" "spark://CoarseGrainedScheduler@mdc-ch1-cust4.mdc.ext.hpe.com:34453" "--executor-id" "356" "--hostname" "mdc-ch1-cust4" "--cores" "2" "--app-id" "app-20190613095629-0002" "--worker-url" "spark://Worker@mdc-ch1-cust4:40275"
19/06/13 09:56:29 INFO ExecutorRunner: Launch command: "/usr/lib64/jvm/java-1.8.0-openjdk-1.8.0/jre/bin/java" "-cp" "/var/tmp/spark2.0hpcplatform/lib/firesteel-2.4.0.jar:/var/tmp/spark2.0hpcplatform/multicore/worker52/conf:/var/tmp/spark2.0hpcplatform/multicore/worker52/assembly/target/scala-2.11/jars/*" "-Xmx5120M" "-Dspark.driver.port=34453" "-Dspark.rpc.netty.dispatcher.numThreads=10" "-XX:ParallelGCThreads=10" "org.apache.spark.executor.CoarseGrainedExecutorBackend" "--driver-url" "spark://CoarseGrainedScheduler@mdc-ch1-cust4.mdc.ext.hpe.com:34453" "--executor-id" "358" "--hostname" "mdc-ch1-cust4" "--cores" "2" "--app-id" "app-20190613095629-0002" "--worker-url" "spark://Worker@mdc-ch1-cust4:40275"
19/06/13 09:56:29 INFO ExecutorRunner: Launch command: "/usr/lib64/jvm/java-1.8.0-openjdk-1.8.0/jre/bin/java" "-cp" "/var/tmp/spark2.0hpcplatform/lib/firesteel-2.4.0.jar:/var/tmp/spark2.0hpcplatform/multicore/worker52/conf:/var/tmp/spark2.0hpcplatform/multicore/worker52/assembly/target/scala-2.11/jars/*" "-Xmx5120M" "-Dspark.driver.port=34453" "-Dspark.rpc.netty.dispatcher.numThreads=10" "-XX:ParallelGCThreads=10" "org.apache.spark.executor.CoarseGrainedExecutorBackend" "--driver-url" "spark://CoarseGrainedScheduler@mdc-ch1-cust4.mdc.ext.hpe.com:34453" "--executor-id" "357" "--hostname" "mdc-ch1-cust4" "--cores" "2" "--app-id" "app-20190613095629-0002" "--worker-url" "spark://Worker@mdc-ch1-cust4:40275"
19/06/13 09:56:29 INFO ExecutorRunner: Launch command: "/usr/lib64/jvm/java-1.8.0-openjdk-1.8.0/jre/bin/java" "-cp" "/var/tmp/spark2.0hpcplatform/lib/firesteel-2.4.0.jar:/var/tmp/spark2.0hpcplatform/multicore/worker52/conf:/var/tmp/spark2.0hpcplatform/multicore/worker52/assembly/target/scala-2.11/jars/*" "-Xmx5120M" "-Dspark.driver.port=34453" "-Dspark.rpc.netty.dispatcher.numThreads=10" "-XX:ParallelGCThreads=10" "org.apache.spark.executor.CoarseGrainedExecutorBackend" "--driver-url" "spark://CoarseGrainedScheduler@mdc-ch1-cust4.mdc.ext.hpe.com:34453" "--executor-id" "359" "--hostname" "mdc-ch1-cust4" "--cores" "2" "--app-id" "app-20190613095629-0002" "--worker-url" "spark://Worker@mdc-ch1-cust4:40275"
19/06/13 09:56:33 INFO Worker: Asked to kill executor app-20190613095629-0002/355
19/06/13 09:56:33 INFO Worker: Asked to kill executor app-20190613095629-0002/358
19/06/13 09:56:33 INFO ExecutorRunner: Runner thread for executor app-20190613095629-0002/355 interrupted
19/06/13 09:56:33 INFO ExecutorRunner: Killing process!
19/06/13 09:56:33 INFO ExecutorRunner: Runner thread for executor app-20190613095629-0002/358 interrupted
19/06/13 09:56:33 INFO ExecutorRunner: Killing process!
19/06/13 09:56:33 INFO Worker: Asked to kill executor app-20190613095629-0002/357
19/06/13 09:56:33 INFO ExecutorRunner: Runner thread for executor app-20190613095629-0002/357 interrupted
19/06/13 09:56:33 INFO Worker: Asked to kill executor app-20190613095629-0002/359
19/06/13 09:56:33 INFO ExecutorRunner: Killing process!
19/06/13 09:56:33 INFO ExecutorRunner: Runner thread for executor app-20190613095629-0002/359 interrupted
19/06/13 09:56:33 INFO Worker: Asked to kill executor app-20190613095629-0002/356
19/06/13 09:56:33 INFO ExecutorRunner: Killing process!
19/06/13 09:56:33 INFO ExecutorRunner: Runner thread for executor app-20190613095629-0002/356 interrupted
19/06/13 09:56:33 INFO ExecutorRunner: Killing process!
19/06/13 09:56:34 INFO Worker: Executor app-20190613095629-0002/359 finished with state KILLED exitStatus 143
19/06/13 09:56:34 INFO ExternalShuffleBlockResolver: Clean up non-shuffle files associated with the finished executor 359
19/06/13 09:56:34 INFO ExternalShuffleBlockResolver: Executor is not registered (appId=app-20190613095629-0002, execId=359)
19/06/13 09:56:35 INFO Worker: Executor app-20190613095629-0002/357 finished with state KILLED exitStatus 143
19/06/13 09:56:35 INFO ExternalShuffleBlockResolver: Clean up non-shuffle files associated with the finished executor 357
19/06/13 09:56:35 INFO ExternalShuffleBlockResolver: Executor is not registered (appId=app-20190613095629-0002, execId=357)
19/06/13 09:56:35 INFO Worker: Executor app-20190613095629-0002/358 finished with state KILLED exitStatus 143
19/06/13 09:56:35 INFO ExternalShuffleBlockResolver: Clean up non-shuffle files associated with the finished executor 358
19/06/13 09:56:35 INFO ExternalShuffleBlockResolver: Executor is not registered (appId=app-20190613095629-0002, execId=358)
19/06/13 09:56:35 INFO Worker: Executor app-20190613095629-0002/356 finished with state KILLED exitStatus 143
19/06/13 09:56:35 INFO ExternalShuffleBlockResolver: Clean up non-shuffle files associated with the finished executor 356
19/06/13 09:56:35 INFO ExternalShuffleBlockResolver: Executor is not registered (appId=app-20190613095629-0002, execId=356)
19/06/13 09:56:35 INFO Worker: Executor app-20190613095629-0002/355 finished with state KILLED exitStatus 143
19/06/13 09:56:35 INFO ExternalShuffleBlockResolver: Clean up non-shuffle files associated with the finished executor 355
19/06/13 09:56:35 INFO ExternalShuffleBlockResolver: Executor is not registered (appId=app-20190613095629-0002, execId=355)
19/06/13 09:56:35 INFO ExternalShuffleBlockResolver: Application app-20190613095629-0002 removed, cleanupLocalDirs = true
19/06/13 09:56:35 INFO Worker: Cleaning up local directories for application app-20190613095629-0002
19/06/13 09:59:43 INFO Worker: Asked to launch executor app-20190613095943-0003/355 for TeraGen (1000MB)
19/06/13 09:59:43 INFO Worker: Asked to launch executor app-20190613095943-0003/356 for TeraGen (1000MB)
19/06/13 09:59:43 INFO Worker: Asked to launch executor app-20190613095943-0003/357 for TeraGen (1000MB)
19/06/13 09:59:43 INFO SecurityManager: Changing view acls to: root
19/06/13 09:59:43 INFO SecurityManager: Changing modify acls to: root
19/06/13 09:59:43 INFO SecurityManager: Changing view acls groups to: 
19/06/13 09:59:43 INFO SecurityManager: Changing modify acls groups to: 
19/06/13 09:59:43 INFO SecurityManager: SecurityManager: authentication disabled; ui acls disabled; users  with view permissions: Set(root); groups with view permissions: Set(); users  with modify permissions: Set(root); groups with modify permissions: Set()
19/06/13 09:59:43 INFO Worker: Asked to launch executor app-20190613095943-0003/358 for TeraGen (1000MB)
19/06/13 09:59:43 INFO SecurityManager: Changing view acls to: root
19/06/13 09:59:43 INFO SecurityManager: Changing modify acls to: root
19/06/13 09:59:43 INFO Worker: Asked to launch executor app-20190613095943-0003/359 for TeraGen (1000MB)
19/06/13 09:59:43 INFO SecurityManager: Changing view acls to: root
19/06/13 09:59:43 INFO SecurityManager: Changing view acls to: root
19/06/13 09:59:43 INFO SecurityManager: Changing view acls to: root
19/06/13 09:59:43 INFO SecurityManager: Changing modify acls to: root
19/06/13 09:59:43 INFO SecurityManager: Changing view acls groups to: 
19/06/13 09:59:43 INFO SecurityManager: Changing modify acls groups to: 
19/06/13 09:59:43 INFO SecurityManager: SecurityManager: authentication disabled; ui acls disabled; users  with view permissions: Set(root); groups with view permissions: Set(); users  with modify permissions: Set(root); groups with modify permissions: Set()
19/06/13 09:59:43 INFO SecurityManager: Changing modify acls to: root
19/06/13 09:59:43 INFO SecurityManager: Changing modify acls to: root
19/06/13 09:59:43 INFO SecurityManager: Changing view acls groups to: 
19/06/13 09:59:43 INFO SecurityManager: Changing view acls groups to: 
19/06/13 09:59:43 INFO SecurityManager: Changing modify acls groups to: 
19/06/13 09:59:43 INFO SecurityManager: Changing modify acls groups to: 
19/06/13 09:59:43 INFO SecurityManager: Changing view acls groups to: 
19/06/13 09:59:43 INFO SecurityManager: SecurityManager: authentication disabled; ui acls disabled; users  with view permissions: Set(root); groups with view permissions: Set(); users  with modify permissions: Set(root); groups with modify permissions: Set()
19/06/13 09:59:43 INFO SecurityManager: Changing modify acls groups to: 
19/06/13 09:59:43 INFO SecurityManager: SecurityManager: authentication disabled; ui acls disabled; users  with view permissions: Set(root); groups with view permissions: Set(); users  with modify permissions: Set(root); groups with modify permissions: Set()
19/06/13 09:59:43 INFO SecurityManager: SecurityManager: authentication disabled; ui acls disabled; users  with view permissions: Set(root); groups with view permissions: Set(); users  with modify permissions: Set(root); groups with modify permissions: Set()
19/06/13 09:59:43 INFO ExecutorRunner: Launch command: "/usr/lib64/jvm/java-1.8.0-openjdk-1.8.0/jre/bin/java" "-cp" "/var/tmp/spark2.0hpcplatform/lib/firesteel-2.4.0.jar:/var/tmp/spark2.0hpcplatform/multicore/worker52/conf:/var/tmp/spark2.0hpcplatform/multicore/worker52/assembly/target/scala-2.11/jars/*" "-Xmx5120M" "-Dspark.driver.port=33105" "-Dspark.rpc.netty.dispatcher.numThreads=10" "-XX:ParallelGCThreads=10" "org.apache.spark.executor.CoarseGrainedExecutorBackend" "--driver-url" "spark://CoarseGrainedScheduler@mdc-ch1-cust4.mdc.ext.hpe.com:33105" "--executor-id" "356" "--hostname" "mdc-ch1-cust4" "--cores" "2" "--app-id" "app-20190613095943-0003" "--worker-url" "spark://Worker@mdc-ch1-cust4:40275"
19/06/13 09:59:43 INFO ExecutorRunner: Launch command: "/usr/lib64/jvm/java-1.8.0-openjdk-1.8.0/jre/bin/java" "-cp" "/var/tmp/spark2.0hpcplatform/lib/firesteel-2.4.0.jar:/var/tmp/spark2.0hpcplatform/multicore/worker52/conf:/var/tmp/spark2.0hpcplatform/multicore/worker52/assembly/target/scala-2.11/jars/*" "-Xmx5120M" "-Dspark.driver.port=33105" "-Dspark.rpc.netty.dispatcher.numThreads=10" "-XX:ParallelGCThreads=10" "org.apache.spark.executor.CoarseGrainedExecutorBackend" "--driver-url" "spark://CoarseGrainedScheduler@mdc-ch1-cust4.mdc.ext.hpe.com:33105" "--executor-id" "357" "--hostname" "mdc-ch1-cust4" "--cores" "2" "--app-id" "app-20190613095943-0003" "--worker-url" "spark://Worker@mdc-ch1-cust4:40275"
19/06/13 09:59:44 INFO ExecutorRunner: Launch command: "/usr/lib64/jvm/java-1.8.0-openjdk-1.8.0/jre/bin/java" "-cp" "/var/tmp/spark2.0hpcplatform/lib/firesteel-2.4.0.jar:/var/tmp/spark2.0hpcplatform/multicore/worker52/conf:/var/tmp/spark2.0hpcplatform/multicore/worker52/assembly/target/scala-2.11/jars/*" "-Xmx5120M" "-Dspark.driver.port=33105" "-Dspark.rpc.netty.dispatcher.numThreads=10" "-XX:ParallelGCThreads=10" "org.apache.spark.executor.CoarseGrainedExecutorBackend" "--driver-url" "spark://CoarseGrainedScheduler@mdc-ch1-cust4.mdc.ext.hpe.com:33105" "--executor-id" "355" "--hostname" "mdc-ch1-cust4" "--cores" "2" "--app-id" "app-20190613095943-0003" "--worker-url" "spark://Worker@mdc-ch1-cust4:40275"
19/06/13 09:59:44 INFO ExecutorRunner: Launch command: "/usr/lib64/jvm/java-1.8.0-openjdk-1.8.0/jre/bin/java" "-cp" "/var/tmp/spark2.0hpcplatform/lib/firesteel-2.4.0.jar:/var/tmp/spark2.0hpcplatform/multicore/worker52/conf:/var/tmp/spark2.0hpcplatform/multicore/worker52/assembly/target/scala-2.11/jars/*" "-Xmx5120M" "-Dspark.driver.port=33105" "-Dspark.rpc.netty.dispatcher.numThreads=10" "-XX:ParallelGCThreads=10" "org.apache.spark.executor.CoarseGrainedExecutorBackend" "--driver-url" "spark://CoarseGrainedScheduler@mdc-ch1-cust4.mdc.ext.hpe.com:33105" "--executor-id" "359" "--hostname" "mdc-ch1-cust4" "--cores" "2" "--app-id" "app-20190613095943-0003" "--worker-url" "spark://Worker@mdc-ch1-cust4:40275"
19/06/13 09:59:44 INFO ExecutorRunner: Launch command: "/usr/lib64/jvm/java-1.8.0-openjdk-1.8.0/jre/bin/java" "-cp" "/var/tmp/spark2.0hpcplatform/lib/firesteel-2.4.0.jar:/var/tmp/spark2.0hpcplatform/multicore/worker52/conf:/var/tmp/spark2.0hpcplatform/multicore/worker52/assembly/target/scala-2.11/jars/*" "-Xmx5120M" "-Dspark.driver.port=33105" "-Dspark.rpc.netty.dispatcher.numThreads=10" "-XX:ParallelGCThreads=10" "org.apache.spark.executor.CoarseGrainedExecutorBackend" "--driver-url" "spark://CoarseGrainedScheduler@mdc-ch1-cust4.mdc.ext.hpe.com:33105" "--executor-id" "358" "--hostname" "mdc-ch1-cust4" "--cores" "2" "--app-id" "app-20190613095943-0003" "--worker-url" "spark://Worker@mdc-ch1-cust4:40275"
19/06/13 10:00:04 INFO Worker: Asked to kill executor app-20190613095943-0003/355
19/06/13 10:00:04 INFO Worker: Asked to kill executor app-20190613095943-0003/358
19/06/13 10:00:04 INFO ExecutorRunner: Runner thread for executor app-20190613095943-0003/355 interrupted
19/06/13 10:00:04 INFO ExecutorRunner: Runner thread for executor app-20190613095943-0003/358 interrupted
19/06/13 10:00:04 INFO ExecutorRunner: Killing process!
19/06/13 10:00:04 INFO ExecutorRunner: Killing process!
19/06/13 10:00:04 INFO Worker: Asked to kill executor app-20190613095943-0003/357
19/06/13 10:00:04 INFO Worker: Asked to kill executor app-20190613095943-0003/359
19/06/13 10:00:04 INFO ExecutorRunner: Runner thread for executor app-20190613095943-0003/357 interrupted
19/06/13 10:00:04 INFO ExecutorRunner: Killing process!
19/06/13 10:00:04 INFO ExecutorRunner: Runner thread for executor app-20190613095943-0003/359 interrupted
19/06/13 10:00:04 INFO ExecutorRunner: Killing process!
19/06/13 10:00:04 INFO Worker: Asked to kill executor app-20190613095943-0003/356
19/06/13 10:00:04 INFO ExecutorRunner: Runner thread for executor app-20190613095943-0003/356 interrupted
19/06/13 10:00:04 INFO ExecutorRunner: Killing process!
19/06/13 10:00:05 INFO Worker: Executor app-20190613095943-0003/358 finished with state KILLED exitStatus 143
19/06/13 10:00:05 INFO ExternalShuffleBlockResolver: Clean up non-shuffle files associated with the finished executor 358
19/06/13 10:00:05 INFO ExternalShuffleBlockResolver: Executor is not registered (appId=app-20190613095943-0003, execId=358)
19/06/13 10:00:05 INFO Worker: Executor app-20190613095943-0003/356 finished with state KILLED exitStatus 143
19/06/13 10:00:05 INFO ExternalShuffleBlockResolver: Clean up non-shuffle files associated with the finished executor 356
19/06/13 10:00:05 INFO ExternalShuffleBlockResolver: Executor is not registered (appId=app-20190613095943-0003, execId=356)
19/06/13 10:00:06 INFO Worker: Executor app-20190613095943-0003/357 finished with state KILLED exitStatus 143
19/06/13 10:00:06 INFO ExternalShuffleBlockResolver: Clean up non-shuffle files associated with the finished executor 357
19/06/13 10:00:06 INFO ExternalShuffleBlockResolver: Executor is not registered (appId=app-20190613095943-0003, execId=357)
19/06/13 10:00:07 INFO Worker: Executor app-20190613095943-0003/359 finished with state KILLED exitStatus 143
19/06/13 10:00:07 INFO ExternalShuffleBlockResolver: Clean up non-shuffle files associated with the finished executor 359
19/06/13 10:00:07 INFO ExternalShuffleBlockResolver: Executor is not registered (appId=app-20190613095943-0003, execId=359)
19/06/13 10:00:07 INFO Worker: Executor app-20190613095943-0003/355 finished with state KILLED exitStatus 143
19/06/13 10:00:07 INFO ExternalShuffleBlockResolver: Clean up non-shuffle files associated with the finished executor 355
19/06/13 10:00:07 INFO ExternalShuffleBlockResolver: Executor is not registered (appId=app-20190613095943-0003, execId=355)
19/06/13 10:00:07 INFO ExternalShuffleBlockResolver: Application app-20190613095943-0003 removed, cleanupLocalDirs = true
19/06/13 10:00:07 INFO Worker: Cleaning up local directories for application app-20190613095943-0003
19/06/13 10:16:01 INFO Worker: Asked to launch executor app-20190613101601-0004/355 for TeraGen (1000GB)
19/06/13 10:16:01 INFO Worker: Asked to launch executor app-20190613101601-0004/356 for TeraGen (1000GB)
19/06/13 10:16:01 INFO SecurityManager: Changing view acls to: root
19/06/13 10:16:01 INFO SecurityManager: Changing modify acls to: root
19/06/13 10:16:01 INFO SecurityManager: Changing view acls groups to: 
19/06/13 10:16:01 INFO SecurityManager: Changing modify acls groups to: 
19/06/13 10:16:01 INFO SecurityManager: SecurityManager: authentication disabled; ui acls disabled; users  with view permissions: Set(root); groups with view permissions: Set(); users  with modify permissions: Set(root); groups with modify permissions: Set()
19/06/13 10:16:01 INFO Worker: Asked to launch executor app-20190613101601-0004/357 for TeraGen (1000GB)
19/06/13 10:16:01 INFO SecurityManager: Changing view acls to: root
19/06/13 10:16:01 INFO SecurityManager: Changing modify acls to: root
19/06/13 10:16:01 INFO SecurityManager: Changing view acls groups to: 
19/06/13 10:16:01 INFO SecurityManager: Changing modify acls groups to: 
19/06/13 10:16:01 INFO SecurityManager: SecurityManager: authentication disabled; ui acls disabled; users  with view permissions: Set(root); groups with view permissions: Set(); users  with modify permissions: Set(root); groups with modify permissions: Set()
19/06/13 10:16:01 INFO Worker: Asked to launch executor app-20190613101601-0004/358 for TeraGen (1000GB)
19/06/13 10:16:01 INFO ExecutorRunner: Launch command: "/usr/lib64/jvm/java-1.8.0-openjdk-1.8.0/jre/bin/java" "-cp" "/var/tmp/spark2.0hpcplatform/lib/firesteel-2.4.0.jar:/var/tmp/spark2.0hpcplatform/multicore/worker52/conf:/var/tmp/spark2.0hpcplatform/multicore/worker52/assembly/target/scala-2.11/jars/*" "-Xmx5120M" "-Dspark.driver.port=33559" "-Dspark.rpc.netty.dispatcher.numThreads=10" "-XX:-UseBiasedLocking" "org.apache.spark.executor.CoarseGrainedExecutorBackend" "--driver-url" "spark://CoarseGrainedScheduler@mdc-ch1-cust4.mdc.ext.hpe.com:33559" "--executor-id" "355" "--hostname" "mdc-ch1-cust4" "--cores" "2" "--app-id" "app-20190613101601-0004" "--worker-url" "spark://Worker@mdc-ch1-cust4:40275"
19/06/13 10:16:01 INFO SecurityManager: Changing view acls to: root
19/06/13 10:16:01 INFO SecurityManager: Changing modify acls to: root
19/06/13 10:16:01 INFO SecurityManager: Changing view acls groups to: 
19/06/13 10:16:01 INFO SecurityManager: Changing modify acls groups to: 
19/06/13 10:16:01 INFO Worker: Asked to launch executor app-20190613101601-0004/359 for TeraGen (1000GB)
19/06/13 10:16:01 INFO ExecutorRunner: Launch command: "/usr/lib64/jvm/java-1.8.0-openjdk-1.8.0/jre/bin/java" "-cp" "/var/tmp/spark2.0hpcplatform/lib/firesteel-2.4.0.jar:/var/tmp/spark2.0hpcplatform/multicore/worker52/conf:/var/tmp/spark2.0hpcplatform/multicore/worker52/assembly/target/scala-2.11/jars/*" "-Xmx5120M" "-Dspark.driver.port=33559" "-Dspark.rpc.netty.dispatcher.numThreads=10" "-XX:-UseBiasedLocking" "org.apache.spark.executor.CoarseGrainedExecutorBackend" "--driver-url" "spark://CoarseGrainedScheduler@mdc-ch1-cust4.mdc.ext.hpe.com:33559" "--executor-id" "356" "--hostname" "mdc-ch1-cust4" "--cores" "2" "--app-id" "app-20190613101601-0004" "--worker-url" "spark://Worker@mdc-ch1-cust4:40275"
19/06/13 10:16:01 INFO SecurityManager: Changing view acls to: root
19/06/13 10:16:01 INFO SecurityManager: Changing modify acls to: root
19/06/13 10:16:01 INFO SecurityManager: Changing view acls groups to: 
19/06/13 10:16:01 INFO SecurityManager: Changing modify acls groups to: 
19/06/13 10:16:01 INFO SecurityManager: SecurityManager: authentication disabled; ui acls disabled; users  with view permissions: Set(root); groups with view permissions: Set(); users  with modify permissions: Set(root); groups with modify permissions: Set()
19/06/13 10:16:01 INFO SecurityManager: SecurityManager: authentication disabled; ui acls disabled; users  with view permissions: Set(root); groups with view permissions: Set(); users  with modify permissions: Set(root); groups with modify permissions: Set()
19/06/13 10:16:02 INFO SecurityManager: Changing view acls to: root
19/06/13 10:16:02 INFO SecurityManager: Changing modify acls to: root
19/06/13 10:16:02 INFO SecurityManager: Changing view acls groups to: 
19/06/13 10:16:02 INFO SecurityManager: Changing modify acls groups to: 
19/06/13 10:16:02 INFO SecurityManager: SecurityManager: authentication disabled; ui acls disabled; users  with view permissions: Set(root); groups with view permissions: Set(); users  with modify permissions: Set(root); groups with modify permissions: Set()
19/06/13 10:16:02 INFO ExecutorRunner: Launch command: "/usr/lib64/jvm/java-1.8.0-openjdk-1.8.0/jre/bin/java" "-cp" "/var/tmp/spark2.0hpcplatform/lib/firesteel-2.4.0.jar:/var/tmp/spark2.0hpcplatform/multicore/worker52/conf:/var/tmp/spark2.0hpcplatform/multicore/worker52/assembly/target/scala-2.11/jars/*" "-Xmx5120M" "-Dspark.driver.port=33559" "-Dspark.rpc.netty.dispatcher.numThreads=10" "-XX:-UseBiasedLocking" "org.apache.spark.executor.CoarseGrainedExecutorBackend" "--driver-url" "spark://CoarseGrainedScheduler@mdc-ch1-cust4.mdc.ext.hpe.com:33559" "--executor-id" "358" "--hostname" "mdc-ch1-cust4" "--cores" "2" "--app-id" "app-20190613101601-0004" "--worker-url" "spark://Worker@mdc-ch1-cust4:40275"
19/06/13 10:16:02 INFO ExecutorRunner: Launch command: "/usr/lib64/jvm/java-1.8.0-openjdk-1.8.0/jre/bin/java" "-cp" "/var/tmp/spark2.0hpcplatform/lib/firesteel-2.4.0.jar:/var/tmp/spark2.0hpcplatform/multicore/worker52/conf:/var/tmp/spark2.0hpcplatform/multicore/worker52/assembly/target/scala-2.11/jars/*" "-Xmx5120M" "-Dspark.driver.port=33559" "-Dspark.rpc.netty.dispatcher.numThreads=10" "-XX:-UseBiasedLocking" "org.apache.spark.executor.CoarseGrainedExecutorBackend" "--driver-url" "spark://CoarseGrainedScheduler@mdc-ch1-cust4.mdc.ext.hpe.com:33559" "--executor-id" "357" "--hostname" "mdc-ch1-cust4" "--cores" "2" "--app-id" "app-20190613101601-0004" "--worker-url" "spark://Worker@mdc-ch1-cust4:40275"
19/06/13 10:16:02 INFO ExecutorRunner: Launch command: "/usr/lib64/jvm/java-1.8.0-openjdk-1.8.0/jre/bin/java" "-cp" "/var/tmp/spark2.0hpcplatform/lib/firesteel-2.4.0.jar:/var/tmp/spark2.0hpcplatform/multicore/worker52/conf:/var/tmp/spark2.0hpcplatform/multicore/worker52/assembly/target/scala-2.11/jars/*" "-Xmx5120M" "-Dspark.driver.port=33559" "-Dspark.rpc.netty.dispatcher.numThreads=10" "-XX:-UseBiasedLocking" "org.apache.spark.executor.CoarseGrainedExecutorBackend" "--driver-url" "spark://CoarseGrainedScheduler@mdc-ch1-cust4.mdc.ext.hpe.com:33559" "--executor-id" "359" "--hostname" "mdc-ch1-cust4" "--cores" "2" "--app-id" "app-20190613101601-0004" "--worker-url" "spark://Worker@mdc-ch1-cust4:40275"
19/06/13 10:16:02 INFO Worker: Asked to kill executor app-20190613101601-0004/355
19/06/13 10:16:02 INFO Worker: Asked to kill executor app-20190613101601-0004/358
19/06/13 10:16:02 INFO ExecutorRunner: Runner thread for executor app-20190613101601-0004/355 interrupted
19/06/13 10:16:02 INFO ExecutorRunner: Runner thread for executor app-20190613101601-0004/358 interrupted
19/06/13 10:16:02 INFO ExecutorRunner: Killing process!
19/06/13 10:16:02 INFO Worker: Asked to kill executor app-20190613101601-0004/357
19/06/13 10:16:02 INFO ExecutorRunner: Killing process!
19/06/13 10:16:02 INFO ExecutorRunner: Runner thread for executor app-20190613101601-0004/357 interrupted
19/06/13 10:16:02 INFO ExecutorRunner: Killing process!
19/06/13 10:16:02 INFO Worker: Asked to kill executor app-20190613101601-0004/359
19/06/13 10:16:02 INFO ExecutorRunner: Runner thread for executor app-20190613101601-0004/359 interrupted
19/06/13 10:16:02 INFO ExecutorRunner: Killing process!
19/06/13 10:16:02 INFO Worker: Asked to kill executor app-20190613101601-0004/356
19/06/13 10:16:02 INFO ExecutorRunner: Runner thread for executor app-20190613101601-0004/356 interrupted
19/06/13 10:16:02 INFO ExecutorRunner: Killing process!
19/06/13 10:16:03 INFO Worker: Executor app-20190613101601-0004/359 finished with state KILLED exitStatus 143
19/06/13 10:16:03 INFO ExternalShuffleBlockResolver: Clean up non-shuffle files associated with the finished executor 359
19/06/13 10:16:03 INFO ExternalShuffleBlockResolver: Executor is not registered (appId=app-20190613101601-0004, execId=359)
19/06/13 10:16:03 INFO Worker: Executor app-20190613101601-0004/355 finished with state KILLED exitStatus 143
19/06/13 10:16:03 INFO ExternalShuffleBlockResolver: Clean up non-shuffle files associated with the finished executor 355
19/06/13 10:16:03 INFO ExternalShuffleBlockResolver: Executor is not registered (appId=app-20190613101601-0004, execId=355)
19/06/13 10:16:04 INFO Worker: Executor app-20190613101601-0004/358 finished with state KILLED exitStatus 143
19/06/13 10:16:04 INFO ExternalShuffleBlockResolver: Clean up non-shuffle files associated with the finished executor 358
19/06/13 10:16:04 INFO ExternalShuffleBlockResolver: Executor is not registered (appId=app-20190613101601-0004, execId=358)
19/06/13 10:16:04 INFO Worker: Executor app-20190613101601-0004/357 finished with state KILLED exitStatus 143
19/06/13 10:16:04 INFO ExternalShuffleBlockResolver: Clean up non-shuffle files associated with the finished executor 357
19/06/13 10:16:04 INFO ExternalShuffleBlockResolver: Executor is not registered (appId=app-20190613101601-0004, execId=357)
19/06/13 10:16:04 INFO Worker: Executor app-20190613101601-0004/356 finished with state KILLED exitStatus 143
19/06/13 10:16:04 INFO ExternalShuffleBlockResolver: Clean up non-shuffle files associated with the finished executor 356
19/06/13 10:16:04 INFO ExternalShuffleBlockResolver: Executor is not registered (appId=app-20190613101601-0004, execId=356)
19/06/13 10:16:04 INFO Worker: Cleaning up local directories for application app-20190613101601-0004
19/06/13 10:16:04 INFO ExternalShuffleBlockResolver: Application app-20190613101601-0004 removed, cleanupLocalDirs = true
19/06/13 10:21:00 INFO Worker: Asked to launch executor app-20190613102100-0005/355 for TeraGen (1000GB)
19/06/13 10:21:00 INFO Worker: Asked to launch executor app-20190613102100-0005/356 for TeraGen (1000GB)
19/06/13 10:21:00 INFO SecurityManager: Changing view acls to: root
19/06/13 10:21:00 INFO SecurityManager: Changing modify acls to: root
19/06/13 10:21:00 INFO SecurityManager: Changing view acls groups to: 
19/06/13 10:21:00 INFO SecurityManager: Changing modify acls groups to: 
19/06/13 10:21:00 INFO SecurityManager: SecurityManager: authentication disabled; ui acls disabled; users  with view permissions: Set(root); groups with view permissions: Set(); users  with modify permissions: Set(root); groups with modify permissions: Set()
19/06/13 10:21:00 INFO Worker: Asked to launch executor app-20190613102100-0005/357 for TeraGen (1000GB)
19/06/13 10:21:00 INFO SecurityManager: Changing view acls to: root
19/06/13 10:21:00 INFO SecurityManager: Changing modify acls to: root
19/06/13 10:21:00 INFO SecurityManager: Changing view acls groups to: 
19/06/13 10:21:00 INFO SecurityManager: Changing modify acls groups to: 
19/06/13 10:21:00 INFO SecurityManager: SecurityManager: authentication disabled; ui acls disabled; users  with view permissions: Set(root); groups with view permissions: Set(); users  with modify permissions: Set(root); groups with modify permissions: Set()
19/06/13 10:21:00 INFO Worker: Asked to launch executor app-20190613102100-0005/358 for TeraGen (1000GB)
19/06/13 10:21:00 INFO SecurityManager: Changing view acls to: root
19/06/13 10:21:00 INFO SecurityManager: Changing modify acls to: root
19/06/13 10:21:00 INFO SecurityManager: Changing view acls groups to: 
19/06/13 10:21:00 INFO SecurityManager: Changing modify acls groups to: 
19/06/13 10:21:00 INFO SecurityManager: SecurityManager: authentication disabled; ui acls disabled; users  with view permissions: Set(root); groups with view permissions: Set(); users  with modify permissions: Set(root); groups with modify permissions: Set()
19/06/13 10:21:00 INFO Worker: Asked to launch executor app-20190613102100-0005/359 for TeraGen (1000GB)
19/06/13 10:21:00 INFO SecurityManager: Changing view acls to: root
19/06/13 10:21:00 INFO SecurityManager: Changing modify acls to: root
19/06/13 10:21:00 INFO SecurityManager: Changing view acls groups to: 
19/06/13 10:21:00 INFO SecurityManager: Changing modify acls groups to: 
19/06/13 10:21:00 INFO SecurityManager: SecurityManager: authentication disabled; ui acls disabled; users  with view permissions: Set(root); groups with view permissions: Set(); users  with modify permissions: Set(root); groups with modify permissions: Set()
19/06/13 10:21:00 INFO SecurityManager: Changing view acls to: root
19/06/13 10:21:00 INFO SecurityManager: Changing modify acls to: root
19/06/13 10:21:00 INFO SecurityManager: Changing view acls groups to: 
19/06/13 10:21:00 INFO SecurityManager: Changing modify acls groups to: 
19/06/13 10:21:00 INFO SecurityManager: SecurityManager: authentication disabled; ui acls disabled; users  with view permissions: Set(root); groups with view permissions: Set(); users  with modify permissions: Set(root); groups with modify permissions: Set()
19/06/13 10:21:01 INFO ExecutorRunner: Launch command: "/usr/lib64/jvm/java-1.8.0-openjdk-1.8.0/jre/bin/java" "-cp" "/var/tmp/spark2.0hpcplatform/lib/firesteel-2.4.0.jar:/var/tmp/spark2.0hpcplatform/multicore/worker52/conf:/var/tmp/spark2.0hpcplatform/multicore/worker52/assembly/target/scala-2.11/jars/*" "-Xmx5120M" "-Dspark.driver.port=41167" "-Dspark.rpc.netty.dispatcher.numThreads=10" "-XX:-UseBiasedLocking" "org.apache.spark.executor.CoarseGrainedExecutorBackend" "--driver-url" "spark://CoarseGrainedScheduler@mdc-ch1-cust4.mdc.ext.hpe.com:41167" "--executor-id" "358" "--hostname" "mdc-ch1-cust4" "--cores" "2" "--app-id" "app-20190613102100-0005" "--worker-url" "spark://Worker@mdc-ch1-cust4:40275"
19/06/13 10:21:01 INFO ExecutorRunner: Launch command: "/usr/lib64/jvm/java-1.8.0-openjdk-1.8.0/jre/bin/java" "-cp" "/var/tmp/spark2.0hpcplatform/lib/firesteel-2.4.0.jar:/var/tmp/spark2.0hpcplatform/multicore/worker52/conf:/var/tmp/spark2.0hpcplatform/multicore/worker52/assembly/target/scala-2.11/jars/*" "-Xmx5120M" "-Dspark.driver.port=41167" "-Dspark.rpc.netty.dispatcher.numThreads=10" "-XX:-UseBiasedLocking" "org.apache.spark.executor.CoarseGrainedExecutorBackend" "--driver-url" "spark://CoarseGrainedScheduler@mdc-ch1-cust4.mdc.ext.hpe.com:41167" "--executor-id" "356" "--hostname" "mdc-ch1-cust4" "--cores" "2" "--app-id" "app-20190613102100-0005" "--worker-url" "spark://Worker@mdc-ch1-cust4:40275"
19/06/13 10:21:01 INFO ExecutorRunner: Launch command: "/usr/lib64/jvm/java-1.8.0-openjdk-1.8.0/jre/bin/java" "-cp" "/var/tmp/spark2.0hpcplatform/lib/firesteel-2.4.0.jar:/var/tmp/spark2.0hpcplatform/multicore/worker52/conf:/var/tmp/spark2.0hpcplatform/multicore/worker52/assembly/target/scala-2.11/jars/*" "-Xmx5120M" "-Dspark.driver.port=41167" "-Dspark.rpc.netty.dispatcher.numThreads=10" "-XX:-UseBiasedLocking" "org.apache.spark.executor.CoarseGrainedExecutorBackend" "--driver-url" "spark://CoarseGrainedScheduler@mdc-ch1-cust4.mdc.ext.hpe.com:41167" "--executor-id" "357" "--hostname" "mdc-ch1-cust4" "--cores" "2" "--app-id" "app-20190613102100-0005" "--worker-url" "spark://Worker@mdc-ch1-cust4:40275"
19/06/13 10:21:01 INFO ExecutorRunner: Launch command: "/usr/lib64/jvm/java-1.8.0-openjdk-1.8.0/jre/bin/java" "-cp" "/var/tmp/spark2.0hpcplatform/lib/firesteel-2.4.0.jar:/var/tmp/spark2.0hpcplatform/multicore/worker52/conf:/var/tmp/spark2.0hpcplatform/multicore/worker52/assembly/target/scala-2.11/jars/*" "-Xmx5120M" "-Dspark.driver.port=41167" "-Dspark.rpc.netty.dispatcher.numThreads=10" "-XX:-UseBiasedLocking" "org.apache.spark.executor.CoarseGrainedExecutorBackend" "--driver-url" "spark://CoarseGrainedScheduler@mdc-ch1-cust4.mdc.ext.hpe.com:41167" "--executor-id" "359" "--hostname" "mdc-ch1-cust4" "--cores" "2" "--app-id" "app-20190613102100-0005" "--worker-url" "spark://Worker@mdc-ch1-cust4:40275"
19/06/13 10:21:01 INFO ExecutorRunner: Launch command: "/usr/lib64/jvm/java-1.8.0-openjdk-1.8.0/jre/bin/java" "-cp" "/var/tmp/spark2.0hpcplatform/lib/firesteel-2.4.0.jar:/var/tmp/spark2.0hpcplatform/multicore/worker52/conf:/var/tmp/spark2.0hpcplatform/multicore/worker52/assembly/target/scala-2.11/jars/*" "-Xmx5120M" "-Dspark.driver.port=41167" "-Dspark.rpc.netty.dispatcher.numThreads=10" "-XX:-UseBiasedLocking" "org.apache.spark.executor.CoarseGrainedExecutorBackend" "--driver-url" "spark://CoarseGrainedScheduler@mdc-ch1-cust4.mdc.ext.hpe.com:41167" "--executor-id" "355" "--hostname" "mdc-ch1-cust4" "--cores" "2" "--app-id" "app-20190613102100-0005" "--worker-url" "spark://Worker@mdc-ch1-cust4:40275"
19/06/13 10:21:52 INFO Worker: Executor app-20190613102100-0005/358 finished with state EXITED message Command exited with code 1 exitStatus 1
19/06/13 10:21:53 INFO ExternalShuffleBlockResolver: Clean up non-shuffle files associated with the finished executor 358
19/06/13 10:21:53 INFO ExternalShuffleBlockResolver: Executor is not registered (appId=app-20190613102100-0005, execId=358)
19/06/13 10:21:53 INFO Worker: Asked to launch executor app-20190613102100-0005/640 for TeraGen (1000GB)
19/06/13 10:21:53 INFO Worker: Asked to launch executor app-20190613102100-0005/716 for TeraGen (1000GB)
19/06/13 10:21:53 INFO SecurityManager: Changing view acls to: root
19/06/13 10:21:53 INFO SecurityManager: Changing view acls to: root
19/06/13 10:21:53 INFO SecurityManager: Changing modify acls to: root
19/06/13 10:21:53 INFO SecurityManager: Changing modify acls to: root
19/06/13 10:21:53 INFO SecurityManager: Changing view acls groups to: 
19/06/13 10:21:53 INFO SecurityManager: Changing modify acls groups to: 
19/06/13 10:21:53 INFO SecurityManager: Changing view acls groups to: 
19/06/13 10:21:53 INFO SecurityManager: SecurityManager: authentication disabled; ui acls disabled; users  with view permissions: Set(root); groups with view permissions: Set(); users  with modify permissions: Set(root); groups with modify permissions: Set()
19/06/13 10:21:53 INFO SecurityManager: Changing modify acls groups to: 
19/06/13 10:21:53 INFO SecurityManager: SecurityManager: authentication disabled; ui acls disabled; users  with view permissions: Set(root); groups with view permissions: Set(); users  with modify permissions: Set(root); groups with modify permissions: Set()
19/06/13 10:21:53 INFO ExecutorRunner: Launch command: "/usr/lib64/jvm/java-1.8.0-openjdk-1.8.0/jre/bin/java" "-cp" "/var/tmp/spark2.0hpcplatform/lib/firesteel-2.4.0.jar:/var/tmp/spark2.0hpcplatform/multicore/worker52/conf:/var/tmp/spark2.0hpcplatform/multicore/worker52/assembly/target/scala-2.11/jars/*" "-Xmx5120M" "-Dspark.driver.port=41167" "-Dspark.rpc.netty.dispatcher.numThreads=10" "-XX:-UseBiasedLocking" "org.apache.spark.executor.CoarseGrainedExecutorBackend" "--driver-url" "spark://CoarseGrainedScheduler@mdc-ch1-cust4.mdc.ext.hpe.com:41167" "--executor-id" "640" "--hostname" "mdc-ch1-cust4" "--cores" "2" "--app-id" "app-20190613102100-0005" "--worker-url" "spark://Worker@mdc-ch1-cust4:40275"
19/06/13 10:21:53 INFO ExecutorRunner: Launch command: "/usr/lib64/jvm/java-1.8.0-openjdk-1.8.0/jre/bin/java" "-cp" "/var/tmp/spark2.0hpcplatform/lib/firesteel-2.4.0.jar:/var/tmp/spark2.0hpcplatform/multicore/worker52/conf:/var/tmp/spark2.0hpcplatform/multicore/worker52/assembly/target/scala-2.11/jars/*" "-Xmx5120M" "-Dspark.driver.port=41167" "-Dspark.rpc.netty.dispatcher.numThreads=10" "-XX:-UseBiasedLocking" "org.apache.spark.executor.CoarseGrainedExecutorBackend" "--driver-url" "spark://CoarseGrainedScheduler@mdc-ch1-cust4.mdc.ext.hpe.com:41167" "--executor-id" "716" "--hostname" "mdc-ch1-cust4" "--cores" "2" "--app-id" "app-20190613102100-0005" "--worker-url" "spark://Worker@mdc-ch1-cust4:40275"
19/06/13 10:21:56 INFO Worker: Executor app-20190613102100-0005/355 finished with state EXITED message Command exited with code 1 exitStatus 1
19/06/13 10:21:56 INFO ExternalShuffleBlockResolver: Clean up non-shuffle files associated with the finished executor 355
19/06/13 10:21:56 INFO ExternalShuffleBlockResolver: Executor is not registered (appId=app-20190613102100-0005, execId=355)
19/06/13 10:21:56 INFO Worker: Asked to launch executor app-20190613102100-0005/794 for TeraGen (1000GB)
19/06/13 10:21:56 INFO SecurityManager: Changing view acls to: root
19/06/13 10:21:56 INFO SecurityManager: Changing modify acls to: root
19/06/13 10:21:56 INFO SecurityManager: Changing view acls groups to: 
19/06/13 10:21:56 INFO SecurityManager: Changing modify acls groups to: 
19/06/13 10:21:56 INFO SecurityManager: SecurityManager: authentication disabled; ui acls disabled; users  with view permissions: Set(root); groups with view permissions: Set(); users  with modify permissions: Set(root); groups with modify permissions: Set()
19/06/13 10:21:57 INFO ExecutorRunner: Launch command: "/usr/lib64/jvm/java-1.8.0-openjdk-1.8.0/jre/bin/java" "-cp" "/var/tmp/spark2.0hpcplatform/lib/firesteel-2.4.0.jar:/var/tmp/spark2.0hpcplatform/multicore/worker52/conf:/var/tmp/spark2.0hpcplatform/multicore/worker52/assembly/target/scala-2.11/jars/*" "-Xmx5120M" "-Dspark.driver.port=41167" "-Dspark.rpc.netty.dispatcher.numThreads=10" "-XX:-UseBiasedLocking" "org.apache.spark.executor.CoarseGrainedExecutorBackend" "--driver-url" "spark://CoarseGrainedScheduler@mdc-ch1-cust4.mdc.ext.hpe.com:41167" "--executor-id" "794" "--hostname" "mdc-ch1-cust4" "--cores" "2" "--app-id" "app-20190613102100-0005" "--worker-url" "spark://Worker@mdc-ch1-cust4:40275"
19/06/13 10:21:57 INFO Worker: Asked to launch executor app-20190613102100-0005/820 for TeraGen (1000GB)
19/06/13 10:21:57 INFO SecurityManager: Changing view acls to: root
19/06/13 10:21:57 INFO SecurityManager: Changing modify acls to: root
19/06/13 10:21:57 INFO SecurityManager: Changing view acls groups to: 
19/06/13 10:21:57 INFO SecurityManager: Changing modify acls groups to: 
19/06/13 10:21:57 INFO SecurityManager: SecurityManager: authentication disabled; ui acls disabled; users  with view permissions: Set(root); groups with view permissions: Set(); users  with modify permissions: Set(root); groups with modify permissions: Set()
19/06/13 10:21:57 INFO ExecutorRunner: Launch command: "/usr/lib64/jvm/java-1.8.0-openjdk-1.8.0/jre/bin/java" "-cp" "/var/tmp/spark2.0hpcplatform/lib/firesteel-2.4.0.jar:/var/tmp/spark2.0hpcplatform/multicore/worker52/conf:/var/tmp/spark2.0hpcplatform/multicore/worker52/assembly/target/scala-2.11/jars/*" "-Xmx5120M" "-Dspark.driver.port=41167" "-Dspark.rpc.netty.dispatcher.numThreads=10" "-XX:-UseBiasedLocking" "org.apache.spark.executor.CoarseGrainedExecutorBackend" "--driver-url" "spark://CoarseGrainedScheduler@mdc-ch1-cust4.mdc.ext.hpe.com:41167" "--executor-id" "820" "--hostname" "mdc-ch1-cust4" "--cores" "2" "--app-id" "app-20190613102100-0005" "--worker-url" "spark://Worker@mdc-ch1-cust4:40275"
19/06/13 10:22:02 INFO Worker: Executor app-20190613102100-0005/357 finished with state EXITED message Command exited with code 1 exitStatus 1
19/06/13 10:22:02 INFO ExternalShuffleBlockResolver: Clean up non-shuffle files associated with the finished executor 357
19/06/13 10:22:03 INFO ExternalShuffleBlockResolver: Executor is not registered (appId=app-20190613102100-0005, execId=357)
19/06/13 10:22:03 INFO Worker: Executor app-20190613102100-0005/359 finished with state EXITED message Command exited with code 1 exitStatus 1
19/06/13 10:22:03 INFO ExternalShuffleBlockResolver: Clean up non-shuffle files associated with the finished executor 359
19/06/13 10:22:03 INFO ExternalShuffleBlockResolver: Executor is not registered (appId=app-20190613102100-0005, execId=359)
19/06/13 10:22:03 INFO Worker: Executor app-20190613102100-0005/356 finished with state EXITED message Command exited with code 1 exitStatus 1
19/06/13 10:22:03 INFO ExternalShuffleBlockResolver: Clean up non-shuffle files associated with the finished executor 356
19/06/13 10:22:03 INFO ExternalShuffleBlockResolver: Executor is not registered (appId=app-20190613102100-0005, execId=356)
19/06/13 10:22:03 INFO Worker: Asked to launch executor app-20190613102100-0005/979 for TeraGen (1000GB)
19/06/13 10:22:03 INFO Worker: Asked to launch executor app-20190613102100-0005/1046 for TeraGen (1000GB)
19/06/13 10:22:03 INFO SecurityManager: Changing view acls to: root
19/06/13 10:22:03 INFO SecurityManager: Changing modify acls to: root
19/06/13 10:22:03 INFO SecurityManager: Changing view acls groups to: 
19/06/13 10:22:03 INFO SecurityManager: Changing modify acls groups to: 
19/06/13 10:22:03 INFO SecurityManager: SecurityManager: authentication disabled; ui acls disabled; users  with view permissions: Set(root); groups with view permissions: Set(); users  with modify permissions: Set(root); groups with modify permissions: Set()
19/06/13 10:22:03 INFO Worker: Asked to launch executor app-20190613102100-0005/1047 for TeraGen (1000GB)
19/06/13 10:22:03 INFO SecurityManager: Changing view acls to: root
19/06/13 10:22:03 INFO SecurityManager: Changing modify acls to: root
19/06/13 10:22:03 INFO SecurityManager: Changing view acls groups to: 
19/06/13 10:22:03 INFO SecurityManager: Changing modify acls groups to: 
19/06/13 10:22:03 INFO SecurityManager: SecurityManager: authentication disabled; ui acls disabled; users  with view permissions: Set(root); groups with view permissions: Set(); users  with modify permissions: Set(root); groups with modify permissions: Set()
19/06/13 10:22:03 INFO SecurityManager: Changing view acls to: root
19/06/13 10:22:03 INFO SecurityManager: Changing modify acls to: root
19/06/13 10:22:03 INFO SecurityManager: Changing view acls groups to: 
19/06/13 10:22:03 INFO SecurityManager: Changing modify acls groups to: 
19/06/13 10:22:03 INFO SecurityManager: SecurityManager: authentication disabled; ui acls disabled; users  with view permissions: Set(root); groups with view permissions: Set(); users  with modify permissions: Set(root); groups with modify permissions: Set()
19/06/13 10:22:03 INFO ExecutorRunner: Launch command: "/usr/lib64/jvm/java-1.8.0-openjdk-1.8.0/jre/bin/java" "-cp" "/var/tmp/spark2.0hpcplatform/lib/firesteel-2.4.0.jar:/var/tmp/spark2.0hpcplatform/multicore/worker52/conf:/var/tmp/spark2.0hpcplatform/multicore/worker52/assembly/target/scala-2.11/jars/*" "-Xmx5120M" "-Dspark.driver.port=41167" "-Dspark.rpc.netty.dispatcher.numThreads=10" "-XX:-UseBiasedLocking" "org.apache.spark.executor.CoarseGrainedExecutorBackend" "--driver-url" "spark://CoarseGrainedScheduler@mdc-ch1-cust4.mdc.ext.hpe.com:41167" "--executor-id" "979" "--hostname" "mdc-ch1-cust4" "--cores" "2" "--app-id" "app-20190613102100-0005" "--worker-url" "spark://Worker@mdc-ch1-cust4:40275"
19/06/13 10:22:03 INFO ExecutorRunner: Launch command: "/usr/lib64/jvm/java-1.8.0-openjdk-1.8.0/jre/bin/java" "-cp" "/var/tmp/spark2.0hpcplatform/lib/firesteel-2.4.0.jar:/var/tmp/spark2.0hpcplatform/multicore/worker52/conf:/var/tmp/spark2.0hpcplatform/multicore/worker52/assembly/target/scala-2.11/jars/*" "-Xmx5120M" "-Dspark.driver.port=41167" "-Dspark.rpc.netty.dispatcher.numThreads=10" "-XX:-UseBiasedLocking" "org.apache.spark.executor.CoarseGrainedExecutorBackend" "--driver-url" "spark://CoarseGrainedScheduler@mdc-ch1-cust4.mdc.ext.hpe.com:41167" "--executor-id" "1046" "--hostname" "mdc-ch1-cust4" "--cores" "2" "--app-id" "app-20190613102100-0005" "--worker-url" "spark://Worker@mdc-ch1-cust4:40275"
19/06/13 10:22:03 INFO ExecutorRunner: Launch command: "/usr/lib64/jvm/java-1.8.0-openjdk-1.8.0/jre/bin/java" "-cp" "/var/tmp/spark2.0hpcplatform/lib/firesteel-2.4.0.jar:/var/tmp/spark2.0hpcplatform/multicore/worker52/conf:/var/tmp/spark2.0hpcplatform/multicore/worker52/assembly/target/scala-2.11/jars/*" "-Xmx5120M" "-Dspark.driver.port=41167" "-Dspark.rpc.netty.dispatcher.numThreads=10" "-XX:-UseBiasedLocking" "org.apache.spark.executor.CoarseGrainedExecutorBackend" "--driver-url" "spark://CoarseGrainedScheduler@mdc-ch1-cust4.mdc.ext.hpe.com:41167" "--executor-id" "1047" "--hostname" "mdc-ch1-cust4" "--cores" "2" "--app-id" "app-20190613102100-0005" "--worker-url" "spark://Worker@mdc-ch1-cust4:40275"
19/06/13 10:22:24 INFO Worker: Asked to launch executor app-20190613102100-0005/1224 for TeraGen (1000GB)
19/06/13 10:22:24 INFO Worker: Asked to launch executor app-20190613102100-0005/1225 for TeraGen (1000GB)
19/06/13 10:22:24 INFO SecurityManager: Changing view acls to: root
19/06/13 10:22:24 INFO SecurityManager: Changing modify acls to: root
19/06/13 10:22:24 INFO SecurityManager: Changing view acls groups to: 
19/06/13 10:22:24 INFO SecurityManager: Changing modify acls groups to: 
19/06/13 10:22:24 INFO SecurityManager: SecurityManager: authentication disabled; ui acls disabled; users  with view permissions: Set(root); groups with view permissions: Set(); users  with modify permissions: Set(root); groups with modify permissions: Set()
19/06/13 10:22:24 INFO SecurityManager: Changing view acls to: root
19/06/13 10:22:24 INFO SecurityManager: Changing modify acls to: root
19/06/13 10:22:24 INFO SecurityManager: Changing view acls groups to: 
19/06/13 10:22:24 INFO SecurityManager: Changing modify acls groups to: 
19/06/13 10:22:24 INFO SecurityManager: SecurityManager: authentication disabled; ui acls disabled; users  with view permissions: Set(root); groups with view permissions: Set(); users  with modify permissions: Set(root); groups with modify permissions: Set()
19/06/13 10:22:24 INFO ExecutorRunner: Launch command: "/usr/lib64/jvm/java-1.8.0-openjdk-1.8.0/jre/bin/java" "-cp" "/var/tmp/spark2.0hpcplatform/lib/firesteel-2.4.0.jar:/var/tmp/spark2.0hpcplatform/multicore/worker52/conf:/var/tmp/spark2.0hpcplatform/multicore/worker52/assembly/target/scala-2.11/jars/*" "-Xmx5120M" "-Dspark.driver.port=41167" "-Dspark.rpc.netty.dispatcher.numThreads=10" "-XX:-UseBiasedLocking" "org.apache.spark.executor.CoarseGrainedExecutorBackend" "--driver-url" "spark://CoarseGrainedScheduler@mdc-ch1-cust4.mdc.ext.hpe.com:41167" "--executor-id" "1225" "--hostname" "mdc-ch1-cust4" "--cores" "2" "--app-id" "app-20190613102100-0005" "--worker-url" "spark://Worker@mdc-ch1-cust4:40275"
19/06/13 10:22:24 INFO ExecutorRunner: Launch command: "/usr/lib64/jvm/java-1.8.0-openjdk-1.8.0/jre/bin/java" "-cp" "/var/tmp/spark2.0hpcplatform/lib/firesteel-2.4.0.jar:/var/tmp/spark2.0hpcplatform/multicore/worker52/conf:/var/tmp/spark2.0hpcplatform/multicore/worker52/assembly/target/scala-2.11/jars/*" "-Xmx5120M" "-Dspark.driver.port=41167" "-Dspark.rpc.netty.dispatcher.numThreads=10" "-XX:-UseBiasedLocking" "org.apache.spark.executor.CoarseGrainedExecutorBackend" "--driver-url" "spark://CoarseGrainedScheduler@mdc-ch1-cust4.mdc.ext.hpe.com:41167" "--executor-id" "1224" "--hostname" "mdc-ch1-cust4" "--cores" "2" "--app-id" "app-20190613102100-0005" "--worker-url" "spark://Worker@mdc-ch1-cust4:40275"
19/06/13 10:22:30 INFO Worker: Executor app-20190613102100-0005/794 finished with state EXITED message Command exited with code 1 exitStatus 1
19/06/13 10:22:30 INFO ExternalShuffleBlockResolver: Clean up non-shuffle files associated with the finished executor 794
19/06/13 10:22:30 INFO ExternalShuffleBlockResolver: Executor is not registered (appId=app-20190613102100-0005, execId=794)
19/06/13 10:22:30 INFO Worker: Asked to launch executor app-20190613102100-0005/1274 for TeraGen (1000GB)
19/06/13 10:22:30 ERROR SparkUncaughtExceptionHandler: Uncaught exception in thread Thread[dispatcher-event-loop-532,5,main]
java.lang.OutOfMemoryError: unable to create new native thread
	at java.lang.Thread.start0(Native Method)
	at java.lang.Thread.start(Thread.java:717)
	at java.util.concurrent.ThreadPoolExecutor.addWorker(ThreadPoolExecutor.java:957)
	at java.util.concurrent.ThreadPoolExecutor.processWorkerExit(ThreadPoolExecutor.java:1025)
	at java.util.concurrent.ThreadPoolExecutor.runWorker(ThreadPoolExecutor.java:1167)
	at java.util.concurrent.ThreadPoolExecutor$Worker.run(ThreadPoolExecutor.java:624)
	at java.lang.Thread.run(Thread.java:748)
