0000001 | T.0x00007f12884ec700 | 2019-06-21, 02:20:34.020587 [info] - (/home/ghosdebd/sparkle/alps/src/globalheap/globalheap_internal.cc, 153) Open heap path: /lfs/spark_global0 
0000002 | T.0x00007f12884ec700 | 2019-06-21, 02:20:34.021149 [info] - (/home/ghosdebd/sparkle/alps/src/pegasus/lfs_region_file.cc, 64) Open LFS region file path: "/lfs/spark_global0" flags: O_RDWR
0000004 | T.0x00007f12884ec700 | 2019-06-21, 02:20:34.025195 [info] - (/home/ghosdebd/sparkle/alps/src/pegasus/segmap.cc, 39) map region  base_addr: 0x7e913c000000 size: 549755813888 addr_range: 0x7e913c000000--7f113c000000
0000005 | T.0x00007f12884ec700 | 2019-06-21, 02:20:34.025222 [info] - (/home/ghosdebd/sparkle/alps/src/globalheap/globalheap_internal.cc, 158) Opened heap path: /lfs/spark_global0  size: 549755813888
0000006 | T.0x00007f12884ec700 | 2019-06-21, 02:20:34.357488 [info] - (/home/ghosdebd/sparkle/alps/src/globalheap/globalheap_internal.cc, 380) Allocate block size: 412
0000007 | T.0x00007f12884ec700 | 2019-06-21, 02:20:34.357536 [info] - (/home/ghosdebd/sparkle/alps/src/globalheap/globalheap_internal.cc, 400) Allocate block size: 412 ig: 0
0000008 | T.0x00007f12884ec700 | 2019-06-21, 02:20:34.357641 [info] - (/home/ghosdebd/sparkle/alps/src/globalheap/memattrib_heap.cc, 59) Allocate block size: 412
0000009 | T.0x00007f12884ec700 | 2019-06-21, 02:20:34.357656 [info] - (/home/ghosdebd/sparkle/alps/src/globalheap/process_slab_heap.cc, 30) acquire_slab
0000010 | T.0x00007f12884ec700 | 2019-06-21, 02:20:34.357662 [info] - (/home/ghosdebd/sparkle/alps/src/globalheap/process_slab_heap.cc, 33) acquire_slab: locked
0000011 | T.0x00007f12884ec700 | 2019-06-21, 02:20:34.357668 [info] - (/home/ghosdebd/sparkle/alps/src/globalheap/extentheap.hh, 116) malloc
0000012 | T.0x00007f12884ec700 | 2019-06-21, 02:20:34.357968 [info] - (/home/ghosdebd/sparkle/alps/src/globalheap/zone.hh, 40) NVZONE: 0x7ef53c000400
0000013 | T.0x00007f12884ec700 | 2019-06-21, 02:20:34.357976 [info] - (/home/ghosdebd/sparkle/alps/src/globalheap/zone.hh, 41) NVZONE: ID: 50
0000014 | T.0x00007f12884ec700 | 2019-06-21, 02:20:34.359649 [info] - (/home/ghosdebd/sparkle/alps/src/globalheap/extentmap.cc, 88) INSERT: (0, 32766)
0000015 | T.0x00007f12884ec700 | 2019-06-21, 02:20:34.359667 [info] - (/home/ghosdebd/sparkle/alps/src/globalheap/zone_heap.hh, 153) Acquired zone: 50
0000016 | T.0x00007f12884ec700 | 2019-06-21, 02:20:34.359672 [info] - (/home/ghosdebd/sparkle/alps/src/globalheap/zone.hh, 72) Enumerate zone: 50
0000017 | T.0x00007f12884ec700 | 2019-06-21, 02:20:34.361168 [info] - (/home/ghosdebd/sparkle/alps/src/globalheap/extentheap.hh, 116) malloc
0000018 | T.0x00007f12884ec700 | 2019-06-21, 02:20:34.361181 [info] - (/home/ghosdebd/sparkle/alps/src/globalheap/extentmap.cc, 88) INSERT: (1, 32765)
0000019 | T.0x00007f12884ec700 | 2019-06-21, 02:20:34.361186 [info] - (/home/ghosdebd/sparkle/alps/src/globalheap/zone.cc, 48) Allocated zone_id: 50 extent: (0, 1) 0x7ef53c0404c8
0000020 | T.0x00007f12884ec700 | 2019-06-21, 02:20:34.361207 [info] - (/home/ghosdebd/sparkle/alps/src/globalheap/process_slab_heap.cc, 50) acquire_slab: unlock 2
0000021 | T.0x00007f12884ec700 | 2019-06-21, 02:20:34.361216 [info] - (/home/ghosdebd/sparkle/alps/src/globalheap/slab.cc, 56) Allocate block: nvslab: (0xbeef, 0x64000404c8) block: 0
0000022 | T.0x00007f12884ec700 | 2019-06-21, 02:20:34.361221 [info] - (/home/ghosdebd/sparkle/alps/src/globalheap/slab_heap.cc, 40) Allocate block: new_fullness: 0 old_fullness: 0
0000023 | T.0x00007f12884ec700 | 2019-06-21, 02:20:34.361227 [info] - (/home/ghosdebd/sparkle/alps/src/globalheap/globalheap_internal.cc, 391) Allocated block ptr: (0xbeef, 0x6400040548) size: 412
0000024 | T.0x00007f12884ec700 | 2019-06-21, 02:20:34.361240 [info] - (/home/ghosdebd/sparkle/alps/src/globalheap/globalheap_internal.cc, 380) Allocate block size: 30
0000025 | T.0x00007f12884ec700 | 2019-06-21, 02:20:34.361247 [info] - (/home/ghosdebd/sparkle/alps/src/globalheap/globalheap_internal.cc, 400) Allocate block size: 30 ig: 0
0000026 | T.0x00007f12884ec700 | 2019-06-21, 02:20:34.361251 [info] - (/home/ghosdebd/sparkle/alps/src/globalheap/memattrib_heap.cc, 59) Allocate block size: 30
0000027 | T.0x00007f12884ec700 | 2019-06-21, 02:20:34.361256 [info] - (/home/ghosdebd/sparkle/alps/src/globalheap/process_slab_heap.cc, 30) acquire_slab
0000028 | T.0x00007f12884ec700 | 2019-06-21, 02:20:34.361259 [info] - (/home/ghosdebd/sparkle/alps/src/globalheap/process_slab_heap.cc, 33) acquire_slab: locked
0000029 | T.0x00007f12884ec700 | 2019-06-21, 02:20:34.361263 [info] - (/home/ghosdebd/sparkle/alps/src/globalheap/extentheap.hh, 116) malloc
0000030 | T.0x00007f12884ec700 | 2019-06-21, 02:20:34.361266 [info] - (/home/ghosdebd/sparkle/alps/src/globalheap/extentmap.cc, 88) INSERT: (2, 32764)
0000031 | T.0x00007f12884ec700 | 2019-06-21, 02:20:34.361270 [info] - (/home/ghosdebd/sparkle/alps/src/globalheap/zone.cc, 48) Allocated zone_id: 50 extent: (1, 1) 0x7ef53c0804c8
0000032 | T.0x00007f12884ec700 | 2019-06-21, 02:20:34.361494 [info] - (/home/ghosdebd/sparkle/alps/src/globalheap/process_slab_heap.cc, 50) acquire_slab: unlock 2
0000033 | T.0x00007f12884ec700 | 2019-06-21, 02:20:34.361505 [info] - (/home/ghosdebd/sparkle/alps/src/globalheap/slab.cc, 56) Allocate block: nvslab: (0xbeef, 0x64000804c8) block: 0
0000034 | T.0x00007f12884ec700 | 2019-06-21, 02:20:34.361510 [info] - (/home/ghosdebd/sparkle/alps/src/globalheap/slab_heap.cc, 40) Allocate block: new_fullness: 0 old_fullness: 0
0000035 | T.0x00007f12884ec700 | 2019-06-21, 02:20:34.361513 [info] - (/home/ghosdebd/sparkle/alps/src/globalheap/globalheap_internal.cc, 391) Allocated block ptr: (0xbeef, 0x6400080908) size: 30
0000036 | T.0x00007f12884ec700 | 2019-06-21, 02:20:34.361517 [info] - (/home/ghosdebd/sparkle/alps/src/globalheap/globalheap_internal.cc, 380) Allocate block size: 30
0000037 | T.0x00007f12884ec700 | 2019-06-21, 02:20:34.361520 [info] - (/home/ghosdebd/sparkle/alps/src/globalheap/globalheap_internal.cc, 400) Allocate block size: 30 ig: 0
0000038 | T.0x00007f12884ec700 | 2019-06-21, 02:20:34.361524 [info] - (/home/ghosdebd/sparkle/alps/src/globalheap/memattrib_heap.cc, 59) Allocate block size: 30
0000039 | T.0x00007f12884ec700 | 2019-06-21, 02:20:34.361527 [info] - (/home/ghosdebd/sparkle/alps/src/globalheap/slab.cc, 56) Allocate block: nvslab: (0xbeef, 0x64000804c8) block: 1
0000040 | T.0x00007f12884ec700 | 2019-06-21, 02:20:34.361531 [info] - (/home/ghosdebd/sparkle/alps/src/globalheap/slab_heap.cc, 40) Allocate block: new_fullness: 0 old_fullness: 0
0000041 | T.0x00007f12884ec700 | 2019-06-21, 02:20:34.361534 [info] - (/home/ghosdebd/sparkle/alps/src/globalheap/globalheap_internal.cc, 391) Allocated block ptr: (0xbeef, 0x6400080928) size: 30
0000042 | T.0x00007f12884ec700 | 2019-06-21, 02:20:34.361537 [info] - (/home/ghosdebd/sparkle/alps/src/globalheap/globalheap_internal.cc, 380) Allocate block size: 30
0000043 | T.0x00007f12884ec700 | 2019-06-21, 02:20:34.361540 [info] - (/home/ghosdebd/sparkle/alps/src/globalheap/globalheap_internal.cc, 400) Allocate block size: 30 ig: 0
0000044 | T.0x00007f12884ec700 | 2019-06-21, 02:20:34.361543 [info] - (/home/ghosdebd/sparkle/alps/src/globalheap/memattrib_heap.cc, 59) Allocate block size: 30
0000045 | T.0x00007f12884ec700 | 2019-06-21, 02:20:34.361546 [info] - (/home/ghosdebd/sparkle/alps/src/globalheap/slab.cc, 56) Allocate block: nvslab: (0xbeef, 0x64000804c8) block: 2
0000046 | T.0x00007f12884ec700 | 2019-06-21, 02:20:34.361550 [info] - (/home/ghosdebd/sparkle/alps/src/globalheap/slab_heap.cc, 40) Allocate block: new_fullness: 0 old_fullness: 0
0000047 | T.0x00007f12884ec700 | 2019-06-21, 02:20:34.361553 [info] - (/home/ghosdebd/sparkle/alps/src/globalheap/globalheap_internal.cc, 391) Allocated block ptr: (0xbeef, 0x6400080948) size: 30
0000048 | T.0x00007f12884ec700 | 2019-06-21, 02:20:34.361557 [info] - (/home/ghosdebd/sparkle/alps/src/globalheap/globalheap_internal.cc, 380) Allocate block size: 60
0000049 | T.0x00007f12884ec700 | 2019-06-21, 02:20:34.361560 [info] - (/home/ghosdebd/sparkle/alps/src/globalheap/globalheap_internal.cc, 400) Allocate block size: 60 ig: 0
0000050 | T.0x00007f12884ec700 | 2019-06-21, 02:20:34.361563 [info] - (/home/ghosdebd/sparkle/alps/src/globalheap/memattrib_heap.cc, 59) Allocate block size: 60
0000051 | T.0x00007f12884ec700 | 2019-06-21, 02:20:34.361604 [info] - (/home/ghosdebd/sparkle/alps/src/globalheap/process_slab_heap.cc, 30) acquire_slab
0000052 | T.0x00007f12884ec700 | 2019-06-21, 02:20:34.361607 [info] - (/home/ghosdebd/sparkle/alps/src/globalheap/process_slab_heap.cc, 33) acquire_slab: locked
0000053 | T.0x00007f12884ec700 | 2019-06-21, 02:20:34.361611 [info] - (/home/ghosdebd/sparkle/alps/src/globalheap/extentheap.hh, 116) malloc
0000054 | T.0x00007f12884ec700 | 2019-06-21, 02:20:34.361614 [info] - (/home/ghosdebd/sparkle/alps/src/globalheap/extentmap.cc, 88) INSERT: (3, 32763)
0000055 | T.0x00007f12884ec700 | 2019-06-21, 02:20:34.361618 [info] - (/home/ghosdebd/sparkle/alps/src/globalheap/zone.cc, 48) Allocated zone_id: 50 extent: (2, 1) 0x7ef53c0c04c8
0000056 | T.0x00007f12884ec700 | 2019-06-21, 02:20:34.362168 [info] - (/home/ghosdebd/sparkle/alps/src/globalheap/process_slab_heap.cc, 50) acquire_slab: unlock 2
0000057 | T.0x00007f12884ec700 | 2019-06-21, 02:20:34.362174 [info] - (/home/ghosdebd/sparkle/alps/src/globalheap/slab.cc, 56) Allocate block: nvslab: (0xbeef, 0x64000c04c8) block: 0
0000058 | T.0x00007f12884ec700 | 2019-06-21, 02:20:34.362178 [info] - (/home/ghosdebd/sparkle/alps/src/globalheap/slab_heap.cc, 40) Allocate block: new_fullness: 0 old_fullness: 0
0000059 | T.0x00007f12884ec700 | 2019-06-21, 02:20:34.362181 [info] - (/home/ghosdebd/sparkle/alps/src/globalheap/globalheap_internal.cc, 391) Allocated block ptr: (0xbeef, 0x64000c0708) size: 60
0000060 | T.0x00007f12884ec700 | 2019-06-21, 02:20:34.362185 [info] - (/home/ghosdebd/sparkle/alps/src/globalheap/globalheap_internal.cc, 380) Allocate block size: 90
0000061 | T.0x00007f12884ec700 | 2019-06-21, 02:20:34.362189 [info] - (/home/ghosdebd/sparkle/alps/src/globalheap/globalheap_internal.cc, 400) Allocate block size: 90 ig: 0
0000062 | T.0x00007f12884ec700 | 2019-06-21, 02:20:34.362192 [info] - (/home/ghosdebd/sparkle/alps/src/globalheap/memattrib_heap.cc, 59) Allocate block size: 90
0000063 | T.0x00007f12884ec700 | 2019-06-21, 02:20:34.362195 [info] - (/home/ghosdebd/sparkle/alps/src/globalheap/process_slab_heap.cc, 30) acquire_slab
0000064 | T.0x00007f12884ec700 | 2019-06-21, 02:20:34.362199 [info] - (/home/ghosdebd/sparkle/alps/src/globalheap/process_slab_heap.cc, 33) acquire_slab: locked
0000065 | T.0x00007f12884ec700 | 2019-06-21, 02:20:34.362202 [info] - (/home/ghosdebd/sparkle/alps/src/globalheap/extentheap.hh, 116) malloc
0000066 | T.0x00007f12884ec700 | 2019-06-21, 02:20:34.362206 [info] - (/home/ghosdebd/sparkle/alps/src/globalheap/extentmap.cc, 88) INSERT: (4, 32762)
0000067 | T.0x00007f12884ec700 | 2019-06-21, 02:20:34.362209 [info] - (/home/ghosdebd/sparkle/alps/src/globalheap/zone.cc, 48) Allocated zone_id: 50 extent: (3, 1) 0x7ef53c1004c8
0000068 | T.0x00007f12884ec700 | 2019-06-21, 02:20:34.362301 [info] - (/home/ghosdebd/sparkle/alps/src/globalheap/process_slab_heap.cc, 50) acquire_slab: unlock 2
0000069 | T.0x00007f12884ec700 | 2019-06-21, 02:20:34.362305 [info] - (/home/ghosdebd/sparkle/alps/src/globalheap/slab.cc, 56) Allocate block: nvslab: (0xbeef, 0x64001004c8) block: 0
0000070 | T.0x00007f12884ec700 | 2019-06-21, 02:20:34.362309 [info] - (/home/ghosdebd/sparkle/alps/src/globalheap/slab_heap.cc, 40) Allocate block: new_fullness: 0 old_fullness: 0
0000071 | T.0x00007f12884ec700 | 2019-06-21, 02:20:34.362312 [info] - (/home/ghosdebd/sparkle/alps/src/globalheap/globalheap_internal.cc, 391) Allocated block ptr: (0xbeef, 0x6400100648) size: 90
0000072 | T.0x00007f12884ec700 | 2019-06-21, 02:20:34.362317 [info] - (/home/ghosdebd/sparkle/alps/src/globalheap/globalheap_internal.cc, 380) Allocate block size: 30
0000073 | T.0x00007f12884ec700 | 2019-06-21, 02:20:34.362320 [info] - (/home/ghosdebd/sparkle/alps/src/globalheap/globalheap_internal.cc, 400) Allocate block size: 30 ig: 0
0000074 | T.0x00007f12884ec700 | 2019-06-21, 02:20:34.362323 [info] - (/home/ghosdebd/sparkle/alps/src/globalheap/memattrib_heap.cc, 59) Allocate block size: 30
0000075 | T.0x00007f12884ec700 | 2019-06-21, 02:20:34.362327 [info] - (/home/ghosdebd/sparkle/alps/src/globalheap/slab.cc, 56) Allocate block: nvslab: (0xbeef, 0x64000804c8) block: 3
0000076 | T.0x00007f12884ec700 | 2019-06-21, 02:20:34.362331 [info] - (/home/ghosdebd/sparkle/alps/src/globalheap/slab_heap.cc, 40) Allocate block: new_fullness: 0 old_fullness: 0
0000077 | T.0x00007f12884ec700 | 2019-06-21, 02:20:34.362334 [info] - (/home/ghosdebd/sparkle/alps/src/globalheap/globalheap_internal.cc, 391) Allocated block ptr: (0xbeef, 0x6400080968) size: 30
0000078 | T.0x00007f12884ec700 | 2019-06-21, 02:20:34.362338 [info] - (/home/ghosdebd/sparkle/alps/src/globalheap/globalheap_internal.cc, 380) Allocate block size: 30
0000079 | T.0x00007f12884ec700 | 2019-06-21, 02:20:34.362341 [info] - (/home/ghosdebd/sparkle/alps/src/globalheap/globalheap_internal.cc, 400) Allocate block size: 30 ig: 0
0000080 | T.0x00007f12884ec700 | 2019-06-21, 02:20:34.362344 [info] - (/home/ghosdebd/sparkle/alps/src/globalheap/memattrib_heap.cc, 59) Allocate block size: 30
0000081 | T.0x00007f12884ec700 | 2019-06-21, 02:20:34.362347 [info] - (/home/ghosdebd/sparkle/alps/src/globalheap/slab.cc, 56) Allocate block: nvslab: (0xbeef, 0x64000804c8) block: 4
0000082 | T.0x00007f12884ec700 | 2019-06-21, 02:20:34.362350 [info] - (/home/ghosdebd/sparkle/alps/src/globalheap/slab_heap.cc, 40) Allocate block: new_fullness: 0 old_fullness: 0
0000083 | T.0x00007f12884ec700 | 2019-06-21, 02:20:34.362354 [info] - (/home/ghosdebd/sparkle/alps/src/globalheap/globalheap_internal.cc, 391) Allocated block ptr: (0xbeef, 0x6400080988) size: 30
0000084 | T.0x00007f12881e9700 | 2019-06-21, 02:20:34.622656 [info] - (/home/ghosdebd/sparkle/alps/src/globalheap/globalheap_internal.cc, 380) Allocate block size: 412
0000085 | T.0x00007f12881e9700 | 2019-06-21, 02:20:34.622692 [info] - (/home/ghosdebd/sparkle/alps/src/globalheap/globalheap_internal.cc, 400) Allocate block size: 412 ig: 0
0000086 | T.0x00007f12881e9700 | 2019-06-21, 02:20:34.622699 [info] - (/home/ghosdebd/sparkle/alps/src/globalheap/memattrib_heap.cc, 59) Allocate block size: 412
0000087 | T.0x00007f12881e9700 | 2019-06-21, 02:20:34.622709 [info] - (/home/ghosdebd/sparkle/alps/src/globalheap/slab.cc, 56) Allocate block: nvslab: (0xbeef, 0x64000404c8) block: 1
0000088 | T.0x00007f12881e9700 | 2019-06-21, 02:20:34.622715 [info] - (/home/ghosdebd/sparkle/alps/src/globalheap/slab_heap.cc, 40) Allocate block: new_fullness: 0 old_fullness: 0
0000089 | T.0x00007f12881e9700 | 2019-06-21, 02:20:34.622720 [info] - (/home/ghosdebd/sparkle/alps/src/globalheap/globalheap_internal.cc, 391) Allocated block ptr: (0xbeef, 0x64000406e8) size: 412
0000090 | T.0x00007f12881e9700 | 2019-06-21, 02:20:34.622730 [info] - (/home/ghosdebd/sparkle/alps/src/globalheap/globalheap_internal.cc, 380) Allocate block size: 30
0000091 | T.0x00007f12881e9700 | 2019-06-21, 02:20:34.622734 [info] - (/home/ghosdebd/sparkle/alps/src/globalheap/globalheap_internal.cc, 400) Allocate block size: 30 ig: 0
0000092 | T.0x00007f12881e9700 | 2019-06-21, 02:20:34.622738 [info] - (/home/ghosdebd/sparkle/alps/src/globalheap/memattrib_heap.cc, 59) Allocate block size: 30
0000093 | T.0x00007f12881e9700 | 2019-06-21, 02:20:34.622742 [info] - (/home/ghosdebd/sparkle/alps/src/globalheap/slab.cc, 56) Allocate block: nvslab: (0xbeef, 0x64000804c8) block: 5
0000094 | T.0x00007f12881e9700 | 2019-06-21, 02:20:34.622746 [info] - (/home/ghosdebd/sparkle/alps/src/globalheap/slab_heap.cc, 40) Allocate block: new_fullness: 0 old_fullness: 0
0000095 | T.0x00007f12881e9700 | 2019-06-21, 02:20:34.622750 [info] - (/home/ghosdebd/sparkle/alps/src/globalheap/globalheap_internal.cc, 391) Allocated block ptr: (0xbeef, 0x64000809a8) size: 30
0000096 | T.0x00007f12881e9700 | 2019-06-21, 02:20:34.622753 [info] - (/home/ghosdebd/sparkle/alps/src/globalheap/globalheap_internal.cc, 380) Allocate block size: 30
0000097 | T.0x00007f12881e9700 | 2019-06-21, 02:20:34.622756 [info] - (/home/ghosdebd/sparkle/alps/src/globalheap/globalheap_internal.cc, 400) Allocate block size: 30 ig: 0
0000098 | T.0x00007f12881e9700 | 2019-06-21, 02:20:34.622760 [info] - (/home/ghosdebd/sparkle/alps/src/globalheap/memattrib_heap.cc, 59) Allocate block size: 30
0000099 | T.0x00007f12881e9700 | 2019-06-21, 02:20:34.622789 [info] - (/home/ghosdebd/sparkle/alps/src/globalheap/slab.cc, 56) Allocate block: nvslab: (0xbeef, 0x64000804c8) block: 6
0000100 | T.0x00007f12881e9700 | 2019-06-21, 02:20:34.622794 [info] - (/home/ghosdebd/sparkle/alps/src/globalheap/slab_heap.cc, 40) Allocate block: new_fullness: 0 old_fullness: 0
0000101 | T.0x00007f12881e9700 | 2019-06-21, 02:20:34.622797 [info] - (/home/ghosdebd/sparkle/alps/src/globalheap/globalheap_internal.cc, 391) Allocated block ptr: (0xbeef, 0x64000809c8) size: 30
0000102 | T.0x00007f12881e9700 | 2019-06-21, 02:20:34.622800 [info] - (/home/ghosdebd/sparkle/alps/src/globalheap/globalheap_internal.cc, 380) Allocate block size: 60
0000103 | T.0x00007f12881e9700 | 2019-06-21, 02:20:34.622804 [info] - (/home/ghosdebd/sparkle/alps/src/globalheap/globalheap_internal.cc, 400) Allocate block size: 60 ig: 0
0000104 | T.0x00007f12881e9700 | 2019-06-21, 02:20:34.622807 [info] - (/home/ghosdebd/sparkle/alps/src/globalheap/memattrib_heap.cc, 59) Allocate block size: 60
0000105 | T.0x00007f12881e9700 | 2019-06-21, 02:20:34.622811 [info] - (/home/ghosdebd/sparkle/alps/src/globalheap/slab.cc, 56) Allocate block: nvslab: (0xbeef, 0x64000c04c8) block: 1
0000106 | T.0x00007f12881e9700 | 2019-06-21, 02:20:34.622814 [info] - (/home/ghosdebd/sparkle/alps/src/globalheap/slab_heap.cc, 40) Allocate block: new_fullness: 0 old_fullness: 0
0000107 | T.0x00007f12881e9700 | 2019-06-21, 02:20:34.622818 [info] - (/home/ghosdebd/sparkle/alps/src/globalheap/globalheap_internal.cc, 391) Allocated block ptr: (0xbeef, 0x64000c0748) size: 60
0000108 | T.0x00007f12881e9700 | 2019-06-21, 02:20:34.622821 [info] - (/home/ghosdebd/sparkle/alps/src/globalheap/globalheap_internal.cc, 380) Allocate block size: 30
0000109 | T.0x00007f12881e9700 | 2019-06-21, 02:20:34.622825 [info] - (/home/ghosdebd/sparkle/alps/src/globalheap/globalheap_internal.cc, 400) Allocate block size: 30 ig: 0
0000110 | T.0x00007f12881e9700 | 2019-06-21, 02:20:34.622828 [info] - (/home/ghosdebd/sparkle/alps/src/globalheap/memattrib_heap.cc, 59) Allocate block size: 30
0000111 | T.0x00007f12881e9700 | 2019-06-21, 02:20:34.622831 [info] - (/home/ghosdebd/sparkle/alps/src/globalheap/slab.cc, 56) Allocate block: nvslab: (0xbeef, 0x64000804c8) block: 7
0000112 | T.0x00007f12881e9700 | 2019-06-21, 02:20:34.622835 [info] - (/home/ghosdebd/sparkle/alps/src/globalheap/slab_heap.cc, 40) Allocate block: new_fullness: 0 old_fullness: 0
0000113 | T.0x00007f12881e9700 | 2019-06-21, 02:20:34.622838 [info] - (/home/ghosdebd/sparkle/alps/src/globalheap/globalheap_internal.cc, 391) Allocated block ptr: (0xbeef, 0x64000809e8) size: 30
0000114 | T.0x00007f12881e9700 | 2019-06-21, 02:20:34.622841 [info] - (/home/ghosdebd/sparkle/alps/src/globalheap/globalheap_internal.cc, 380) Allocate block size: 30
0000115 | T.0x00007f12881e9700 | 2019-06-21, 02:20:34.622845 [info] - (/home/ghosdebd/sparkle/alps/src/globalheap/globalheap_internal.cc, 400) Allocate block size: 30 ig: 0
0000116 | T.0x00007f12881e9700 | 2019-06-21, 02:20:34.622848 [info] - (/home/ghosdebd/sparkle/alps/src/globalheap/memattrib_heap.cc, 59) Allocate block size: 30
0000117 | T.0x00007f12881e9700 | 2019-06-21, 02:20:34.622851 [info] - (/home/ghosdebd/sparkle/alps/src/globalheap/slab.cc, 56) Allocate block: nvslab: (0xbeef, 0x64000804c8) block: 8
0000118 | T.0x00007f12881e9700 | 2019-06-21, 02:20:34.622855 [info] - (/home/ghosdebd/sparkle/alps/src/globalheap/slab_heap.cc, 40) Allocate block: new_fullness: 0 old_fullness: 0
0000119 | T.0x00007f12881e9700 | 2019-06-21, 02:20:34.622858 [info] - (/home/ghosdebd/sparkle/alps/src/globalheap/globalheap_internal.cc, 391) Allocated block ptr: (0xbeef, 0x6400080a08) size: 30
0000120 | T.0x00007f12881e9700 | 2019-06-21, 02:20:34.622862 [info] - (/home/ghosdebd/sparkle/alps/src/globalheap/globalheap_internal.cc, 380) Allocate block size: 30
0000121 | T.0x00007f12881e9700 | 2019-06-21, 02:20:34.622865 [info] - (/home/ghosdebd/sparkle/alps/src/globalheap/globalheap_internal.cc, 400) Allocate block size: 30 ig: 0
0000122 | T.0x00007f12881e9700 | 2019-06-21, 02:20:34.622868 [info] - (/home/ghosdebd/sparkle/alps/src/globalheap/memattrib_heap.cc, 59) Allocate block size: 30
0000123 | T.0x00007f12881e9700 | 2019-06-21, 02:20:34.622872 [info] - (/home/ghosdebd/sparkle/alps/src/globalheap/slab.cc, 56) Allocate block: nvslab: (0xbeef, 0x64000804c8) block: 9
0000124 | T.0x00007f12881e9700 | 2019-06-21, 02:20:34.622875 [info] - (/home/ghosdebd/sparkle/alps/src/globalheap/slab_heap.cc, 40) Allocate block: new_fullness: 0 old_fullness: 0
0000125 | T.0x00007f12881e9700 | 2019-06-21, 02:20:34.622878 [info] - (/home/ghosdebd/sparkle/alps/src/globalheap/globalheap_internal.cc, 391) Allocated block ptr: (0xbeef, 0x6400080a28) size: 30
0000126 | T.0x00007f12881e9700 | 2019-06-21, 02:20:34.622882 [info] - (/home/ghosdebd/sparkle/alps/src/globalheap/globalheap_internal.cc, 380) Allocate block size: 30
0000127 | T.0x00007f12881e9700 | 2019-06-21, 02:20:34.622885 [info] - (/home/ghosdebd/sparkle/alps/src/globalheap/globalheap_internal.cc, 400) Allocate block size: 30 ig: 0
0000128 | T.0x00007f12881e9700 | 2019-06-21, 02:20:34.622888 [info] - (/home/ghosdebd/sparkle/alps/src/globalheap/memattrib_heap.cc, 59) Allocate block size: 30
0000129 | T.0x00007f12881e9700 | 2019-06-21, 02:20:34.622892 [info] - (/home/ghosdebd/sparkle/alps/src/globalheap/slab.cc, 56) Allocate block: nvslab: (0xbeef, 0x64000804c8) block: 10
0000130 | T.0x00007f12881e9700 | 2019-06-21, 02:20:34.622895 [info] - (/home/ghosdebd/sparkle/alps/src/globalheap/slab_heap.cc, 40) Allocate block: new_fullness: 0 old_fullness: 0
0000131 | T.0x00007f12881e9700 | 2019-06-21, 02:20:34.622898 [info] - (/home/ghosdebd/sparkle/alps/src/globalheap/globalheap_internal.cc, 391) Allocated block ptr: (0xbeef, 0x6400080a48) size: 30
0000132 | T.0x00007f12881e9700 | 2019-06-21, 02:20:34.622902 [info] - (/home/ghosdebd/sparkle/alps/src/globalheap/globalheap_internal.cc, 380) Allocate block size: 30
0000133 | T.0x00007f12881e9700 | 2019-06-21, 02:20:34.622905 [info] - (/home/ghosdebd/sparkle/alps/src/globalheap/globalheap_internal.cc, 400) Allocate block size: 30 ig: 0
0000134 | T.0x00007f12881e9700 | 2019-06-21, 02:20:34.622908 [info] - (/home/ghosdebd/sparkle/alps/src/globalheap/memattrib_heap.cc, 59) Allocate block size: 30
0000135 | T.0x00007f12881e9700 | 2019-06-21, 02:20:34.622912 [info] - (/home/ghosdebd/sparkle/alps/src/globalheap/slab.cc, 56) Allocate block: nvslab: (0xbeef, 0x64000804c8) block: 11
0000136 | T.0x00007f12881e9700 | 2019-06-21, 02:20:34.622915 [info] - (/home/ghosdebd/sparkle/alps/src/globalheap/slab_heap.cc, 40) Allocate block: new_fullness: 0 old_fullness: 0
0000137 | T.0x00007f12881e9700 | 2019-06-21, 02:20:34.622919 [info] - (/home/ghosdebd/sparkle/alps/src/globalheap/globalheap_internal.cc, 391) Allocated block ptr: (0xbeef, 0x6400080a68) size: 30
0000138 | T.0x00007f12881e9700 | 2019-06-21, 02:20:34.622922 [info] - (/home/ghosdebd/sparkle/alps/src/globalheap/globalheap_internal.cc, 380) Allocate block size: 30
0000139 | T.0x00007f12881e9700 | 2019-06-21, 02:20:34.622925 [info] - (/home/ghosdebd/sparkle/alps/src/globalheap/globalheap_internal.cc, 400) Allocate block size: 30 ig: 0
0000140 | T.0x00007f12881e9700 | 2019-06-21, 02:20:34.622929 [info] - (/home/ghosdebd/sparkle/alps/src/globalheap/memattrib_heap.cc, 59) Allocate block size: 30
0000141 | T.0x00007f12881e9700 | 2019-06-21, 02:20:34.622932 [info] - (/home/ghosdebd/sparkle/alps/src/globalheap/slab.cc, 56) Allocate block: nvslab: (0xbeef, 0x64000804c8) block: 12
0000142 | T.0x00007f12881e9700 | 2019-06-21, 02:20:34.622936 [info] - (/home/ghosdebd/sparkle/alps/src/globalheap/slab_heap.cc, 40) Allocate block: new_fullness: 0 old_fullness: 0
0000143 | T.0x00007f12881e9700 | 2019-06-21, 02:20:34.622939 [info] - (/home/ghosdebd/sparkle/alps/src/globalheap/globalheap_internal.cc, 391) Allocated block ptr: (0xbeef, 0x6400080a88) size: 30
0000144 | T.0x00007f12901da700 | 2019-06-21, 02:20:34.635231 [info] - (/home/ghosdebd/sparkle/alps/src/globalheap/globalheap_internal.cc, 380) Allocate block size: 412
0000145 | T.0x00007f12901da700 | 2019-06-21, 02:20:34.635271 [info] - (/home/ghosdebd/sparkle/alps/src/globalheap/globalheap_internal.cc, 400) Allocate block size: 412 ig: 0
0000146 | T.0x00007f12901da700 | 2019-06-21, 02:20:34.635307 [info] - (/home/ghosdebd/sparkle/alps/src/globalheap/memattrib_heap.cc, 59) Allocate block size: 412
0000147 | T.0x00007f12901da700 | 2019-06-21, 02:20:34.635317 [info] - (/home/ghosdebd/sparkle/alps/src/globalheap/slab.cc, 56) Allocate block: nvslab: (0xbeef, 0x64000404c8) block: 2
0000148 | T.0x00007f12901da700 | 2019-06-21, 02:20:34.635323 [info] - (/home/ghosdebd/sparkle/alps/src/globalheap/slab_heap.cc, 40) Allocate block: new_fullness: 0 old_fullness: 0
0000149 | T.0x00007f12901da700 | 2019-06-21, 02:20:34.635327 [info] - (/home/ghosdebd/sparkle/alps/src/globalheap/globalheap_internal.cc, 391) Allocated block ptr: (0xbeef, 0x6400040888) size: 412
0000150 | T.0x00007f12901da700 | 2019-06-21, 02:20:34.635338 [info] - (/home/ghosdebd/sparkle/alps/src/globalheap/globalheap_internal.cc, 380) Allocate block size: 30
0000151 | T.0x00007f12901da700 | 2019-06-21, 02:20:34.635342 [info] - (/home/ghosdebd/sparkle/alps/src/globalheap/globalheap_internal.cc, 400) Allocate block size: 30 ig: 0
0000152 | T.0x00007f12901da700 | 2019-06-21, 02:20:34.635346 [info] - (/home/ghosdebd/sparkle/alps/src/globalheap/memattrib_heap.cc, 59) Allocate block size: 30
0000153 | T.0x00007f12901da700 | 2019-06-21, 02:20:34.635351 [info] - (/home/ghosdebd/sparkle/alps/src/globalheap/slab.cc, 56) Allocate block: nvslab: (0xbeef, 0x64000804c8) block: 13
0000154 | T.0x00007f12901da700 | 2019-06-21, 02:20:34.635355 [info] - (/home/ghosdebd/sparkle/alps/src/globalheap/slab_heap.cc, 40) Allocate block: new_fullness: 0 old_fullness: 0
0000155 | T.0x00007f12901da700 | 2019-06-21, 02:20:34.635358 [info] - (/home/ghosdebd/sparkle/alps/src/globalheap/globalheap_internal.cc, 391) Allocated block ptr: (0xbeef, 0x6400080aa8) size: 30
0000156 | T.0x00007f12901da700 | 2019-06-21, 02:20:34.635362 [info] - (/home/ghosdebd/sparkle/alps/src/globalheap/globalheap_internal.cc, 380) Allocate block size: 30
0000157 | T.0x00007f12901da700 | 2019-06-21, 02:20:34.635365 [info] - (/home/ghosdebd/sparkle/alps/src/globalheap/globalheap_internal.cc, 400) Allocate block size: 30 ig: 0
0000158 | T.0x00007f12901da700 | 2019-06-21, 02:20:34.635368 [info] - (/home/ghosdebd/sparkle/alps/src/globalheap/memattrib_heap.cc, 59) Allocate block size: 30
0000159 | T.0x00007f12901da700 | 2019-06-21, 02:20:34.635372 [info] - (/home/ghosdebd/sparkle/alps/src/globalheap/slab.cc, 56) Allocate block: nvslab: (0xbeef, 0x64000804c8) block: 14
0000160 | T.0x00007f12901da700 | 2019-06-21, 02:20:34.635376 [info] - (/home/ghosdebd/sparkle/alps/src/globalheap/slab_heap.cc, 40) Allocate block: new_fullness: 0 old_fullness: 0
0000161 | T.0x00007f12901da700 | 2019-06-21, 02:20:34.635379 [info] - (/home/ghosdebd/sparkle/alps/src/globalheap/globalheap_internal.cc, 391) Allocated block ptr: (0xbeef, 0x6400080ac8) size: 30
0000162 | T.0x00007f12901da700 | 2019-06-21, 02:20:34.635383 [info] - (/home/ghosdebd/sparkle/alps/src/globalheap/globalheap_internal.cc, 380) Allocate block size: 30
0000163 | T.0x00007f12901da700 | 2019-06-21, 02:20:34.635386 [info] - (/home/ghosdebd/sparkle/alps/src/globalheap/globalheap_internal.cc, 400) Allocate block size: 30 ig: 0
0000164 | T.0x00007f12901da700 | 2019-06-21, 02:20:34.635390 [info] - (/home/ghosdebd/sparkle/alps/src/globalheap/memattrib_heap.cc, 59) Allocate block size: 30
0000165 | T.0x00007f12901da700 | 2019-06-21, 02:20:34.635393 [info] - (/home/ghosdebd/sparkle/alps/src/globalheap/slab.cc, 56) Allocate block: nvslab: (0xbeef, 0x64000804c8) block: 15
0000166 | T.0x00007f12901da700 | 2019-06-21, 02:20:34.635396 [info] - (/home/ghosdebd/sparkle/alps/src/globalheap/slab_heap.cc, 40) Allocate block: new_fullness: 0 old_fullness: 0
0000167 | T.0x00007f12901da700 | 2019-06-21, 02:20:34.635399 [info] - (/home/ghosdebd/sparkle/alps/src/globalheap/globalheap_internal.cc, 391) Allocated block ptr: (0xbeef, 0x6400080ae8) size: 30
0000168 | T.0x00007f12901da700 | 2019-06-21, 02:20:34.635403 [info] - (/home/ghosdebd/sparkle/alps/src/globalheap/globalheap_internal.cc, 380) Allocate block size: 30
0000169 | T.0x00007f12901da700 | 2019-06-21, 02:20:34.635406 [info] - (/home/ghosdebd/sparkle/alps/src/globalheap/globalheap_internal.cc, 400) Allocate block size: 30 ig: 0
0000170 | T.0x00007f12901da700 | 2019-06-21, 02:20:34.635410 [info] - (/home/ghosdebd/sparkle/alps/src/globalheap/memattrib_heap.cc, 59) Allocate block size: 30
0000171 | T.0x00007f12901da700 | 2019-06-21, 02:20:34.635413 [info] - (/home/ghosdebd/sparkle/alps/src/globalheap/slab.cc, 56) Allocate block: nvslab: (0xbeef, 0x64000804c8) block: 16
0000172 | T.0x00007f12901da700 | 2019-06-21, 02:20:34.635416 [info] - (/home/ghosdebd/sparkle/alps/src/globalheap/slab_heap.cc, 40) Allocate block: new_fullness: 0 old_fullness: 0
0000173 | T.0x00007f12901da700 | 2019-06-21, 02:20:34.635420 [info] - (/home/ghosdebd/sparkle/alps/src/globalheap/globalheap_internal.cc, 391) Allocated block ptr: (0xbeef, 0x6400080b08) size: 30
0000174 | T.0x00007f12901da700 | 2019-06-21, 02:20:34.635424 [info] - (/home/ghosdebd/sparkle/alps/src/globalheap/globalheap_internal.cc, 380) Allocate block size: 60
0000175 | T.0x00007f12901da700 | 2019-06-21, 02:20:34.635427 [info] - (/home/ghosdebd/sparkle/alps/src/globalheap/globalheap_internal.cc, 400) Allocate block size: 60 ig: 0
0000176 | T.0x00007f12901da700 | 2019-06-21, 02:20:34.635430 [info] - (/home/ghosdebd/sparkle/alps/src/globalheap/memattrib_heap.cc, 59) Allocate block size: 60
0000177 | T.0x00007f12901da700 | 2019-06-21, 02:20:34.635435 [info] - (/home/ghosdebd/sparkle/alps/src/globalheap/slab.cc, 56) Allocate block: nvslab: (0xbeef, 0x64000c04c8) block: 2
0000178 | T.0x00007f12901da700 | 2019-06-21, 02:20:34.635439 [info] - (/home/ghosdebd/sparkle/alps/src/globalheap/slab_heap.cc, 40) Allocate block: new_fullness: 0 old_fullness: 0
0000179 | T.0x00007f12901da700 | 2019-06-21, 02:20:34.635442 [info] - (/home/ghosdebd/sparkle/alps/src/globalheap/globalheap_internal.cc, 391) Allocated block ptr: (0xbeef, 0x64000c0788) size: 60
0000180 | T.0x00007f12901da700 | 2019-06-21, 02:20:34.635446 [info] - (/home/ghosdebd/sparkle/alps/src/globalheap/globalheap_internal.cc, 380) Allocate block size: 60
0000181 | T.0x00007f12901da700 | 2019-06-21, 02:20:34.635449 [info] - (/home/ghosdebd/sparkle/alps/src/globalheap/globalheap_internal.cc, 400) Allocate block size: 60 ig: 0
0000182 | T.0x00007f12901da700 | 2019-06-21, 02:20:34.635452 [info] - (/home/ghosdebd/sparkle/alps/src/globalheap/memattrib_heap.cc, 59) Allocate block size: 60
0000183 | T.0x00007f12901da700 | 2019-06-21, 02:20:34.635456 [info] - (/home/ghosdebd/sparkle/alps/src/globalheap/slab.cc, 56) Allocate block: nvslab: (0xbeef, 0x64000c04c8) block: 3
0000184 | T.0x00007f12901da700 | 2019-06-21, 02:20:34.635459 [info] - (/home/ghosdebd/sparkle/alps/src/globalheap/slab_heap.cc, 40) Allocate block: new_fullness: 0 old_fullness: 0
0000185 | T.0x00007f12901da700 | 2019-06-21, 02:20:34.635462 [info] - (/home/ghosdebd/sparkle/alps/src/globalheap/globalheap_internal.cc, 391) Allocated block ptr: (0xbeef, 0x64000c07c8) size: 60
0000186 | T.0x00007f12901da700 | 2019-06-21, 02:20:34.635466 [info] - (/home/ghosdebd/sparkle/alps/src/globalheap/globalheap_internal.cc, 380) Allocate block size: 30
0000187 | T.0x00007f12901da700 | 2019-06-21, 02:20:34.635469 [info] - (/home/ghosdebd/sparkle/alps/src/globalheap/globalheap_internal.cc, 400) Allocate block size: 30 ig: 0
0000188 | T.0x00007f12901da700 | 2019-06-21, 02:20:34.635473 [info] - (/home/ghosdebd/sparkle/alps/src/globalheap/memattrib_heap.cc, 59) Allocate block size: 30
0000189 | T.0x00007f12901da700 | 2019-06-21, 02:20:34.635477 [info] - (/home/ghosdebd/sparkle/alps/src/globalheap/slab.cc, 56) Allocate block: nvslab: (0xbeef, 0x64000804c8) block: 17
0000190 | T.0x00007f12901da700 | 2019-06-21, 02:20:34.635480 [info] - (/home/ghosdebd/sparkle/alps/src/globalheap/slab_heap.cc, 40) Allocate block: new_fullness: 0 old_fullness: 0
0000191 | T.0x00007f12901da700 | 2019-06-21, 02:20:34.635483 [info] - (/home/ghosdebd/sparkle/alps/src/globalheap/globalheap_internal.cc, 391) Allocated block ptr: (0xbeef, 0x6400080b28) size: 30
0000192 | T.0x00007f12901da700 | 2019-06-21, 02:20:34.635487 [info] - (/home/ghosdebd/sparkle/alps/src/globalheap/globalheap_internal.cc, 380) Allocate block size: 30
0000193 | T.0x00007f12901da700 | 2019-06-21, 02:20:34.635499 [info] - (/home/ghosdebd/sparkle/alps/src/globalheap/globalheap_internal.cc, 400) Allocate block size: 30 ig: 0
0000194 | T.0x00007f12901da700 | 2019-06-21, 02:20:34.635503 [info] - (/home/ghosdebd/sparkle/alps/src/globalheap/memattrib_heap.cc, 59) Allocate block size: 30
0000195 | T.0x00007f12901da700 | 2019-06-21, 02:20:34.635506 [info] - (/home/ghosdebd/sparkle/alps/src/globalheap/slab.cc, 56) Allocate block: nvslab: (0xbeef, 0x64000804c8) block: 18
0000196 | T.0x00007f12901da700 | 2019-06-21, 02:20:34.635510 [info] - (/home/ghosdebd/sparkle/alps/src/globalheap/slab_heap.cc, 40) Allocate block: new_fullness: 0 old_fullness: 0
0000197 | T.0x00007f12901da700 | 2019-06-21, 02:20:34.635513 [info] - (/home/ghosdebd/sparkle/alps/src/globalheap/globalheap_internal.cc, 391) Allocated block ptr: (0xbeef, 0x6400080b48) size: 30
