Java HotSpot(TM) 64-Bit Server VM warning: sched_getaffinity failed (Invalid argument)- using online processor count (576) which may exceed available processors
Java HotSpot(TM) 64-Bit Server VM warning: sched_getaffinity failed (Invalid argument)- using online processor count (576) which may exceed available processors
Java HotSpot(TM) 64-Bit Server VM warning: sched_getaffinity failed (Invalid argument)- using online processor count (576) which may exceed available processors
Java HotSpot(TM) 64-Bit Server VM warning: sched_getaffinity failed (Invalid argument)- using online processor count (576) which may exceed available processors
Spark Command: /opt/jdk1.8.0_131/jre/bin/java -cp /var/tmp/spark2.0hpcplatform/multicore/worker19/conf/:/var/tmp/spark2.0hpcplatform/multicore/worker19/assembly/target/scala-2.11/jars/*:/opt/hadoop/etc/hadoop/ -Xmx1g org.apache.spark.deploy.worker.Worker --webui-port 8119 spark://mdc-ch1-cust4:7077 -h mdc-ch1-cust4
========================================
Java HotSpot(TM) 64-Bit Server VM warning: sched_getaffinity failed (Invalid argument)- using online processor count (576) which may exceed available processors
Java HotSpot(TM) 64-Bit Server VM warning: sched_getaffinity failed (Invalid argument)- using online processor count (576) which may exceed available processors
Java HotSpot(TM) 64-Bit Server VM warning: sched_getaffinity failed (Invalid argument)- using online processor count (576) which may exceed available processors
Java HotSpot(TM) 64-Bit Server VM warning: sched_getaffinity failed (Invalid argument)- using online processor count (576) which may exceed available processors
19/06/19 06:39:42 INFO worker.Worker: Started daemon with process name: 280010@mdc-ch1-cust4
19/06/19 06:39:42 INFO util.SignalUtils: Registered signal handler for TERM
19/06/19 06:39:42 INFO util.SignalUtils: Registered signal handler for HUP
19/06/19 06:39:42 INFO util.SignalUtils: Registered signal handler for INT
Java HotSpot(TM) 64-Bit Server VM warning: sched_getaffinity failed (Invalid argument)- using online processor count (576) which may exceed available processors
Java HotSpot(TM) 64-Bit Server VM warning: sched_getaffinity failed (Invalid argument)- using online processor count (576) which may exceed available processors
19/06/19 06:39:43 WARN util.NativeCodeLoader: Unable to load native-hadoop library for your platform... using builtin-java classes where applicable
19/06/19 06:39:43 INFO spark.SecurityManager: Changing view acls to: root
19/06/19 06:39:43 INFO spark.SecurityManager: Changing modify acls to: root
19/06/19 06:39:43 INFO spark.SecurityManager: Changing view acls groups to: 
19/06/19 06:39:43 INFO spark.SecurityManager: Changing modify acls groups to: 
19/06/19 06:39:43 INFO spark.SecurityManager: SecurityManager: authentication disabled; ui acls disabled; users  with view permissions: Set(root); groups with view permissions: Set(); users  with modify permissions: Set(root); groups with modify permissions: Set()
Java HotSpot(TM) 64-Bit Server VM warning: sched_getaffinity failed (Invalid argument)- using online processor count (576) which may exceed available processors
Java HotSpot(TM) 64-Bit Server VM warning: sched_getaffinity failed (Invalid argument)- using online processor count (576) which may exceed available processors
Java HotSpot(TM) 64-Bit Server VM warning: sched_getaffinity failed (Invalid argument)- using online processor count (576) which may exceed available processors
Java HotSpot(TM) 64-Bit Server VM warning: sched_getaffinity failed (Invalid argument)- using online processor count (576) which may exceed available processors
19/06/19 06:39:43 INFO util.Utils: Successfully started service 'sparkWorker' on port 36209.
Java HotSpot(TM) 64-Bit Server VM warning: sched_getaffinity failed (Invalid argument)- using online processor count (576) which may exceed available processors
19/06/19 06:39:43 INFO worker.Worker: Starting Spark worker mdc-ch1-cust4:36209 with 576 cores, 22.9 TB RAM
19/06/19 06:39:43 INFO worker.Worker: Running Spark version 2.4.0
19/06/19 06:39:43 INFO worker.Worker: Spark home: /var/tmp/spark2.0hpcplatform/multicore/worker19
19/06/19 06:39:43 INFO util.log: Logging initialized @1503ms
19/06/19 06:39:43 INFO server.Server: jetty-9.3.z-SNAPSHOT, build timestamp: unknown, git hash: unknown
19/06/19 06:39:43 INFO server.Server: Started @1547ms
Java HotSpot(TM) 64-Bit Server VM warning: sched_getaffinity failed (Invalid argument)- using online processor count (576) which may exceed available processors
Java HotSpot(TM) 64-Bit Server VM warning: sched_getaffinity failed (Invalid argument)- using online processor count (576) which may exceed available processors
19/06/19 06:39:43 INFO server.AbstractConnector: Started ServerConnector@7f870ade{HTTP/1.1,[http/1.1]}{0.0.0.0:8119}
19/06/19 06:39:43 INFO util.Utils: Successfully started service 'WorkerUI' on port 8119.
19/06/19 06:39:44 INFO handler.ContextHandler: Started o.s.j.s.ServletContextHandler@122fe1b{/logPage,null,AVAILABLE,@Spark}
19/06/19 06:39:44 INFO handler.ContextHandler: Started o.s.j.s.ServletContextHandler@45e53cdd{/logPage/json,null,AVAILABLE,@Spark}
19/06/19 06:39:44 INFO handler.ContextHandler: Started o.s.j.s.ServletContextHandler@2b07f2fb{/,null,AVAILABLE,@Spark}
19/06/19 06:39:44 INFO handler.ContextHandler: Started o.s.j.s.ServletContextHandler@5d3740be{/json,null,AVAILABLE,@Spark}
19/06/19 06:39:44 INFO handler.ContextHandler: Started o.s.j.s.ServletContextHandler@31d88c11{/static,null,AVAILABLE,@Spark}
19/06/19 06:39:44 INFO handler.ContextHandler: Started o.s.j.s.ServletContextHandler@4b60aaa{/log,null,AVAILABLE,@Spark}
19/06/19 06:39:44 INFO ui.WorkerWebUI: Bound WorkerWebUI to 0.0.0.0, and started at http://mdc-ch1-cust4.mdc.ext.hpe.com:8119
19/06/19 06:39:44 INFO worker.Worker: Connecting to master mdc-ch1-cust4:7077...
19/06/19 06:39:44 INFO handler.ContextHandler: Started o.s.j.s.ServletContextHandler@32509710{/metrics/json,null,AVAILABLE,@Spark}
19/06/19 06:39:44 INFO client.TransportClientFactory: Successfully created connection to mdc-ch1-cust4/10.1.1.4:7077 after 23 ms (0 ms spent in bootstraps)
19/06/19 06:39:44 INFO worker.Worker: Successfully registered with master spark://mdc-ch1-cust4.mdc.ext.hpe.com:7077
19/06/19 06:45:08 INFO worker.Worker: Asked to launch executor app-20190619064508-0000/27 for TeraSort
19/06/19 06:45:08 INFO spark.SecurityManager: Changing view acls to: root
19/06/19 06:45:08 INFO spark.SecurityManager: Changing modify acls to: root
19/06/19 06:45:08 INFO spark.SecurityManager: Changing view acls groups to: 
19/06/19 06:45:08 INFO spark.SecurityManager: Changing modify acls groups to: 
19/06/19 06:45:08 INFO spark.SecurityManager: SecurityManager: authentication disabled; ui acls disabled; users  with view permissions: Set(root); groups with view permissions: Set(); users  with modify permissions: Set(root); groups with modify permissions: Set()
19/06/19 06:45:08 INFO worker.Worker: Asked to launch executor app-20190619064508-0000/28 for TeraSort
19/06/19 06:45:08 INFO spark.SecurityManager: Changing view acls to: root
19/06/19 06:45:08 INFO spark.SecurityManager: Changing modify acls to: root
19/06/19 06:45:08 INFO spark.SecurityManager: Changing view acls groups to: 
19/06/19 06:45:08 INFO spark.SecurityManager: Changing modify acls groups to: 
19/06/19 06:45:08 INFO spark.SecurityManager: SecurityManager: authentication disabled; ui acls disabled; users  with view permissions: Set(root); groups with view permissions: Set(); users  with modify permissions: Set(root); groups with modify permissions: Set()
19/06/19 06:45:08 INFO worker.Worker: Asked to launch executor app-20190619064508-0000/29 for TeraSort
19/06/19 06:45:08 INFO spark.SecurityManager: Changing view acls to: root
19/06/19 06:45:08 INFO spark.SecurityManager: Changing modify acls to: root
19/06/19 06:45:08 INFO spark.SecurityManager: Changing view acls groups to: 
19/06/19 06:45:08 INFO spark.SecurityManager: Changing modify acls groups to: 
19/06/19 06:45:08 INFO spark.SecurityManager: SecurityManager: authentication disabled; ui acls disabled; users  with view permissions: Set(root); groups with view permissions: Set(); users  with modify permissions: Set(root); groups with modify permissions: Set()
19/06/19 06:45:08 INFO worker.ExecutorRunner: Launch command: "/opt/jdk1.8.0_131/jre/bin/java" "-cp" "/var/tmp/spark2.0hpcplatform/lib/firesteel-2.4.0.jar:/var/tmp/spark2.0hpcplatform/multicore/worker19/conf/:/var/tmp/spark2.0hpcplatform/multicore/worker19/assembly/target/scala-2.11/jars/*:/opt/hadoop/etc/hadoop/" "-Xmx8192M" "-Dspark.driver.port=36071" "-Dspark.rpc.netty.dispatcher.numThreads=10" "-XX:-UseBiasedLocking" "org.apache.spark.executor.CoarseGrainedExecutorBackend" "--driver-url" "spark://CoarseGrainedScheduler@mdc-ch1-cust4.mdc.ext.hpe.com:36071" "--executor-id" "29" "--hostname" "mdc-ch1-cust4" "--cores" "4" "--app-id" "app-20190619064508-0000" "--worker-url" "spark://Worker@mdc-ch1-cust4:36209"
19/06/19 06:45:08 INFO worker.ExecutorRunner: Launch command: "/opt/jdk1.8.0_131/jre/bin/java" "-cp" "/var/tmp/spark2.0hpcplatform/lib/firesteel-2.4.0.jar:/var/tmp/spark2.0hpcplatform/multicore/worker19/conf/:/var/tmp/spark2.0hpcplatform/multicore/worker19/assembly/target/scala-2.11/jars/*:/opt/hadoop/etc/hadoop/" "-Xmx8192M" "-Dspark.driver.port=36071" "-Dspark.rpc.netty.dispatcher.numThreads=10" "-XX:-UseBiasedLocking" "org.apache.spark.executor.CoarseGrainedExecutorBackend" "--driver-url" "spark://CoarseGrainedScheduler@mdc-ch1-cust4.mdc.ext.hpe.com:36071" "--executor-id" "28" "--hostname" "mdc-ch1-cust4" "--cores" "4" "--app-id" "app-20190619064508-0000" "--worker-url" "spark://Worker@mdc-ch1-cust4:36209"
19/06/19 06:45:08 INFO worker.ExecutorRunner: Launch command: "/opt/jdk1.8.0_131/jre/bin/java" "-cp" "/var/tmp/spark2.0hpcplatform/lib/firesteel-2.4.0.jar:/var/tmp/spark2.0hpcplatform/multicore/worker19/conf/:/var/tmp/spark2.0hpcplatform/multicore/worker19/assembly/target/scala-2.11/jars/*:/opt/hadoop/etc/hadoop/" "-Xmx8192M" "-Dspark.driver.port=36071" "-Dspark.rpc.netty.dispatcher.numThreads=10" "-XX:-UseBiasedLocking" "org.apache.spark.executor.CoarseGrainedExecutorBackend" "--driver-url" "spark://CoarseGrainedScheduler@mdc-ch1-cust4.mdc.ext.hpe.com:36071" "--executor-id" "27" "--hostname" "mdc-ch1-cust4" "--cores" "4" "--app-id" "app-20190619064508-0000" "--worker-url" "spark://Worker@mdc-ch1-cust4:36209"
19/06/19 06:54:33 INFO worker.Worker: Asked to kill executor app-20190619064508-0000/29
19/06/19 06:54:33 INFO worker.Worker: Asked to kill executor app-20190619064508-0000/28
19/06/19 06:54:33 INFO worker.ExecutorRunner: Runner thread for executor app-20190619064508-0000/29 interrupted
19/06/19 06:54:33 INFO worker.Worker: Asked to kill executor app-20190619064508-0000/27
19/06/19 06:54:33 INFO worker.ExecutorRunner: Runner thread for executor app-20190619064508-0000/28 interrupted
19/06/19 06:54:33 INFO worker.ExecutorRunner: Runner thread for executor app-20190619064508-0000/27 interrupted
19/06/19 06:54:33 INFO worker.ExecutorRunner: Killing process!
19/06/19 06:54:33 INFO worker.ExecutorRunner: Killing process!
19/06/19 06:54:33 INFO worker.ExecutorRunner: Killing process!
19/06/19 06:54:46 INFO worker.Worker: Executor app-20190619064508-0000/27 finished with state KILLED exitStatus 137
19/06/19 06:54:46 INFO shuffle.ExternalShuffleBlockResolver: Clean up non-shuffle files associated with the finished executor 27
19/06/19 06:54:46 INFO shuffle.ExternalShuffleBlockResolver: Executor is not registered (appId=app-20190619064508-0000, execId=27)
19/06/19 06:54:46 INFO worker.Worker: Executor app-20190619064508-0000/28 finished with state KILLED exitStatus 137
19/06/19 06:54:46 INFO shuffle.ExternalShuffleBlockResolver: Clean up non-shuffle files associated with the finished executor 28
19/06/19 06:54:46 INFO shuffle.ExternalShuffleBlockResolver: Executor is not registered (appId=app-20190619064508-0000, execId=28)
19/06/19 06:54:47 INFO worker.Worker: Executor app-20190619064508-0000/29 finished with state KILLED exitStatus 137
19/06/19 06:54:47 INFO shuffle.ExternalShuffleBlockResolver: Clean up non-shuffle files associated with the finished executor 29
19/06/19 06:54:47 INFO shuffle.ExternalShuffleBlockResolver: Executor is not registered (appId=app-20190619064508-0000, execId=29)
19/06/19 06:54:47 INFO shuffle.ExternalShuffleBlockResolver: Application app-20190619064508-0000 removed, cleanupLocalDirs = true
19/06/19 06:54:47 INFO worker.Worker: Cleaning up local directories for application app-20190619064508-0000
19/06/19 06:57:26 INFO worker.Worker: Asked to launch executor app-20190619065726-0001/27 for TeraSort
19/06/19 06:57:26 INFO spark.SecurityManager: Changing view acls to: root
19/06/19 06:57:26 INFO spark.SecurityManager: Changing modify acls to: root
19/06/19 06:57:26 INFO spark.SecurityManager: Changing view acls groups to: 
19/06/19 06:57:26 INFO worker.Worker: Asked to launch executor app-20190619065726-0001/28 for TeraSort
19/06/19 06:57:26 INFO spark.SecurityManager: Changing modify acls groups to: 
19/06/19 06:57:26 INFO spark.SecurityManager: SecurityManager: authentication disabled; ui acls disabled; users  with view permissions: Set(root); groups with view permissions: Set(); users  with modify permissions: Set(root); groups with modify permissions: Set()
19/06/19 06:57:26 INFO spark.SecurityManager: Changing view acls to: root
19/06/19 06:57:26 INFO spark.SecurityManager: Changing modify acls to: root
19/06/19 06:57:26 INFO spark.SecurityManager: Changing view acls groups to: 
19/06/19 06:57:26 INFO spark.SecurityManager: Changing modify acls groups to: 
19/06/19 06:57:26 INFO spark.SecurityManager: SecurityManager: authentication disabled; ui acls disabled; users  with view permissions: Set(root); groups with view permissions: Set(); users  with modify permissions: Set(root); groups with modify permissions: Set()
19/06/19 06:57:26 INFO worker.Worker: Asked to launch executor app-20190619065726-0001/29 for TeraSort
19/06/19 06:57:26 INFO spark.SecurityManager: Changing view acls to: root
19/06/19 06:57:26 INFO spark.SecurityManager: Changing modify acls to: root
19/06/19 06:57:26 INFO spark.SecurityManager: Changing view acls groups to: 
19/06/19 06:57:26 INFO spark.SecurityManager: Changing modify acls groups to: 
19/06/19 06:57:26 INFO spark.SecurityManager: SecurityManager: authentication disabled; ui acls disabled; users  with view permissions: Set(root); groups with view permissions: Set(); users  with modify permissions: Set(root); groups with modify permissions: Set()
19/06/19 06:57:26 INFO worker.ExecutorRunner: Launch command: "/opt/jdk1.8.0_131/jre/bin/java" "-cp" "/var/tmp/spark2.0hpcplatform/lib/firesteel-2.4.0.jar:/var/tmp/spark2.0hpcplatform/multicore/worker19/conf/:/var/tmp/spark2.0hpcplatform/multicore/worker19/assembly/target/scala-2.11/jars/*:/opt/hadoop/etc/hadoop/" "-Xmx8192M" "-Dspark.driver.port=45085" "-Dspark.rpc.netty.dispatcher.numThreads=10" "-XX:-UseBiasedLocking" "org.apache.spark.executor.CoarseGrainedExecutorBackend" "--driver-url" "spark://CoarseGrainedScheduler@mdc-ch1-cust4.mdc.ext.hpe.com:45085" "--executor-id" "27" "--hostname" "mdc-ch1-cust4" "--cores" "4" "--app-id" "app-20190619065726-0001" "--worker-url" "spark://Worker@mdc-ch1-cust4:36209"
19/06/19 06:57:26 INFO worker.ExecutorRunner: Launch command: "/opt/jdk1.8.0_131/jre/bin/java" "-cp" "/var/tmp/spark2.0hpcplatform/lib/firesteel-2.4.0.jar:/var/tmp/spark2.0hpcplatform/multicore/worker19/conf/:/var/tmp/spark2.0hpcplatform/multicore/worker19/assembly/target/scala-2.11/jars/*:/opt/hadoop/etc/hadoop/" "-Xmx8192M" "-Dspark.driver.port=45085" "-Dspark.rpc.netty.dispatcher.numThreads=10" "-XX:-UseBiasedLocking" "org.apache.spark.executor.CoarseGrainedExecutorBackend" "--driver-url" "spark://CoarseGrainedScheduler@mdc-ch1-cust4.mdc.ext.hpe.com:45085" "--executor-id" "28" "--hostname" "mdc-ch1-cust4" "--cores" "4" "--app-id" "app-20190619065726-0001" "--worker-url" "spark://Worker@mdc-ch1-cust4:36209"
19/06/19 06:57:26 INFO worker.ExecutorRunner: Launch command: "/opt/jdk1.8.0_131/jre/bin/java" "-cp" "/var/tmp/spark2.0hpcplatform/lib/firesteel-2.4.0.jar:/var/tmp/spark2.0hpcplatform/multicore/worker19/conf/:/var/tmp/spark2.0hpcplatform/multicore/worker19/assembly/target/scala-2.11/jars/*:/opt/hadoop/etc/hadoop/" "-Xmx8192M" "-Dspark.driver.port=45085" "-Dspark.rpc.netty.dispatcher.numThreads=10" "-XX:-UseBiasedLocking" "org.apache.spark.executor.CoarseGrainedExecutorBackend" "--driver-url" "spark://CoarseGrainedScheduler@mdc-ch1-cust4.mdc.ext.hpe.com:45085" "--executor-id" "29" "--hostname" "mdc-ch1-cust4" "--cores" "4" "--app-id" "app-20190619065726-0001" "--worker-url" "spark://Worker@mdc-ch1-cust4:36209"
19/06/19 07:29:26 INFO worker.Worker: Asked to kill executor app-20190619065726-0001/27
19/06/19 07:29:26 INFO worker.ExecutorRunner: Runner thread for executor app-20190619065726-0001/27 interrupted
19/06/19 07:29:26 INFO worker.ExecutorRunner: Killing process!
19/06/19 07:29:26 INFO worker.Worker: Asked to launch executor app-20190619065726-0001/175 for TeraSort
19/06/19 07:29:26 INFO spark.SecurityManager: Changing view acls to: root
19/06/19 07:29:26 INFO spark.SecurityManager: Changing modify acls to: root
19/06/19 07:29:26 INFO spark.SecurityManager: Changing view acls groups to: 
19/06/19 07:29:26 INFO spark.SecurityManager: Changing modify acls groups to: 
19/06/19 07:29:26 INFO spark.SecurityManager: SecurityManager: authentication disabled; ui acls disabled; users  with view permissions: Set(root); groups with view permissions: Set(); users  with modify permissions: Set(root); groups with modify permissions: Set()
19/06/19 07:29:26 INFO worker.ExecutorRunner: Launch command: "/opt/jdk1.8.0_131/jre/bin/java" "-cp" "/var/tmp/spark2.0hpcplatform/lib/firesteel-2.4.0.jar:/var/tmp/spark2.0hpcplatform/multicore/worker19/conf/:/var/tmp/spark2.0hpcplatform/multicore/worker19/assembly/target/scala-2.11/jars/*:/opt/hadoop/etc/hadoop/" "-Xmx8192M" "-Dspark.driver.port=45085" "-Dspark.rpc.netty.dispatcher.numThreads=10" "-XX:-UseBiasedLocking" "org.apache.spark.executor.CoarseGrainedExecutorBackend" "--driver-url" "spark://CoarseGrainedScheduler@mdc-ch1-cust4.mdc.ext.hpe.com:45085" "--executor-id" "175" "--hostname" "mdc-ch1-cust4" "--cores" "4" "--app-id" "app-20190619065726-0001" "--worker-url" "spark://Worker@mdc-ch1-cust4:36209"
19/06/19 07:29:44 INFO worker.Worker: Executor app-20190619065726-0001/27 finished with state KILLED exitStatus 137
19/06/19 07:29:44 INFO shuffle.ExternalShuffleBlockResolver: Clean up non-shuffle files associated with the finished executor 27
19/06/19 07:29:44 INFO shuffle.ExternalShuffleBlockResolver: Executor is not registered (appId=app-20190619065726-0001, execId=27)
19/06/19 07:42:06 INFO worker.Worker: Asked to kill executor app-20190619065726-0001/29
19/06/19 07:42:06 INFO worker.Worker: Asked to kill executor app-20190619065726-0001/175
19/06/19 07:42:06 INFO worker.ExecutorRunner: Runner thread for executor app-20190619065726-0001/175 interrupted
19/06/19 07:42:06 INFO worker.ExecutorRunner: Killing process!
19/06/19 07:42:06 INFO worker.Worker: Asked to kill executor app-20190619065726-0001/28
19/06/19 07:42:06 INFO worker.ExecutorRunner: Runner thread for executor app-20190619065726-0001/29 interrupted
19/06/19 07:42:06 INFO worker.ExecutorRunner: Runner thread for executor app-20190619065726-0001/28 interrupted
19/06/19 07:42:06 INFO worker.ExecutorRunner: Killing process!
19/06/19 07:42:06 INFO worker.ExecutorRunner: Killing process!
19/06/19 07:42:21 INFO worker.Worker: Executor app-20190619065726-0001/29 finished with state KILLED exitStatus 137
19/06/19 07:42:21 INFO shuffle.ExternalShuffleBlockResolver: Clean up non-shuffle files associated with the finished executor 29
19/06/19 07:42:21 INFO shuffle.ExternalShuffleBlockResolver: Executor is not registered (appId=app-20190619065726-0001, execId=29)
19/06/19 07:42:21 INFO worker.Worker: Executor app-20190619065726-0001/175 finished with state KILLED exitStatus 137
19/06/19 07:42:21 INFO shuffle.ExternalShuffleBlockResolver: Clean up non-shuffle files associated with the finished executor 175
19/06/19 07:42:21 INFO shuffle.ExternalShuffleBlockResolver: Executor is not registered (appId=app-20190619065726-0001, execId=175)
19/06/19 07:42:23 INFO worker.Worker: Executor app-20190619065726-0001/28 finished with state KILLED exitStatus 137
19/06/19 07:42:23 INFO shuffle.ExternalShuffleBlockResolver: Clean up non-shuffle files associated with the finished executor 28
19/06/19 07:42:23 INFO shuffle.ExternalShuffleBlockResolver: Executor is not registered (appId=app-20190619065726-0001, execId=28)
19/06/19 07:42:23 INFO shuffle.ExternalShuffleBlockResolver: Application app-20190619065726-0001 removed, cleanupLocalDirs = true
19/06/19 07:42:23 INFO worker.Worker: Cleaning up local directories for application app-20190619065726-0001
19/06/19 07:56:14 INFO worker.Worker: Asked to launch executor app-20190619075614-0002/90 for TeraSort
19/06/19 07:56:14 INFO spark.SecurityManager: Changing view acls to: root
19/06/19 07:56:14 INFO spark.SecurityManager: Changing modify acls to: root
19/06/19 07:56:14 INFO spark.SecurityManager: Changing view acls groups to: 
19/06/19 07:56:14 INFO spark.SecurityManager: Changing modify acls groups to: 
19/06/19 07:56:14 INFO spark.SecurityManager: SecurityManager: authentication disabled; ui acls disabled; users  with view permissions: Set(root); groups with view permissions: Set(); users  with modify permissions: Set(root); groups with modify permissions: Set()
19/06/19 07:56:14 INFO worker.Worker: Asked to launch executor app-20190619075614-0002/91 for TeraSort
19/06/19 07:56:14 INFO worker.Worker: Asked to launch executor app-20190619075614-0002/92 for TeraSort
19/06/19 07:56:14 INFO worker.Worker: Asked to launch executor app-20190619075614-0002/93 for TeraSort
19/06/19 07:56:14 INFO spark.SecurityManager: Changing view acls to: root
19/06/19 07:56:14 INFO spark.SecurityManager: Changing modify acls to: root
19/06/19 07:56:14 INFO spark.SecurityManager: Changing view acls groups to: 
19/06/19 07:56:14 INFO spark.SecurityManager: Changing view acls to: root
19/06/19 07:56:14 INFO spark.SecurityManager: Changing modify acls to: root
19/06/19 07:56:14 INFO spark.SecurityManager: Changing view acls groups to: 
19/06/19 07:56:14 INFO spark.SecurityManager: Changing modify acls groups to: 
19/06/19 07:56:14 INFO worker.Worker: Asked to launch executor app-20190619075614-0002/94 for TeraSort
19/06/19 07:56:14 INFO spark.SecurityManager: SecurityManager: authentication disabled; ui acls disabled; users  with view permissions: Set(root); groups with view permissions: Set(); users  with modify permissions: Set(root); groups with modify permissions: Set()
19/06/19 07:56:14 INFO spark.SecurityManager: Changing view acls to: root
19/06/19 07:56:14 INFO spark.SecurityManager: Changing view acls to: root
19/06/19 07:56:14 INFO worker.Worker: Asked to launch executor app-20190619075614-0002/95 for TeraSort
19/06/19 07:56:14 INFO spark.SecurityManager: Changing modify acls groups to: 
19/06/19 07:56:14 INFO spark.SecurityManager: Changing modify acls to: root
19/06/19 07:56:14 INFO spark.SecurityManager: SecurityManager: authentication disabled; ui acls disabled; users  with view permissions: Set(root); groups with view permissions: Set(); users  with modify permissions: Set(root); groups with modify permissions: Set()
19/06/19 07:56:14 INFO spark.SecurityManager: Changing modify acls to: root
19/06/19 07:56:14 INFO spark.SecurityManager: Changing view acls groups to: 
19/06/19 07:56:14 INFO spark.SecurityManager: Changing modify acls groups to: 
19/06/19 07:56:14 INFO spark.SecurityManager: Changing view acls groups to: 
19/06/19 07:56:14 INFO spark.SecurityManager: SecurityManager: authentication disabled; ui acls disabled; users  with view permissions: Set(root); groups with view permissions: Set(); users  with modify permissions: Set(root); groups with modify permissions: Set()
19/06/19 07:56:14 INFO spark.SecurityManager: Changing modify acls groups to: 
19/06/19 07:56:14 INFO spark.SecurityManager: SecurityManager: authentication disabled; ui acls disabled; users  with view permissions: Set(root); groups with view permissions: Set(); users  with modify permissions: Set(root); groups with modify permissions: Set()
19/06/19 07:56:14 INFO worker.Worker: Asked to launch executor app-20190619075614-0002/96 for TeraSort
19/06/19 07:56:14 INFO worker.Worker: Asked to launch executor app-20190619075614-0002/97 for TeraSort
19/06/19 07:56:14 INFO spark.SecurityManager: Changing view acls to: root
19/06/19 07:56:14 INFO spark.SecurityManager: Changing modify acls to: root
19/06/19 07:56:14 INFO spark.SecurityManager: Changing view acls groups to: 
19/06/19 07:56:14 INFO spark.SecurityManager: Changing modify acls groups to: 
19/06/19 07:56:14 INFO spark.SecurityManager: SecurityManager: authentication disabled; ui acls disabled; users  with view permissions: Set(root); groups with view permissions: Set(); users  with modify permissions: Set(root); groups with modify permissions: Set()
19/06/19 07:56:14 INFO worker.ExecutorRunner: Launch command: "/opt/jdk1.8.0_131/jre/bin/java" "-cp" "/var/tmp/spark2.0hpcplatform/lib/firesteel-2.4.0.jar:/var/tmp/spark2.0hpcplatform/multicore/worker19/conf/:/var/tmp/spark2.0hpcplatform/multicore/worker19/assembly/target/scala-2.11/jars/*:/opt/hadoop/etc/hadoop/" "-Xmx8192M" "-Dspark.rpc.numRetries=5" "-Dspark.driver.port=43673" "-Dspark.network.timeout=20000" "-Dspark.rpc.netty.dispatcher.numThreads=10" "-XX:-UseBiasedLocking" "org.apache.spark.executor.CoarseGrainedExecutorBackend" "--driver-url" "spark://CoarseGrainedScheduler@mdc-ch1-cust4.mdc.ext.hpe.com:43673" "--executor-id" "90" "--hostname" "mdc-ch1-cust4" "--cores" "1" "--app-id" "app-20190619075614-0002" "--worker-url" "spark://Worker@mdc-ch1-cust4:36209"
19/06/19 07:56:14 INFO worker.Worker: Asked to launch executor app-20190619075614-0002/98 for TeraSort
19/06/19 07:56:15 INFO worker.Worker: Asked to launch executor app-20190619075614-0002/99 for TeraSort
19/06/19 07:56:15 INFO spark.SecurityManager: Changing view acls to: root
19/06/19 07:56:15 INFO spark.SecurityManager: Changing view acls to: root
19/06/19 07:56:15 INFO spark.SecurityManager: Changing view acls to: root
19/06/19 07:56:15 INFO spark.SecurityManager: Changing view acls to: root
19/06/19 07:56:15 INFO spark.SecurityManager: Changing modify acls to: root
19/06/19 07:56:15 INFO spark.SecurityManager: Changing modify acls to: root
19/06/19 07:56:15 INFO spark.SecurityManager: Changing modify acls to: root
19/06/19 07:56:15 INFO spark.SecurityManager: Changing view acls groups to: 
19/06/19 07:56:15 INFO spark.SecurityManager: Changing view acls groups to: 
19/06/19 07:56:15 INFO spark.SecurityManager: Changing view acls groups to: 
19/06/19 07:56:15 INFO spark.SecurityManager: Changing modify acls groups to: 
19/06/19 07:56:15 INFO spark.SecurityManager: Changing modify acls groups to: 
19/06/19 07:56:15 INFO spark.SecurityManager: SecurityManager: authentication disabled; ui acls disabled; users  with view permissions: Set(root); groups with view permissions: Set(); users  with modify permissions: Set(root); groups with modify permissions: Set()
19/06/19 07:56:15 INFO spark.SecurityManager: Changing modify acls groups to: 
19/06/19 07:56:15 INFO spark.SecurityManager: SecurityManager: authentication disabled; ui acls disabled; users  with view permissions: Set(root); groups with view permissions: Set(); users  with modify permissions: Set(root); groups with modify permissions: Set()
19/06/19 07:56:15 INFO spark.SecurityManager: SecurityManager: authentication disabled; ui acls disabled; users  with view permissions: Set(root); groups with view permissions: Set(); users  with modify permissions: Set(root); groups with modify permissions: Set()
19/06/19 07:56:15 INFO spark.SecurityManager: Changing modify acls to: root
19/06/19 07:56:15 INFO spark.SecurityManager: Changing view acls groups to: 
19/06/19 07:56:15 INFO spark.SecurityManager: Changing modify acls groups to: 
19/06/19 07:56:15 INFO spark.SecurityManager: SecurityManager: authentication disabled; ui acls disabled; users  with view permissions: Set(root); groups with view permissions: Set(); users  with modify permissions: Set(root); groups with modify permissions: Set()
19/06/19 07:56:15 INFO worker.ExecutorRunner: Launch command: "/opt/jdk1.8.0_131/jre/bin/java" "-cp" "/var/tmp/spark2.0hpcplatform/lib/firesteel-2.4.0.jar:/var/tmp/spark2.0hpcplatform/multicore/worker19/conf/:/var/tmp/spark2.0hpcplatform/multicore/worker19/assembly/target/scala-2.11/jars/*:/opt/hadoop/etc/hadoop/" "-Xmx8192M" "-Dspark.rpc.numRetries=5" "-Dspark.driver.port=43673" "-Dspark.network.timeout=20000" "-Dspark.rpc.netty.dispatcher.numThreads=10" "-XX:-UseBiasedLocking" "org.apache.spark.executor.CoarseGrainedExecutorBackend" "--driver-url" "spark://CoarseGrainedScheduler@mdc-ch1-cust4.mdc.ext.hpe.com:43673" "--executor-id" "92" "--hostname" "mdc-ch1-cust4" "--cores" "1" "--app-id" "app-20190619075614-0002" "--worker-url" "spark://Worker@mdc-ch1-cust4:36209"
19/06/19 07:56:15 INFO worker.ExecutorRunner: Launch command: "/opt/jdk1.8.0_131/jre/bin/java" "-cp" "/var/tmp/spark2.0hpcplatform/lib/firesteel-2.4.0.jar:/var/tmp/spark2.0hpcplatform/multicore/worker19/conf/:/var/tmp/spark2.0hpcplatform/multicore/worker19/assembly/target/scala-2.11/jars/*:/opt/hadoop/etc/hadoop/" "-Xmx8192M" "-Dspark.rpc.numRetries=5" "-Dspark.driver.port=43673" "-Dspark.network.timeout=20000" "-Dspark.rpc.netty.dispatcher.numThreads=10" "-XX:-UseBiasedLocking" "org.apache.spark.executor.CoarseGrainedExecutorBackend" "--driver-url" "spark://CoarseGrainedScheduler@mdc-ch1-cust4.mdc.ext.hpe.com:43673" "--executor-id" "96" "--hostname" "mdc-ch1-cust4" "--cores" "1" "--app-id" "app-20190619075614-0002" "--worker-url" "spark://Worker@mdc-ch1-cust4:36209"
19/06/19 07:56:15 INFO worker.ExecutorRunner: Launch command: "/opt/jdk1.8.0_131/jre/bin/java" "-cp" "/var/tmp/spark2.0hpcplatform/lib/firesteel-2.4.0.jar:/var/tmp/spark2.0hpcplatform/multicore/worker19/conf/:/var/tmp/spark2.0hpcplatform/multicore/worker19/assembly/target/scala-2.11/jars/*:/opt/hadoop/etc/hadoop/" "-Xmx8192M" "-Dspark.rpc.numRetries=5" "-Dspark.driver.port=43673" "-Dspark.network.timeout=20000" "-Dspark.rpc.netty.dispatcher.numThreads=10" "-XX:-UseBiasedLocking" "org.apache.spark.executor.CoarseGrainedExecutorBackend" "--driver-url" "spark://CoarseGrainedScheduler@mdc-ch1-cust4.mdc.ext.hpe.com:43673" "--executor-id" "94" "--hostname" "mdc-ch1-cust4" "--cores" "1" "--app-id" "app-20190619075614-0002" "--worker-url" "spark://Worker@mdc-ch1-cust4:36209"
19/06/19 07:56:15 INFO worker.ExecutorRunner: Launch command: "/opt/jdk1.8.0_131/jre/bin/java" "-cp" "/var/tmp/spark2.0hpcplatform/lib/firesteel-2.4.0.jar:/var/tmp/spark2.0hpcplatform/multicore/worker19/conf/:/var/tmp/spark2.0hpcplatform/multicore/worker19/assembly/target/scala-2.11/jars/*:/opt/hadoop/etc/hadoop/" "-Xmx8192M" "-Dspark.rpc.numRetries=5" "-Dspark.driver.port=43673" "-Dspark.network.timeout=20000" "-Dspark.rpc.netty.dispatcher.numThreads=10" "-XX:-UseBiasedLocking" "org.apache.spark.executor.CoarseGrainedExecutorBackend" "--driver-url" "spark://CoarseGrainedScheduler@mdc-ch1-cust4.mdc.ext.hpe.com:43673" "--executor-id" "99" "--hostname" "mdc-ch1-cust4" "--cores" "1" "--app-id" "app-20190619075614-0002" "--worker-url" "spark://Worker@mdc-ch1-cust4:36209"
19/06/19 07:56:16 INFO worker.ExecutorRunner: Launch command: "/opt/jdk1.8.0_131/jre/bin/java" "-cp" "/var/tmp/spark2.0hpcplatform/lib/firesteel-2.4.0.jar:/var/tmp/spark2.0hpcplatform/multicore/worker19/conf/:/var/tmp/spark2.0hpcplatform/multicore/worker19/assembly/target/scala-2.11/jars/*:/opt/hadoop/etc/hadoop/" "-Xmx8192M" "-Dspark.rpc.numRetries=5" "-Dspark.driver.port=43673" "-Dspark.network.timeout=20000" "-Dspark.rpc.netty.dispatcher.numThreads=10" "-XX:-UseBiasedLocking" "org.apache.spark.executor.CoarseGrainedExecutorBackend" "--driver-url" "spark://CoarseGrainedScheduler@mdc-ch1-cust4.mdc.ext.hpe.com:43673" "--executor-id" "93" "--hostname" "mdc-ch1-cust4" "--cores" "1" "--app-id" "app-20190619075614-0002" "--worker-url" "spark://Worker@mdc-ch1-cust4:36209"
19/06/19 07:56:16 INFO worker.ExecutorRunner: Launch command: "/opt/jdk1.8.0_131/jre/bin/java" "-cp" "/var/tmp/spark2.0hpcplatform/lib/firesteel-2.4.0.jar:/var/tmp/spark2.0hpcplatform/multicore/worker19/conf/:/var/tmp/spark2.0hpcplatform/multicore/worker19/assembly/target/scala-2.11/jars/*:/opt/hadoop/etc/hadoop/" "-Xmx8192M" "-Dspark.rpc.numRetries=5" "-Dspark.driver.port=43673" "-Dspark.network.timeout=20000" "-Dspark.rpc.netty.dispatcher.numThreads=10" "-XX:-UseBiasedLocking" "org.apache.spark.executor.CoarseGrainedExecutorBackend" "--driver-url" "spark://CoarseGrainedScheduler@mdc-ch1-cust4.mdc.ext.hpe.com:43673" "--executor-id" "98" "--hostname" "mdc-ch1-cust4" "--cores" "1" "--app-id" "app-20190619075614-0002" "--worker-url" "spark://Worker@mdc-ch1-cust4:36209"
19/06/19 07:56:16 INFO worker.ExecutorRunner: Launch command: "/opt/jdk1.8.0_131/jre/bin/java" "-cp" "/var/tmp/spark2.0hpcplatform/lib/firesteel-2.4.0.jar:/var/tmp/spark2.0hpcplatform/multicore/worker19/conf/:/var/tmp/spark2.0hpcplatform/multicore/worker19/assembly/target/scala-2.11/jars/*:/opt/hadoop/etc/hadoop/" "-Xmx8192M" "-Dspark.rpc.numRetries=5" "-Dspark.driver.port=43673" "-Dspark.network.timeout=20000" "-Dspark.rpc.netty.dispatcher.numThreads=10" "-XX:-UseBiasedLocking" "org.apache.spark.executor.CoarseGrainedExecutorBackend" "--driver-url" "spark://CoarseGrainedScheduler@mdc-ch1-cust4.mdc.ext.hpe.com:43673" "--executor-id" "91" "--hostname" "mdc-ch1-cust4" "--cores" "1" "--app-id" "app-20190619075614-0002" "--worker-url" "spark://Worker@mdc-ch1-cust4:36209"
19/06/19 07:56:16 INFO worker.ExecutorRunner: Launch command: "/opt/jdk1.8.0_131/jre/bin/java" "-cp" "/var/tmp/spark2.0hpcplatform/lib/firesteel-2.4.0.jar:/var/tmp/spark2.0hpcplatform/multicore/worker19/conf/:/var/tmp/spark2.0hpcplatform/multicore/worker19/assembly/target/scala-2.11/jars/*:/opt/hadoop/etc/hadoop/" "-Xmx8192M" "-Dspark.rpc.numRetries=5" "-Dspark.driver.port=43673" "-Dspark.network.timeout=20000" "-Dspark.rpc.netty.dispatcher.numThreads=10" "-XX:-UseBiasedLocking" "org.apache.spark.executor.CoarseGrainedExecutorBackend" "--driver-url" "spark://CoarseGrainedScheduler@mdc-ch1-cust4.mdc.ext.hpe.com:43673" "--executor-id" "95" "--hostname" "mdc-ch1-cust4" "--cores" "1" "--app-id" "app-20190619075614-0002" "--worker-url" "spark://Worker@mdc-ch1-cust4:36209"
19/06/19 07:56:16 INFO worker.ExecutorRunner: Launch command: "/opt/jdk1.8.0_131/jre/bin/java" "-cp" "/var/tmp/spark2.0hpcplatform/lib/firesteel-2.4.0.jar:/var/tmp/spark2.0hpcplatform/multicore/worker19/conf/:/var/tmp/spark2.0hpcplatform/multicore/worker19/assembly/target/scala-2.11/jars/*:/opt/hadoop/etc/hadoop/" "-Xmx8192M" "-Dspark.rpc.numRetries=5" "-Dspark.driver.port=43673" "-Dspark.network.timeout=20000" "-Dspark.rpc.netty.dispatcher.numThreads=10" "-XX:-UseBiasedLocking" "org.apache.spark.executor.CoarseGrainedExecutorBackend" "--driver-url" "spark://CoarseGrainedScheduler@mdc-ch1-cust4.mdc.ext.hpe.com:43673" "--executor-id" "97" "--hostname" "mdc-ch1-cust4" "--cores" "1" "--app-id" "app-20190619075614-0002" "--worker-url" "spark://Worker@mdc-ch1-cust4:36209"
19/06/19 10:49:05 ERROR worker.Worker: RECEIVED SIGNAL TERM
19/06/19 10:49:06 INFO worker.ExecutorRunner: Killing process!
19/06/19 10:49:07 INFO worker.Worker: mdc-ch1-cust4:7077 Disassociated !
19/06/19 10:49:07 ERROR worker.Worker: Connection to master failed! Waiting for master to reconnect...
19/06/19 10:49:07 INFO worker.Worker: mdc-ch1-cust4.mdc.ext.hpe.com:7077 Disassociated !
19/06/19 10:49:07 ERROR worker.Worker: Connection to master failed! Waiting for master to reconnect...
19/06/19 10:49:07 INFO worker.Worker: Not spawning another attempt to register with the master, since there is an attempt scheduled already.
19/06/19 10:49:07 INFO worker.Worker: Connecting to master mdc-ch1-cust4:7077...
19/06/19 10:49:08 INFO client.TransportClientFactory: Found inactive connection to mdc-ch1-cust4/10.1.1.4:7077, creating a new one.
19/06/19 10:49:10 WARN worker.Worker: Failed to connect to master mdc-ch1-cust4:7077
org.apache.spark.SparkException: Exception thrown in awaitResult: 
	at org.apache.spark.util.ThreadUtils$.awaitResult(ThreadUtils.scala:226)
	at org.apache.spark.rpc.RpcTimeout.awaitResult(RpcTimeout.scala:75)
	at org.apache.spark.rpc.RpcEnv.setupEndpointRefByURI(RpcEnv.scala:101)
	at org.apache.spark.rpc.RpcEnv.setupEndpointRef(RpcEnv.scala:109)
	at org.apache.spark.deploy.worker.Worker$$anonfun$org$apache$spark$deploy$worker$Worker$$tryRegisterAllMasters$1$$anon$1.run(Worker.scala:253)
	at java.util.concurrent.Executors$RunnableAdapter.call(Executors.java:511)
	at java.util.concurrent.FutureTask.run(FutureTask.java:266)
	at java.util.concurrent.ThreadPoolExecutor.runWorker(ThreadPoolExecutor.java:1142)
	at java.util.concurrent.ThreadPoolExecutor$Worker.run(ThreadPoolExecutor.java:617)
	at java.lang.Thread.run(Thread.java:748)
Caused by: java.io.IOException: Failed to connect to mdc-ch1-cust4/10.1.1.4:7077
	at org.apache.spark.network.client.TransportClientFactory.createClient(TransportClientFactory.java:245)
	at org.apache.spark.network.client.TransportClientFactory.createClient(TransportClientFactory.java:187)
	at org.apache.spark.rpc.netty.NettyRpcEnv.createClient(NettyRpcEnv.scala:198)
	at org.apache.spark.rpc.netty.Outbox$$anon$1.call(Outbox.scala:194)
	at org.apache.spark.rpc.netty.Outbox$$anon$1.call(Outbox.scala:190)
	... 4 more
Caused by: io.netty.channel.AbstractChannel$AnnotatedConnectException: Connection refused: mdc-ch1-cust4/10.1.1.4:7077
	at sun.nio.ch.SocketChannelImpl.checkConnect(Native Method)
	at sun.nio.ch.SocketChannelImpl.finishConnect(SocketChannelImpl.java:717)
	at io.netty.channel.socket.nio.NioSocketChannel.doFinishConnect(NioSocketChannel.java:323)
	at io.netty.channel.nio.AbstractNioChannel$AbstractNioUnsafe.finishConnect(AbstractNioChannel.java:340)
	at io.netty.channel.nio.NioEventLoop.processSelectedKey(NioEventLoop.java:633)
	at io.netty.channel.nio.NioEventLoop.processSelectedKeysOptimized(NioEventLoop.java:580)
	at io.netty.channel.nio.NioEventLoop.processSelectedKeys(NioEventLoop.java:497)
	at io.netty.channel.nio.NioEventLoop.run(NioEventLoop.java:459)
	at io.netty.util.concurrent.SingleThreadEventExecutor$5.run(SingleThreadEventExecutor.java:858)
	at io.netty.util.concurrent.DefaultThreadFactory$DefaultRunnableDecorator.run(DefaultThreadFactory.java:138)
	... 1 more
Caused by: java.net.ConnectException: Connection refused
	... 11 more
19/06/19 10:49:15 INFO worker.Worker: Retrying connection to master (attempt # 1)
19/06/19 10:49:15 INFO worker.Worker: Connecting to master mdc-ch1-cust4.mdc.ext.hpe.com:7077...
19/06/19 10:49:16 WARN worker.Worker: Failed to connect to master mdc-ch1-cust4.mdc.ext.hpe.com:7077
org.apache.spark.SparkException: Exception thrown in awaitResult: 
	at org.apache.spark.util.ThreadUtils$.awaitResult(ThreadUtils.scala:226)
	at org.apache.spark.rpc.RpcTimeout.awaitResult(RpcTimeout.scala:75)
	at org.apache.spark.rpc.RpcEnv.setupEndpointRefByURI(RpcEnv.scala:101)
	at org.apache.spark.rpc.RpcEnv.setupEndpointRef(RpcEnv.scala:109)
	at org.apache.spark.deploy.worker.Worker$$anonfun$org$apache$spark$deploy$worker$Worker$$reregisterWithMaster$1$$anon$2.run(Worker.scala:310)
	at java.util.concurrent.Executors$RunnableAdapter.call(Executors.java:511)
	at java.util.concurrent.FutureTask.run(FutureTask.java:266)
	at java.util.concurrent.ThreadPoolExecutor.runWorker(ThreadPoolExecutor.java:1142)
	at java.util.concurrent.ThreadPoolExecutor$Worker.run(ThreadPoolExecutor.java:617)
	at java.lang.Thread.run(Thread.java:748)
Caused by: java.io.IOException: Failed to connect to mdc-ch1-cust4.mdc.ext.hpe.com/10.1.1.4:7077
	at org.apache.spark.network.client.TransportClientFactory.createClient(TransportClientFactory.java:245)
	at org.apache.spark.network.client.TransportClientFactory.createClient(TransportClientFactory.java:187)
	at org.apache.spark.rpc.netty.NettyRpcEnv.createClient(NettyRpcEnv.scala:198)
	at org.apache.spark.rpc.netty.Outbox$$anon$1.call(Outbox.scala:194)
	at org.apache.spark.rpc.netty.Outbox$$anon$1.call(Outbox.scala:190)
	... 4 more
Caused by: io.netty.channel.AbstractChannel$AnnotatedConnectException: Connection refused: mdc-ch1-cust4.mdc.ext.hpe.com/10.1.1.4:7077
	at sun.nio.ch.SocketChannelImpl.checkConnect(Native Method)
	at sun.nio.ch.SocketChannelImpl.finishConnect(SocketChannelImpl.java:717)
	at io.netty.channel.socket.nio.NioSocketChannel.doFinishConnect(NioSocketChannel.java:323)
	at io.netty.channel.nio.AbstractNioChannel$AbstractNioUnsafe.finishConnect(AbstractNioChannel.java:340)
	at io.netty.channel.nio.NioEventLoop.processSelectedKey(NioEventLoop.java:633)
	at io.netty.channel.nio.NioEventLoop.processSelectedKeysOptimized(NioEventLoop.java:580)
	at io.netty.channel.nio.NioEventLoop.processSelectedKeys(NioEventLoop.java:497)
	at io.netty.channel.nio.NioEventLoop.run(NioEventLoop.java:459)
	at io.netty.util.concurrent.SingleThreadEventExecutor$5.run(SingleThreadEventExecutor.java:858)
	at io.netty.util.concurrent.DefaultThreadFactory$DefaultRunnableDecorator.run(DefaultThreadFactory.java:138)
	... 1 more
Caused by: java.net.ConnectException: Connection refused
	... 11 more
19/06/19 10:49:23 INFO worker.Worker: Retrying connection to master (attempt # 2)
19/06/19 10:49:23 INFO worker.Worker: Connecting to master mdc-ch1-cust4.mdc.ext.hpe.com:7077...
19/06/19 10:49:25 WARN worker.Worker: Failed to connect to master mdc-ch1-cust4.mdc.ext.hpe.com:7077
org.apache.spark.SparkException: Exception thrown in awaitResult: 
	at org.apache.spark.util.ThreadUtils$.awaitResult(ThreadUtils.scala:226)
	at org.apache.spark.rpc.RpcTimeout.awaitResult(RpcTimeout.scala:75)
	at org.apache.spark.rpc.RpcEnv.setupEndpointRefByURI(RpcEnv.scala:101)
	at org.apache.spark.rpc.RpcEnv.setupEndpointRef(RpcEnv.scala:109)
	at org.apache.spark.deploy.worker.Worker$$anonfun$org$apache$spark$deploy$worker$Worker$$reregisterWithMaster$1$$anon$2.run(Worker.scala:310)
	at java.util.concurrent.Executors$RunnableAdapter.call(Executors.java:511)
	at java.util.concurrent.FutureTask.run(FutureTask.java:266)
	at java.util.concurrent.ThreadPoolExecutor.runWorker(ThreadPoolExecutor.java:1142)
	at java.util.concurrent.ThreadPoolExecutor$Worker.run(ThreadPoolExecutor.java:617)
	at java.lang.Thread.run(Thread.java:748)
Caused by: java.io.IOException: Failed to connect to mdc-ch1-cust4.mdc.ext.hpe.com/10.1.1.4:7077
	at org.apache.spark.network.client.TransportClientFactory.createClient(TransportClientFactory.java:245)
	at org.apache.spark.network.client.TransportClientFactory.createClient(TransportClientFactory.java:187)
	at org.apache.spark.rpc.netty.NettyRpcEnv.createClient(NettyRpcEnv.scala:198)
	at org.apache.spark.rpc.netty.Outbox$$anon$1.call(Outbox.scala:194)
	at org.apache.spark.rpc.netty.Outbox$$anon$1.call(Outbox.scala:190)
	... 4 more
Caused by: io.netty.channel.AbstractChannel$AnnotatedConnectException: Connection refused: mdc-ch1-cust4.mdc.ext.hpe.com/10.1.1.4:7077
	at sun.nio.ch.SocketChannelImpl.checkConnect(Native Method)
	at sun.nio.ch.SocketChannelImpl.finishConnect(SocketChannelImpl.java:717)
	at io.netty.channel.socket.nio.NioSocketChannel.doFinishConnect(NioSocketChannel.java:323)
	at io.netty.channel.nio.AbstractNioChannel$AbstractNioUnsafe.finishConnect(AbstractNioChannel.java:340)
	at io.netty.channel.nio.NioEventLoop.processSelectedKey(NioEventLoop.java:633)
	at io.netty.channel.nio.NioEventLoop.processSelectedKeysOptimized(NioEventLoop.java:580)
	at io.netty.channel.nio.NioEventLoop.processSelectedKeys(NioEventLoop.java:497)
	at io.netty.channel.nio.NioEventLoop.run(NioEventLoop.java:459)
	at io.netty.util.concurrent.SingleThreadEventExecutor$5.run(SingleThreadEventExecutor.java:858)
	at io.netty.util.concurrent.DefaultThreadFactory$DefaultRunnableDecorator.run(DefaultThreadFactory.java:138)
	... 1 more
Caused by: java.net.ConnectException: Connection refused
	... 11 more
19/06/19 10:49:26 WARN util.Utils: Timed out waiting to forcibly kill process
19/06/19 10:49:26 WARN worker.ExecutorRunner: Failed to terminate process: java.lang.UNIXProcess@3a2eea76. This process will likely be orphaned.
19/06/19 10:49:26 INFO worker.ExecutorRunner: Killing process!
19/06/19 10:49:26 INFO worker.Worker: Executor app-20190619075614-0002/90 finished with state FAILED message Worker shutting down
19/06/19 10:49:26 INFO shuffle.ExternalShuffleBlockResolver: Clean up non-shuffle files associated with the finished executor 90
19/06/19 10:49:26 INFO shuffle.ExternalShuffleBlockResolver: Executor is not registered (appId=app-20190619075614-0002, execId=90)
19/06/19 10:49:31 INFO worker.Worker: Retrying connection to master (attempt # 3)
19/06/19 10:49:31 INFO worker.Worker: Connecting to master mdc-ch1-cust4.mdc.ext.hpe.com:7077...
19/06/19 10:49:32 WARN worker.Worker: Failed to connect to master mdc-ch1-cust4.mdc.ext.hpe.com:7077
org.apache.spark.SparkException: Exception thrown in awaitResult: 
	at org.apache.spark.util.ThreadUtils$.awaitResult(ThreadUtils.scala:226)
	at org.apache.spark.rpc.RpcTimeout.awaitResult(RpcTimeout.scala:75)
	at org.apache.spark.rpc.RpcEnv.setupEndpointRefByURI(RpcEnv.scala:101)
	at org.apache.spark.rpc.RpcEnv.setupEndpointRef(RpcEnv.scala:109)
	at org.apache.spark.deploy.worker.Worker$$anonfun$org$apache$spark$deploy$worker$Worker$$reregisterWithMaster$1$$anon$2.run(Worker.scala:310)
	at java.util.concurrent.Executors$RunnableAdapter.call(Executors.java:511)
	at java.util.concurrent.FutureTask.run(FutureTask.java:266)
	at java.util.concurrent.ThreadPoolExecutor.runWorker(ThreadPoolExecutor.java:1142)
	at java.util.concurrent.ThreadPoolExecutor$Worker.run(ThreadPoolExecutor.java:617)
	at java.lang.Thread.run(Thread.java:748)
Caused by: java.io.IOException: Failed to connect to mdc-ch1-cust4.mdc.ext.hpe.com/10.1.1.4:7077
	at org.apache.spark.network.client.TransportClientFactory.createClient(TransportClientFactory.java:245)
	at org.apache.spark.network.client.TransportClientFactory.createClient(TransportClientFactory.java:187)
	at org.apache.spark.rpc.netty.NettyRpcEnv.createClient(NettyRpcEnv.scala:198)
	at org.apache.spark.rpc.netty.Outbox$$anon$1.call(Outbox.scala:194)
	at org.apache.spark.rpc.netty.Outbox$$anon$1.call(Outbox.scala:190)
	... 4 more
Caused by: io.netty.channel.AbstractChannel$AnnotatedConnectException: Connection refused: mdc-ch1-cust4.mdc.ext.hpe.com/10.1.1.4:7077
	at sun.nio.ch.SocketChannelImpl.checkConnect(Native Method)
	at sun.nio.ch.SocketChannelImpl.finishConnect(SocketChannelImpl.java:717)
	at io.netty.channel.socket.nio.NioSocketChannel.doFinishConnect(NioSocketChannel.java:323)
	at io.netty.channel.nio.AbstractNioChannel$AbstractNioUnsafe.finishConnect(AbstractNioChannel.java:340)
	at io.netty.channel.nio.NioEventLoop.processSelectedKey(NioEventLoop.java:633)
	at io.netty.channel.nio.NioEventLoop.processSelectedKeysOptimized(NioEventLoop.java:580)
	at io.netty.channel.nio.NioEventLoop.processSelectedKeys(NioEventLoop.java:497)
	at io.netty.channel.nio.NioEventLoop.run(NioEventLoop.java:459)
	at io.netty.util.concurrent.SingleThreadEventExecutor$5.run(SingleThreadEventExecutor.java:858)
	at io.netty.util.concurrent.DefaultThreadFactory$DefaultRunnableDecorator.run(DefaultThreadFactory.java:138)
	... 1 more
Caused by: java.net.ConnectException: Connection refused
	... 11 more
19/06/19 10:49:39 INFO worker.Worker: Retrying connection to master (attempt # 4)
19/06/19 10:49:39 INFO worker.Worker: Connecting to master mdc-ch1-cust4.mdc.ext.hpe.com:7077...
19/06/19 10:49:40 WARN worker.Worker: Failed to connect to master mdc-ch1-cust4.mdc.ext.hpe.com:7077
org.apache.spark.SparkException: Exception thrown in awaitResult: 
	at org.apache.spark.util.ThreadUtils$.awaitResult(ThreadUtils.scala:226)
	at org.apache.spark.rpc.RpcTimeout.awaitResult(RpcTimeout.scala:75)
	at org.apache.spark.rpc.RpcEnv.setupEndpointRefByURI(RpcEnv.scala:101)
	at org.apache.spark.rpc.RpcEnv.setupEndpointRef(RpcEnv.scala:109)
	at org.apache.spark.deploy.worker.Worker$$anonfun$org$apache$spark$deploy$worker$Worker$$reregisterWithMaster$1$$anon$2.run(Worker.scala:310)
	at java.util.concurrent.Executors$RunnableAdapter.call(Executors.java:511)
	at java.util.concurrent.FutureTask.run(FutureTask.java:266)
	at java.util.concurrent.ThreadPoolExecutor.runWorker(ThreadPoolExecutor.java:1142)
	at java.util.concurrent.ThreadPoolExecutor$Worker.run(ThreadPoolExecutor.java:617)
	at java.lang.Thread.run(Thread.java:748)
Caused by: java.io.IOException: Failed to connect to mdc-ch1-cust4.mdc.ext.hpe.com/10.1.1.4:7077
	at org.apache.spark.network.client.TransportClientFactory.createClient(TransportClientFactory.java:245)
	at org.apache.spark.network.client.TransportClientFactory.createClient(TransportClientFactory.java:187)
	at org.apache.spark.rpc.netty.NettyRpcEnv.createClient(NettyRpcEnv.scala:198)
	at org.apache.spark.rpc.netty.Outbox$$anon$1.call(Outbox.scala:194)
	at org.apache.spark.rpc.netty.Outbox$$anon$1.call(Outbox.scala:190)
	... 4 more
Caused by: io.netty.channel.AbstractChannel$AnnotatedConnectException: Connection refused: mdc-ch1-cust4.mdc.ext.hpe.com/10.1.1.4:7077
	at sun.nio.ch.SocketChannelImpl.checkConnect(Native Method)
	at sun.nio.ch.SocketChannelImpl.finishConnect(SocketChannelImpl.java:717)
	at io.netty.channel.socket.nio.NioSocketChannel.doFinishConnect(NioSocketChannel.java:323)
	at io.netty.channel.nio.AbstractNioChannel$AbstractNioUnsafe.finishConnect(AbstractNioChannel.java:340)
	at io.netty.channel.nio.NioEventLoop.processSelectedKey(NioEventLoop.java:633)
	at io.netty.channel.nio.NioEventLoop.processSelectedKeysOptimized(NioEventLoop.java:580)
	at io.netty.channel.nio.NioEventLoop.processSelectedKeys(NioEventLoop.java:497)
	at io.netty.channel.nio.NioEventLoop.run(NioEventLoop.java:459)
	at io.netty.util.concurrent.SingleThreadEventExecutor$5.run(SingleThreadEventExecutor.java:858)
	at io.netty.util.concurrent.DefaultThreadFactory$DefaultRunnableDecorator.run(DefaultThreadFactory.java:138)
	... 1 more
Caused by: java.net.ConnectException: Connection refused
	... 11 more
19/06/19 10:49:46 WARN util.Utils: Timed out waiting to forcibly kill process
19/06/19 10:49:46 WARN worker.ExecutorRunner: Failed to terminate process: java.lang.UNIXProcess@33d9160f. This process will likely be orphaned.
19/06/19 10:49:46 INFO worker.ExecutorRunner: Killing process!
19/06/19 10:49:46 INFO worker.Worker: Executor app-20190619075614-0002/99 finished with state FAILED message Worker shutting down
19/06/19 10:49:46 INFO shuffle.ExternalShuffleBlockResolver: Clean up non-shuffle files associated with the finished executor 99
19/06/19 10:49:46 INFO shuffle.ExternalShuffleBlockResolver: Executor is not registered (appId=app-20190619075614-0002, execId=99)
19/06/19 10:49:47 INFO worker.Worker: Retrying connection to master (attempt # 5)
19/06/19 10:49:47 INFO worker.Worker: Connecting to master mdc-ch1-cust4.mdc.ext.hpe.com:7077...
19/06/19 10:49:48 WARN worker.Worker: Failed to connect to master mdc-ch1-cust4.mdc.ext.hpe.com:7077
org.apache.spark.SparkException: Exception thrown in awaitResult: 
	at org.apache.spark.util.ThreadUtils$.awaitResult(ThreadUtils.scala:226)
	at org.apache.spark.rpc.RpcTimeout.awaitResult(RpcTimeout.scala:75)
	at org.apache.spark.rpc.RpcEnv.setupEndpointRefByURI(RpcEnv.scala:101)
	at org.apache.spark.rpc.RpcEnv.setupEndpointRef(RpcEnv.scala:109)
	at org.apache.spark.deploy.worker.Worker$$anonfun$org$apache$spark$deploy$worker$Worker$$reregisterWithMaster$1$$anon$2.run(Worker.scala:310)
	at java.util.concurrent.Executors$RunnableAdapter.call(Executors.java:511)
	at java.util.concurrent.FutureTask.run(FutureTask.java:266)
	at java.util.concurrent.ThreadPoolExecutor.runWorker(ThreadPoolExecutor.java:1142)
	at java.util.concurrent.ThreadPoolExecutor$Worker.run(ThreadPoolExecutor.java:617)
	at java.lang.Thread.run(Thread.java:748)
Caused by: java.io.IOException: Failed to connect to mdc-ch1-cust4.mdc.ext.hpe.com/10.1.1.4:7077
	at org.apache.spark.network.client.TransportClientFactory.createClient(TransportClientFactory.java:245)
	at org.apache.spark.network.client.TransportClientFactory.createClient(TransportClientFactory.java:187)
	at org.apache.spark.rpc.netty.NettyRpcEnv.createClient(NettyRpcEnv.scala:198)
	at org.apache.spark.rpc.netty.Outbox$$anon$1.call(Outbox.scala:194)
	at org.apache.spark.rpc.netty.Outbox$$anon$1.call(Outbox.scala:190)
	... 4 more
Caused by: io.netty.channel.AbstractChannel$AnnotatedConnectException: Connection refused: mdc-ch1-cust4.mdc.ext.hpe.com/10.1.1.4:7077
	at sun.nio.ch.SocketChannelImpl.checkConnect(Native Method)
	at sun.nio.ch.SocketChannelImpl.finishConnect(SocketChannelImpl.java:717)
	at io.netty.channel.socket.nio.NioSocketChannel.doFinishConnect(NioSocketChannel.java:323)
	at io.netty.channel.nio.AbstractNioChannel$AbstractNioUnsafe.finishConnect(AbstractNioChannel.java:340)
	at io.netty.channel.nio.NioEventLoop.processSelectedKey(NioEventLoop.java:633)
	at io.netty.channel.nio.NioEventLoop.processSelectedKeysOptimized(NioEventLoop.java:580)
	at io.netty.channel.nio.NioEventLoop.processSelectedKeys(NioEventLoop.java:497)
	at io.netty.channel.nio.NioEventLoop.run(NioEventLoop.java:459)
	at io.netty.util.concurrent.SingleThreadEventExecutor$5.run(SingleThreadEventExecutor.java:858)
	at io.netty.util.concurrent.DefaultThreadFactory$DefaultRunnableDecorator.run(DefaultThreadFactory.java:138)
	... 1 more
Caused by: java.net.ConnectException: Connection refused
	... 11 more
19/06/19 10:49:55 INFO worker.Worker: Retrying connection to master (attempt # 6)
19/06/19 10:49:55 INFO worker.Worker: Connecting to master mdc-ch1-cust4.mdc.ext.hpe.com:7077...
19/06/19 10:49:56 WARN worker.Worker: Failed to connect to master mdc-ch1-cust4.mdc.ext.hpe.com:7077
org.apache.spark.SparkException: Exception thrown in awaitResult: 
	at org.apache.spark.util.ThreadUtils$.awaitResult(ThreadUtils.scala:226)
	at org.apache.spark.rpc.RpcTimeout.awaitResult(RpcTimeout.scala:75)
	at org.apache.spark.rpc.RpcEnv.setupEndpointRefByURI(RpcEnv.scala:101)
	at org.apache.spark.rpc.RpcEnv.setupEndpointRef(RpcEnv.scala:109)
	at org.apache.spark.deploy.worker.Worker$$anonfun$org$apache$spark$deploy$worker$Worker$$reregisterWithMaster$1$$anon$2.run(Worker.scala:310)
	at java.util.concurrent.Executors$RunnableAdapter.call(Executors.java:511)
	at java.util.concurrent.FutureTask.run(FutureTask.java:266)
	at java.util.concurrent.ThreadPoolExecutor.runWorker(ThreadPoolExecutor.java:1142)
	at java.util.concurrent.ThreadPoolExecutor$Worker.run(ThreadPoolExecutor.java:617)
	at java.lang.Thread.run(Thread.java:748)
Caused by: java.io.IOException: Failed to connect to mdc-ch1-cust4.mdc.ext.hpe.com/10.1.1.4:7077
	at org.apache.spark.network.client.TransportClientFactory.createClient(TransportClientFactory.java:245)
	at org.apache.spark.network.client.TransportClientFactory.createClient(TransportClientFactory.java:187)
	at org.apache.spark.rpc.netty.NettyRpcEnv.createClient(NettyRpcEnv.scala:198)
	at org.apache.spark.rpc.netty.Outbox$$anon$1.call(Outbox.scala:194)
	at org.apache.spark.rpc.netty.Outbox$$anon$1.call(Outbox.scala:190)
	... 4 more
Caused by: io.netty.channel.AbstractChannel$AnnotatedConnectException: Connection refused: mdc-ch1-cust4.mdc.ext.hpe.com/10.1.1.4:7077
	at sun.nio.ch.SocketChannelImpl.checkConnect(Native Method)
	at sun.nio.ch.SocketChannelImpl.finishConnect(SocketChannelImpl.java:717)
	at io.netty.channel.socket.nio.NioSocketChannel.doFinishConnect(NioSocketChannel.java:323)
	at io.netty.channel.nio.AbstractNioChannel$AbstractNioUnsafe.finishConnect(AbstractNioChannel.java:340)
	at io.netty.channel.nio.NioEventLoop.processSelectedKey(NioEventLoop.java:633)
	at io.netty.channel.nio.NioEventLoop.processSelectedKeysOptimized(NioEventLoop.java:580)
	at io.netty.channel.nio.NioEventLoop.processSelectedKeys(NioEventLoop.java:497)
	at io.netty.channel.nio.NioEventLoop.run(NioEventLoop.java:459)
	at io.netty.util.concurrent.SingleThreadEventExecutor$5.run(SingleThreadEventExecutor.java:858)
	at io.netty.util.concurrent.DefaultThreadFactory$DefaultRunnableDecorator.run(DefaultThreadFactory.java:138)
	... 1 more
Caused by: java.net.ConnectException: Connection refused
	... 11 more
19/06/19 10:50:06 WARN util.Utils: Timed out waiting to forcibly kill process
19/06/19 10:50:06 WARN worker.ExecutorRunner: Failed to terminate process: java.lang.UNIXProcess@74a11926. This process will likely be orphaned.
19/06/19 10:50:06 INFO worker.ExecutorRunner: Killing process!
19/06/19 10:50:06 INFO worker.Worker: Executor app-20190619075614-0002/98 finished with state FAILED message Worker shutting down
19/06/19 10:50:06 INFO shuffle.ExternalShuffleBlockResolver: Clean up non-shuffle files associated with the finished executor 98
19/06/19 10:50:06 INFO shuffle.ExternalShuffleBlockResolver: Executor is not registered (appId=app-20190619075614-0002, execId=98)
19/06/19 10:50:13 INFO worker.Worker: Executor app-20190619075614-0002/93 finished with state EXITED message Command exited with code 143 exitStatus 143
19/06/19 10:50:13 INFO shuffle.ExternalShuffleBlockResolver: Clean up non-shuffle files associated with the finished executor 93
19/06/19 10:50:13 INFO shuffle.ExternalShuffleBlockResolver: Executor is not registered (appId=app-20190619075614-0002, execId=93)
19/06/19 10:50:13 INFO worker.Worker: Executor app-20190619075614-0002/94 finished with state EXITED message Command exited with code 143 exitStatus 143
19/06/19 10:50:13 INFO shuffle.ExternalShuffleBlockResolver: Clean up non-shuffle files associated with the finished executor 94
19/06/19 10:50:13 INFO shuffle.ExternalShuffleBlockResolver: Executor is not registered (appId=app-20190619075614-0002, execId=94)
19/06/19 10:50:13 INFO worker.Worker: Executor app-20190619075614-0002/96 finished with state EXITED message Command exited with code 143 exitStatus 143
19/06/19 10:50:13 INFO shuffle.ExternalShuffleBlockResolver: Clean up non-shuffle files associated with the finished executor 96
19/06/19 10:50:13 INFO shuffle.ExternalShuffleBlockResolver: Executor is not registered (appId=app-20190619075614-0002, execId=96)
19/06/19 10:50:15 INFO worker.ExecutorRunner: Killing process!
19/06/19 10:50:15 INFO worker.Worker: Executor app-20190619075614-0002/97 finished with state FAILED message Worker shutting down exitStatus 143
19/06/19 10:50:15 INFO shuffle.ExternalShuffleBlockResolver: Clean up non-shuffle files associated with the finished executor 97
19/06/19 10:50:15 INFO shuffle.ExternalShuffleBlockResolver: Executor is not registered (appId=app-20190619075614-0002, execId=97)
19/06/19 10:50:15 INFO worker.Worker: Unknown Executor app-20190619075614-0002/97 finished with state EXITED message Command exited with code 143 exitStatus 143
19/06/19 10:50:17 INFO worker.Worker: Unknown Executor app-20190619075614-0002/90 finished with state EXITED message Command exited with code 137 exitStatus 137
19/06/19 10:50:20 INFO worker.Worker: Unknown Executor app-20190619075614-0002/99 finished with state EXITED message Command exited with code 143 exitStatus 143
19/06/19 10:50:21 INFO worker.Worker: Executor app-20190619075614-0002/91 finished with state EXITED message Command exited with code 143 exitStatus 143
19/06/19 10:50:21 INFO shuffle.ExternalShuffleBlockResolver: Clean up non-shuffle files associated with the finished executor 91
19/06/19 10:50:21 INFO shuffle.ExternalShuffleBlockResolver: Executor is not registered (appId=app-20190619075614-0002, execId=91)
19/06/19 10:50:32 INFO worker.Worker: Unknown Executor app-20190619075614-0002/98 finished with state EXITED message Command exited with code 137 exitStatus 137
19/06/19 10:50:35 WARN util.Utils: Timed out waiting to forcibly kill process
19/06/19 10:50:35 WARN worker.ExecutorRunner: Failed to terminate process: java.lang.UNIXProcess@33626d6c. This process will likely be orphaned.
19/06/19 10:50:35 INFO worker.ExecutorRunner: Killing process!
19/06/19 10:50:35 INFO worker.Worker: Executor app-20190619075614-0002/92 finished with state FAILED message Worker shutting down
19/06/19 10:50:35 INFO shuffle.ExternalShuffleBlockResolver: Clean up non-shuffle files associated with the finished executor 92
19/06/19 10:50:35 INFO shuffle.ExternalShuffleBlockResolver: Executor is not registered (appId=app-20190619075614-0002, execId=92)
19/06/19 10:50:45 INFO worker.Worker: Retrying connection to master (attempt # 7)
19/06/19 10:50:45 INFO worker.Worker: Connecting to master mdc-ch1-cust4.mdc.ext.hpe.com:7077...
19/06/19 10:50:45 WARN worker.Worker: Failed to connect to master mdc-ch1-cust4.mdc.ext.hpe.com:7077
org.apache.spark.SparkException: Exception thrown in awaitResult: 
	at org.apache.spark.util.ThreadUtils$.awaitResult(ThreadUtils.scala:226)
	at org.apache.spark.rpc.RpcTimeout.awaitResult(RpcTimeout.scala:75)
	at org.apache.spark.rpc.RpcEnv.setupEndpointRefByURI(RpcEnv.scala:101)
	at org.apache.spark.rpc.RpcEnv.setupEndpointRef(RpcEnv.scala:109)
	at org.apache.spark.deploy.worker.Worker$$anonfun$org$apache$spark$deploy$worker$Worker$$reregisterWithMaster$1$$anon$2.run(Worker.scala:310)
	at java.util.concurrent.Executors$RunnableAdapter.call(Executors.java:511)
	at java.util.concurrent.FutureTask.run(FutureTask.java:266)
	at java.util.concurrent.ThreadPoolExecutor.runWorker(ThreadPoolExecutor.java:1142)
	at java.util.concurrent.ThreadPoolExecutor$Worker.run(ThreadPoolExecutor.java:617)
	at java.lang.Thread.run(Thread.java:748)
Caused by: java.io.IOException: Failed to connect to mdc-ch1-cust4.mdc.ext.hpe.com/10.1.1.4:7077
	at org.apache.spark.network.client.TransportClientFactory.createClient(TransportClientFactory.java:245)
	at org.apache.spark.network.client.TransportClientFactory.createClient(TransportClientFactory.java:187)
	at org.apache.spark.rpc.netty.NettyRpcEnv.createClient(NettyRpcEnv.scala:198)
	at org.apache.spark.rpc.netty.Outbox$$anon$1.call(Outbox.scala:194)
	at org.apache.spark.rpc.netty.Outbox$$anon$1.call(Outbox.scala:190)
	... 4 more
Caused by: io.netty.channel.AbstractChannel$AnnotatedConnectException: Connection refused: mdc-ch1-cust4.mdc.ext.hpe.com/10.1.1.4:7077
	at sun.nio.ch.SocketChannelImpl.checkConnect(Native Method)
	at sun.nio.ch.SocketChannelImpl.finishConnect(SocketChannelImpl.java:717)
	at io.netty.channel.socket.nio.NioSocketChannel.doFinishConnect(NioSocketChannel.java:323)
	at io.netty.channel.nio.AbstractNioChannel$AbstractNioUnsafe.finishConnect(AbstractNioChannel.java:340)
	at io.netty.channel.nio.NioEventLoop.processSelectedKey(NioEventLoop.java:633)
	at io.netty.channel.nio.NioEventLoop.processSelectedKeysOptimized(NioEventLoop.java:580)
	at io.netty.channel.nio.NioEventLoop.processSelectedKeys(NioEventLoop.java:497)
	at io.netty.channel.nio.NioEventLoop.run(NioEventLoop.java:459)
	at io.netty.util.concurrent.SingleThreadEventExecutor$5.run(SingleThreadEventExecutor.java:858)
	at io.netty.util.concurrent.DefaultThreadFactory$DefaultRunnableDecorator.run(DefaultThreadFactory.java:138)
	... 1 more
Caused by: java.net.ConnectException: Connection refused
	... 11 more
19/06/19 10:50:47 INFO worker.Worker: Unknown Executor app-20190619075614-0002/92 finished with state EXITED message Command exited with code 137 exitStatus 137
19/06/19 10:50:53 INFO worker.ExecutorRunner: Killing process!
19/06/19 10:50:53 INFO worker.Worker: Executor app-20190619075614-0002/95 finished with state FAILED message Worker shutting down exitStatus 137
19/06/19 10:50:54 INFO shuffle.ExternalShuffleBlockResolver: Clean up non-shuffle files associated with the finished executor 95
19/06/19 10:50:54 INFO worker.ExecutorRunner: Killing process!
19/06/19 10:50:54 INFO shuffle.ExternalShuffleBlockResolver: Executor is not registered (appId=app-20190619075614-0002, execId=95)
19/06/19 10:50:54 INFO worker.Worker: Unknown Executor app-20190619075614-0002/95 finished with state EXITED message Command exited with code 137 exitStatus 137
19/06/19 10:50:54 INFO worker.ExecutorRunner: Killing process!
19/06/19 10:50:54 INFO worker.Worker: Unknown Executor app-20190619075614-0002/94 finished with state EXITED message Worker shutting down exitStatus 143
19/06/19 10:50:54 INFO worker.ExecutorRunner: Killing process!
19/06/19 10:50:54 INFO worker.Worker: Unknown Executor app-20190619075614-0002/93 finished with state EXITED message Worker shutting down exitStatus 143
19/06/19 10:50:54 INFO worker.Worker: Unknown Executor app-20190619075614-0002/96 finished with state EXITED message Worker shutting down exitStatus 143
19/06/19 10:50:54 INFO util.ShutdownHookManager: Shutdown hook called
19/06/19 10:50:54 INFO worker.Worker: Unknown Executor app-20190619075614-0002/91 finished with state EXITED message Worker shutting down exitStatus 143
19/06/19 10:50:54 INFO util.ShutdownHookManager: Deleting directory /data/spark-14f9d919-356b-40fb-b9a0-35370ad2a849
