0000001 | T.0x00007f68b41da700 | 2019-06-21, 02:19:48.891682 [info] - (/home/ghosdebd/sparkle/alps/src/globalheap/globalheap_internal.cc, 153) Open heap path: /lfs/spark_global0 
0000002 | T.0x00007f68b41da700 | 2019-06-21, 02:19:48.892014 [info] - (/home/ghosdebd/sparkle/alps/src/pegasus/lfs_region_file.cc, 64) Open LFS region file path: "/lfs/spark_global0" flags: O_RDWR
0000004 | T.0x00007f68b41da700 | 2019-06-21, 02:19:48.911630 [info] - (/home/ghosdebd/sparkle/alps/src/pegasus/segmap.cc, 39) map region  base_addr: 0x7ee783e00000 size: 549755813888 addr_range: 0x7ee783e00000--7f6783e00000
0000005 | T.0x00007f68b41da700 | 2019-06-21, 02:19:48.911663 [info] - (/home/ghosdebd/sparkle/alps/src/globalheap/globalheap_internal.cc, 158) Opened heap path: /lfs/spark_global0  size: 549755813888
0000006 | T.0x00007f68b41da700 | 2019-06-21, 02:19:49.260127 [info] - (/home/ghosdebd/sparkle/alps/src/globalheap/globalheap_internal.cc, 380) Allocate block size: 412
0000007 | T.0x00007f67a44ec700 | 2019-06-21, 02:19:49.260137 [info] - (/home/ghosdebd/sparkle/alps/src/globalheap/globalheap_internal.cc, 380) Allocate block size: 412
0000008 | T.0x00007f68b41da700 | 2019-06-21, 02:19:49.260156 [info] - (/home/ghosdebd/sparkle/alps/src/globalheap/globalheap_internal.cc, 400) Allocate block size: 412 ig: 0
0000009 | T.0x00007f67a44ec700 | 2019-06-21, 02:19:49.260168 [info] - (/home/ghosdebd/sparkle/alps/src/globalheap/globalheap_internal.cc, 400) Allocate block size: 412 ig: 0
0000011 | T.0x00007f67a44ec700 | 2019-06-21, 02:19:49.260421 [info] - (/home/ghosdebd/sparkle/alps/src/globalheap/memattrib_heap.cc, 59) Allocate block size: 412
0000010 | T.0x00007f68b41da700 | 2019-06-21, 02:19:49.260420 [info] - (/home/ghosdebd/sparkle/alps/src/globalheap/memattrib_heap.cc, 59) Allocate block size: 412
0000012 | T.0x00007f67a44ec700 | 2019-06-21, 02:19:49.260432 [info] - (/home/ghosdebd/sparkle/alps/src/globalheap/process_slab_heap.cc, 30) acquire_slab
0000013 | T.0x00007f67a44ec700 | 2019-06-21, 02:19:49.260436 [info] - (/home/ghosdebd/sparkle/alps/src/globalheap/process_slab_heap.cc, 33) acquire_slab: locked
0000014 | T.0x00007f67a44ec700 | 2019-06-21, 02:19:49.260441 [info] - (/home/ghosdebd/sparkle/alps/src/globalheap/extentheap.hh, 116) malloc
0000015 | T.0x00007f67a44ec700 | 2019-06-21, 02:19:49.260506 [info] - (/home/ghosdebd/sparkle/alps/src/globalheap/zone.hh, 40) NVZONE: 0x7ef783e00400
0000016 | T.0x00007f67a44ec700 | 2019-06-21, 02:19:49.260513 [info] - (/home/ghosdebd/sparkle/alps/src/globalheap/zone.hh, 41) NVZONE: ID: 8
0000017 | T.0x00007f67a44ec700 | 2019-06-21, 02:19:49.262162 [info] - (/home/ghosdebd/sparkle/alps/src/globalheap/extentmap.cc, 88) INSERT: (0, 32766)
0000018 | T.0x00007f67a44ec700 | 2019-06-21, 02:19:49.262178 [info] - (/home/ghosdebd/sparkle/alps/src/globalheap/zone_heap.hh, 153) Acquired zone: 8
0000019 | T.0x00007f67a44ec700 | 2019-06-21, 02:19:49.262182 [info] - (/home/ghosdebd/sparkle/alps/src/globalheap/zone.hh, 72) Enumerate zone: 8
0000020 | T.0x00007f67a44ec700 | 2019-06-21, 02:19:49.263795 [info] - (/home/ghosdebd/sparkle/alps/src/globalheap/extentheap.hh, 116) malloc
0000021 | T.0x00007f67a44ec700 | 2019-06-21, 02:19:49.263823 [info] - (/home/ghosdebd/sparkle/alps/src/globalheap/extentmap.cc, 88) INSERT: (1, 32765)
0000022 | T.0x00007f67a44ec700 | 2019-06-21, 02:19:49.263829 [info] - (/home/ghosdebd/sparkle/alps/src/globalheap/zone.cc, 48) Allocated zone_id: 8 extent: (0, 1) 0x7ef783e404c8
0000023 | T.0x00007f67a44ec700 | 2019-06-21, 02:19:49.263858 [info] - (/home/ghosdebd/sparkle/alps/src/globalheap/process_slab_heap.cc, 50) acquire_slab: unlock 2
0000024 | T.0x00007f67a44ec700 | 2019-06-21, 02:19:49.263868 [info] - (/home/ghosdebd/sparkle/alps/src/globalheap/slab.cc, 56) Allocate block: nvslab: (0xbeef, 0x10000404c8) block: 0
0000025 | T.0x00007f67a44ec700 | 2019-06-21, 02:19:49.263873 [info] - (/home/ghosdebd/sparkle/alps/src/globalheap/slab_heap.cc, 40) Allocate block: new_fullness: 0 old_fullness: 0
0000026 | T.0x00007f67a44ec700 | 2019-06-21, 02:19:49.263880 [info] - (/home/ghosdebd/sparkle/alps/src/globalheap/globalheap_internal.cc, 391) Allocated block ptr: (0xbeef, 0x1000040548) size: 412
0000027 | T.0x00007f68b41da700 | 2019-06-21, 02:19:49.263883 [info] - (/home/ghosdebd/sparkle/alps/src/globalheap/slab.cc, 56) Allocate block: nvslab: (0xbeef, 0x10000404c8) block: 1
0000028 | T.0x00007f68b41da700 | 2019-06-21, 02:19:49.263891 [info] - (/home/ghosdebd/sparkle/alps/src/globalheap/slab_heap.cc, 40) Allocate block: new_fullness: 0 old_fullness: 0
0000029 | T.0x00007f68b41da700 | 2019-06-21, 02:19:49.263895 [info] - (/home/ghosdebd/sparkle/alps/src/globalheap/globalheap_internal.cc, 391) Allocated block ptr: (0xbeef, 0x10000406e8) size: 412
0000030 | T.0x00007f67a44ec700 | 2019-06-21, 02:19:49.263901 [info] - (/home/ghosdebd/sparkle/alps/src/globalheap/globalheap_internal.cc, 380) Allocate block size: 30
0000031 | T.0x00007f68b41da700 | 2019-06-21, 02:19:49.263905 [info] - (/home/ghosdebd/sparkle/alps/src/globalheap/globalheap_internal.cc, 380) Allocate block size: 30
0000032 | T.0x00007f67a44ec700 | 2019-06-21, 02:19:49.263906 [info] - (/home/ghosdebd/sparkle/alps/src/globalheap/globalheap_internal.cc, 400) Allocate block size: 30 ig: 0
0000033 | T.0x00007f68b41da700 | 2019-06-21, 02:19:49.263912 [info] - (/home/ghosdebd/sparkle/alps/src/globalheap/globalheap_internal.cc, 400) Allocate block size: 30 ig: 0
0000034 | T.0x00007f67a44ec700 | 2019-06-21, 02:19:49.263917 [info] - (/home/ghosdebd/sparkle/alps/src/globalheap/memattrib_heap.cc, 59) Allocate block size: 30
0000035 | T.0x00007f68b41da700 | 2019-06-21, 02:19:49.263922 [info] - (/home/ghosdebd/sparkle/alps/src/globalheap/memattrib_heap.cc, 59) Allocate block size: 30
0000036 | T.0x00007f67a44ec700 | 2019-06-21, 02:19:49.263927 [info] - (/home/ghosdebd/sparkle/alps/src/globalheap/process_slab_heap.cc, 30) acquire_slab
0000037 | T.0x00007f67a44ec700 | 2019-06-21, 02:19:49.263932 [info] - (/home/ghosdebd/sparkle/alps/src/globalheap/process_slab_heap.cc, 33) acquire_slab: locked
0000038 | T.0x00007f67a44ec700 | 2019-06-21, 02:19:49.263936 [info] - (/home/ghosdebd/sparkle/alps/src/globalheap/extentheap.hh, 116) malloc
0000039 | T.0x00007f67a44ec700 | 2019-06-21, 02:19:49.263939 [info] - (/home/ghosdebd/sparkle/alps/src/globalheap/extentmap.cc, 88) INSERT: (2, 32764)
0000040 | T.0x00007f67a44ec700 | 2019-06-21, 02:19:49.263943 [info] - (/home/ghosdebd/sparkle/alps/src/globalheap/zone.cc, 48) Allocated zone_id: 8 extent: (1, 1) 0x7ef783e804c8
0000041 | T.0x00007f67a44ec700 | 2019-06-21, 02:19:49.264187 [info] - (/home/ghosdebd/sparkle/alps/src/globalheap/process_slab_heap.cc, 50) acquire_slab: unlock 2
0000042 | T.0x00007f67a44ec700 | 2019-06-21, 02:19:49.264193 [info] - (/home/ghosdebd/sparkle/alps/src/globalheap/slab.cc, 56) Allocate block: nvslab: (0xbeef, 0x10000804c8) block: 0
0000043 | T.0x00007f67a44ec700 | 2019-06-21, 02:19:49.264196 [info] - (/home/ghosdebd/sparkle/alps/src/globalheap/slab_heap.cc, 40) Allocate block: new_fullness: 0 old_fullness: 0
0000044 | T.0x00007f67a44ec700 | 2019-06-21, 02:19:49.264201 [info] - (/home/ghosdebd/sparkle/alps/src/globalheap/globalheap_internal.cc, 391) Allocated block ptr: (0xbeef, 0x1000080908) size: 30
0000045 | T.0x00007f68b41da700 | 2019-06-21, 02:19:49.264204 [info] - (/home/ghosdebd/sparkle/alps/src/globalheap/slab.cc, 56) Allocate block: nvslab: (0xbeef, 0x10000804c8) block: 1
0000046 | T.0x00007f67a44ec700 | 2019-06-21, 02:19:49.264206 [info] - (/home/ghosdebd/sparkle/alps/src/globalheap/globalheap_internal.cc, 380) Allocate block size: 60
0000047 | T.0x00007f68b41da700 | 2019-06-21, 02:19:49.264210 [info] - (/home/ghosdebd/sparkle/alps/src/globalheap/slab_heap.cc, 40) Allocate block: new_fullness: 0 old_fullness: 0
0000048 | T.0x00007f67a44ec700 | 2019-06-21, 02:19:49.264215 [info] - (/home/ghosdebd/sparkle/alps/src/globalheap/globalheap_internal.cc, 400) Allocate block size: 60 ig: 0
0000049 | T.0x00007f68b41da700 | 2019-06-21, 02:19:49.264221 [info] - (/home/ghosdebd/sparkle/alps/src/globalheap/globalheap_internal.cc, 391) Allocated block ptr: (0xbeef, 0x1000080928) size: 30
0000050 | T.0x00007f67a44ec700 | 2019-06-21, 02:19:49.264224 [info] - (/home/ghosdebd/sparkle/alps/src/globalheap/memattrib_heap.cc, 59) Allocate block size: 60
0000051 | T.0x00007f68b41da700 | 2019-06-21, 02:19:49.264226 [info] - (/home/ghosdebd/sparkle/alps/src/globalheap/globalheap_internal.cc, 380) Allocate block size: 60
0000052 | T.0x00007f67a44ec700 | 2019-06-21, 02:19:49.264259 [info] - (/home/ghosdebd/sparkle/alps/src/globalheap/process_slab_heap.cc, 30) acquire_slab
0000053 | T.0x00007f68b41da700 | 2019-06-21, 02:19:49.264262 [info] - (/home/ghosdebd/sparkle/alps/src/globalheap/globalheap_internal.cc, 400) Allocate block size: 60 ig: 0
0000054 | T.0x00007f67a44ec700 | 2019-06-21, 02:19:49.264265 [info] - (/home/ghosdebd/sparkle/alps/src/globalheap/process_slab_heap.cc, 33) acquire_slab: locked
0000055 | T.0x00007f68b41da700 | 2019-06-21, 02:19:49.264267 [info] - (/home/ghosdebd/sparkle/alps/src/globalheap/memattrib_heap.cc, 59) Allocate block size: 60
0000056 | T.0x00007f67a44ec700 | 2019-06-21, 02:19:49.264272 [info] - (/home/ghosdebd/sparkle/alps/src/globalheap/extentheap.hh, 116) malloc
0000057 | T.0x00007f67a44ec700 | 2019-06-21, 02:19:49.264281 [info] - (/home/ghosdebd/sparkle/alps/src/globalheap/extentmap.cc, 88) INSERT: (3, 32763)
0000058 | T.0x00007f67a44ec700 | 2019-06-21, 02:19:49.264285 [info] - (/home/ghosdebd/sparkle/alps/src/globalheap/zone.cc, 48) Allocated zone_id: 8 extent: (2, 1) 0x7ef783ec04c8
0000059 | T.0x00007f67a44ec700 | 2019-06-21, 02:19:49.264447 [info] - (/home/ghosdebd/sparkle/alps/src/globalheap/process_slab_heap.cc, 50) acquire_slab: unlock 2
0000060 | T.0x00007f67a44ec700 | 2019-06-21, 02:19:49.264453 [info] - (/home/ghosdebd/sparkle/alps/src/globalheap/slab.cc, 56) Allocate block: nvslab: (0xbeef, 0x10000c04c8) block: 0
0000061 | T.0x00007f67a44ec700 | 2019-06-21, 02:19:49.264459 [info] - (/home/ghosdebd/sparkle/alps/src/globalheap/slab_heap.cc, 40) Allocate block: new_fullness: 0 old_fullness: 0
0000062 | T.0x00007f67a44ec700 | 2019-06-21, 02:19:49.264464 [info] - (/home/ghosdebd/sparkle/alps/src/globalheap/globalheap_internal.cc, 391) Allocated block ptr: (0xbeef, 0x10000c0708) size: 60
0000063 | T.0x00007f68b41da700 | 2019-06-21, 02:19:49.264466 [info] - (/home/ghosdebd/sparkle/alps/src/globalheap/slab.cc, 56) Allocate block: nvslab: (0xbeef, 0x10000c04c8) block: 1
0000064 | T.0x00007f67a44ec700 | 2019-06-21, 02:19:49.264468 [info] - (/home/ghosdebd/sparkle/alps/src/globalheap/globalheap_internal.cc, 380) Allocate block size: 60
0000065 | T.0x00007f68b41da700 | 2019-06-21, 02:19:49.264473 [info] - (/home/ghosdebd/sparkle/alps/src/globalheap/slab_heap.cc, 40) Allocate block: new_fullness: 0 old_fullness: 0
0000066 | T.0x00007f67a44ec700 | 2019-06-21, 02:19:49.264477 [info] - (/home/ghosdebd/sparkle/alps/src/globalheap/globalheap_internal.cc, 400) Allocate block size: 60 ig: 0
0000067 | T.0x00007f68b41da700 | 2019-06-21, 02:19:49.264481 [info] - (/home/ghosdebd/sparkle/alps/src/globalheap/globalheap_internal.cc, 391) Allocated block ptr: (0xbeef, 0x10000c0748) size: 60
0000068 | T.0x00007f67a44ec700 | 2019-06-21, 02:19:49.264483 [info] - (/home/ghosdebd/sparkle/alps/src/globalheap/memattrib_heap.cc, 59) Allocate block size: 60
0000069 | T.0x00007f68b41da700 | 2019-06-21, 02:19:49.264487 [info] - (/home/ghosdebd/sparkle/alps/src/globalheap/globalheap_internal.cc, 380) Allocate block size: 30
0000070 | T.0x00007f67a44ec700 | 2019-06-21, 02:19:49.264492 [info] - (/home/ghosdebd/sparkle/alps/src/globalheap/slab.cc, 56) Allocate block: nvslab: (0xbeef, 0x10000c04c8) block: 2
0000071 | T.0x00007f68b41da700 | 2019-06-21, 02:19:49.264495 [info] - (/home/ghosdebd/sparkle/alps/src/globalheap/globalheap_internal.cc, 400) Allocate block size: 30 ig: 0
0000072 | T.0x00007f67a44ec700 | 2019-06-21, 02:19:49.264496 [info] - (/home/ghosdebd/sparkle/alps/src/globalheap/slab_heap.cc, 40) Allocate block: new_fullness: 0 old_fullness: 0
0000073 | T.0x00007f68b41da700 | 2019-06-21, 02:19:49.264501 [info] - (/home/ghosdebd/sparkle/alps/src/globalheap/memattrib_heap.cc, 59) Allocate block size: 30
0000074 | T.0x00007f67a44ec700 | 2019-06-21, 02:19:49.264505 [info] - (/home/ghosdebd/sparkle/alps/src/globalheap/globalheap_internal.cc, 391) Allocated block ptr: (0xbeef, 0x10000c0788) size: 60
0000075 | T.0x00007f68b41da700 | 2019-06-21, 02:19:49.264510 [info] - (/home/ghosdebd/sparkle/alps/src/globalheap/slab.cc, 56) Allocate block: nvslab: (0xbeef, 0x10000804c8) block: 2
0000076 | T.0x00007f67a44ec700 | 2019-06-21, 02:19:49.264513 [info] - (/home/ghosdebd/sparkle/alps/src/globalheap/globalheap_internal.cc, 380) Allocate block size: 30
0000077 | T.0x00007f68b41da700 | 2019-06-21, 02:19:49.264515 [info] - (/home/ghosdebd/sparkle/alps/src/globalheap/slab_heap.cc, 40) Allocate block: new_fullness: 0 old_fullness: 0
0000078 | T.0x00007f67a44ec700 | 2019-06-21, 02:19:49.264519 [info] - (/home/ghosdebd/sparkle/alps/src/globalheap/globalheap_internal.cc, 400) Allocate block size: 30 ig: 0
0000079 | T.0x00007f68b41da700 | 2019-06-21, 02:19:49.264523 [info] - (/home/ghosdebd/sparkle/alps/src/globalheap/globalheap_internal.cc, 391) Allocated block ptr: (0xbeef, 0x1000080948) size: 30
0000080 | T.0x00007f67a44ec700 | 2019-06-21, 02:19:49.264528 [info] - (/home/ghosdebd/sparkle/alps/src/globalheap/memattrib_heap.cc, 59) Allocate block size: 30
0000081 | T.0x00007f68b41da700 | 2019-06-21, 02:19:49.264533 [info] - (/home/ghosdebd/sparkle/alps/src/globalheap/globalheap_internal.cc, 380) Allocate block size: 60
0000082 | T.0x00007f67a44ec700 | 2019-06-21, 02:19:49.264538 [info] - (/home/ghosdebd/sparkle/alps/src/globalheap/slab.cc, 56) Allocate block: nvslab: (0xbeef, 0x10000804c8) block: 3
0000083 | T.0x00007f68b41da700 | 2019-06-21, 02:19:49.264541 [info] - (/home/ghosdebd/sparkle/alps/src/globalheap/globalheap_internal.cc, 400) Allocate block size: 60 ig: 0
0000084 | T.0x00007f67a44ec700 | 2019-06-21, 02:19:49.264543 [info] - (/home/ghosdebd/sparkle/alps/src/globalheap/slab_heap.cc, 40) Allocate block: new_fullness: 0 old_fullness: 0
0000085 | T.0x00007f68b41da700 | 2019-06-21, 02:19:49.264547 [info] - (/home/ghosdebd/sparkle/alps/src/globalheap/memattrib_heap.cc, 59) Allocate block size: 60
0000086 | T.0x00007f67a44ec700 | 2019-06-21, 02:19:49.264552 [info] - (/home/ghosdebd/sparkle/alps/src/globalheap/globalheap_internal.cc, 391) Allocated block ptr: (0xbeef, 0x1000080968) size: 30
0000087 | T.0x00007f68b41da700 | 2019-06-21, 02:19:49.264557 [info] - (/home/ghosdebd/sparkle/alps/src/globalheap/slab.cc, 56) Allocate block: nvslab: (0xbeef, 0x10000c04c8) block: 3
0000088 | T.0x00007f67a44ec700 | 2019-06-21, 02:19:49.264560 [info] - (/home/ghosdebd/sparkle/alps/src/globalheap/globalheap_internal.cc, 380) Allocate block size: 30
0000089 | T.0x00007f68b41da700 | 2019-06-21, 02:19:49.264564 [info] - (/home/ghosdebd/sparkle/alps/src/globalheap/slab_heap.cc, 40) Allocate block: new_fullness: 0 old_fullness: 0
0000090 | T.0x00007f67a44ec700 | 2019-06-21, 02:19:49.264569 [info] - (/home/ghosdebd/sparkle/alps/src/globalheap/globalheap_internal.cc, 400) Allocate block size: 30 ig: 0
0000091 | T.0x00007f68b41da700 | 2019-06-21, 02:19:49.264573 [info] - (/home/ghosdebd/sparkle/alps/src/globalheap/globalheap_internal.cc, 391) Allocated block ptr: (0xbeef, 0x10000c07c8) size: 60
0000092 | T.0x00007f67a44ec700 | 2019-06-21, 02:19:49.264578 [info] - (/home/ghosdebd/sparkle/alps/src/globalheap/memattrib_heap.cc, 59) Allocate block size: 30
0000093 | T.0x00007f68b41da700 | 2019-06-21, 02:19:49.264582 [info] - (/home/ghosdebd/sparkle/alps/src/globalheap/globalheap_internal.cc, 380) Allocate block size: 30
0000094 | T.0x00007f67a44ec700 | 2019-06-21, 02:19:49.264587 [info] - (/home/ghosdebd/sparkle/alps/src/globalheap/slab.cc, 56) Allocate block: nvslab: (0xbeef, 0x10000804c8) block: 4
0000095 | T.0x00007f68b41da700 | 2019-06-21, 02:19:49.264590 [info] - (/home/ghosdebd/sparkle/alps/src/globalheap/globalheap_internal.cc, 400) Allocate block size: 30 ig: 0
0000096 | T.0x00007f67a44ec700 | 2019-06-21, 02:19:49.264592 [info] - (/home/ghosdebd/sparkle/alps/src/globalheap/slab_heap.cc, 40) Allocate block: new_fullness: 0 old_fullness: 0
0000097 | T.0x00007f68b41da700 | 2019-06-21, 02:19:49.264594 [info] - (/home/ghosdebd/sparkle/alps/src/globalheap/memattrib_heap.cc, 59) Allocate block size: 30
0000098 | T.0x00007f67a44ec700 | 2019-06-21, 02:19:49.264596 [info] - (/home/ghosdebd/sparkle/alps/src/globalheap/globalheap_internal.cc, 391) Allocated block ptr: (0xbeef, 0x1000080988) size: 30
0000099 | T.0x00007f68b41da700 | 2019-06-21, 02:19:49.264599 [info] - (/home/ghosdebd/sparkle/alps/src/globalheap/slab.cc, 56) Allocate block: nvslab: (0xbeef, 0x10000804c8) block: 5
0000101 | T.0x00007f68b41da700 | 2019-06-21, 02:19:49.264617 [info] - (/home/ghosdebd/sparkle/alps/src/globalheap/slab_heap.cc, 40) Allocate block: new_fullness: 0 old_fullness: 0
0000100 | T.0x00007f67a44ec700 | 2019-06-21, 02:19:49.264613 [info] - (/home/ghosdebd/sparkle/alps/src/globalheap/globalheap_internal.cc, 380) Allocate block size: 30
0000102 | T.0x00007f68b41da700 | 2019-06-21, 02:19:49.264622 [info] - (/home/ghosdebd/sparkle/alps/src/globalheap/globalheap_internal.cc, 391) Allocated block ptr: (0xbeef, 0x10000809a8) size: 30
0000104 | T.0x00007f68b41da700 | 2019-06-21, 02:19:49.264631 [info] - (/home/ghosdebd/sparkle/alps/src/globalheap/globalheap_internal.cc, 380) Allocate block size: 30
0000105 | T.0x00007f68b41da700 | 2019-06-21, 02:19:49.264636 [info] - (/home/ghosdebd/sparkle/alps/src/globalheap/globalheap_internal.cc, 400) Allocate block size: 30 ig: 0
0000103 | T.0x00007f67a44ec700 | 2019-06-21, 02:19:49.264627 [info] - (/home/ghosdebd/sparkle/alps/src/globalheap/globalheap_internal.cc, 400) Allocate block size: 30 ig: 0
0000106 | T.0x00007f68b41da700 | 2019-06-21, 02:19:49.264641 [info] - (/home/ghosdebd/sparkle/alps/src/globalheap/memattrib_heap.cc, 59) Allocate block size: 30
0000107 | T.0x00007f67a44ec700 | 2019-06-21, 02:19:49.264646 [info] - (/home/ghosdebd/sparkle/alps/src/globalheap/memattrib_heap.cc, 59) Allocate block size: 30
0000108 | T.0x00007f68b41da700 | 2019-06-21, 02:19:49.264650 [info] - (/home/ghosdebd/sparkle/alps/src/globalheap/slab.cc, 56) Allocate block: nvslab: (0xbeef, 0x10000804c8) block: 6
0000109 | T.0x00007f68b41da700 | 2019-06-21, 02:19:49.264654 [info] - (/home/ghosdebd/sparkle/alps/src/globalheap/slab_heap.cc, 40) Allocate block: new_fullness: 0 old_fullness: 0
0000110 | T.0x00007f68b41da700 | 2019-06-21, 02:19:49.264658 [info] - (/home/ghosdebd/sparkle/alps/src/globalheap/globalheap_internal.cc, 391) Allocated block ptr: (0xbeef, 0x10000809c8) size: 30
0000112 | T.0x00007f68b41da700 | 2019-06-21, 02:19:49.264662 [info] - (/home/ghosdebd/sparkle/alps/src/globalheap/globalheap_internal.cc, 380) Allocate block size: 30
0000111 | T.0x00007f67a44ec700 | 2019-06-21, 02:19:49.264661 [info] - (/home/ghosdebd/sparkle/alps/src/globalheap/slab.cc, 56) Allocate block: nvslab: (0xbeef, 0x10000804c8) block: 7
0000113 | T.0x00007f68b41da700 | 2019-06-21, 02:19:49.264667 [info] - (/home/ghosdebd/sparkle/alps/src/globalheap/globalheap_internal.cc, 400) Allocate block size: 30 ig: 0
0000114 | T.0x00007f67a44ec700 | 2019-06-21, 02:19:49.264672 [info] - (/home/ghosdebd/sparkle/alps/src/globalheap/slab_heap.cc, 40) Allocate block: new_fullness: 0 old_fullness: 0
0000115 | T.0x00007f68b41da700 | 2019-06-21, 02:19:49.264676 [info] - (/home/ghosdebd/sparkle/alps/src/globalheap/memattrib_heap.cc, 59) Allocate block size: 30
0000116 | T.0x00007f67a44ec700 | 2019-06-21, 02:19:49.264681 [info] - (/home/ghosdebd/sparkle/alps/src/globalheap/globalheap_internal.cc, 391) Allocated block ptr: (0xbeef, 0x10000809e8) size: 30
0000117 | T.0x00007f68b41da700 | 2019-06-21, 02:19:49.264684 [info] - (/home/ghosdebd/sparkle/alps/src/globalheap/slab.cc, 56) Allocate block: nvslab: (0xbeef, 0x10000804c8) block: 8
0000118 | T.0x00007f67a44ec700 | 2019-06-21, 02:19:49.264686 [info] - (/home/ghosdebd/sparkle/alps/src/globalheap/globalheap_internal.cc, 380) Allocate block size: 60
0000119 | T.0x00007f68b41da700 | 2019-06-21, 02:19:49.264690 [info] - (/home/ghosdebd/sparkle/alps/src/globalheap/slab_heap.cc, 40) Allocate block: new_fullness: 0 old_fullness: 0
0000120 | T.0x00007f67a44ec700 | 2019-06-21, 02:19:49.264695 [info] - (/home/ghosdebd/sparkle/alps/src/globalheap/globalheap_internal.cc, 400) Allocate block size: 60 ig: 0
0000121 | T.0x00007f68b41da700 | 2019-06-21, 02:19:49.264699 [info] - (/home/ghosdebd/sparkle/alps/src/globalheap/globalheap_internal.cc, 391) Allocated block ptr: (0xbeef, 0x1000080a08) size: 30
0000122 | T.0x00007f67a44ec700 | 2019-06-21, 02:19:49.264704 [info] - (/home/ghosdebd/sparkle/alps/src/globalheap/memattrib_heap.cc, 59) Allocate block size: 60
0000123 | T.0x00007f68b41da700 | 2019-06-21, 02:19:49.264708 [info] - (/home/ghosdebd/sparkle/alps/src/globalheap/globalheap_internal.cc, 380) Allocate block size: 30
0000124 | T.0x00007f67a44ec700 | 2019-06-21, 02:19:49.264713 [info] - (/home/ghosdebd/sparkle/alps/src/globalheap/slab.cc, 56) Allocate block: nvslab: (0xbeef, 0x10000c04c8) block: 4
0000125 | T.0x00007f68b41da700 | 2019-06-21, 02:19:49.264716 [info] - (/home/ghosdebd/sparkle/alps/src/globalheap/globalheap_internal.cc, 400) Allocate block size: 30 ig: 0
0000126 | T.0x00007f67a44ec700 | 2019-06-21, 02:19:49.264719 [info] - (/home/ghosdebd/sparkle/alps/src/globalheap/slab_heap.cc, 40) Allocate block: new_fullness: 0 old_fullness: 0
0000127 | T.0x00007f68b41da700 | 2019-06-21, 02:19:49.264721 [info] - (/home/ghosdebd/sparkle/alps/src/globalheap/memattrib_heap.cc, 59) Allocate block size: 30
0000128 | T.0x00007f67a44ec700 | 2019-06-21, 02:19:49.264723 [info] - (/home/ghosdebd/sparkle/alps/src/globalheap/globalheap_internal.cc, 391) Allocated block ptr: (0xbeef, 0x10000c0808) size: 60
0000129 | T.0x00007f68b41da700 | 2019-06-21, 02:19:49.264726 [info] - (/home/ghosdebd/sparkle/alps/src/globalheap/slab.cc, 56) Allocate block: nvslab: (0xbeef, 0x10000804c8) block: 9
0000130 | T.0x00007f68b41da700 | 2019-06-21, 02:19:49.264730 [info] - (/home/ghosdebd/sparkle/alps/src/globalheap/slab_heap.cc, 40) Allocate block: new_fullness: 0 old_fullness: 0
0000131 | T.0x00007f68b41da700 | 2019-06-21, 02:19:49.264733 [info] - (/home/ghosdebd/sparkle/alps/src/globalheap/globalheap_internal.cc, 391) Allocated block ptr: (0xbeef, 0x1000080a28) size: 30
