Java HotSpot(TM) 64-Bit Server VM warning: sched_getaffinity failed (Invalid argument)- using online processor count (576) which may exceed available processors
Java HotSpot(TM) 64-Bit Server VM warning: sched_getaffinity failed (Invalid argument)- using online processor count (576) which may exceed available processors
Java HotSpot(TM) 64-Bit Server VM warning: sched_getaffinity failed (Invalid argument)- using online processor count (576) which may exceed available processors
Java HotSpot(TM) 64-Bit Server VM warning: sched_getaffinity failed (Invalid argument)- using online processor count (576) which may exceed available processors
Spark Command: /opt/jdk1.8.0_131/jre/bin/java -cp /var/tmp/spark2.0hpcplatform/multicore/worker39/conf/:/var/tmp/spark2.0hpcplatform/multicore/worker39/assembly/target/scala-2.11/jars/*:/opt/hadoop/etc/hadoop/ -Xmx1g org.apache.spark.deploy.worker.Worker --webui-port 8159 spark://mdc-ch1-cust4:7077 -h mdc-ch1-cust4
========================================
Java HotSpot(TM) 64-Bit Server VM warning: sched_getaffinity failed (Invalid argument)- using online processor count (576) which may exceed available processors
Java HotSpot(TM) 64-Bit Server VM warning: sched_getaffinity failed (Invalid argument)- using online processor count (576) which may exceed available processors
Java HotSpot(TM) 64-Bit Server VM warning: sched_getaffinity failed (Invalid argument)- using online processor count (576) which may exceed available processors
Java HotSpot(TM) 64-Bit Server VM warning: sched_getaffinity failed (Invalid argument)- using online processor count (576) which may exceed available processors
19/06/19 06:44:41 INFO worker.Worker: Started daemon with process name: 313458@mdc-ch1-cust4
19/06/19 06:44:41 INFO util.SignalUtils: Registered signal handler for TERM
19/06/19 06:44:41 INFO util.SignalUtils: Registered signal handler for HUP
19/06/19 06:44:41 INFO util.SignalUtils: Registered signal handler for INT
Java HotSpot(TM) 64-Bit Server VM warning: sched_getaffinity failed (Invalid argument)- using online processor count (576) which may exceed available processors
Java HotSpot(TM) 64-Bit Server VM warning: sched_getaffinity failed (Invalid argument)- using online processor count (576) which may exceed available processors
19/06/19 06:44:41 WARN util.NativeCodeLoader: Unable to load native-hadoop library for your platform... using builtin-java classes where applicable
19/06/19 06:44:41 INFO spark.SecurityManager: Changing view acls to: root
19/06/19 06:44:41 INFO spark.SecurityManager: Changing modify acls to: root
19/06/19 06:44:41 INFO spark.SecurityManager: Changing view acls groups to: 
19/06/19 06:44:41 INFO spark.SecurityManager: Changing modify acls groups to: 
19/06/19 06:44:41 INFO spark.SecurityManager: SecurityManager: authentication disabled; ui acls disabled; users  with view permissions: Set(root); groups with view permissions: Set(); users  with modify permissions: Set(root); groups with modify permissions: Set()
Java HotSpot(TM) 64-Bit Server VM warning: sched_getaffinity failed (Invalid argument)- using online processor count (576) which may exceed available processors
Java HotSpot(TM) 64-Bit Server VM warning: sched_getaffinity failed (Invalid argument)- using online processor count (576) which may exceed available processors
Java HotSpot(TM) 64-Bit Server VM warning: sched_getaffinity failed (Invalid argument)- using online processor count (576) which may exceed available processors
Java HotSpot(TM) 64-Bit Server VM warning: sched_getaffinity failed (Invalid argument)- using online processor count (576) which may exceed available processors
19/06/19 06:44:41 INFO util.Utils: Successfully started service 'sparkWorker' on port 41819.
Java HotSpot(TM) 64-Bit Server VM warning: sched_getaffinity failed (Invalid argument)- using online processor count (576) which may exceed available processors
19/06/19 06:44:42 INFO worker.Worker: Starting Spark worker mdc-ch1-cust4:41819 with 576 cores, 22.9 TB RAM
19/06/19 06:44:42 INFO worker.Worker: Running Spark version 2.4.0
19/06/19 06:44:42 INFO worker.Worker: Spark home: /var/tmp/spark2.0hpcplatform/multicore/worker39
19/06/19 06:44:42 INFO util.log: Logging initialized @1595ms
19/06/19 06:44:42 INFO server.Server: jetty-9.3.z-SNAPSHOT, build timestamp: unknown, git hash: unknown
19/06/19 06:44:42 INFO server.Server: Started @1639ms
Java HotSpot(TM) 64-Bit Server VM warning: sched_getaffinity failed (Invalid argument)- using online processor count (576) which may exceed available processors
Java HotSpot(TM) 64-Bit Server VM warning: sched_getaffinity failed (Invalid argument)- using online processor count (576) which may exceed available processors
19/06/19 06:44:42 INFO server.AbstractConnector: Started ServerConnector@7e53340d{HTTP/1.1,[http/1.1]}{0.0.0.0:8159}
19/06/19 06:44:42 INFO util.Utils: Successfully started service 'WorkerUI' on port 8159.
19/06/19 06:44:42 INFO handler.ContextHandler: Started o.s.j.s.ServletContextHandler@5c248f37{/logPage,null,AVAILABLE,@Spark}
19/06/19 06:44:42 INFO handler.ContextHandler: Started o.s.j.s.ServletContextHandler@303d3547{/logPage/json,null,AVAILABLE,@Spark}
19/06/19 06:44:42 INFO handler.ContextHandler: Started o.s.j.s.ServletContextHandler@36e402da{/,null,AVAILABLE,@Spark}
19/06/19 06:44:42 INFO handler.ContextHandler: Started o.s.j.s.ServletContextHandler@55665d72{/json,null,AVAILABLE,@Spark}
19/06/19 06:44:42 INFO handler.ContextHandler: Started o.s.j.s.ServletContextHandler@ca8cd94{/static,null,AVAILABLE,@Spark}
19/06/19 06:44:42 INFO handler.ContextHandler: Started o.s.j.s.ServletContextHandler@7557792f{/log,null,AVAILABLE,@Spark}
19/06/19 06:44:42 INFO ui.WorkerWebUI: Bound WorkerWebUI to 0.0.0.0, and started at http://mdc-ch1-cust4.mdc.ext.hpe.com:8159
19/06/19 06:44:42 INFO worker.Worker: Connecting to master mdc-ch1-cust4:7077...
19/06/19 06:44:42 INFO handler.ContextHandler: Started o.s.j.s.ServletContextHandler@5872bb6f{/metrics/json,null,AVAILABLE,@Spark}
19/06/19 06:44:42 INFO client.TransportClientFactory: Successfully created connection to mdc-ch1-cust4/10.1.1.4:7077 after 22 ms (0 ms spent in bootstraps)
19/06/19 06:44:42 INFO worker.Worker: Successfully registered with master spark://mdc-ch1-cust4.mdc.ext.hpe.com:7077
19/06/19 06:45:08 INFO worker.Worker: Asked to launch executor app-20190619064508-0000/51 for TeraSort
19/06/19 06:45:08 INFO spark.SecurityManager: Changing view acls to: root
19/06/19 06:45:08 INFO spark.SecurityManager: Changing modify acls to: root
19/06/19 06:45:08 INFO spark.SecurityManager: Changing view acls groups to: 
19/06/19 06:45:08 INFO spark.SecurityManager: Changing modify acls groups to: 
19/06/19 06:45:08 INFO spark.SecurityManager: SecurityManager: authentication disabled; ui acls disabled; users  with view permissions: Set(root); groups with view permissions: Set(); users  with modify permissions: Set(root); groups with modify permissions: Set()
19/06/19 06:45:08 INFO worker.Worker: Asked to launch executor app-20190619064508-0000/52 for TeraSort
19/06/19 06:45:08 INFO worker.Worker: Asked to launch executor app-20190619064508-0000/53 for TeraSort
19/06/19 06:45:08 INFO spark.SecurityManager: Changing view acls to: root
19/06/19 06:45:08 INFO spark.SecurityManager: Changing modify acls to: root
19/06/19 06:45:08 INFO spark.SecurityManager: Changing view acls groups to: 
19/06/19 06:45:08 INFO spark.SecurityManager: Changing modify acls groups to: 
19/06/19 06:45:08 INFO spark.SecurityManager: SecurityManager: authentication disabled; ui acls disabled; users  with view permissions: Set(root); groups with view permissions: Set(); users  with modify permissions: Set(root); groups with modify permissions: Set()
19/06/19 06:45:08 INFO spark.SecurityManager: Changing view acls to: root
19/06/19 06:45:08 INFO spark.SecurityManager: Changing modify acls to: root
19/06/19 06:45:08 INFO spark.SecurityManager: Changing view acls groups to: 
19/06/19 06:45:08 INFO spark.SecurityManager: Changing modify acls groups to: 
19/06/19 06:45:08 INFO spark.SecurityManager: SecurityManager: authentication disabled; ui acls disabled; users  with view permissions: Set(root); groups with view permissions: Set(); users  with modify permissions: Set(root); groups with modify permissions: Set()
19/06/19 06:45:08 INFO worker.ExecutorRunner: Launch command: "/opt/jdk1.8.0_131/jre/bin/java" "-cp" "/var/tmp/spark2.0hpcplatform/lib/firesteel-2.4.0.jar:/var/tmp/spark2.0hpcplatform/multicore/worker39/conf/:/var/tmp/spark2.0hpcplatform/multicore/worker39/assembly/target/scala-2.11/jars/*:/opt/hadoop/etc/hadoop/" "-Xmx8192M" "-Dspark.driver.port=36071" "-Dspark.rpc.netty.dispatcher.numThreads=10" "-XX:-UseBiasedLocking" "org.apache.spark.executor.CoarseGrainedExecutorBackend" "--driver-url" "spark://CoarseGrainedScheduler@mdc-ch1-cust4.mdc.ext.hpe.com:36071" "--executor-id" "51" "--hostname" "mdc-ch1-cust4" "--cores" "4" "--app-id" "app-20190619064508-0000" "--worker-url" "spark://Worker@mdc-ch1-cust4:41819"
19/06/19 06:45:08 INFO worker.ExecutorRunner: Launch command: "/opt/jdk1.8.0_131/jre/bin/java" "-cp" "/var/tmp/spark2.0hpcplatform/lib/firesteel-2.4.0.jar:/var/tmp/spark2.0hpcplatform/multicore/worker39/conf/:/var/tmp/spark2.0hpcplatform/multicore/worker39/assembly/target/scala-2.11/jars/*:/opt/hadoop/etc/hadoop/" "-Xmx8192M" "-Dspark.driver.port=36071" "-Dspark.rpc.netty.dispatcher.numThreads=10" "-XX:-UseBiasedLocking" "org.apache.spark.executor.CoarseGrainedExecutorBackend" "--driver-url" "spark://CoarseGrainedScheduler@mdc-ch1-cust4.mdc.ext.hpe.com:36071" "--executor-id" "52" "--hostname" "mdc-ch1-cust4" "--cores" "4" "--app-id" "app-20190619064508-0000" "--worker-url" "spark://Worker@mdc-ch1-cust4:41819"
19/06/19 06:45:08 INFO worker.ExecutorRunner: Launch command: "/opt/jdk1.8.0_131/jre/bin/java" "-cp" "/var/tmp/spark2.0hpcplatform/lib/firesteel-2.4.0.jar:/var/tmp/spark2.0hpcplatform/multicore/worker39/conf/:/var/tmp/spark2.0hpcplatform/multicore/worker39/assembly/target/scala-2.11/jars/*:/opt/hadoop/etc/hadoop/" "-Xmx8192M" "-Dspark.driver.port=36071" "-Dspark.rpc.netty.dispatcher.numThreads=10" "-XX:-UseBiasedLocking" "org.apache.spark.executor.CoarseGrainedExecutorBackend" "--driver-url" "spark://CoarseGrainedScheduler@mdc-ch1-cust4.mdc.ext.hpe.com:36071" "--executor-id" "53" "--hostname" "mdc-ch1-cust4" "--cores" "4" "--app-id" "app-20190619064508-0000" "--worker-url" "spark://Worker@mdc-ch1-cust4:41819"
19/06/19 06:53:10 INFO worker.Worker: Asked to kill executor app-20190619064508-0000/53
19/06/19 06:53:10 INFO worker.Worker: Asked to launch executor app-20190619064508-0000/100 for TeraSort
19/06/19 06:53:10 INFO worker.ExecutorRunner: Runner thread for executor app-20190619064508-0000/53 interrupted
19/06/19 06:53:10 INFO worker.ExecutorRunner: Killing process!
19/06/19 06:53:10 INFO spark.SecurityManager: Changing view acls to: root
19/06/19 06:53:10 INFO spark.SecurityManager: Changing modify acls to: root
19/06/19 06:53:10 INFO spark.SecurityManager: Changing view acls groups to: 
19/06/19 06:53:10 INFO spark.SecurityManager: Changing modify acls groups to: 
19/06/19 06:53:10 INFO spark.SecurityManager: SecurityManager: authentication disabled; ui acls disabled; users  with view permissions: Set(root); groups with view permissions: Set(); users  with modify permissions: Set(root); groups with modify permissions: Set()
19/06/19 06:53:11 INFO worker.ExecutorRunner: Launch command: "/opt/jdk1.8.0_131/jre/bin/java" "-cp" "/var/tmp/spark2.0hpcplatform/lib/firesteel-2.4.0.jar:/var/tmp/spark2.0hpcplatform/multicore/worker39/conf/:/var/tmp/spark2.0hpcplatform/multicore/worker39/assembly/target/scala-2.11/jars/*:/opt/hadoop/etc/hadoop/" "-Xmx8192M" "-Dspark.driver.port=36071" "-Dspark.rpc.netty.dispatcher.numThreads=10" "-XX:-UseBiasedLocking" "org.apache.spark.executor.CoarseGrainedExecutorBackend" "--driver-url" "spark://CoarseGrainedScheduler@mdc-ch1-cust4.mdc.ext.hpe.com:36071" "--executor-id" "100" "--hostname" "mdc-ch1-cust4" "--cores" "4" "--app-id" "app-20190619064508-0000" "--worker-url" "spark://Worker@mdc-ch1-cust4:41819"
19/06/19 06:53:30 WARN util.Utils: Timed out waiting to forcibly kill process
19/06/19 06:53:30 WARN worker.ExecutorRunner: Failed to terminate process: java.lang.UNIXProcess@225e4bc1. This process will likely be orphaned.
19/06/19 06:53:30 INFO worker.Worker: Executor app-20190619064508-0000/53 finished with state KILLED
19/06/19 06:53:30 INFO shuffle.ExternalShuffleBlockResolver: Clean up non-shuffle files associated with the finished executor 53
19/06/19 06:53:30 INFO shuffle.ExternalShuffleBlockResolver: Executor is not registered (appId=app-20190619064508-0000, execId=53)
19/06/19 06:54:08 INFO worker.Worker: Asked to kill executor app-20190619064508-0000/51
19/06/19 06:54:08 INFO worker.ExecutorRunner: Runner thread for executor app-20190619064508-0000/51 interrupted
19/06/19 06:54:08 INFO worker.ExecutorRunner: Killing process!
19/06/19 06:54:08 INFO worker.Worker: Asked to launch executor app-20190619064508-0000/102 for TeraSort
19/06/19 06:54:09 INFO spark.SecurityManager: Changing view acls to: root
19/06/19 06:54:09 INFO spark.SecurityManager: Changing modify acls to: root
19/06/19 06:54:09 INFO spark.SecurityManager: Changing view acls groups to: 
19/06/19 06:54:09 INFO spark.SecurityManager: Changing modify acls groups to: 
19/06/19 06:54:09 INFO spark.SecurityManager: SecurityManager: authentication disabled; ui acls disabled; users  with view permissions: Set(root); groups with view permissions: Set(); users  with modify permissions: Set(root); groups with modify permissions: Set()
19/06/19 06:54:09 INFO worker.ExecutorRunner: Launch command: "/opt/jdk1.8.0_131/jre/bin/java" "-cp" "/var/tmp/spark2.0hpcplatform/lib/firesteel-2.4.0.jar:/var/tmp/spark2.0hpcplatform/multicore/worker39/conf/:/var/tmp/spark2.0hpcplatform/multicore/worker39/assembly/target/scala-2.11/jars/*:/opt/hadoop/etc/hadoop/" "-Xmx8192M" "-Dspark.driver.port=36071" "-Dspark.rpc.netty.dispatcher.numThreads=10" "-XX:-UseBiasedLocking" "org.apache.spark.executor.CoarseGrainedExecutorBackend" "--driver-url" "spark://CoarseGrainedScheduler@mdc-ch1-cust4.mdc.ext.hpe.com:36071" "--executor-id" "102" "--hostname" "mdc-ch1-cust4" "--cores" "4" "--app-id" "app-20190619064508-0000" "--worker-url" "spark://Worker@mdc-ch1-cust4:41819"
19/06/19 06:54:28 WARN util.Utils: Timed out waiting to forcibly kill process
19/06/19 06:54:28 WARN worker.ExecutorRunner: Failed to terminate process: java.lang.UNIXProcess@7913faea. This process will likely be orphaned.
19/06/19 06:54:28 INFO worker.Worker: Executor app-20190619064508-0000/51 finished with state KILLED
19/06/19 06:54:28 INFO shuffle.ExternalShuffleBlockResolver: Clean up non-shuffle files associated with the finished executor 51
19/06/19 06:54:28 INFO shuffle.ExternalShuffleBlockResolver: Executor is not registered (appId=app-20190619064508-0000, execId=51)
19/06/19 06:54:33 INFO worker.Worker: Asked to kill executor app-20190619064508-0000/100
19/06/19 06:54:33 INFO worker.Worker: Asked to kill executor app-20190619064508-0000/52
19/06/19 06:54:33 INFO worker.ExecutorRunner: Runner thread for executor app-20190619064508-0000/100 interrupted
19/06/19 06:54:33 INFO worker.ExecutorRunner: Killing process!
19/06/19 06:54:33 INFO worker.ExecutorRunner: Runner thread for executor app-20190619064508-0000/52 interrupted
19/06/19 06:54:33 INFO worker.ExecutorRunner: Killing process!
19/06/19 06:54:33 INFO worker.Worker: Asked to kill executor app-20190619064508-0000/102
19/06/19 06:54:33 INFO worker.ExecutorRunner: Runner thread for executor app-20190619064508-0000/102 interrupted
19/06/19 06:54:33 INFO worker.ExecutorRunner: Killing process!
19/06/19 06:54:33 INFO worker.Worker: Executor app-20190619064508-0000/100 finished with state KILLED exitStatus 143
19/06/19 06:54:33 INFO shuffle.ExternalShuffleBlockResolver: Clean up non-shuffle files associated with the finished executor 100
19/06/19 06:54:33 INFO shuffle.ExternalShuffleBlockResolver: Executor is not registered (appId=app-20190619064508-0000, execId=100)
19/06/19 06:54:34 INFO worker.Worker: Executor app-20190619064508-0000/102 finished with state KILLED exitStatus 143
19/06/19 06:54:34 INFO shuffle.ExternalShuffleBlockResolver: Clean up non-shuffle files associated with the finished executor 102
19/06/19 06:54:34 INFO shuffle.ExternalShuffleBlockResolver: Executor is not registered (appId=app-20190619064508-0000, execId=102)
19/06/19 06:54:47 INFO worker.Worker: Executor app-20190619064508-0000/52 finished with state KILLED exitStatus 137
19/06/19 06:54:47 INFO shuffle.ExternalShuffleBlockResolver: Clean up non-shuffle files associated with the finished executor 52
19/06/19 06:54:47 INFO shuffle.ExternalShuffleBlockResolver: Executor is not registered (appId=app-20190619064508-0000, execId=52)
19/06/19 06:54:47 INFO shuffle.ExternalShuffleBlockResolver: Application app-20190619064508-0000 removed, cleanupLocalDirs = true
19/06/19 06:54:47 INFO worker.Worker: Cleaning up local directories for application app-20190619064508-0000
19/06/19 06:57:26 INFO worker.Worker: Asked to launch executor app-20190619065726-0001/51 for TeraSort
19/06/19 06:57:26 INFO worker.Worker: Asked to launch executor app-20190619065726-0001/52 for TeraSort
19/06/19 06:57:26 INFO spark.SecurityManager: Changing view acls to: root
19/06/19 06:57:26 INFO spark.SecurityManager: Changing modify acls to: root
19/06/19 06:57:26 INFO spark.SecurityManager: Changing view acls groups to: 
19/06/19 06:57:26 INFO spark.SecurityManager: Changing modify acls groups to: 
19/06/19 06:57:26 INFO spark.SecurityManager: SecurityManager: authentication disabled; ui acls disabled; users  with view permissions: Set(root); groups with view permissions: Set(); users  with modify permissions: Set(root); groups with modify permissions: Set()
19/06/19 06:57:26 INFO spark.SecurityManager: Changing view acls to: root
19/06/19 06:57:26 INFO spark.SecurityManager: Changing modify acls to: root
19/06/19 06:57:26 INFO spark.SecurityManager: Changing view acls groups to: 
19/06/19 06:57:26 INFO spark.SecurityManager: Changing modify acls groups to: 
19/06/19 06:57:26 INFO spark.SecurityManager: SecurityManager: authentication disabled; ui acls disabled; users  with view permissions: Set(root); groups with view permissions: Set(); users  with modify permissions: Set(root); groups with modify permissions: Set()
19/06/19 06:57:26 INFO worker.Worker: Asked to launch executor app-20190619065726-0001/53 for TeraSort
19/06/19 06:57:26 INFO spark.SecurityManager: Changing view acls to: root
19/06/19 06:57:26 INFO spark.SecurityManager: Changing modify acls to: root
19/06/19 06:57:26 INFO spark.SecurityManager: Changing view acls groups to: 
19/06/19 06:57:26 INFO spark.SecurityManager: Changing modify acls groups to: 
19/06/19 06:57:26 INFO spark.SecurityManager: SecurityManager: authentication disabled; ui acls disabled; users  with view permissions: Set(root); groups with view permissions: Set(); users  with modify permissions: Set(root); groups with modify permissions: Set()
19/06/19 06:57:26 INFO worker.ExecutorRunner: Launch command: "/opt/jdk1.8.0_131/jre/bin/java" "-cp" "/var/tmp/spark2.0hpcplatform/lib/firesteel-2.4.0.jar:/var/tmp/spark2.0hpcplatform/multicore/worker39/conf/:/var/tmp/spark2.0hpcplatform/multicore/worker39/assembly/target/scala-2.11/jars/*:/opt/hadoop/etc/hadoop/" "-Xmx8192M" "-Dspark.driver.port=45085" "-Dspark.rpc.netty.dispatcher.numThreads=10" "-XX:-UseBiasedLocking" "org.apache.spark.executor.CoarseGrainedExecutorBackend" "--driver-url" "spark://CoarseGrainedScheduler@mdc-ch1-cust4.mdc.ext.hpe.com:45085" "--executor-id" "52" "--hostname" "mdc-ch1-cust4" "--cores" "4" "--app-id" "app-20190619065726-0001" "--worker-url" "spark://Worker@mdc-ch1-cust4:41819"
19/06/19 06:57:26 INFO worker.ExecutorRunner: Launch command: "/opt/jdk1.8.0_131/jre/bin/java" "-cp" "/var/tmp/spark2.0hpcplatform/lib/firesteel-2.4.0.jar:/var/tmp/spark2.0hpcplatform/multicore/worker39/conf/:/var/tmp/spark2.0hpcplatform/multicore/worker39/assembly/target/scala-2.11/jars/*:/opt/hadoop/etc/hadoop/" "-Xmx8192M" "-Dspark.driver.port=45085" "-Dspark.rpc.netty.dispatcher.numThreads=10" "-XX:-UseBiasedLocking" "org.apache.spark.executor.CoarseGrainedExecutorBackend" "--driver-url" "spark://CoarseGrainedScheduler@mdc-ch1-cust4.mdc.ext.hpe.com:45085" "--executor-id" "51" "--hostname" "mdc-ch1-cust4" "--cores" "4" "--app-id" "app-20190619065726-0001" "--worker-url" "spark://Worker@mdc-ch1-cust4:41819"
19/06/19 06:57:26 INFO worker.ExecutorRunner: Launch command: "/opt/jdk1.8.0_131/jre/bin/java" "-cp" "/var/tmp/spark2.0hpcplatform/lib/firesteel-2.4.0.jar:/var/tmp/spark2.0hpcplatform/multicore/worker39/conf/:/var/tmp/spark2.0hpcplatform/multicore/worker39/assembly/target/scala-2.11/jars/*:/opt/hadoop/etc/hadoop/" "-Xmx8192M" "-Dspark.driver.port=45085" "-Dspark.rpc.netty.dispatcher.numThreads=10" "-XX:-UseBiasedLocking" "org.apache.spark.executor.CoarseGrainedExecutorBackend" "--driver-url" "spark://CoarseGrainedScheduler@mdc-ch1-cust4.mdc.ext.hpe.com:45085" "--executor-id" "53" "--hostname" "mdc-ch1-cust4" "--cores" "4" "--app-id" "app-20190619065726-0001" "--worker-url" "spark://Worker@mdc-ch1-cust4:41819"
19/06/19 07:06:26 INFO worker.Worker: Asked to kill executor app-20190619065726-0001/51
19/06/19 07:06:26 INFO worker.ExecutorRunner: Runner thread for executor app-20190619065726-0001/51 interrupted
19/06/19 07:06:26 INFO worker.ExecutorRunner: Killing process!
19/06/19 07:06:26 INFO worker.Worker: Asked to launch executor app-20190619065726-0001/116 for TeraSort
19/06/19 07:06:26 INFO spark.SecurityManager: Changing view acls to: root
19/06/19 07:06:26 INFO spark.SecurityManager: Changing modify acls to: root
19/06/19 07:06:26 INFO spark.SecurityManager: Changing view acls groups to: 
19/06/19 07:06:26 INFO spark.SecurityManager: Changing modify acls groups to: 
19/06/19 07:06:26 INFO spark.SecurityManager: SecurityManager: authentication disabled; ui acls disabled; users  with view permissions: Set(root); groups with view permissions: Set(); users  with modify permissions: Set(root); groups with modify permissions: Set()
19/06/19 07:06:26 INFO worker.ExecutorRunner: Launch command: "/opt/jdk1.8.0_131/jre/bin/java" "-cp" "/var/tmp/spark2.0hpcplatform/lib/firesteel-2.4.0.jar:/var/tmp/spark2.0hpcplatform/multicore/worker39/conf/:/var/tmp/spark2.0hpcplatform/multicore/worker39/assembly/target/scala-2.11/jars/*:/opt/hadoop/etc/hadoop/" "-Xmx8192M" "-Dspark.driver.port=45085" "-Dspark.rpc.netty.dispatcher.numThreads=10" "-XX:-UseBiasedLocking" "org.apache.spark.executor.CoarseGrainedExecutorBackend" "--driver-url" "spark://CoarseGrainedScheduler@mdc-ch1-cust4.mdc.ext.hpe.com:45085" "--executor-id" "116" "--hostname" "mdc-ch1-cust4" "--cores" "4" "--app-id" "app-20190619065726-0001" "--worker-url" "spark://Worker@mdc-ch1-cust4:41819"
19/06/19 07:06:41 INFO worker.Worker: Executor app-20190619065726-0001/51 finished with state KILLED exitStatus 137
19/06/19 07:06:41 INFO shuffle.ExternalShuffleBlockResolver: Clean up non-shuffle files associated with the finished executor 51
19/06/19 07:06:41 INFO shuffle.ExternalShuffleBlockResolver: Executor is not registered (appId=app-20190619065726-0001, execId=51)
19/06/19 07:11:26 INFO worker.Worker: Asked to kill executor app-20190619065726-0001/52
19/06/19 07:11:26 INFO worker.ExecutorRunner: Runner thread for executor app-20190619065726-0001/52 interrupted
19/06/19 07:11:26 INFO worker.ExecutorRunner: Killing process!
19/06/19 07:11:26 INFO worker.Worker: Asked to launch executor app-20190619065726-0001/133 for TeraSort
19/06/19 07:11:26 INFO spark.SecurityManager: Changing view acls to: root
19/06/19 07:11:26 INFO spark.SecurityManager: Changing modify acls to: root
19/06/19 07:11:26 INFO spark.SecurityManager: Changing view acls groups to: 
19/06/19 07:11:26 INFO spark.SecurityManager: Changing modify acls groups to: 
19/06/19 07:11:26 INFO spark.SecurityManager: SecurityManager: authentication disabled; ui acls disabled; users  with view permissions: Set(root); groups with view permissions: Set(); users  with modify permissions: Set(root); groups with modify permissions: Set()
19/06/19 07:11:26 INFO worker.ExecutorRunner: Launch command: "/opt/jdk1.8.0_131/jre/bin/java" "-cp" "/var/tmp/spark2.0hpcplatform/lib/firesteel-2.4.0.jar:/var/tmp/spark2.0hpcplatform/multicore/worker39/conf/:/var/tmp/spark2.0hpcplatform/multicore/worker39/assembly/target/scala-2.11/jars/*:/opt/hadoop/etc/hadoop/" "-Xmx8192M" "-Dspark.driver.port=45085" "-Dspark.rpc.netty.dispatcher.numThreads=10" "-XX:-UseBiasedLocking" "org.apache.spark.executor.CoarseGrainedExecutorBackend" "--driver-url" "spark://CoarseGrainedScheduler@mdc-ch1-cust4.mdc.ext.hpe.com:45085" "--executor-id" "133" "--hostname" "mdc-ch1-cust4" "--cores" "4" "--app-id" "app-20190619065726-0001" "--worker-url" "spark://Worker@mdc-ch1-cust4:41819"
19/06/19 07:11:37 INFO worker.Worker: Executor app-20190619065726-0001/52 finished with state KILLED exitStatus 137
19/06/19 07:11:37 INFO shuffle.ExternalShuffleBlockResolver: Clean up non-shuffle files associated with the finished executor 52
19/06/19 07:11:37 INFO shuffle.ExternalShuffleBlockResolver: Executor is not registered (appId=app-20190619065726-0001, execId=52)
19/06/19 07:16:26 INFO worker.Worker: Asked to kill executor app-20190619065726-0001/53
19/06/19 07:16:26 INFO worker.ExecutorRunner: Runner thread for executor app-20190619065726-0001/53 interrupted
19/06/19 07:16:26 INFO worker.ExecutorRunner: Killing process!
19/06/19 07:16:26 INFO worker.Worker: Asked to launch executor app-20190619065726-0001/145 for TeraSort
19/06/19 07:16:26 INFO spark.SecurityManager: Changing view acls to: root
19/06/19 07:16:26 INFO spark.SecurityManager: Changing modify acls to: root
19/06/19 07:16:26 INFO spark.SecurityManager: Changing view acls groups to: 
19/06/19 07:16:26 INFO spark.SecurityManager: Changing modify acls groups to: 
19/06/19 07:16:26 INFO spark.SecurityManager: SecurityManager: authentication disabled; ui acls disabled; users  with view permissions: Set(root); groups with view permissions: Set(); users  with modify permissions: Set(root); groups with modify permissions: Set()
19/06/19 07:16:27 INFO worker.ExecutorRunner: Launch command: "/opt/jdk1.8.0_131/jre/bin/java" "-cp" "/var/tmp/spark2.0hpcplatform/lib/firesteel-2.4.0.jar:/var/tmp/spark2.0hpcplatform/multicore/worker39/conf/:/var/tmp/spark2.0hpcplatform/multicore/worker39/assembly/target/scala-2.11/jars/*:/opt/hadoop/etc/hadoop/" "-Xmx8192M" "-Dspark.driver.port=45085" "-Dspark.rpc.netty.dispatcher.numThreads=10" "-XX:-UseBiasedLocking" "org.apache.spark.executor.CoarseGrainedExecutorBackend" "--driver-url" "spark://CoarseGrainedScheduler@mdc-ch1-cust4.mdc.ext.hpe.com:45085" "--executor-id" "145" "--hostname" "mdc-ch1-cust4" "--cores" "4" "--app-id" "app-20190619065726-0001" "--worker-url" "spark://Worker@mdc-ch1-cust4:41819"
19/06/19 07:16:46 WARN util.Utils: Timed out waiting to forcibly kill process
19/06/19 07:16:46 WARN worker.ExecutorRunner: Failed to terminate process: java.lang.UNIXProcess@784c522a. This process will likely be orphaned.
19/06/19 07:16:46 INFO worker.Worker: Executor app-20190619065726-0001/53 finished with state KILLED
19/06/19 07:16:46 INFO shuffle.ExternalShuffleBlockResolver: Clean up non-shuffle files associated with the finished executor 53
19/06/19 07:16:46 INFO shuffle.ExternalShuffleBlockResolver: Executor is not registered (appId=app-20190619065726-0001, execId=53)
19/06/19 07:36:26 INFO worker.Worker: Asked to kill executor app-20190619065726-0001/133
19/06/19 07:36:26 INFO worker.ExecutorRunner: Runner thread for executor app-20190619065726-0001/133 interrupted
19/06/19 07:36:26 INFO worker.ExecutorRunner: Killing process!
19/06/19 07:36:26 INFO worker.Worker: Asked to launch executor app-20190619065726-0001/196 for TeraSort
19/06/19 07:36:26 INFO spark.SecurityManager: Changing view acls to: root
19/06/19 07:36:26 INFO spark.SecurityManager: Changing modify acls to: root
19/06/19 07:36:26 INFO spark.SecurityManager: Changing view acls groups to: 
19/06/19 07:36:26 INFO spark.SecurityManager: Changing modify acls groups to: 
19/06/19 07:36:26 INFO spark.SecurityManager: SecurityManager: authentication disabled; ui acls disabled; users  with view permissions: Set(root); groups with view permissions: Set(); users  with modify permissions: Set(root); groups with modify permissions: Set()
19/06/19 07:36:27 INFO worker.ExecutorRunner: Launch command: "/opt/jdk1.8.0_131/jre/bin/java" "-cp" "/var/tmp/spark2.0hpcplatform/lib/firesteel-2.4.0.jar:/var/tmp/spark2.0hpcplatform/multicore/worker39/conf/:/var/tmp/spark2.0hpcplatform/multicore/worker39/assembly/target/scala-2.11/jars/*:/opt/hadoop/etc/hadoop/" "-Xmx8192M" "-Dspark.driver.port=45085" "-Dspark.rpc.netty.dispatcher.numThreads=10" "-XX:-UseBiasedLocking" "org.apache.spark.executor.CoarseGrainedExecutorBackend" "--driver-url" "spark://CoarseGrainedScheduler@mdc-ch1-cust4.mdc.ext.hpe.com:45085" "--executor-id" "196" "--hostname" "mdc-ch1-cust4" "--cores" "4" "--app-id" "app-20190619065726-0001" "--worker-url" "spark://Worker@mdc-ch1-cust4:41819"
19/06/19 07:36:41 INFO worker.Worker: Executor app-20190619065726-0001/133 finished with state KILLED exitStatus 137
19/06/19 07:36:41 INFO shuffle.ExternalShuffleBlockResolver: Clean up non-shuffle files associated with the finished executor 133
19/06/19 07:36:41 INFO shuffle.ExternalShuffleBlockResolver: Executor is not registered (appId=app-20190619065726-0001, execId=133)
19/06/19 07:41:26 INFO worker.Worker: Asked to kill executor app-20190619065726-0001/116
19/06/19 07:41:26 INFO worker.ExecutorRunner: Runner thread for executor app-20190619065726-0001/116 interrupted
19/06/19 07:41:26 INFO worker.ExecutorRunner: Killing process!
19/06/19 07:41:26 INFO worker.Worker: Asked to launch executor app-20190619065726-0001/199 for TeraSort
19/06/19 07:41:26 INFO spark.SecurityManager: Changing view acls to: root
19/06/19 07:41:26 INFO spark.SecurityManager: Changing modify acls to: root
19/06/19 07:41:26 INFO spark.SecurityManager: Changing view acls groups to: 
19/06/19 07:41:26 INFO spark.SecurityManager: Changing modify acls groups to: 
19/06/19 07:41:26 INFO spark.SecurityManager: SecurityManager: authentication disabled; ui acls disabled; users  with view permissions: Set(root); groups with view permissions: Set(); users  with modify permissions: Set(root); groups with modify permissions: Set()
19/06/19 07:41:27 INFO worker.ExecutorRunner: Launch command: "/opt/jdk1.8.0_131/jre/bin/java" "-cp" "/var/tmp/spark2.0hpcplatform/lib/firesteel-2.4.0.jar:/var/tmp/spark2.0hpcplatform/multicore/worker39/conf/:/var/tmp/spark2.0hpcplatform/multicore/worker39/assembly/target/scala-2.11/jars/*:/opt/hadoop/etc/hadoop/" "-Xmx8192M" "-Dspark.driver.port=45085" "-Dspark.rpc.netty.dispatcher.numThreads=10" "-XX:-UseBiasedLocking" "org.apache.spark.executor.CoarseGrainedExecutorBackend" "--driver-url" "spark://CoarseGrainedScheduler@mdc-ch1-cust4.mdc.ext.hpe.com:45085" "--executor-id" "199" "--hostname" "mdc-ch1-cust4" "--cores" "4" "--app-id" "app-20190619065726-0001" "--worker-url" "spark://Worker@mdc-ch1-cust4:41819"
19/06/19 07:41:46 WARN util.Utils: Timed out waiting to forcibly kill process
19/06/19 07:41:46 WARN worker.ExecutorRunner: Failed to terminate process: java.lang.UNIXProcess@6644feab. This process will likely be orphaned.
19/06/19 07:41:46 INFO worker.Worker: Executor app-20190619065726-0001/116 finished with state KILLED
19/06/19 07:41:46 INFO shuffle.ExternalShuffleBlockResolver: Clean up non-shuffle files associated with the finished executor 116
19/06/19 07:41:46 INFO shuffle.ExternalShuffleBlockResolver: Executor is not registered (appId=app-20190619065726-0001, execId=116)
19/06/19 07:42:06 INFO worker.Worker: Asked to kill executor app-20190619065726-0001/196
19/06/19 07:42:06 INFO worker.Worker: Asked to kill executor app-20190619065726-0001/199
19/06/19 07:42:06 INFO worker.ExecutorRunner: Runner thread for executor app-20190619065726-0001/196 interrupted
19/06/19 07:42:06 INFO worker.ExecutorRunner: Killing process!
19/06/19 07:42:06 INFO worker.ExecutorRunner: Runner thread for executor app-20190619065726-0001/199 interrupted
19/06/19 07:42:06 INFO worker.ExecutorRunner: Killing process!
19/06/19 07:42:06 INFO worker.Worker: Asked to kill executor app-20190619065726-0001/145
19/06/19 07:42:06 INFO worker.ExecutorRunner: Runner thread for executor app-20190619065726-0001/145 interrupted
19/06/19 07:42:06 INFO worker.ExecutorRunner: Killing process!
19/06/19 07:42:07 INFO worker.Worker: Executor app-20190619065726-0001/199 finished with state KILLED exitStatus 143
19/06/19 07:42:07 INFO shuffle.ExternalShuffleBlockResolver: Clean up non-shuffle files associated with the finished executor 199
19/06/19 07:42:07 INFO shuffle.ExternalShuffleBlockResolver: Executor is not registered (appId=app-20190619065726-0001, execId=199)
19/06/19 07:42:21 INFO worker.Worker: Executor app-20190619065726-0001/145 finished with state KILLED exitStatus 137
19/06/19 07:42:21 INFO shuffle.ExternalShuffleBlockResolver: Clean up non-shuffle files associated with the finished executor 145
19/06/19 07:42:21 INFO shuffle.ExternalShuffleBlockResolver: Executor is not registered (appId=app-20190619065726-0001, execId=145)
19/06/19 07:42:21 INFO worker.Worker: Executor app-20190619065726-0001/196 finished with state KILLED exitStatus 143
19/06/19 07:42:21 INFO shuffle.ExternalShuffleBlockResolver: Clean up non-shuffle files associated with the finished executor 196
19/06/19 07:42:21 INFO shuffle.ExternalShuffleBlockResolver: Executor is not registered (appId=app-20190619065726-0001, execId=196)
19/06/19 07:42:21 INFO shuffle.ExternalShuffleBlockResolver: Application app-20190619065726-0001 removed, cleanupLocalDirs = true
19/06/19 07:42:21 INFO worker.Worker: Cleaning up local directories for application app-20190619065726-0001
19/06/19 07:56:14 INFO worker.Worker: Asked to launch executor app-20190619075614-0002/170 for TeraSort
19/06/19 07:56:14 INFO spark.SecurityManager: Changing view acls to: root
19/06/19 07:56:14 INFO spark.SecurityManager: Changing modify acls to: root
19/06/19 07:56:14 INFO spark.SecurityManager: Changing view acls groups to: 
19/06/19 07:56:14 INFO spark.SecurityManager: Changing modify acls groups to: 
19/06/19 07:56:14 INFO spark.SecurityManager: SecurityManager: authentication disabled; ui acls disabled; users  with view permissions: Set(root); groups with view permissions: Set(); users  with modify permissions: Set(root); groups with modify permissions: Set()
19/06/19 07:56:14 INFO worker.Worker: Asked to launch executor app-20190619075614-0002/171 for TeraSort
19/06/19 07:56:14 INFO spark.SecurityManager: Changing view acls to: root
19/06/19 07:56:14 INFO spark.SecurityManager: Changing modify acls to: root
19/06/19 07:56:14 INFO spark.SecurityManager: Changing view acls groups to: 
19/06/19 07:56:14 INFO spark.SecurityManager: Changing modify acls groups to: 
19/06/19 07:56:14 INFO spark.SecurityManager: SecurityManager: authentication disabled; ui acls disabled; users  with view permissions: Set(root); groups with view permissions: Set(); users  with modify permissions: Set(root); groups with modify permissions: Set()
19/06/19 07:56:15 INFO worker.Worker: Asked to launch executor app-20190619075614-0002/172 for TeraSort
19/06/19 07:56:15 INFO worker.Worker: Asked to launch executor app-20190619075614-0002/173 for TeraSort
19/06/19 07:56:15 INFO spark.SecurityManager: Changing view acls to: root
19/06/19 07:56:15 INFO spark.SecurityManager: Changing modify acls to: root
19/06/19 07:56:15 INFO spark.SecurityManager: Changing view acls groups to: 
19/06/19 07:56:15 INFO spark.SecurityManager: Changing modify acls groups to: 
19/06/19 07:56:15 INFO spark.SecurityManager: SecurityManager: authentication disabled; ui acls disabled; users  with view permissions: Set(root); groups with view permissions: Set(); users  with modify permissions: Set(root); groups with modify permissions: Set()
19/06/19 07:56:15 INFO worker.Worker: Asked to launch executor app-20190619075614-0002/174 for TeraSort
19/06/19 07:56:15 INFO spark.SecurityManager: Changing view acls to: root
19/06/19 07:56:15 INFO spark.SecurityManager: Changing modify acls to: root
19/06/19 07:56:15 INFO spark.SecurityManager: Changing view acls groups to: 
19/06/19 07:56:15 INFO spark.SecurityManager: Changing modify acls groups to: 
19/06/19 07:56:15 INFO spark.SecurityManager: SecurityManager: authentication disabled; ui acls disabled; users  with view permissions: Set(root); groups with view permissions: Set(); users  with modify permissions: Set(root); groups with modify permissions: Set()
19/06/19 07:56:15 INFO worker.Worker: Asked to launch executor app-20190619075614-0002/175 for TeraSort
19/06/19 07:56:15 INFO spark.SecurityManager: Changing view acls to: root
19/06/19 07:56:15 INFO spark.SecurityManager: Changing modify acls to: root
19/06/19 07:56:15 INFO spark.SecurityManager: Changing view acls groups to: 
19/06/19 07:56:15 INFO spark.SecurityManager: Changing modify acls groups to: 
19/06/19 07:56:15 INFO spark.SecurityManager: SecurityManager: authentication disabled; ui acls disabled; users  with view permissions: Set(root); groups with view permissions: Set(); users  with modify permissions: Set(root); groups with modify permissions: Set()
19/06/19 07:56:15 INFO worker.Worker: Asked to launch executor app-20190619075614-0002/176 for TeraSort
19/06/19 07:56:15 INFO spark.SecurityManager: Changing view acls to: root
19/06/19 07:56:15 INFO spark.SecurityManager: Changing modify acls to: root
19/06/19 07:56:15 INFO spark.SecurityManager: Changing view acls groups to: 
19/06/19 07:56:15 INFO spark.SecurityManager: Changing modify acls groups to: 
19/06/19 07:56:15 INFO spark.SecurityManager: SecurityManager: authentication disabled; ui acls disabled; users  with view permissions: Set(root); groups with view permissions: Set(); users  with modify permissions: Set(root); groups with modify permissions: Set()
19/06/19 07:56:15 INFO worker.ExecutorRunner: Launch command: "/opt/jdk1.8.0_131/jre/bin/java" "-cp" "/var/tmp/spark2.0hpcplatform/lib/firesteel-2.4.0.jar:/var/tmp/spark2.0hpcplatform/multicore/worker39/conf/:/var/tmp/spark2.0hpcplatform/multicore/worker39/assembly/target/scala-2.11/jars/*:/opt/hadoop/etc/hadoop/" "-Xmx8192M" "-Dspark.rpc.numRetries=5" "-Dspark.driver.port=43673" "-Dspark.network.timeout=20000" "-Dspark.rpc.netty.dispatcher.numThreads=10" "-XX:-UseBiasedLocking" "org.apache.spark.executor.CoarseGrainedExecutorBackend" "--driver-url" "spark://CoarseGrainedScheduler@mdc-ch1-cust4.mdc.ext.hpe.com:43673" "--executor-id" "170" "--hostname" "mdc-ch1-cust4" "--cores" "1" "--app-id" "app-20190619075614-0002" "--worker-url" "spark://Worker@mdc-ch1-cust4:41819"
19/06/19 07:56:15 INFO spark.SecurityManager: Changing view acls to: root
19/06/19 07:56:15 INFO worker.Worker: Asked to launch executor app-20190619075614-0002/177 for TeraSort
19/06/19 07:56:15 INFO worker.Worker: Asked to launch executor app-20190619075614-0002/178 for TeraSort
19/06/19 07:56:15 INFO spark.SecurityManager: Changing view acls to: root
19/06/19 07:56:15 INFO spark.SecurityManager: Changing modify acls to: root
19/06/19 07:56:15 INFO spark.SecurityManager: Changing view acls groups to: 
19/06/19 07:56:15 INFO spark.SecurityManager: Changing modify acls groups to: 
19/06/19 07:56:15 INFO spark.SecurityManager: SecurityManager: authentication disabled; ui acls disabled; users  with view permissions: Set(root); groups with view permissions: Set(); users  with modify permissions: Set(root); groups with modify permissions: Set()
19/06/19 07:56:15 INFO worker.Worker: Asked to launch executor app-20190619075614-0002/179 for TeraSort
19/06/19 07:56:15 INFO spark.SecurityManager: Changing view acls to: root
19/06/19 07:56:15 INFO spark.SecurityManager: Changing modify acls to: root
19/06/19 07:56:15 INFO spark.SecurityManager: Changing view acls groups to: 
19/06/19 07:56:15 INFO spark.SecurityManager: Changing modify acls groups to: 
19/06/19 07:56:15 INFO spark.SecurityManager: SecurityManager: authentication disabled; ui acls disabled; users  with view permissions: Set(root); groups with view permissions: Set(); users  with modify permissions: Set(root); groups with modify permissions: Set()
19/06/19 07:56:15 INFO spark.SecurityManager: Changing view acls to: root
19/06/19 07:56:15 INFO spark.SecurityManager: Changing modify acls to: root
19/06/19 07:56:15 INFO spark.SecurityManager: Changing view acls groups to: 
19/06/19 07:56:15 INFO spark.SecurityManager: Changing modify acls groups to: 
19/06/19 07:56:15 INFO spark.SecurityManager: SecurityManager: authentication disabled; ui acls disabled; users  with view permissions: Set(root); groups with view permissions: Set(); users  with modify permissions: Set(root); groups with modify permissions: Set()
19/06/19 07:56:15 INFO spark.SecurityManager: Changing modify acls to: root
19/06/19 07:56:15 INFO spark.SecurityManager: Changing view acls groups to: 
19/06/19 07:56:15 INFO spark.SecurityManager: Changing modify acls groups to: 
19/06/19 07:56:15 INFO spark.SecurityManager: SecurityManager: authentication disabled; ui acls disabled; users  with view permissions: Set(root); groups with view permissions: Set(); users  with modify permissions: Set(root); groups with modify permissions: Set()
19/06/19 07:56:15 INFO worker.ExecutorRunner: Launch command: "/opt/jdk1.8.0_131/jre/bin/java" "-cp" "/var/tmp/spark2.0hpcplatform/lib/firesteel-2.4.0.jar:/var/tmp/spark2.0hpcplatform/multicore/worker39/conf/:/var/tmp/spark2.0hpcplatform/multicore/worker39/assembly/target/scala-2.11/jars/*:/opt/hadoop/etc/hadoop/" "-Xmx8192M" "-Dspark.rpc.numRetries=5" "-Dspark.driver.port=43673" "-Dspark.network.timeout=20000" "-Dspark.rpc.netty.dispatcher.numThreads=10" "-XX:-UseBiasedLocking" "org.apache.spark.executor.CoarseGrainedExecutorBackend" "--driver-url" "spark://CoarseGrainedScheduler@mdc-ch1-cust4.mdc.ext.hpe.com:43673" "--executor-id" "171" "--hostname" "mdc-ch1-cust4" "--cores" "1" "--app-id" "app-20190619075614-0002" "--worker-url" "spark://Worker@mdc-ch1-cust4:41819"
19/06/19 07:56:15 INFO worker.ExecutorRunner: Launch command: "/opt/jdk1.8.0_131/jre/bin/java" "-cp" "/var/tmp/spark2.0hpcplatform/lib/firesteel-2.4.0.jar:/var/tmp/spark2.0hpcplatform/multicore/worker39/conf/:/var/tmp/spark2.0hpcplatform/multicore/worker39/assembly/target/scala-2.11/jars/*:/opt/hadoop/etc/hadoop/" "-Xmx8192M" "-Dspark.rpc.numRetries=5" "-Dspark.driver.port=43673" "-Dspark.network.timeout=20000" "-Dspark.rpc.netty.dispatcher.numThreads=10" "-XX:-UseBiasedLocking" "org.apache.spark.executor.CoarseGrainedExecutorBackend" "--driver-url" "spark://CoarseGrainedScheduler@mdc-ch1-cust4.mdc.ext.hpe.com:43673" "--executor-id" "177" "--hostname" "mdc-ch1-cust4" "--cores" "1" "--app-id" "app-20190619075614-0002" "--worker-url" "spark://Worker@mdc-ch1-cust4:41819"
19/06/19 07:56:15 INFO worker.ExecutorRunner: Launch command: "/opt/jdk1.8.0_131/jre/bin/java" "-cp" "/var/tmp/spark2.0hpcplatform/lib/firesteel-2.4.0.jar:/var/tmp/spark2.0hpcplatform/multicore/worker39/conf/:/var/tmp/spark2.0hpcplatform/multicore/worker39/assembly/target/scala-2.11/jars/*:/opt/hadoop/etc/hadoop/" "-Xmx8192M" "-Dspark.rpc.numRetries=5" "-Dspark.driver.port=43673" "-Dspark.network.timeout=20000" "-Dspark.rpc.netty.dispatcher.numThreads=10" "-XX:-UseBiasedLocking" "org.apache.spark.executor.CoarseGrainedExecutorBackend" "--driver-url" "spark://CoarseGrainedScheduler@mdc-ch1-cust4.mdc.ext.hpe.com:43673" "--executor-id" "174" "--hostname" "mdc-ch1-cust4" "--cores" "1" "--app-id" "app-20190619075614-0002" "--worker-url" "spark://Worker@mdc-ch1-cust4:41819"
19/06/19 07:56:15 INFO worker.ExecutorRunner: Launch command: "/opt/jdk1.8.0_131/jre/bin/java" "-cp" "/var/tmp/spark2.0hpcplatform/lib/firesteel-2.4.0.jar:/var/tmp/spark2.0hpcplatform/multicore/worker39/conf/:/var/tmp/spark2.0hpcplatform/multicore/worker39/assembly/target/scala-2.11/jars/*:/opt/hadoop/etc/hadoop/" "-Xmx8192M" "-Dspark.rpc.numRetries=5" "-Dspark.driver.port=43673" "-Dspark.network.timeout=20000" "-Dspark.rpc.netty.dispatcher.numThreads=10" "-XX:-UseBiasedLocking" "org.apache.spark.executor.CoarseGrainedExecutorBackend" "--driver-url" "spark://CoarseGrainedScheduler@mdc-ch1-cust4.mdc.ext.hpe.com:43673" "--executor-id" "175" "--hostname" "mdc-ch1-cust4" "--cores" "1" "--app-id" "app-20190619075614-0002" "--worker-url" "spark://Worker@mdc-ch1-cust4:41819"
19/06/19 07:56:15 INFO worker.ExecutorRunner: Launch command: "/opt/jdk1.8.0_131/jre/bin/java" "-cp" "/var/tmp/spark2.0hpcplatform/lib/firesteel-2.4.0.jar:/var/tmp/spark2.0hpcplatform/multicore/worker39/conf/:/var/tmp/spark2.0hpcplatform/multicore/worker39/assembly/target/scala-2.11/jars/*:/opt/hadoop/etc/hadoop/" "-Xmx8192M" "-Dspark.rpc.numRetries=5" "-Dspark.driver.port=43673" "-Dspark.network.timeout=20000" "-Dspark.rpc.netty.dispatcher.numThreads=10" "-XX:-UseBiasedLocking" "org.apache.spark.executor.CoarseGrainedExecutorBackend" "--driver-url" "spark://CoarseGrainedScheduler@mdc-ch1-cust4.mdc.ext.hpe.com:43673" "--executor-id" "172" "--hostname" "mdc-ch1-cust4" "--cores" "1" "--app-id" "app-20190619075614-0002" "--worker-url" "spark://Worker@mdc-ch1-cust4:41819"
19/06/19 07:56:15 INFO worker.ExecutorRunner: Launch command: "/opt/jdk1.8.0_131/jre/bin/java" "-cp" "/var/tmp/spark2.0hpcplatform/lib/firesteel-2.4.0.jar:/var/tmp/spark2.0hpcplatform/multicore/worker39/conf/:/var/tmp/spark2.0hpcplatform/multicore/worker39/assembly/target/scala-2.11/jars/*:/opt/hadoop/etc/hadoop/" "-Xmx8192M" "-Dspark.rpc.numRetries=5" "-Dspark.driver.port=43673" "-Dspark.network.timeout=20000" "-Dspark.rpc.netty.dispatcher.numThreads=10" "-XX:-UseBiasedLocking" "org.apache.spark.executor.CoarseGrainedExecutorBackend" "--driver-url" "spark://CoarseGrainedScheduler@mdc-ch1-cust4.mdc.ext.hpe.com:43673" "--executor-id" "176" "--hostname" "mdc-ch1-cust4" "--cores" "1" "--app-id" "app-20190619075614-0002" "--worker-url" "spark://Worker@mdc-ch1-cust4:41819"
19/06/19 07:56:15 INFO worker.ExecutorRunner: Launch command: "/opt/jdk1.8.0_131/jre/bin/java" "-cp" "/var/tmp/spark2.0hpcplatform/lib/firesteel-2.4.0.jar:/var/tmp/spark2.0hpcplatform/multicore/worker39/conf/:/var/tmp/spark2.0hpcplatform/multicore/worker39/assembly/target/scala-2.11/jars/*:/opt/hadoop/etc/hadoop/" "-Xmx8192M" "-Dspark.rpc.numRetries=5" "-Dspark.driver.port=43673" "-Dspark.network.timeout=20000" "-Dspark.rpc.netty.dispatcher.numThreads=10" "-XX:-UseBiasedLocking" "org.apache.spark.executor.CoarseGrainedExecutorBackend" "--driver-url" "spark://CoarseGrainedScheduler@mdc-ch1-cust4.mdc.ext.hpe.com:43673" "--executor-id" "179" "--hostname" "mdc-ch1-cust4" "--cores" "1" "--app-id" "app-20190619075614-0002" "--worker-url" "spark://Worker@mdc-ch1-cust4:41819"
19/06/19 07:56:15 INFO worker.ExecutorRunner: Launch command: "/opt/jdk1.8.0_131/jre/bin/java" "-cp" "/var/tmp/spark2.0hpcplatform/lib/firesteel-2.4.0.jar:/var/tmp/spark2.0hpcplatform/multicore/worker39/conf/:/var/tmp/spark2.0hpcplatform/multicore/worker39/assembly/target/scala-2.11/jars/*:/opt/hadoop/etc/hadoop/" "-Xmx8192M" "-Dspark.rpc.numRetries=5" "-Dspark.driver.port=43673" "-Dspark.network.timeout=20000" "-Dspark.rpc.netty.dispatcher.numThreads=10" "-XX:-UseBiasedLocking" "org.apache.spark.executor.CoarseGrainedExecutorBackend" "--driver-url" "spark://CoarseGrainedScheduler@mdc-ch1-cust4.mdc.ext.hpe.com:43673" "--executor-id" "173" "--hostname" "mdc-ch1-cust4" "--cores" "1" "--app-id" "app-20190619075614-0002" "--worker-url" "spark://Worker@mdc-ch1-cust4:41819"
19/06/19 07:56:15 INFO worker.ExecutorRunner: Launch command: "/opt/jdk1.8.0_131/jre/bin/java" "-cp" "/var/tmp/spark2.0hpcplatform/lib/firesteel-2.4.0.jar:/var/tmp/spark2.0hpcplatform/multicore/worker39/conf/:/var/tmp/spark2.0hpcplatform/multicore/worker39/assembly/target/scala-2.11/jars/*:/opt/hadoop/etc/hadoop/" "-Xmx8192M" "-Dspark.rpc.numRetries=5" "-Dspark.driver.port=43673" "-Dspark.network.timeout=20000" "-Dspark.rpc.netty.dispatcher.numThreads=10" "-XX:-UseBiasedLocking" "org.apache.spark.executor.CoarseGrainedExecutorBackend" "--driver-url" "spark://CoarseGrainedScheduler@mdc-ch1-cust4.mdc.ext.hpe.com:43673" "--executor-id" "178" "--hostname" "mdc-ch1-cust4" "--cores" "1" "--app-id" "app-20190619075614-0002" "--worker-url" "spark://Worker@mdc-ch1-cust4:41819"
19/06/19 10:49:07 INFO worker.Worker: mdc-ch1-cust4:7077 Disassociated !
19/06/19 10:49:07 ERROR worker.Worker: RECEIVED SIGNAL TERM
19/06/19 10:49:07 ERROR worker.Worker: Connection to master failed! Waiting for master to reconnect...
19/06/19 10:49:07 INFO worker.Worker: mdc-ch1-cust4.mdc.ext.hpe.com:7077 Disassociated !
19/06/19 10:49:07 ERROR worker.Worker: Connection to master failed! Waiting for master to reconnect...
19/06/19 10:49:07 INFO worker.Worker: Not spawning another attempt to register with the master, since there is an attempt scheduled already.
19/06/19 10:49:07 INFO worker.Worker: Connecting to master mdc-ch1-cust4:7077...
19/06/19 10:49:08 INFO client.TransportClientFactory: Found inactive connection to mdc-ch1-cust4/10.1.1.4:7077, creating a new one.
19/06/19 10:49:09 INFO worker.ExecutorRunner: Killing process!
19/06/19 10:49:09 WARN worker.Worker: Failed to connect to master mdc-ch1-cust4:7077
org.apache.spark.SparkException: Exception thrown in awaitResult: 
	at org.apache.spark.util.ThreadUtils$.awaitResult(ThreadUtils.scala:226)
	at org.apache.spark.rpc.RpcTimeout.awaitResult(RpcTimeout.scala:75)
	at org.apache.spark.rpc.RpcEnv.setupEndpointRefByURI(RpcEnv.scala:101)
	at org.apache.spark.rpc.RpcEnv.setupEndpointRef(RpcEnv.scala:109)
	at org.apache.spark.deploy.worker.Worker$$anonfun$org$apache$spark$deploy$worker$Worker$$tryRegisterAllMasters$1$$anon$1.run(Worker.scala:253)
	at java.util.concurrent.Executors$RunnableAdapter.call(Executors.java:511)
	at java.util.concurrent.FutureTask.run(FutureTask.java:266)
	at java.util.concurrent.ThreadPoolExecutor.runWorker(ThreadPoolExecutor.java:1142)
	at java.util.concurrent.ThreadPoolExecutor$Worker.run(ThreadPoolExecutor.java:617)
	at java.lang.Thread.run(Thread.java:748)
Caused by: java.io.IOException: Failed to connect to mdc-ch1-cust4/10.1.1.4:7077
	at org.apache.spark.network.client.TransportClientFactory.createClient(TransportClientFactory.java:245)
	at org.apache.spark.network.client.TransportClientFactory.createClient(TransportClientFactory.java:187)
	at org.apache.spark.rpc.netty.NettyRpcEnv.createClient(NettyRpcEnv.scala:198)
	at org.apache.spark.rpc.netty.Outbox$$anon$1.call(Outbox.scala:194)
	at org.apache.spark.rpc.netty.Outbox$$anon$1.call(Outbox.scala:190)
	... 4 more
Caused by: io.netty.channel.AbstractChannel$AnnotatedConnectException: Connection refused: mdc-ch1-cust4/10.1.1.4:7077
	at sun.nio.ch.SocketChannelImpl.checkConnect(Native Method)
	at sun.nio.ch.SocketChannelImpl.finishConnect(SocketChannelImpl.java:717)
	at io.netty.channel.socket.nio.NioSocketChannel.doFinishConnect(NioSocketChannel.java:323)
	at io.netty.channel.nio.AbstractNioChannel$AbstractNioUnsafe.finishConnect(AbstractNioChannel.java:340)
	at io.netty.channel.nio.NioEventLoop.processSelectedKey(NioEventLoop.java:633)
	at io.netty.channel.nio.NioEventLoop.processSelectedKeysOptimized(NioEventLoop.java:580)
	at io.netty.channel.nio.NioEventLoop.processSelectedKeys(NioEventLoop.java:497)
	at io.netty.channel.nio.NioEventLoop.run(NioEventLoop.java:459)
	at io.netty.util.concurrent.SingleThreadEventExecutor$5.run(SingleThreadEventExecutor.java:858)
	at io.netty.util.concurrent.DefaultThreadFactory$DefaultRunnableDecorator.run(DefaultThreadFactory.java:138)
	... 1 more
Caused by: java.net.ConnectException: Connection refused
	... 11 more
19/06/19 10:49:13 INFO worker.Worker: Retrying connection to master (attempt # 1)
19/06/19 10:49:13 INFO worker.Worker: Connecting to master mdc-ch1-cust4.mdc.ext.hpe.com:7077...
19/06/19 10:49:15 WARN worker.Worker: Failed to connect to master mdc-ch1-cust4.mdc.ext.hpe.com:7077
org.apache.spark.SparkException: Exception thrown in awaitResult: 
	at org.apache.spark.util.ThreadUtils$.awaitResult(ThreadUtils.scala:226)
	at org.apache.spark.rpc.RpcTimeout.awaitResult(RpcTimeout.scala:75)
	at org.apache.spark.rpc.RpcEnv.setupEndpointRefByURI(RpcEnv.scala:101)
	at org.apache.spark.rpc.RpcEnv.setupEndpointRef(RpcEnv.scala:109)
	at org.apache.spark.deploy.worker.Worker$$anonfun$org$apache$spark$deploy$worker$Worker$$reregisterWithMaster$1$$anon$2.run(Worker.scala:310)
	at java.util.concurrent.Executors$RunnableAdapter.call(Executors.java:511)
	at java.util.concurrent.FutureTask.run(FutureTask.java:266)
	at java.util.concurrent.ThreadPoolExecutor.runWorker(ThreadPoolExecutor.java:1142)
	at java.util.concurrent.ThreadPoolExecutor$Worker.run(ThreadPoolExecutor.java:617)
	at java.lang.Thread.run(Thread.java:748)
Caused by: java.io.IOException: Failed to connect to mdc-ch1-cust4.mdc.ext.hpe.com/10.1.1.4:7077
	at org.apache.spark.network.client.TransportClientFactory.createClient(TransportClientFactory.java:245)
	at org.apache.spark.network.client.TransportClientFactory.createClient(TransportClientFactory.java:187)
	at org.apache.spark.rpc.netty.NettyRpcEnv.createClient(NettyRpcEnv.scala:198)
	at org.apache.spark.rpc.netty.Outbox$$anon$1.call(Outbox.scala:194)
	at org.apache.spark.rpc.netty.Outbox$$anon$1.call(Outbox.scala:190)
	... 4 more
Caused by: io.netty.channel.AbstractChannel$AnnotatedConnectException: Connection refused: mdc-ch1-cust4.mdc.ext.hpe.com/10.1.1.4:7077
	at sun.nio.ch.SocketChannelImpl.checkConnect(Native Method)
	at sun.nio.ch.SocketChannelImpl.finishConnect(SocketChannelImpl.java:717)
	at io.netty.channel.socket.nio.NioSocketChannel.doFinishConnect(NioSocketChannel.java:323)
	at io.netty.channel.nio.AbstractNioChannel$AbstractNioUnsafe.finishConnect(AbstractNioChannel.java:340)
	at io.netty.channel.nio.NioEventLoop.processSelectedKey(NioEventLoop.java:633)
	at io.netty.channel.nio.NioEventLoop.processSelectedKeysOptimized(NioEventLoop.java:580)
	at io.netty.channel.nio.NioEventLoop.processSelectedKeys(NioEventLoop.java:497)
	at io.netty.channel.nio.NioEventLoop.run(NioEventLoop.java:459)
	at io.netty.util.concurrent.SingleThreadEventExecutor$5.run(SingleThreadEventExecutor.java:858)
	at io.netty.util.concurrent.DefaultThreadFactory$DefaultRunnableDecorator.run(DefaultThreadFactory.java:138)
	... 1 more
Caused by: java.net.ConnectException: Connection refused
	... 11 more
19/06/19 10:49:19 INFO worker.Worker: Retrying connection to master (attempt # 2)
19/06/19 10:49:19 INFO worker.Worker: Connecting to master mdc-ch1-cust4.mdc.ext.hpe.com:7077...
19/06/19 10:49:20 WARN worker.Worker: Failed to connect to master mdc-ch1-cust4.mdc.ext.hpe.com:7077
org.apache.spark.SparkException: Exception thrown in awaitResult: 
	at org.apache.spark.util.ThreadUtils$.awaitResult(ThreadUtils.scala:226)
	at org.apache.spark.rpc.RpcTimeout.awaitResult(RpcTimeout.scala:75)
	at org.apache.spark.rpc.RpcEnv.setupEndpointRefByURI(RpcEnv.scala:101)
	at org.apache.spark.rpc.RpcEnv.setupEndpointRef(RpcEnv.scala:109)
	at org.apache.spark.deploy.worker.Worker$$anonfun$org$apache$spark$deploy$worker$Worker$$reregisterWithMaster$1$$anon$2.run(Worker.scala:310)
	at java.util.concurrent.Executors$RunnableAdapter.call(Executors.java:511)
	at java.util.concurrent.FutureTask.run(FutureTask.java:266)
	at java.util.concurrent.ThreadPoolExecutor.runWorker(ThreadPoolExecutor.java:1142)
	at java.util.concurrent.ThreadPoolExecutor$Worker.run(ThreadPoolExecutor.java:617)
	at java.lang.Thread.run(Thread.java:748)
Caused by: java.io.IOException: Failed to connect to mdc-ch1-cust4.mdc.ext.hpe.com/10.1.1.4:7077
	at org.apache.spark.network.client.TransportClientFactory.createClient(TransportClientFactory.java:245)
	at org.apache.spark.network.client.TransportClientFactory.createClient(TransportClientFactory.java:187)
	at org.apache.spark.rpc.netty.NettyRpcEnv.createClient(NettyRpcEnv.scala:198)
	at org.apache.spark.rpc.netty.Outbox$$anon$1.call(Outbox.scala:194)
	at org.apache.spark.rpc.netty.Outbox$$anon$1.call(Outbox.scala:190)
	... 4 more
Caused by: io.netty.channel.AbstractChannel$AnnotatedConnectException: Connection refused: mdc-ch1-cust4.mdc.ext.hpe.com/10.1.1.4:7077
	at sun.nio.ch.SocketChannelImpl.checkConnect(Native Method)
	at sun.nio.ch.SocketChannelImpl.finishConnect(SocketChannelImpl.java:717)
	at io.netty.channel.socket.nio.NioSocketChannel.doFinishConnect(NioSocketChannel.java:323)
	at io.netty.channel.nio.AbstractNioChannel$AbstractNioUnsafe.finishConnect(AbstractNioChannel.java:340)
	at io.netty.channel.nio.NioEventLoop.processSelectedKey(NioEventLoop.java:633)
	at io.netty.channel.nio.NioEventLoop.processSelectedKeysOptimized(NioEventLoop.java:580)
	at io.netty.channel.nio.NioEventLoop.processSelectedKeys(NioEventLoop.java:497)
	at io.netty.channel.nio.NioEventLoop.run(NioEventLoop.java:459)
	at io.netty.util.concurrent.SingleThreadEventExecutor$5.run(SingleThreadEventExecutor.java:858)
	at io.netty.util.concurrent.DefaultThreadFactory$DefaultRunnableDecorator.run(DefaultThreadFactory.java:138)
	... 1 more
Caused by: java.net.ConnectException: Connection refused
	... 11 more
19/06/19 10:49:25 INFO worker.Worker: Retrying connection to master (attempt # 3)
19/06/19 10:49:25 INFO worker.Worker: Connecting to master mdc-ch1-cust4.mdc.ext.hpe.com:7077...
19/06/19 10:49:26 WARN worker.Worker: Failed to connect to master mdc-ch1-cust4.mdc.ext.hpe.com:7077
org.apache.spark.SparkException: Exception thrown in awaitResult: 
	at org.apache.spark.util.ThreadUtils$.awaitResult(ThreadUtils.scala:226)
	at org.apache.spark.rpc.RpcTimeout.awaitResult(RpcTimeout.scala:75)
	at org.apache.spark.rpc.RpcEnv.setupEndpointRefByURI(RpcEnv.scala:101)
	at org.apache.spark.rpc.RpcEnv.setupEndpointRef(RpcEnv.scala:109)
	at org.apache.spark.deploy.worker.Worker$$anonfun$org$apache$spark$deploy$worker$Worker$$reregisterWithMaster$1$$anon$2.run(Worker.scala:310)
	at java.util.concurrent.Executors$RunnableAdapter.call(Executors.java:511)
	at java.util.concurrent.FutureTask.run(FutureTask.java:266)
	at java.util.concurrent.ThreadPoolExecutor.runWorker(ThreadPoolExecutor.java:1142)
	at java.util.concurrent.ThreadPoolExecutor$Worker.run(ThreadPoolExecutor.java:617)
	at java.lang.Thread.run(Thread.java:748)
Caused by: java.io.IOException: Failed to connect to mdc-ch1-cust4.mdc.ext.hpe.com/10.1.1.4:7077
	at org.apache.spark.network.client.TransportClientFactory.createClient(TransportClientFactory.java:245)
	at org.apache.spark.network.client.TransportClientFactory.createClient(TransportClientFactory.java:187)
	at org.apache.spark.rpc.netty.NettyRpcEnv.createClient(NettyRpcEnv.scala:198)
	at org.apache.spark.rpc.netty.Outbox$$anon$1.call(Outbox.scala:194)
	at org.apache.spark.rpc.netty.Outbox$$anon$1.call(Outbox.scala:190)
	... 4 more
Caused by: io.netty.channel.AbstractChannel$AnnotatedConnectException: Connection refused: mdc-ch1-cust4.mdc.ext.hpe.com/10.1.1.4:7077
	at sun.nio.ch.SocketChannelImpl.checkConnect(Native Method)
	at sun.nio.ch.SocketChannelImpl.finishConnect(SocketChannelImpl.java:717)
	at io.netty.channel.socket.nio.NioSocketChannel.doFinishConnect(NioSocketChannel.java:323)
	at io.netty.channel.nio.AbstractNioChannel$AbstractNioUnsafe.finishConnect(AbstractNioChannel.java:340)
	at io.netty.channel.nio.NioEventLoop.processSelectedKey(NioEventLoop.java:633)
	at io.netty.channel.nio.NioEventLoop.processSelectedKeysOptimized(NioEventLoop.java:580)
	at io.netty.channel.nio.NioEventLoop.processSelectedKeys(NioEventLoop.java:497)
	at io.netty.channel.nio.NioEventLoop.run(NioEventLoop.java:459)
	at io.netty.util.concurrent.SingleThreadEventExecutor$5.run(SingleThreadEventExecutor.java:858)
	at io.netty.util.concurrent.DefaultThreadFactory$DefaultRunnableDecorator.run(DefaultThreadFactory.java:138)
	... 1 more
Caused by: java.net.ConnectException: Connection refused
	... 11 more
19/06/19 10:49:29 WARN util.Utils: Timed out waiting to forcibly kill process
19/06/19 10:49:29 WARN worker.ExecutorRunner: Failed to terminate process: java.lang.UNIXProcess@1efff309. This process will likely be orphaned.
19/06/19 10:49:29 INFO worker.ExecutorRunner: Killing process!
19/06/19 10:49:31 INFO worker.Worker: Executor app-20190619075614-0002/170 finished with state FAILED message Worker shutting down
19/06/19 10:49:31 INFO shuffle.ExternalShuffleBlockResolver: Clean up non-shuffle files associated with the finished executor 170
19/06/19 10:49:31 INFO shuffle.ExternalShuffleBlockResolver: Executor is not registered (appId=app-20190619075614-0002, execId=170)
19/06/19 10:49:31 INFO worker.Worker: Retrying connection to master (attempt # 4)
19/06/19 10:49:31 INFO worker.Worker: Connecting to master mdc-ch1-cust4.mdc.ext.hpe.com:7077...
19/06/19 10:49:32 WARN worker.Worker: Failed to connect to master mdc-ch1-cust4.mdc.ext.hpe.com:7077
org.apache.spark.SparkException: Exception thrown in awaitResult: 
	at org.apache.spark.util.ThreadUtils$.awaitResult(ThreadUtils.scala:226)
	at org.apache.spark.rpc.RpcTimeout.awaitResult(RpcTimeout.scala:75)
	at org.apache.spark.rpc.RpcEnv.setupEndpointRefByURI(RpcEnv.scala:101)
	at org.apache.spark.rpc.RpcEnv.setupEndpointRef(RpcEnv.scala:109)
	at org.apache.spark.deploy.worker.Worker$$anonfun$org$apache$spark$deploy$worker$Worker$$reregisterWithMaster$1$$anon$2.run(Worker.scala:310)
	at java.util.concurrent.Executors$RunnableAdapter.call(Executors.java:511)
	at java.util.concurrent.FutureTask.run(FutureTask.java:266)
	at java.util.concurrent.ThreadPoolExecutor.runWorker(ThreadPoolExecutor.java:1142)
	at java.util.concurrent.ThreadPoolExecutor$Worker.run(ThreadPoolExecutor.java:617)
	at java.lang.Thread.run(Thread.java:748)
Caused by: java.io.IOException: Failed to connect to mdc-ch1-cust4.mdc.ext.hpe.com/10.1.1.4:7077
	at org.apache.spark.network.client.TransportClientFactory.createClient(TransportClientFactory.java:245)
	at org.apache.spark.network.client.TransportClientFactory.createClient(TransportClientFactory.java:187)
	at org.apache.spark.rpc.netty.NettyRpcEnv.createClient(NettyRpcEnv.scala:198)
	at org.apache.spark.rpc.netty.Outbox$$anon$1.call(Outbox.scala:194)
	at org.apache.spark.rpc.netty.Outbox$$anon$1.call(Outbox.scala:190)
	... 4 more
Caused by: io.netty.channel.AbstractChannel$AnnotatedConnectException: Connection refused: mdc-ch1-cust4.mdc.ext.hpe.com/10.1.1.4:7077
	at sun.nio.ch.SocketChannelImpl.checkConnect(Native Method)
	at sun.nio.ch.SocketChannelImpl.finishConnect(SocketChannelImpl.java:717)
	at io.netty.channel.socket.nio.NioSocketChannel.doFinishConnect(NioSocketChannel.java:323)
	at io.netty.channel.nio.AbstractNioChannel$AbstractNioUnsafe.finishConnect(AbstractNioChannel.java:340)
	at io.netty.channel.nio.NioEventLoop.processSelectedKey(NioEventLoop.java:633)
	at io.netty.channel.nio.NioEventLoop.processSelectedKeysOptimized(NioEventLoop.java:580)
	at io.netty.channel.nio.NioEventLoop.processSelectedKeys(NioEventLoop.java:497)
	at io.netty.channel.nio.NioEventLoop.run(NioEventLoop.java:459)
	at io.netty.util.concurrent.SingleThreadEventExecutor$5.run(SingleThreadEventExecutor.java:858)
	at io.netty.util.concurrent.DefaultThreadFactory$DefaultRunnableDecorator.run(DefaultThreadFactory.java:138)
	... 1 more
Caused by: java.net.ConnectException: Connection refused
	... 11 more
19/06/19 10:49:37 INFO worker.Worker: Retrying connection to master (attempt # 5)
19/06/19 10:49:37 INFO worker.Worker: Connecting to master mdc-ch1-cust4.mdc.ext.hpe.com:7077...
19/06/19 10:49:38 WARN worker.Worker: Failed to connect to master mdc-ch1-cust4.mdc.ext.hpe.com:7077
org.apache.spark.SparkException: Exception thrown in awaitResult: 
	at org.apache.spark.util.ThreadUtils$.awaitResult(ThreadUtils.scala:226)
	at org.apache.spark.rpc.RpcTimeout.awaitResult(RpcTimeout.scala:75)
	at org.apache.spark.rpc.RpcEnv.setupEndpointRefByURI(RpcEnv.scala:101)
	at org.apache.spark.rpc.RpcEnv.setupEndpointRef(RpcEnv.scala:109)
	at org.apache.spark.deploy.worker.Worker$$anonfun$org$apache$spark$deploy$worker$Worker$$reregisterWithMaster$1$$anon$2.run(Worker.scala:310)
	at java.util.concurrent.Executors$RunnableAdapter.call(Executors.java:511)
	at java.util.concurrent.FutureTask.run(FutureTask.java:266)
	at java.util.concurrent.ThreadPoolExecutor.runWorker(ThreadPoolExecutor.java:1142)
	at java.util.concurrent.ThreadPoolExecutor$Worker.run(ThreadPoolExecutor.java:617)
	at java.lang.Thread.run(Thread.java:748)
Caused by: java.io.IOException: Failed to connect to mdc-ch1-cust4.mdc.ext.hpe.com/10.1.1.4:7077
	at org.apache.spark.network.client.TransportClientFactory.createClient(TransportClientFactory.java:245)
	at org.apache.spark.network.client.TransportClientFactory.createClient(TransportClientFactory.java:187)
	at org.apache.spark.rpc.netty.NettyRpcEnv.createClient(NettyRpcEnv.scala:198)
	at org.apache.spark.rpc.netty.Outbox$$anon$1.call(Outbox.scala:194)
	at org.apache.spark.rpc.netty.Outbox$$anon$1.call(Outbox.scala:190)
	... 4 more
Caused by: io.netty.channel.AbstractChannel$AnnotatedConnectException: Connection refused: mdc-ch1-cust4.mdc.ext.hpe.com/10.1.1.4:7077
	at sun.nio.ch.SocketChannelImpl.checkConnect(Native Method)
	at sun.nio.ch.SocketChannelImpl.finishConnect(SocketChannelImpl.java:717)
	at io.netty.channel.socket.nio.NioSocketChannel.doFinishConnect(NioSocketChannel.java:323)
	at io.netty.channel.nio.AbstractNioChannel$AbstractNioUnsafe.finishConnect(AbstractNioChannel.java:340)
	at io.netty.channel.nio.NioEventLoop.processSelectedKey(NioEventLoop.java:633)
	at io.netty.channel.nio.NioEventLoop.processSelectedKeysOptimized(NioEventLoop.java:580)
	at io.netty.channel.nio.NioEventLoop.processSelectedKeys(NioEventLoop.java:497)
	at io.netty.channel.nio.NioEventLoop.run(NioEventLoop.java:459)
	at io.netty.util.concurrent.SingleThreadEventExecutor$5.run(SingleThreadEventExecutor.java:858)
	at io.netty.util.concurrent.DefaultThreadFactory$DefaultRunnableDecorator.run(DefaultThreadFactory.java:138)
	... 1 more
Caused by: java.net.ConnectException: Connection refused
	... 11 more
19/06/19 10:49:43 INFO worker.Worker: Retrying connection to master (attempt # 6)
19/06/19 10:49:43 INFO worker.Worker: Connecting to master mdc-ch1-cust4.mdc.ext.hpe.com:7077...
19/06/19 10:49:44 WARN worker.Worker: Failed to connect to master mdc-ch1-cust4.mdc.ext.hpe.com:7077
org.apache.spark.SparkException: Exception thrown in awaitResult: 
	at org.apache.spark.util.ThreadUtils$.awaitResult(ThreadUtils.scala:226)
	at org.apache.spark.rpc.RpcTimeout.awaitResult(RpcTimeout.scala:75)
	at org.apache.spark.rpc.RpcEnv.setupEndpointRefByURI(RpcEnv.scala:101)
	at org.apache.spark.rpc.RpcEnv.setupEndpointRef(RpcEnv.scala:109)
	at org.apache.spark.deploy.worker.Worker$$anonfun$org$apache$spark$deploy$worker$Worker$$reregisterWithMaster$1$$anon$2.run(Worker.scala:310)
	at java.util.concurrent.Executors$RunnableAdapter.call(Executors.java:511)
	at java.util.concurrent.FutureTask.run(FutureTask.java:266)
	at java.util.concurrent.ThreadPoolExecutor.runWorker(ThreadPoolExecutor.java:1142)
	at java.util.concurrent.ThreadPoolExecutor$Worker.run(ThreadPoolExecutor.java:617)
	at java.lang.Thread.run(Thread.java:748)
Caused by: java.io.IOException: Failed to connect to mdc-ch1-cust4.mdc.ext.hpe.com/10.1.1.4:7077
	at org.apache.spark.network.client.TransportClientFactory.createClient(TransportClientFactory.java:245)
	at org.apache.spark.network.client.TransportClientFactory.createClient(TransportClientFactory.java:187)
	at org.apache.spark.rpc.netty.NettyRpcEnv.createClient(NettyRpcEnv.scala:198)
	at org.apache.spark.rpc.netty.Outbox$$anon$1.call(Outbox.scala:194)
	at org.apache.spark.rpc.netty.Outbox$$anon$1.call(Outbox.scala:190)
	... 4 more
Caused by: io.netty.channel.AbstractChannel$AnnotatedConnectException: Connection refused: mdc-ch1-cust4.mdc.ext.hpe.com/10.1.1.4:7077
	at sun.nio.ch.SocketChannelImpl.checkConnect(Native Method)
	at sun.nio.ch.SocketChannelImpl.finishConnect(SocketChannelImpl.java:717)
	at io.netty.channel.socket.nio.NioSocketChannel.doFinishConnect(NioSocketChannel.java:323)
	at io.netty.channel.nio.AbstractNioChannel$AbstractNioUnsafe.finishConnect(AbstractNioChannel.java:340)
	at io.netty.channel.nio.NioEventLoop.processSelectedKey(NioEventLoop.java:633)
	at io.netty.channel.nio.NioEventLoop.processSelectedKeysOptimized(NioEventLoop.java:580)
	at io.netty.channel.nio.NioEventLoop.processSelectedKeys(NioEventLoop.java:497)
	at io.netty.channel.nio.NioEventLoop.run(NioEventLoop.java:459)
	at io.netty.util.concurrent.SingleThreadEventExecutor$5.run(SingleThreadEventExecutor.java:858)
	at io.netty.util.concurrent.DefaultThreadFactory$DefaultRunnableDecorator.run(DefaultThreadFactory.java:138)
	... 1 more
Caused by: java.net.ConnectException: Connection refused
	... 11 more
19/06/19 10:49:49 WARN util.Utils: Timed out waiting to forcibly kill process
19/06/19 10:49:49 WARN worker.ExecutorRunner: Failed to terminate process: java.lang.UNIXProcess@46603e44. This process will likely be orphaned.
19/06/19 10:49:49 INFO worker.ExecutorRunner: Killing process!
19/06/19 10:49:49 INFO worker.Worker: Executor app-20190619075614-0002/179 finished with state FAILED message Worker shutting down
19/06/19 10:49:49 INFO shuffle.ExternalShuffleBlockResolver: Clean up non-shuffle files associated with the finished executor 179
19/06/19 10:49:49 INFO shuffle.ExternalShuffleBlockResolver: Executor is not registered (appId=app-20190619075614-0002, execId=179)
19/06/19 10:50:09 INFO worker.Worker: Unknown Executor app-20190619075614-0002/170 finished with state EXITED message Command exited with code 143 exitStatus 143
19/06/19 10:50:09 WARN util.Utils: Timed out waiting to forcibly kill process
19/06/19 10:50:09 WARN worker.ExecutorRunner: Failed to terminate process: java.lang.UNIXProcess@696f5d7f. This process will likely be orphaned.
19/06/19 10:50:09 INFO worker.ExecutorRunner: Killing process!
19/06/19 10:50:09 INFO worker.Worker: Executor app-20190619075614-0002/178 finished with state FAILED message Worker shutting down
19/06/19 10:50:09 INFO shuffle.ExternalShuffleBlockResolver: Clean up non-shuffle files associated with the finished executor 178
19/06/19 10:50:09 INFO shuffle.ExternalShuffleBlockResolver: Executor is not registered (appId=app-20190619075614-0002, execId=178)
19/06/19 10:50:11 INFO worker.Worker: Executor app-20190619075614-0002/173 finished with state EXITED message Command exited with code 143 exitStatus 143
19/06/19 10:50:11 INFO shuffle.ExternalShuffleBlockResolver: Clean up non-shuffle files associated with the finished executor 173
19/06/19 10:50:11 INFO shuffle.ExternalShuffleBlockResolver: Executor is not registered (appId=app-20190619075614-0002, execId=173)
19/06/19 10:50:18 INFO worker.Worker: Executor app-20190619075614-0002/171 finished with state EXITED message Command exited with code 143 exitStatus 143
19/06/19 10:50:18 INFO shuffle.ExternalShuffleBlockResolver: Clean up non-shuffle files associated with the finished executor 171
19/06/19 10:50:18 INFO shuffle.ExternalShuffleBlockResolver: Executor is not registered (appId=app-20190619075614-0002, execId=171)
19/06/19 10:50:19 INFO worker.Worker: Unknown Executor app-20190619075614-0002/179 finished with state EXITED message Command exited with code 143 exitStatus 143
19/06/19 10:50:19 INFO worker.Worker: Unknown Executor app-20190619075614-0002/178 finished with state EXITED message Command exited with code 143 exitStatus 143
19/06/19 10:50:21 INFO worker.Worker: Retrying connection to master (attempt # 7)
19/06/19 10:50:21 INFO worker.Worker: Connecting to master mdc-ch1-cust4.mdc.ext.hpe.com:7077...
19/06/19 10:50:22 WARN worker.Worker: Failed to connect to master mdc-ch1-cust4.mdc.ext.hpe.com:7077
org.apache.spark.SparkException: Exception thrown in awaitResult: 
	at org.apache.spark.util.ThreadUtils$.awaitResult(ThreadUtils.scala:226)
	at org.apache.spark.rpc.RpcTimeout.awaitResult(RpcTimeout.scala:75)
	at org.apache.spark.rpc.RpcEnv.setupEndpointRefByURI(RpcEnv.scala:101)
	at org.apache.spark.rpc.RpcEnv.setupEndpointRef(RpcEnv.scala:109)
	at org.apache.spark.deploy.worker.Worker$$anonfun$org$apache$spark$deploy$worker$Worker$$reregisterWithMaster$1$$anon$2.run(Worker.scala:310)
	at java.util.concurrent.Executors$RunnableAdapter.call(Executors.java:511)
	at java.util.concurrent.FutureTask.run(FutureTask.java:266)
	at java.util.concurrent.ThreadPoolExecutor.runWorker(ThreadPoolExecutor.java:1142)
	at java.util.concurrent.ThreadPoolExecutor$Worker.run(ThreadPoolExecutor.java:617)
	at java.lang.Thread.run(Thread.java:748)
Caused by: java.io.IOException: Failed to connect to mdc-ch1-cust4.mdc.ext.hpe.com/10.1.1.4:7077
	at org.apache.spark.network.client.TransportClientFactory.createClient(TransportClientFactory.java:245)
	at org.apache.spark.network.client.TransportClientFactory.createClient(TransportClientFactory.java:187)
	at org.apache.spark.rpc.netty.NettyRpcEnv.createClient(NettyRpcEnv.scala:198)
	at org.apache.spark.rpc.netty.Outbox$$anon$1.call(Outbox.scala:194)
	at org.apache.spark.rpc.netty.Outbox$$anon$1.call(Outbox.scala:190)
	... 4 more
Caused by: io.netty.channel.AbstractChannel$AnnotatedConnectException: Connection refused: mdc-ch1-cust4.mdc.ext.hpe.com/10.1.1.4:7077
	at sun.nio.ch.SocketChannelImpl.checkConnect(Native Method)
	at sun.nio.ch.SocketChannelImpl.finishConnect(SocketChannelImpl.java:717)
	at io.netty.channel.socket.nio.NioSocketChannel.doFinishConnect(NioSocketChannel.java:323)
	at io.netty.channel.nio.AbstractNioChannel$AbstractNioUnsafe.finishConnect(AbstractNioChannel.java:340)
	at io.netty.channel.nio.NioEventLoop.processSelectedKey(NioEventLoop.java:633)
	at io.netty.channel.nio.NioEventLoop.processSelectedKeysOptimized(NioEventLoop.java:580)
	at io.netty.channel.nio.NioEventLoop.processSelectedKeys(NioEventLoop.java:497)
	at io.netty.channel.nio.NioEventLoop.run(NioEventLoop.java:459)
	at io.netty.util.concurrent.SingleThreadEventExecutor$5.run(SingleThreadEventExecutor.java:858)
	at io.netty.util.concurrent.DefaultThreadFactory$DefaultRunnableDecorator.run(DefaultThreadFactory.java:138)
	... 1 more
Caused by: java.net.ConnectException: Connection refused
	... 11 more
19/06/19 10:50:23 INFO worker.ExecutorRunner: Killing process!
19/06/19 10:50:23 INFO worker.Worker: Executor app-20190619075614-0002/177 finished with state FAILED message Worker shutting down exitStatus 143
19/06/19 10:50:23 INFO shuffle.ExternalShuffleBlockResolver: Clean up non-shuffle files associated with the finished executor 177
19/06/19 10:50:23 INFO shuffle.ExternalShuffleBlockResolver: Executor is not registered (appId=app-20190619075614-0002, execId=177)
19/06/19 10:50:23 INFO worker.Worker: Unknown Executor app-20190619075614-0002/177 finished with state EXITED message Command exited with code 143 exitStatus 143
19/06/19 10:50:25 INFO worker.ExecutorRunner: Killing process!
19/06/19 10:50:25 INFO worker.Worker: Executor app-20190619075614-0002/172 finished with state FAILED message Worker shutting down exitStatus 143
19/06/19 10:50:25 INFO shuffle.ExternalShuffleBlockResolver: Clean up non-shuffle files associated with the finished executor 172
19/06/19 10:50:25 INFO shuffle.ExternalShuffleBlockResolver: Executor is not registered (appId=app-20190619075614-0002, execId=172)
19/06/19 10:50:25 INFO worker.Worker: Unknown Executor app-20190619075614-0002/172 finished with state EXITED message Command exited with code 143 exitStatus 143
19/06/19 10:50:25 INFO worker.Worker: Executor app-20190619075614-0002/174 finished with state EXITED message Command exited with code 143 exitStatus 143
19/06/19 10:50:25 INFO shuffle.ExternalShuffleBlockResolver: Clean up non-shuffle files associated with the finished executor 174
19/06/19 10:50:25 INFO shuffle.ExternalShuffleBlockResolver: Executor is not registered (appId=app-20190619075614-0002, execId=174)
19/06/19 10:50:45 WARN util.Utils: Timed out waiting to forcibly kill process
19/06/19 10:50:45 WARN worker.ExecutorRunner: Failed to terminate process: java.lang.UNIXProcess@64fd584d. This process will likely be orphaned.
19/06/19 10:50:45 INFO worker.ExecutorRunner: Killing process!
19/06/19 10:50:45 INFO worker.Worker: Executor app-20190619075614-0002/175 finished with state FAILED message Worker shutting down
19/06/19 10:50:45 INFO worker.ExecutorRunner: Killing process!
19/06/19 10:50:45 INFO shuffle.ExternalShuffleBlockResolver: Clean up non-shuffle files associated with the finished executor 175
19/06/19 10:50:45 INFO shuffle.ExternalShuffleBlockResolver: Executor is not registered (appId=app-20190619075614-0002, execId=175)
19/06/19 10:50:45 INFO worker.ExecutorRunner: Killing process!
19/06/19 10:50:45 INFO worker.Worker: Unknown Executor app-20190619075614-0002/174 finished with state EXITED message Worker shutting down exitStatus 143
19/06/19 10:50:45 INFO worker.Worker: Unknown Executor app-20190619075614-0002/173 finished with state EXITED message Worker shutting down exitStatus 143
19/06/19 10:50:47 INFO worker.Worker: Unknown Executor app-20190619075614-0002/175 finished with state EXITED message Command exited with code 137 exitStatus 137
19/06/19 10:50:58 INFO worker.ExecutorRunner: Killing process!
19/06/19 10:50:58 INFO util.ShutdownHookManager: Shutdown hook called
19/06/19 10:50:58 INFO util.ShutdownHookManager: Deleting directory /data/spark-ff11405d-13ec-437f-93e7-8205d90d1313
19/06/19 10:50:58 INFO worker.Worker: Executor app-20190619075614-0002/176 finished with state FAILED message Worker shutting down exitStatus 137
19/06/19 10:50:58 INFO shuffle.ExternalShuffleBlockResolver: Clean up non-shuffle files associated with the finished executor 176
19/06/19 10:50:58 INFO shuffle.ExternalShuffleBlockResolver: Executor is not registered (appId=app-20190619075614-0002, execId=176)
19/06/19 10:50:58 INFO worker.Worker: Unknown Executor app-20190619075614-0002/171 finished with state EXITED message Worker shutting down exitStatus 143
19/06/19 10:50:58 INFO worker.Worker: Unknown Executor app-20190619075614-0002/176 finished with state EXITED message Command exited with code 137 exitStatus 137
19/06/19 10:50:59 INFO worker.Worker: Retrying connection to master (attempt # 8)
19/06/19 10:50:59 INFO worker.Worker: Connecting to master mdc-ch1-cust4.mdc.ext.hpe.com:7077...
19/06/19 10:50:59 WARN worker.Worker: Failed to connect to master mdc-ch1-cust4.mdc.ext.hpe.com:7077
org.apache.spark.SparkException: Exception thrown in awaitResult: 
	at org.apache.spark.util.ThreadUtils$.awaitResult(ThreadUtils.scala:226)
	at org.apache.spark.rpc.RpcTimeout.awaitResult(RpcTimeout.scala:75)
	at org.apache.spark.rpc.RpcEnv.setupEndpointRefByURI(RpcEnv.scala:101)
	at org.apache.spark.rpc.RpcEnv.setupEndpointRef(RpcEnv.scala:109)
	at org.apache.spark.deploy.worker.Worker$$anonfun$org$apache$spark$deploy$worker$Worker$$reregisterWithMaster$1$$anon$2.run(Worker.scala:310)
	at java.util.concurrent.Executors$RunnableAdapter.call(Executors.java:511)
	at java.util.concurrent.FutureTask.run(FutureTask.java:266)
	at java.util.concurrent.ThreadPoolExecutor.runWorker(ThreadPoolExecutor.java:1142)
	at java.util.concurrent.ThreadPoolExecutor$Worker.run(ThreadPoolExecutor.java:617)
	at java.lang.Thread.run(Thread.java:748)
Caused by: java.io.IOException: Failed to connect to mdc-ch1-cust4.mdc.ext.hpe.com/10.1.1.4:7077
	at org.apache.spark.network.client.TransportClientFactory.createClient(TransportClientFactory.java:245)
	at org.apache.spark.network.client.TransportClientFactory.createClient(TransportClientFactory.java:187)
	at org.apache.spark.rpc.netty.NettyRpcEnv.createClient(NettyRpcEnv.scala:198)
	at org.apache.spark.rpc.netty.Outbox$$anon$1.call(Outbox.scala:194)
	at org.apache.spark.rpc.netty.Outbox$$anon$1.call(Outbox.scala:190)
	... 4 more
Caused by: io.netty.channel.AbstractChannel$AnnotatedConnectException: Connection refused: mdc-ch1-cust4.mdc.ext.hpe.com/10.1.1.4:7077
	at sun.nio.ch.SocketChannelImpl.checkConnect(Native Method)
	at sun.nio.ch.SocketChannelImpl.finishConnect(SocketChannelImpl.java:717)
	at io.netty.channel.socket.nio.NioSocketChannel.doFinishConnect(NioSocketChannel.java:323)
	at io.netty.channel.nio.AbstractNioChannel$AbstractNioUnsafe.finishConnect(AbstractNioChannel.java:340)
	at io.netty.channel.nio.NioEventLoop.processSelectedKey(NioEventLoop.java:633)
	at io.netty.channel.nio.NioEventLoop.processSelectedKeysOptimized(NioEventLoop.java:580)
	at io.netty.channel.nio.NioEventLoop.processSelectedKeys(NioEventLoop.java:497)
	at io.netty.channel.nio.NioEventLoop.run(NioEventLoop.java:459)
	at io.netty.util.concurrent.SingleThreadEventExecutor$5.run(SingleThreadEventExecutor.java:858)
	at io.netty.util.concurrent.DefaultThreadFactory$DefaultRunnableDecorator.run(DefaultThreadFactory.java:138)
	... 1 more
Caused by: java.net.ConnectException: Connection refused
	... 11 more
