0000001 | T.0x00007f076c7ef700 | 2019-06-21, 02:20:16.453941 [info] - (/home/ghosdebd/sparkle/alps/src/globalheap/globalheap_internal.cc, 153) Open heap path: /lfs/spark_global0 
0000002 | T.0x00007f076c7ef700 | 2019-06-21, 02:20:16.454762 [info] - (/home/ghosdebd/sparkle/alps/src/pegasus/lfs_region_file.cc, 64) Open LFS region file path: "/lfs/spark_global0" flags: O_RDWR
0000004 | T.0x00007f076c7ef700 | 2019-06-21, 02:20:16.458384 [info] - (/home/ghosdebd/sparkle/alps/src/pegasus/segmap.cc, 39) map region  base_addr: 0x7e8618000000 size: 549755813888 addr_range: 0x7e8618000000--7f0618000000
0000005 | T.0x00007f076c7ef700 | 2019-06-21, 02:20:16.458448 [info] - (/home/ghosdebd/sparkle/alps/src/globalheap/globalheap_internal.cc, 158) Opened heap path: /lfs/spark_global0  size: 549755813888
0000006 | T.0x00007f076c7ef700 | 2019-06-21, 02:20:17.272686 [info] - (/home/ghosdebd/sparkle/alps/src/globalheap/globalheap_internal.cc, 380) Allocate block size: 412
0000007 | T.0x00007f0764bfa700 | 2019-06-21, 02:20:17.272728 [info] - (/home/ghosdebd/sparkle/alps/src/globalheap/globalheap_internal.cc, 380) Allocate block size: 412
0000008 | T.0x00007f076c7ef700 | 2019-06-21, 02:20:17.272776 [info] - (/home/ghosdebd/sparkle/alps/src/globalheap/globalheap_internal.cc, 400) Allocate block size: 412 ig: 0
0000009 | T.0x00007f0764bfa700 | 2019-06-21, 02:20:17.272829 [info] - (/home/ghosdebd/sparkle/alps/src/globalheap/globalheap_internal.cc, 400) Allocate block size: 412 ig: 0
0000010 | T.0x00007f076c7ef700 | 2019-06-21, 02:20:17.273106 [info] - (/home/ghosdebd/sparkle/alps/src/globalheap/memattrib_heap.cc, 59) Allocate block size: 412
0000011 | T.0x00007f0764bfa700 | 2019-06-21, 02:20:17.273113 [info] - (/home/ghosdebd/sparkle/alps/src/globalheap/memattrib_heap.cc, 59) Allocate block size: 412
0000012 | T.0x00007f076c7ef700 | 2019-06-21, 02:20:17.273147 [info] - (/home/ghosdebd/sparkle/alps/src/globalheap/process_slab_heap.cc, 30) acquire_slab
0000013 | T.0x00007f076c7ef700 | 2019-06-21, 02:20:17.273180 [info] - (/home/ghosdebd/sparkle/alps/src/globalheap/process_slab_heap.cc, 33) acquire_slab: locked
0000014 | T.0x00007f076c7ef700 | 2019-06-21, 02:20:17.273186 [info] - (/home/ghosdebd/sparkle/alps/src/globalheap/extentheap.hh, 116) malloc
0000015 | T.0x00007f076c7ef700 | 2019-06-21, 02:20:17.273422 [info] - (/home/ghosdebd/sparkle/alps/src/globalheap/zone.hh, 40) NVZONE: 0x7ecc18000400
0000016 | T.0x00007f076c7ef700 | 2019-06-21, 02:20:17.273438 [info] - (/home/ghosdebd/sparkle/alps/src/globalheap/zone.hh, 41) NVZONE: ID: 35
0000017 | T.0x00007f076c7ef700 | 2019-06-21, 02:20:17.275116 [info] - (/home/ghosdebd/sparkle/alps/src/globalheap/extentmap.cc, 88) INSERT: (0, 32766)
0000018 | T.0x00007f076c7ef700 | 2019-06-21, 02:20:17.275142 [info] - (/home/ghosdebd/sparkle/alps/src/globalheap/zone_heap.hh, 153) Acquired zone: 35
0000019 | T.0x00007f076c7ef700 | 2019-06-21, 02:20:17.275147 [info] - (/home/ghosdebd/sparkle/alps/src/globalheap/zone.hh, 72) Enumerate zone: 35
0000020 | T.0x00007f076c7ef700 | 2019-06-21, 02:20:17.276660 [info] - (/home/ghosdebd/sparkle/alps/src/globalheap/extentheap.hh, 116) malloc
0000021 | T.0x00007f076c7ef700 | 2019-06-21, 02:20:17.276672 [info] - (/home/ghosdebd/sparkle/alps/src/globalheap/extentmap.cc, 88) INSERT: (1, 32765)
0000022 | T.0x00007f076c7ef700 | 2019-06-21, 02:20:17.276677 [info] - (/home/ghosdebd/sparkle/alps/src/globalheap/zone.cc, 48) Allocated zone_id: 35 extent: (0, 1) 0x7ecc180404c8
0000023 | T.0x00007f076c7ef700 | 2019-06-21, 02:20:17.276713 [info] - (/home/ghosdebd/sparkle/alps/src/globalheap/process_slab_heap.cc, 50) acquire_slab: unlock 2
0000024 | T.0x00007f076c7ef700 | 2019-06-21, 02:20:17.276723 [info] - (/home/ghosdebd/sparkle/alps/src/globalheap/slab.cc, 56) Allocate block: nvslab: (0xbeef, 0x46000404c8) block: 0
0000025 | T.0x00007f076c7ef700 | 2019-06-21, 02:20:17.276728 [info] - (/home/ghosdebd/sparkle/alps/src/globalheap/slab_heap.cc, 40) Allocate block: new_fullness: 0 old_fullness: 0
0000026 | T.0x00007f076c7ef700 | 2019-06-21, 02:20:17.276739 [info] - (/home/ghosdebd/sparkle/alps/src/globalheap/globalheap_internal.cc, 391) Allocated block ptr: (0xbeef, 0x4600040548) size: 412
0000027 | T.0x00007f0764bfa700 | 2019-06-21, 02:20:17.276765 [info] - (/home/ghosdebd/sparkle/alps/src/globalheap/slab.cc, 56) Allocate block: nvslab: (0xbeef, 0x46000404c8) block: 1
0000028 | T.0x00007f076c7ef700 | 2019-06-21, 02:20:17.276783 [info] - (/home/ghosdebd/sparkle/alps/src/globalheap/globalheap_internal.cc, 380) Allocate block size: 30
0000029 | T.0x00007f0764bfa700 | 2019-06-21, 02:20:17.276797 [info] - (/home/ghosdebd/sparkle/alps/src/globalheap/slab_heap.cc, 40) Allocate block: new_fullness: 0 old_fullness: 0
0000030 | T.0x00007f076c7ef700 | 2019-06-21, 02:20:17.276813 [info] - (/home/ghosdebd/sparkle/alps/src/globalheap/globalheap_internal.cc, 400) Allocate block size: 30 ig: 0
0000031 | T.0x00007f0764bfa700 | 2019-06-21, 02:20:17.276832 [info] - (/home/ghosdebd/sparkle/alps/src/globalheap/globalheap_internal.cc, 391) Allocated block ptr: (0xbeef, 0x46000406e8) size: 412
0000032 | T.0x00007f076c7ef700 | 2019-06-21, 02:20:17.276848 [info] - (/home/ghosdebd/sparkle/alps/src/globalheap/memattrib_heap.cc, 59) Allocate block size: 30
0000033 | T.0x00007f076c7ef700 | 2019-06-21, 02:20:17.276878 [info] - (/home/ghosdebd/sparkle/alps/src/globalheap/process_slab_heap.cc, 30) acquire_slab
0000034 | T.0x00007f076c7ef700 | 2019-06-21, 02:20:17.276882 [info] - (/home/ghosdebd/sparkle/alps/src/globalheap/process_slab_heap.cc, 33) acquire_slab: locked
0000035 | T.0x00007f076c7ef700 | 2019-06-21, 02:20:17.276887 [info] - (/home/ghosdebd/sparkle/alps/src/globalheap/extentheap.hh, 116) malloc
0000036 | T.0x00007f0764bfa700 | 2019-06-21, 02:20:17.276889 [info] - (/home/ghosdebd/sparkle/alps/src/globalheap/globalheap_internal.cc, 380) Allocate block size: 30
0000037 | T.0x00007f076c7ef700 | 2019-06-21, 02:20:17.276896 [info] - (/home/ghosdebd/sparkle/alps/src/globalheap/extentmap.cc, 88) INSERT: (2, 32764)
0000038 | T.0x00007f0764bfa700 | 2019-06-21, 02:20:17.276915 [info] - (/home/ghosdebd/sparkle/alps/src/globalheap/globalheap_internal.cc, 400) Allocate block size: 30 ig: 0
0000039 | T.0x00007f076c7ef700 | 2019-06-21, 02:20:17.276930 [info] - (/home/ghosdebd/sparkle/alps/src/globalheap/zone.cc, 48) Allocated zone_id: 35 extent: (1, 1) 0x7ecc180804c8
0000040 | T.0x00007f0764bfa700 | 2019-06-21, 02:20:17.276952 [info] - (/home/ghosdebd/sparkle/alps/src/globalheap/memattrib_heap.cc, 59) Allocate block size: 30
0000041 | T.0x00007f076c7ef700 | 2019-06-21, 02:20:17.277215 [info] - (/home/ghosdebd/sparkle/alps/src/globalheap/process_slab_heap.cc, 50) acquire_slab: unlock 2
0000042 | T.0x00007f076c7ef700 | 2019-06-21, 02:20:17.277231 [info] - (/home/ghosdebd/sparkle/alps/src/globalheap/slab.cc, 56) Allocate block: nvslab: (0xbeef, 0x46000804c8) block: 0
0000043 | T.0x00007f076c7ef700 | 2019-06-21, 02:20:17.277236 [info] - (/home/ghosdebd/sparkle/alps/src/globalheap/slab_heap.cc, 40) Allocate block: new_fullness: 0 old_fullness: 0
0000044 | T.0x00007f076c7ef700 | 2019-06-21, 02:20:17.277245 [info] - (/home/ghosdebd/sparkle/alps/src/globalheap/globalheap_internal.cc, 391) Allocated block ptr: (0xbeef, 0x4600080908) size: 30
0000045 | T.0x00007f076c7ef700 | 2019-06-21, 02:20:17.277252 [info] - (/home/ghosdebd/sparkle/alps/src/globalheap/globalheap_internal.cc, 380) Allocate block size: 30
0000046 | T.0x00007f076c7ef700 | 2019-06-21, 02:20:17.277256 [info] - (/home/ghosdebd/sparkle/alps/src/globalheap/globalheap_internal.cc, 400) Allocate block size: 30 ig: 0
0000047 | T.0x00007f076c7ef700 | 2019-06-21, 02:20:17.277261 [info] - (/home/ghosdebd/sparkle/alps/src/globalheap/memattrib_heap.cc, 59) Allocate block size: 30
0000048 | T.0x00007f0764bfa700 | 2019-06-21, 02:20:17.277276 [info] - (/home/ghosdebd/sparkle/alps/src/globalheap/slab.cc, 56) Allocate block: nvslab: (0xbeef, 0x46000804c8) block: 1
0000049 | T.0x00007f0764bfa700 | 2019-06-21, 02:20:17.277295 [info] - (/home/ghosdebd/sparkle/alps/src/globalheap/slab_heap.cc, 40) Allocate block: new_fullness: 0 old_fullness: 0
0000050 | T.0x00007f0764bfa700 | 2019-06-21, 02:20:17.277308 [info] - (/home/ghosdebd/sparkle/alps/src/globalheap/globalheap_internal.cc, 391) Allocated block ptr: (0xbeef, 0x4600080928) size: 30
0000051 | T.0x00007f076c7ef700 | 2019-06-21, 02:20:17.277315 [info] - (/home/ghosdebd/sparkle/alps/src/globalheap/slab.cc, 56) Allocate block: nvslab: (0xbeef, 0x46000804c8) block: 2
0000052 | T.0x00007f0764bfa700 | 2019-06-21, 02:20:17.277422 [info] - (/home/ghosdebd/sparkle/alps/src/globalheap/globalheap_internal.cc, 380) Allocate block size: 30
0000053 | T.0x00007f076c7ef700 | 2019-06-21, 02:20:17.277439 [info] - (/home/ghosdebd/sparkle/alps/src/globalheap/slab_heap.cc, 40) Allocate block: new_fullness: 0 old_fullness: 0
0000054 | T.0x00007f0764bfa700 | 2019-06-21, 02:20:17.277456 [info] - (/home/ghosdebd/sparkle/alps/src/globalheap/globalheap_internal.cc, 400) Allocate block size: 30 ig: 0
0000055 | T.0x00007f076c7ef700 | 2019-06-21, 02:20:17.277474 [info] - (/home/ghosdebd/sparkle/alps/src/globalheap/globalheap_internal.cc, 391) Allocated block ptr: (0xbeef, 0x4600080948) size: 30
0000056 | T.0x00007f0764bfa700 | 2019-06-21, 02:20:17.277490 [info] - (/home/ghosdebd/sparkle/alps/src/globalheap/memattrib_heap.cc, 59) Allocate block size: 30
0000057 | T.0x00007f076c7ef700 | 2019-06-21, 02:20:17.277505 [info] - (/home/ghosdebd/sparkle/alps/src/globalheap/globalheap_internal.cc, 380) Allocate block size: 30
0000058 | T.0x00007f0764bfa700 | 2019-06-21, 02:20:17.277526 [info] - (/home/ghosdebd/sparkle/alps/src/globalheap/slab.cc, 56) Allocate block: nvslab: (0xbeef, 0x46000804c8) block: 3
0000059 | T.0x00007f076c7ef700 | 2019-06-21, 02:20:17.277539 [info] - (/home/ghosdebd/sparkle/alps/src/globalheap/globalheap_internal.cc, 400) Allocate block size: 30 ig: 0
0000060 | T.0x00007f0764bfa700 | 2019-06-21, 02:20:17.277563 [info] - (/home/ghosdebd/sparkle/alps/src/globalheap/slab_heap.cc, 40) Allocate block: new_fullness: 0 old_fullness: 0
0000061 | T.0x00007f076c7ef700 | 2019-06-21, 02:20:17.277570 [info] - (/home/ghosdebd/sparkle/alps/src/globalheap/memattrib_heap.cc, 59) Allocate block size: 30
0000062 | T.0x00007f0764bfa700 | 2019-06-21, 02:20:17.277584 [info] - (/home/ghosdebd/sparkle/alps/src/globalheap/globalheap_internal.cc, 391) Allocated block ptr: (0xbeef, 0x4600080968) size: 30
0000063 | T.0x00007f076c7ef700 | 2019-06-21, 02:20:17.277600 [info] - (/home/ghosdebd/sparkle/alps/src/globalheap/slab.cc, 56) Allocate block: nvslab: (0xbeef, 0x46000804c8) block: 4
0000064 | T.0x00007f0764bfa700 | 2019-06-21, 02:20:17.277617 [info] - (/home/ghosdebd/sparkle/alps/src/globalheap/globalheap_internal.cc, 380) Allocate block size: 30
0000065 | T.0x00007f076c7ef700 | 2019-06-21, 02:20:17.277633 [info] - (/home/ghosdebd/sparkle/alps/src/globalheap/slab_heap.cc, 40) Allocate block: new_fullness: 0 old_fullness: 0
0000066 | T.0x00007f0764bfa700 | 2019-06-21, 02:20:17.277650 [info] - (/home/ghosdebd/sparkle/alps/src/globalheap/globalheap_internal.cc, 400) Allocate block size: 30 ig: 0
0000067 | T.0x00007f076c7ef700 | 2019-06-21, 02:20:17.277667 [info] - (/home/ghosdebd/sparkle/alps/src/globalheap/globalheap_internal.cc, 391) Allocated block ptr: (0xbeef, 0x4600080988) size: 30
0000068 | T.0x00007f0764bfa700 | 2019-06-21, 02:20:17.277685 [info] - (/home/ghosdebd/sparkle/alps/src/globalheap/memattrib_heap.cc, 59) Allocate block size: 30
0000069 | T.0x00007f076c7ef700 | 2019-06-21, 02:20:17.277701 [info] - (/home/ghosdebd/sparkle/alps/src/globalheap/globalheap_internal.cc, 380) Allocate block size: 30
0000070 | T.0x00007f0764bfa700 | 2019-06-21, 02:20:17.277720 [info] - (/home/ghosdebd/sparkle/alps/src/globalheap/slab.cc, 56) Allocate block: nvslab: (0xbeef, 0x46000804c8) block: 5
0000071 | T.0x00007f076c7ef700 | 2019-06-21, 02:20:17.277735 [info] - (/home/ghosdebd/sparkle/alps/src/globalheap/globalheap_internal.cc, 400) Allocate block size: 30 ig: 0
0000072 | T.0x00007f0764bfa700 | 2019-06-21, 02:20:17.277752 [info] - (/home/ghosdebd/sparkle/alps/src/globalheap/slab_heap.cc, 40) Allocate block: new_fullness: 0 old_fullness: 0
0000073 | T.0x00007f076c7ef700 | 2019-06-21, 02:20:17.277769 [info] - (/home/ghosdebd/sparkle/alps/src/globalheap/memattrib_heap.cc, 59) Allocate block size: 30
0000074 | T.0x00007f0764bfa700 | 2019-06-21, 02:20:17.277786 [info] - (/home/ghosdebd/sparkle/alps/src/globalheap/globalheap_internal.cc, 391) Allocated block ptr: (0xbeef, 0x46000809a8) size: 30
0000075 | T.0x00007f076c7ef700 | 2019-06-21, 02:20:17.277806 [info] - (/home/ghosdebd/sparkle/alps/src/globalheap/slab.cc, 56) Allocate block: nvslab: (0xbeef, 0x46000804c8) block: 6
0000076 | T.0x00007f0764bfa700 | 2019-06-21, 02:20:17.277820 [info] - (/home/ghosdebd/sparkle/alps/src/globalheap/globalheap_internal.cc, 380) Allocate block size: 30
0000077 | T.0x00007f076c7ef700 | 2019-06-21, 02:20:17.277840 [info] - (/home/ghosdebd/sparkle/alps/src/globalheap/slab_heap.cc, 40) Allocate block: new_fullness: 0 old_fullness: 0
0000078 | T.0x00007f0764bfa700 | 2019-06-21, 02:20:17.277857 [info] - (/home/ghosdebd/sparkle/alps/src/globalheap/globalheap_internal.cc, 400) Allocate block size: 30 ig: 0
0000079 | T.0x00007f076c7ef700 | 2019-06-21, 02:20:17.277873 [info] - (/home/ghosdebd/sparkle/alps/src/globalheap/globalheap_internal.cc, 391) Allocated block ptr: (0xbeef, 0x46000809c8) size: 30
0000080 | T.0x00007f0764bfa700 | 2019-06-21, 02:20:17.277890 [info] - (/home/ghosdebd/sparkle/alps/src/globalheap/memattrib_heap.cc, 59) Allocate block size: 30
0000081 | T.0x00007f076c7ef700 | 2019-06-21, 02:20:17.277906 [info] - (/home/ghosdebd/sparkle/alps/src/globalheap/globalheap_internal.cc, 380) Allocate block size: 30
0000082 | T.0x00007f0764bfa700 | 2019-06-21, 02:20:17.277926 [info] - (/home/ghosdebd/sparkle/alps/src/globalheap/slab.cc, 56) Allocate block: nvslab: (0xbeef, 0x46000804c8) block: 7
0000083 | T.0x00007f076c7ef700 | 2019-06-21, 02:20:17.277939 [info] - (/home/ghosdebd/sparkle/alps/src/globalheap/globalheap_internal.cc, 400) Allocate block size: 30 ig: 0
0000084 | T.0x00007f0764bfa700 | 2019-06-21, 02:20:17.277957 [info] - (/home/ghosdebd/sparkle/alps/src/globalheap/slab_heap.cc, 40) Allocate block: new_fullness: 0 old_fullness: 0
0000085 | T.0x00007f076c7ef700 | 2019-06-21, 02:20:17.277974 [info] - (/home/ghosdebd/sparkle/alps/src/globalheap/memattrib_heap.cc, 59) Allocate block size: 30
0000086 | T.0x00007f0764bfa700 | 2019-06-21, 02:20:17.277991 [info] - (/home/ghosdebd/sparkle/alps/src/globalheap/globalheap_internal.cc, 391) Allocated block ptr: (0xbeef, 0x46000809e8) size: 30
0000087 | T.0x00007f076c7ef700 | 2019-06-21, 02:20:17.278009 [info] - (/home/ghosdebd/sparkle/alps/src/globalheap/slab.cc, 56) Allocate block: nvslab: (0xbeef, 0x46000804c8) block: 8
0000088 | T.0x00007f0764bfa700 | 2019-06-21, 02:20:17.278024 [info] - (/home/ghosdebd/sparkle/alps/src/globalheap/globalheap_internal.cc, 380) Allocate block size: 30
0000089 | T.0x00007f076c7ef700 | 2019-06-21, 02:20:17.278040 [info] - (/home/ghosdebd/sparkle/alps/src/globalheap/slab_heap.cc, 40) Allocate block: new_fullness: 0 old_fullness: 0
0000090 | T.0x00007f0764bfa700 | 2019-06-21, 02:20:17.278054 [info] - (/home/ghosdebd/sparkle/alps/src/globalheap/globalheap_internal.cc, 400) Allocate block size: 30 ig: 0
0000091 | T.0x00007f076c7ef700 | 2019-06-21, 02:20:17.278072 [info] - (/home/ghosdebd/sparkle/alps/src/globalheap/globalheap_internal.cc, 391) Allocated block ptr: (0xbeef, 0x4600080a08) size: 30
0000092 | T.0x00007f0764bfa700 | 2019-06-21, 02:20:17.278102 [info] - (/home/ghosdebd/sparkle/alps/src/globalheap/memattrib_heap.cc, 59) Allocate block size: 30
0000093 | T.0x00007f076c7ef700 | 2019-06-21, 02:20:17.278113 [info] - (/home/ghosdebd/sparkle/alps/src/globalheap/globalheap_internal.cc, 380) Allocate block size: 30
0000094 | T.0x00007f0764bfa700 | 2019-06-21, 02:20:17.278145 [info] - (/home/ghosdebd/sparkle/alps/src/globalheap/slab.cc, 56) Allocate block: nvslab: (0xbeef, 0x46000804c8) block: 9
0000095 | T.0x00007f076c7ef700 | 2019-06-21, 02:20:17.278158 [info] - (/home/ghosdebd/sparkle/alps/src/globalheap/globalheap_internal.cc, 400) Allocate block size: 30 ig: 0
0000096 | T.0x00007f0764bfa700 | 2019-06-21, 02:20:17.278177 [info] - (/home/ghosdebd/sparkle/alps/src/globalheap/slab_heap.cc, 40) Allocate block: new_fullness: 0 old_fullness: 0
0000097 | T.0x00007f076c7ef700 | 2019-06-21, 02:20:17.278194 [info] - (/home/ghosdebd/sparkle/alps/src/globalheap/memattrib_heap.cc, 59) Allocate block size: 30
0000098 | T.0x00007f0764bfa700 | 2019-06-21, 02:20:17.278209 [info] - (/home/ghosdebd/sparkle/alps/src/globalheap/globalheap_internal.cc, 391) Allocated block ptr: (0xbeef, 0x4600080a28) size: 30
0000099 | T.0x00007f076c7ef700 | 2019-06-21, 02:20:17.278262 [info] - (/home/ghosdebd/sparkle/alps/src/globalheap/slab.cc, 56) Allocate block: nvslab: (0xbeef, 0x46000804c8) block: 10
0000100 | T.0x00007f0764bfa700 | 2019-06-21, 02:20:17.278277 [info] - (/home/ghosdebd/sparkle/alps/src/globalheap/globalheap_internal.cc, 380) Allocate block size: 30
0000101 | T.0x00007f076c7ef700 | 2019-06-21, 02:20:17.278293 [info] - (/home/ghosdebd/sparkle/alps/src/globalheap/slab_heap.cc, 40) Allocate block: new_fullness: 0 old_fullness: 0
0000102 | T.0x00007f0764bfa700 | 2019-06-21, 02:20:17.278310 [info] - (/home/ghosdebd/sparkle/alps/src/globalheap/globalheap_internal.cc, 400) Allocate block size: 30 ig: 0
0000103 | T.0x00007f076c7ef700 | 2019-06-21, 02:20:17.278326 [info] - (/home/ghosdebd/sparkle/alps/src/globalheap/globalheap_internal.cc, 391) Allocated block ptr: (0xbeef, 0x4600080a48) size: 30
0000104 | T.0x00007f0764bfa700 | 2019-06-21, 02:20:17.278343 [info] - (/home/ghosdebd/sparkle/alps/src/globalheap/memattrib_heap.cc, 59) Allocate block size: 30
0000105 | T.0x00007f076c7ef700 | 2019-06-21, 02:20:17.278359 [info] - (/home/ghosdebd/sparkle/alps/src/globalheap/globalheap_internal.cc, 380) Allocate block size: 60
0000106 | T.0x00007f0764bfa700 | 2019-06-21, 02:20:17.278405 [info] - (/home/ghosdebd/sparkle/alps/src/globalheap/slab.cc, 56) Allocate block: nvslab: (0xbeef, 0x46000804c8) block: 11
0000107 | T.0x00007f076c7ef700 | 2019-06-21, 02:20:17.278422 [info] - (/home/ghosdebd/sparkle/alps/src/globalheap/globalheap_internal.cc, 400) Allocate block size: 60 ig: 0
0000108 | T.0x00007f0764bfa700 | 2019-06-21, 02:20:17.278442 [info] - (/home/ghosdebd/sparkle/alps/src/globalheap/slab_heap.cc, 40) Allocate block: new_fullness: 0 old_fullness: 0
0000109 | T.0x00007f076c7ef700 | 2019-06-21, 02:20:17.278458 [info] - (/home/ghosdebd/sparkle/alps/src/globalheap/memattrib_heap.cc, 59) Allocate block size: 60
0000110 | T.0x00007f0764bfa700 | 2019-06-21, 02:20:17.278475 [info] - (/home/ghosdebd/sparkle/alps/src/globalheap/globalheap_internal.cc, 391) Allocated block ptr: (0xbeef, 0x4600080a68) size: 30
0000111 | T.0x00007f076c7ef700 | 2019-06-21, 02:20:17.278491 [info] - (/home/ghosdebd/sparkle/alps/src/globalheap/process_slab_heap.cc, 30) acquire_slab
0000112 | T.0x00007f0764bfa700 | 2019-06-21, 02:20:17.278507 [info] - (/home/ghosdebd/sparkle/alps/src/globalheap/globalheap_internal.cc, 380) Allocate block size: 30
0000113 | T.0x00007f076c7ef700 | 2019-06-21, 02:20:17.278523 [info] - (/home/ghosdebd/sparkle/alps/src/globalheap/process_slab_heap.cc, 33) acquire_slab: locked
0000114 | T.0x00007f0764bfa700 | 2019-06-21, 02:20:17.278540 [info] - (/home/ghosdebd/sparkle/alps/src/globalheap/globalheap_internal.cc, 400) Allocate block size: 30 ig: 0
0000115 | T.0x00007f076c7ef700 | 2019-06-21, 02:20:17.278557 [info] - (/home/ghosdebd/sparkle/alps/src/globalheap/extentheap.hh, 116) malloc
0000116 | T.0x00007f0764bfa700 | 2019-06-21, 02:20:17.278576 [info] - (/home/ghosdebd/sparkle/alps/src/globalheap/memattrib_heap.cc, 59) Allocate block size: 30
0000117 | T.0x00007f076c7ef700 | 2019-06-21, 02:20:17.278591 [info] - (/home/ghosdebd/sparkle/alps/src/globalheap/extentmap.cc, 88) INSERT: (3, 32763)
0000118 | T.0x00007f076c7ef700 | 2019-06-21, 02:20:17.278619 [info] - (/home/ghosdebd/sparkle/alps/src/globalheap/zone.cc, 48) Allocated zone_id: 35 extent: (2, 1) 0x7ecc180c04c8
0000119 | T.0x00007f076c7ef700 | 2019-06-21, 02:20:17.278828 [info] - (/home/ghosdebd/sparkle/alps/src/globalheap/process_slab_heap.cc, 50) acquire_slab: unlock 2
0000120 | T.0x00007f076c7ef700 | 2019-06-21, 02:20:17.278837 [info] - (/home/ghosdebd/sparkle/alps/src/globalheap/slab.cc, 56) Allocate block: nvslab: (0xbeef, 0x46000c04c8) block: 0
0000121 | T.0x00007f076c7ef700 | 2019-06-21, 02:20:17.278842 [info] - (/home/ghosdebd/sparkle/alps/src/globalheap/slab_heap.cc, 40) Allocate block: new_fullness: 0 old_fullness: 0
0000122 | T.0x00007f076c7ef700 | 2019-06-21, 02:20:17.278850 [info] - (/home/ghosdebd/sparkle/alps/src/globalheap/globalheap_internal.cc, 391) Allocated block ptr: (0xbeef, 0x46000c0708) size: 60
0000123 | T.0x00007f076c7ef700 | 2019-06-21, 02:20:17.278856 [info] - (/home/ghosdebd/sparkle/alps/src/globalheap/globalheap_internal.cc, 380) Allocate block size: 60
0000124 | T.0x00007f0764bfa700 | 2019-06-21, 02:20:17.278863 [info] - (/home/ghosdebd/sparkle/alps/src/globalheap/slab.cc, 56) Allocate block: nvslab: (0xbeef, 0x46000804c8) block: 12
0000125 | T.0x00007f076c7ef700 | 2019-06-21, 02:20:17.278865 [info] - (/home/ghosdebd/sparkle/alps/src/globalheap/globalheap_internal.cc, 400) Allocate block size: 60 ig: 0
0000126 | T.0x00007f0764bfa700 | 2019-06-21, 02:20:17.278889 [info] - (/home/ghosdebd/sparkle/alps/src/globalheap/slab_heap.cc, 40) Allocate block: new_fullness: 0 old_fullness: 0
0000127 | T.0x00007f076c7ef700 | 2019-06-21, 02:20:17.278907 [info] - (/home/ghosdebd/sparkle/alps/src/globalheap/memattrib_heap.cc, 59) Allocate block size: 60
0000128 | T.0x00007f0764bfa700 | 2019-06-21, 02:20:17.278922 [info] - (/home/ghosdebd/sparkle/alps/src/globalheap/globalheap_internal.cc, 391) Allocated block ptr: (0xbeef, 0x4600080a88) size: 30
0000129 | T.0x00007f076c7ef700 | 2019-06-21, 02:20:17.278940 [info] - (/home/ghosdebd/sparkle/alps/src/globalheap/slab.cc, 56) Allocate block: nvslab: (0xbeef, 0x46000c04c8) block: 1
0000130 | T.0x00007f0764bfa700 | 2019-06-21, 02:20:17.278955 [info] - (/home/ghosdebd/sparkle/alps/src/globalheap/globalheap_internal.cc, 380) Allocate block size: 30
0000131 | T.0x00007f076c7ef700 | 2019-06-21, 02:20:17.278973 [info] - (/home/ghosdebd/sparkle/alps/src/globalheap/slab_heap.cc, 40) Allocate block: new_fullness: 0 old_fullness: 0
0000132 | T.0x00007f0764bfa700 | 2019-06-21, 02:20:17.278988 [info] - (/home/ghosdebd/sparkle/alps/src/globalheap/globalheap_internal.cc, 400) Allocate block size: 30 ig: 0
0000133 | T.0x00007f076c7ef700 | 2019-06-21, 02:20:17.279004 [info] - (/home/ghosdebd/sparkle/alps/src/globalheap/globalheap_internal.cc, 391) Allocated block ptr: (0xbeef, 0x46000c0748) size: 60
0000134 | T.0x00007f0764bfa700 | 2019-06-21, 02:20:17.279020 [info] - (/home/ghosdebd/sparkle/alps/src/globalheap/memattrib_heap.cc, 59) Allocate block size: 30
0000135 | T.0x00007f0764bfa700 | 2019-06-21, 02:20:17.279049 [info] - (/home/ghosdebd/sparkle/alps/src/globalheap/slab.cc, 56) Allocate block: nvslab: (0xbeef, 0x46000804c8) block: 13
0000136 | T.0x00007f0764bfa700 | 2019-06-21, 02:20:17.279054 [info] - (/home/ghosdebd/sparkle/alps/src/globalheap/slab_heap.cc, 40) Allocate block: new_fullness: 0 old_fullness: 0
0000137 | T.0x00007f0764bfa700 | 2019-06-21, 02:20:17.279064 [info] - (/home/ghosdebd/sparkle/alps/src/globalheap/globalheap_internal.cc, 391) Allocated block ptr: (0xbeef, 0x4600080aa8) size: 30
0000138 | T.0x00007f0764bfa700 | 2019-06-21, 02:20:17.279073 [info] - (/home/ghosdebd/sparkle/alps/src/globalheap/globalheap_internal.cc, 380) Allocate block size: 30
0000139 | T.0x00007f0764bfa700 | 2019-06-21, 02:20:17.279079 [info] - (/home/ghosdebd/sparkle/alps/src/globalheap/globalheap_internal.cc, 400) Allocate block size: 30 ig: 0
0000140 | T.0x00007f0764bfa700 | 2019-06-21, 02:20:17.279083 [info] - (/home/ghosdebd/sparkle/alps/src/globalheap/memattrib_heap.cc, 59) Allocate block size: 30
0000141 | T.0x00007f0764bfa700 | 2019-06-21, 02:20:17.279091 [info] - (/home/ghosdebd/sparkle/alps/src/globalheap/slab.cc, 56) Allocate block: nvslab: (0xbeef, 0x46000804c8) block: 14
0000142 | T.0x00007f0764bfa700 | 2019-06-21, 02:20:17.279095 [info] - (/home/ghosdebd/sparkle/alps/src/globalheap/slab_heap.cc, 40) Allocate block: new_fullness: 0 old_fullness: 0
0000143 | T.0x00007f0764bfa700 | 2019-06-21, 02:20:17.279101 [info] - (/home/ghosdebd/sparkle/alps/src/globalheap/globalheap_internal.cc, 391) Allocated block ptr: (0xbeef, 0x4600080ac8) size: 30
0000144 | T.0x00007f0764bfa700 | 2019-06-21, 02:20:17.279109 [info] - (/home/ghosdebd/sparkle/alps/src/globalheap/globalheap_internal.cc, 380) Allocate block size: 30
0000145 | T.0x00007f0764bfa700 | 2019-06-21, 02:20:17.279138 [info] - (/home/ghosdebd/sparkle/alps/src/globalheap/globalheap_internal.cc, 400) Allocate block size: 30 ig: 0
0000146 | T.0x00007f0764bfa700 | 2019-06-21, 02:20:17.279145 [info] - (/home/ghosdebd/sparkle/alps/src/globalheap/memattrib_heap.cc, 59) Allocate block size: 30
0000147 | T.0x00007f0764bfa700 | 2019-06-21, 02:20:17.279153 [info] - (/home/ghosdebd/sparkle/alps/src/globalheap/slab.cc, 56) Allocate block: nvslab: (0xbeef, 0x46000804c8) block: 15
0000148 | T.0x00007f0764bfa700 | 2019-06-21, 02:20:17.279161 [info] - (/home/ghosdebd/sparkle/alps/src/globalheap/slab_heap.cc, 40) Allocate block: new_fullness: 0 old_fullness: 0
0000149 | T.0x00007f0764bfa700 | 2019-06-21, 02:20:17.279168 [info] - (/home/ghosdebd/sparkle/alps/src/globalheap/globalheap_internal.cc, 391) Allocated block ptr: (0xbeef, 0x4600080ae8) size: 30
