0000001 | T.0x00007f5fba9fa700 | 2019-06-21, 02:19:48.889026 [info] - (/home/ghosdebd/sparkle/alps/src/globalheap/globalheap_internal.cc, 153) Open heap path: /lfs/spark_global0 
0000002 | T.0x00007f5fba9fa700 | 2019-06-21, 02:19:48.889740 [info] - (/home/ghosdebd/sparkle/alps/src/pegasus/lfs_region_file.cc, 64) Open LFS region file path: "/lfs/spark_global0" flags: O_RDWR
0000004 | T.0x00007f5fba9fa700 | 2019-06-21, 02:19:48.910933 [info] - (/home/ghosdebd/sparkle/alps/src/pegasus/segmap.cc, 39) map region  base_addr: 0x7edf84000000 size: 549755813888 addr_range: 0x7edf84000000--7f5f84000000
0000005 | T.0x00007f5fba9fa700 | 2019-06-21, 02:19:48.911013 [info] - (/home/ghosdebd/sparkle/alps/src/globalheap/globalheap_internal.cc, 158) Opened heap path: /lfs/spark_global0  size: 549755813888
0000006 | T.0x00007f5fba9fa700 | 2019-06-21, 02:19:49.263208 [info] - (/home/ghosdebd/sparkle/alps/src/globalheap/globalheap_internal.cc, 380) Allocate block size: 412
0000007 | T.0x00007f5fba9fa700 | 2019-06-21, 02:19:49.263241 [info] - (/home/ghosdebd/sparkle/alps/src/globalheap/globalheap_internal.cc, 400) Allocate block size: 412 ig: 0
0000008 | T.0x00007f5fba9fa700 | 2019-06-21, 02:19:49.263336 [info] - (/home/ghosdebd/sparkle/alps/src/globalheap/memattrib_heap.cc, 59) Allocate block size: 412
0000009 | T.0x00007f5fba9fa700 | 2019-06-21, 02:19:49.263347 [info] - (/home/ghosdebd/sparkle/alps/src/globalheap/process_slab_heap.cc, 30) acquire_slab
0000010 | T.0x00007f5fba9fa700 | 2019-06-21, 02:19:49.263352 [info] - (/home/ghosdebd/sparkle/alps/src/globalheap/process_slab_heap.cc, 33) acquire_slab: locked
0000011 | T.0x00007f5fba9fa700 | 2019-06-21, 02:19:49.263357 [info] - (/home/ghosdebd/sparkle/alps/src/globalheap/extentheap.hh, 116) malloc
0000012 | T.0x00007f5fba9fa700 | 2019-06-21, 02:19:49.263432 [info] - (/home/ghosdebd/sparkle/alps/src/globalheap/zone.hh, 40) NVZONE: 0x7ef184000400
0000013 | T.0x00007f5fba9fa700 | 2019-06-21, 02:19:49.263440 [info] - (/home/ghosdebd/sparkle/alps/src/globalheap/zone.hh, 41) NVZONE: ID: 9
0000014 | T.0x00007f5fba9fa700 | 2019-06-21, 02:19:49.265237 [info] - (/home/ghosdebd/sparkle/alps/src/globalheap/extentmap.cc, 88) INSERT: (0, 32766)
0000015 | T.0x00007f5fba9fa700 | 2019-06-21, 02:19:49.265250 [info] - (/home/ghosdebd/sparkle/alps/src/globalheap/zone_heap.hh, 153) Acquired zone: 9
0000016 | T.0x00007f5fba9fa700 | 2019-06-21, 02:19:49.265254 [info] - (/home/ghosdebd/sparkle/alps/src/globalheap/zone.hh, 72) Enumerate zone: 9
0000017 | T.0x00007f5fba9fa700 | 2019-06-21, 02:19:49.266785 [info] - (/home/ghosdebd/sparkle/alps/src/globalheap/extentheap.hh, 116) malloc
0000018 | T.0x00007f5fba9fa700 | 2019-06-21, 02:19:49.266798 [info] - (/home/ghosdebd/sparkle/alps/src/globalheap/extentmap.cc, 88) INSERT: (1, 32765)
0000019 | T.0x00007f5fba9fa700 | 2019-06-21, 02:19:49.266804 [info] - (/home/ghosdebd/sparkle/alps/src/globalheap/zone.cc, 48) Allocated zone_id: 9 extent: (0, 1) 0x7ef1840404c8
0000020 | T.0x00007f5fba9fa700 | 2019-06-21, 02:19:49.266830 [info] - (/home/ghosdebd/sparkle/alps/src/globalheap/process_slab_heap.cc, 50) acquire_slab: unlock 2
0000021 | T.0x00007f5fba9fa700 | 2019-06-21, 02:19:49.266841 [info] - (/home/ghosdebd/sparkle/alps/src/globalheap/slab.cc, 56) Allocate block: nvslab: (0xbeef, 0x12000404c8) block: 0
0000022 | T.0x00007f5fba9fa700 | 2019-06-21, 02:19:49.266847 [info] - (/home/ghosdebd/sparkle/alps/src/globalheap/slab_heap.cc, 40) Allocate block: new_fullness: 0 old_fullness: 0
0000023 | T.0x00007f5fba9fa700 | 2019-06-21, 02:19:49.266857 [info] - (/home/ghosdebd/sparkle/alps/src/globalheap/globalheap_internal.cc, 391) Allocated block ptr: (0xbeef, 0x1200040548) size: 412
0000024 | T.0x00007f5fba9fa700 | 2019-06-21, 02:19:49.266877 [info] - (/home/ghosdebd/sparkle/alps/src/globalheap/globalheap_internal.cc, 380) Allocate block size: 30
0000025 | T.0x00007f5fba9fa700 | 2019-06-21, 02:19:49.266884 [info] - (/home/ghosdebd/sparkle/alps/src/globalheap/globalheap_internal.cc, 400) Allocate block size: 30 ig: 0
0000026 | T.0x00007f5fba9fa700 | 2019-06-21, 02:19:49.266889 [info] - (/home/ghosdebd/sparkle/alps/src/globalheap/memattrib_heap.cc, 59) Allocate block size: 30
0000027 | T.0x00007f5fba9fa700 | 2019-06-21, 02:19:49.266896 [info] - (/home/ghosdebd/sparkle/alps/src/globalheap/process_slab_heap.cc, 30) acquire_slab
0000028 | T.0x00007f5fba9fa700 | 2019-06-21, 02:19:49.266902 [info] - (/home/ghosdebd/sparkle/alps/src/globalheap/process_slab_heap.cc, 33) acquire_slab: locked
0000029 | T.0x00007f5fba9fa700 | 2019-06-21, 02:19:49.266907 [info] - (/home/ghosdebd/sparkle/alps/src/globalheap/extentheap.hh, 116) malloc
0000030 | T.0x00007f5fba9fa700 | 2019-06-21, 02:19:49.266912 [info] - (/home/ghosdebd/sparkle/alps/src/globalheap/extentmap.cc, 88) INSERT: (2, 32764)
0000031 | T.0x00007f5fba9fa700 | 2019-06-21, 02:19:49.266919 [info] - (/home/ghosdebd/sparkle/alps/src/globalheap/zone.cc, 48) Allocated zone_id: 9 extent: (1, 1) 0x7ef1840804c8
0000032 | T.0x00007f5fba9fa700 | 2019-06-21, 02:19:49.267082 [info] - (/home/ghosdebd/sparkle/alps/src/globalheap/process_slab_heap.cc, 50) acquire_slab: unlock 2
0000033 | T.0x00007f5fba9fa700 | 2019-06-21, 02:19:49.267093 [info] - (/home/ghosdebd/sparkle/alps/src/globalheap/slab.cc, 56) Allocate block: nvslab: (0xbeef, 0x12000804c8) block: 0
0000034 | T.0x00007f5fba9fa700 | 2019-06-21, 02:19:49.267101 [info] - (/home/ghosdebd/sparkle/alps/src/globalheap/slab_heap.cc, 40) Allocate block: new_fullness: 0 old_fullness: 0
0000035 | T.0x00007f5fba9fa700 | 2019-06-21, 02:19:49.267108 [info] - (/home/ghosdebd/sparkle/alps/src/globalheap/globalheap_internal.cc, 391) Allocated block ptr: (0xbeef, 0x1200080908) size: 30
0000036 | T.0x00007f5fba9fa700 | 2019-06-21, 02:19:49.267116 [info] - (/home/ghosdebd/sparkle/alps/src/globalheap/globalheap_internal.cc, 380) Allocate block size: 60
0000037 | T.0x00007f5fba9fa700 | 2019-06-21, 02:19:49.267122 [info] - (/home/ghosdebd/sparkle/alps/src/globalheap/globalheap_internal.cc, 400) Allocate block size: 60 ig: 0
0000038 | T.0x00007f5fba9fa700 | 2019-06-21, 02:19:49.267128 [info] - (/home/ghosdebd/sparkle/alps/src/globalheap/memattrib_heap.cc, 59) Allocate block size: 60
0000039 | T.0x00007f5fba9fa700 | 2019-06-21, 02:19:49.267134 [info] - (/home/ghosdebd/sparkle/alps/src/globalheap/process_slab_heap.cc, 30) acquire_slab
0000040 | T.0x00007f5fba9fa700 | 2019-06-21, 02:19:49.267140 [info] - (/home/ghosdebd/sparkle/alps/src/globalheap/process_slab_heap.cc, 33) acquire_slab: locked
0000041 | T.0x00007f5fba9fa700 | 2019-06-21, 02:19:49.267146 [info] - (/home/ghosdebd/sparkle/alps/src/globalheap/extentheap.hh, 116) malloc
0000042 | T.0x00007f5fba9fa700 | 2019-06-21, 02:19:49.267153 [info] - (/home/ghosdebd/sparkle/alps/src/globalheap/extentmap.cc, 88) INSERT: (3, 32763)
0000043 | T.0x00007f5fba9fa700 | 2019-06-21, 02:19:49.267160 [info] - (/home/ghosdebd/sparkle/alps/src/globalheap/zone.cc, 48) Allocated zone_id: 9 extent: (2, 1) 0x7ef1840c04c8
0000044 | T.0x00007f5fba9fa700 | 2019-06-21, 02:19:49.267386 [info] - (/home/ghosdebd/sparkle/alps/src/globalheap/process_slab_heap.cc, 50) acquire_slab: unlock 2
0000045 | T.0x00007f5fba9fa700 | 2019-06-21, 02:19:49.267402 [info] - (/home/ghosdebd/sparkle/alps/src/globalheap/slab.cc, 56) Allocate block: nvslab: (0xbeef, 0x12000c04c8) block: 0
0000046 | T.0x00007f5fba9fa700 | 2019-06-21, 02:19:49.267410 [info] - (/home/ghosdebd/sparkle/alps/src/globalheap/slab_heap.cc, 40) Allocate block: new_fullness: 0 old_fullness: 0
0000047 | T.0x00007f5fba9fa700 | 2019-06-21, 02:19:49.267416 [info] - (/home/ghosdebd/sparkle/alps/src/globalheap/globalheap_internal.cc, 391) Allocated block ptr: (0xbeef, 0x12000c0708) size: 60
0000048 | T.0x00007f5fba9fa700 | 2019-06-21, 02:19:49.267423 [info] - (/home/ghosdebd/sparkle/alps/src/globalheap/globalheap_internal.cc, 380) Allocate block size: 30
0000049 | T.0x00007f5fba9fa700 | 2019-06-21, 02:19:49.267429 [info] - (/home/ghosdebd/sparkle/alps/src/globalheap/globalheap_internal.cc, 400) Allocate block size: 30 ig: 0
0000050 | T.0x00007f5fba9fa700 | 2019-06-21, 02:19:49.267436 [info] - (/home/ghosdebd/sparkle/alps/src/globalheap/memattrib_heap.cc, 59) Allocate block size: 30
0000051 | T.0x00007f5fba9fa700 | 2019-06-21, 02:19:49.267493 [info] - (/home/ghosdebd/sparkle/alps/src/globalheap/slab.cc, 56) Allocate block: nvslab: (0xbeef, 0x12000804c8) block: 1
0000052 | T.0x00007f5fba9fa700 | 2019-06-21, 02:19:49.267500 [info] - (/home/ghosdebd/sparkle/alps/src/globalheap/slab_heap.cc, 40) Allocate block: new_fullness: 0 old_fullness: 0
0000053 | T.0x00007f5fba9fa700 | 2019-06-21, 02:19:49.267506 [info] - (/home/ghosdebd/sparkle/alps/src/globalheap/globalheap_internal.cc, 391) Allocated block ptr: (0xbeef, 0x1200080928) size: 30
0000054 | T.0x00007f5fba9fa700 | 2019-06-21, 02:19:49.267513 [info] - (/home/ghosdebd/sparkle/alps/src/globalheap/globalheap_internal.cc, 380) Allocate block size: 30
0000055 | T.0x00007f5fba9fa700 | 2019-06-21, 02:19:49.267518 [info] - (/home/ghosdebd/sparkle/alps/src/globalheap/globalheap_internal.cc, 400) Allocate block size: 30 ig: 0
0000056 | T.0x00007f5fba9fa700 | 2019-06-21, 02:19:49.267524 [info] - (/home/ghosdebd/sparkle/alps/src/globalheap/memattrib_heap.cc, 59) Allocate block size: 30
0000057 | T.0x00007f5fba9fa700 | 2019-06-21, 02:19:49.267531 [info] - (/home/ghosdebd/sparkle/alps/src/globalheap/slab.cc, 56) Allocate block: nvslab: (0xbeef, 0x12000804c8) block: 2
0000058 | T.0x00007f5fba9fa700 | 2019-06-21, 02:19:49.267537 [info] - (/home/ghosdebd/sparkle/alps/src/globalheap/slab_heap.cc, 40) Allocate block: new_fullness: 0 old_fullness: 0
0000059 | T.0x00007f5fba9fa700 | 2019-06-21, 02:19:49.267543 [info] - (/home/ghosdebd/sparkle/alps/src/globalheap/globalheap_internal.cc, 391) Allocated block ptr: (0xbeef, 0x1200080948) size: 30
0000060 | T.0x00007f5fba9fa700 | 2019-06-21, 02:19:49.267549 [info] - (/home/ghosdebd/sparkle/alps/src/globalheap/globalheap_internal.cc, 380) Allocate block size: 30
0000061 | T.0x00007f5fba9fa700 | 2019-06-21, 02:19:49.267554 [info] - (/home/ghosdebd/sparkle/alps/src/globalheap/globalheap_internal.cc, 400) Allocate block size: 30 ig: 0
0000062 | T.0x00007f5fba9fa700 | 2019-06-21, 02:19:49.267560 [info] - (/home/ghosdebd/sparkle/alps/src/globalheap/memattrib_heap.cc, 59) Allocate block size: 30
0000063 | T.0x00007f5fba9fa700 | 2019-06-21, 02:19:49.267565 [info] - (/home/ghosdebd/sparkle/alps/src/globalheap/slab.cc, 56) Allocate block: nvslab: (0xbeef, 0x12000804c8) block: 3
0000064 | T.0x00007f5fba9fa700 | 2019-06-21, 02:19:49.267571 [info] - (/home/ghosdebd/sparkle/alps/src/globalheap/slab_heap.cc, 40) Allocate block: new_fullness: 0 old_fullness: 0
0000065 | T.0x00007f5fba9fa700 | 2019-06-21, 02:19:49.267577 [info] - (/home/ghosdebd/sparkle/alps/src/globalheap/globalheap_internal.cc, 391) Allocated block ptr: (0xbeef, 0x1200080968) size: 30
0000066 | T.0x00007f5fba9fa700 | 2019-06-21, 02:19:49.267584 [info] - (/home/ghosdebd/sparkle/alps/src/globalheap/globalheap_internal.cc, 380) Allocate block size: 30
0000067 | T.0x00007f5fba9fa700 | 2019-06-21, 02:19:49.267589 [info] - (/home/ghosdebd/sparkle/alps/src/globalheap/globalheap_internal.cc, 400) Allocate block size: 30 ig: 0
0000068 | T.0x00007f5fba9fa700 | 2019-06-21, 02:19:49.267595 [info] - (/home/ghosdebd/sparkle/alps/src/globalheap/memattrib_heap.cc, 59) Allocate block size: 30
0000069 | T.0x00007f5fba9fa700 | 2019-06-21, 02:19:49.267601 [info] - (/home/ghosdebd/sparkle/alps/src/globalheap/slab.cc, 56) Allocate block: nvslab: (0xbeef, 0x12000804c8) block: 4
0000070 | T.0x00007f5fba9fa700 | 2019-06-21, 02:19:49.267606 [info] - (/home/ghosdebd/sparkle/alps/src/globalheap/slab_heap.cc, 40) Allocate block: new_fullness: 0 old_fullness: 0
0000071 | T.0x00007f5fba9fa700 | 2019-06-21, 02:19:49.267611 [info] - (/home/ghosdebd/sparkle/alps/src/globalheap/globalheap_internal.cc, 391) Allocated block ptr: (0xbeef, 0x1200080988) size: 30
0000072 | T.0x00007f5fba9fa700 | 2019-06-21, 02:19:49.267617 [info] - (/home/ghosdebd/sparkle/alps/src/globalheap/globalheap_internal.cc, 380) Allocate block size: 60
0000073 | T.0x00007f5fba9fa700 | 2019-06-21, 02:19:49.267623 [info] - (/home/ghosdebd/sparkle/alps/src/globalheap/globalheap_internal.cc, 400) Allocate block size: 60 ig: 0
0000074 | T.0x00007f5fba9fa700 | 2019-06-21, 02:19:49.267629 [info] - (/home/ghosdebd/sparkle/alps/src/globalheap/memattrib_heap.cc, 59) Allocate block size: 60
0000075 | T.0x00007f5fba9fa700 | 2019-06-21, 02:19:49.267634 [info] - (/home/ghosdebd/sparkle/alps/src/globalheap/slab.cc, 56) Allocate block: nvslab: (0xbeef, 0x12000c04c8) block: 1
0000076 | T.0x00007f5fba9fa700 | 2019-06-21, 02:19:49.267639 [info] - (/home/ghosdebd/sparkle/alps/src/globalheap/slab_heap.cc, 40) Allocate block: new_fullness: 0 old_fullness: 0
0000077 | T.0x00007f5fba9fa700 | 2019-06-21, 02:19:49.267644 [info] - (/home/ghosdebd/sparkle/alps/src/globalheap/globalheap_internal.cc, 391) Allocated block ptr: (0xbeef, 0x12000c0748) size: 60
0000078 | T.0x00007f5fba9fa700 | 2019-06-21, 02:19:49.267650 [info] - (/home/ghosdebd/sparkle/alps/src/globalheap/globalheap_internal.cc, 380) Allocate block size: 30
0000079 | T.0x00007f5fba9fa700 | 2019-06-21, 02:19:49.267656 [info] - (/home/ghosdebd/sparkle/alps/src/globalheap/globalheap_internal.cc, 400) Allocate block size: 30 ig: 0
0000080 | T.0x00007f5fba9fa700 | 2019-06-21, 02:19:49.267661 [info] - (/home/ghosdebd/sparkle/alps/src/globalheap/memattrib_heap.cc, 59) Allocate block size: 30
0000081 | T.0x00007f5fba9fa700 | 2019-06-21, 02:19:49.267667 [info] - (/home/ghosdebd/sparkle/alps/src/globalheap/slab.cc, 56) Allocate block: nvslab: (0xbeef, 0x12000804c8) block: 5
0000082 | T.0x00007f5fba9fa700 | 2019-06-21, 02:19:49.267674 [info] - (/home/ghosdebd/sparkle/alps/src/globalheap/slab_heap.cc, 40) Allocate block: new_fullness: 0 old_fullness: 0
0000083 | T.0x00007f5fba9fa700 | 2019-06-21, 02:19:49.267678 [info] - (/home/ghosdebd/sparkle/alps/src/globalheap/globalheap_internal.cc, 391) Allocated block ptr: (0xbeef, 0x12000809a8) size: 30
0000084 | T.0x00007f5fbaafb700 | 2019-06-21, 02:19:49.746051 [info] - (/home/ghosdebd/sparkle/alps/src/globalheap/globalheap_internal.cc, 380) Allocate block size: 412
0000085 | T.0x00007f5fbaafb700 | 2019-06-21, 02:19:49.746140 [info] - (/home/ghosdebd/sparkle/alps/src/globalheap/globalheap_internal.cc, 400) Allocate block size: 412 ig: 0
0000086 | T.0x00007f5fbaafb700 | 2019-06-21, 02:19:49.746149 [info] - (/home/ghosdebd/sparkle/alps/src/globalheap/memattrib_heap.cc, 59) Allocate block size: 412
0000087 | T.0x00007f5fbaafb700 | 2019-06-21, 02:19:49.746169 [info] - (/home/ghosdebd/sparkle/alps/src/globalheap/slab.cc, 56) Allocate block: nvslab: (0xbeef, 0x12000404c8) block: 1
0000088 | T.0x00007f5fbaafb700 | 2019-06-21, 02:19:49.746182 [info] - (/home/ghosdebd/sparkle/alps/src/globalheap/slab_heap.cc, 40) Allocate block: new_fullness: 0 old_fullness: 0
0000089 | T.0x00007f5fbaafb700 | 2019-06-21, 02:19:49.746192 [info] - (/home/ghosdebd/sparkle/alps/src/globalheap/globalheap_internal.cc, 391) Allocated block ptr: (0xbeef, 0x12000406e8) size: 412
0000090 | T.0x00007f5fbaafb700 | 2019-06-21, 02:19:49.746214 [info] - (/home/ghosdebd/sparkle/alps/src/globalheap/globalheap_internal.cc, 380) Allocate block size: 30
0000091 | T.0x00007f5fbaafb700 | 2019-06-21, 02:19:49.746223 [info] - (/home/ghosdebd/sparkle/alps/src/globalheap/globalheap_internal.cc, 400) Allocate block size: 30 ig: 0
0000092 | T.0x00007f5fbaafb700 | 2019-06-21, 02:19:49.746233 [info] - (/home/ghosdebd/sparkle/alps/src/globalheap/memattrib_heap.cc, 59) Allocate block size: 30
0000093 | T.0x00007f5fbaafb700 | 2019-06-21, 02:19:49.746242 [info] - (/home/ghosdebd/sparkle/alps/src/globalheap/slab.cc, 56) Allocate block: nvslab: (0xbeef, 0x12000804c8) block: 6
0000094 | T.0x00007f5fbaafb700 | 2019-06-21, 02:19:49.746247 [info] - (/home/ghosdebd/sparkle/alps/src/globalheap/slab_heap.cc, 40) Allocate block: new_fullness: 0 old_fullness: 0
0000095 | T.0x00007f5fbaafb700 | 2019-06-21, 02:19:49.746251 [info] - (/home/ghosdebd/sparkle/alps/src/globalheap/globalheap_internal.cc, 391) Allocated block ptr: (0xbeef, 0x12000809c8) size: 30
0000096 | T.0x00007f5fbaafb700 | 2019-06-21, 02:19:49.746258 [info] - (/home/ghosdebd/sparkle/alps/src/globalheap/globalheap_internal.cc, 380) Allocate block size: 60
0000097 | T.0x00007f5fbaafb700 | 2019-06-21, 02:19:49.746266 [info] - (/home/ghosdebd/sparkle/alps/src/globalheap/globalheap_internal.cc, 400) Allocate block size: 60 ig: 0
0000098 | T.0x00007f5fbaafb700 | 2019-06-21, 02:19:49.746351 [info] - (/home/ghosdebd/sparkle/alps/src/globalheap/memattrib_heap.cc, 59) Allocate block size: 60
0000099 | T.0x00007f5fbaafb700 | 2019-06-21, 02:19:49.746363 [info] - (/home/ghosdebd/sparkle/alps/src/globalheap/slab.cc, 56) Allocate block: nvslab: (0xbeef, 0x12000c04c8) block: 2
0000100 | T.0x00007f5fbaafb700 | 2019-06-21, 02:19:49.746367 [info] - (/home/ghosdebd/sparkle/alps/src/globalheap/slab_heap.cc, 40) Allocate block: new_fullness: 0 old_fullness: 0
0000101 | T.0x00007f5fbaafb700 | 2019-06-21, 02:19:49.746371 [info] - (/home/ghosdebd/sparkle/alps/src/globalheap/globalheap_internal.cc, 391) Allocated block ptr: (0xbeef, 0x12000c0788) size: 60
0000102 | T.0x00007f5fbaafb700 | 2019-06-21, 02:19:49.746380 [info] - (/home/ghosdebd/sparkle/alps/src/globalheap/globalheap_internal.cc, 380) Allocate block size: 60
0000103 | T.0x00007f5fbaafb700 | 2019-06-21, 02:19:49.746385 [info] - (/home/ghosdebd/sparkle/alps/src/globalheap/globalheap_internal.cc, 400) Allocate block size: 60 ig: 0
0000104 | T.0x00007f5fbaafb700 | 2019-06-21, 02:19:49.746392 [info] - (/home/ghosdebd/sparkle/alps/src/globalheap/memattrib_heap.cc, 59) Allocate block size: 60
0000105 | T.0x00007f5fbaafb700 | 2019-06-21, 02:19:49.746398 [info] - (/home/ghosdebd/sparkle/alps/src/globalheap/slab.cc, 56) Allocate block: nvslab: (0xbeef, 0x12000c04c8) block: 3
0000106 | T.0x00007f5fbaafb700 | 2019-06-21, 02:19:49.746402 [info] - (/home/ghosdebd/sparkle/alps/src/globalheap/slab_heap.cc, 40) Allocate block: new_fullness: 0 old_fullness: 0
0000107 | T.0x00007f5fbaafb700 | 2019-06-21, 02:19:49.746414 [info] - (/home/ghosdebd/sparkle/alps/src/globalheap/globalheap_internal.cc, 391) Allocated block ptr: (0xbeef, 0x12000c07c8) size: 60
0000108 | T.0x00007f5fbaafb700 | 2019-06-21, 02:19:49.746422 [info] - (/home/ghosdebd/sparkle/alps/src/globalheap/globalheap_internal.cc, 380) Allocate block size: 60
0000109 | T.0x00007f5fbaafb700 | 2019-06-21, 02:19:49.746427 [info] - (/home/ghosdebd/sparkle/alps/src/globalheap/globalheap_internal.cc, 400) Allocate block size: 60 ig: 0
0000110 | T.0x00007f5fbaafb700 | 2019-06-21, 02:19:49.746432 [info] - (/home/ghosdebd/sparkle/alps/src/globalheap/memattrib_heap.cc, 59) Allocate block size: 60
0000111 | T.0x00007f5fbaafb700 | 2019-06-21, 02:19:49.746441 [info] - (/home/ghosdebd/sparkle/alps/src/globalheap/slab.cc, 56) Allocate block: nvslab: (0xbeef, 0x12000c04c8) block: 4
0000112 | T.0x00007f5fbaafb700 | 2019-06-21, 02:19:49.746449 [info] - (/home/ghosdebd/sparkle/alps/src/globalheap/slab_heap.cc, 40) Allocate block: new_fullness: 0 old_fullness: 0
0000113 | T.0x00007f5fbaafb700 | 2019-06-21, 02:19:49.746454 [info] - (/home/ghosdebd/sparkle/alps/src/globalheap/globalheap_internal.cc, 391) Allocated block ptr: (0xbeef, 0x12000c0808) size: 60
0000114 | T.0x00007f5fbaafb700 | 2019-06-21, 02:19:49.746462 [info] - (/home/ghosdebd/sparkle/alps/src/globalheap/globalheap_internal.cc, 380) Allocate block size: 60
0000115 | T.0x00007f5fbaafb700 | 2019-06-21, 02:19:49.746466 [info] - (/home/ghosdebd/sparkle/alps/src/globalheap/globalheap_internal.cc, 400) Allocate block size: 60 ig: 0
0000116 | T.0x00007f5fbaafb700 | 2019-06-21, 02:19:49.746470 [info] - (/home/ghosdebd/sparkle/alps/src/globalheap/memattrib_heap.cc, 59) Allocate block size: 60
0000117 | T.0x00007f5fbaafb700 | 2019-06-21, 02:19:49.746474 [info] - (/home/ghosdebd/sparkle/alps/src/globalheap/slab.cc, 56) Allocate block: nvslab: (0xbeef, 0x12000c04c8) block: 5
0000118 | T.0x00007f5fbaafb700 | 2019-06-21, 02:19:49.746483 [info] - (/home/ghosdebd/sparkle/alps/src/globalheap/slab_heap.cc, 40) Allocate block: new_fullness: 0 old_fullness: 0
0000119 | T.0x00007f5fbaafb700 | 2019-06-21, 02:19:49.746491 [info] - (/home/ghosdebd/sparkle/alps/src/globalheap/globalheap_internal.cc, 391) Allocated block ptr: (0xbeef, 0x12000c0848) size: 60
0000120 | T.0x00007f5fbaafb700 | 2019-06-21, 02:19:49.746498 [info] - (/home/ghosdebd/sparkle/alps/src/globalheap/globalheap_internal.cc, 380) Allocate block size: 30
0000121 | T.0x00007f5fbaafb700 | 2019-06-21, 02:19:49.746506 [info] - (/home/ghosdebd/sparkle/alps/src/globalheap/globalheap_internal.cc, 400) Allocate block size: 30 ig: 0
0000122 | T.0x00007f5fbaafb700 | 2019-06-21, 02:19:49.746514 [info] - (/home/ghosdebd/sparkle/alps/src/globalheap/memattrib_heap.cc, 59) Allocate block size: 30
0000123 | T.0x00007f5fbaafb700 | 2019-06-21, 02:19:49.746523 [info] - (/home/ghosdebd/sparkle/alps/src/globalheap/slab.cc, 56) Allocate block: nvslab: (0xbeef, 0x12000804c8) block: 7
0000124 | T.0x00007f5fbaafb700 | 2019-06-21, 02:19:49.746530 [info] - (/home/ghosdebd/sparkle/alps/src/globalheap/slab_heap.cc, 40) Allocate block: new_fullness: 0 old_fullness: 0
0000125 | T.0x00007f5fbaafb700 | 2019-06-21, 02:19:49.746538 [info] - (/home/ghosdebd/sparkle/alps/src/globalheap/globalheap_internal.cc, 391) Allocated block ptr: (0xbeef, 0x12000809e8) size: 30
