0000001 | T.0x00007f74387ed700 | 2019-06-21, 02:19:48.888609 [info] - (/home/ghosdebd/sparkle/alps/src/globalheap/globalheap_internal.cc, 153) Open heap path: /lfs/spark_global0 
0000002 | T.0x00007f74387ed700 | 2019-06-21, 02:19:48.889576 [info] - (/home/ghosdebd/sparkle/alps/src/pegasus/lfs_region_file.cc, 64) Open LFS region file path: "/lfs/spark_global0" flags: O_RDWR
0000004 | T.0x00007f74387ed700 | 2019-06-21, 02:19:48.908041 [info] - (/home/ghosdebd/sparkle/alps/src/pegasus/segmap.cc, 39) map region  base_addr: 0x7ef2fc000000 size: 549755813888 addr_range: 0x7ef2fc000000--7f72fc000000
0000005 | T.0x00007f74387ed700 | 2019-06-21, 02:19:48.908095 [info] - (/home/ghosdebd/sparkle/alps/src/globalheap/globalheap_internal.cc, 158) Opened heap path: /lfs/spark_global0  size: 549755813888
0000006 | T.0x00007f74387ed700 | 2019-06-21, 02:19:49.255081 [info] - (/home/ghosdebd/sparkle/alps/src/globalheap/globalheap_internal.cc, 380) Allocate block size: 412
0000007 | T.0x00007f74309ed700 | 2019-06-21, 02:19:49.255093 [info] - (/home/ghosdebd/sparkle/alps/src/globalheap/globalheap_internal.cc, 380) Allocate block size: 412
0000008 | T.0x00007f74387ed700 | 2019-06-21, 02:19:49.255134 [info] - (/home/ghosdebd/sparkle/alps/src/globalheap/globalheap_internal.cc, 400) Allocate block size: 412 ig: 0
0000009 | T.0x00007f74309ed700 | 2019-06-21, 02:19:49.255140 [info] - (/home/ghosdebd/sparkle/alps/src/globalheap/globalheap_internal.cc, 400) Allocate block size: 412 ig: 0
0000011 | T.0x00007f74309ed700 | 2019-06-21, 02:19:49.255253 [info] - (/home/ghosdebd/sparkle/alps/src/globalheap/memattrib_heap.cc, 59) Allocate block size: 412
0000010 | T.0x00007f74387ed700 | 2019-06-21, 02:19:49.255251 [info] - (/home/ghosdebd/sparkle/alps/src/globalheap/memattrib_heap.cc, 59) Allocate block size: 412
0000012 | T.0x00007f74309ed700 | 2019-06-21, 02:19:49.255274 [info] - (/home/ghosdebd/sparkle/alps/src/globalheap/process_slab_heap.cc, 30) acquire_slab
0000013 | T.0x00007f74309ed700 | 2019-06-21, 02:19:49.255285 [info] - (/home/ghosdebd/sparkle/alps/src/globalheap/process_slab_heap.cc, 33) acquire_slab: locked
0000014 | T.0x00007f74309ed700 | 2019-06-21, 02:19:49.255295 [info] - (/home/ghosdebd/sparkle/alps/src/globalheap/extentheap.hh, 116) malloc
0000015 | T.0x00007f74309ed700 | 2019-06-21, 02:19:49.255380 [info] - (/home/ghosdebd/sparkle/alps/src/globalheap/zone.hh, 40) NVZONE: 0x7f00fc000400
0000016 | T.0x00007f74309ed700 | 2019-06-21, 02:19:49.255397 [info] - (/home/ghosdebd/sparkle/alps/src/globalheap/zone.hh, 41) NVZONE: ID: 7
0000017 | T.0x00007f74309ed700 | 2019-06-21, 02:19:49.257113 [info] - (/home/ghosdebd/sparkle/alps/src/globalheap/extentmap.cc, 88) INSERT: (0, 32766)
0000018 | T.0x00007f74309ed700 | 2019-06-21, 02:19:49.257150 [info] - (/home/ghosdebd/sparkle/alps/src/globalheap/zone_heap.hh, 153) Acquired zone: 7
0000019 | T.0x00007f74309ed700 | 2019-06-21, 02:19:49.257159 [info] - (/home/ghosdebd/sparkle/alps/src/globalheap/zone.hh, 72) Enumerate zone: 7
0000020 | T.0x00007f74309ed700 | 2019-06-21, 02:19:49.258688 [info] - (/home/ghosdebd/sparkle/alps/src/globalheap/extentheap.hh, 116) malloc
0000021 | T.0x00007f74309ed700 | 2019-06-21, 02:19:49.258707 [info] - (/home/ghosdebd/sparkle/alps/src/globalheap/extentmap.cc, 88) INSERT: (1, 32765)
0000022 | T.0x00007f74309ed700 | 2019-06-21, 02:19:49.258713 [info] - (/home/ghosdebd/sparkle/alps/src/globalheap/zone.cc, 48) Allocated zone_id: 7 extent: (0, 1) 0x7f00fc0404c8
0000023 | T.0x00007f74309ed700 | 2019-06-21, 02:19:49.258734 [info] - (/home/ghosdebd/sparkle/alps/src/globalheap/process_slab_heap.cc, 50) acquire_slab: unlock 2
0000024 | T.0x00007f74309ed700 | 2019-06-21, 02:19:49.258748 [info] - (/home/ghosdebd/sparkle/alps/src/globalheap/slab.cc, 56) Allocate block: nvslab: (0xbeef, 0xe000404c8) block: 0
0000025 | T.0x00007f74309ed700 | 2019-06-21, 02:19:49.258758 [info] - (/home/ghosdebd/sparkle/alps/src/globalheap/slab_heap.cc, 40) Allocate block: new_fullness: 0 old_fullness: 0
0000026 | T.0x00007f74309ed700 | 2019-06-21, 02:19:49.258772 [info] - (/home/ghosdebd/sparkle/alps/src/globalheap/globalheap_internal.cc, 391) Allocated block ptr: (0xbeef, 0xe00040548) size: 412
0000027 | T.0x00007f74387ed700 | 2019-06-21, 02:19:49.258778 [info] - (/home/ghosdebd/sparkle/alps/src/globalheap/slab.cc, 56) Allocate block: nvslab: (0xbeef, 0xe000404c8) block: 1
0000028 | T.0x00007f74309ed700 | 2019-06-21, 02:19:49.258793 [info] - (/home/ghosdebd/sparkle/alps/src/globalheap/globalheap_internal.cc, 380) Allocate block size: 30
0000029 | T.0x00007f74387ed700 | 2019-06-21, 02:19:49.258801 [info] - (/home/ghosdebd/sparkle/alps/src/globalheap/slab_heap.cc, 40) Allocate block: new_fullness: 0 old_fullness: 0
0000030 | T.0x00007f74309ed700 | 2019-06-21, 02:19:49.258807 [info] - (/home/ghosdebd/sparkle/alps/src/globalheap/globalheap_internal.cc, 400) Allocate block size: 30 ig: 0
0000031 | T.0x00007f74387ed700 | 2019-06-21, 02:19:49.258814 [info] - (/home/ghosdebd/sparkle/alps/src/globalheap/globalheap_internal.cc, 391) Allocated block ptr: (0xbeef, 0xe000406e8) size: 412
0000032 | T.0x00007f74309ed700 | 2019-06-21, 02:19:49.258819 [info] - (/home/ghosdebd/sparkle/alps/src/globalheap/memattrib_heap.cc, 59) Allocate block size: 30
0000033 | T.0x00007f74387ed700 | 2019-06-21, 02:19:49.258832 [info] - (/home/ghosdebd/sparkle/alps/src/globalheap/globalheap_internal.cc, 380) Allocate block size: 30
0000034 | T.0x00007f74309ed700 | 2019-06-21, 02:19:49.258837 [info] - (/home/ghosdebd/sparkle/alps/src/globalheap/process_slab_heap.cc, 30) acquire_slab
0000035 | T.0x00007f74387ed700 | 2019-06-21, 02:19:49.258846 [info] - (/home/ghosdebd/sparkle/alps/src/globalheap/globalheap_internal.cc, 400) Allocate block size: 30 ig: 0
0000036 | T.0x00007f74309ed700 | 2019-06-21, 02:19:49.258852 [info] - (/home/ghosdebd/sparkle/alps/src/globalheap/process_slab_heap.cc, 33) acquire_slab: locked
0000037 | T.0x00007f74387ed700 | 2019-06-21, 02:19:49.258858 [info] - (/home/ghosdebd/sparkle/alps/src/globalheap/memattrib_heap.cc, 59) Allocate block size: 30
0000038 | T.0x00007f74309ed700 | 2019-06-21, 02:19:49.258866 [info] - (/home/ghosdebd/sparkle/alps/src/globalheap/extentheap.hh, 116) malloc
0000039 | T.0x00007f74309ed700 | 2019-06-21, 02:19:49.258888 [info] - (/home/ghosdebd/sparkle/alps/src/globalheap/extentmap.cc, 88) INSERT: (2, 32764)
0000040 | T.0x00007f74309ed700 | 2019-06-21, 02:19:49.258893 [info] - (/home/ghosdebd/sparkle/alps/src/globalheap/zone.cc, 48) Allocated zone_id: 7 extent: (1, 1) 0x7f00fc0804c8
0000041 | T.0x00007f74309ed700 | 2019-06-21, 02:19:49.259030 [info] - (/home/ghosdebd/sparkle/alps/src/globalheap/process_slab_heap.cc, 50) acquire_slab: unlock 2
0000042 | T.0x00007f74309ed700 | 2019-06-21, 02:19:49.259038 [info] - (/home/ghosdebd/sparkle/alps/src/globalheap/slab.cc, 56) Allocate block: nvslab: (0xbeef, 0xe000804c8) block: 0
0000043 | T.0x00007f74309ed700 | 2019-06-21, 02:19:49.259047 [info] - (/home/ghosdebd/sparkle/alps/src/globalheap/slab_heap.cc, 40) Allocate block: new_fullness: 0 old_fullness: 0
0000044 | T.0x00007f74309ed700 | 2019-06-21, 02:19:49.259054 [info] - (/home/ghosdebd/sparkle/alps/src/globalheap/globalheap_internal.cc, 391) Allocated block ptr: (0xbeef, 0xe00080908) size: 30
0000045 | T.0x00007f74387ed700 | 2019-06-21, 02:19:49.259057 [info] - (/home/ghosdebd/sparkle/alps/src/globalheap/slab.cc, 56) Allocate block: nvslab: (0xbeef, 0xe000804c8) block: 1
0000046 | T.0x00007f74309ed700 | 2019-06-21, 02:19:49.259066 [info] - (/home/ghosdebd/sparkle/alps/src/globalheap/globalheap_internal.cc, 380) Allocate block size: 30
0000047 | T.0x00007f74387ed700 | 2019-06-21, 02:19:49.259071 [info] - (/home/ghosdebd/sparkle/alps/src/globalheap/slab_heap.cc, 40) Allocate block: new_fullness: 0 old_fullness: 0
0000048 | T.0x00007f74309ed700 | 2019-06-21, 02:19:49.259076 [info] - (/home/ghosdebd/sparkle/alps/src/globalheap/globalheap_internal.cc, 400) Allocate block size: 30 ig: 0
0000049 | T.0x00007f74387ed700 | 2019-06-21, 02:19:49.259087 [info] - (/home/ghosdebd/sparkle/alps/src/globalheap/globalheap_internal.cc, 391) Allocated block ptr: (0xbeef, 0xe00080928) size: 30
0000050 | T.0x00007f74309ed700 | 2019-06-21, 02:19:49.259099 [info] - (/home/ghosdebd/sparkle/alps/src/globalheap/memattrib_heap.cc, 59) Allocate block size: 30
0000051 | T.0x00007f74387ed700 | 2019-06-21, 02:19:49.259109 [info] - (/home/ghosdebd/sparkle/alps/src/globalheap/globalheap_internal.cc, 380) Allocate block size: 60
0000052 | T.0x00007f74309ed700 | 2019-06-21, 02:19:49.259154 [info] - (/home/ghosdebd/sparkle/alps/src/globalheap/slab.cc, 56) Allocate block: nvslab: (0xbeef, 0xe000804c8) block: 2
0000053 | T.0x00007f74387ed700 | 2019-06-21, 02:19:49.259165 [info] - (/home/ghosdebd/sparkle/alps/src/globalheap/globalheap_internal.cc, 400) Allocate block size: 60 ig: 0
0000054 | T.0x00007f74309ed700 | 2019-06-21, 02:19:49.259175 [info] - (/home/ghosdebd/sparkle/alps/src/globalheap/slab_heap.cc, 40) Allocate block: new_fullness: 0 old_fullness: 0
0000055 | T.0x00007f74387ed700 | 2019-06-21, 02:19:49.259181 [info] - (/home/ghosdebd/sparkle/alps/src/globalheap/memattrib_heap.cc, 59) Allocate block size: 60
0000056 | T.0x00007f74309ed700 | 2019-06-21, 02:19:49.259190 [info] - (/home/ghosdebd/sparkle/alps/src/globalheap/globalheap_internal.cc, 391) Allocated block ptr: (0xbeef, 0xe00080948) size: 30
0000057 | T.0x00007f74387ed700 | 2019-06-21, 02:19:49.259200 [info] - (/home/ghosdebd/sparkle/alps/src/globalheap/process_slab_heap.cc, 30) acquire_slab
0000058 | T.0x00007f74309ed700 | 2019-06-21, 02:19:49.259206 [info] - (/home/ghosdebd/sparkle/alps/src/globalheap/globalheap_internal.cc, 380) Allocate block size: 60
0000059 | T.0x00007f74387ed700 | 2019-06-21, 02:19:49.259211 [info] - (/home/ghosdebd/sparkle/alps/src/globalheap/process_slab_heap.cc, 33) acquire_slab: locked
0000060 | T.0x00007f74309ed700 | 2019-06-21, 02:19:49.259226 [info] - (/home/ghosdebd/sparkle/alps/src/globalheap/globalheap_internal.cc, 400) Allocate block size: 60 ig: 0
0000061 | T.0x00007f74387ed700 | 2019-06-21, 02:19:49.259240 [info] - (/home/ghosdebd/sparkle/alps/src/globalheap/extentheap.hh, 116) malloc
0000062 | T.0x00007f74309ed700 | 2019-06-21, 02:19:49.259249 [info] - (/home/ghosdebd/sparkle/alps/src/globalheap/memattrib_heap.cc, 59) Allocate block size: 60
0000063 | T.0x00007f74387ed700 | 2019-06-21, 02:19:49.259259 [info] - (/home/ghosdebd/sparkle/alps/src/globalheap/extentmap.cc, 88) INSERT: (3, 32763)
0000064 | T.0x00007f74387ed700 | 2019-06-21, 02:19:49.259280 [info] - (/home/ghosdebd/sparkle/alps/src/globalheap/zone.cc, 48) Allocated zone_id: 7 extent: (2, 1) 0x7f00fc0c04c8
0000065 | T.0x00007f74387ed700 | 2019-06-21, 02:19:49.259479 [info] - (/home/ghosdebd/sparkle/alps/src/globalheap/process_slab_heap.cc, 50) acquire_slab: unlock 2
0000066 | T.0x00007f74387ed700 | 2019-06-21, 02:19:49.259491 [info] - (/home/ghosdebd/sparkle/alps/src/globalheap/slab.cc, 56) Allocate block: nvslab: (0xbeef, 0xe000c04c8) block: 0
0000067 | T.0x00007f74387ed700 | 2019-06-21, 02:19:49.259499 [info] - (/home/ghosdebd/sparkle/alps/src/globalheap/slab_heap.cc, 40) Allocate block: new_fullness: 0 old_fullness: 0
0000068 | T.0x00007f74387ed700 | 2019-06-21, 02:19:49.259511 [info] - (/home/ghosdebd/sparkle/alps/src/globalheap/globalheap_internal.cc, 391) Allocated block ptr: (0xbeef, 0xe000c0708) size: 60
0000069 | T.0x00007f74309ed700 | 2019-06-21, 02:19:49.259514 [info] - (/home/ghosdebd/sparkle/alps/src/globalheap/slab.cc, 56) Allocate block: nvslab: (0xbeef, 0xe000c04c8) block: 1
0000070 | T.0x00007f74387ed700 | 2019-06-21, 02:19:49.259521 [info] - (/home/ghosdebd/sparkle/alps/src/globalheap/globalheap_internal.cc, 380) Allocate block size: 30
0000071 | T.0x00007f74309ed700 | 2019-06-21, 02:19:49.259541 [info] - (/home/ghosdebd/sparkle/alps/src/globalheap/slab_heap.cc, 40) Allocate block: new_fullness: 0 old_fullness: 0
0000072 | T.0x00007f74387ed700 | 2019-06-21, 02:19:49.259548 [info] - (/home/ghosdebd/sparkle/alps/src/globalheap/globalheap_internal.cc, 400) Allocate block size: 30 ig: 0
0000073 | T.0x00007f74309ed700 | 2019-06-21, 02:19:49.259553 [info] - (/home/ghosdebd/sparkle/alps/src/globalheap/globalheap_internal.cc, 391) Allocated block ptr: (0xbeef, 0xe000c0748) size: 60
0000074 | T.0x00007f74387ed700 | 2019-06-21, 02:19:49.259564 [info] - (/home/ghosdebd/sparkle/alps/src/globalheap/memattrib_heap.cc, 59) Allocate block size: 30
0000075 | T.0x00007f74309ed700 | 2019-06-21, 02:19:49.259571 [info] - (/home/ghosdebd/sparkle/alps/src/globalheap/globalheap_internal.cc, 380) Allocate block size: 60
0000076 | T.0x00007f74387ed700 | 2019-06-21, 02:19:49.259579 [info] - (/home/ghosdebd/sparkle/alps/src/globalheap/slab.cc, 56) Allocate block: nvslab: (0xbeef, 0xe000804c8) block: 3
0000077 | T.0x00007f74309ed700 | 2019-06-21, 02:19:49.259589 [info] - (/home/ghosdebd/sparkle/alps/src/globalheap/globalheap_internal.cc, 400) Allocate block size: 60 ig: 0
0000078 | T.0x00007f74387ed700 | 2019-06-21, 02:19:49.259599 [info] - (/home/ghosdebd/sparkle/alps/src/globalheap/slab_heap.cc, 40) Allocate block: new_fullness: 0 old_fullness: 0
0000079 | T.0x00007f74309ed700 | 2019-06-21, 02:19:49.259610 [info] - (/home/ghosdebd/sparkle/alps/src/globalheap/memattrib_heap.cc, 59) Allocate block size: 60
0000080 | T.0x00007f74387ed700 | 2019-06-21, 02:19:49.259620 [info] - (/home/ghosdebd/sparkle/alps/src/globalheap/globalheap_internal.cc, 391) Allocated block ptr: (0xbeef, 0xe00080968) size: 30
0000081 | T.0x00007f74309ed700 | 2019-06-21, 02:19:49.259634 [info] - (/home/ghosdebd/sparkle/alps/src/globalheap/slab.cc, 56) Allocate block: nvslab: (0xbeef, 0xe000c04c8) block: 2
0000082 | T.0x00007f74387ed700 | 2019-06-21, 02:19:49.259644 [info] - (/home/ghosdebd/sparkle/alps/src/globalheap/globalheap_internal.cc, 380) Allocate block size: 30
0000083 | T.0x00007f74309ed700 | 2019-06-21, 02:19:49.259654 [info] - (/home/ghosdebd/sparkle/alps/src/globalheap/slab_heap.cc, 40) Allocate block: new_fullness: 0 old_fullness: 0
0000084 | T.0x00007f74387ed700 | 2019-06-21, 02:19:49.259667 [info] - (/home/ghosdebd/sparkle/alps/src/globalheap/globalheap_internal.cc, 400) Allocate block size: 30 ig: 0
0000085 | T.0x00007f74309ed700 | 2019-06-21, 02:19:49.259676 [info] - (/home/ghosdebd/sparkle/alps/src/globalheap/globalheap_internal.cc, 391) Allocated block ptr: (0xbeef, 0xe000c0788) size: 60
0000086 | T.0x00007f74387ed700 | 2019-06-21, 02:19:49.259686 [info] - (/home/ghosdebd/sparkle/alps/src/globalheap/memattrib_heap.cc, 59) Allocate block size: 30
0000087 | T.0x00007f74309ed700 | 2019-06-21, 02:19:49.259697 [info] - (/home/ghosdebd/sparkle/alps/src/globalheap/globalheap_internal.cc, 380) Allocate block size: 30
0000088 | T.0x00007f74387ed700 | 2019-06-21, 02:19:49.259709 [info] - (/home/ghosdebd/sparkle/alps/src/globalheap/slab.cc, 56) Allocate block: nvslab: (0xbeef, 0xe000804c8) block: 4
0000089 | T.0x00007f74309ed700 | 2019-06-21, 02:19:49.259719 [info] - (/home/ghosdebd/sparkle/alps/src/globalheap/globalheap_internal.cc, 400) Allocate block size: 30 ig: 0
0000090 | T.0x00007f74387ed700 | 2019-06-21, 02:19:49.259728 [info] - (/home/ghosdebd/sparkle/alps/src/globalheap/slab_heap.cc, 40) Allocate block: new_fullness: 0 old_fullness: 0
0000092 | T.0x00007f74387ed700 | 2019-06-21, 02:19:49.259749 [info] - (/home/ghosdebd/sparkle/alps/src/globalheap/globalheap_internal.cc, 391) Allocated block ptr: (0xbeef, 0xe00080988) size: 30
0000091 | T.0x00007f74309ed700 | 2019-06-21, 02:19:49.259741 [info] - (/home/ghosdebd/sparkle/alps/src/globalheap/memattrib_heap.cc, 59) Allocate block size: 30
0000093 | T.0x00007f74387ed700 | 2019-06-21, 02:19:49.259756 [info] - (/home/ghosdebd/sparkle/alps/src/globalheap/globalheap_internal.cc, 380) Allocate block size: 60
0000094 | T.0x00007f74309ed700 | 2019-06-21, 02:19:49.259763 [info] - (/home/ghosdebd/sparkle/alps/src/globalheap/slab.cc, 56) Allocate block: nvslab: (0xbeef, 0xe000804c8) block: 5
0000095 | T.0x00007f74387ed700 | 2019-06-21, 02:19:49.259771 [info] - (/home/ghosdebd/sparkle/alps/src/globalheap/globalheap_internal.cc, 400) Allocate block size: 60 ig: 0
0000096 | T.0x00007f74309ed700 | 2019-06-21, 02:19:49.259781 [info] - (/home/ghosdebd/sparkle/alps/src/globalheap/slab_heap.cc, 40) Allocate block: new_fullness: 0 old_fullness: 0
0000097 | T.0x00007f74387ed700 | 2019-06-21, 02:19:49.259793 [info] - (/home/ghosdebd/sparkle/alps/src/globalheap/memattrib_heap.cc, 59) Allocate block size: 60
0000098 | T.0x00007f74309ed700 | 2019-06-21, 02:19:49.259799 [info] - (/home/ghosdebd/sparkle/alps/src/globalheap/globalheap_internal.cc, 391) Allocated block ptr: (0xbeef, 0xe000809a8) size: 30
0000099 | T.0x00007f74387ed700 | 2019-06-21, 02:19:49.259809 [info] - (/home/ghosdebd/sparkle/alps/src/globalheap/slab.cc, 56) Allocate block: nvslab: (0xbeef, 0xe000c04c8) block: 3
0000100 | T.0x00007f74309ed700 | 2019-06-21, 02:19:49.259828 [info] - (/home/ghosdebd/sparkle/alps/src/globalheap/globalheap_internal.cc, 380) Allocate block size: 30
0000101 | T.0x00007f74387ed700 | 2019-06-21, 02:19:49.259835 [info] - (/home/ghosdebd/sparkle/alps/src/globalheap/slab_heap.cc, 40) Allocate block: new_fullness: 0 old_fullness: 0
0000102 | T.0x00007f74309ed700 | 2019-06-21, 02:19:49.259841 [info] - (/home/ghosdebd/sparkle/alps/src/globalheap/globalheap_internal.cc, 400) Allocate block size: 30 ig: 0
0000103 | T.0x00007f74387ed700 | 2019-06-21, 02:19:49.259851 [info] - (/home/ghosdebd/sparkle/alps/src/globalheap/globalheap_internal.cc, 391) Allocated block ptr: (0xbeef, 0xe000c07c8) size: 60
0000104 | T.0x00007f74309ed700 | 2019-06-21, 02:19:49.259861 [info] - (/home/ghosdebd/sparkle/alps/src/globalheap/memattrib_heap.cc, 59) Allocate block size: 30
0000105 | T.0x00007f74387ed700 | 2019-06-21, 02:19:49.259873 [info] - (/home/ghosdebd/sparkle/alps/src/globalheap/globalheap_internal.cc, 380) Allocate block size: 30
0000106 | T.0x00007f74309ed700 | 2019-06-21, 02:19:49.259882 [info] - (/home/ghosdebd/sparkle/alps/src/globalheap/slab.cc, 56) Allocate block: nvslab: (0xbeef, 0xe000804c8) block: 6
0000107 | T.0x00007f74387ed700 | 2019-06-21, 02:19:49.259890 [info] - (/home/ghosdebd/sparkle/alps/src/globalheap/globalheap_internal.cc, 400) Allocate block size: 30 ig: 0
0000108 | T.0x00007f74309ed700 | 2019-06-21, 02:19:49.259899 [info] - (/home/ghosdebd/sparkle/alps/src/globalheap/slab_heap.cc, 40) Allocate block: new_fullness: 0 old_fullness: 0
0000109 | T.0x00007f74387ed700 | 2019-06-21, 02:19:49.259909 [info] - (/home/ghosdebd/sparkle/alps/src/globalheap/memattrib_heap.cc, 59) Allocate block size: 30
0000110 | T.0x00007f74309ed700 | 2019-06-21, 02:19:49.259918 [info] - (/home/ghosdebd/sparkle/alps/src/globalheap/globalheap_internal.cc, 391) Allocated block ptr: (0xbeef, 0xe000809c8) size: 30
0000111 | T.0x00007f74387ed700 | 2019-06-21, 02:19:49.259925 [info] - (/home/ghosdebd/sparkle/alps/src/globalheap/slab.cc, 56) Allocate block: nvslab: (0xbeef, 0xe000804c8) block: 7
0000112 | T.0x00007f74309ed700 | 2019-06-21, 02:19:49.259934 [info] - (/home/ghosdebd/sparkle/alps/src/globalheap/globalheap_internal.cc, 380) Allocate block size: 60
0000113 | T.0x00007f74387ed700 | 2019-06-21, 02:19:49.259943 [info] - (/home/ghosdebd/sparkle/alps/src/globalheap/slab_heap.cc, 40) Allocate block: new_fullness: 0 old_fullness: 0
0000114 | T.0x00007f74309ed700 | 2019-06-21, 02:19:49.259954 [info] - (/home/ghosdebd/sparkle/alps/src/globalheap/globalheap_internal.cc, 400) Allocate block size: 60 ig: 0
0000116 | T.0x00007f74309ed700 | 2019-06-21, 02:19:49.259975 [info] - (/home/ghosdebd/sparkle/alps/src/globalheap/memattrib_heap.cc, 59) Allocate block size: 60
0000115 | T.0x00007f74387ed700 | 2019-06-21, 02:19:49.259964 [info] - (/home/ghosdebd/sparkle/alps/src/globalheap/globalheap_internal.cc, 391) Allocated block ptr: (0xbeef, 0xe000809e8) size: 30
0000117 | T.0x00007f74309ed700 | 2019-06-21, 02:19:49.259981 [info] - (/home/ghosdebd/sparkle/alps/src/globalheap/slab.cc, 56) Allocate block: nvslab: (0xbeef, 0xe000c04c8) block: 4
0000118 | T.0x00007f74387ed700 | 2019-06-21, 02:19:49.259996 [info] - (/home/ghosdebd/sparkle/alps/src/globalheap/globalheap_internal.cc, 380) Allocate block size: 30
0000119 | T.0x00007f74309ed700 | 2019-06-21, 02:19:49.260008 [info] - (/home/ghosdebd/sparkle/alps/src/globalheap/slab_heap.cc, 40) Allocate block: new_fullness: 0 old_fullness: 0
0000120 | T.0x00007f74387ed700 | 2019-06-21, 02:19:49.260017 [info] - (/home/ghosdebd/sparkle/alps/src/globalheap/globalheap_internal.cc, 400) Allocate block size: 30 ig: 0
0000121 | T.0x00007f74309ed700 | 2019-06-21, 02:19:49.260027 [info] - (/home/ghosdebd/sparkle/alps/src/globalheap/globalheap_internal.cc, 391) Allocated block ptr: (0xbeef, 0xe000c0808) size: 60
0000122 | T.0x00007f74387ed700 | 2019-06-21, 02:19:49.260038 [info] - (/home/ghosdebd/sparkle/alps/src/globalheap/memattrib_heap.cc, 59) Allocate block size: 30
0000123 | T.0x00007f74387ed700 | 2019-06-21, 02:19:49.260057 [info] - (/home/ghosdebd/sparkle/alps/src/globalheap/slab.cc, 56) Allocate block: nvslab: (0xbeef, 0xe000804c8) block: 8
0000124 | T.0x00007f74387ed700 | 2019-06-21, 02:19:49.260061 [info] - (/home/ghosdebd/sparkle/alps/src/globalheap/slab_heap.cc, 40) Allocate block: new_fullness: 0 old_fullness: 0
0000125 | T.0x00007f74387ed700 | 2019-06-21, 02:19:49.260069 [info] - (/home/ghosdebd/sparkle/alps/src/globalheap/globalheap_internal.cc, 391) Allocated block ptr: (0xbeef, 0xe00080a08) size: 30
0000126 | T.0x00007f74387ed700 | 2019-06-21, 02:19:49.260075 [info] - (/home/ghosdebd/sparkle/alps/src/globalheap/globalheap_internal.cc, 380) Allocate block size: 30
0000127 | T.0x00007f74387ed700 | 2019-06-21, 02:19:49.260083 [info] - (/home/ghosdebd/sparkle/alps/src/globalheap/globalheap_internal.cc, 400) Allocate block size: 30 ig: 0
0000128 | T.0x00007f74387ed700 | 2019-06-21, 02:19:49.260091 [info] - (/home/ghosdebd/sparkle/alps/src/globalheap/memattrib_heap.cc, 59) Allocate block size: 30
0000129 | T.0x00007f74387ed700 | 2019-06-21, 02:19:49.260101 [info] - (/home/ghosdebd/sparkle/alps/src/globalheap/slab.cc, 56) Allocate block: nvslab: (0xbeef, 0xe000804c8) block: 9
0000130 | T.0x00007f74387ed700 | 2019-06-21, 02:19:49.260107 [info] - (/home/ghosdebd/sparkle/alps/src/globalheap/slab_heap.cc, 40) Allocate block: new_fullness: 0 old_fullness: 0
0000131 | T.0x00007f74387ed700 | 2019-06-21, 02:19:49.260115 [info] - (/home/ghosdebd/sparkle/alps/src/globalheap/globalheap_internal.cc, 391) Allocated block ptr: (0xbeef, 0xe00080a28) size: 30
