0000001 | T.0x00007f4c64bfa700 | 2019-06-21, 02:20:16.381554 [info] - (/home/ghosdebd/sparkle/alps/src/globalheap/globalheap_internal.cc, 153) Open heap path: /lfs/spark_global0 
0000002 | T.0x00007f4c64bfa700 | 2019-06-21, 02:20:16.382435 [info] - (/home/ghosdebd/sparkle/alps/src/pegasus/lfs_region_file.cc, 64) Open LFS region file path: "/lfs/spark_global0" flags: O_RDWR
0000004 | T.0x00007f4c64bfa700 | 2019-06-21, 02:20:16.396070 [info] - (/home/ghosdebd/sparkle/alps/src/pegasus/segmap.cc, 39) map region  base_addr: 0x7ecb08000000 size: 549755813888 addr_range: 0x7ecb08000000--7f4b08000000
0000005 | T.0x00007f4c64bfa700 | 2019-06-21, 02:20:16.396115 [info] - (/home/ghosdebd/sparkle/alps/src/globalheap/globalheap_internal.cc, 158) Opened heap path: /lfs/spark_global0  size: 549755813888
0000006 | T.0x00007f4c5cbfa700 | 2019-06-21, 02:20:16.736014 [info] - (/home/ghosdebd/sparkle/alps/src/globalheap/globalheap_internal.cc, 380) Allocate block size: 412
0000007 | T.0x00007f4c5cbfa700 | 2019-06-21, 02:20:16.736085 [info] - (/home/ghosdebd/sparkle/alps/src/globalheap/globalheap_internal.cc, 400) Allocate block size: 412 ig: 0
0000008 | T.0x00007f4c5cbfa700 | 2019-06-21, 02:20:16.736394 [info] - (/home/ghosdebd/sparkle/alps/src/globalheap/memattrib_heap.cc, 59) Allocate block size: 412
0000009 | T.0x00007f4c5cbfa700 | 2019-06-21, 02:20:16.736425 [info] - (/home/ghosdebd/sparkle/alps/src/globalheap/process_slab_heap.cc, 30) acquire_slab
0000010 | T.0x00007f4c5cbfa700 | 2019-06-21, 02:20:16.736431 [info] - (/home/ghosdebd/sparkle/alps/src/globalheap/process_slab_heap.cc, 33) acquire_slab: locked
0000011 | T.0x00007f4c5cbfa700 | 2019-06-21, 02:20:16.736440 [info] - (/home/ghosdebd/sparkle/alps/src/globalheap/extentheap.hh, 116) malloc
0000012 | T.0x00007f4c5cbfa700 | 2019-06-21, 02:20:16.736654 [info] - (/home/ghosdebd/sparkle/alps/src/globalheap/zone.hh, 40) NVZONE: 0x7ef908000400
0000013 | T.0x00007f4c5cbfa700 | 2019-06-21, 02:20:16.736663 [info] - (/home/ghosdebd/sparkle/alps/src/globalheap/zone.hh, 41) NVZONE: ID: 23
0000014 | T.0x00007f4c5cbfa700 | 2019-06-21, 02:20:16.738334 [info] - (/home/ghosdebd/sparkle/alps/src/globalheap/extentmap.cc, 88) INSERT: (0, 32766)
0000015 | T.0x00007f4c5cbfa700 | 2019-06-21, 02:20:16.738364 [info] - (/home/ghosdebd/sparkle/alps/src/globalheap/zone_heap.hh, 153) Acquired zone: 23
0000016 | T.0x00007f4c5cbfa700 | 2019-06-21, 02:20:16.738372 [info] - (/home/ghosdebd/sparkle/alps/src/globalheap/zone.hh, 72) Enumerate zone: 23
0000017 | T.0x00007f4c5cbfa700 | 2019-06-21, 02:20:16.739879 [info] - (/home/ghosdebd/sparkle/alps/src/globalheap/extentheap.hh, 116) malloc
0000018 | T.0x00007f4c5cbfa700 | 2019-06-21, 02:20:16.739896 [info] - (/home/ghosdebd/sparkle/alps/src/globalheap/extentmap.cc, 88) INSERT: (1, 32765)
0000019 | T.0x00007f4c5cbfa700 | 2019-06-21, 02:20:16.739901 [info] - (/home/ghosdebd/sparkle/alps/src/globalheap/zone.cc, 48) Allocated zone_id: 23 extent: (0, 1) 0x7ef9080404c8
0000020 | T.0x00007f4c5cbfa700 | 2019-06-21, 02:20:16.739938 [info] - (/home/ghosdebd/sparkle/alps/src/globalheap/process_slab_heap.cc, 50) acquire_slab: unlock 2
0000021 | T.0x00007f4c5cbfa700 | 2019-06-21, 02:20:16.739953 [info] - (/home/ghosdebd/sparkle/alps/src/globalheap/slab.cc, 56) Allocate block: nvslab: (0xbeef, 0x2e000404c8) block: 0
0000022 | T.0x00007f4c5cbfa700 | 2019-06-21, 02:20:16.739959 [info] - (/home/ghosdebd/sparkle/alps/src/globalheap/slab_heap.cc, 40) Allocate block: new_fullness: 0 old_fullness: 0
0000023 | T.0x00007f4c5cbfa700 | 2019-06-21, 02:20:16.739967 [info] - (/home/ghosdebd/sparkle/alps/src/globalheap/globalheap_internal.cc, 391) Allocated block ptr: (0xbeef, 0x2e00040548) size: 412
0000024 | T.0x00007f4c5cbfa700 | 2019-06-21, 02:20:16.740007 [info] - (/home/ghosdebd/sparkle/alps/src/globalheap/globalheap_internal.cc, 380) Allocate block size: 30
0000025 | T.0x00007f4c5cbfa700 | 2019-06-21, 02:20:16.740012 [info] - (/home/ghosdebd/sparkle/alps/src/globalheap/globalheap_internal.cc, 400) Allocate block size: 30 ig: 0
0000026 | T.0x00007f4c5cbfa700 | 2019-06-21, 02:20:16.740016 [info] - (/home/ghosdebd/sparkle/alps/src/globalheap/memattrib_heap.cc, 59) Allocate block size: 30
0000027 | T.0x00007f4c5cbfa700 | 2019-06-21, 02:20:16.740023 [info] - (/home/ghosdebd/sparkle/alps/src/globalheap/process_slab_heap.cc, 30) acquire_slab
0000028 | T.0x00007f4c5cbfa700 | 2019-06-21, 02:20:16.740026 [info] - (/home/ghosdebd/sparkle/alps/src/globalheap/process_slab_heap.cc, 33) acquire_slab: locked
0000029 | T.0x00007f4c5cbfa700 | 2019-06-21, 02:20:16.740029 [info] - (/home/ghosdebd/sparkle/alps/src/globalheap/extentheap.hh, 116) malloc
0000030 | T.0x00007f4c5cbfa700 | 2019-06-21, 02:20:16.740033 [info] - (/home/ghosdebd/sparkle/alps/src/globalheap/extentmap.cc, 88) INSERT: (2, 32764)
0000031 | T.0x00007f4c5cbfa700 | 2019-06-21, 02:20:16.740036 [info] - (/home/ghosdebd/sparkle/alps/src/globalheap/zone.cc, 48) Allocated zone_id: 23 extent: (1, 1) 0x7ef9080804c8
0000032 | T.0x00007f4c5cbfa700 | 2019-06-21, 02:20:16.740298 [info] - (/home/ghosdebd/sparkle/alps/src/globalheap/process_slab_heap.cc, 50) acquire_slab: unlock 2
0000033 | T.0x00007f4c5cbfa700 | 2019-06-21, 02:20:16.740302 [info] - (/home/ghosdebd/sparkle/alps/src/globalheap/slab.cc, 56) Allocate block: nvslab: (0xbeef, 0x2e000804c8) block: 0
0000034 | T.0x00007f4c5cbfa700 | 2019-06-21, 02:20:16.740306 [info] - (/home/ghosdebd/sparkle/alps/src/globalheap/slab_heap.cc, 40) Allocate block: new_fullness: 0 old_fullness: 0
0000035 | T.0x00007f4c5cbfa700 | 2019-06-21, 02:20:16.740309 [info] - (/home/ghosdebd/sparkle/alps/src/globalheap/globalheap_internal.cc, 391) Allocated block ptr: (0xbeef, 0x2e00080908) size: 30
0000036 | T.0x00007f4c5cbfa700 | 2019-06-21, 02:20:16.740313 [info] - (/home/ghosdebd/sparkle/alps/src/globalheap/globalheap_internal.cc, 380) Allocate block size: 30
0000037 | T.0x00007f4c5cbfa700 | 2019-06-21, 02:20:16.740316 [info] - (/home/ghosdebd/sparkle/alps/src/globalheap/globalheap_internal.cc, 400) Allocate block size: 30 ig: 0
0000038 | T.0x00007f4c5cbfa700 | 2019-06-21, 02:20:16.740319 [info] - (/home/ghosdebd/sparkle/alps/src/globalheap/memattrib_heap.cc, 59) Allocate block size: 30
0000039 | T.0x00007f4c5cbfa700 | 2019-06-21, 02:20:16.740323 [info] - (/home/ghosdebd/sparkle/alps/src/globalheap/slab.cc, 56) Allocate block: nvslab: (0xbeef, 0x2e000804c8) block: 1
0000040 | T.0x00007f4c5cbfa700 | 2019-06-21, 02:20:16.740326 [info] - (/home/ghosdebd/sparkle/alps/src/globalheap/slab_heap.cc, 40) Allocate block: new_fullness: 0 old_fullness: 0
0000041 | T.0x00007f4c5cbfa700 | 2019-06-21, 02:20:16.740329 [info] - (/home/ghosdebd/sparkle/alps/src/globalheap/globalheap_internal.cc, 391) Allocated block ptr: (0xbeef, 0x2e00080928) size: 30
0000042 | T.0x00007f4c5cbfa700 | 2019-06-21, 02:20:16.740333 [info] - (/home/ghosdebd/sparkle/alps/src/globalheap/globalheap_internal.cc, 380) Allocate block size: 30
0000043 | T.0x00007f4c5cbfa700 | 2019-06-21, 02:20:16.740336 [info] - (/home/ghosdebd/sparkle/alps/src/globalheap/globalheap_internal.cc, 400) Allocate block size: 30 ig: 0
0000044 | T.0x00007f4c5cbfa700 | 2019-06-21, 02:20:16.740339 [info] - (/home/ghosdebd/sparkle/alps/src/globalheap/memattrib_heap.cc, 59) Allocate block size: 30
0000045 | T.0x00007f4c5cbfa700 | 2019-06-21, 02:20:16.740342 [info] - (/home/ghosdebd/sparkle/alps/src/globalheap/slab.cc, 56) Allocate block: nvslab: (0xbeef, 0x2e000804c8) block: 2
0000046 | T.0x00007f4c5cbfa700 | 2019-06-21, 02:20:16.740345 [info] - (/home/ghosdebd/sparkle/alps/src/globalheap/slab_heap.cc, 40) Allocate block: new_fullness: 0 old_fullness: 0
0000047 | T.0x00007f4c5cbfa700 | 2019-06-21, 02:20:16.740349 [info] - (/home/ghosdebd/sparkle/alps/src/globalheap/globalheap_internal.cc, 391) Allocated block ptr: (0xbeef, 0x2e00080948) size: 30
0000048 | T.0x00007f4c5cbfa700 | 2019-06-21, 02:20:16.740352 [info] - (/home/ghosdebd/sparkle/alps/src/globalheap/globalheap_internal.cc, 380) Allocate block size: 30
0000049 | T.0x00007f4c5cbfa700 | 2019-06-21, 02:20:16.740355 [info] - (/home/ghosdebd/sparkle/alps/src/globalheap/globalheap_internal.cc, 400) Allocate block size: 30 ig: 0
0000050 | T.0x00007f4c5cbfa700 | 2019-06-21, 02:20:16.740358 [info] - (/home/ghosdebd/sparkle/alps/src/globalheap/memattrib_heap.cc, 59) Allocate block size: 30
0000051 | T.0x00007f4c5cbfa700 | 2019-06-21, 02:20:16.740420 [info] - (/home/ghosdebd/sparkle/alps/src/globalheap/slab.cc, 56) Allocate block: nvslab: (0xbeef, 0x2e000804c8) block: 3
0000052 | T.0x00007f4c5cbfa700 | 2019-06-21, 02:20:16.740423 [info] - (/home/ghosdebd/sparkle/alps/src/globalheap/slab_heap.cc, 40) Allocate block: new_fullness: 0 old_fullness: 0
0000053 | T.0x00007f4c5cbfa700 | 2019-06-21, 02:20:16.740427 [info] - (/home/ghosdebd/sparkle/alps/src/globalheap/globalheap_internal.cc, 391) Allocated block ptr: (0xbeef, 0x2e00080968) size: 30
0000054 | T.0x00007f4c5cbfa700 | 2019-06-21, 02:20:16.740430 [info] - (/home/ghosdebd/sparkle/alps/src/globalheap/globalheap_internal.cc, 380) Allocate block size: 30
0000055 | T.0x00007f4c5cbfa700 | 2019-06-21, 02:20:16.740433 [info] - (/home/ghosdebd/sparkle/alps/src/globalheap/globalheap_internal.cc, 400) Allocate block size: 30 ig: 0
0000056 | T.0x00007f4c5cbfa700 | 2019-06-21, 02:20:16.740437 [info] - (/home/ghosdebd/sparkle/alps/src/globalheap/memattrib_heap.cc, 59) Allocate block size: 30
0000057 | T.0x00007f4c5cbfa700 | 2019-06-21, 02:20:16.740440 [info] - (/home/ghosdebd/sparkle/alps/src/globalheap/slab.cc, 56) Allocate block: nvslab: (0xbeef, 0x2e000804c8) block: 4
0000058 | T.0x00007f4c5cbfa700 | 2019-06-21, 02:20:16.740443 [info] - (/home/ghosdebd/sparkle/alps/src/globalheap/slab_heap.cc, 40) Allocate block: new_fullness: 0 old_fullness: 0
0000059 | T.0x00007f4c5cbfa700 | 2019-06-21, 02:20:16.740446 [info] - (/home/ghosdebd/sparkle/alps/src/globalheap/globalheap_internal.cc, 391) Allocated block ptr: (0xbeef, 0x2e00080988) size: 30
0000060 | T.0x00007f4c5cbfa700 | 2019-06-21, 02:20:16.740450 [info] - (/home/ghosdebd/sparkle/alps/src/globalheap/globalheap_internal.cc, 380) Allocate block size: 30
0000061 | T.0x00007f4c5cbfa700 | 2019-06-21, 02:20:16.740453 [info] - (/home/ghosdebd/sparkle/alps/src/globalheap/globalheap_internal.cc, 400) Allocate block size: 30 ig: 0
0000062 | T.0x00007f4c5cbfa700 | 2019-06-21, 02:20:16.740456 [info] - (/home/ghosdebd/sparkle/alps/src/globalheap/memattrib_heap.cc, 59) Allocate block size: 30
0000063 | T.0x00007f4c5cbfa700 | 2019-06-21, 02:20:16.740459 [info] - (/home/ghosdebd/sparkle/alps/src/globalheap/slab.cc, 56) Allocate block: nvslab: (0xbeef, 0x2e000804c8) block: 5
0000064 | T.0x00007f4c5cbfa700 | 2019-06-21, 02:20:16.740463 [info] - (/home/ghosdebd/sparkle/alps/src/globalheap/slab_heap.cc, 40) Allocate block: new_fullness: 0 old_fullness: 0
0000065 | T.0x00007f4c5cbfa700 | 2019-06-21, 02:20:16.740466 [info] - (/home/ghosdebd/sparkle/alps/src/globalheap/globalheap_internal.cc, 391) Allocated block ptr: (0xbeef, 0x2e000809a8) size: 30
0000066 | T.0x00007f4c5cbfa700 | 2019-06-21, 02:20:16.740469 [info] - (/home/ghosdebd/sparkle/alps/src/globalheap/globalheap_internal.cc, 380) Allocate block size: 60
0000067 | T.0x00007f4c5cbfa700 | 2019-06-21, 02:20:16.740472 [info] - (/home/ghosdebd/sparkle/alps/src/globalheap/globalheap_internal.cc, 400) Allocate block size: 60 ig: 0
0000068 | T.0x00007f4c5cbfa700 | 2019-06-21, 02:20:16.740475 [info] - (/home/ghosdebd/sparkle/alps/src/globalheap/memattrib_heap.cc, 59) Allocate block size: 60
0000069 | T.0x00007f4c5cbfa700 | 2019-06-21, 02:20:16.740479 [info] - (/home/ghosdebd/sparkle/alps/src/globalheap/process_slab_heap.cc, 30) acquire_slab
0000070 | T.0x00007f4c5cbfa700 | 2019-06-21, 02:20:16.740482 [info] - (/home/ghosdebd/sparkle/alps/src/globalheap/process_slab_heap.cc, 33) acquire_slab: locked
0000071 | T.0x00007f4c5cbfa700 | 2019-06-21, 02:20:16.740485 [info] - (/home/ghosdebd/sparkle/alps/src/globalheap/extentheap.hh, 116) malloc
0000072 | T.0x00007f4c5cbfa700 | 2019-06-21, 02:20:16.740488 [info] - (/home/ghosdebd/sparkle/alps/src/globalheap/extentmap.cc, 88) INSERT: (3, 32763)
0000073 | T.0x00007f4c5cbfa700 | 2019-06-21, 02:20:16.740492 [info] - (/home/ghosdebd/sparkle/alps/src/globalheap/zone.cc, 48) Allocated zone_id: 23 extent: (2, 1) 0x7ef9080c04c8
0000074 | T.0x00007f4c5cbfa700 | 2019-06-21, 02:20:16.740733 [info] - (/home/ghosdebd/sparkle/alps/src/globalheap/process_slab_heap.cc, 50) acquire_slab: unlock 2
0000075 | T.0x00007f4c5cbfa700 | 2019-06-21, 02:20:16.740739 [info] - (/home/ghosdebd/sparkle/alps/src/globalheap/slab.cc, 56) Allocate block: nvslab: (0xbeef, 0x2e000c04c8) block: 0
0000076 | T.0x00007f4c5cbfa700 | 2019-06-21, 02:20:16.740742 [info] - (/home/ghosdebd/sparkle/alps/src/globalheap/slab_heap.cc, 40) Allocate block: new_fullness: 0 old_fullness: 0
0000077 | T.0x00007f4c5cbfa700 | 2019-06-21, 02:20:16.740746 [info] - (/home/ghosdebd/sparkle/alps/src/globalheap/globalheap_internal.cc, 391) Allocated block ptr: (0xbeef, 0x2e000c0708) size: 60
0000078 | T.0x00007f4c5cbfa700 | 2019-06-21, 02:20:16.740749 [info] - (/home/ghosdebd/sparkle/alps/src/globalheap/globalheap_internal.cc, 380) Allocate block size: 60
0000079 | T.0x00007f4c5cbfa700 | 2019-06-21, 02:20:16.740752 [info] - (/home/ghosdebd/sparkle/alps/src/globalheap/globalheap_internal.cc, 400) Allocate block size: 60 ig: 0
0000080 | T.0x00007f4c5cbfa700 | 2019-06-21, 02:20:16.740755 [info] - (/home/ghosdebd/sparkle/alps/src/globalheap/memattrib_heap.cc, 59) Allocate block size: 60
0000081 | T.0x00007f4c5cbfa700 | 2019-06-21, 02:20:16.740759 [info] - (/home/ghosdebd/sparkle/alps/src/globalheap/slab.cc, 56) Allocate block: nvslab: (0xbeef, 0x2e000c04c8) block: 1
0000082 | T.0x00007f4c5cbfa700 | 2019-06-21, 02:20:16.740763 [info] - (/home/ghosdebd/sparkle/alps/src/globalheap/slab_heap.cc, 40) Allocate block: new_fullness: 0 old_fullness: 0
0000083 | T.0x00007f4c5cbfa700 | 2019-06-21, 02:20:16.740766 [info] - (/home/ghosdebd/sparkle/alps/src/globalheap/globalheap_internal.cc, 391) Allocated block ptr: (0xbeef, 0x2e000c0748) size: 60
0000084 | T.0x00007f4c64bfa700 | 2019-06-21, 02:20:17.231409 [info] - (/home/ghosdebd/sparkle/alps/src/globalheap/globalheap_internal.cc, 380) Allocate block size: 412
0000085 | T.0x00007f4c64bfa700 | 2019-06-21, 02:20:17.231463 [info] - (/home/ghosdebd/sparkle/alps/src/globalheap/globalheap_internal.cc, 400) Allocate block size: 412 ig: 0
0000086 | T.0x00007f4c64bfa700 | 2019-06-21, 02:20:17.231471 [info] - (/home/ghosdebd/sparkle/alps/src/globalheap/memattrib_heap.cc, 59) Allocate block size: 412
0000087 | T.0x00007f4c64bfa700 | 2019-06-21, 02:20:17.231483 [info] - (/home/ghosdebd/sparkle/alps/src/globalheap/slab.cc, 56) Allocate block: nvslab: (0xbeef, 0x2e000404c8) block: 1
0000088 | T.0x00007f4c64bfa700 | 2019-06-21, 02:20:17.231490 [info] - (/home/ghosdebd/sparkle/alps/src/globalheap/slab_heap.cc, 40) Allocate block: new_fullness: 0 old_fullness: 0
0000089 | T.0x00007f4c64bfa700 | 2019-06-21, 02:20:17.231496 [info] - (/home/ghosdebd/sparkle/alps/src/globalheap/globalheap_internal.cc, 391) Allocated block ptr: (0xbeef, 0x2e000406e8) size: 412
0000090 | T.0x00007f4c64bfa700 | 2019-06-21, 02:20:17.231510 [info] - (/home/ghosdebd/sparkle/alps/src/globalheap/globalheap_internal.cc, 380) Allocate block size: 30
0000091 | T.0x00007f4c64bfa700 | 2019-06-21, 02:20:17.231514 [info] - (/home/ghosdebd/sparkle/alps/src/globalheap/globalheap_internal.cc, 400) Allocate block size: 30 ig: 0
0000092 | T.0x00007f4c64bfa700 | 2019-06-21, 02:20:17.231518 [info] - (/home/ghosdebd/sparkle/alps/src/globalheap/memattrib_heap.cc, 59) Allocate block size: 30
0000093 | T.0x00007f4c64bfa700 | 2019-06-21, 02:20:17.231523 [info] - (/home/ghosdebd/sparkle/alps/src/globalheap/slab.cc, 56) Allocate block: nvslab: (0xbeef, 0x2e000804c8) block: 6
0000094 | T.0x00007f4c64bfa700 | 2019-06-21, 02:20:17.231527 [info] - (/home/ghosdebd/sparkle/alps/src/globalheap/slab_heap.cc, 40) Allocate block: new_fullness: 0 old_fullness: 0
0000095 | T.0x00007f4c64bfa700 | 2019-06-21, 02:20:17.231530 [info] - (/home/ghosdebd/sparkle/alps/src/globalheap/globalheap_internal.cc, 391) Allocated block ptr: (0xbeef, 0x2e000809c8) size: 30
0000096 | T.0x00007f4c64bfa700 | 2019-06-21, 02:20:17.231534 [info] - (/home/ghosdebd/sparkle/alps/src/globalheap/globalheap_internal.cc, 380) Allocate block size: 30
0000097 | T.0x00007f4c64bfa700 | 2019-06-21, 02:20:17.231537 [info] - (/home/ghosdebd/sparkle/alps/src/globalheap/globalheap_internal.cc, 400) Allocate block size: 30 ig: 0
0000098 | T.0x00007f4c64bfa700 | 2019-06-21, 02:20:17.231571 [info] - (/home/ghosdebd/sparkle/alps/src/globalheap/memattrib_heap.cc, 59) Allocate block size: 30
0000099 | T.0x00007f4c64bfa700 | 2019-06-21, 02:20:17.231574 [info] - (/home/ghosdebd/sparkle/alps/src/globalheap/slab.cc, 56) Allocate block: nvslab: (0xbeef, 0x2e000804c8) block: 7
0000100 | T.0x00007f4c64bfa700 | 2019-06-21, 02:20:17.231579 [info] - (/home/ghosdebd/sparkle/alps/src/globalheap/slab_heap.cc, 40) Allocate block: new_fullness: 0 old_fullness: 0
0000101 | T.0x00007f4c64bfa700 | 2019-06-21, 02:20:17.231582 [info] - (/home/ghosdebd/sparkle/alps/src/globalheap/globalheap_internal.cc, 391) Allocated block ptr: (0xbeef, 0x2e000809e8) size: 30
0000102 | T.0x00007f4c64bfa700 | 2019-06-21, 02:20:17.231586 [info] - (/home/ghosdebd/sparkle/alps/src/globalheap/globalheap_internal.cc, 380) Allocate block size: 60
0000103 | T.0x00007f4c64bfa700 | 2019-06-21, 02:20:17.231590 [info] - (/home/ghosdebd/sparkle/alps/src/globalheap/globalheap_internal.cc, 400) Allocate block size: 60 ig: 0
0000104 | T.0x00007f4c64bfa700 | 2019-06-21, 02:20:17.231593 [info] - (/home/ghosdebd/sparkle/alps/src/globalheap/memattrib_heap.cc, 59) Allocate block size: 60
0000105 | T.0x00007f4c64bfa700 | 2019-06-21, 02:20:17.231598 [info] - (/home/ghosdebd/sparkle/alps/src/globalheap/slab.cc, 56) Allocate block: nvslab: (0xbeef, 0x2e000c04c8) block: 2
0000106 | T.0x00007f4c64bfa700 | 2019-06-21, 02:20:17.231602 [info] - (/home/ghosdebd/sparkle/alps/src/globalheap/slab_heap.cc, 40) Allocate block: new_fullness: 0 old_fullness: 0
0000107 | T.0x00007f4c64bfa700 | 2019-06-21, 02:20:17.231605 [info] - (/home/ghosdebd/sparkle/alps/src/globalheap/globalheap_internal.cc, 391) Allocated block ptr: (0xbeef, 0x2e000c0788) size: 60
0000108 | T.0x00007f4c64bfa700 | 2019-06-21, 02:20:17.231609 [info] - (/home/ghosdebd/sparkle/alps/src/globalheap/globalheap_internal.cc, 380) Allocate block size: 30
0000109 | T.0x00007f4c64bfa700 | 2019-06-21, 02:20:17.231613 [info] - (/home/ghosdebd/sparkle/alps/src/globalheap/globalheap_internal.cc, 400) Allocate block size: 30 ig: 0
0000110 | T.0x00007f4c64bfa700 | 2019-06-21, 02:20:17.231616 [info] - (/home/ghosdebd/sparkle/alps/src/globalheap/memattrib_heap.cc, 59) Allocate block size: 30
0000111 | T.0x00007f4c64bfa700 | 2019-06-21, 02:20:17.231625 [info] - (/home/ghosdebd/sparkle/alps/src/globalheap/slab.cc, 56) Allocate block: nvslab: (0xbeef, 0x2e000804c8) block: 8
0000112 | T.0x00007f4c64bfa700 | 2019-06-21, 02:20:17.231629 [info] - (/home/ghosdebd/sparkle/alps/src/globalheap/slab_heap.cc, 40) Allocate block: new_fullness: 0 old_fullness: 0
0000113 | T.0x00007f4c64bfa700 | 2019-06-21, 02:20:17.231632 [info] - (/home/ghosdebd/sparkle/alps/src/globalheap/globalheap_internal.cc, 391) Allocated block ptr: (0xbeef, 0x2e00080a08) size: 30
0000114 | T.0x00007f4c64bfa700 | 2019-06-21, 02:20:17.231635 [info] - (/home/ghosdebd/sparkle/alps/src/globalheap/globalheap_internal.cc, 380) Allocate block size: 30
0000115 | T.0x00007f4c64bfa700 | 2019-06-21, 02:20:17.231639 [info] - (/home/ghosdebd/sparkle/alps/src/globalheap/globalheap_internal.cc, 400) Allocate block size: 30 ig: 0
0000116 | T.0x00007f4c64bfa700 | 2019-06-21, 02:20:17.231642 [info] - (/home/ghosdebd/sparkle/alps/src/globalheap/memattrib_heap.cc, 59) Allocate block size: 30
0000117 | T.0x00007f4c64bfa700 | 2019-06-21, 02:20:17.231646 [info] - (/home/ghosdebd/sparkle/alps/src/globalheap/slab.cc, 56) Allocate block: nvslab: (0xbeef, 0x2e000804c8) block: 9
0000118 | T.0x00007f4c64bfa700 | 2019-06-21, 02:20:17.231649 [info] - (/home/ghosdebd/sparkle/alps/src/globalheap/slab_heap.cc, 40) Allocate block: new_fullness: 0 old_fullness: 0
0000119 | T.0x00007f4c64bfa700 | 2019-06-21, 02:20:17.231652 [info] - (/home/ghosdebd/sparkle/alps/src/globalheap/globalheap_internal.cc, 391) Allocated block ptr: (0xbeef, 0x2e00080a28) size: 30
0000120 | T.0x00007f4c64bfa700 | 2019-06-21, 02:20:17.231656 [info] - (/home/ghosdebd/sparkle/alps/src/globalheap/globalheap_internal.cc, 380) Allocate block size: 60
0000121 | T.0x00007f4c64bfa700 | 2019-06-21, 02:20:17.231659 [info] - (/home/ghosdebd/sparkle/alps/src/globalheap/globalheap_internal.cc, 400) Allocate block size: 60 ig: 0
0000122 | T.0x00007f4c64bfa700 | 2019-06-21, 02:20:17.231662 [info] - (/home/ghosdebd/sparkle/alps/src/globalheap/memattrib_heap.cc, 59) Allocate block size: 60
0000123 | T.0x00007f4c64bfa700 | 2019-06-21, 02:20:17.231666 [info] - (/home/ghosdebd/sparkle/alps/src/globalheap/slab.cc, 56) Allocate block: nvslab: (0xbeef, 0x2e000c04c8) block: 3
0000124 | T.0x00007f4c64bfa700 | 2019-06-21, 02:20:17.231670 [info] - (/home/ghosdebd/sparkle/alps/src/globalheap/slab_heap.cc, 40) Allocate block: new_fullness: 0 old_fullness: 0
0000125 | T.0x00007f4c64bfa700 | 2019-06-21, 02:20:17.231673 [info] - (/home/ghosdebd/sparkle/alps/src/globalheap/globalheap_internal.cc, 391) Allocated block ptr: (0xbeef, 0x2e000c07c8) size: 60
0000126 | T.0x00007f4c64bfa700 | 2019-06-21, 02:20:17.231677 [info] - (/home/ghosdebd/sparkle/alps/src/globalheap/globalheap_internal.cc, 380) Allocate block size: 30
0000127 | T.0x00007f4c64bfa700 | 2019-06-21, 02:20:17.231680 [info] - (/home/ghosdebd/sparkle/alps/src/globalheap/globalheap_internal.cc, 400) Allocate block size: 30 ig: 0
0000128 | T.0x00007f4c64bfa700 | 2019-06-21, 02:20:17.231683 [info] - (/home/ghosdebd/sparkle/alps/src/globalheap/memattrib_heap.cc, 59) Allocate block size: 30
0000129 | T.0x00007f4c64bfa700 | 2019-06-21, 02:20:17.231687 [info] - (/home/ghosdebd/sparkle/alps/src/globalheap/slab.cc, 56) Allocate block: nvslab: (0xbeef, 0x2e000804c8) block: 10
0000130 | T.0x00007f4c64bfa700 | 2019-06-21, 02:20:17.231690 [info] - (/home/ghosdebd/sparkle/alps/src/globalheap/slab_heap.cc, 40) Allocate block: new_fullness: 0 old_fullness: 0
0000131 | T.0x00007f4c64bfa700 | 2019-06-21, 02:20:17.231694 [info] - (/home/ghosdebd/sparkle/alps/src/globalheap/globalheap_internal.cc, 391) Allocated block ptr: (0xbeef, 0x2e00080a48) size: 30
0000132 | T.0x00007f4c64bfa700 | 2019-06-21, 02:20:17.231698 [info] - (/home/ghosdebd/sparkle/alps/src/globalheap/globalheap_internal.cc, 380) Allocate block size: 30
0000133 | T.0x00007f4c64bfa700 | 2019-06-21, 02:20:17.231701 [info] - (/home/ghosdebd/sparkle/alps/src/globalheap/globalheap_internal.cc, 400) Allocate block size: 30 ig: 0
0000134 | T.0x00007f4c64bfa700 | 2019-06-21, 02:20:17.231704 [info] - (/home/ghosdebd/sparkle/alps/src/globalheap/memattrib_heap.cc, 59) Allocate block size: 30
0000135 | T.0x00007f4c64bfa700 | 2019-06-21, 02:20:17.231707 [info] - (/home/ghosdebd/sparkle/alps/src/globalheap/slab.cc, 56) Allocate block: nvslab: (0xbeef, 0x2e000804c8) block: 11
0000136 | T.0x00007f4c64bfa700 | 2019-06-21, 02:20:17.231711 [info] - (/home/ghosdebd/sparkle/alps/src/globalheap/slab_heap.cc, 40) Allocate block: new_fullness: 0 old_fullness: 0
0000137 | T.0x00007f4c64bfa700 | 2019-06-21, 02:20:17.231714 [info] - (/home/ghosdebd/sparkle/alps/src/globalheap/globalheap_internal.cc, 391) Allocated block ptr: (0xbeef, 0x2e00080a68) size: 30
