OpenJDK 64-Bit Server VM warning: sched_getaffinity failed (Invalid argument)- using online processor count (1152) which may exceed available processors
OpenJDK 64-Bit Server VM warning: sched_getaffinity failed (Invalid argument)- using online processor count (1152) which may exceed available processors
OpenJDK 64-Bit Server VM warning: sched_getaffinity failed (Invalid argument)- using online processor count (1152) which may exceed available processors
OpenJDK 64-Bit Server VM warning: sched_getaffinity failed (Invalid argument)- using online processor count (1152) which may exceed available processors
Spark Command: /usr/lib64/jvm/java-1.8.0-openjdk-1.8.0/jre/bin/java -cp /var/tmp/spark2.0hpcplatform/multicore/worker89/conf:/var/tmp/spark2.0hpcplatform/multicore/worker89/assembly/target/scala-2.11/jars/* -Xmx1g org.apache.spark.deploy.worker.Worker --webui-port 8259 spark://mdc-ch1-cust4:7077 -h mdc-ch1-cust4
========================================
OpenJDK 64-Bit Server VM warning: sched_getaffinity failed (Invalid argument)- using online processor count (1152) which may exceed available processors
OpenJDK 64-Bit Server VM warning: sched_getaffinity failed (Invalid argument)- using online processor count (1152) which may exceed available processors
OpenJDK 64-Bit Server VM warning: sched_getaffinity failed (Invalid argument)- using online processor count (1152) which may exceed available processors
OpenJDK 64-Bit Server VM warning: sched_getaffinity failed (Invalid argument)- using online processor count (1152) which may exceed available processors
Using Spark's default log4j profile: org/apache/spark/log4j-defaults.properties
19/06/13 09:07:07 INFO Worker: Started daemon with process name: 646009@mdc-ch1-cust4
19/06/13 09:07:07 INFO SignalUtils: Registered signal handler for TERM
19/06/13 09:07:07 INFO SignalUtils: Registered signal handler for HUP
19/06/13 09:07:07 INFO SignalUtils: Registered signal handler for INT
OpenJDK 64-Bit Server VM warning: sched_getaffinity failed (Invalid argument)- using online processor count (1152) which may exceed available processors
OpenJDK 64-Bit Server VM warning: sched_getaffinity failed (Invalid argument)- using online processor count (1152) which may exceed available processors
19/06/13 09:07:07 WARN NativeCodeLoader: Unable to load native-hadoop library for your platform... using builtin-java classes where applicable
19/06/13 09:07:07 INFO SecurityManager: Changing view acls to: root
19/06/13 09:07:07 INFO SecurityManager: Changing modify acls to: root
19/06/13 09:07:07 INFO SecurityManager: Changing view acls groups to: 
19/06/13 09:07:07 INFO SecurityManager: Changing modify acls groups to: 
19/06/13 09:07:07 INFO SecurityManager: SecurityManager: authentication disabled; ui acls disabled; users  with view permissions: Set(root); groups with view permissions: Set(); users  with modify permissions: Set(root); groups with modify permissions: Set()
OpenJDK 64-Bit Server VM warning: sched_getaffinity failed (Invalid argument)- using online processor count (1152) which may exceed available processors
OpenJDK 64-Bit Server VM warning: sched_getaffinity failed (Invalid argument)- using online processor count (1152) which may exceed available processors
OpenJDK 64-Bit Server VM warning: sched_getaffinity failed (Invalid argument)- using online processor count (1152) which may exceed available processors
OpenJDK 64-Bit Server VM warning: sched_getaffinity failed (Invalid argument)- using online processor count (1152) which may exceed available processors
19/06/13 09:07:08 INFO Utils: Successfully started service 'sparkWorker' on port 42775.
OpenJDK 64-Bit Server VM warning: sched_getaffinity failed (Invalid argument)- using online processor count (1152) which may exceed available processors
19/06/13 09:07:09 INFO Worker: Starting Spark worker mdc-ch1-cust4:42775 with 1152 cores, 22.9 TB RAM
19/06/13 09:07:09 INFO Worker: Running Spark version 2.4.0
19/06/13 09:07:09 INFO Worker: Spark home: /var/tmp/spark2.0hpcplatform/multicore/worker89
OpenJDK 64-Bit Server VM warning: sched_getaffinity failed (Invalid argument)- using online processor count (1152) which may exceed available processors
OpenJDK 64-Bit Server VM warning: sched_getaffinity failed (Invalid argument)- using online processor count (1152) which may exceed available processors
19/06/13 09:07:09 INFO Utils: Successfully started service 'WorkerUI' on port 8259.
19/06/13 09:07:09 INFO WorkerWebUI: Bound WorkerWebUI to 0.0.0.0, and started at http://mdc-ch1-cust4.mdc.ext.hpe.com:8259
19/06/13 09:07:09 INFO Worker: Connecting to master mdc-ch1-cust4:7077...
19/06/13 09:07:09 INFO TransportClientFactory: Successfully created connection to mdc-ch1-cust4/10.1.1.4:7077 after 19 ms (0 ms spent in bootstraps)
19/06/13 09:07:09 INFO Worker: Successfully registered with master spark://mdc-ch1-cust4.mdc.ext.hpe.com:7077
19/06/13 09:20:24 INFO Worker: Asked to launch executor app-20190613092023-0000/450 for TeraSort
19/06/13 09:20:24 INFO SecurityManager: Changing view acls to: root
19/06/13 09:20:24 INFO SecurityManager: Changing modify acls to: root
19/06/13 09:20:24 INFO SecurityManager: Changing view acls groups to: 
19/06/13 09:20:24 INFO SecurityManager: Changing modify acls groups to: 
19/06/13 09:20:24 INFO SecurityManager: SecurityManager: authentication disabled; ui acls disabled; users  with view permissions: Set(root); groups with view permissions: Set(); users  with modify permissions: Set(root); groups with modify permissions: Set()
19/06/13 09:20:24 INFO Worker: Asked to launch executor app-20190613092023-0000/451 for TeraSort
19/06/13 09:20:24 INFO Worker: Asked to launch executor app-20190613092023-0000/452 for TeraSort
19/06/13 09:20:24 INFO SecurityManager: Changing view acls to: root
19/06/13 09:20:24 INFO Worker: Asked to launch executor app-20190613092023-0000/453 for TeraSort
19/06/13 09:20:24 INFO SecurityManager: Changing modify acls to: root
19/06/13 09:20:24 INFO Worker: Asked to launch executor app-20190613092023-0000/454 for TeraSort
19/06/13 09:20:24 INFO SecurityManager: Changing view acls to: root
19/06/13 09:20:24 INFO SecurityManager: Changing modify acls to: root
19/06/13 09:20:24 INFO SecurityManager: Changing view acls groups to: 
19/06/13 09:20:24 INFO SecurityManager: Changing modify acls groups to: 
19/06/13 09:20:24 INFO SecurityManager: Changing view acls to: root
19/06/13 09:20:24 INFO SecurityManager: Changing view acls to: root
19/06/13 09:20:24 INFO SecurityManager: Changing modify acls to: root
19/06/13 09:20:24 INFO SecurityManager: Changing view acls groups to: 
19/06/13 09:20:24 INFO SecurityManager: Changing modify acls groups to: 
19/06/13 09:20:24 INFO SecurityManager: SecurityManager: authentication disabled; ui acls disabled; users  with view permissions: Set(root); groups with view permissions: Set(); users  with modify permissions: Set(root); groups with modify permissions: Set()
19/06/13 09:20:24 INFO SecurityManager: Changing modify acls to: root
19/06/13 09:20:24 INFO SecurityManager: Changing view acls groups to: 
19/06/13 09:20:24 INFO SecurityManager: Changing modify acls groups to: 
19/06/13 09:20:24 INFO SecurityManager: SecurityManager: authentication disabled; ui acls disabled; users  with view permissions: Set(root); groups with view permissions: Set(); users  with modify permissions: Set(root); groups with modify permissions: Set()
19/06/13 09:20:24 INFO SecurityManager: SecurityManager: authentication disabled; ui acls disabled; users  with view permissions: Set(root); groups with view permissions: Set(); users  with modify permissions: Set(root); groups with modify permissions: Set()
19/06/13 09:20:24 INFO SecurityManager: Changing view acls groups to: 
19/06/13 09:20:24 INFO SecurityManager: Changing modify acls groups to: 
19/06/13 09:20:24 INFO SecurityManager: SecurityManager: authentication disabled; ui acls disabled; users  with view permissions: Set(root); groups with view permissions: Set(); users  with modify permissions: Set(root); groups with modify permissions: Set()
19/06/13 09:20:24 INFO ExecutorRunner: Launch command: "/usr/lib64/jvm/java-1.8.0-openjdk-1.8.0/jre/bin/java" "-cp" "/var/tmp/spark2.0hpcplatform/lib/firesteel-2.4.0.jar:/var/tmp/spark2.0hpcplatform/multicore/worker89/conf:/var/tmp/spark2.0hpcplatform/multicore/worker89/assembly/target/scala-2.11/jars/*" "-Xmx5120M" "-Dspark.driver.port=38521" "-Dspark.rpc.netty.dispatcher.numThreads=10" "-XX:ParallelGCThreads=10" "org.apache.spark.executor.CoarseGrainedExecutorBackend" "--driver-url" "spark://CoarseGrainedScheduler@mdc-ch1-cust4.mdc.ext.hpe.com:38521" "--executor-id" "450" "--hostname" "mdc-ch1-cust4" "--cores" "2" "--app-id" "app-20190613092023-0000" "--worker-url" "spark://Worker@mdc-ch1-cust4:42775"
19/06/13 09:20:24 INFO ExecutorRunner: Launch command: "/usr/lib64/jvm/java-1.8.0-openjdk-1.8.0/jre/bin/java" "-cp" "/var/tmp/spark2.0hpcplatform/lib/firesteel-2.4.0.jar:/var/tmp/spark2.0hpcplatform/multicore/worker89/conf:/var/tmp/spark2.0hpcplatform/multicore/worker89/assembly/target/scala-2.11/jars/*" "-Xmx5120M" "-Dspark.driver.port=38521" "-Dspark.rpc.netty.dispatcher.numThreads=10" "-XX:ParallelGCThreads=10" "org.apache.spark.executor.CoarseGrainedExecutorBackend" "--driver-url" "spark://CoarseGrainedScheduler@mdc-ch1-cust4.mdc.ext.hpe.com:38521" "--executor-id" "452" "--hostname" "mdc-ch1-cust4" "--cores" "2" "--app-id" "app-20190613092023-0000" "--worker-url" "spark://Worker@mdc-ch1-cust4:42775"
19/06/13 09:20:24 INFO ExecutorRunner: Launch command: "/usr/lib64/jvm/java-1.8.0-openjdk-1.8.0/jre/bin/java" "-cp" "/var/tmp/spark2.0hpcplatform/lib/firesteel-2.4.0.jar:/var/tmp/spark2.0hpcplatform/multicore/worker89/conf:/var/tmp/spark2.0hpcplatform/multicore/worker89/assembly/target/scala-2.11/jars/*" "-Xmx5120M" "-Dspark.driver.port=38521" "-Dspark.rpc.netty.dispatcher.numThreads=10" "-XX:ParallelGCThreads=10" "org.apache.spark.executor.CoarseGrainedExecutorBackend" "--driver-url" "spark://CoarseGrainedScheduler@mdc-ch1-cust4.mdc.ext.hpe.com:38521" "--executor-id" "453" "--hostname" "mdc-ch1-cust4" "--cores" "2" "--app-id" "app-20190613092023-0000" "--worker-url" "spark://Worker@mdc-ch1-cust4:42775"
19/06/13 09:20:24 INFO ExecutorRunner: Launch command: "/usr/lib64/jvm/java-1.8.0-openjdk-1.8.0/jre/bin/java" "-cp" "/var/tmp/spark2.0hpcplatform/lib/firesteel-2.4.0.jar:/var/tmp/spark2.0hpcplatform/multicore/worker89/conf:/var/tmp/spark2.0hpcplatform/multicore/worker89/assembly/target/scala-2.11/jars/*" "-Xmx5120M" "-Dspark.driver.port=38521" "-Dspark.rpc.netty.dispatcher.numThreads=10" "-XX:ParallelGCThreads=10" "org.apache.spark.executor.CoarseGrainedExecutorBackend" "--driver-url" "spark://CoarseGrainedScheduler@mdc-ch1-cust4.mdc.ext.hpe.com:38521" "--executor-id" "451" "--hostname" "mdc-ch1-cust4" "--cores" "2" "--app-id" "app-20190613092023-0000" "--worker-url" "spark://Worker@mdc-ch1-cust4:42775"
19/06/13 09:20:24 INFO ExecutorRunner: Launch command: "/usr/lib64/jvm/java-1.8.0-openjdk-1.8.0/jre/bin/java" "-cp" "/var/tmp/spark2.0hpcplatform/lib/firesteel-2.4.0.jar:/var/tmp/spark2.0hpcplatform/multicore/worker89/conf:/var/tmp/spark2.0hpcplatform/multicore/worker89/assembly/target/scala-2.11/jars/*" "-Xmx5120M" "-Dspark.driver.port=38521" "-Dspark.rpc.netty.dispatcher.numThreads=10" "-XX:ParallelGCThreads=10" "org.apache.spark.executor.CoarseGrainedExecutorBackend" "--driver-url" "spark://CoarseGrainedScheduler@mdc-ch1-cust4.mdc.ext.hpe.com:38521" "--executor-id" "454" "--hostname" "mdc-ch1-cust4" "--cores" "2" "--app-id" "app-20190613092023-0000" "--worker-url" "spark://Worker@mdc-ch1-cust4:42775"
19/06/13 09:20:28 INFO Worker: Asked to kill executor app-20190613092023-0000/451
19/06/13 09:20:28 INFO Worker: Asked to kill executor app-20190613092023-0000/454
19/06/13 09:20:28 INFO Worker: Asked to kill executor app-20190613092023-0000/450
19/06/13 09:20:28 INFO ExecutorRunner: Runner thread for executor app-20190613092023-0000/450 interrupted
19/06/13 09:20:28 INFO ExecutorRunner: Runner thread for executor app-20190613092023-0000/451 interrupted
19/06/13 09:20:28 INFO Worker: Asked to kill executor app-20190613092023-0000/453
19/06/13 09:20:28 INFO ExecutorRunner: Runner thread for executor app-20190613092023-0000/454 interrupted
19/06/13 09:20:28 INFO ExecutorRunner: Killing process!
19/06/13 09:20:28 INFO ExecutorRunner: Killing process!
19/06/13 09:20:28 INFO ExecutorRunner: Runner thread for executor app-20190613092023-0000/453 interrupted
19/06/13 09:20:28 INFO Worker: Asked to kill executor app-20190613092023-0000/452
19/06/13 09:20:28 INFO ExecutorRunner: Killing process!
19/06/13 09:20:28 INFO ExecutorRunner: Killing process!
19/06/13 09:20:28 INFO ExecutorRunner: Runner thread for executor app-20190613092023-0000/452 interrupted
19/06/13 09:20:28 INFO ExecutorRunner: Killing process!
19/06/13 09:20:29 INFO Worker: Executor app-20190613092023-0000/453 finished with state KILLED exitStatus 143
19/06/13 09:20:29 INFO ExternalShuffleBlockResolver: Clean up non-shuffle files associated with the finished executor 453
19/06/13 09:20:29 INFO ExternalShuffleBlockResolver: Executor is not registered (appId=app-20190613092023-0000, execId=453)
19/06/13 09:20:29 INFO Worker: Executor app-20190613092023-0000/451 finished with state KILLED exitStatus 143
19/06/13 09:20:29 INFO ExternalShuffleBlockResolver: Clean up non-shuffle files associated with the finished executor 451
19/06/13 09:20:29 INFO ExternalShuffleBlockResolver: Executor is not registered (appId=app-20190613092023-0000, execId=451)
19/06/13 09:20:31 INFO Worker: Executor app-20190613092023-0000/452 finished with state KILLED exitStatus 143
19/06/13 09:20:31 INFO ExternalShuffleBlockResolver: Clean up non-shuffle files associated with the finished executor 452
19/06/13 09:20:31 INFO ExternalShuffleBlockResolver: Executor is not registered (appId=app-20190613092023-0000, execId=452)
19/06/13 09:20:31 INFO Worker: Executor app-20190613092023-0000/454 finished with state KILLED exitStatus 143
19/06/13 09:20:31 INFO ExternalShuffleBlockResolver: Clean up non-shuffle files associated with the finished executor 454
19/06/13 09:20:31 INFO ExternalShuffleBlockResolver: Executor is not registered (appId=app-20190613092023-0000, execId=454)
19/06/13 09:20:35 INFO Worker: Executor app-20190613092023-0000/450 finished with state KILLED exitStatus 134
19/06/13 09:20:35 INFO ExternalShuffleBlockResolver: Clean up non-shuffle files associated with the finished executor 450
19/06/13 09:20:35 INFO ExternalShuffleBlockResolver: Executor is not registered (appId=app-20190613092023-0000, execId=450)
19/06/13 09:20:35 INFO ExternalShuffleBlockResolver: Application app-20190613092023-0000 removed, cleanupLocalDirs = true
19/06/13 09:20:35 INFO Worker: Cleaning up local directories for application app-20190613092023-0000
#
# A fatal error has been detected by the Java Runtime Environment:
#
#  SIGSEGV (0xb) at pc=0x00007f221d018407, pid=646009, tid=0x00007f1693efe700
#
# JRE version: OpenJDK Runtime Environment (8.0_212-b04) (build 1.8.0_212-b04)
# Java VM: OpenJDK 64-Bit Server VM (25.212-b04 mixed mode linux-amd64 compressed oops)
# Derivative: IcedTea 3.12.0
# Distribution: Custom build (Fri May  3 12:51:14 UTC 2019)
# Problematic frame:
# j  sun.misc.Unsafe.park(ZJ)V+0
#
# Core dump written. Default location: /var/tmp/spark2.0hpcplatform/core or core.646009
#
# An error report file with more information is saved as:
# /var/tmp/spark2.0hpcplatform/hs_err_pid646009.log
OpenJDK 64-Bit Server VM warning: sched_getaffinity failed (Invalid argument)- using online processor count (1152) which may exceed available processors
#
# If you would like to submit a bug report, please include
# instructions on how to reproduce the bug and visit:
#   https://icedtea.classpath.org/bugzilla
# The crash happened outside the Java Virtual Machine in native code.
# See problematic frame for where to report the bug.
#
