OpenJDK 64-Bit Server VM warning: sched_getaffinity failed (Invalid argument)- using online processor count (1152) which may exceed available processors
OpenJDK 64-Bit Server VM warning: sched_getaffinity failed (Invalid argument)- using online processor count (1152) which may exceed available processors
OpenJDK 64-Bit Server VM warning: sched_getaffinity failed (Invalid argument)- using online processor count (1152) which may exceed available processors
OpenJDK 64-Bit Server VM warning: sched_getaffinity failed (Invalid argument)- using online processor count (1152) which may exceed available processors
Spark Command: /usr/lib64/jvm/java-1.8.0-openjdk-1.8.0/jre/bin/java -cp /var/tmp/spark2.0hpcplatform/multicore/worker11/conf:/var/tmp/spark2.0hpcplatform/multicore/worker11/assembly/target/scala-2.11/jars/* -Xmx1g org.apache.spark.deploy.worker.Worker --webui-port 8101 spark://mdc-ch1-cust4:7077 -h mdc-ch1-cust4
========================================
OpenJDK 64-Bit Server VM warning: sched_getaffinity failed (Invalid argument)- using online processor count (1152) which may exceed available processors
OpenJDK 64-Bit Server VM warning: sched_getaffinity failed (Invalid argument)- using online processor count (1152) which may exceed available processors
OpenJDK 64-Bit Server VM warning: sched_getaffinity failed (Invalid argument)- using online processor count (1152) which may exceed available processors
OpenJDK 64-Bit Server VM warning: sched_getaffinity failed (Invalid argument)- using online processor count (1152) which may exceed available processors
Using Spark's default log4j profile: org/apache/spark/log4j-defaults.properties
19/06/13 08:27:15 INFO Worker: Started daemon with process name: 391568@mdc-ch1-cust4
19/06/13 08:27:15 INFO SignalUtils: Registered signal handler for TERM
19/06/13 08:27:15 INFO SignalUtils: Registered signal handler for HUP
19/06/13 08:27:15 INFO SignalUtils: Registered signal handler for INT
OpenJDK 64-Bit Server VM warning: sched_getaffinity failed (Invalid argument)- using online processor count (1152) which may exceed available processors
OpenJDK 64-Bit Server VM warning: sched_getaffinity failed (Invalid argument)- using online processor count (1152) which may exceed available processors
19/06/13 08:27:16 WARN NativeCodeLoader: Unable to load native-hadoop library for your platform... using builtin-java classes where applicable
19/06/13 08:27:16 INFO SecurityManager: Changing view acls to: root
19/06/13 08:27:16 INFO SecurityManager: Changing modify acls to: root
19/06/13 08:27:16 INFO SecurityManager: Changing view acls groups to: 
19/06/13 08:27:16 INFO SecurityManager: Changing modify acls groups to: 
19/06/13 08:27:16 INFO SecurityManager: SecurityManager: authentication disabled; ui acls disabled; users  with view permissions: Set(root); groups with view permissions: Set(); users  with modify permissions: Set(root); groups with modify permissions: Set()
OpenJDK 64-Bit Server VM warning: sched_getaffinity failed (Invalid argument)- using online processor count (1152) which may exceed available processors
OpenJDK 64-Bit Server VM warning: sched_getaffinity failed (Invalid argument)- using online processor count (1152) which may exceed available processors
OpenJDK 64-Bit Server VM warning: sched_getaffinity failed (Invalid argument)- using online processor count (1152) which may exceed available processors
OpenJDK 64-Bit Server VM warning: sched_getaffinity failed (Invalid argument)- using online processor count (1152) which may exceed available processors
19/06/13 08:27:16 INFO Utils: Successfully started service 'sparkWorker' on port 39865.
OpenJDK 64-Bit Server VM warning: sched_getaffinity failed (Invalid argument)- using online processor count (1152) which may exceed available processors
19/06/13 08:27:17 INFO Worker: Starting Spark worker mdc-ch1-cust4:39865 with 1152 cores, 22.9 TB RAM
19/06/13 08:27:17 INFO Worker: Running Spark version 2.4.0
19/06/13 08:27:17 INFO Worker: Spark home: /var/tmp/spark2.0hpcplatform/multicore/worker11
OpenJDK 64-Bit Server VM warning: sched_getaffinity failed (Invalid argument)- using online processor count (1152) which may exceed available processors
OpenJDK 64-Bit Server VM warning: sched_getaffinity failed (Invalid argument)- using online processor count (1152) which may exceed available processors
19/06/13 08:27:17 WARN Utils: Service 'WorkerUI' could not bind on port 8101. Attempting port 8102.
OpenJDK 64-Bit Server VM warning: sched_getaffinity failed (Invalid argument)- using online processor count (1152) which may exceed available processors
OpenJDK 64-Bit Server VM warning: sched_getaffinity failed (Invalid argument)- using online processor count (1152) which may exceed available processors
19/06/13 08:27:17 INFO Utils: Successfully started service 'WorkerUI' on port 8102.
19/06/13 08:27:17 INFO WorkerWebUI: Bound WorkerWebUI to 0.0.0.0, and started at http://mdc-ch1-cust4.mdc.ext.hpe.com:8102
19/06/13 08:27:17 INFO Worker: Connecting to master mdc-ch1-cust4:7077...
19/06/13 08:27:17 INFO TransportClientFactory: Successfully created connection to mdc-ch1-cust4/10.1.1.4:7077 after 19 ms (0 ms spent in bootstraps)
19/06/13 08:27:17 INFO Worker: Successfully registered with master spark://mdc-ch1-cust4.mdc.ext.hpe.com:7077
19/06/13 09:20:23 INFO Worker: Asked to launch executor app-20190613092023-0000/36 for TeraSort
19/06/13 09:20:23 INFO SecurityManager: Changing view acls to: root
19/06/13 09:20:23 INFO SecurityManager: Changing modify acls to: root
19/06/13 09:20:23 INFO SecurityManager: Changing view acls groups to: 
19/06/13 09:20:23 INFO SecurityManager: Changing modify acls groups to: 
19/06/13 09:20:23 INFO SecurityManager: SecurityManager: authentication disabled; ui acls disabled; users  with view permissions: Set(root); groups with view permissions: Set(); users  with modify permissions: Set(root); groups with modify permissions: Set()
19/06/13 09:20:23 INFO Worker: Asked to launch executor app-20190613092023-0000/37 for TeraSort
19/06/13 09:20:23 INFO Worker: Asked to launch executor app-20190613092023-0000/38 for TeraSort
19/06/13 09:20:23 INFO SecurityManager: Changing view acls to: root
19/06/13 09:20:23 INFO SecurityManager: Changing modify acls to: root
19/06/13 09:20:23 INFO Worker: Asked to launch executor app-20190613092023-0000/39 for TeraSort
19/06/13 09:20:23 INFO SecurityManager: Changing view acls groups to: 
19/06/13 09:20:23 INFO SecurityManager: Changing modify acls groups to: 
19/06/13 09:20:23 INFO SecurityManager: SecurityManager: authentication disabled; ui acls disabled; users  with view permissions: Set(root); groups with view permissions: Set(); users  with modify permissions: Set(root); groups with modify permissions: Set()
19/06/13 09:20:23 INFO SecurityManager: Changing view acls to: root
19/06/13 09:20:23 INFO SecurityManager: Changing modify acls to: root
19/06/13 09:20:23 INFO SecurityManager: Changing view acls groups to: 
19/06/13 09:20:23 INFO SecurityManager: Changing modify acls groups to: 
19/06/13 09:20:23 INFO SecurityManager: SecurityManager: authentication disabled; ui acls disabled; users  with view permissions: Set(root); groups with view permissions: Set(); users  with modify permissions: Set(root); groups with modify permissions: Set()
19/06/13 09:20:23 INFO Worker: Asked to launch executor app-20190613092023-0000/40 for TeraSort
19/06/13 09:20:23 INFO Worker: Asked to launch executor app-20190613092023-0000/41 for TeraSort
19/06/13 09:20:23 INFO SecurityManager: Changing view acls to: root
19/06/13 09:20:23 INFO SecurityManager: Changing modify acls to: root
19/06/13 09:20:23 INFO SecurityManager: Changing view acls groups to: 
19/06/13 09:20:23 INFO SecurityManager: Changing modify acls groups to: 
19/06/13 09:20:23 INFO SecurityManager: SecurityManager: authentication disabled; ui acls disabled; users  with view permissions: Set(root); groups with view permissions: Set(); users  with modify permissions: Set(root); groups with modify permissions: Set()
19/06/13 09:20:23 INFO SecurityManager: Changing view acls to: root
19/06/13 09:20:23 INFO SecurityManager: Changing modify acls to: root
19/06/13 09:20:23 INFO SecurityManager: Changing view acls groups to: 
19/06/13 09:20:23 INFO SecurityManager: Changing modify acls groups to: 
19/06/13 09:20:23 INFO SecurityManager: SecurityManager: authentication disabled; ui acls disabled; users  with view permissions: Set(root); groups with view permissions: Set(); users  with modify permissions: Set(root); groups with modify permissions: Set()
19/06/13 09:20:23 INFO SecurityManager: Changing view acls to: root
19/06/13 09:20:23 INFO SecurityManager: Changing modify acls to: root
19/06/13 09:20:23 INFO SecurityManager: Changing view acls groups to: 
19/06/13 09:20:23 INFO SecurityManager: Changing modify acls groups to: 
19/06/13 09:20:23 INFO SecurityManager: SecurityManager: authentication disabled; ui acls disabled; users  with view permissions: Set(root); groups with view permissions: Set(); users  with modify permissions: Set(root); groups with modify permissions: Set()
19/06/13 09:20:25 INFO ExecutorRunner: Launch command: "/usr/lib64/jvm/java-1.8.0-openjdk-1.8.0/jre/bin/java" "-cp" "/var/tmp/spark2.0hpcplatform/lib/firesteel-2.4.0.jar:/var/tmp/spark2.0hpcplatform/multicore/worker11/conf:/var/tmp/spark2.0hpcplatform/multicore/worker11/assembly/target/scala-2.11/jars/*" "-Xmx5120M" "-Dspark.driver.port=38521" "-Dspark.rpc.netty.dispatcher.numThreads=10" "-XX:ParallelGCThreads=10" "org.apache.spark.executor.CoarseGrainedExecutorBackend" "--driver-url" "spark://CoarseGrainedScheduler@mdc-ch1-cust4.mdc.ext.hpe.com:38521" "--executor-id" "39" "--hostname" "mdc-ch1-cust4" "--cores" "2" "--app-id" "app-20190613092023-0000" "--worker-url" "spark://Worker@mdc-ch1-cust4:39865"
19/06/13 09:20:25 INFO ExecutorRunner: Launch command: "/usr/lib64/jvm/java-1.8.0-openjdk-1.8.0/jre/bin/java" "-cp" "/var/tmp/spark2.0hpcplatform/lib/firesteel-2.4.0.jar:/var/tmp/spark2.0hpcplatform/multicore/worker11/conf:/var/tmp/spark2.0hpcplatform/multicore/worker11/assembly/target/scala-2.11/jars/*" "-Xmx5120M" "-Dspark.driver.port=38521" "-Dspark.rpc.netty.dispatcher.numThreads=10" "-XX:ParallelGCThreads=10" "org.apache.spark.executor.CoarseGrainedExecutorBackend" "--driver-url" "spark://CoarseGrainedScheduler@mdc-ch1-cust4.mdc.ext.hpe.com:38521" "--executor-id" "40" "--hostname" "mdc-ch1-cust4" "--cores" "2" "--app-id" "app-20190613092023-0000" "--worker-url" "spark://Worker@mdc-ch1-cust4:39865"
19/06/13 09:20:25 INFO ExecutorRunner: Launch command: "/usr/lib64/jvm/java-1.8.0-openjdk-1.8.0/jre/bin/java" "-cp" "/var/tmp/spark2.0hpcplatform/lib/firesteel-2.4.0.jar:/var/tmp/spark2.0hpcplatform/multicore/worker11/conf:/var/tmp/spark2.0hpcplatform/multicore/worker11/assembly/target/scala-2.11/jars/*" "-Xmx5120M" "-Dspark.driver.port=38521" "-Dspark.rpc.netty.dispatcher.numThreads=10" "-XX:ParallelGCThreads=10" "org.apache.spark.executor.CoarseGrainedExecutorBackend" "--driver-url" "spark://CoarseGrainedScheduler@mdc-ch1-cust4.mdc.ext.hpe.com:38521" "--executor-id" "37" "--hostname" "mdc-ch1-cust4" "--cores" "2" "--app-id" "app-20190613092023-0000" "--worker-url" "spark://Worker@mdc-ch1-cust4:39865"
19/06/13 09:20:25 INFO ExecutorRunner: Launch command: "/usr/lib64/jvm/java-1.8.0-openjdk-1.8.0/jre/bin/java" "-cp" "/var/tmp/spark2.0hpcplatform/lib/firesteel-2.4.0.jar:/var/tmp/spark2.0hpcplatform/multicore/worker11/conf:/var/tmp/spark2.0hpcplatform/multicore/worker11/assembly/target/scala-2.11/jars/*" "-Xmx5120M" "-Dspark.driver.port=38521" "-Dspark.rpc.netty.dispatcher.numThreads=10" "-XX:ParallelGCThreads=10" "org.apache.spark.executor.CoarseGrainedExecutorBackend" "--driver-url" "spark://CoarseGrainedScheduler@mdc-ch1-cust4.mdc.ext.hpe.com:38521" "--executor-id" "36" "--hostname" "mdc-ch1-cust4" "--cores" "2" "--app-id" "app-20190613092023-0000" "--worker-url" "spark://Worker@mdc-ch1-cust4:39865"
19/06/13 09:20:25 INFO ExecutorRunner: Launch command: "/usr/lib64/jvm/java-1.8.0-openjdk-1.8.0/jre/bin/java" "-cp" "/var/tmp/spark2.0hpcplatform/lib/firesteel-2.4.0.jar:/var/tmp/spark2.0hpcplatform/multicore/worker11/conf:/var/tmp/spark2.0hpcplatform/multicore/worker11/assembly/target/scala-2.11/jars/*" "-Xmx5120M" "-Dspark.driver.port=38521" "-Dspark.rpc.netty.dispatcher.numThreads=10" "-XX:ParallelGCThreads=10" "org.apache.spark.executor.CoarseGrainedExecutorBackend" "--driver-url" "spark://CoarseGrainedScheduler@mdc-ch1-cust4.mdc.ext.hpe.com:38521" "--executor-id" "41" "--hostname" "mdc-ch1-cust4" "--cores" "2" "--app-id" "app-20190613092023-0000" "--worker-url" "spark://Worker@mdc-ch1-cust4:39865"
19/06/13 09:20:25 INFO ExecutorRunner: Launch command: "/usr/lib64/jvm/java-1.8.0-openjdk-1.8.0/jre/bin/java" "-cp" "/var/tmp/spark2.0hpcplatform/lib/firesteel-2.4.0.jar:/var/tmp/spark2.0hpcplatform/multicore/worker11/conf:/var/tmp/spark2.0hpcplatform/multicore/worker11/assembly/target/scala-2.11/jars/*" "-Xmx5120M" "-Dspark.driver.port=38521" "-Dspark.rpc.netty.dispatcher.numThreads=10" "-XX:ParallelGCThreads=10" "org.apache.spark.executor.CoarseGrainedExecutorBackend" "--driver-url" "spark://CoarseGrainedScheduler@mdc-ch1-cust4.mdc.ext.hpe.com:38521" "--executor-id" "38" "--hostname" "mdc-ch1-cust4" "--cores" "2" "--app-id" "app-20190613092023-0000" "--worker-url" "spark://Worker@mdc-ch1-cust4:39865"
19/06/13 09:20:28 INFO Worker: Asked to kill executor app-20190613092023-0000/41
19/06/13 09:20:28 INFO Worker: Asked to kill executor app-20190613092023-0000/38
19/06/13 09:20:28 INFO Worker: Asked to kill executor app-20190613092023-0000/40
19/06/13 09:20:28 INFO Worker: Asked to kill executor app-20190613092023-0000/37
19/06/13 09:20:28 INFO ExecutorRunner: Runner thread for executor app-20190613092023-0000/41 interrupted
19/06/13 09:20:28 INFO ExecutorRunner: Runner thread for executor app-20190613092023-0000/38 interrupted
19/06/13 09:20:28 INFO ExecutorRunner: Killing process!
19/06/13 09:20:28 INFO ExecutorRunner: Runner thread for executor app-20190613092023-0000/37 interrupted
19/06/13 09:20:28 INFO ExecutorRunner: Runner thread for executor app-20190613092023-0000/40 interrupted
19/06/13 09:20:28 INFO ExecutorRunner: Killing process!
19/06/13 09:20:28 INFO ExecutorRunner: Killing process!
19/06/13 09:20:28 INFO Worker: Asked to kill executor app-20190613092023-0000/36
19/06/13 09:20:28 INFO ExecutorRunner: Killing process!
19/06/13 09:20:28 INFO Worker: Asked to kill executor app-20190613092023-0000/39
19/06/13 09:20:28 INFO ExecutorRunner: Runner thread for executor app-20190613092023-0000/39 interrupted
19/06/13 09:20:28 INFO ExecutorRunner: Killing process!
19/06/13 09:20:28 INFO ExecutorRunner: Runner thread for executor app-20190613092023-0000/36 interrupted
19/06/13 09:20:28 INFO ExecutorRunner: Killing process!
19/06/13 09:20:28 INFO Worker: Executor app-20190613092023-0000/40 finished with state KILLED exitStatus 143
19/06/13 09:20:28 INFO ExternalShuffleBlockResolver: Clean up non-shuffle files associated with the finished executor 40
19/06/13 09:20:28 INFO ExternalShuffleBlockResolver: Executor is not registered (appId=app-20190613092023-0000, execId=40)
19/06/13 09:20:28 INFO Worker: Executor app-20190613092023-0000/38 finished with state KILLED exitStatus 143
19/06/13 09:20:28 INFO ExternalShuffleBlockResolver: Clean up non-shuffle files associated with the finished executor 38
19/06/13 09:20:28 INFO ExternalShuffleBlockResolver: Executor is not registered (appId=app-20190613092023-0000, execId=38)
19/06/13 09:20:28 INFO Worker: Executor app-20190613092023-0000/36 finished with state KILLED exitStatus 143
19/06/13 09:20:28 INFO ExternalShuffleBlockResolver: Clean up non-shuffle files associated with the finished executor 36
19/06/13 09:20:28 INFO ExternalShuffleBlockResolver: Executor is not registered (appId=app-20190613092023-0000, execId=36)
19/06/13 09:20:28 INFO Worker: Executor app-20190613092023-0000/39 finished with state KILLED exitStatus 143
19/06/13 09:20:28 INFO ExternalShuffleBlockResolver: Clean up non-shuffle files associated with the finished executor 39
19/06/13 09:20:28 INFO ExternalShuffleBlockResolver: Executor is not registered (appId=app-20190613092023-0000, execId=39)
19/06/13 09:20:28 INFO Worker: Executor app-20190613092023-0000/37 finished with state KILLED exitStatus 143
19/06/13 09:20:28 INFO ExternalShuffleBlockResolver: Clean up non-shuffle files associated with the finished executor 37
19/06/13 09:20:28 INFO ExternalShuffleBlockResolver: Executor is not registered (appId=app-20190613092023-0000, execId=37)
19/06/13 09:20:28 INFO Worker: Executor app-20190613092023-0000/41 finished with state KILLED exitStatus 143
19/06/13 09:20:28 INFO ExternalShuffleBlockResolver: Clean up non-shuffle files associated with the finished executor 41
19/06/13 09:20:28 INFO ExternalShuffleBlockResolver: Executor is not registered (appId=app-20190613092023-0000, execId=41)
19/06/13 09:20:28 INFO Worker: Cleaning up local directories for application app-20190613092023-0000
19/06/13 09:20:28 INFO ExternalShuffleBlockResolver: Application app-20190613092023-0000 removed, cleanupLocalDirs = true
19/06/13 09:51:52 INFO Worker: Asked to launch executor app-20190613095152-0001/36 for TeraSort
19/06/13 09:51:52 INFO SecurityManager: Changing view acls to: root
19/06/13 09:51:52 INFO SecurityManager: Changing modify acls to: root
19/06/13 09:51:52 INFO SecurityManager: Changing view acls groups to: 
19/06/13 09:51:52 INFO SecurityManager: Changing modify acls groups to: 
19/06/13 09:51:52 INFO SecurityManager: SecurityManager: authentication disabled; ui acls disabled; users  with view permissions: Set(root); groups with view permissions: Set(); users  with modify permissions: Set(root); groups with modify permissions: Set()
19/06/13 09:51:52 INFO Worker: Asked to launch executor app-20190613095152-0001/37 for TeraSort
19/06/13 09:51:52 INFO SecurityManager: Changing view acls to: root
19/06/13 09:51:52 INFO SecurityManager: Changing modify acls to: root
19/06/13 09:51:52 INFO SecurityManager: Changing view acls groups to: 
19/06/13 09:51:52 INFO SecurityManager: Changing modify acls groups to: 
19/06/13 09:51:52 INFO SecurityManager: SecurityManager: authentication disabled; ui acls disabled; users  with view permissions: Set(root); groups with view permissions: Set(); users  with modify permissions: Set(root); groups with modify permissions: Set()
19/06/13 09:51:52 INFO Worker: Asked to launch executor app-20190613095152-0001/38 for TeraSort
19/06/13 09:51:52 INFO Worker: Asked to launch executor app-20190613095152-0001/39 for TeraSort
19/06/13 09:51:52 INFO Worker: Asked to launch executor app-20190613095152-0001/40 for TeraSort
19/06/13 09:51:52 INFO SecurityManager: Changing view acls to: root
19/06/13 09:51:52 INFO SecurityManager: Changing view acls to: root
19/06/13 09:51:52 INFO SecurityManager: Changing modify acls to: root
19/06/13 09:51:52 INFO SecurityManager: Changing modify acls to: root
19/06/13 09:51:52 INFO SecurityManager: Changing view acls groups to: 
19/06/13 09:51:52 INFO SecurityManager: Changing view acls groups to: 
19/06/13 09:51:52 INFO SecurityManager: Changing modify acls groups to: 
19/06/13 09:51:52 INFO SecurityManager: Changing modify acls groups to: 
19/06/13 09:51:52 INFO SecurityManager: SecurityManager: authentication disabled; ui acls disabled; users  with view permissions: Set(root); groups with view permissions: Set(); users  with modify permissions: Set(root); groups with modify permissions: Set()
19/06/13 09:51:52 INFO SecurityManager: SecurityManager: authentication disabled; ui acls disabled; users  with view permissions: Set(root); groups with view permissions: Set(); users  with modify permissions: Set(root); groups with modify permissions: Set()
19/06/13 09:51:52 INFO SecurityManager: Changing view acls to: root
19/06/13 09:51:52 INFO SecurityManager: Changing modify acls to: root
19/06/13 09:51:52 INFO SecurityManager: Changing view acls groups to: 
19/06/13 09:51:52 INFO SecurityManager: Changing modify acls groups to: 
19/06/13 09:51:52 INFO Worker: Asked to launch executor app-20190613095152-0001/41 for TeraSort
19/06/13 09:51:52 INFO SecurityManager: SecurityManager: authentication disabled; ui acls disabled; users  with view permissions: Set(root); groups with view permissions: Set(); users  with modify permissions: Set(root); groups with modify permissions: Set()
19/06/13 09:51:52 INFO ExecutorRunner: Launch command: "/usr/lib64/jvm/java-1.8.0-openjdk-1.8.0/jre/bin/java" "-cp" "/var/tmp/spark2.0hpcplatform/lib/firesteel-2.4.0.jar:/var/tmp/spark2.0hpcplatform/multicore/worker11/conf:/var/tmp/spark2.0hpcplatform/multicore/worker11/assembly/target/scala-2.11/jars/*" "-Xmx5120M" "-Dspark.driver.port=36403" "-Dspark.rpc.netty.dispatcher.numThreads=10" "-XX:ParallelGCThreads=10" "org.apache.spark.executor.CoarseGrainedExecutorBackend" "--driver-url" "spark://CoarseGrainedScheduler@mdc-ch1-cust4.mdc.ext.hpe.com:36403" "--executor-id" "36" "--hostname" "mdc-ch1-cust4" "--cores" "2" "--app-id" "app-20190613095152-0001" "--worker-url" "spark://Worker@mdc-ch1-cust4:39865"
19/06/13 09:51:52 INFO SecurityManager: Changing view acls to: root
19/06/13 09:51:52 INFO SecurityManager: Changing modify acls to: root
19/06/13 09:51:52 INFO SecurityManager: Changing view acls groups to: 
19/06/13 09:51:52 INFO SecurityManager: Changing modify acls groups to: 
19/06/13 09:51:52 INFO SecurityManager: SecurityManager: authentication disabled; ui acls disabled; users  with view permissions: Set(root); groups with view permissions: Set(); users  with modify permissions: Set(root); groups with modify permissions: Set()
19/06/13 09:51:52 INFO ExecutorRunner: Launch command: "/usr/lib64/jvm/java-1.8.0-openjdk-1.8.0/jre/bin/java" "-cp" "/var/tmp/spark2.0hpcplatform/lib/firesteel-2.4.0.jar:/var/tmp/spark2.0hpcplatform/multicore/worker11/conf:/var/tmp/spark2.0hpcplatform/multicore/worker11/assembly/target/scala-2.11/jars/*" "-Xmx5120M" "-Dspark.driver.port=36403" "-Dspark.rpc.netty.dispatcher.numThreads=10" "-XX:ParallelGCThreads=10" "org.apache.spark.executor.CoarseGrainedExecutorBackend" "--driver-url" "spark://CoarseGrainedScheduler@mdc-ch1-cust4.mdc.ext.hpe.com:36403" "--executor-id" "37" "--hostname" "mdc-ch1-cust4" "--cores" "2" "--app-id" "app-20190613095152-0001" "--worker-url" "spark://Worker@mdc-ch1-cust4:39865"
19/06/13 09:51:52 INFO ExecutorRunner: Launch command: "/usr/lib64/jvm/java-1.8.0-openjdk-1.8.0/jre/bin/java" "-cp" "/var/tmp/spark2.0hpcplatform/lib/firesteel-2.4.0.jar:/var/tmp/spark2.0hpcplatform/multicore/worker11/conf:/var/tmp/spark2.0hpcplatform/multicore/worker11/assembly/target/scala-2.11/jars/*" "-Xmx5120M" "-Dspark.driver.port=36403" "-Dspark.rpc.netty.dispatcher.numThreads=10" "-XX:ParallelGCThreads=10" "org.apache.spark.executor.CoarseGrainedExecutorBackend" "--driver-url" "spark://CoarseGrainedScheduler@mdc-ch1-cust4.mdc.ext.hpe.com:36403" "--executor-id" "40" "--hostname" "mdc-ch1-cust4" "--cores" "2" "--app-id" "app-20190613095152-0001" "--worker-url" "spark://Worker@mdc-ch1-cust4:39865"
19/06/13 09:51:52 INFO ExecutorRunner: Launch command: "/usr/lib64/jvm/java-1.8.0-openjdk-1.8.0/jre/bin/java" "-cp" "/var/tmp/spark2.0hpcplatform/lib/firesteel-2.4.0.jar:/var/tmp/spark2.0hpcplatform/multicore/worker11/conf:/var/tmp/spark2.0hpcplatform/multicore/worker11/assembly/target/scala-2.11/jars/*" "-Xmx5120M" "-Dspark.driver.port=36403" "-Dspark.rpc.netty.dispatcher.numThreads=10" "-XX:ParallelGCThreads=10" "org.apache.spark.executor.CoarseGrainedExecutorBackend" "--driver-url" "spark://CoarseGrainedScheduler@mdc-ch1-cust4.mdc.ext.hpe.com:36403" "--executor-id" "39" "--hostname" "mdc-ch1-cust4" "--cores" "2" "--app-id" "app-20190613095152-0001" "--worker-url" "spark://Worker@mdc-ch1-cust4:39865"
19/06/13 09:51:52 INFO ExecutorRunner: Launch command: "/usr/lib64/jvm/java-1.8.0-openjdk-1.8.0/jre/bin/java" "-cp" "/var/tmp/spark2.0hpcplatform/lib/firesteel-2.4.0.jar:/var/tmp/spark2.0hpcplatform/multicore/worker11/conf:/var/tmp/spark2.0hpcplatform/multicore/worker11/assembly/target/scala-2.11/jars/*" "-Xmx5120M" "-Dspark.driver.port=36403" "-Dspark.rpc.netty.dispatcher.numThreads=10" "-XX:ParallelGCThreads=10" "org.apache.spark.executor.CoarseGrainedExecutorBackend" "--driver-url" "spark://CoarseGrainedScheduler@mdc-ch1-cust4.mdc.ext.hpe.com:36403" "--executor-id" "38" "--hostname" "mdc-ch1-cust4" "--cores" "2" "--app-id" "app-20190613095152-0001" "--worker-url" "spark://Worker@mdc-ch1-cust4:39865"
19/06/13 09:51:52 INFO ExecutorRunner: Launch command: "/usr/lib64/jvm/java-1.8.0-openjdk-1.8.0/jre/bin/java" "-cp" "/var/tmp/spark2.0hpcplatform/lib/firesteel-2.4.0.jar:/var/tmp/spark2.0hpcplatform/multicore/worker11/conf:/var/tmp/spark2.0hpcplatform/multicore/worker11/assembly/target/scala-2.11/jars/*" "-Xmx5120M" "-Dspark.driver.port=36403" "-Dspark.rpc.netty.dispatcher.numThreads=10" "-XX:ParallelGCThreads=10" "org.apache.spark.executor.CoarseGrainedExecutorBackend" "--driver-url" "spark://CoarseGrainedScheduler@mdc-ch1-cust4.mdc.ext.hpe.com:36403" "--executor-id" "41" "--hostname" "mdc-ch1-cust4" "--cores" "2" "--app-id" "app-20190613095152-0001" "--worker-url" "spark://Worker@mdc-ch1-cust4:39865"
19/06/13 09:51:57 INFO Worker: Asked to kill executor app-20190613095152-0001/41
19/06/13 09:51:57 INFO ExecutorRunner: Runner thread for executor app-20190613095152-0001/41 interrupted
19/06/13 09:51:57 INFO Worker: Asked to kill executor app-20190613095152-0001/38
19/06/13 09:51:57 INFO ExecutorRunner: Killing process!
19/06/13 09:51:57 INFO ExecutorRunner: Runner thread for executor app-20190613095152-0001/38 interrupted
19/06/13 09:51:57 INFO Worker: Asked to kill executor app-20190613095152-0001/40
19/06/13 09:51:57 INFO ExecutorRunner: Killing process!
19/06/13 09:51:57 INFO ExecutorRunner: Runner thread for executor app-20190613095152-0001/40 interrupted
19/06/13 09:51:57 INFO ExecutorRunner: Killing process!
19/06/13 09:51:57 INFO Worker: Asked to kill executor app-20190613095152-0001/37
19/06/13 09:51:57 INFO Worker: Asked to kill executor app-20190613095152-0001/36
19/06/13 09:51:57 INFO Worker: Asked to kill executor app-20190613095152-0001/39
19/06/13 09:51:57 INFO ExecutorRunner: Runner thread for executor app-20190613095152-0001/39 interrupted
19/06/13 09:51:57 INFO ExecutorRunner: Killing process!
19/06/13 09:51:57 INFO ExecutorRunner: Runner thread for executor app-20190613095152-0001/36 interrupted
19/06/13 09:51:57 INFO ExecutorRunner: Killing process!
19/06/13 09:51:57 INFO ExecutorRunner: Runner thread for executor app-20190613095152-0001/37 interrupted
19/06/13 09:51:57 INFO ExecutorRunner: Killing process!
19/06/13 09:51:57 INFO Worker: Executor app-20190613095152-0001/41 finished with state KILLED exitStatus 143
19/06/13 09:51:57 INFO ExternalShuffleBlockResolver: Clean up non-shuffle files associated with the finished executor 41
19/06/13 09:51:57 INFO ExternalShuffleBlockResolver: Executor is not registered (appId=app-20190613095152-0001, execId=41)
19/06/13 09:51:57 INFO Worker: Executor app-20190613095152-0001/39 finished with state KILLED exitStatus 143
19/06/13 09:51:57 INFO ExternalShuffleBlockResolver: Clean up non-shuffle files associated with the finished executor 39
19/06/13 09:51:57 INFO ExternalShuffleBlockResolver: Executor is not registered (appId=app-20190613095152-0001, execId=39)
19/06/13 09:51:58 INFO Worker: Executor app-20190613095152-0001/38 finished with state KILLED exitStatus 143
19/06/13 09:51:58 INFO ExternalShuffleBlockResolver: Clean up non-shuffle files associated with the finished executor 38
19/06/13 09:51:58 INFO ExternalShuffleBlockResolver: Executor is not registered (appId=app-20190613095152-0001, execId=38)
19/06/13 09:51:59 INFO Worker: Executor app-20190613095152-0001/36 finished with state KILLED exitStatus 143
19/06/13 09:51:59 INFO ExternalShuffleBlockResolver: Clean up non-shuffle files associated with the finished executor 36
19/06/13 09:51:59 INFO ExternalShuffleBlockResolver: Executor is not registered (appId=app-20190613095152-0001, execId=36)
19/06/13 09:52:06 INFO Worker: Executor app-20190613095152-0001/40 finished with state KILLED exitStatus 134
19/06/13 09:52:06 INFO ExternalShuffleBlockResolver: Clean up non-shuffle files associated with the finished executor 40
19/06/13 09:52:06 INFO ExternalShuffleBlockResolver: Executor is not registered (appId=app-20190613095152-0001, execId=40)
19/06/13 09:52:06 INFO Worker: Executor app-20190613095152-0001/37 finished with state KILLED exitStatus 134
19/06/13 09:52:06 INFO ExternalShuffleBlockResolver: Clean up non-shuffle files associated with the finished executor 37
19/06/13 09:52:06 INFO ExternalShuffleBlockResolver: Executor is not registered (appId=app-20190613095152-0001, execId=37)
19/06/13 09:52:06 INFO ExternalShuffleBlockResolver: Application app-20190613095152-0001 removed, cleanupLocalDirs = true
19/06/13 09:52:06 INFO Worker: Cleaning up local directories for application app-20190613095152-0001
19/06/13 09:56:29 INFO Worker: Asked to launch executor app-20190613095629-0002/36 for TeraSort
19/06/13 09:56:29 INFO Worker: Asked to launch executor app-20190613095629-0002/37 for TeraSort
19/06/13 09:56:29 INFO SecurityManager: Changing view acls to: root
19/06/13 09:56:29 INFO SecurityManager: Changing modify acls to: root
19/06/13 09:56:29 INFO SecurityManager: Changing view acls groups to: 
19/06/13 09:56:29 INFO SecurityManager: Changing modify acls groups to: 
19/06/13 09:56:29 INFO SecurityManager: SecurityManager: authentication disabled; ui acls disabled; users  with view permissions: Set(root); groups with view permissions: Set(); users  with modify permissions: Set(root); groups with modify permissions: Set()
19/06/13 09:56:29 INFO SecurityManager: Changing view acls to: root
19/06/13 09:56:29 INFO Worker: Asked to launch executor app-20190613095629-0002/38 for TeraSort
19/06/13 09:56:29 INFO SecurityManager: Changing modify acls to: root
19/06/13 09:56:29 INFO SecurityManager: Changing view acls groups to: 
19/06/13 09:56:29 INFO SecurityManager: Changing modify acls groups to: 
19/06/13 09:56:29 INFO SecurityManager: SecurityManager: authentication disabled; ui acls disabled; users  with view permissions: Set(root); groups with view permissions: Set(); users  with modify permissions: Set(root); groups with modify permissions: Set()
19/06/13 09:56:29 INFO Worker: Asked to launch executor app-20190613095629-0002/39 for TeraSort
19/06/13 09:56:29 INFO SecurityManager: Changing view acls to: root
19/06/13 09:56:29 INFO SecurityManager: Changing modify acls to: root
19/06/13 09:56:29 INFO SecurityManager: Changing view acls groups to: 
19/06/13 09:56:29 INFO SecurityManager: Changing modify acls groups to: 
19/06/13 09:56:29 INFO SecurityManager: SecurityManager: authentication disabled; ui acls disabled; users  with view permissions: Set(root); groups with view permissions: Set(); users  with modify permissions: Set(root); groups with modify permissions: Set()
19/06/13 09:56:29 INFO Worker: Asked to launch executor app-20190613095629-0002/40 for TeraSort
19/06/13 09:56:29 INFO SecurityManager: Changing view acls to: root
19/06/13 09:56:29 INFO SecurityManager: Changing modify acls to: root
19/06/13 09:56:29 INFO Worker: Asked to launch executor app-20190613095629-0002/41 for TeraSort
19/06/13 09:56:29 INFO SecurityManager: Changing view acls to: root
19/06/13 09:56:29 INFO SecurityManager: Changing modify acls to: root
19/06/13 09:56:29 INFO SecurityManager: Changing view acls groups to: 
19/06/13 09:56:29 INFO SecurityManager: Changing modify acls groups to: 
19/06/13 09:56:29 INFO SecurityManager: SecurityManager: authentication disabled; ui acls disabled; users  with view permissions: Set(root); groups with view permissions: Set(); users  with modify permissions: Set(root); groups with modify permissions: Set()
19/06/13 09:56:29 INFO SecurityManager: Changing view acls to: root
19/06/13 09:56:29 INFO SecurityManager: Changing modify acls to: root
19/06/13 09:56:29 INFO SecurityManager: Changing view acls groups to: 
19/06/13 09:56:29 INFO SecurityManager: Changing modify acls groups to: 
19/06/13 09:56:29 INFO SecurityManager: SecurityManager: authentication disabled; ui acls disabled; users  with view permissions: Set(root); groups with view permissions: Set(); users  with modify permissions: Set(root); groups with modify permissions: Set()
19/06/13 09:56:29 INFO SecurityManager: Changing view acls groups to: 
19/06/13 09:56:29 INFO SecurityManager: Changing modify acls groups to: 
19/06/13 09:56:29 INFO SecurityManager: SecurityManager: authentication disabled; ui acls disabled; users  with view permissions: Set(root); groups with view permissions: Set(); users  with modify permissions: Set(root); groups with modify permissions: Set()
19/06/13 09:56:29 INFO ExecutorRunner: Launch command: "/usr/lib64/jvm/java-1.8.0-openjdk-1.8.0/jre/bin/java" "-cp" "/var/tmp/spark2.0hpcplatform/lib/firesteel-2.4.0.jar:/var/tmp/spark2.0hpcplatform/multicore/worker11/conf:/var/tmp/spark2.0hpcplatform/multicore/worker11/assembly/target/scala-2.11/jars/*" "-Xmx5120M" "-Dspark.driver.port=34453" "-Dspark.rpc.netty.dispatcher.numThreads=10" "-XX:ParallelGCThreads=10" "org.apache.spark.executor.CoarseGrainedExecutorBackend" "--driver-url" "spark://CoarseGrainedScheduler@mdc-ch1-cust4.mdc.ext.hpe.com:34453" "--executor-id" "38" "--hostname" "mdc-ch1-cust4" "--cores" "2" "--app-id" "app-20190613095629-0002" "--worker-url" "spark://Worker@mdc-ch1-cust4:39865"
19/06/13 09:56:29 INFO ExecutorRunner: Launch command: "/usr/lib64/jvm/java-1.8.0-openjdk-1.8.0/jre/bin/java" "-cp" "/var/tmp/spark2.0hpcplatform/lib/firesteel-2.4.0.jar:/var/tmp/spark2.0hpcplatform/multicore/worker11/conf:/var/tmp/spark2.0hpcplatform/multicore/worker11/assembly/target/scala-2.11/jars/*" "-Xmx5120M" "-Dspark.driver.port=34453" "-Dspark.rpc.netty.dispatcher.numThreads=10" "-XX:ParallelGCThreads=10" "org.apache.spark.executor.CoarseGrainedExecutorBackend" "--driver-url" "spark://CoarseGrainedScheduler@mdc-ch1-cust4.mdc.ext.hpe.com:34453" "--executor-id" "41" "--hostname" "mdc-ch1-cust4" "--cores" "2" "--app-id" "app-20190613095629-0002" "--worker-url" "spark://Worker@mdc-ch1-cust4:39865"
19/06/13 09:56:29 INFO ExecutorRunner: Launch command: "/usr/lib64/jvm/java-1.8.0-openjdk-1.8.0/jre/bin/java" "-cp" "/var/tmp/spark2.0hpcplatform/lib/firesteel-2.4.0.jar:/var/tmp/spark2.0hpcplatform/multicore/worker11/conf:/var/tmp/spark2.0hpcplatform/multicore/worker11/assembly/target/scala-2.11/jars/*" "-Xmx5120M" "-Dspark.driver.port=34453" "-Dspark.rpc.netty.dispatcher.numThreads=10" "-XX:ParallelGCThreads=10" "org.apache.spark.executor.CoarseGrainedExecutorBackend" "--driver-url" "spark://CoarseGrainedScheduler@mdc-ch1-cust4.mdc.ext.hpe.com:34453" "--executor-id" "36" "--hostname" "mdc-ch1-cust4" "--cores" "2" "--app-id" "app-20190613095629-0002" "--worker-url" "spark://Worker@mdc-ch1-cust4:39865"
19/06/13 09:56:29 INFO ExecutorRunner: Launch command: "/usr/lib64/jvm/java-1.8.0-openjdk-1.8.0/jre/bin/java" "-cp" "/var/tmp/spark2.0hpcplatform/lib/firesteel-2.4.0.jar:/var/tmp/spark2.0hpcplatform/multicore/worker11/conf:/var/tmp/spark2.0hpcplatform/multicore/worker11/assembly/target/scala-2.11/jars/*" "-Xmx5120M" "-Dspark.driver.port=34453" "-Dspark.rpc.netty.dispatcher.numThreads=10" "-XX:ParallelGCThreads=10" "org.apache.spark.executor.CoarseGrainedExecutorBackend" "--driver-url" "spark://CoarseGrainedScheduler@mdc-ch1-cust4.mdc.ext.hpe.com:34453" "--executor-id" "40" "--hostname" "mdc-ch1-cust4" "--cores" "2" "--app-id" "app-20190613095629-0002" "--worker-url" "spark://Worker@mdc-ch1-cust4:39865"
19/06/13 09:56:29 INFO ExecutorRunner: Launch command: "/usr/lib64/jvm/java-1.8.0-openjdk-1.8.0/jre/bin/java" "-cp" "/var/tmp/spark2.0hpcplatform/lib/firesteel-2.4.0.jar:/var/tmp/spark2.0hpcplatform/multicore/worker11/conf:/var/tmp/spark2.0hpcplatform/multicore/worker11/assembly/target/scala-2.11/jars/*" "-Xmx5120M" "-Dspark.driver.port=34453" "-Dspark.rpc.netty.dispatcher.numThreads=10" "-XX:ParallelGCThreads=10" "org.apache.spark.executor.CoarseGrainedExecutorBackend" "--driver-url" "spark://CoarseGrainedScheduler@mdc-ch1-cust4.mdc.ext.hpe.com:34453" "--executor-id" "37" "--hostname" "mdc-ch1-cust4" "--cores" "2" "--app-id" "app-20190613095629-0002" "--worker-url" "spark://Worker@mdc-ch1-cust4:39865"
19/06/13 09:56:30 INFO ExecutorRunner: Launch command: "/usr/lib64/jvm/java-1.8.0-openjdk-1.8.0/jre/bin/java" "-cp" "/var/tmp/spark2.0hpcplatform/lib/firesteel-2.4.0.jar:/var/tmp/spark2.0hpcplatform/multicore/worker11/conf:/var/tmp/spark2.0hpcplatform/multicore/worker11/assembly/target/scala-2.11/jars/*" "-Xmx5120M" "-Dspark.driver.port=34453" "-Dspark.rpc.netty.dispatcher.numThreads=10" "-XX:ParallelGCThreads=10" "org.apache.spark.executor.CoarseGrainedExecutorBackend" "--driver-url" "spark://CoarseGrainedScheduler@mdc-ch1-cust4.mdc.ext.hpe.com:34453" "--executor-id" "39" "--hostname" "mdc-ch1-cust4" "--cores" "2" "--app-id" "app-20190613095629-0002" "--worker-url" "spark://Worker@mdc-ch1-cust4:39865"
19/06/13 09:56:33 INFO Worker: Asked to kill executor app-20190613095629-0002/41
19/06/13 09:56:33 INFO Worker: Asked to kill executor app-20190613095629-0002/38
19/06/13 09:56:33 INFO ExecutorRunner: Runner thread for executor app-20190613095629-0002/38 interrupted
19/06/13 09:56:33 INFO ExecutorRunner: Killing process!
19/06/13 09:56:33 INFO ExecutorRunner: Runner thread for executor app-20190613095629-0002/41 interrupted
19/06/13 09:56:33 INFO ExecutorRunner: Killing process!
19/06/13 09:56:33 INFO Worker: Asked to kill executor app-20190613095629-0002/40
19/06/13 09:56:33 INFO ExecutorRunner: Runner thread for executor app-20190613095629-0002/40 interrupted
19/06/13 09:56:33 INFO ExecutorRunner: Killing process!
19/06/13 09:56:33 INFO Worker: Asked to kill executor app-20190613095629-0002/37
19/06/13 09:56:33 INFO Worker: Asked to kill executor app-20190613095629-0002/36
19/06/13 09:56:33 INFO ExecutorRunner: Runner thread for executor app-20190613095629-0002/36 interrupted
19/06/13 09:56:33 INFO ExecutorRunner: Killing process!
19/06/13 09:56:33 INFO ExecutorRunner: Runner thread for executor app-20190613095629-0002/37 interrupted
19/06/13 09:56:33 INFO Worker: Asked to kill executor app-20190613095629-0002/39
19/06/13 09:56:33 INFO ExecutorRunner: Killing process!
19/06/13 09:56:33 INFO ExecutorRunner: Runner thread for executor app-20190613095629-0002/39 interrupted
19/06/13 09:56:33 INFO ExecutorRunner: Killing process!
19/06/13 09:56:34 INFO Worker: Executor app-20190613095629-0002/41 finished with state KILLED exitStatus 143
19/06/13 09:56:34 INFO ExternalShuffleBlockResolver: Clean up non-shuffle files associated with the finished executor 41
19/06/13 09:56:34 INFO ExternalShuffleBlockResolver: Executor is not registered (appId=app-20190613095629-0002, execId=41)
19/06/13 09:56:34 INFO Worker: Executor app-20190613095629-0002/37 finished with state KILLED exitStatus 143
19/06/13 09:56:34 INFO ExternalShuffleBlockResolver: Clean up non-shuffle files associated with the finished executor 37
19/06/13 09:56:34 INFO ExternalShuffleBlockResolver: Executor is not registered (appId=app-20190613095629-0002, execId=37)
19/06/13 09:56:34 INFO Worker: Executor app-20190613095629-0002/39 finished with state KILLED exitStatus 143
19/06/13 09:56:34 INFO ExternalShuffleBlockResolver: Clean up non-shuffle files associated with the finished executor 39
19/06/13 09:56:34 INFO ExternalShuffleBlockResolver: Executor is not registered (appId=app-20190613095629-0002, execId=39)
19/06/13 09:56:35 INFO Worker: Executor app-20190613095629-0002/38 finished with state KILLED exitStatus 143
19/06/13 09:56:35 INFO ExternalShuffleBlockResolver: Clean up non-shuffle files associated with the finished executor 38
19/06/13 09:56:35 INFO ExternalShuffleBlockResolver: Executor is not registered (appId=app-20190613095629-0002, execId=38)
19/06/13 09:56:35 INFO Worker: Executor app-20190613095629-0002/36 finished with state KILLED exitStatus 143
19/06/13 09:56:35 INFO ExternalShuffleBlockResolver: Clean up non-shuffle files associated with the finished executor 36
19/06/13 09:56:35 INFO ExternalShuffleBlockResolver: Executor is not registered (appId=app-20190613095629-0002, execId=36)
19/06/13 09:56:40 INFO Worker: Executor app-20190613095629-0002/40 finished with state KILLED exitStatus 134
19/06/13 09:56:40 INFO ExternalShuffleBlockResolver: Clean up non-shuffle files associated with the finished executor 40
19/06/13 09:56:40 INFO ExternalShuffleBlockResolver: Executor is not registered (appId=app-20190613095629-0002, execId=40)
19/06/13 09:56:40 INFO ExternalShuffleBlockResolver: Application app-20190613095629-0002 removed, cleanupLocalDirs = true
19/06/13 09:56:40 INFO Worker: Cleaning up local directories for application app-20190613095629-0002
19/06/13 09:59:43 INFO Worker: Asked to launch executor app-20190613095943-0003/36 for TeraGen (1000MB)
19/06/13 09:59:43 INFO Worker: Asked to launch executor app-20190613095943-0003/37 for TeraGen (1000MB)
19/06/13 09:59:43 INFO Worker: Asked to launch executor app-20190613095943-0003/38 for TeraGen (1000MB)
19/06/13 09:59:43 INFO SecurityManager: Changing view acls to: root
19/06/13 09:59:43 INFO SecurityManager: Changing modify acls to: root
19/06/13 09:59:43 INFO SecurityManager: Changing view acls to: root
19/06/13 09:59:43 INFO SecurityManager: Changing modify acls to: root
19/06/13 09:59:43 INFO SecurityManager: Changing view acls groups to: 
19/06/13 09:59:43 INFO SecurityManager: Changing modify acls groups to: 
19/06/13 09:59:43 INFO SecurityManager: SecurityManager: authentication disabled; ui acls disabled; users  with view permissions: Set(root); groups with view permissions: Set(); users  with modify permissions: Set(root); groups with modify permissions: Set()
19/06/13 09:59:43 INFO SecurityManager: Changing view acls groups to: 
19/06/13 09:59:43 INFO SecurityManager: Changing modify acls groups to: 
19/06/13 09:59:43 INFO SecurityManager: SecurityManager: authentication disabled; ui acls disabled; users  with view permissions: Set(root); groups with view permissions: Set(); users  with modify permissions: Set(root); groups with modify permissions: Set()
19/06/13 09:59:43 INFO Worker: Asked to launch executor app-20190613095943-0003/39 for TeraGen (1000MB)
19/06/13 09:59:43 INFO SecurityManager: Changing view acls to: root
19/06/13 09:59:43 INFO SecurityManager: Changing modify acls to: root
19/06/13 09:59:43 INFO SecurityManager: Changing view acls groups to: 
19/06/13 09:59:43 INFO SecurityManager: Changing modify acls groups to: 
19/06/13 09:59:43 INFO SecurityManager: SecurityManager: authentication disabled; ui acls disabled; users  with view permissions: Set(root); groups with view permissions: Set(); users  with modify permissions: Set(root); groups with modify permissions: Set()
19/06/13 09:59:43 INFO Worker: Asked to launch executor app-20190613095943-0003/40 for TeraGen (1000MB)
19/06/13 09:59:43 INFO SecurityManager: Changing view acls to: root
19/06/13 09:59:43 INFO SecurityManager: Changing modify acls to: root
19/06/13 09:59:43 INFO SecurityManager: Changing view acls groups to: 
19/06/13 09:59:43 INFO SecurityManager: Changing modify acls groups to: 
19/06/13 09:59:43 INFO SecurityManager: SecurityManager: authentication disabled; ui acls disabled; users  with view permissions: Set(root); groups with view permissions: Set(); users  with modify permissions: Set(root); groups with modify permissions: Set()
19/06/13 09:59:43 INFO Worker: Asked to launch executor app-20190613095943-0003/41 for TeraGen (1000MB)
19/06/13 09:59:43 INFO SecurityManager: Changing view acls to: root
19/06/13 09:59:43 INFO SecurityManager: Changing modify acls to: root
19/06/13 09:59:43 INFO SecurityManager: Changing view acls groups to: 
19/06/13 09:59:43 INFO SecurityManager: Changing modify acls groups to: 
19/06/13 09:59:43 INFO SecurityManager: Changing view acls to: root
19/06/13 09:59:43 INFO SecurityManager: Changing modify acls to: root
19/06/13 09:59:43 INFO SecurityManager: Changing view acls groups to: 
19/06/13 09:59:43 INFO SecurityManager: Changing modify acls groups to: 
19/06/13 09:59:43 INFO SecurityManager: SecurityManager: authentication disabled; ui acls disabled; users  with view permissions: Set(root); groups with view permissions: Set(); users  with modify permissions: Set(root); groups with modify permissions: Set()
19/06/13 09:59:43 INFO SecurityManager: SecurityManager: authentication disabled; ui acls disabled; users  with view permissions: Set(root); groups with view permissions: Set(); users  with modify permissions: Set(root); groups with modify permissions: Set()
19/06/13 09:59:43 INFO ExecutorRunner: Launch command: "/usr/lib64/jvm/java-1.8.0-openjdk-1.8.0/jre/bin/java" "-cp" "/var/tmp/spark2.0hpcplatform/lib/firesteel-2.4.0.jar:/var/tmp/spark2.0hpcplatform/multicore/worker11/conf:/var/tmp/spark2.0hpcplatform/multicore/worker11/assembly/target/scala-2.11/jars/*" "-Xmx5120M" "-Dspark.driver.port=33105" "-Dspark.rpc.netty.dispatcher.numThreads=10" "-XX:ParallelGCThreads=10" "org.apache.spark.executor.CoarseGrainedExecutorBackend" "--driver-url" "spark://CoarseGrainedScheduler@mdc-ch1-cust4.mdc.ext.hpe.com:33105" "--executor-id" "37" "--hostname" "mdc-ch1-cust4" "--cores" "2" "--app-id" "app-20190613095943-0003" "--worker-url" "spark://Worker@mdc-ch1-cust4:39865"
19/06/13 09:59:43 INFO ExecutorRunner: Launch command: "/usr/lib64/jvm/java-1.8.0-openjdk-1.8.0/jre/bin/java" "-cp" "/var/tmp/spark2.0hpcplatform/lib/firesteel-2.4.0.jar:/var/tmp/spark2.0hpcplatform/multicore/worker11/conf:/var/tmp/spark2.0hpcplatform/multicore/worker11/assembly/target/scala-2.11/jars/*" "-Xmx5120M" "-Dspark.driver.port=33105" "-Dspark.rpc.netty.dispatcher.numThreads=10" "-XX:ParallelGCThreads=10" "org.apache.spark.executor.CoarseGrainedExecutorBackend" "--driver-url" "spark://CoarseGrainedScheduler@mdc-ch1-cust4.mdc.ext.hpe.com:33105" "--executor-id" "39" "--hostname" "mdc-ch1-cust4" "--cores" "2" "--app-id" "app-20190613095943-0003" "--worker-url" "spark://Worker@mdc-ch1-cust4:39865"
19/06/13 09:59:43 INFO ExecutorRunner: Launch command: "/usr/lib64/jvm/java-1.8.0-openjdk-1.8.0/jre/bin/java" "-cp" "/var/tmp/spark2.0hpcplatform/lib/firesteel-2.4.0.jar:/var/tmp/spark2.0hpcplatform/multicore/worker11/conf:/var/tmp/spark2.0hpcplatform/multicore/worker11/assembly/target/scala-2.11/jars/*" "-Xmx5120M" "-Dspark.driver.port=33105" "-Dspark.rpc.netty.dispatcher.numThreads=10" "-XX:ParallelGCThreads=10" "org.apache.spark.executor.CoarseGrainedExecutorBackend" "--driver-url" "spark://CoarseGrainedScheduler@mdc-ch1-cust4.mdc.ext.hpe.com:33105" "--executor-id" "38" "--hostname" "mdc-ch1-cust4" "--cores" "2" "--app-id" "app-20190613095943-0003" "--worker-url" "spark://Worker@mdc-ch1-cust4:39865"
19/06/13 09:59:43 INFO ExecutorRunner: Launch command: "/usr/lib64/jvm/java-1.8.0-openjdk-1.8.0/jre/bin/java" "-cp" "/var/tmp/spark2.0hpcplatform/lib/firesteel-2.4.0.jar:/var/tmp/spark2.0hpcplatform/multicore/worker11/conf:/var/tmp/spark2.0hpcplatform/multicore/worker11/assembly/target/scala-2.11/jars/*" "-Xmx5120M" "-Dspark.driver.port=33105" "-Dspark.rpc.netty.dispatcher.numThreads=10" "-XX:ParallelGCThreads=10" "org.apache.spark.executor.CoarseGrainedExecutorBackend" "--driver-url" "spark://CoarseGrainedScheduler@mdc-ch1-cust4.mdc.ext.hpe.com:33105" "--executor-id" "36" "--hostname" "mdc-ch1-cust4" "--cores" "2" "--app-id" "app-20190613095943-0003" "--worker-url" "spark://Worker@mdc-ch1-cust4:39865"
19/06/13 09:59:43 INFO ExecutorRunner: Launch command: "/usr/lib64/jvm/java-1.8.0-openjdk-1.8.0/jre/bin/java" "-cp" "/var/tmp/spark2.0hpcplatform/lib/firesteel-2.4.0.jar:/var/tmp/spark2.0hpcplatform/multicore/worker11/conf:/var/tmp/spark2.0hpcplatform/multicore/worker11/assembly/target/scala-2.11/jars/*" "-Xmx5120M" "-Dspark.driver.port=33105" "-Dspark.rpc.netty.dispatcher.numThreads=10" "-XX:ParallelGCThreads=10" "org.apache.spark.executor.CoarseGrainedExecutorBackend" "--driver-url" "spark://CoarseGrainedScheduler@mdc-ch1-cust4.mdc.ext.hpe.com:33105" "--executor-id" "41" "--hostname" "mdc-ch1-cust4" "--cores" "2" "--app-id" "app-20190613095943-0003" "--worker-url" "spark://Worker@mdc-ch1-cust4:39865"
19/06/13 09:59:44 INFO ExecutorRunner: Launch command: "/usr/lib64/jvm/java-1.8.0-openjdk-1.8.0/jre/bin/java" "-cp" "/var/tmp/spark2.0hpcplatform/lib/firesteel-2.4.0.jar:/var/tmp/spark2.0hpcplatform/multicore/worker11/conf:/var/tmp/spark2.0hpcplatform/multicore/worker11/assembly/target/scala-2.11/jars/*" "-Xmx5120M" "-Dspark.driver.port=33105" "-Dspark.rpc.netty.dispatcher.numThreads=10" "-XX:ParallelGCThreads=10" "org.apache.spark.executor.CoarseGrainedExecutorBackend" "--driver-url" "spark://CoarseGrainedScheduler@mdc-ch1-cust4.mdc.ext.hpe.com:33105" "--executor-id" "40" "--hostname" "mdc-ch1-cust4" "--cores" "2" "--app-id" "app-20190613095943-0003" "--worker-url" "spark://Worker@mdc-ch1-cust4:39865"
19/06/13 10:00:04 INFO Worker: Asked to kill executor app-20190613095943-0003/41
19/06/13 10:00:04 INFO Worker: Asked to kill executor app-20190613095943-0003/38
19/06/13 10:00:04 INFO ExecutorRunner: Runner thread for executor app-20190613095943-0003/41 interrupted
19/06/13 10:00:04 INFO ExecutorRunner: Killing process!
19/06/13 10:00:04 INFO ExecutorRunner: Runner thread for executor app-20190613095943-0003/38 interrupted
19/06/13 10:00:04 INFO ExecutorRunner: Killing process!
19/06/13 10:00:04 INFO Worker: Asked to kill executor app-20190613095943-0003/40
19/06/13 10:00:04 INFO ExecutorRunner: Runner thread for executor app-20190613095943-0003/40 interrupted
19/06/13 10:00:04 INFO ExecutorRunner: Killing process!
19/06/13 10:00:04 INFO Worker: Asked to kill executor app-20190613095943-0003/37
19/06/13 10:00:04 INFO ExecutorRunner: Runner thread for executor app-20190613095943-0003/37 interrupted
19/06/13 10:00:04 INFO ExecutorRunner: Killing process!
19/06/13 10:00:04 INFO Worker: Asked to kill executor app-20190613095943-0003/36
19/06/13 10:00:04 INFO Worker: Asked to kill executor app-20190613095943-0003/39
19/06/13 10:00:04 INFO ExecutorRunner: Runner thread for executor app-20190613095943-0003/39 interrupted
19/06/13 10:00:04 INFO ExecutorRunner: Killing process!
19/06/13 10:00:04 INFO ExecutorRunner: Runner thread for executor app-20190613095943-0003/36 interrupted
19/06/13 10:00:04 INFO ExecutorRunner: Killing process!
19/06/13 10:00:06 INFO Worker: Executor app-20190613095943-0003/40 finished with state KILLED exitStatus 143
19/06/13 10:00:06 INFO ExternalShuffleBlockResolver: Clean up non-shuffle files associated with the finished executor 40
19/06/13 10:00:06 INFO ExternalShuffleBlockResolver: Executor is not registered (appId=app-20190613095943-0003, execId=40)
19/06/13 10:00:07 INFO Worker: Executor app-20190613095943-0003/36 finished with state KILLED exitStatus 143
19/06/13 10:00:07 INFO ExternalShuffleBlockResolver: Clean up non-shuffle files associated with the finished executor 36
19/06/13 10:00:07 INFO ExternalShuffleBlockResolver: Executor is not registered (appId=app-20190613095943-0003, execId=36)
19/06/13 10:00:13 INFO Worker: Executor app-20190613095943-0003/38 finished with state KILLED exitStatus 134
19/06/13 10:00:13 INFO ExternalShuffleBlockResolver: Clean up non-shuffle files associated with the finished executor 38
19/06/13 10:00:13 INFO ExternalShuffleBlockResolver: Executor is not registered (appId=app-20190613095943-0003, execId=38)
19/06/13 10:00:13 INFO Worker: Executor app-20190613095943-0003/39 finished with state KILLED exitStatus 134
19/06/13 10:00:13 INFO ExternalShuffleBlockResolver: Clean up non-shuffle files associated with the finished executor 39
19/06/13 10:00:13 INFO ExternalShuffleBlockResolver: Executor is not registered (appId=app-20190613095943-0003, execId=39)
19/06/13 10:00:14 INFO Worker: Executor app-20190613095943-0003/37 finished with state KILLED exitStatus 134
19/06/13 10:00:14 INFO ExternalShuffleBlockResolver: Clean up non-shuffle files associated with the finished executor 37
19/06/13 10:00:14 INFO ExternalShuffleBlockResolver: Executor is not registered (appId=app-20190613095943-0003, execId=37)
19/06/13 10:00:14 INFO Worker: Executor app-20190613095943-0003/41 finished with state KILLED exitStatus 137
19/06/13 10:00:14 INFO ExternalShuffleBlockResolver: Clean up non-shuffle files associated with the finished executor 41
19/06/13 10:00:14 INFO ExternalShuffleBlockResolver: Executor is not registered (appId=app-20190613095943-0003, execId=41)
19/06/13 10:00:14 INFO ExternalShuffleBlockResolver: Application app-20190613095943-0003 removed, cleanupLocalDirs = true
19/06/13 10:00:14 INFO Worker: Cleaning up local directories for application app-20190613095943-0003
19/06/13 10:16:01 INFO Worker: Asked to launch executor app-20190613101601-0004/36 for TeraGen (1000GB)
19/06/13 10:16:01 INFO Worker: Asked to launch executor app-20190613101601-0004/37 for TeraGen (1000GB)
19/06/13 10:16:01 INFO SecurityManager: Changing view acls to: root
19/06/13 10:16:01 INFO SecurityManager: Changing modify acls to: root
19/06/13 10:16:01 INFO Worker: Asked to launch executor app-20190613101601-0004/38 for TeraGen (1000GB)
19/06/13 10:16:01 INFO SecurityManager: Changing view acls to: root
19/06/13 10:16:01 INFO SecurityManager: Changing modify acls to: root
19/06/13 10:16:01 INFO SecurityManager: Changing view acls groups to: 
19/06/13 10:16:01 INFO SecurityManager: Changing modify acls groups to: 
19/06/13 10:16:01 INFO SecurityManager: SecurityManager: authentication disabled; ui acls disabled; users  with view permissions: Set(root); groups with view permissions: Set(); users  with modify permissions: Set(root); groups with modify permissions: Set()
19/06/13 10:16:01 INFO SecurityManager: Changing view acls groups to: 
19/06/13 10:16:01 INFO SecurityManager: Changing modify acls groups to: 
19/06/13 10:16:01 INFO SecurityManager: SecurityManager: authentication disabled; ui acls disabled; users  with view permissions: Set(root); groups with view permissions: Set(); users  with modify permissions: Set(root); groups with modify permissions: Set()
19/06/13 10:16:01 INFO Worker: Asked to launch executor app-20190613101601-0004/39 for TeraGen (1000GB)
19/06/13 10:16:01 INFO Worker: Asked to launch executor app-20190613101601-0004/40 for TeraGen (1000GB)
19/06/13 10:16:01 INFO Worker: Asked to launch executor app-20190613101601-0004/41 for TeraGen (1000GB)
19/06/13 10:16:01 INFO SecurityManager: Changing view acls to: root
19/06/13 10:16:01 INFO SecurityManager: Changing view acls to: root
19/06/13 10:16:01 INFO SecurityManager: Changing modify acls to: root
19/06/13 10:16:01 INFO SecurityManager: Changing modify acls to: root
19/06/13 10:16:01 INFO SecurityManager: Changing view acls groups to: 
19/06/13 10:16:01 INFO SecurityManager: Changing view acls groups to: 
19/06/13 10:16:01 INFO SecurityManager: Changing view acls to: root
19/06/13 10:16:01 INFO SecurityManager: Changing view acls to: root
19/06/13 10:16:01 INFO SecurityManager: Changing modify acls to: root
19/06/13 10:16:01 INFO SecurityManager: Changing view acls groups to: 
19/06/13 10:16:01 INFO SecurityManager: Changing modify acls groups to: 
19/06/13 10:16:01 INFO SecurityManager: SecurityManager: authentication disabled; ui acls disabled; users  with view permissions: Set(root); groups with view permissions: Set(); users  with modify permissions: Set(root); groups with modify permissions: Set()
19/06/13 10:16:01 INFO SecurityManager: Changing modify acls groups to: 
19/06/13 10:16:01 INFO SecurityManager: Changing modify acls to: root
19/06/13 10:16:01 INFO SecurityManager: Changing modify acls groups to: 
19/06/13 10:16:01 INFO SecurityManager: Changing view acls groups to: 
19/06/13 10:16:01 INFO SecurityManager: SecurityManager: authentication disabled; ui acls disabled; users  with view permissions: Set(root); groups with view permissions: Set(); users  with modify permissions: Set(root); groups with modify permissions: Set()
19/06/13 10:16:01 INFO SecurityManager: Changing modify acls groups to: 
19/06/13 10:16:01 INFO SecurityManager: SecurityManager: authentication disabled; ui acls disabled; users  with view permissions: Set(root); groups with view permissions: Set(); users  with modify permissions: Set(root); groups with modify permissions: Set()
19/06/13 10:16:01 INFO SecurityManager: SecurityManager: authentication disabled; ui acls disabled; users  with view permissions: Set(root); groups with view permissions: Set(); users  with modify permissions: Set(root); groups with modify permissions: Set()
19/06/13 10:16:01 INFO ExecutorRunner: Launch command: "/usr/lib64/jvm/java-1.8.0-openjdk-1.8.0/jre/bin/java" "-cp" "/var/tmp/spark2.0hpcplatform/lib/firesteel-2.4.0.jar:/var/tmp/spark2.0hpcplatform/multicore/worker11/conf:/var/tmp/spark2.0hpcplatform/multicore/worker11/assembly/target/scala-2.11/jars/*" "-Xmx5120M" "-Dspark.driver.port=33559" "-Dspark.rpc.netty.dispatcher.numThreads=10" "-XX:-UseBiasedLocking" "org.apache.spark.executor.CoarseGrainedExecutorBackend" "--driver-url" "spark://CoarseGrainedScheduler@mdc-ch1-cust4.mdc.ext.hpe.com:33559" "--executor-id" "41" "--hostname" "mdc-ch1-cust4" "--cores" "2" "--app-id" "app-20190613101601-0004" "--worker-url" "spark://Worker@mdc-ch1-cust4:39865"
19/06/13 10:16:01 INFO ExecutorRunner: Launch command: "/usr/lib64/jvm/java-1.8.0-openjdk-1.8.0/jre/bin/java" "-cp" "/var/tmp/spark2.0hpcplatform/lib/firesteel-2.4.0.jar:/var/tmp/spark2.0hpcplatform/multicore/worker11/conf:/var/tmp/spark2.0hpcplatform/multicore/worker11/assembly/target/scala-2.11/jars/*" "-Xmx5120M" "-Dspark.driver.port=33559" "-Dspark.rpc.netty.dispatcher.numThreads=10" "-XX:-UseBiasedLocking" "org.apache.spark.executor.CoarseGrainedExecutorBackend" "--driver-url" "spark://CoarseGrainedScheduler@mdc-ch1-cust4.mdc.ext.hpe.com:33559" "--executor-id" "37" "--hostname" "mdc-ch1-cust4" "--cores" "2" "--app-id" "app-20190613101601-0004" "--worker-url" "spark://Worker@mdc-ch1-cust4:39865"
19/06/13 10:16:01 INFO ExecutorRunner: Launch command: "/usr/lib64/jvm/java-1.8.0-openjdk-1.8.0/jre/bin/java" "-cp" "/var/tmp/spark2.0hpcplatform/lib/firesteel-2.4.0.jar:/var/tmp/spark2.0hpcplatform/multicore/worker11/conf:/var/tmp/spark2.0hpcplatform/multicore/worker11/assembly/target/scala-2.11/jars/*" "-Xmx5120M" "-Dspark.driver.port=33559" "-Dspark.rpc.netty.dispatcher.numThreads=10" "-XX:-UseBiasedLocking" "org.apache.spark.executor.CoarseGrainedExecutorBackend" "--driver-url" "spark://CoarseGrainedScheduler@mdc-ch1-cust4.mdc.ext.hpe.com:33559" "--executor-id" "40" "--hostname" "mdc-ch1-cust4" "--cores" "2" "--app-id" "app-20190613101601-0004" "--worker-url" "spark://Worker@mdc-ch1-cust4:39865"
19/06/13 10:16:01 INFO ExecutorRunner: Launch command: "/usr/lib64/jvm/java-1.8.0-openjdk-1.8.0/jre/bin/java" "-cp" "/var/tmp/spark2.0hpcplatform/lib/firesteel-2.4.0.jar:/var/tmp/spark2.0hpcplatform/multicore/worker11/conf:/var/tmp/spark2.0hpcplatform/multicore/worker11/assembly/target/scala-2.11/jars/*" "-Xmx5120M" "-Dspark.driver.port=33559" "-Dspark.rpc.netty.dispatcher.numThreads=10" "-XX:-UseBiasedLocking" "org.apache.spark.executor.CoarseGrainedExecutorBackend" "--driver-url" "spark://CoarseGrainedScheduler@mdc-ch1-cust4.mdc.ext.hpe.com:33559" "--executor-id" "36" "--hostname" "mdc-ch1-cust4" "--cores" "2" "--app-id" "app-20190613101601-0004" "--worker-url" "spark://Worker@mdc-ch1-cust4:39865"
19/06/13 10:16:01 INFO ExecutorRunner: Launch command: "/usr/lib64/jvm/java-1.8.0-openjdk-1.8.0/jre/bin/java" "-cp" "/var/tmp/spark2.0hpcplatform/lib/firesteel-2.4.0.jar:/var/tmp/spark2.0hpcplatform/multicore/worker11/conf:/var/tmp/spark2.0hpcplatform/multicore/worker11/assembly/target/scala-2.11/jars/*" "-Xmx5120M" "-Dspark.driver.port=33559" "-Dspark.rpc.netty.dispatcher.numThreads=10" "-XX:-UseBiasedLocking" "org.apache.spark.executor.CoarseGrainedExecutorBackend" "--driver-url" "spark://CoarseGrainedScheduler@mdc-ch1-cust4.mdc.ext.hpe.com:33559" "--executor-id" "38" "--hostname" "mdc-ch1-cust4" "--cores" "2" "--app-id" "app-20190613101601-0004" "--worker-url" "spark://Worker@mdc-ch1-cust4:39865"
19/06/13 10:16:01 INFO ExecutorRunner: Launch command: "/usr/lib64/jvm/java-1.8.0-openjdk-1.8.0/jre/bin/java" "-cp" "/var/tmp/spark2.0hpcplatform/lib/firesteel-2.4.0.jar:/var/tmp/spark2.0hpcplatform/multicore/worker11/conf:/var/tmp/spark2.0hpcplatform/multicore/worker11/assembly/target/scala-2.11/jars/*" "-Xmx5120M" "-Dspark.driver.port=33559" "-Dspark.rpc.netty.dispatcher.numThreads=10" "-XX:-UseBiasedLocking" "org.apache.spark.executor.CoarseGrainedExecutorBackend" "--driver-url" "spark://CoarseGrainedScheduler@mdc-ch1-cust4.mdc.ext.hpe.com:33559" "--executor-id" "39" "--hostname" "mdc-ch1-cust4" "--cores" "2" "--app-id" "app-20190613101601-0004" "--worker-url" "spark://Worker@mdc-ch1-cust4:39865"
19/06/13 10:16:02 INFO Worker: Asked to kill executor app-20190613101601-0004/41
19/06/13 10:16:02 INFO Worker: Asked to kill executor app-20190613101601-0004/38
19/06/13 10:16:02 INFO ExecutorRunner: Runner thread for executor app-20190613101601-0004/41 interrupted
19/06/13 10:16:02 INFO ExecutorRunner: Killing process!
19/06/13 10:16:02 INFO ExecutorRunner: Runner thread for executor app-20190613101601-0004/38 interrupted
19/06/13 10:16:02 INFO ExecutorRunner: Killing process!
19/06/13 10:16:03 INFO Worker: Asked to kill executor app-20190613101601-0004/40
19/06/13 10:16:03 INFO Worker: Asked to kill executor app-20190613101601-0004/37
19/06/13 10:16:03 INFO Worker: Asked to kill executor app-20190613101601-0004/36
19/06/13 10:16:03 INFO Worker: Asked to kill executor app-20190613101601-0004/39
19/06/13 10:16:03 INFO ExecutorRunner: Runner thread for executor app-20190613101601-0004/39 interrupted
19/06/13 10:16:03 INFO ExecutorRunner: Killing process!
19/06/13 10:16:03 INFO ExecutorRunner: Runner thread for executor app-20190613101601-0004/37 interrupted
19/06/13 10:16:03 INFO ExecutorRunner: Killing process!
19/06/13 10:16:03 INFO ExecutorRunner: Runner thread for executor app-20190613101601-0004/36 interrupted
19/06/13 10:16:03 INFO ExecutorRunner: Killing process!
19/06/13 10:16:03 INFO ExecutorRunner: Runner thread for executor app-20190613101601-0004/40 interrupted
19/06/13 10:16:03 INFO ExecutorRunner: Killing process!
19/06/13 10:16:03 INFO Worker: Executor app-20190613101601-0004/39 finished with state KILLED exitStatus 143
19/06/13 10:16:03 INFO ExternalShuffleBlockResolver: Clean up non-shuffle files associated with the finished executor 39
19/06/13 10:16:03 INFO ExternalShuffleBlockResolver: Executor is not registered (appId=app-20190613101601-0004, execId=39)
19/06/13 10:16:03 INFO Worker: Executor app-20190613101601-0004/38 finished with state KILLED exitStatus 143
19/06/13 10:16:03 INFO ExternalShuffleBlockResolver: Clean up non-shuffle files associated with the finished executor 38
19/06/13 10:16:03 INFO ExternalShuffleBlockResolver: Executor is not registered (appId=app-20190613101601-0004, execId=38)
19/06/13 10:16:03 INFO Worker: Executor app-20190613101601-0004/36 finished with state KILLED exitStatus 143
19/06/13 10:16:03 INFO ExternalShuffleBlockResolver: Clean up non-shuffle files associated with the finished executor 36
19/06/13 10:16:03 INFO ExternalShuffleBlockResolver: Executor is not registered (appId=app-20190613101601-0004, execId=36)
19/06/13 10:16:03 INFO Worker: Executor app-20190613101601-0004/37 finished with state KILLED exitStatus 143
19/06/13 10:16:03 INFO ExternalShuffleBlockResolver: Clean up non-shuffle files associated with the finished executor 37
19/06/13 10:16:03 INFO ExternalShuffleBlockResolver: Executor is not registered (appId=app-20190613101601-0004, execId=37)
19/06/13 10:16:03 INFO Worker: Executor app-20190613101601-0004/40 finished with state KILLED exitStatus 143
19/06/13 10:16:03 INFO ExternalShuffleBlockResolver: Clean up non-shuffle files associated with the finished executor 40
19/06/13 10:16:03 INFO ExternalShuffleBlockResolver: Executor is not registered (appId=app-20190613101601-0004, execId=40)
19/06/13 10:16:04 INFO Worker: Executor app-20190613101601-0004/41 finished with state KILLED exitStatus 143
19/06/13 10:16:04 INFO ExternalShuffleBlockResolver: Clean up non-shuffle files associated with the finished executor 41
19/06/13 10:16:04 INFO ExternalShuffleBlockResolver: Executor is not registered (appId=app-20190613101601-0004, execId=41)
19/06/13 10:16:04 INFO ExternalShuffleBlockResolver: Application app-20190613101601-0004 removed, cleanupLocalDirs = true
19/06/13 10:16:04 INFO Worker: Cleaning up local directories for application app-20190613101601-0004
19/06/13 10:21:00 INFO Worker: Asked to launch executor app-20190613102100-0005/36 for TeraGen (1000GB)
19/06/13 10:21:00 INFO Worker: Asked to launch executor app-20190613102100-0005/37 for TeraGen (1000GB)
19/06/13 10:21:00 INFO SecurityManager: Changing view acls to: root
19/06/13 10:21:00 INFO SecurityManager: Changing modify acls to: root
19/06/13 10:21:00 INFO SecurityManager: Changing view acls groups to: 
19/06/13 10:21:00 INFO Worker: Asked to launch executor app-20190613102100-0005/38 for TeraGen (1000GB)
19/06/13 10:21:00 INFO SecurityManager: Changing modify acls groups to: 
19/06/13 10:21:00 INFO SecurityManager: SecurityManager: authentication disabled; ui acls disabled; users  with view permissions: Set(root); groups with view permissions: Set(); users  with modify permissions: Set(root); groups with modify permissions: Set()
19/06/13 10:21:00 INFO SecurityManager: Changing view acls to: root
19/06/13 10:21:00 INFO Worker: Asked to launch executor app-20190613102100-0005/39 for TeraGen (1000GB)
19/06/13 10:21:00 INFO SecurityManager: Changing view acls to: root
19/06/13 10:21:00 INFO SecurityManager: Changing modify acls to: root
19/06/13 10:21:00 INFO Worker: Asked to launch executor app-20190613102100-0005/40 for TeraGen (1000GB)
19/06/13 10:21:00 INFO SecurityManager: Changing view acls to: root
19/06/13 10:21:00 INFO SecurityManager: Changing modify acls to: root
19/06/13 10:21:00 INFO SecurityManager: Changing view acls groups to: 
19/06/13 10:21:00 INFO SecurityManager: Changing modify acls groups to: 
19/06/13 10:21:00 INFO SecurityManager: SecurityManager: authentication disabled; ui acls disabled; users  with view permissions: Set(root); groups with view permissions: Set(); users  with modify permissions: Set(root); groups with modify permissions: Set()
19/06/13 10:21:00 INFO SecurityManager: Changing modify acls to: root
19/06/13 10:21:00 INFO SecurityManager: Changing view acls groups to: 
19/06/13 10:21:00 INFO SecurityManager: Changing view acls groups to: 
19/06/13 10:21:00 INFO SecurityManager: Changing modify acls groups to: 
19/06/13 10:21:00 INFO SecurityManager: Changing modify acls groups to: 
19/06/13 10:21:00 INFO SecurityManager: SecurityManager: authentication disabled; ui acls disabled; users  with view permissions: Set(root); groups with view permissions: Set(); users  with modify permissions: Set(root); groups with modify permissions: Set()
19/06/13 10:21:00 INFO SecurityManager: SecurityManager: authentication disabled; ui acls disabled; users  with view permissions: Set(root); groups with view permissions: Set(); users  with modify permissions: Set(root); groups with modify permissions: Set()
19/06/13 10:21:00 INFO Worker: Asked to launch executor app-20190613102100-0005/41 for TeraGen (1000GB)
19/06/13 10:21:00 INFO SecurityManager: Changing view acls to: root
19/06/13 10:21:00 INFO SecurityManager: Changing modify acls to: root
19/06/13 10:21:00 INFO SecurityManager: Changing view acls groups to: 
19/06/13 10:21:00 INFO SecurityManager: Changing modify acls groups to: 
19/06/13 10:21:00 INFO SecurityManager: SecurityManager: authentication disabled; ui acls disabled; users  with view permissions: Set(root); groups with view permissions: Set(); users  with modify permissions: Set(root); groups with modify permissions: Set()
19/06/13 10:21:00 INFO SecurityManager: Changing view acls to: root
19/06/13 10:21:00 INFO SecurityManager: Changing modify acls to: root
19/06/13 10:21:00 INFO SecurityManager: Changing view acls groups to: 
19/06/13 10:21:00 INFO SecurityManager: Changing modify acls groups to: 
19/06/13 10:21:00 INFO SecurityManager: SecurityManager: authentication disabled; ui acls disabled; users  with view permissions: Set(root); groups with view permissions: Set(); users  with modify permissions: Set(root); groups with modify permissions: Set()
19/06/13 10:21:00 INFO ExecutorRunner: Launch command: "/usr/lib64/jvm/java-1.8.0-openjdk-1.8.0/jre/bin/java" "-cp" "/var/tmp/spark2.0hpcplatform/lib/firesteel-2.4.0.jar:/var/tmp/spark2.0hpcplatform/multicore/worker11/conf:/var/tmp/spark2.0hpcplatform/multicore/worker11/assembly/target/scala-2.11/jars/*" "-Xmx5120M" "-Dspark.driver.port=41167" "-Dspark.rpc.netty.dispatcher.numThreads=10" "-XX:-UseBiasedLocking" "org.apache.spark.executor.CoarseGrainedExecutorBackend" "--driver-url" "spark://CoarseGrainedScheduler@mdc-ch1-cust4.mdc.ext.hpe.com:41167" "--executor-id" "36" "--hostname" "mdc-ch1-cust4" "--cores" "2" "--app-id" "app-20190613102100-0005" "--worker-url" "spark://Worker@mdc-ch1-cust4:39865"
19/06/13 10:21:00 INFO ExecutorRunner: Launch command: "/usr/lib64/jvm/java-1.8.0-openjdk-1.8.0/jre/bin/java" "-cp" "/var/tmp/spark2.0hpcplatform/lib/firesteel-2.4.0.jar:/var/tmp/spark2.0hpcplatform/multicore/worker11/conf:/var/tmp/spark2.0hpcplatform/multicore/worker11/assembly/target/scala-2.11/jars/*" "-Xmx5120M" "-Dspark.driver.port=41167" "-Dspark.rpc.netty.dispatcher.numThreads=10" "-XX:-UseBiasedLocking" "org.apache.spark.executor.CoarseGrainedExecutorBackend" "--driver-url" "spark://CoarseGrainedScheduler@mdc-ch1-cust4.mdc.ext.hpe.com:41167" "--executor-id" "40" "--hostname" "mdc-ch1-cust4" "--cores" "2" "--app-id" "app-20190613102100-0005" "--worker-url" "spark://Worker@mdc-ch1-cust4:39865"
19/06/13 10:21:00 INFO ExecutorRunner: Launch command: "/usr/lib64/jvm/java-1.8.0-openjdk-1.8.0/jre/bin/java" "-cp" "/var/tmp/spark2.0hpcplatform/lib/firesteel-2.4.0.jar:/var/tmp/spark2.0hpcplatform/multicore/worker11/conf:/var/tmp/spark2.0hpcplatform/multicore/worker11/assembly/target/scala-2.11/jars/*" "-Xmx5120M" "-Dspark.driver.port=41167" "-Dspark.rpc.netty.dispatcher.numThreads=10" "-XX:-UseBiasedLocking" "org.apache.spark.executor.CoarseGrainedExecutorBackend" "--driver-url" "spark://CoarseGrainedScheduler@mdc-ch1-cust4.mdc.ext.hpe.com:41167" "--executor-id" "39" "--hostname" "mdc-ch1-cust4" "--cores" "2" "--app-id" "app-20190613102100-0005" "--worker-url" "spark://Worker@mdc-ch1-cust4:39865"
19/06/13 10:21:00 INFO ExecutorRunner: Launch command: "/usr/lib64/jvm/java-1.8.0-openjdk-1.8.0/jre/bin/java" "-cp" "/var/tmp/spark2.0hpcplatform/lib/firesteel-2.4.0.jar:/var/tmp/spark2.0hpcplatform/multicore/worker11/conf:/var/tmp/spark2.0hpcplatform/multicore/worker11/assembly/target/scala-2.11/jars/*" "-Xmx5120M" "-Dspark.driver.port=41167" "-Dspark.rpc.netty.dispatcher.numThreads=10" "-XX:-UseBiasedLocking" "org.apache.spark.executor.CoarseGrainedExecutorBackend" "--driver-url" "spark://CoarseGrainedScheduler@mdc-ch1-cust4.mdc.ext.hpe.com:41167" "--executor-id" "38" "--hostname" "mdc-ch1-cust4" "--cores" "2" "--app-id" "app-20190613102100-0005" "--worker-url" "spark://Worker@mdc-ch1-cust4:39865"
19/06/13 10:21:00 INFO ExecutorRunner: Launch command: "/usr/lib64/jvm/java-1.8.0-openjdk-1.8.0/jre/bin/java" "-cp" "/var/tmp/spark2.0hpcplatform/lib/firesteel-2.4.0.jar:/var/tmp/spark2.0hpcplatform/multicore/worker11/conf:/var/tmp/spark2.0hpcplatform/multicore/worker11/assembly/target/scala-2.11/jars/*" "-Xmx5120M" "-Dspark.driver.port=41167" "-Dspark.rpc.netty.dispatcher.numThreads=10" "-XX:-UseBiasedLocking" "org.apache.spark.executor.CoarseGrainedExecutorBackend" "--driver-url" "spark://CoarseGrainedScheduler@mdc-ch1-cust4.mdc.ext.hpe.com:41167" "--executor-id" "37" "--hostname" "mdc-ch1-cust4" "--cores" "2" "--app-id" "app-20190613102100-0005" "--worker-url" "spark://Worker@mdc-ch1-cust4:39865"
19/06/13 10:21:00 INFO ExecutorRunner: Launch command: "/usr/lib64/jvm/java-1.8.0-openjdk-1.8.0/jre/bin/java" "-cp" "/var/tmp/spark2.0hpcplatform/lib/firesteel-2.4.0.jar:/var/tmp/spark2.0hpcplatform/multicore/worker11/conf:/var/tmp/spark2.0hpcplatform/multicore/worker11/assembly/target/scala-2.11/jars/*" "-Xmx5120M" "-Dspark.driver.port=41167" "-Dspark.rpc.netty.dispatcher.numThreads=10" "-XX:-UseBiasedLocking" "org.apache.spark.executor.CoarseGrainedExecutorBackend" "--driver-url" "spark://CoarseGrainedScheduler@mdc-ch1-cust4.mdc.ext.hpe.com:41167" "--executor-id" "41" "--hostname" "mdc-ch1-cust4" "--cores" "2" "--app-id" "app-20190613102100-0005" "--worker-url" "spark://Worker@mdc-ch1-cust4:39865"
19/06/13 10:21:26 INFO Worker: Executor app-20190613102100-0005/39 finished with state EXITED message Command exited with code 1 exitStatus 1
19/06/13 10:21:26 INFO ExternalShuffleBlockResolver: Clean up non-shuffle files associated with the finished executor 39
19/06/13 10:21:26 INFO ExternalShuffleBlockResolver: Executor is not registered (appId=app-20190613102100-0005, execId=39)
19/06/13 10:21:26 INFO Worker: Asked to launch executor app-20190613102100-0005/557 for TeraGen (1000GB)
19/06/13 10:21:26 INFO SecurityManager: Changing view acls to: root
19/06/13 10:21:27 INFO SecurityManager: Changing modify acls to: root
19/06/13 10:21:27 INFO SecurityManager: Changing view acls groups to: 
19/06/13 10:21:27 INFO SecurityManager: Changing modify acls groups to: 
19/06/13 10:21:27 INFO SecurityManager: SecurityManager: authentication disabled; ui acls disabled; users  with view permissions: Set(root); groups with view permissions: Set(); users  with modify permissions: Set(root); groups with modify permissions: Set()
19/06/13 10:21:27 INFO ExecutorRunner: Launch command: "/usr/lib64/jvm/java-1.8.0-openjdk-1.8.0/jre/bin/java" "-cp" "/var/tmp/spark2.0hpcplatform/lib/firesteel-2.4.0.jar:/var/tmp/spark2.0hpcplatform/multicore/worker11/conf:/var/tmp/spark2.0hpcplatform/multicore/worker11/assembly/target/scala-2.11/jars/*" "-Xmx5120M" "-Dspark.driver.port=41167" "-Dspark.rpc.netty.dispatcher.numThreads=10" "-XX:-UseBiasedLocking" "org.apache.spark.executor.CoarseGrainedExecutorBackend" "--driver-url" "spark://CoarseGrainedScheduler@mdc-ch1-cust4.mdc.ext.hpe.com:41167" "--executor-id" "557" "--hostname" "mdc-ch1-cust4" "--cores" "2" "--app-id" "app-20190613102100-0005" "--worker-url" "spark://Worker@mdc-ch1-cust4:39865"
19/06/13 10:21:41 INFO Worker: Executor app-20190613102100-0005/557 finished with state EXITED message Command exited with code 1 exitStatus 1
19/06/13 10:21:41 INFO ExternalShuffleBlockResolver: Clean up non-shuffle files associated with the finished executor 557
19/06/13 10:21:41 INFO ExternalShuffleBlockResolver: Executor is not registered (appId=app-20190613102100-0005, execId=557)
19/06/13 10:21:41 INFO Worker: Asked to launch executor app-20190613102100-0005/600 for TeraGen (1000GB)
19/06/13 10:21:41 INFO SecurityManager: Changing view acls to: root
19/06/13 10:21:41 INFO SecurityManager: Changing modify acls to: root
19/06/13 10:21:41 INFO SecurityManager: Changing view acls groups to: 
19/06/13 10:21:41 INFO SecurityManager: Changing modify acls groups to: 
19/06/13 10:21:41 INFO SecurityManager: SecurityManager: authentication disabled; ui acls disabled; users  with view permissions: Set(root); groups with view permissions: Set(); users  with modify permissions: Set(root); groups with modify permissions: Set()
19/06/13 10:21:41 INFO ExecutorRunner: Launch command: "/usr/lib64/jvm/java-1.8.0-openjdk-1.8.0/jre/bin/java" "-cp" "/var/tmp/spark2.0hpcplatform/lib/firesteel-2.4.0.jar:/var/tmp/spark2.0hpcplatform/multicore/worker11/conf:/var/tmp/spark2.0hpcplatform/multicore/worker11/assembly/target/scala-2.11/jars/*" "-Xmx5120M" "-Dspark.driver.port=41167" "-Dspark.rpc.netty.dispatcher.numThreads=10" "-XX:-UseBiasedLocking" "org.apache.spark.executor.CoarseGrainedExecutorBackend" "--driver-url" "spark://CoarseGrainedScheduler@mdc-ch1-cust4.mdc.ext.hpe.com:41167" "--executor-id" "600" "--hostname" "mdc-ch1-cust4" "--cores" "2" "--app-id" "app-20190613102100-0005" "--worker-url" "spark://Worker@mdc-ch1-cust4:39865"
19/06/13 10:21:52 INFO Worker: Asked to launch executor app-20190613102100-0005/673 for TeraGen (1000GB)
19/06/13 10:21:53 INFO SecurityManager: Changing view acls to: root
19/06/13 10:21:53 INFO SecurityManager: Changing modify acls to: root
19/06/13 10:21:53 INFO SecurityManager: Changing view acls groups to: 
19/06/13 10:21:53 INFO SecurityManager: Changing modify acls groups to: 
19/06/13 10:21:53 INFO SecurityManager: SecurityManager: authentication disabled; ui acls disabled; users  with view permissions: Set(root); groups with view permissions: Set(); users  with modify permissions: Set(root); groups with modify permissions: Set()
19/06/13 10:21:53 INFO ExecutorRunner: Launch command: "/usr/lib64/jvm/java-1.8.0-openjdk-1.8.0/jre/bin/java" "-cp" "/var/tmp/spark2.0hpcplatform/lib/firesteel-2.4.0.jar:/var/tmp/spark2.0hpcplatform/multicore/worker11/conf:/var/tmp/spark2.0hpcplatform/multicore/worker11/assembly/target/scala-2.11/jars/*" "-Xmx5120M" "-Dspark.driver.port=41167" "-Dspark.rpc.netty.dispatcher.numThreads=10" "-XX:-UseBiasedLocking" "org.apache.spark.executor.CoarseGrainedExecutorBackend" "--driver-url" "spark://CoarseGrainedScheduler@mdc-ch1-cust4.mdc.ext.hpe.com:41167" "--executor-id" "673" "--hostname" "mdc-ch1-cust4" "--cores" "2" "--app-id" "app-20190613102100-0005" "--worker-url" "spark://Worker@mdc-ch1-cust4:39865"
19/06/13 10:21:53 INFO Worker: Executor app-20190613102100-0005/40 finished with state EXITED message Command exited with code 1 exitStatus 1
19/06/13 10:21:53 INFO ExternalShuffleBlockResolver: Clean up non-shuffle files associated with the finished executor 40
19/06/13 10:21:53 INFO ExternalShuffleBlockResolver: Executor is not registered (appId=app-20190613102100-0005, execId=40)
19/06/13 10:21:53 INFO Worker: Asked to launch executor app-20190613102100-0005/745 for TeraGen (1000GB)
19/06/13 10:21:53 INFO SecurityManager: Changing view acls to: root
19/06/13 10:21:53 INFO SecurityManager: Changing modify acls to: root
19/06/13 10:21:53 INFO SecurityManager: Changing view acls groups to: 
19/06/13 10:21:53 INFO SecurityManager: Changing modify acls groups to: 
19/06/13 10:21:53 INFO SecurityManager: SecurityManager: authentication disabled; ui acls disabled; users  with view permissions: Set(root); groups with view permissions: Set(); users  with modify permissions: Set(root); groups with modify permissions: Set()
19/06/13 10:21:53 INFO ExecutorRunner: Launch command: "/usr/lib64/jvm/java-1.8.0-openjdk-1.8.0/jre/bin/java" "-cp" "/var/tmp/spark2.0hpcplatform/lib/firesteel-2.4.0.jar:/var/tmp/spark2.0hpcplatform/multicore/worker11/conf:/var/tmp/spark2.0hpcplatform/multicore/worker11/assembly/target/scala-2.11/jars/*" "-Xmx5120M" "-Dspark.driver.port=41167" "-Dspark.rpc.netty.dispatcher.numThreads=10" "-XX:-UseBiasedLocking" "org.apache.spark.executor.CoarseGrainedExecutorBackend" "--driver-url" "spark://CoarseGrainedScheduler@mdc-ch1-cust4.mdc.ext.hpe.com:41167" "--executor-id" "745" "--hostname" "mdc-ch1-cust4" "--cores" "2" "--app-id" "app-20190613102100-0005" "--worker-url" "spark://Worker@mdc-ch1-cust4:39865"
19/06/13 10:22:03 INFO Worker: Executor app-20190613102100-0005/37 finished with state EXITED message Command exited with code 1 exitStatus 1
19/06/13 10:22:03 INFO ExternalShuffleBlockResolver: Clean up non-shuffle files associated with the finished executor 37
19/06/13 10:22:03 INFO ExternalShuffleBlockResolver: Executor is not registered (appId=app-20190613102100-0005, execId=37)
19/06/13 10:22:03 INFO Worker: Asked to launch executor app-20190613102100-0005/1037 for TeraGen (1000GB)
19/06/13 10:22:03 INFO SecurityManager: Changing view acls to: root
19/06/13 10:22:03 INFO SecurityManager: Changing modify acls to: root
19/06/13 10:22:03 INFO SecurityManager: Changing view acls groups to: 
19/06/13 10:22:03 INFO SecurityManager: Changing modify acls groups to: 
19/06/13 10:22:03 INFO SecurityManager: SecurityManager: authentication disabled; ui acls disabled; users  with view permissions: Set(root); groups with view permissions: Set(); users  with modify permissions: Set(root); groups with modify permissions: Set()
19/06/13 10:22:03 INFO ExecutorRunner: Launch command: "/usr/lib64/jvm/java-1.8.0-openjdk-1.8.0/jre/bin/java" "-cp" "/var/tmp/spark2.0hpcplatform/lib/firesteel-2.4.0.jar:/var/tmp/spark2.0hpcplatform/multicore/worker11/conf:/var/tmp/spark2.0hpcplatform/multicore/worker11/assembly/target/scala-2.11/jars/*" "-Xmx5120M" "-Dspark.driver.port=41167" "-Dspark.rpc.netty.dispatcher.numThreads=10" "-XX:-UseBiasedLocking" "org.apache.spark.executor.CoarseGrainedExecutorBackend" "--driver-url" "spark://CoarseGrainedScheduler@mdc-ch1-cust4.mdc.ext.hpe.com:41167" "--executor-id" "1037" "--hostname" "mdc-ch1-cust4" "--cores" "2" "--app-id" "app-20190613102100-0005" "--worker-url" "spark://Worker@mdc-ch1-cust4:39865"
19/06/13 10:22:03 INFO Worker: Executor app-20190613102100-0005/41 finished with state EXITED message Command exited with code 1 exitStatus 1
19/06/13 10:22:03 INFO ExternalShuffleBlockResolver: Clean up non-shuffle files associated with the finished executor 41
19/06/13 10:22:03 INFO ExternalShuffleBlockResolver: Executor is not registered (appId=app-20190613102100-0005, execId=41)
19/06/13 10:22:03 INFO Worker: Asked to launch executor app-20190613102100-0005/1071 for TeraGen (1000GB)
19/06/13 10:22:03 INFO SecurityManager: Changing view acls to: root
19/06/13 10:22:03 INFO SecurityManager: Changing modify acls to: root
19/06/13 10:22:03 INFO SecurityManager: Changing view acls groups to: 
19/06/13 10:22:03 INFO SecurityManager: Changing modify acls groups to: 
19/06/13 10:22:03 INFO SecurityManager: SecurityManager: authentication disabled; ui acls disabled; users  with view permissions: Set(root); groups with view permissions: Set(); users  with modify permissions: Set(root); groups with modify permissions: Set()
19/06/13 10:22:04 INFO ExecutorRunner: Launch command: "/usr/lib64/jvm/java-1.8.0-openjdk-1.8.0/jre/bin/java" "-cp" "/var/tmp/spark2.0hpcplatform/lib/firesteel-2.4.0.jar:/var/tmp/spark2.0hpcplatform/multicore/worker11/conf:/var/tmp/spark2.0hpcplatform/multicore/worker11/assembly/target/scala-2.11/jars/*" "-Xmx5120M" "-Dspark.driver.port=41167" "-Dspark.rpc.netty.dispatcher.numThreads=10" "-XX:-UseBiasedLocking" "org.apache.spark.executor.CoarseGrainedExecutorBackend" "--driver-url" "spark://CoarseGrainedScheduler@mdc-ch1-cust4.mdc.ext.hpe.com:41167" "--executor-id" "1071" "--hostname" "mdc-ch1-cust4" "--cores" "2" "--app-id" "app-20190613102100-0005" "--worker-url" "spark://Worker@mdc-ch1-cust4:39865"
19/06/13 10:22:04 INFO Worker: Executor app-20190613102100-0005/600 finished with state EXITED message Command exited with code 1 exitStatus 1
19/06/13 10:22:04 INFO ExternalShuffleBlockResolver: Clean up non-shuffle files associated with the finished executor 600
19/06/13 10:22:04 INFO ExternalShuffleBlockResolver: Executor is not registered (appId=app-20190613102100-0005, execId=600)
19/06/13 10:22:04 INFO Worker: Asked to launch executor app-20190613102100-0005/1086 for TeraGen (1000GB)
19/06/13 10:22:04 INFO SecurityManager: Changing view acls to: root
19/06/13 10:22:04 INFO SecurityManager: Changing modify acls to: root
19/06/13 10:22:04 INFO SecurityManager: Changing view acls groups to: 
19/06/13 10:22:04 INFO SecurityManager: Changing modify acls groups to: 
19/06/13 10:22:04 INFO SecurityManager: SecurityManager: authentication disabled; ui acls disabled; users  with view permissions: Set(root); groups with view permissions: Set(); users  with modify permissions: Set(root); groups with modify permissions: Set()
19/06/13 10:22:04 INFO ExecutorRunner: Launch command: "/usr/lib64/jvm/java-1.8.0-openjdk-1.8.0/jre/bin/java" "-cp" "/var/tmp/spark2.0hpcplatform/lib/firesteel-2.4.0.jar:/var/tmp/spark2.0hpcplatform/multicore/worker11/conf:/var/tmp/spark2.0hpcplatform/multicore/worker11/assembly/target/scala-2.11/jars/*" "-Xmx5120M" "-Dspark.driver.port=41167" "-Dspark.rpc.netty.dispatcher.numThreads=10" "-XX:-UseBiasedLocking" "org.apache.spark.executor.CoarseGrainedExecutorBackend" "--driver-url" "spark://CoarseGrainedScheduler@mdc-ch1-cust4.mdc.ext.hpe.com:41167" "--executor-id" "1086" "--hostname" "mdc-ch1-cust4" "--cores" "2" "--app-id" "app-20190613102100-0005" "--worker-url" "spark://Worker@mdc-ch1-cust4:39865"
19/06/13 10:22:14 INFO Worker: Executor app-20190613102100-0005/745 finished with state EXITED message Command exited with code 1 exitStatus 1
19/06/13 10:22:14 INFO ExternalShuffleBlockResolver: Clean up non-shuffle files associated with the finished executor 745
19/06/13 10:22:14 INFO ExternalShuffleBlockResolver: Executor is not registered (appId=app-20190613102100-0005, execId=745)
19/06/13 10:22:14 INFO Worker: Asked to launch executor app-20190613102100-0005/1110 for TeraGen (1000GB)
19/06/13 10:22:14 ERROR SparkUncaughtExceptionHandler: Uncaught exception in thread Thread[dispatcher-event-loop-588,5,main]
java.lang.OutOfMemoryError: unable to create new native thread
	at java.lang.Thread.start0(Native Method)
	at java.lang.Thread.start(Thread.java:717)
	at java.util.concurrent.ThreadPoolExecutor.addWorker(ThreadPoolExecutor.java:957)
	at java.util.concurrent.ThreadPoolExecutor.processWorkerExit(ThreadPoolExecutor.java:1025)
	at java.util.concurrent.ThreadPoolExecutor.runWorker(ThreadPoolExecutor.java:1167)
	at java.util.concurrent.ThreadPoolExecutor$Worker.run(ThreadPoolExecutor.java:624)
	at java.lang.Thread.run(Thread.java:748)
