0000001 | T.0x00007f205e7fa700 | 2019-06-21, 02:20:33.967125 [info] - (/home/ghosdebd/sparkle/alps/src/globalheap/globalheap_internal.cc, 153) Open heap path: /lfs/spark_global0 
0000002 | T.0x00007f205e7fa700 | 2019-06-21, 02:20:33.968377 [info] - (/home/ghosdebd/sparkle/alps/src/pegasus/lfs_region_file.cc, 64) Open LFS region file path: "/lfs/spark_global0" flags: O_RDWR
0000004 | T.0x00007f205e7fa700 | 2019-06-21, 02:20:33.979595 [info] - (/home/ghosdebd/sparkle/alps/src/pegasus/segmap.cc, 39) map region  base_addr: 0x7ea028000000 size: 549755813888 addr_range: 0x7ea028000000--7f2028000000
0000005 | T.0x00007f205e7fa700 | 2019-06-21, 02:20:33.979648 [info] - (/home/ghosdebd/sparkle/alps/src/globalheap/globalheap_internal.cc, 158) Opened heap path: /lfs/spark_global0  size: 549755813888
0000006 | T.0x00007f205e7fa700 | 2019-06-21, 02:20:34.327108 [info] - (/home/ghosdebd/sparkle/alps/src/globalheap/globalheap_internal.cc, 380) Allocate block size: 412
0000008 | T.0x00007f205e7fa700 | 2019-06-21, 02:20:34.327139 [info] - (/home/ghosdebd/sparkle/alps/src/globalheap/globalheap_internal.cc, 400) Allocate block size: 412 ig: 0
0000007 | T.0x00007f203d8ed700 | 2019-06-21, 02:20:34.327115 [info] - (/home/ghosdebd/sparkle/alps/src/globalheap/globalheap_internal.cc, 380) Allocate block size: 412
0000009 | T.0x00007f203d8ed700 | 2019-06-21, 02:20:34.327155 [info] - (/home/ghosdebd/sparkle/alps/src/globalheap/globalheap_internal.cc, 400) Allocate block size: 412 ig: 0
0000010 | T.0x00007f205e7fa700 | 2019-06-21, 02:20:34.327484 [info] - (/home/ghosdebd/sparkle/alps/src/globalheap/memattrib_heap.cc, 59) Allocate block size: 412
0000012 | T.0x00007f205e7fa700 | 2019-06-21, 02:20:34.327498 [info] - (/home/ghosdebd/sparkle/alps/src/globalheap/process_slab_heap.cc, 30) acquire_slab
0000011 | T.0x00007f203d8ed700 | 2019-06-21, 02:20:34.327493 [info] - (/home/ghosdebd/sparkle/alps/src/globalheap/memattrib_heap.cc, 59) Allocate block size: 412
0000013 | T.0x00007f205e7fa700 | 2019-06-21, 02:20:34.327503 [info] - (/home/ghosdebd/sparkle/alps/src/globalheap/process_slab_heap.cc, 33) acquire_slab: locked
0000014 | T.0x00007f205e7fa700 | 2019-06-21, 02:20:34.327520 [info] - (/home/ghosdebd/sparkle/alps/src/globalheap/extentheap.hh, 116) malloc
0000015 | T.0x00007f205e7fa700 | 2019-06-21, 02:20:34.327768 [info] - (/home/ghosdebd/sparkle/alps/src/globalheap/zone.hh, 40) NVZONE: 0x7ef428000400
0000016 | T.0x00007f205e7fa700 | 2019-06-21, 02:20:34.327776 [info] - (/home/ghosdebd/sparkle/alps/src/globalheap/zone.hh, 41) NVZONE: ID: 42
0000017 | T.0x00007f205e7fa700 | 2019-06-21, 02:20:34.329434 [info] - (/home/ghosdebd/sparkle/alps/src/globalheap/extentmap.cc, 88) INSERT: (0, 32766)
0000018 | T.0x00007f205e7fa700 | 2019-06-21, 02:20:34.329454 [info] - (/home/ghosdebd/sparkle/alps/src/globalheap/zone_heap.hh, 153) Acquired zone: 42
0000019 | T.0x00007f205e7fa700 | 2019-06-21, 02:20:34.329459 [info] - (/home/ghosdebd/sparkle/alps/src/globalheap/zone.hh, 72) Enumerate zone: 42
0000020 | T.0x00007f205e7fa700 | 2019-06-21, 02:20:34.331093 [info] - (/home/ghosdebd/sparkle/alps/src/globalheap/extentheap.hh, 116) malloc
0000021 | T.0x00007f205e7fa700 | 2019-06-21, 02:20:34.331139 [info] - (/home/ghosdebd/sparkle/alps/src/globalheap/extentmap.cc, 88) INSERT: (1, 32765)
0000022 | T.0x00007f205e7fa700 | 2019-06-21, 02:20:34.331148 [info] - (/home/ghosdebd/sparkle/alps/src/globalheap/zone.cc, 48) Allocated zone_id: 42 extent: (0, 1) 0x7ef4280404c8
0000023 | T.0x00007f205e7fa700 | 2019-06-21, 02:20:34.331196 [info] - (/home/ghosdebd/sparkle/alps/src/globalheap/process_slab_heap.cc, 50) acquire_slab: unlock 2
0000024 | T.0x00007f205e7fa700 | 2019-06-21, 02:20:34.331210 [info] - (/home/ghosdebd/sparkle/alps/src/globalheap/slab.cc, 56) Allocate block: nvslab: (0xbeef, 0x54000404c8) block: 0
0000025 | T.0x00007f205e7fa700 | 2019-06-21, 02:20:34.331217 [info] - (/home/ghosdebd/sparkle/alps/src/globalheap/slab_heap.cc, 40) Allocate block: new_fullness: 0 old_fullness: 0
0000026 | T.0x00007f205e7fa700 | 2019-06-21, 02:20:34.331229 [info] - (/home/ghosdebd/sparkle/alps/src/globalheap/globalheap_internal.cc, 391) Allocated block ptr: (0xbeef, 0x5400040548) size: 412
0000027 | T.0x00007f203d8ed700 | 2019-06-21, 02:20:34.331246 [info] - (/home/ghosdebd/sparkle/alps/src/globalheap/slab.cc, 56) Allocate block: nvslab: (0xbeef, 0x54000404c8) block: 1
0000028 | T.0x00007f205e7fa700 | 2019-06-21, 02:20:34.331265 [info] - (/home/ghosdebd/sparkle/alps/src/globalheap/globalheap_internal.cc, 380) Allocate block size: 60
0000029 | T.0x00007f203d8ed700 | 2019-06-21, 02:20:34.331277 [info] - (/home/ghosdebd/sparkle/alps/src/globalheap/slab_heap.cc, 40) Allocate block: new_fullness: 0 old_fullness: 0
0000030 | T.0x00007f205e7fa700 | 2019-06-21, 02:20:34.331282 [info] - (/home/ghosdebd/sparkle/alps/src/globalheap/globalheap_internal.cc, 400) Allocate block size: 60 ig: 0
0000031 | T.0x00007f203d8ed700 | 2019-06-21, 02:20:34.331293 [info] - (/home/ghosdebd/sparkle/alps/src/globalheap/globalheap_internal.cc, 391) Allocated block ptr: (0xbeef, 0x54000406e8) size: 412
0000032 | T.0x00007f205e7fa700 | 2019-06-21, 02:20:34.331296 [info] - (/home/ghosdebd/sparkle/alps/src/globalheap/memattrib_heap.cc, 59) Allocate block size: 60
0000033 | T.0x00007f205e7fa700 | 2019-06-21, 02:20:34.331315 [info] - (/home/ghosdebd/sparkle/alps/src/globalheap/process_slab_heap.cc, 30) acquire_slab
0000034 | T.0x00007f203d8ed700 | 2019-06-21, 02:20:34.331320 [info] - (/home/ghosdebd/sparkle/alps/src/globalheap/globalheap_internal.cc, 380) Allocate block size: 30
0000035 | T.0x00007f205e7fa700 | 2019-06-21, 02:20:34.331321 [info] - (/home/ghosdebd/sparkle/alps/src/globalheap/process_slab_heap.cc, 33) acquire_slab: locked
0000036 | T.0x00007f203d8ed700 | 2019-06-21, 02:20:34.331330 [info] - (/home/ghosdebd/sparkle/alps/src/globalheap/globalheap_internal.cc, 400) Allocate block size: 30 ig: 0
0000037 | T.0x00007f205e7fa700 | 2019-06-21, 02:20:34.331338 [info] - (/home/ghosdebd/sparkle/alps/src/globalheap/extentheap.hh, 116) malloc
0000038 | T.0x00007f203d8ed700 | 2019-06-21, 02:20:34.331345 [info] - (/home/ghosdebd/sparkle/alps/src/globalheap/memattrib_heap.cc, 59) Allocate block size: 30
0000039 | T.0x00007f205e7fa700 | 2019-06-21, 02:20:34.331352 [info] - (/home/ghosdebd/sparkle/alps/src/globalheap/extentmap.cc, 88) INSERT: (2, 32764)
0000040 | T.0x00007f205e7fa700 | 2019-06-21, 02:20:34.331366 [info] - (/home/ghosdebd/sparkle/alps/src/globalheap/zone.cc, 48) Allocated zone_id: 42 extent: (1, 1) 0x7ef4280804c8
0000041 | T.0x00007f205e7fa700 | 2019-06-21, 02:20:34.331558 [info] - (/home/ghosdebd/sparkle/alps/src/globalheap/process_slab_heap.cc, 50) acquire_slab: unlock 2
0000042 | T.0x00007f205e7fa700 | 2019-06-21, 02:20:34.331563 [info] - (/home/ghosdebd/sparkle/alps/src/globalheap/slab.cc, 56) Allocate block: nvslab: (0xbeef, 0x54000804c8) block: 0
0000043 | T.0x00007f205e7fa700 | 2019-06-21, 02:20:34.331567 [info] - (/home/ghosdebd/sparkle/alps/src/globalheap/slab_heap.cc, 40) Allocate block: new_fullness: 0 old_fullness: 0
0000044 | T.0x00007f205e7fa700 | 2019-06-21, 02:20:34.331573 [info] - (/home/ghosdebd/sparkle/alps/src/globalheap/globalheap_internal.cc, 391) Allocated block ptr: (0xbeef, 0x5400080708) size: 60
0000045 | T.0x00007f205e7fa700 | 2019-06-21, 02:20:34.331578 [info] - (/home/ghosdebd/sparkle/alps/src/globalheap/globalheap_internal.cc, 380) Allocate block size: 30
0000046 | T.0x00007f205e7fa700 | 2019-06-21, 02:20:34.331581 [info] - (/home/ghosdebd/sparkle/alps/src/globalheap/globalheap_internal.cc, 400) Allocate block size: 30 ig: 0
0000048 | T.0x00007f205e7fa700 | 2019-06-21, 02:20:34.331585 [info] - (/home/ghosdebd/sparkle/alps/src/globalheap/memattrib_heap.cc, 59) Allocate block size: 30
0000047 | T.0x00007f203d8ed700 | 2019-06-21, 02:20:34.331583 [info] - (/home/ghosdebd/sparkle/alps/src/globalheap/process_slab_heap.cc, 30) acquire_slab
0000049 | T.0x00007f203d8ed700 | 2019-06-21, 02:20:34.331603 [info] - (/home/ghosdebd/sparkle/alps/src/globalheap/process_slab_heap.cc, 33) acquire_slab: locked
0000050 | T.0x00007f203d8ed700 | 2019-06-21, 02:20:34.331615 [info] - (/home/ghosdebd/sparkle/alps/src/globalheap/extentheap.hh, 116) malloc
0000051 | T.0x00007f203d8ed700 | 2019-06-21, 02:20:34.331699 [info] - (/home/ghosdebd/sparkle/alps/src/globalheap/extentmap.cc, 88) INSERT: (3, 32763)
0000052 | T.0x00007f203d8ed700 | 2019-06-21, 02:20:34.331714 [info] - (/home/ghosdebd/sparkle/alps/src/globalheap/zone.cc, 48) Allocated zone_id: 42 extent: (2, 1) 0x7ef4280c04c8
0000053 | T.0x00007f203d8ed700 | 2019-06-21, 02:20:34.332233 [info] - (/home/ghosdebd/sparkle/alps/src/globalheap/process_slab_heap.cc, 50) acquire_slab: unlock 2
0000054 | T.0x00007f203d8ed700 | 2019-06-21, 02:20:34.332250 [info] - (/home/ghosdebd/sparkle/alps/src/globalheap/slab.cc, 56) Allocate block: nvslab: (0xbeef, 0x54000c04c8) block: 0
0000055 | T.0x00007f203d8ed700 | 2019-06-21, 02:20:34.332265 [info] - (/home/ghosdebd/sparkle/alps/src/globalheap/slab_heap.cc, 40) Allocate block: new_fullness: 0 old_fullness: 0
0000057 | T.0x00007f205e7fa700 | 2019-06-21, 02:20:34.332282 [info] - (/home/ghosdebd/sparkle/alps/src/globalheap/slab.cc, 56) Allocate block: nvslab: (0xbeef, 0x54000c04c8) block: 1
0000056 | T.0x00007f203d8ed700 | 2019-06-21, 02:20:34.332281 [info] - (/home/ghosdebd/sparkle/alps/src/globalheap/globalheap_internal.cc, 391) Allocated block ptr: (0xbeef, 0x54000c0908) size: 30
0000058 | T.0x00007f205e7fa700 | 2019-06-21, 02:20:34.332287 [info] - (/home/ghosdebd/sparkle/alps/src/globalheap/slab_heap.cc, 40) Allocate block: new_fullness: 0 old_fullness: 0
0000059 | T.0x00007f203d8ed700 | 2019-06-21, 02:20:34.332297 [info] - (/home/ghosdebd/sparkle/alps/src/globalheap/globalheap_internal.cc, 380) Allocate block size: 30
0000060 | T.0x00007f205e7fa700 | 2019-06-21, 02:20:34.332300 [info] - (/home/ghosdebd/sparkle/alps/src/globalheap/globalheap_internal.cc, 391) Allocated block ptr: (0xbeef, 0x54000c0928) size: 30
0000061 | T.0x00007f203d8ed700 | 2019-06-21, 02:20:34.332312 [info] - (/home/ghosdebd/sparkle/alps/src/globalheap/globalheap_internal.cc, 400) Allocate block size: 30 ig: 0
0000062 | T.0x00007f205e7fa700 | 2019-06-21, 02:20:34.332316 [info] - (/home/ghosdebd/sparkle/alps/src/globalheap/globalheap_internal.cc, 380) Allocate block size: 30
0000063 | T.0x00007f203d8ed700 | 2019-06-21, 02:20:34.332327 [info] - (/home/ghosdebd/sparkle/alps/src/globalheap/memattrib_heap.cc, 59) Allocate block size: 30
0000064 | T.0x00007f205e7fa700 | 2019-06-21, 02:20:34.332330 [info] - (/home/ghosdebd/sparkle/alps/src/globalheap/globalheap_internal.cc, 400) Allocate block size: 30 ig: 0
0000066 | T.0x00007f205e7fa700 | 2019-06-21, 02:20:34.332345 [info] - (/home/ghosdebd/sparkle/alps/src/globalheap/memattrib_heap.cc, 59) Allocate block size: 30
0000065 | T.0x00007f203d8ed700 | 2019-06-21, 02:20:34.332344 [info] - (/home/ghosdebd/sparkle/alps/src/globalheap/slab.cc, 56) Allocate block: nvslab: (0xbeef, 0x54000c04c8) block: 2
0000067 | T.0x00007f203d8ed700 | 2019-06-21, 02:20:34.332355 [info] - (/home/ghosdebd/sparkle/alps/src/globalheap/slab_heap.cc, 40) Allocate block: new_fullness: 0 old_fullness: 0
0000069 | T.0x00007f205e7fa700 | 2019-06-21, 02:20:34.332371 [info] - (/home/ghosdebd/sparkle/alps/src/globalheap/slab.cc, 56) Allocate block: nvslab: (0xbeef, 0x54000c04c8) block: 3
0000068 | T.0x00007f203d8ed700 | 2019-06-21, 02:20:34.332370 [info] - (/home/ghosdebd/sparkle/alps/src/globalheap/globalheap_internal.cc, 391) Allocated block ptr: (0xbeef, 0x54000c0948) size: 30
0000070 | T.0x00007f205e7fa700 | 2019-06-21, 02:20:34.332377 [info] - (/home/ghosdebd/sparkle/alps/src/globalheap/slab_heap.cc, 40) Allocate block: new_fullness: 0 old_fullness: 0
0000071 | T.0x00007f203d8ed700 | 2019-06-21, 02:20:34.332386 [info] - (/home/ghosdebd/sparkle/alps/src/globalheap/globalheap_internal.cc, 380) Allocate block size: 30
0000072 | T.0x00007f205e7fa700 | 2019-06-21, 02:20:34.332388 [info] - (/home/ghosdebd/sparkle/alps/src/globalheap/globalheap_internal.cc, 391) Allocated block ptr: (0xbeef, 0x54000c0968) size: 30
0000073 | T.0x00007f203d8ed700 | 2019-06-21, 02:20:34.332400 [info] - (/home/ghosdebd/sparkle/alps/src/globalheap/globalheap_internal.cc, 400) Allocate block size: 30 ig: 0
0000074 | T.0x00007f205e7fa700 | 2019-06-21, 02:20:34.332404 [info] - (/home/ghosdebd/sparkle/alps/src/globalheap/globalheap_internal.cc, 380) Allocate block size: 30
0000075 | T.0x00007f203d8ed700 | 2019-06-21, 02:20:34.332417 [info] - (/home/ghosdebd/sparkle/alps/src/globalheap/memattrib_heap.cc, 59) Allocate block size: 30
0000076 | T.0x00007f205e7fa700 | 2019-06-21, 02:20:34.332419 [info] - (/home/ghosdebd/sparkle/alps/src/globalheap/globalheap_internal.cc, 400) Allocate block size: 30 ig: 0
0000078 | T.0x00007f205e7fa700 | 2019-06-21, 02:20:34.332434 [info] - (/home/ghosdebd/sparkle/alps/src/globalheap/memattrib_heap.cc, 59) Allocate block size: 30
0000077 | T.0x00007f203d8ed700 | 2019-06-21, 02:20:34.332432 [info] - (/home/ghosdebd/sparkle/alps/src/globalheap/slab.cc, 56) Allocate block: nvslab: (0xbeef, 0x54000c04c8) block: 4
0000079 | T.0x00007f203d8ed700 | 2019-06-21, 02:20:34.332445 [info] - (/home/ghosdebd/sparkle/alps/src/globalheap/slab_heap.cc, 40) Allocate block: new_fullness: 0 old_fullness: 0
0000080 | T.0x00007f203d8ed700 | 2019-06-21, 02:20:34.332460 [info] - (/home/ghosdebd/sparkle/alps/src/globalheap/globalheap_internal.cc, 391) Allocated block ptr: (0xbeef, 0x54000c0988) size: 30
0000081 | T.0x00007f205e7fa700 | 2019-06-21, 02:20:34.332462 [info] - (/home/ghosdebd/sparkle/alps/src/globalheap/slab.cc, 56) Allocate block: nvslab: (0xbeef, 0x54000c04c8) block: 5
0000082 | T.0x00007f203d8ed700 | 2019-06-21, 02:20:34.332475 [info] - (/home/ghosdebd/sparkle/alps/src/globalheap/globalheap_internal.cc, 380) Allocate block size: 30
0000083 | T.0x00007f205e7fa700 | 2019-06-21, 02:20:34.332478 [info] - (/home/ghosdebd/sparkle/alps/src/globalheap/slab_heap.cc, 40) Allocate block: new_fullness: 0 old_fullness: 0
0000084 | T.0x00007f203d8ed700 | 2019-06-21, 02:20:34.332491 [info] - (/home/ghosdebd/sparkle/alps/src/globalheap/globalheap_internal.cc, 400) Allocate block size: 30 ig: 0
0000085 | T.0x00007f205e7fa700 | 2019-06-21, 02:20:34.332494 [info] - (/home/ghosdebd/sparkle/alps/src/globalheap/globalheap_internal.cc, 391) Allocated block ptr: (0xbeef, 0x54000c09a8) size: 30
0000086 | T.0x00007f203d8ed700 | 2019-06-21, 02:20:34.332509 [info] - (/home/ghosdebd/sparkle/alps/src/globalheap/memattrib_heap.cc, 59) Allocate block size: 30
0000087 | T.0x00007f205e7fa700 | 2019-06-21, 02:20:34.332511 [info] - (/home/ghosdebd/sparkle/alps/src/globalheap/globalheap_internal.cc, 380) Allocate block size: 30
0000089 | T.0x00007f205e7fa700 | 2019-06-21, 02:20:34.332525 [info] - (/home/ghosdebd/sparkle/alps/src/globalheap/globalheap_internal.cc, 400) Allocate block size: 30 ig: 0
0000088 | T.0x00007f203d8ed700 | 2019-06-21, 02:20:34.332524 [info] - (/home/ghosdebd/sparkle/alps/src/globalheap/slab.cc, 56) Allocate block: nvslab: (0xbeef, 0x54000c04c8) block: 6
0000090 | T.0x00007f205e7fa700 | 2019-06-21, 02:20:34.332529 [info] - (/home/ghosdebd/sparkle/alps/src/globalheap/memattrib_heap.cc, 59) Allocate block size: 30
0000091 | T.0x00007f203d8ed700 | 2019-06-21, 02:20:34.332538 [info] - (/home/ghosdebd/sparkle/alps/src/globalheap/slab_heap.cc, 40) Allocate block: new_fullness: 0 old_fullness: 0
0000092 | T.0x00007f203d8ed700 | 2019-06-21, 02:20:34.332550 [info] - (/home/ghosdebd/sparkle/alps/src/globalheap/globalheap_internal.cc, 391) Allocated block ptr: (0xbeef, 0x54000c09c8) size: 30
0000093 | T.0x00007f205e7fa700 | 2019-06-21, 02:20:34.332552 [info] - (/home/ghosdebd/sparkle/alps/src/globalheap/slab.cc, 56) Allocate block: nvslab: (0xbeef, 0x54000c04c8) block: 7
0000094 | T.0x00007f203d8ed700 | 2019-06-21, 02:20:34.332566 [info] - (/home/ghosdebd/sparkle/alps/src/globalheap/globalheap_internal.cc, 380) Allocate block size: 30
0000095 | T.0x00007f205e7fa700 | 2019-06-21, 02:20:34.332568 [info] - (/home/ghosdebd/sparkle/alps/src/globalheap/slab_heap.cc, 40) Allocate block: new_fullness: 0 old_fullness: 0
0000096 | T.0x00007f203d8ed700 | 2019-06-21, 02:20:34.332580 [info] - (/home/ghosdebd/sparkle/alps/src/globalheap/globalheap_internal.cc, 400) Allocate block size: 30 ig: 0
0000097 | T.0x00007f205e7fa700 | 2019-06-21, 02:20:34.332584 [info] - (/home/ghosdebd/sparkle/alps/src/globalheap/globalheap_internal.cc, 391) Allocated block ptr: (0xbeef, 0x54000c09e8) size: 30
0000099 | T.0x00007f205e7fa700 | 2019-06-21, 02:20:34.332618 [info] - (/home/ghosdebd/sparkle/alps/src/globalheap/globalheap_internal.cc, 380) Allocate block size: 30
0000100 | T.0x00007f205e7fa700 | 2019-06-21, 02:20:34.332625 [info] - (/home/ghosdebd/sparkle/alps/src/globalheap/globalheap_internal.cc, 400) Allocate block size: 30 ig: 0
0000101 | T.0x00007f205e7fa700 | 2019-06-21, 02:20:34.332630 [info] - (/home/ghosdebd/sparkle/alps/src/globalheap/memattrib_heap.cc, 59) Allocate block size: 30
0000102 | T.0x00007f205e7fa700 | 2019-06-21, 02:20:34.332636 [info] - (/home/ghosdebd/sparkle/alps/src/globalheap/slab.cc, 56) Allocate block: nvslab: (0xbeef, 0x54000c04c8) block: 8
0000103 | T.0x00007f205e7fa700 | 2019-06-21, 02:20:34.332641 [info] - (/home/ghosdebd/sparkle/alps/src/globalheap/slab_heap.cc, 40) Allocate block: new_fullness: 0 old_fullness: 0
0000098 | T.0x00007f203d8ed700 | 2019-06-21, 02:20:34.332595 [info] - (/home/ghosdebd/sparkle/alps/src/globalheap/memattrib_heap.cc, 59) Allocate block size: 30
0000104 | T.0x00007f205e7fa700 | 2019-06-21, 02:20:34.332645 [info] - (/home/ghosdebd/sparkle/alps/src/globalheap/globalheap_internal.cc, 391) Allocated block ptr: (0xbeef, 0x54000c0a08) size: 30
0000106 | T.0x00007f205e7fa700 | 2019-06-21, 02:20:34.332657 [info] - (/home/ghosdebd/sparkle/alps/src/globalheap/globalheap_internal.cc, 380) Allocate block size: 90
0000107 | T.0x00007f205e7fa700 | 2019-06-21, 02:20:34.332661 [info] - (/home/ghosdebd/sparkle/alps/src/globalheap/globalheap_internal.cc, 400) Allocate block size: 90 ig: 0
0000108 | T.0x00007f205e7fa700 | 2019-06-21, 02:20:34.332667 [info] - (/home/ghosdebd/sparkle/alps/src/globalheap/memattrib_heap.cc, 59) Allocate block size: 90
0000105 | T.0x00007f203d8ed700 | 2019-06-21, 02:20:34.332656 [info] - (/home/ghosdebd/sparkle/alps/src/globalheap/slab.cc, 56) Allocate block: nvslab: (0xbeef, 0x54000c04c8) block: 9
0000109 | T.0x00007f203d8ed700 | 2019-06-21, 02:20:34.332683 [info] - (/home/ghosdebd/sparkle/alps/src/globalheap/slab_heap.cc, 40) Allocate block: new_fullness: 0 old_fullness: 0
0000111 | T.0x00007f205e7fa700 | 2019-06-21, 02:20:34.332698 [info] - (/home/ghosdebd/sparkle/alps/src/globalheap/process_slab_heap.cc, 30) acquire_slab
0000110 | T.0x00007f203d8ed700 | 2019-06-21, 02:20:34.332697 [info] - (/home/ghosdebd/sparkle/alps/src/globalheap/globalheap_internal.cc, 391) Allocated block ptr: (0xbeef, 0x54000c0a28) size: 30
0000112 | T.0x00007f205e7fa700 | 2019-06-21, 02:20:34.332704 [info] - (/home/ghosdebd/sparkle/alps/src/globalheap/process_slab_heap.cc, 33) acquire_slab: locked
0000113 | T.0x00007f203d8ed700 | 2019-06-21, 02:20:34.332713 [info] - (/home/ghosdebd/sparkle/alps/src/globalheap/globalheap_internal.cc, 380) Allocate block size: 60
0000114 | T.0x00007f205e7fa700 | 2019-06-21, 02:20:34.332716 [info] - (/home/ghosdebd/sparkle/alps/src/globalheap/extentheap.hh, 116) malloc
0000115 | T.0x00007f203d8ed700 | 2019-06-21, 02:20:34.332729 [info] - (/home/ghosdebd/sparkle/alps/src/globalheap/globalheap_internal.cc, 400) Allocate block size: 60 ig: 0
0000116 | T.0x00007f205e7fa700 | 2019-06-21, 02:20:34.332733 [info] - (/home/ghosdebd/sparkle/alps/src/globalheap/extentmap.cc, 88) INSERT: (4, 32762)
0000117 | T.0x00007f203d8ed700 | 2019-06-21, 02:20:34.332743 [info] - (/home/ghosdebd/sparkle/alps/src/globalheap/memattrib_heap.cc, 59) Allocate block size: 60
0000118 | T.0x00007f205e7fa700 | 2019-06-21, 02:20:34.332746 [info] - (/home/ghosdebd/sparkle/alps/src/globalheap/zone.cc, 48) Allocated zone_id: 42 extent: (3, 1) 0x7ef4281004c8
0000119 | T.0x00007f205e7fa700 | 2019-06-21, 02:20:34.332873 [info] - (/home/ghosdebd/sparkle/alps/src/globalheap/process_slab_heap.cc, 50) acquire_slab: unlock 2
0000120 | T.0x00007f205e7fa700 | 2019-06-21, 02:20:34.332878 [info] - (/home/ghosdebd/sparkle/alps/src/globalheap/slab.cc, 56) Allocate block: nvslab: (0xbeef, 0x54001004c8) block: 0
0000121 | T.0x00007f205e7fa700 | 2019-06-21, 02:20:34.332881 [info] - (/home/ghosdebd/sparkle/alps/src/globalheap/slab_heap.cc, 40) Allocate block: new_fullness: 0 old_fullness: 0
0000122 | T.0x00007f205e7fa700 | 2019-06-21, 02:20:34.332886 [info] - (/home/ghosdebd/sparkle/alps/src/globalheap/globalheap_internal.cc, 391) Allocated block ptr: (0xbeef, 0x5400100648) size: 90
0000123 | T.0x00007f203d8ed700 | 2019-06-21, 02:20:34.332891 [info] - (/home/ghosdebd/sparkle/alps/src/globalheap/slab.cc, 56) Allocate block: nvslab: (0xbeef, 0x54000804c8) block: 1
0000124 | T.0x00007f203d8ed700 | 2019-06-21, 02:20:34.332902 [info] - (/home/ghosdebd/sparkle/alps/src/globalheap/slab_heap.cc, 40) Allocate block: new_fullness: 0 old_fullness: 0
0000125 | T.0x00007f203d8ed700 | 2019-06-21, 02:20:34.332913 [info] - (/home/ghosdebd/sparkle/alps/src/globalheap/globalheap_internal.cc, 391) Allocated block ptr: (0xbeef, 0x5400080748) size: 60
0000126 | T.0x00007f203d8ed700 | 2019-06-21, 02:20:34.332932 [info] - (/home/ghosdebd/sparkle/alps/src/globalheap/globalheap_internal.cc, 380) Allocate block size: 60
0000127 | T.0x00007f203d8ed700 | 2019-06-21, 02:20:34.332942 [info] - (/home/ghosdebd/sparkle/alps/src/globalheap/globalheap_internal.cc, 400) Allocate block size: 60 ig: 0
0000128 | T.0x00007f203d8ed700 | 2019-06-21, 02:20:34.332953 [info] - (/home/ghosdebd/sparkle/alps/src/globalheap/memattrib_heap.cc, 59) Allocate block size: 60
0000129 | T.0x00007f203d8ed700 | 2019-06-21, 02:20:34.332965 [info] - (/home/ghosdebd/sparkle/alps/src/globalheap/slab.cc, 56) Allocate block: nvslab: (0xbeef, 0x54000804c8) block: 2
0000130 | T.0x00007f203d8ed700 | 2019-06-21, 02:20:34.332975 [info] - (/home/ghosdebd/sparkle/alps/src/globalheap/slab_heap.cc, 40) Allocate block: new_fullness: 0 old_fullness: 0
0000131 | T.0x00007f203d8ed700 | 2019-06-21, 02:20:34.332984 [info] - (/home/ghosdebd/sparkle/alps/src/globalheap/globalheap_internal.cc, 391) Allocated block ptr: (0xbeef, 0x5400080788) size: 60
0000132 | T.0x00007f203d8ed700 | 2019-06-21, 02:20:34.332993 [info] - (/home/ghosdebd/sparkle/alps/src/globalheap/globalheap_internal.cc, 380) Allocate block size: 30
0000133 | T.0x00007f203d8ed700 | 2019-06-21, 02:20:34.333004 [info] - (/home/ghosdebd/sparkle/alps/src/globalheap/globalheap_internal.cc, 400) Allocate block size: 30 ig: 0
0000134 | T.0x00007f203d8ed700 | 2019-06-21, 02:20:34.333015 [info] - (/home/ghosdebd/sparkle/alps/src/globalheap/memattrib_heap.cc, 59) Allocate block size: 30
0000135 | T.0x00007f203d8ed700 | 2019-06-21, 02:20:34.333027 [info] - (/home/ghosdebd/sparkle/alps/src/globalheap/slab.cc, 56) Allocate block: nvslab: (0xbeef, 0x54000c04c8) block: 10
0000136 | T.0x00007f203d8ed700 | 2019-06-21, 02:20:34.333038 [info] - (/home/ghosdebd/sparkle/alps/src/globalheap/slab_heap.cc, 40) Allocate block: new_fullness: 0 old_fullness: 0
0000137 | T.0x00007f203d8ed700 | 2019-06-21, 02:20:34.333049 [info] - (/home/ghosdebd/sparkle/alps/src/globalheap/globalheap_internal.cc, 391) Allocated block ptr: (0xbeef, 0x54000c0a48) size: 30
