0000001 | T.0x00007f7502ffe700 | 2019-06-21, 02:19:48.897350 [info] - (/home/ghosdebd/sparkle/alps/src/globalheap/globalheap_internal.cc, 153) Open heap path: /lfs/spark_global0 
0000002 | T.0x00007f7502ffe700 | 2019-06-21, 02:19:48.898018 [info] - (/home/ghosdebd/sparkle/alps/src/pegasus/lfs_region_file.cc, 64) Open LFS region file path: "/lfs/spark_global0" flags: O_RDWR
0000004 | T.0x00007f7502ffe700 | 2019-06-21, 02:19:48.912998 [info] - (/home/ghosdebd/sparkle/alps/src/pegasus/segmap.cc, 39) map region  base_addr: 0x7ef3ac000000 size: 549755813888 addr_range: 0x7ef3ac000000--7f73ac000000
0000005 | T.0x00007f7502ffe700 | 2019-06-21, 02:19:48.913029 [info] - (/home/ghosdebd/sparkle/alps/src/globalheap/globalheap_internal.cc, 158) Opened heap path: /lfs/spark_global0  size: 549755813888
0000006 | T.0x00007f7502ffe700 | 2019-06-21, 02:19:49.219178 [info] - (/home/ghosdebd/sparkle/alps/src/globalheap/globalheap_internal.cc, 380) Allocate block size: 412
0000007 | T.0x00007f74f8ffc700 | 2019-06-21, 02:19:49.219193 [info] - (/home/ghosdebd/sparkle/alps/src/globalheap/globalheap_internal.cc, 380) Allocate block size: 412
0000008 | T.0x00007f7502ffe700 | 2019-06-21, 02:19:49.219247 [info] - (/home/ghosdebd/sparkle/alps/src/globalheap/globalheap_internal.cc, 400) Allocate block size: 412 ig: 0
0000009 | T.0x00007f74f8ffc700 | 2019-06-21, 02:19:49.219250 [info] - (/home/ghosdebd/sparkle/alps/src/globalheap/globalheap_internal.cc, 400) Allocate block size: 412 ig: 0
0000011 | T.0x00007f74f8ffc700 | 2019-06-21, 02:19:49.219388 [info] - (/home/ghosdebd/sparkle/alps/src/globalheap/memattrib_heap.cc, 59) Allocate block size: 412
0000010 | T.0x00007f7502ffe700 | 2019-06-21, 02:19:49.219387 [info] - (/home/ghosdebd/sparkle/alps/src/globalheap/memattrib_heap.cc, 59) Allocate block size: 412
0000012 | T.0x00007f74f8ffc700 | 2019-06-21, 02:19:49.219413 [info] - (/home/ghosdebd/sparkle/alps/src/globalheap/process_slab_heap.cc, 30) acquire_slab
0000013 | T.0x00007f74f8ffc700 | 2019-06-21, 02:19:49.219423 [info] - (/home/ghosdebd/sparkle/alps/src/globalheap/process_slab_heap.cc, 33) acquire_slab: locked
0000014 | T.0x00007f74f8ffc700 | 2019-06-21, 02:19:49.219435 [info] - (/home/ghosdebd/sparkle/alps/src/globalheap/extentheap.hh, 116) malloc
0000015 | T.0x00007f74f8ffc700 | 2019-06-21, 02:19:49.219526 [info] - (/home/ghosdebd/sparkle/alps/src/globalheap/zone.hh, 40) NVZONE: 0x7ef7ac000400
0000016 | T.0x00007f74f8ffc700 | 2019-06-21, 02:19:49.219539 [info] - (/home/ghosdebd/sparkle/alps/src/globalheap/zone.hh, 41) NVZONE: ID: 2
0000017 | T.0x00007f74f8ffc700 | 2019-06-21, 02:19:49.221239 [info] - (/home/ghosdebd/sparkle/alps/src/globalheap/extentmap.cc, 88) INSERT: (0, 32766)
0000018 | T.0x00007f74f8ffc700 | 2019-06-21, 02:19:49.221271 [info] - (/home/ghosdebd/sparkle/alps/src/globalheap/zone_heap.hh, 153) Acquired zone: 2
0000019 | T.0x00007f74f8ffc700 | 2019-06-21, 02:19:49.221283 [info] - (/home/ghosdebd/sparkle/alps/src/globalheap/zone.hh, 72) Enumerate zone: 2
0000020 | T.0x00007f74f8ffc700 | 2019-06-21, 02:19:49.222767 [info] - (/home/ghosdebd/sparkle/alps/src/globalheap/extentheap.hh, 116) malloc
0000021 | T.0x00007f74f8ffc700 | 2019-06-21, 02:19:49.222787 [info] - (/home/ghosdebd/sparkle/alps/src/globalheap/extentmap.cc, 88) INSERT: (1, 32765)
0000022 | T.0x00007f74f8ffc700 | 2019-06-21, 02:19:49.222795 [info] - (/home/ghosdebd/sparkle/alps/src/globalheap/zone.cc, 48) Allocated zone_id: 2 extent: (0, 1) 0x7ef7ac0404c8
0000023 | T.0x00007f74f8ffc700 | 2019-06-21, 02:19:49.222824 [info] - (/home/ghosdebd/sparkle/alps/src/globalheap/process_slab_heap.cc, 50) acquire_slab: unlock 2
0000024 | T.0x00007f74f8ffc700 | 2019-06-21, 02:19:49.222842 [info] - (/home/ghosdebd/sparkle/alps/src/globalheap/slab.cc, 56) Allocate block: nvslab: (0xbeef, 0x4000404c8) block: 0
0000025 | T.0x00007f74f8ffc700 | 2019-06-21, 02:19:49.222851 [info] - (/home/ghosdebd/sparkle/alps/src/globalheap/slab_heap.cc, 40) Allocate block: new_fullness: 0 old_fullness: 0
0000026 | T.0x00007f74f8ffc700 | 2019-06-21, 02:19:49.222864 [info] - (/home/ghosdebd/sparkle/alps/src/globalheap/globalheap_internal.cc, 391) Allocated block ptr: (0xbeef, 0x400040548) size: 412
0000027 | T.0x00007f7502ffe700 | 2019-06-21, 02:19:49.222872 [info] - (/home/ghosdebd/sparkle/alps/src/globalheap/slab.cc, 56) Allocate block: nvslab: (0xbeef, 0x4000404c8) block: 1
0000028 | T.0x00007f74f8ffc700 | 2019-06-21, 02:19:49.222886 [info] - (/home/ghosdebd/sparkle/alps/src/globalheap/globalheap_internal.cc, 380) Allocate block size: 30
0000029 | T.0x00007f7502ffe700 | 2019-06-21, 02:19:49.222897 [info] - (/home/ghosdebd/sparkle/alps/src/globalheap/slab_heap.cc, 40) Allocate block: new_fullness: 0 old_fullness: 0
0000030 | T.0x00007f74f8ffc700 | 2019-06-21, 02:19:49.222901 [info] - (/home/ghosdebd/sparkle/alps/src/globalheap/globalheap_internal.cc, 400) Allocate block size: 30 ig: 0
0000031 | T.0x00007f7502ffe700 | 2019-06-21, 02:19:49.222912 [info] - (/home/ghosdebd/sparkle/alps/src/globalheap/globalheap_internal.cc, 391) Allocated block ptr: (0xbeef, 0x4000406e8) size: 412
0000032 | T.0x00007f74f8ffc700 | 2019-06-21, 02:19:49.222924 [info] - (/home/ghosdebd/sparkle/alps/src/globalheap/memattrib_heap.cc, 59) Allocate block size: 30
0000033 | T.0x00007f7502ffe700 | 2019-06-21, 02:19:49.222937 [info] - (/home/ghosdebd/sparkle/alps/src/globalheap/globalheap_internal.cc, 380) Allocate block size: 30
0000034 | T.0x00007f74f8ffc700 | 2019-06-21, 02:19:49.222942 [info] - (/home/ghosdebd/sparkle/alps/src/globalheap/process_slab_heap.cc, 30) acquire_slab
0000035 | T.0x00007f7502ffe700 | 2019-06-21, 02:19:49.222952 [info] - (/home/ghosdebd/sparkle/alps/src/globalheap/globalheap_internal.cc, 400) Allocate block size: 30 ig: 0
0000036 | T.0x00007f74f8ffc700 | 2019-06-21, 02:19:49.222962 [info] - (/home/ghosdebd/sparkle/alps/src/globalheap/process_slab_heap.cc, 33) acquire_slab: locked
0000037 | T.0x00007f7502ffe700 | 2019-06-21, 02:19:49.222971 [info] - (/home/ghosdebd/sparkle/alps/src/globalheap/memattrib_heap.cc, 59) Allocate block size: 30
0000038 | T.0x00007f74f8ffc700 | 2019-06-21, 02:19:49.222981 [info] - (/home/ghosdebd/sparkle/alps/src/globalheap/extentheap.hh, 116) malloc
0000039 | T.0x00007f74f8ffc700 | 2019-06-21, 02:19:49.223000 [info] - (/home/ghosdebd/sparkle/alps/src/globalheap/extentmap.cc, 88) INSERT: (2, 32764)
0000040 | T.0x00007f74f8ffc700 | 2019-06-21, 02:19:49.223009 [info] - (/home/ghosdebd/sparkle/alps/src/globalheap/zone.cc, 48) Allocated zone_id: 2 extent: (1, 1) 0x7ef7ac0804c8
0000041 | T.0x00007f74f8ffc700 | 2019-06-21, 02:19:49.223220 [info] - (/home/ghosdebd/sparkle/alps/src/globalheap/process_slab_heap.cc, 50) acquire_slab: unlock 2
0000042 | T.0x00007f74f8ffc700 | 2019-06-21, 02:19:49.223228 [info] - (/home/ghosdebd/sparkle/alps/src/globalheap/slab.cc, 56) Allocate block: nvslab: (0xbeef, 0x4000804c8) block: 0
0000043 | T.0x00007f74f8ffc700 | 2019-06-21, 02:19:49.223238 [info] - (/home/ghosdebd/sparkle/alps/src/globalheap/slab_heap.cc, 40) Allocate block: new_fullness: 0 old_fullness: 0
0000044 | T.0x00007f74f8ffc700 | 2019-06-21, 02:19:49.223246 [info] - (/home/ghosdebd/sparkle/alps/src/globalheap/globalheap_internal.cc, 391) Allocated block ptr: (0xbeef, 0x400080908) size: 30
0000045 | T.0x00007f7502ffe700 | 2019-06-21, 02:19:49.223250 [info] - (/home/ghosdebd/sparkle/alps/src/globalheap/slab.cc, 56) Allocate block: nvslab: (0xbeef, 0x4000804c8) block: 1
0000046 | T.0x00007f74f8ffc700 | 2019-06-21, 02:19:49.223252 [info] - (/home/ghosdebd/sparkle/alps/src/globalheap/globalheap_internal.cc, 380) Allocate block size: 60
0000047 | T.0x00007f7502ffe700 | 2019-06-21, 02:19:49.223257 [info] - (/home/ghosdebd/sparkle/alps/src/globalheap/slab_heap.cc, 40) Allocate block: new_fullness: 0 old_fullness: 0
0000048 | T.0x00007f74f8ffc700 | 2019-06-21, 02:19:49.223268 [info] - (/home/ghosdebd/sparkle/alps/src/globalheap/globalheap_internal.cc, 400) Allocate block size: 60 ig: 0
0000049 | T.0x00007f7502ffe700 | 2019-06-21, 02:19:49.223277 [info] - (/home/ghosdebd/sparkle/alps/src/globalheap/globalheap_internal.cc, 391) Allocated block ptr: (0xbeef, 0x400080928) size: 30
0000050 | T.0x00007f74f8ffc700 | 2019-06-21, 02:19:49.223288 [info] - (/home/ghosdebd/sparkle/alps/src/globalheap/memattrib_heap.cc, 59) Allocate block size: 60
0000051 | T.0x00007f7502ffe700 | 2019-06-21, 02:19:49.223297 [info] - (/home/ghosdebd/sparkle/alps/src/globalheap/globalheap_internal.cc, 380) Allocate block size: 30
0000052 | T.0x00007f74f8ffc700 | 2019-06-21, 02:19:49.223401 [info] - (/home/ghosdebd/sparkle/alps/src/globalheap/process_slab_heap.cc, 30) acquire_slab
0000053 | T.0x00007f7502ffe700 | 2019-06-21, 02:19:49.223409 [info] - (/home/ghosdebd/sparkle/alps/src/globalheap/globalheap_internal.cc, 400) Allocate block size: 30 ig: 0
0000054 | T.0x00007f74f8ffc700 | 2019-06-21, 02:19:49.223415 [info] - (/home/ghosdebd/sparkle/alps/src/globalheap/process_slab_heap.cc, 33) acquire_slab: locked
0000055 | T.0x00007f7502ffe700 | 2019-06-21, 02:19:49.223423 [info] - (/home/ghosdebd/sparkle/alps/src/globalheap/memattrib_heap.cc, 59) Allocate block size: 30
0000056 | T.0x00007f74f8ffc700 | 2019-06-21, 02:19:49.223433 [info] - (/home/ghosdebd/sparkle/alps/src/globalheap/extentheap.hh, 116) malloc
0000057 | T.0x00007f74f8ffc700 | 2019-06-21, 02:19:49.223453 [info] - (/home/ghosdebd/sparkle/alps/src/globalheap/extentmap.cc, 88) INSERT: (3, 32763)
0000058 | T.0x00007f74f8ffc700 | 2019-06-21, 02:19:49.223462 [info] - (/home/ghosdebd/sparkle/alps/src/globalheap/zone.cc, 48) Allocated zone_id: 2 extent: (2, 1) 0x7ef7ac0c04c8
0000059 | T.0x00007f74f8ffc700 | 2019-06-21, 02:19:49.223667 [info] - (/home/ghosdebd/sparkle/alps/src/globalheap/process_slab_heap.cc, 50) acquire_slab: unlock 2
0000060 | T.0x00007f74f8ffc700 | 2019-06-21, 02:19:49.223676 [info] - (/home/ghosdebd/sparkle/alps/src/globalheap/slab.cc, 56) Allocate block: nvslab: (0xbeef, 0x4000c04c8) block: 0
0000061 | T.0x00007f74f8ffc700 | 2019-06-21, 02:19:49.223684 [info] - (/home/ghosdebd/sparkle/alps/src/globalheap/slab_heap.cc, 40) Allocate block: new_fullness: 0 old_fullness: 0
0000062 | T.0x00007f74f8ffc700 | 2019-06-21, 02:19:49.223694 [info] - (/home/ghosdebd/sparkle/alps/src/globalheap/globalheap_internal.cc, 391) Allocated block ptr: (0xbeef, 0x4000c0708) size: 60
0000063 | T.0x00007f7502ffe700 | 2019-06-21, 02:19:49.223697 [info] - (/home/ghosdebd/sparkle/alps/src/globalheap/slab.cc, 56) Allocate block: nvslab: (0xbeef, 0x4000804c8) block: 2
0000064 | T.0x00007f74f8ffc700 | 2019-06-21, 02:19:49.223704 [info] - (/home/ghosdebd/sparkle/alps/src/globalheap/globalheap_internal.cc, 380) Allocate block size: 30
0000065 | T.0x00007f7502ffe700 | 2019-06-21, 02:19:49.223712 [info] - (/home/ghosdebd/sparkle/alps/src/globalheap/slab_heap.cc, 40) Allocate block: new_fullness: 0 old_fullness: 0
0000066 | T.0x00007f74f8ffc700 | 2019-06-21, 02:19:49.223723 [info] - (/home/ghosdebd/sparkle/alps/src/globalheap/globalheap_internal.cc, 400) Allocate block size: 30 ig: 0
0000067 | T.0x00007f7502ffe700 | 2019-06-21, 02:19:49.223731 [info] - (/home/ghosdebd/sparkle/alps/src/globalheap/globalheap_internal.cc, 391) Allocated block ptr: (0xbeef, 0x400080948) size: 30
0000068 | T.0x00007f74f8ffc700 | 2019-06-21, 02:19:49.223739 [info] - (/home/ghosdebd/sparkle/alps/src/globalheap/memattrib_heap.cc, 59) Allocate block size: 30
0000069 | T.0x00007f7502ffe700 | 2019-06-21, 02:19:49.223750 [info] - (/home/ghosdebd/sparkle/alps/src/globalheap/globalheap_internal.cc, 380) Allocate block size: 30
0000070 | T.0x00007f74f8ffc700 | 2019-06-21, 02:19:49.223759 [info] - (/home/ghosdebd/sparkle/alps/src/globalheap/slab.cc, 56) Allocate block: nvslab: (0xbeef, 0x4000804c8) block: 3
0000071 | T.0x00007f7502ffe700 | 2019-06-21, 02:19:49.223764 [info] - (/home/ghosdebd/sparkle/alps/src/globalheap/globalheap_internal.cc, 400) Allocate block size: 30 ig: 0
0000072 | T.0x00007f74f8ffc700 | 2019-06-21, 02:19:49.223774 [info] - (/home/ghosdebd/sparkle/alps/src/globalheap/slab_heap.cc, 40) Allocate block: new_fullness: 0 old_fullness: 0
0000073 | T.0x00007f7502ffe700 | 2019-06-21, 02:19:49.223779 [info] - (/home/ghosdebd/sparkle/alps/src/globalheap/memattrib_heap.cc, 59) Allocate block size: 30
0000074 | T.0x00007f74f8ffc700 | 2019-06-21, 02:19:49.223789 [info] - (/home/ghosdebd/sparkle/alps/src/globalheap/globalheap_internal.cc, 391) Allocated block ptr: (0xbeef, 0x400080968) size: 30
0000075 | T.0x00007f7502ffe700 | 2019-06-21, 02:19:49.223798 [info] - (/home/ghosdebd/sparkle/alps/src/globalheap/slab.cc, 56) Allocate block: nvslab: (0xbeef, 0x4000804c8) block: 4
0000076 | T.0x00007f74f8ffc700 | 2019-06-21, 02:19:49.223807 [info] - (/home/ghosdebd/sparkle/alps/src/globalheap/globalheap_internal.cc, 380) Allocate block size: 60
0000077 | T.0x00007f7502ffe700 | 2019-06-21, 02:19:49.223816 [info] - (/home/ghosdebd/sparkle/alps/src/globalheap/slab_heap.cc, 40) Allocate block: new_fullness: 0 old_fullness: 0
0000078 | T.0x00007f74f8ffc700 | 2019-06-21, 02:19:49.223825 [info] - (/home/ghosdebd/sparkle/alps/src/globalheap/globalheap_internal.cc, 400) Allocate block size: 60 ig: 0
0000079 | T.0x00007f7502ffe700 | 2019-06-21, 02:19:49.223835 [info] - (/home/ghosdebd/sparkle/alps/src/globalheap/globalheap_internal.cc, 391) Allocated block ptr: (0xbeef, 0x400080988) size: 30
0000080 | T.0x00007f74f8ffc700 | 2019-06-21, 02:19:49.223844 [info] - (/home/ghosdebd/sparkle/alps/src/globalheap/memattrib_heap.cc, 59) Allocate block size: 60
0000081 | T.0x00007f7502ffe700 | 2019-06-21, 02:19:49.223854 [info] - (/home/ghosdebd/sparkle/alps/src/globalheap/globalheap_internal.cc, 380) Allocate block size: 60
0000082 | T.0x00007f74f8ffc700 | 2019-06-21, 02:19:49.223864 [info] - (/home/ghosdebd/sparkle/alps/src/globalheap/slab.cc, 56) Allocate block: nvslab: (0xbeef, 0x4000c04c8) block: 1
0000083 | T.0x00007f7502ffe700 | 2019-06-21, 02:19:49.223873 [info] - (/home/ghosdebd/sparkle/alps/src/globalheap/globalheap_internal.cc, 400) Allocate block size: 60 ig: 0
0000084 | T.0x00007f74f8ffc700 | 2019-06-21, 02:19:49.223882 [info] - (/home/ghosdebd/sparkle/alps/src/globalheap/slab_heap.cc, 40) Allocate block: new_fullness: 0 old_fullness: 0
0000085 | T.0x00007f7502ffe700 | 2019-06-21, 02:19:49.223891 [info] - (/home/ghosdebd/sparkle/alps/src/globalheap/memattrib_heap.cc, 59) Allocate block size: 60
0000086 | T.0x00007f74f8ffc700 | 2019-06-21, 02:19:49.223899 [info] - (/home/ghosdebd/sparkle/alps/src/globalheap/globalheap_internal.cc, 391) Allocated block ptr: (0xbeef, 0x4000c0748) size: 60
0000087 | T.0x00007f7502ffe700 | 2019-06-21, 02:19:49.223911 [info] - (/home/ghosdebd/sparkle/alps/src/globalheap/slab.cc, 56) Allocate block: nvslab: (0xbeef, 0x4000c04c8) block: 2
0000088 | T.0x00007f74f8ffc700 | 2019-06-21, 02:19:49.223917 [info] - (/home/ghosdebd/sparkle/alps/src/globalheap/globalheap_internal.cc, 380) Allocate block size: 60
0000089 | T.0x00007f7502ffe700 | 2019-06-21, 02:19:49.223927 [info] - (/home/ghosdebd/sparkle/alps/src/globalheap/slab_heap.cc, 40) Allocate block: new_fullness: 0 old_fullness: 0
0000090 | T.0x00007f74f8ffc700 | 2019-06-21, 02:19:49.223935 [info] - (/home/ghosdebd/sparkle/alps/src/globalheap/globalheap_internal.cc, 400) Allocate block size: 60 ig: 0
0000091 | T.0x00007f7502ffe700 | 2019-06-21, 02:19:49.223946 [info] - (/home/ghosdebd/sparkle/alps/src/globalheap/globalheap_internal.cc, 391) Allocated block ptr: (0xbeef, 0x4000c0788) size: 60
0000092 | T.0x00007f74f8ffc700 | 2019-06-21, 02:19:49.223952 [info] - (/home/ghosdebd/sparkle/alps/src/globalheap/memattrib_heap.cc, 59) Allocate block size: 60
0000093 | T.0x00007f7502ffe700 | 2019-06-21, 02:19:49.223958 [info] - (/home/ghosdebd/sparkle/alps/src/globalheap/globalheap_internal.cc, 380) Allocate block size: 30
0000094 | T.0x00007f74f8ffc700 | 2019-06-21, 02:19:49.223967 [info] - (/home/ghosdebd/sparkle/alps/src/globalheap/slab.cc, 56) Allocate block: nvslab: (0xbeef, 0x4000c04c8) block: 3
0000095 | T.0x00007f7502ffe700 | 2019-06-21, 02:19:49.223977 [info] - (/home/ghosdebd/sparkle/alps/src/globalheap/globalheap_internal.cc, 400) Allocate block size: 30 ig: 0
0000096 | T.0x00007f74f8ffc700 | 2019-06-21, 02:19:49.223986 [info] - (/home/ghosdebd/sparkle/alps/src/globalheap/slab_heap.cc, 40) Allocate block: new_fullness: 0 old_fullness: 0
0000097 | T.0x00007f7502ffe700 | 2019-06-21, 02:19:49.223995 [info] - (/home/ghosdebd/sparkle/alps/src/globalheap/memattrib_heap.cc, 59) Allocate block size: 30
0000098 | T.0x00007f74f8ffc700 | 2019-06-21, 02:19:49.224004 [info] - (/home/ghosdebd/sparkle/alps/src/globalheap/globalheap_internal.cc, 391) Allocated block ptr: (0xbeef, 0x4000c07c8) size: 60
0000099 | T.0x00007f7502ffe700 | 2019-06-21, 02:19:49.224014 [info] - (/home/ghosdebd/sparkle/alps/src/globalheap/slab.cc, 56) Allocate block: nvslab: (0xbeef, 0x4000804c8) block: 5
0000100 | T.0x00007f74f8ffc700 | 2019-06-21, 02:19:49.224036 [info] - (/home/ghosdebd/sparkle/alps/src/globalheap/globalheap_internal.cc, 380) Allocate block size: 30
0000101 | T.0x00007f7502ffe700 | 2019-06-21, 02:19:49.224045 [info] - (/home/ghosdebd/sparkle/alps/src/globalheap/slab_heap.cc, 40) Allocate block: new_fullness: 0 old_fullness: 0
0000102 | T.0x00007f74f8ffc700 | 2019-06-21, 02:19:49.224053 [info] - (/home/ghosdebd/sparkle/alps/src/globalheap/globalheap_internal.cc, 400) Allocate block size: 30 ig: 0
0000103 | T.0x00007f7502ffe700 | 2019-06-21, 02:19:49.224059 [info] - (/home/ghosdebd/sparkle/alps/src/globalheap/globalheap_internal.cc, 391) Allocated block ptr: (0xbeef, 0x4000809a8) size: 30
0000104 | T.0x00007f74f8ffc700 | 2019-06-21, 02:19:49.224067 [info] - (/home/ghosdebd/sparkle/alps/src/globalheap/memattrib_heap.cc, 59) Allocate block size: 30
0000105 | T.0x00007f7502ffe700 | 2019-06-21, 02:19:49.224076 [info] - (/home/ghosdebd/sparkle/alps/src/globalheap/globalheap_internal.cc, 380) Allocate block size: 30
0000106 | T.0x00007f74f8ffc700 | 2019-06-21, 02:19:49.224085 [info] - (/home/ghosdebd/sparkle/alps/src/globalheap/slab.cc, 56) Allocate block: nvslab: (0xbeef, 0x4000804c8) block: 6
0000107 | T.0x00007f7502ffe700 | 2019-06-21, 02:19:49.224092 [info] - (/home/ghosdebd/sparkle/alps/src/globalheap/globalheap_internal.cc, 400) Allocate block size: 30 ig: 0
0000108 | T.0x00007f74f8ffc700 | 2019-06-21, 02:19:49.224104 [info] - (/home/ghosdebd/sparkle/alps/src/globalheap/slab_heap.cc, 40) Allocate block: new_fullness: 0 old_fullness: 0
0000109 | T.0x00007f7502ffe700 | 2019-06-21, 02:19:49.224114 [info] - (/home/ghosdebd/sparkle/alps/src/globalheap/memattrib_heap.cc, 59) Allocate block size: 30
0000110 | T.0x00007f74f8ffc700 | 2019-06-21, 02:19:49.224124 [info] - (/home/ghosdebd/sparkle/alps/src/globalheap/globalheap_internal.cc, 391) Allocated block ptr: (0xbeef, 0x4000809c8) size: 30
0000111 | T.0x00007f7502ffe700 | 2019-06-21, 02:19:49.224133 [info] - (/home/ghosdebd/sparkle/alps/src/globalheap/slab.cc, 56) Allocate block: nvslab: (0xbeef, 0x4000804c8) block: 7
0000112 | T.0x00007f74f8ffc700 | 2019-06-21, 02:19:49.224143 [info] - (/home/ghosdebd/sparkle/alps/src/globalheap/globalheap_internal.cc, 380) Allocate block size: 30
0000113 | T.0x00007f7502ffe700 | 2019-06-21, 02:19:49.224152 [info] - (/home/ghosdebd/sparkle/alps/src/globalheap/slab_heap.cc, 40) Allocate block: new_fullness: 0 old_fullness: 0
0000114 | T.0x00007f74f8ffc700 | 2019-06-21, 02:19:49.224161 [info] - (/home/ghosdebd/sparkle/alps/src/globalheap/globalheap_internal.cc, 400) Allocate block size: 30 ig: 0
0000115 | T.0x00007f7502ffe700 | 2019-06-21, 02:19:49.224170 [info] - (/home/ghosdebd/sparkle/alps/src/globalheap/globalheap_internal.cc, 391) Allocated block ptr: (0xbeef, 0x4000809e8) size: 30
0000116 | T.0x00007f74f8ffc700 | 2019-06-21, 02:19:49.224176 [info] - (/home/ghosdebd/sparkle/alps/src/globalheap/memattrib_heap.cc, 59) Allocate block size: 30
0000117 | T.0x00007f7502ffe700 | 2019-06-21, 02:19:49.224186 [info] - (/home/ghosdebd/sparkle/alps/src/globalheap/globalheap_internal.cc, 380) Allocate block size: 30
0000118 | T.0x00007f74f8ffc700 | 2019-06-21, 02:19:49.224196 [info] - (/home/ghosdebd/sparkle/alps/src/globalheap/slab.cc, 56) Allocate block: nvslab: (0xbeef, 0x4000804c8) block: 8
0000119 | T.0x00007f7502ffe700 | 2019-06-21, 02:19:49.224204 [info] - (/home/ghosdebd/sparkle/alps/src/globalheap/globalheap_internal.cc, 400) Allocate block size: 30 ig: 0
0000120 | T.0x00007f74f8ffc700 | 2019-06-21, 02:19:49.224213 [info] - (/home/ghosdebd/sparkle/alps/src/globalheap/slab_heap.cc, 40) Allocate block: new_fullness: 0 old_fullness: 0
0000121 | T.0x00007f7502ffe700 | 2019-06-21, 02:19:49.224222 [info] - (/home/ghosdebd/sparkle/alps/src/globalheap/memattrib_heap.cc, 59) Allocate block size: 30
0000122 | T.0x00007f74f8ffc700 | 2019-06-21, 02:19:49.224232 [info] - (/home/ghosdebd/sparkle/alps/src/globalheap/globalheap_internal.cc, 391) Allocated block ptr: (0xbeef, 0x400080a08) size: 30
0000123 | T.0x00007f7502ffe700 | 2019-06-21, 02:19:49.224241 [info] - (/home/ghosdebd/sparkle/alps/src/globalheap/slab.cc, 56) Allocate block: nvslab: (0xbeef, 0x4000804c8) block: 9
0000124 | T.0x00007f7502ffe700 | 2019-06-21, 02:19:49.224260 [info] - (/home/ghosdebd/sparkle/alps/src/globalheap/slab_heap.cc, 40) Allocate block: new_fullness: 0 old_fullness: 0
0000125 | T.0x00007f7502ffe700 | 2019-06-21, 02:19:49.224266 [info] - (/home/ghosdebd/sparkle/alps/src/globalheap/globalheap_internal.cc, 391) Allocated block ptr: (0xbeef, 0x400080a28) size: 30
0000126 | T.0x00007f7502ffe700 | 2019-06-21, 02:19:49.224279 [info] - (/home/ghosdebd/sparkle/alps/src/globalheap/globalheap_internal.cc, 380) Allocate block size: 30
0000127 | T.0x00007f7502ffe700 | 2019-06-21, 02:19:49.224287 [info] - (/home/ghosdebd/sparkle/alps/src/globalheap/globalheap_internal.cc, 400) Allocate block size: 30 ig: 0
0000128 | T.0x00007f7502ffe700 | 2019-06-21, 02:19:49.224294 [info] - (/home/ghosdebd/sparkle/alps/src/globalheap/memattrib_heap.cc, 59) Allocate block size: 30
0000129 | T.0x00007f7502ffe700 | 2019-06-21, 02:19:49.224299 [info] - (/home/ghosdebd/sparkle/alps/src/globalheap/slab.cc, 56) Allocate block: nvslab: (0xbeef, 0x4000804c8) block: 10
0000130 | T.0x00007f7502ffe700 | 2019-06-21, 02:19:49.224305 [info] - (/home/ghosdebd/sparkle/alps/src/globalheap/slab_heap.cc, 40) Allocate block: new_fullness: 0 old_fullness: 0
0000131 | T.0x00007f7502ffe700 | 2019-06-21, 02:19:49.224310 [info] - (/home/ghosdebd/sparkle/alps/src/globalheap/globalheap_internal.cc, 391) Allocated block ptr: (0xbeef, 0x400080a48) size: 30
0000132 | T.0x00007f7502ffe700 | 2019-06-21, 02:19:49.224317 [info] - (/home/ghosdebd/sparkle/alps/src/globalheap/globalheap_internal.cc, 380) Allocate block size: 30
0000133 | T.0x00007f7502ffe700 | 2019-06-21, 02:19:49.224321 [info] - (/home/ghosdebd/sparkle/alps/src/globalheap/globalheap_internal.cc, 400) Allocate block size: 30 ig: 0
0000134 | T.0x00007f7502ffe700 | 2019-06-21, 02:19:49.224327 [info] - (/home/ghosdebd/sparkle/alps/src/globalheap/memattrib_heap.cc, 59) Allocate block size: 30
0000135 | T.0x00007f7502ffe700 | 2019-06-21, 02:19:49.224333 [info] - (/home/ghosdebd/sparkle/alps/src/globalheap/slab.cc, 56) Allocate block: nvslab: (0xbeef, 0x4000804c8) block: 11
0000136 | T.0x00007f7502ffe700 | 2019-06-21, 02:19:49.224342 [info] - (/home/ghosdebd/sparkle/alps/src/globalheap/slab_heap.cc, 40) Allocate block: new_fullness: 0 old_fullness: 0
0000137 | T.0x00007f7502ffe700 | 2019-06-21, 02:19:49.224347 [info] - (/home/ghosdebd/sparkle/alps/src/globalheap/globalheap_internal.cc, 391) Allocated block ptr: (0xbeef, 0x400080a68) size: 30
