0000001 | T.0x00007efe402d3700 | 2019-06-21, 02:19:48.889258 [info] - (/home/ghosdebd/sparkle/alps/src/globalheap/globalheap_internal.cc, 153) Open heap path: /lfs/spark_global0 
0000002 | T.0x00007efe402d3700 | 2019-06-21, 02:19:48.889701 [info] - (/home/ghosdebd/sparkle/alps/src/pegasus/lfs_region_file.cc, 64) Open LFS region file path: "/lfs/spark_global0" flags: O_RDWR
0000004 | T.0x00007efe402d3700 | 2019-06-21, 02:19:48.909275 [info] - (/home/ghosdebd/sparkle/alps/src/pegasus/segmap.cc, 39) map region  base_addr: 0x7e7ce4000000 size: 549755813888 addr_range: 0x7e7ce4000000--7efce4000000
0000005 | T.0x00007efe402d3700 | 2019-06-21, 02:19:48.909355 [info] - (/home/ghosdebd/sparkle/alps/src/globalheap/globalheap_internal.cc, 158) Opened heap path: /lfs/spark_global0  size: 549755813888
0000006 | T.0x00007efe386ee700 | 2019-06-21, 02:19:49.224052 [info] - (/home/ghosdebd/sparkle/alps/src/globalheap/globalheap_internal.cc, 380) Allocate block size: 412
0000007 | T.0x00007efe386ee700 | 2019-06-21, 02:19:49.224101 [info] - (/home/ghosdebd/sparkle/alps/src/globalheap/globalheap_internal.cc, 400) Allocate block size: 412 ig: 0
0000008 | T.0x00007efe386ee700 | 2019-06-21, 02:19:49.224335 [info] - (/home/ghosdebd/sparkle/alps/src/globalheap/memattrib_heap.cc, 59) Allocate block size: 412
0000009 | T.0x00007efe386ee700 | 2019-06-21, 02:19:49.224345 [info] - (/home/ghosdebd/sparkle/alps/src/globalheap/process_slab_heap.cc, 30) acquire_slab
0000010 | T.0x00007efe386ee700 | 2019-06-21, 02:19:49.224350 [info] - (/home/ghosdebd/sparkle/alps/src/globalheap/process_slab_heap.cc, 33) acquire_slab: locked
0000011 | T.0x00007efe386ee700 | 2019-06-21, 02:19:49.224354 [info] - (/home/ghosdebd/sparkle/alps/src/globalheap/extentheap.hh, 116) malloc
0000012 | T.0x00007efe386ee700 | 2019-06-21, 02:19:49.224404 [info] - (/home/ghosdebd/sparkle/alps/src/globalheap/zone.hh, 40) NVZONE: 0x7e84e4000400
0000013 | T.0x00007efe386ee700 | 2019-06-21, 02:19:49.224411 [info] - (/home/ghosdebd/sparkle/alps/src/globalheap/zone.hh, 41) NVZONE: ID: 4
0000014 | T.0x00007efe386ee700 | 2019-06-21, 02:19:49.226264 [info] - (/home/ghosdebd/sparkle/alps/src/globalheap/extentmap.cc, 88) INSERT: (0, 32766)
0000015 | T.0x00007efe386ee700 | 2019-06-21, 02:19:49.226307 [info] - (/home/ghosdebd/sparkle/alps/src/globalheap/zone_heap.hh, 153) Acquired zone: 4
0000016 | T.0x00007efe386ee700 | 2019-06-21, 02:19:49.226333 [info] - (/home/ghosdebd/sparkle/alps/src/globalheap/zone.hh, 72) Enumerate zone: 4
0000017 | T.0x00007efe386ee700 | 2019-06-21, 02:19:49.227975 [info] - (/home/ghosdebd/sparkle/alps/src/globalheap/extentheap.hh, 116) malloc
0000018 | T.0x00007efe386ee700 | 2019-06-21, 02:19:49.227984 [info] - (/home/ghosdebd/sparkle/alps/src/globalheap/extentmap.cc, 88) INSERT: (1, 32765)
0000019 | T.0x00007efe386ee700 | 2019-06-21, 02:19:49.227989 [info] - (/home/ghosdebd/sparkle/alps/src/globalheap/zone.cc, 48) Allocated zone_id: 4 extent: (0, 1) 0x7e84e40404c8
0000020 | T.0x00007efe386ee700 | 2019-06-21, 02:19:49.228018 [info] - (/home/ghosdebd/sparkle/alps/src/globalheap/process_slab_heap.cc, 50) acquire_slab: unlock 2
0000021 | T.0x00007efe386ee700 | 2019-06-21, 02:19:49.228027 [info] - (/home/ghosdebd/sparkle/alps/src/globalheap/slab.cc, 56) Allocate block: nvslab: (0xbeef, 0x8000404c8) block: 0
0000022 | T.0x00007efe386ee700 | 2019-06-21, 02:19:49.228033 [info] - (/home/ghosdebd/sparkle/alps/src/globalheap/slab_heap.cc, 40) Allocate block: new_fullness: 0 old_fullness: 0
0000023 | T.0x00007efe386ee700 | 2019-06-21, 02:19:49.228039 [info] - (/home/ghosdebd/sparkle/alps/src/globalheap/globalheap_internal.cc, 391) Allocated block ptr: (0xbeef, 0x800040548) size: 412
0000024 | T.0x00007efe386ee700 | 2019-06-21, 02:19:49.228069 [info] - (/home/ghosdebd/sparkle/alps/src/globalheap/globalheap_internal.cc, 380) Allocate block size: 30
0000025 | T.0x00007efe386ee700 | 2019-06-21, 02:19:49.228074 [info] - (/home/ghosdebd/sparkle/alps/src/globalheap/globalheap_internal.cc, 400) Allocate block size: 30 ig: 0
0000026 | T.0x00007efe386ee700 | 2019-06-21, 02:19:49.228078 [info] - (/home/ghosdebd/sparkle/alps/src/globalheap/memattrib_heap.cc, 59) Allocate block size: 30
0000027 | T.0x00007efe386ee700 | 2019-06-21, 02:19:49.228085 [info] - (/home/ghosdebd/sparkle/alps/src/globalheap/process_slab_heap.cc, 30) acquire_slab
0000028 | T.0x00007efe386ee700 | 2019-06-21, 02:19:49.228089 [info] - (/home/ghosdebd/sparkle/alps/src/globalheap/process_slab_heap.cc, 33) acquire_slab: locked
0000029 | T.0x00007efe386ee700 | 2019-06-21, 02:19:49.228093 [info] - (/home/ghosdebd/sparkle/alps/src/globalheap/extentheap.hh, 116) malloc
0000030 | T.0x00007efe386ee700 | 2019-06-21, 02:19:49.228096 [info] - (/home/ghosdebd/sparkle/alps/src/globalheap/extentmap.cc, 88) INSERT: (2, 32764)
0000031 | T.0x00007efe386ee700 | 2019-06-21, 02:19:49.228100 [info] - (/home/ghosdebd/sparkle/alps/src/globalheap/zone.cc, 48) Allocated zone_id: 4 extent: (1, 1) 0x7e84e40804c8
0000032 | T.0x00007efe386ee700 | 2019-06-21, 02:19:49.228327 [info] - (/home/ghosdebd/sparkle/alps/src/globalheap/process_slab_heap.cc, 50) acquire_slab: unlock 2
0000033 | T.0x00007efe386ee700 | 2019-06-21, 02:19:49.228331 [info] - (/home/ghosdebd/sparkle/alps/src/globalheap/slab.cc, 56) Allocate block: nvslab: (0xbeef, 0x8000804c8) block: 0
0000034 | T.0x00007efe386ee700 | 2019-06-21, 02:19:49.228335 [info] - (/home/ghosdebd/sparkle/alps/src/globalheap/slab_heap.cc, 40) Allocate block: new_fullness: 0 old_fullness: 0
0000035 | T.0x00007efe386ee700 | 2019-06-21, 02:19:49.228338 [info] - (/home/ghosdebd/sparkle/alps/src/globalheap/globalheap_internal.cc, 391) Allocated block ptr: (0xbeef, 0x800080908) size: 30
0000036 | T.0x00007efe386ee700 | 2019-06-21, 02:19:49.228342 [info] - (/home/ghosdebd/sparkle/alps/src/globalheap/globalheap_internal.cc, 380) Allocate block size: 30
0000037 | T.0x00007efe386ee700 | 2019-06-21, 02:19:49.228345 [info] - (/home/ghosdebd/sparkle/alps/src/globalheap/globalheap_internal.cc, 400) Allocate block size: 30 ig: 0
0000038 | T.0x00007efe386ee700 | 2019-06-21, 02:19:49.228348 [info] - (/home/ghosdebd/sparkle/alps/src/globalheap/memattrib_heap.cc, 59) Allocate block size: 30
0000039 | T.0x00007efe386ee700 | 2019-06-21, 02:19:49.228352 [info] - (/home/ghosdebd/sparkle/alps/src/globalheap/slab.cc, 56) Allocate block: nvslab: (0xbeef, 0x8000804c8) block: 1
0000040 | T.0x00007efe386ee700 | 2019-06-21, 02:19:49.228355 [info] - (/home/ghosdebd/sparkle/alps/src/globalheap/slab_heap.cc, 40) Allocate block: new_fullness: 0 old_fullness: 0
0000041 | T.0x00007efe386ee700 | 2019-06-21, 02:19:49.228358 [info] - (/home/ghosdebd/sparkle/alps/src/globalheap/globalheap_internal.cc, 391) Allocated block ptr: (0xbeef, 0x800080928) size: 30
0000042 | T.0x00007efe386ee700 | 2019-06-21, 02:19:49.228362 [info] - (/home/ghosdebd/sparkle/alps/src/globalheap/globalheap_internal.cc, 380) Allocate block size: 30
0000043 | T.0x00007efe386ee700 | 2019-06-21, 02:19:49.228365 [info] - (/home/ghosdebd/sparkle/alps/src/globalheap/globalheap_internal.cc, 400) Allocate block size: 30 ig: 0
0000044 | T.0x00007efe386ee700 | 2019-06-21, 02:19:49.228369 [info] - (/home/ghosdebd/sparkle/alps/src/globalheap/memattrib_heap.cc, 59) Allocate block size: 30
0000045 | T.0x00007efe386ee700 | 2019-06-21, 02:19:49.228372 [info] - (/home/ghosdebd/sparkle/alps/src/globalheap/slab.cc, 56) Allocate block: nvslab: (0xbeef, 0x8000804c8) block: 2
0000046 | T.0x00007efe386ee700 | 2019-06-21, 02:19:49.228375 [info] - (/home/ghosdebd/sparkle/alps/src/globalheap/slab_heap.cc, 40) Allocate block: new_fullness: 0 old_fullness: 0
0000047 | T.0x00007efe386ee700 | 2019-06-21, 02:19:49.228379 [info] - (/home/ghosdebd/sparkle/alps/src/globalheap/globalheap_internal.cc, 391) Allocated block ptr: (0xbeef, 0x800080948) size: 30
0000048 | T.0x00007efe386ee700 | 2019-06-21, 02:19:49.228383 [info] - (/home/ghosdebd/sparkle/alps/src/globalheap/globalheap_internal.cc, 380) Allocate block size: 30
0000049 | T.0x00007efe386ee700 | 2019-06-21, 02:19:49.228386 [info] - (/home/ghosdebd/sparkle/alps/src/globalheap/globalheap_internal.cc, 400) Allocate block size: 30 ig: 0
0000050 | T.0x00007efe386ee700 | 2019-06-21, 02:19:49.228389 [info] - (/home/ghosdebd/sparkle/alps/src/globalheap/memattrib_heap.cc, 59) Allocate block size: 30
0000051 | T.0x00007efe386ee700 | 2019-06-21, 02:19:49.228426 [info] - (/home/ghosdebd/sparkle/alps/src/globalheap/slab.cc, 56) Allocate block: nvslab: (0xbeef, 0x8000804c8) block: 3
0000052 | T.0x00007efe386ee700 | 2019-06-21, 02:19:49.228430 [info] - (/home/ghosdebd/sparkle/alps/src/globalheap/slab_heap.cc, 40) Allocate block: new_fullness: 0 old_fullness: 0
0000053 | T.0x00007efe386ee700 | 2019-06-21, 02:19:49.228434 [info] - (/home/ghosdebd/sparkle/alps/src/globalheap/globalheap_internal.cc, 391) Allocated block ptr: (0xbeef, 0x800080968) size: 30
0000054 | T.0x00007efe386ee700 | 2019-06-21, 02:19:49.228438 [info] - (/home/ghosdebd/sparkle/alps/src/globalheap/globalheap_internal.cc, 380) Allocate block size: 60
0000055 | T.0x00007efe386ee700 | 2019-06-21, 02:19:49.228441 [info] - (/home/ghosdebd/sparkle/alps/src/globalheap/globalheap_internal.cc, 400) Allocate block size: 60 ig: 0
0000056 | T.0x00007efe386ee700 | 2019-06-21, 02:19:49.228444 [info] - (/home/ghosdebd/sparkle/alps/src/globalheap/memattrib_heap.cc, 59) Allocate block size: 60
0000057 | T.0x00007efe386ee700 | 2019-06-21, 02:19:49.228448 [info] - (/home/ghosdebd/sparkle/alps/src/globalheap/process_slab_heap.cc, 30) acquire_slab
0000058 | T.0x00007efe386ee700 | 2019-06-21, 02:19:49.228451 [info] - (/home/ghosdebd/sparkle/alps/src/globalheap/process_slab_heap.cc, 33) acquire_slab: locked
0000059 | T.0x00007efe386ee700 | 2019-06-21, 02:19:49.228454 [info] - (/home/ghosdebd/sparkle/alps/src/globalheap/extentheap.hh, 116) malloc
0000060 | T.0x00007efe386ee700 | 2019-06-21, 02:19:49.228458 [info] - (/home/ghosdebd/sparkle/alps/src/globalheap/extentmap.cc, 88) INSERT: (3, 32763)
0000061 | T.0x00007efe386ee700 | 2019-06-21, 02:19:49.228461 [info] - (/home/ghosdebd/sparkle/alps/src/globalheap/zone.cc, 48) Allocated zone_id: 4 extent: (2, 1) 0x7e84e40c04c8
0000062 | T.0x00007efe386ee700 | 2019-06-21, 02:19:49.228953 [info] - (/home/ghosdebd/sparkle/alps/src/globalheap/process_slab_heap.cc, 50) acquire_slab: unlock 2
0000063 | T.0x00007efe386ee700 | 2019-06-21, 02:19:49.228959 [info] - (/home/ghosdebd/sparkle/alps/src/globalheap/slab.cc, 56) Allocate block: nvslab: (0xbeef, 0x8000c04c8) block: 0
0000064 | T.0x00007efe386ee700 | 2019-06-21, 02:19:49.228962 [info] - (/home/ghosdebd/sparkle/alps/src/globalheap/slab_heap.cc, 40) Allocate block: new_fullness: 0 old_fullness: 0
0000065 | T.0x00007efe386ee700 | 2019-06-21, 02:19:49.228966 [info] - (/home/ghosdebd/sparkle/alps/src/globalheap/globalheap_internal.cc, 391) Allocated block ptr: (0xbeef, 0x8000c0708) size: 60
0000066 | T.0x00007efe386ee700 | 2019-06-21, 02:19:49.228970 [info] - (/home/ghosdebd/sparkle/alps/src/globalheap/globalheap_internal.cc, 380) Allocate block size: 60
0000067 | T.0x00007efe386ee700 | 2019-06-21, 02:19:49.228973 [info] - (/home/ghosdebd/sparkle/alps/src/globalheap/globalheap_internal.cc, 400) Allocate block size: 60 ig: 0
0000068 | T.0x00007efe386ee700 | 2019-06-21, 02:19:49.228977 [info] - (/home/ghosdebd/sparkle/alps/src/globalheap/memattrib_heap.cc, 59) Allocate block size: 60
0000069 | T.0x00007efe386ee700 | 2019-06-21, 02:19:49.228980 [info] - (/home/ghosdebd/sparkle/alps/src/globalheap/slab.cc, 56) Allocate block: nvslab: (0xbeef, 0x8000c04c8) block: 1
0000070 | T.0x00007efe386ee700 | 2019-06-21, 02:19:49.228983 [info] - (/home/ghosdebd/sparkle/alps/src/globalheap/slab_heap.cc, 40) Allocate block: new_fullness: 0 old_fullness: 0
0000071 | T.0x00007efe386ee700 | 2019-06-21, 02:19:49.228987 [info] - (/home/ghosdebd/sparkle/alps/src/globalheap/globalheap_internal.cc, 391) Allocated block ptr: (0xbeef, 0x8000c0748) size: 60
0000072 | T.0x00007efe386ee700 | 2019-06-21, 02:19:49.228990 [info] - (/home/ghosdebd/sparkle/alps/src/globalheap/globalheap_internal.cc, 380) Allocate block size: 30
0000073 | T.0x00007efe386ee700 | 2019-06-21, 02:19:49.228993 [info] - (/home/ghosdebd/sparkle/alps/src/globalheap/globalheap_internal.cc, 400) Allocate block size: 30 ig: 0
0000074 | T.0x00007efe386ee700 | 2019-06-21, 02:19:49.228996 [info] - (/home/ghosdebd/sparkle/alps/src/globalheap/memattrib_heap.cc, 59) Allocate block size: 30
0000075 | T.0x00007efe386ee700 | 2019-06-21, 02:19:49.229000 [info] - (/home/ghosdebd/sparkle/alps/src/globalheap/slab.cc, 56) Allocate block: nvslab: (0xbeef, 0x8000804c8) block: 4
0000076 | T.0x00007efe386ee700 | 2019-06-21, 02:19:49.229003 [info] - (/home/ghosdebd/sparkle/alps/src/globalheap/slab_heap.cc, 40) Allocate block: new_fullness: 0 old_fullness: 0
0000077 | T.0x00007efe386ee700 | 2019-06-21, 02:19:49.229006 [info] - (/home/ghosdebd/sparkle/alps/src/globalheap/globalheap_internal.cc, 391) Allocated block ptr: (0xbeef, 0x800080988) size: 30
0000078 | T.0x00007efe386ee700 | 2019-06-21, 02:19:49.229010 [info] - (/home/ghosdebd/sparkle/alps/src/globalheap/globalheap_internal.cc, 380) Allocate block size: 30
0000079 | T.0x00007efe386ee700 | 2019-06-21, 02:19:49.229014 [info] - (/home/ghosdebd/sparkle/alps/src/globalheap/globalheap_internal.cc, 400) Allocate block size: 30 ig: 0
0000080 | T.0x00007efe386ee700 | 2019-06-21, 02:19:49.229017 [info] - (/home/ghosdebd/sparkle/alps/src/globalheap/memattrib_heap.cc, 59) Allocate block size: 30
0000081 | T.0x00007efe386ee700 | 2019-06-21, 02:19:49.229020 [info] - (/home/ghosdebd/sparkle/alps/src/globalheap/slab.cc, 56) Allocate block: nvslab: (0xbeef, 0x8000804c8) block: 5
0000082 | T.0x00007efe386ee700 | 2019-06-21, 02:19:49.229024 [info] - (/home/ghosdebd/sparkle/alps/src/globalheap/slab_heap.cc, 40) Allocate block: new_fullness: 0 old_fullness: 0
0000083 | T.0x00007efe386ee700 | 2019-06-21, 02:19:49.229027 [info] - (/home/ghosdebd/sparkle/alps/src/globalheap/globalheap_internal.cc, 391) Allocated block ptr: (0xbeef, 0x8000809a8) size: 30
0000084 | T.0x00007efe402d3700 | 2019-06-21, 02:19:49.258322 [info] - (/home/ghosdebd/sparkle/alps/src/globalheap/globalheap_internal.cc, 380) Allocate block size: 412
0000085 | T.0x00007efe384ec700 | 2019-06-21, 02:19:49.258322 [info] - (/home/ghosdebd/sparkle/alps/src/globalheap/globalheap_internal.cc, 380) Allocate block size: 412
0000086 | T.0x00007efe402d3700 | 2019-06-21, 02:19:49.258363 [info] - (/home/ghosdebd/sparkle/alps/src/globalheap/globalheap_internal.cc, 400) Allocate block size: 412 ig: 0
0000087 | T.0x00007efe384ec700 | 2019-06-21, 02:19:49.258370 [info] - (/home/ghosdebd/sparkle/alps/src/globalheap/globalheap_internal.cc, 400) Allocate block size: 412 ig: 0
0000089 | T.0x00007efe384ec700 | 2019-06-21, 02:19:49.258378 [info] - (/home/ghosdebd/sparkle/alps/src/globalheap/memattrib_heap.cc, 59) Allocate block size: 412
0000088 | T.0x00007efe402d3700 | 2019-06-21, 02:19:49.258377 [info] - (/home/ghosdebd/sparkle/alps/src/globalheap/memattrib_heap.cc, 59) Allocate block size: 412
0000090 | T.0x00007efe384ec700 | 2019-06-21, 02:19:49.258389 [info] - (/home/ghosdebd/sparkle/alps/src/globalheap/slab.cc, 56) Allocate block: nvslab: (0xbeef, 0x8000404c8) block: 1
0000091 | T.0x00007efe384ec700 | 2019-06-21, 02:19:49.258396 [info] - (/home/ghosdebd/sparkle/alps/src/globalheap/slab_heap.cc, 40) Allocate block: new_fullness: 0 old_fullness: 0
0000092 | T.0x00007efe384ec700 | 2019-06-21, 02:19:49.258403 [info] - (/home/ghosdebd/sparkle/alps/src/globalheap/globalheap_internal.cc, 391) Allocated block ptr: (0xbeef, 0x8000406e8) size: 412
0000093 | T.0x00007efe402d3700 | 2019-06-21, 02:19:49.258407 [info] - (/home/ghosdebd/sparkle/alps/src/globalheap/slab.cc, 56) Allocate block: nvslab: (0xbeef, 0x8000404c8) block: 2
0000095 | T.0x00007efe384ec700 | 2019-06-21, 02:19:49.258415 [info] - (/home/ghosdebd/sparkle/alps/src/globalheap/globalheap_internal.cc, 380) Allocate block size: 30
0000094 | T.0x00007efe402d3700 | 2019-06-21, 02:19:49.258413 [info] - (/home/ghosdebd/sparkle/alps/src/globalheap/slab_heap.cc, 40) Allocate block: new_fullness: 0 old_fullness: 0
0000096 | T.0x00007efe384ec700 | 2019-06-21, 02:19:49.258420 [info] - (/home/ghosdebd/sparkle/alps/src/globalheap/globalheap_internal.cc, 400) Allocate block size: 30 ig: 0
0000097 | T.0x00007efe402d3700 | 2019-06-21, 02:19:49.258423 [info] - (/home/ghosdebd/sparkle/alps/src/globalheap/globalheap_internal.cc, 391) Allocated block ptr: (0xbeef, 0x800040888) size: 412
0000098 | T.0x00007efe384ec700 | 2019-06-21, 02:19:49.258425 [info] - (/home/ghosdebd/sparkle/alps/src/globalheap/memattrib_heap.cc, 59) Allocate block size: 30
0000099 | T.0x00007efe402d3700 | 2019-06-21, 02:19:49.258461 [info] - (/home/ghosdebd/sparkle/alps/src/globalheap/globalheap_internal.cc, 380) Allocate block size: 30
0000100 | T.0x00007efe384ec700 | 2019-06-21, 02:19:49.258462 [info] - (/home/ghosdebd/sparkle/alps/src/globalheap/slab.cc, 56) Allocate block: nvslab: (0xbeef, 0x8000804c8) block: 6
0000101 | T.0x00007efe402d3700 | 2019-06-21, 02:19:49.258468 [info] - (/home/ghosdebd/sparkle/alps/src/globalheap/globalheap_internal.cc, 400) Allocate block size: 30 ig: 0
0000102 | T.0x00007efe384ec700 | 2019-06-21, 02:19:49.258473 [info] - (/home/ghosdebd/sparkle/alps/src/globalheap/slab_heap.cc, 40) Allocate block: new_fullness: 0 old_fullness: 0
0000103 | T.0x00007efe402d3700 | 2019-06-21, 02:19:49.258479 [info] - (/home/ghosdebd/sparkle/alps/src/globalheap/memattrib_heap.cc, 59) Allocate block size: 30
0000104 | T.0x00007efe384ec700 | 2019-06-21, 02:19:49.258484 [info] - (/home/ghosdebd/sparkle/alps/src/globalheap/globalheap_internal.cc, 391) Allocated block ptr: (0xbeef, 0x8000809c8) size: 30
0000105 | T.0x00007efe402d3700 | 2019-06-21, 02:19:49.258489 [info] - (/home/ghosdebd/sparkle/alps/src/globalheap/slab.cc, 56) Allocate block: nvslab: (0xbeef, 0x8000804c8) block: 7
0000106 | T.0x00007efe384ec700 | 2019-06-21, 02:19:49.258495 [info] - (/home/ghosdebd/sparkle/alps/src/globalheap/globalheap_internal.cc, 380) Allocate block size: 60
0000107 | T.0x00007efe402d3700 | 2019-06-21, 02:19:49.258499 [info] - (/home/ghosdebd/sparkle/alps/src/globalheap/slab_heap.cc, 40) Allocate block: new_fullness: 0 old_fullness: 0
0000108 | T.0x00007efe384ec700 | 2019-06-21, 02:19:49.258505 [info] - (/home/ghosdebd/sparkle/alps/src/globalheap/globalheap_internal.cc, 400) Allocate block size: 60 ig: 0
0000109 | T.0x00007efe402d3700 | 2019-06-21, 02:19:49.258510 [info] - (/home/ghosdebd/sparkle/alps/src/globalheap/globalheap_internal.cc, 391) Allocated block ptr: (0xbeef, 0x8000809e8) size: 30
0000110 | T.0x00007efe384ec700 | 2019-06-21, 02:19:49.258515 [info] - (/home/ghosdebd/sparkle/alps/src/globalheap/memattrib_heap.cc, 59) Allocate block size: 60
0000111 | T.0x00007efe402d3700 | 2019-06-21, 02:19:49.258520 [info] - (/home/ghosdebd/sparkle/alps/src/globalheap/globalheap_internal.cc, 380) Allocate block size: 30
0000112 | T.0x00007efe384ec700 | 2019-06-21, 02:19:49.258526 [info] - (/home/ghosdebd/sparkle/alps/src/globalheap/slab.cc, 56) Allocate block: nvslab: (0xbeef, 0x8000c04c8) block: 2
0000113 | T.0x00007efe402d3700 | 2019-06-21, 02:19:49.258531 [info] - (/home/ghosdebd/sparkle/alps/src/globalheap/globalheap_internal.cc, 400) Allocate block size: 30 ig: 0
0000114 | T.0x00007efe384ec700 | 2019-06-21, 02:19:49.258536 [info] - (/home/ghosdebd/sparkle/alps/src/globalheap/slab_heap.cc, 40) Allocate block: new_fullness: 0 old_fullness: 0
0000115 | T.0x00007efe402d3700 | 2019-06-21, 02:19:49.258541 [info] - (/home/ghosdebd/sparkle/alps/src/globalheap/memattrib_heap.cc, 59) Allocate block size: 30
0000116 | T.0x00007efe384ec700 | 2019-06-21, 02:19:49.258546 [info] - (/home/ghosdebd/sparkle/alps/src/globalheap/globalheap_internal.cc, 391) Allocated block ptr: (0xbeef, 0x8000c0788) size: 60
0000117 | T.0x00007efe402d3700 | 2019-06-21, 02:19:49.258550 [info] - (/home/ghosdebd/sparkle/alps/src/globalheap/slab.cc, 56) Allocate block: nvslab: (0xbeef, 0x8000804c8) block: 8
0000118 | T.0x00007efe384ec700 | 2019-06-21, 02:19:49.258555 [info] - (/home/ghosdebd/sparkle/alps/src/globalheap/globalheap_internal.cc, 380) Allocate block size: 30
0000119 | T.0x00007efe402d3700 | 2019-06-21, 02:19:49.258561 [info] - (/home/ghosdebd/sparkle/alps/src/globalheap/slab_heap.cc, 40) Allocate block: new_fullness: 0 old_fullness: 0
0000120 | T.0x00007efe384ec700 | 2019-06-21, 02:19:49.258566 [info] - (/home/ghosdebd/sparkle/alps/src/globalheap/globalheap_internal.cc, 400) Allocate block size: 30 ig: 0
0000121 | T.0x00007efe402d3700 | 2019-06-21, 02:19:49.258571 [info] - (/home/ghosdebd/sparkle/alps/src/globalheap/globalheap_internal.cc, 391) Allocated block ptr: (0xbeef, 0x800080a08) size: 30
0000122 | T.0x00007efe384ec700 | 2019-06-21, 02:19:49.258576 [info] - (/home/ghosdebd/sparkle/alps/src/globalheap/memattrib_heap.cc, 59) Allocate block size: 30
0000123 | T.0x00007efe402d3700 | 2019-06-21, 02:19:49.258581 [info] - (/home/ghosdebd/sparkle/alps/src/globalheap/globalheap_internal.cc, 380) Allocate block size: 30
0000124 | T.0x00007efe384ec700 | 2019-06-21, 02:19:49.258586 [info] - (/home/ghosdebd/sparkle/alps/src/globalheap/slab.cc, 56) Allocate block: nvslab: (0xbeef, 0x8000804c8) block: 9
0000125 | T.0x00007efe402d3700 | 2019-06-21, 02:19:49.258591 [info] - (/home/ghosdebd/sparkle/alps/src/globalheap/globalheap_internal.cc, 400) Allocate block size: 30 ig: 0
0000126 | T.0x00007efe384ec700 | 2019-06-21, 02:19:49.258597 [info] - (/home/ghosdebd/sparkle/alps/src/globalheap/slab_heap.cc, 40) Allocate block: new_fullness: 0 old_fullness: 0
0000127 | T.0x00007efe402d3700 | 2019-06-21, 02:19:49.258602 [info] - (/home/ghosdebd/sparkle/alps/src/globalheap/memattrib_heap.cc, 59) Allocate block size: 30
0000128 | T.0x00007efe384ec700 | 2019-06-21, 02:19:49.258607 [info] - (/home/ghosdebd/sparkle/alps/src/globalheap/globalheap_internal.cc, 391) Allocated block ptr: (0xbeef, 0x800080a28) size: 30
0000129 | T.0x00007efe402d3700 | 2019-06-21, 02:19:49.258612 [info] - (/home/ghosdebd/sparkle/alps/src/globalheap/slab.cc, 56) Allocate block: nvslab: (0xbeef, 0x8000804c8) block: 10
0000130 | T.0x00007efe384ec700 | 2019-06-21, 02:19:49.258618 [info] - (/home/ghosdebd/sparkle/alps/src/globalheap/globalheap_internal.cc, 380) Allocate block size: 30
0000131 | T.0x00007efe402d3700 | 2019-06-21, 02:19:49.258622 [info] - (/home/ghosdebd/sparkle/alps/src/globalheap/slab_heap.cc, 40) Allocate block: new_fullness: 0 old_fullness: 0
0000132 | T.0x00007efe384ec700 | 2019-06-21, 02:19:49.258628 [info] - (/home/ghosdebd/sparkle/alps/src/globalheap/globalheap_internal.cc, 400) Allocate block size: 30 ig: 0
0000133 | T.0x00007efe402d3700 | 2019-06-21, 02:19:49.258631 [info] - (/home/ghosdebd/sparkle/alps/src/globalheap/globalheap_internal.cc, 391) Allocated block ptr: (0xbeef, 0x800080a48) size: 30
0000134 | T.0x00007efe384ec700 | 2019-06-21, 02:19:49.258634 [info] - (/home/ghosdebd/sparkle/alps/src/globalheap/memattrib_heap.cc, 59) Allocate block size: 30
0000135 | T.0x00007efe402d3700 | 2019-06-21, 02:19:49.258636 [info] - (/home/ghosdebd/sparkle/alps/src/globalheap/globalheap_internal.cc, 380) Allocate block size: 30
0000136 | T.0x00007efe384ec700 | 2019-06-21, 02:19:49.258638 [info] - (/home/ghosdebd/sparkle/alps/src/globalheap/slab.cc, 56) Allocate block: nvslab: (0xbeef, 0x8000804c8) block: 11
0000137 | T.0x00007efe402d3700 | 2019-06-21, 02:19:49.258641 [info] - (/home/ghosdebd/sparkle/alps/src/globalheap/globalheap_internal.cc, 400) Allocate block size: 30 ig: 0
0000138 | T.0x00007efe384ec700 | 2019-06-21, 02:19:49.258643 [info] - (/home/ghosdebd/sparkle/alps/src/globalheap/slab_heap.cc, 40) Allocate block: new_fullness: 0 old_fullness: 0
0000139 | T.0x00007efe402d3700 | 2019-06-21, 02:19:49.258645 [info] - (/home/ghosdebd/sparkle/alps/src/globalheap/memattrib_heap.cc, 59) Allocate block size: 30
0000140 | T.0x00007efe384ec700 | 2019-06-21, 02:19:49.258647 [info] - (/home/ghosdebd/sparkle/alps/src/globalheap/globalheap_internal.cc, 391) Allocated block ptr: (0xbeef, 0x800080a68) size: 30
0000142 | T.0x00007efe384ec700 | 2019-06-21, 02:19:49.258652 [info] - (/home/ghosdebd/sparkle/alps/src/globalheap/globalheap_internal.cc, 380) Allocate block size: 30
0000141 | T.0x00007efe402d3700 | 2019-06-21, 02:19:49.258652 [info] - (/home/ghosdebd/sparkle/alps/src/globalheap/slab.cc, 56) Allocate block: nvslab: (0xbeef, 0x8000804c8) block: 12
0000143 | T.0x00007efe384ec700 | 2019-06-21, 02:19:49.258657 [info] - (/home/ghosdebd/sparkle/alps/src/globalheap/globalheap_internal.cc, 400) Allocate block size: 30 ig: 0
0000144 | T.0x00007efe402d3700 | 2019-06-21, 02:19:49.258662 [info] - (/home/ghosdebd/sparkle/alps/src/globalheap/slab_heap.cc, 40) Allocate block: new_fullness: 0 old_fullness: 0
0000145 | T.0x00007efe384ec700 | 2019-06-21, 02:19:49.258667 [info] - (/home/ghosdebd/sparkle/alps/src/globalheap/memattrib_heap.cc, 59) Allocate block size: 30
0000146 | T.0x00007efe402d3700 | 2019-06-21, 02:19:49.258680 [info] - (/home/ghosdebd/sparkle/alps/src/globalheap/globalheap_internal.cc, 391) Allocated block ptr: (0xbeef, 0x800080a88) size: 30
0000147 | T.0x00007efe384ec700 | 2019-06-21, 02:19:49.258684 [info] - (/home/ghosdebd/sparkle/alps/src/globalheap/slab.cc, 56) Allocate block: nvslab: (0xbeef, 0x8000804c8) block: 13
0000148 | T.0x00007efe402d3700 | 2019-06-21, 02:19:49.258690 [info] - (/home/ghosdebd/sparkle/alps/src/globalheap/globalheap_internal.cc, 380) Allocate block size: 30
0000149 | T.0x00007efe384ec700 | 2019-06-21, 02:19:49.258694 [info] - (/home/ghosdebd/sparkle/alps/src/globalheap/slab_heap.cc, 40) Allocate block: new_fullness: 0 old_fullness: 0
0000150 | T.0x00007efe402d3700 | 2019-06-21, 02:19:49.258696 [info] - (/home/ghosdebd/sparkle/alps/src/globalheap/globalheap_internal.cc, 400) Allocate block size: 30 ig: 0
0000151 | T.0x00007efe384ec700 | 2019-06-21, 02:19:49.258698 [info] - (/home/ghosdebd/sparkle/alps/src/globalheap/globalheap_internal.cc, 391) Allocated block ptr: (0xbeef, 0x800080aa8) size: 30
0000152 | T.0x00007efe402d3700 | 2019-06-21, 02:19:49.258700 [info] - (/home/ghosdebd/sparkle/alps/src/globalheap/memattrib_heap.cc, 59) Allocate block size: 30
0000153 | T.0x00007efe384ec700 | 2019-06-21, 02:19:49.258703 [info] - (/home/ghosdebd/sparkle/alps/src/globalheap/globalheap_internal.cc, 380) Allocate block size: 60
0000154 | T.0x00007efe402d3700 | 2019-06-21, 02:19:49.258706 [info] - (/home/ghosdebd/sparkle/alps/src/globalheap/slab.cc, 56) Allocate block: nvslab: (0xbeef, 0x8000804c8) block: 14
0000155 | T.0x00007efe384ec700 | 2019-06-21, 02:19:49.258708 [info] - (/home/ghosdebd/sparkle/alps/src/globalheap/globalheap_internal.cc, 400) Allocate block size: 60 ig: 0
0000156 | T.0x00007efe402d3700 | 2019-06-21, 02:19:49.258711 [info] - (/home/ghosdebd/sparkle/alps/src/globalheap/slab_heap.cc, 40) Allocate block: new_fullness: 0 old_fullness: 0
0000157 | T.0x00007efe384ec700 | 2019-06-21, 02:19:49.258713 [info] - (/home/ghosdebd/sparkle/alps/src/globalheap/memattrib_heap.cc, 59) Allocate block size: 60
0000158 | T.0x00007efe402d3700 | 2019-06-21, 02:19:49.258715 [info] - (/home/ghosdebd/sparkle/alps/src/globalheap/globalheap_internal.cc, 391) Allocated block ptr: (0xbeef, 0x800080ac8) size: 30
0000159 | T.0x00007efe384ec700 | 2019-06-21, 02:19:49.258718 [info] - (/home/ghosdebd/sparkle/alps/src/globalheap/slab.cc, 56) Allocate block: nvslab: (0xbeef, 0x8000c04c8) block: 3
0000160 | T.0x00007efe402d3700 | 2019-06-21, 02:19:49.258720 [info] - (/home/ghosdebd/sparkle/alps/src/globalheap/globalheap_internal.cc, 380) Allocate block size: 30
0000161 | T.0x00007efe384ec700 | 2019-06-21, 02:19:49.258724 [info] - (/home/ghosdebd/sparkle/alps/src/globalheap/slab_heap.cc, 40) Allocate block: new_fullness: 0 old_fullness: 0
0000162 | T.0x00007efe402d3700 | 2019-06-21, 02:19:49.258728 [info] - (/home/ghosdebd/sparkle/alps/src/globalheap/globalheap_internal.cc, 400) Allocate block size: 30 ig: 0
0000163 | T.0x00007efe384ec700 | 2019-06-21, 02:19:49.258730 [info] - (/home/ghosdebd/sparkle/alps/src/globalheap/globalheap_internal.cc, 391) Allocated block ptr: (0xbeef, 0x8000c07c8) size: 60
0000164 | T.0x00007efe402d3700 | 2019-06-21, 02:19:49.258732 [info] - (/home/ghosdebd/sparkle/alps/src/globalheap/memattrib_heap.cc, 59) Allocate block size: 30
0000165 | T.0x00007efe384ec700 | 2019-06-21, 02:19:49.258734 [info] - (/home/ghosdebd/sparkle/alps/src/globalheap/globalheap_internal.cc, 380) Allocate block size: 30
0000166 | T.0x00007efe402d3700 | 2019-06-21, 02:19:49.258736 [info] - (/home/ghosdebd/sparkle/alps/src/globalheap/slab.cc, 56) Allocate block: nvslab: (0xbeef, 0x8000804c8) block: 15
0000167 | T.0x00007efe384ec700 | 2019-06-21, 02:19:49.258739 [info] - (/home/ghosdebd/sparkle/alps/src/globalheap/globalheap_internal.cc, 400) Allocate block size: 30 ig: 0
0000168 | T.0x00007efe402d3700 | 2019-06-21, 02:19:49.258743 [info] - (/home/ghosdebd/sparkle/alps/src/globalheap/slab_heap.cc, 40) Allocate block: new_fullness: 0 old_fullness: 0
0000169 | T.0x00007efe384ec700 | 2019-06-21, 02:19:49.258748 [info] - (/home/ghosdebd/sparkle/alps/src/globalheap/memattrib_heap.cc, 59) Allocate block size: 30
0000170 | T.0x00007efe402d3700 | 2019-06-21, 02:19:49.258753 [info] - (/home/ghosdebd/sparkle/alps/src/globalheap/globalheap_internal.cc, 391) Allocated block ptr: (0xbeef, 0x800080ae8) size: 30
0000172 | T.0x00007efe402d3700 | 2019-06-21, 02:19:49.258763 [info] - (/home/ghosdebd/sparkle/alps/src/globalheap/globalheap_internal.cc, 380) Allocate block size: 30
0000171 | T.0x00007efe384ec700 | 2019-06-21, 02:19:49.258758 [info] - (/home/ghosdebd/sparkle/alps/src/globalheap/slab.cc, 56) Allocate block: nvslab: (0xbeef, 0x8000804c8) block: 16
0000173 | T.0x00007efe402d3700 | 2019-06-21, 02:19:49.258769 [info] - (/home/ghosdebd/sparkle/alps/src/globalheap/globalheap_internal.cc, 400) Allocate block size: 30 ig: 0
0000174 | T.0x00007efe384ec700 | 2019-06-21, 02:19:49.258773 [info] - (/home/ghosdebd/sparkle/alps/src/globalheap/slab_heap.cc, 40) Allocate block: new_fullness: 0 old_fullness: 0
0000175 | T.0x00007efe402d3700 | 2019-06-21, 02:19:49.258778 [info] - (/home/ghosdebd/sparkle/alps/src/globalheap/memattrib_heap.cc, 59) Allocate block size: 30
0000176 | T.0x00007efe384ec700 | 2019-06-21, 02:19:49.258784 [info] - (/home/ghosdebd/sparkle/alps/src/globalheap/globalheap_internal.cc, 391) Allocated block ptr: (0xbeef, 0x800080b08) size: 30
0000177 | T.0x00007efe402d3700 | 2019-06-21, 02:19:49.258789 [info] - (/home/ghosdebd/sparkle/alps/src/globalheap/slab.cc, 56) Allocate block: nvslab: (0xbeef, 0x8000804c8) block: 17
0000178 | T.0x00007efe384ec700 | 2019-06-21, 02:19:49.258794 [info] - (/home/ghosdebd/sparkle/alps/src/globalheap/globalheap_internal.cc, 380) Allocate block size: 30
0000179 | T.0x00007efe402d3700 | 2019-06-21, 02:19:49.258799 [info] - (/home/ghosdebd/sparkle/alps/src/globalheap/slab_heap.cc, 40) Allocate block: new_fullness: 0 old_fullness: 0
0000180 | T.0x00007efe384ec700 | 2019-06-21, 02:19:49.258803 [info] - (/home/ghosdebd/sparkle/alps/src/globalheap/globalheap_internal.cc, 400) Allocate block size: 30 ig: 0
0000181 | T.0x00007efe402d3700 | 2019-06-21, 02:19:49.258808 [info] - (/home/ghosdebd/sparkle/alps/src/globalheap/globalheap_internal.cc, 391) Allocated block ptr: (0xbeef, 0x800080b28) size: 30
0000182 | T.0x00007efe384ec700 | 2019-06-21, 02:19:49.258812 [info] - (/home/ghosdebd/sparkle/alps/src/globalheap/memattrib_heap.cc, 59) Allocate block size: 30
0000183 | T.0x00007efe402d3700 | 2019-06-21, 02:19:49.258817 [info] - (/home/ghosdebd/sparkle/alps/src/globalheap/globalheap_internal.cc, 380) Allocate block size: 30
0000185 | T.0x00007efe402d3700 | 2019-06-21, 02:19:49.258826 [info] - (/home/ghosdebd/sparkle/alps/src/globalheap/globalheap_internal.cc, 400) Allocate block size: 30 ig: 0
0000186 | T.0x00007efe402d3700 | 2019-06-21, 02:19:49.258831 [info] - (/home/ghosdebd/sparkle/alps/src/globalheap/memattrib_heap.cc, 59) Allocate block size: 30
0000184 | T.0x00007efe384ec700 | 2019-06-21, 02:19:49.258822 [info] - (/home/ghosdebd/sparkle/alps/src/globalheap/slab.cc, 56) Allocate block: nvslab: (0xbeef, 0x8000804c8) block: 18
0000187 | T.0x00007efe384ec700 | 2019-06-21, 02:19:49.258839 [info] - (/home/ghosdebd/sparkle/alps/src/globalheap/slab_heap.cc, 40) Allocate block: new_fullness: 0 old_fullness: 0
0000188 | T.0x00007efe384ec700 | 2019-06-21, 02:19:49.258844 [info] - (/home/ghosdebd/sparkle/alps/src/globalheap/globalheap_internal.cc, 391) Allocated block ptr: (0xbeef, 0x800080b48) size: 30
0000189 | T.0x00007efe402d3700 | 2019-06-21, 02:19:49.258846 [info] - (/home/ghosdebd/sparkle/alps/src/globalheap/slab.cc, 56) Allocate block: nvslab: (0xbeef, 0x8000804c8) block: 19
0000190 | T.0x00007efe402d3700 | 2019-06-21, 02:19:49.258852 [info] - (/home/ghosdebd/sparkle/alps/src/globalheap/slab_heap.cc, 40) Allocate block: new_fullness: 0 old_fullness: 0
0000191 | T.0x00007efe402d3700 | 2019-06-21, 02:19:49.258855 [info] - (/home/ghosdebd/sparkle/alps/src/globalheap/globalheap_internal.cc, 391) Allocated block ptr: (0xbeef, 0x800080b68) size: 30
0000192 | T.0x00007efe402d3700 | 2019-06-21, 02:19:49.258869 [info] - (/home/ghosdebd/sparkle/alps/src/globalheap/globalheap_internal.cc, 380) Allocate block size: 60
0000193 | T.0x00007efe402d3700 | 2019-06-21, 02:19:49.258872 [info] - (/home/ghosdebd/sparkle/alps/src/globalheap/globalheap_internal.cc, 400) Allocate block size: 60 ig: 0
0000194 | T.0x00007efe402d3700 | 2019-06-21, 02:19:49.258878 [info] - (/home/ghosdebd/sparkle/alps/src/globalheap/memattrib_heap.cc, 59) Allocate block size: 60
0000195 | T.0x00007efe402d3700 | 2019-06-21, 02:19:49.258882 [info] - (/home/ghosdebd/sparkle/alps/src/globalheap/slab.cc, 56) Allocate block: nvslab: (0xbeef, 0x8000c04c8) block: 4
0000196 | T.0x00007efe402d3700 | 2019-06-21, 02:19:49.258886 [info] - (/home/ghosdebd/sparkle/alps/src/globalheap/slab_heap.cc, 40) Allocate block: new_fullness: 0 old_fullness: 0
0000197 | T.0x00007efe402d3700 | 2019-06-21, 02:19:49.258889 [info] - (/home/ghosdebd/sparkle/alps/src/globalheap/globalheap_internal.cc, 391) Allocated block ptr: (0xbeef, 0x8000c0808) size: 60
