Java HotSpot(TM) 64-Bit Server VM warning: sched_getaffinity failed (Invalid argument)- using online processor count (576) which may exceed available processors
Java HotSpot(TM) 64-Bit Server VM warning: sched_getaffinity failed (Invalid argument)- using online processor count (576) which may exceed available processors
Java HotSpot(TM) 64-Bit Server VM warning: sched_getaffinity failed (Invalid argument)- using online processor count (576) which may exceed available processors
Java HotSpot(TM) 64-Bit Server VM warning: sched_getaffinity failed (Invalid argument)- using online processor count (576) which may exceed available processors
Spark Command: /opt/jdk1.8.0_131/jre/bin/java -cp /var/tmp/spark2.0hpcplatform/multicore/worker20/conf/:/var/tmp/spark2.0hpcplatform/multicore/worker20/assembly/target/scala-2.11/jars/*:/opt/hadoop/etc/hadoop/ -Xmx1g org.apache.spark.deploy.worker.Worker --webui-port 8121 spark://mdc-ch1-cust4:7077 -h mdc-ch1-cust4
========================================
Java HotSpot(TM) 64-Bit Server VM warning: sched_getaffinity failed (Invalid argument)- using online processor count (576) which may exceed available processors
Java HotSpot(TM) 64-Bit Server VM warning: sched_getaffinity failed (Invalid argument)- using online processor count (576) which may exceed available processors
Java HotSpot(TM) 64-Bit Server VM warning: sched_getaffinity failed (Invalid argument)- using online processor count (576) which may exceed available processors
Java HotSpot(TM) 64-Bit Server VM warning: sched_getaffinity failed (Invalid argument)- using online processor count (576) which may exceed available processors
19/06/19 06:39:53 INFO worker.Worker: Started daemon with process name: 281616@mdc-ch1-cust4
19/06/19 06:39:53 INFO util.SignalUtils: Registered signal handler for TERM
19/06/19 06:39:53 INFO util.SignalUtils: Registered signal handler for HUP
19/06/19 06:39:53 INFO util.SignalUtils: Registered signal handler for INT
Java HotSpot(TM) 64-Bit Server VM warning: sched_getaffinity failed (Invalid argument)- using online processor count (576) which may exceed available processors
Java HotSpot(TM) 64-Bit Server VM warning: sched_getaffinity failed (Invalid argument)- using online processor count (576) which may exceed available processors
19/06/19 06:39:54 WARN util.NativeCodeLoader: Unable to load native-hadoop library for your platform... using builtin-java classes where applicable
19/06/19 06:39:54 INFO spark.SecurityManager: Changing view acls to: root
19/06/19 06:39:54 INFO spark.SecurityManager: Changing modify acls to: root
19/06/19 06:39:54 INFO spark.SecurityManager: Changing view acls groups to: 
19/06/19 06:39:54 INFO spark.SecurityManager: Changing modify acls groups to: 
19/06/19 06:39:54 INFO spark.SecurityManager: SecurityManager: authentication disabled; ui acls disabled; users  with view permissions: Set(root); groups with view permissions: Set(); users  with modify permissions: Set(root); groups with modify permissions: Set()
Java HotSpot(TM) 64-Bit Server VM warning: sched_getaffinity failed (Invalid argument)- using online processor count (576) which may exceed available processors
Java HotSpot(TM) 64-Bit Server VM warning: sched_getaffinity failed (Invalid argument)- using online processor count (576) which may exceed available processors
Java HotSpot(TM) 64-Bit Server VM warning: sched_getaffinity failed (Invalid argument)- using online processor count (576) which may exceed available processors
Java HotSpot(TM) 64-Bit Server VM warning: sched_getaffinity failed (Invalid argument)- using online processor count (576) which may exceed available processors
19/06/19 06:39:54 INFO util.Utils: Successfully started service 'sparkWorker' on port 45693.
Java HotSpot(TM) 64-Bit Server VM warning: sched_getaffinity failed (Invalid argument)- using online processor count (576) which may exceed available processors
19/06/19 06:39:55 INFO worker.Worker: Starting Spark worker mdc-ch1-cust4:45693 with 576 cores, 22.9 TB RAM
19/06/19 06:39:55 INFO worker.Worker: Running Spark version 2.4.0
19/06/19 06:39:55 INFO worker.Worker: Spark home: /var/tmp/spark2.0hpcplatform/multicore/worker20
19/06/19 06:39:55 INFO util.log: Logging initialized @1732ms
19/06/19 06:39:55 INFO server.Server: jetty-9.3.z-SNAPSHOT, build timestamp: unknown, git hash: unknown
19/06/19 06:39:55 INFO server.Server: Started @1782ms
Java HotSpot(TM) 64-Bit Server VM warning: sched_getaffinity failed (Invalid argument)- using online processor count (576) which may exceed available processors
Java HotSpot(TM) 64-Bit Server VM warning: sched_getaffinity failed (Invalid argument)- using online processor count (576) which may exceed available processors
19/06/19 06:39:55 INFO server.AbstractConnector: Started ServerConnector@4aebdefa{HTTP/1.1,[http/1.1]}{0.0.0.0:8121}
19/06/19 06:39:55 INFO util.Utils: Successfully started service 'WorkerUI' on port 8121.
19/06/19 06:39:55 INFO handler.ContextHandler: Started o.s.j.s.ServletContextHandler@625e41f2{/logPage,null,AVAILABLE,@Spark}
19/06/19 06:39:55 INFO handler.ContextHandler: Started o.s.j.s.ServletContextHandler@d5b5506{/logPage/json,null,AVAILABLE,@Spark}
19/06/19 06:39:55 INFO handler.ContextHandler: Started o.s.j.s.ServletContextHandler@7aac88ce{/,null,AVAILABLE,@Spark}
19/06/19 06:39:55 INFO handler.ContextHandler: Started o.s.j.s.ServletContextHandler@60d70e3d{/json,null,AVAILABLE,@Spark}
19/06/19 06:39:55 INFO handler.ContextHandler: Started o.s.j.s.ServletContextHandler@37f38444{/static,null,AVAILABLE,@Spark}
19/06/19 06:39:55 INFO handler.ContextHandler: Started o.s.j.s.ServletContextHandler@5d1a8a8a{/log,null,AVAILABLE,@Spark}
19/06/19 06:39:55 INFO ui.WorkerWebUI: Bound WorkerWebUI to 0.0.0.0, and started at http://mdc-ch1-cust4.mdc.ext.hpe.com:8121
19/06/19 06:39:55 INFO worker.Worker: Connecting to master mdc-ch1-cust4:7077...
19/06/19 06:39:55 INFO handler.ContextHandler: Started o.s.j.s.ServletContextHandler@6341fae8{/metrics/json,null,AVAILABLE,@Spark}
19/06/19 06:39:55 INFO client.TransportClientFactory: Successfully created connection to mdc-ch1-cust4/10.1.1.4:7077 after 25 ms (0 ms spent in bootstraps)
19/06/19 06:39:55 INFO worker.Worker: Successfully registered with master spark://mdc-ch1-cust4.mdc.ext.hpe.com:7077
19/06/19 06:45:08 INFO worker.Worker: Asked to launch executor app-20190619064508-0000/78 for TeraSort
19/06/19 06:45:08 INFO spark.SecurityManager: Changing view acls to: root
19/06/19 06:45:08 INFO spark.SecurityManager: Changing modify acls to: root
19/06/19 06:45:08 INFO spark.SecurityManager: Changing view acls groups to: 
19/06/19 06:45:08 INFO spark.SecurityManager: Changing modify acls groups to: 
19/06/19 06:45:08 INFO spark.SecurityManager: SecurityManager: authentication disabled; ui acls disabled; users  with view permissions: Set(root); groups with view permissions: Set(); users  with modify permissions: Set(root); groups with modify permissions: Set()
19/06/19 06:45:08 INFO worker.Worker: Asked to launch executor app-20190619064508-0000/79 for TeraSort
19/06/19 06:45:08 INFO spark.SecurityManager: Changing view acls to: root
19/06/19 06:45:08 INFO spark.SecurityManager: Changing modify acls to: root
19/06/19 06:45:08 INFO spark.SecurityManager: Changing view acls groups to: 
19/06/19 06:45:08 INFO spark.SecurityManager: Changing modify acls groups to: 
19/06/19 06:45:08 INFO spark.SecurityManager: SecurityManager: authentication disabled; ui acls disabled; users  with view permissions: Set(root); groups with view permissions: Set(); users  with modify permissions: Set(root); groups with modify permissions: Set()
19/06/19 06:45:08 INFO worker.ExecutorRunner: Launch command: "/opt/jdk1.8.0_131/jre/bin/java" "-cp" "/var/tmp/spark2.0hpcplatform/lib/firesteel-2.4.0.jar:/var/tmp/spark2.0hpcplatform/multicore/worker20/conf/:/var/tmp/spark2.0hpcplatform/multicore/worker20/assembly/target/scala-2.11/jars/*:/opt/hadoop/etc/hadoop/" "-Xmx8192M" "-Dspark.driver.port=36071" "-Dspark.rpc.netty.dispatcher.numThreads=10" "-XX:-UseBiasedLocking" "org.apache.spark.executor.CoarseGrainedExecutorBackend" "--driver-url" "spark://CoarseGrainedScheduler@mdc-ch1-cust4.mdc.ext.hpe.com:36071" "--executor-id" "79" "--hostname" "mdc-ch1-cust4" "--cores" "4" "--app-id" "app-20190619064508-0000" "--worker-url" "spark://Worker@mdc-ch1-cust4:45693"
19/06/19 06:45:08 INFO worker.ExecutorRunner: Launch command: "/opt/jdk1.8.0_131/jre/bin/java" "-cp" "/var/tmp/spark2.0hpcplatform/lib/firesteel-2.4.0.jar:/var/tmp/spark2.0hpcplatform/multicore/worker20/conf/:/var/tmp/spark2.0hpcplatform/multicore/worker20/assembly/target/scala-2.11/jars/*:/opt/hadoop/etc/hadoop/" "-Xmx8192M" "-Dspark.driver.port=36071" "-Dspark.rpc.netty.dispatcher.numThreads=10" "-XX:-UseBiasedLocking" "org.apache.spark.executor.CoarseGrainedExecutorBackend" "--driver-url" "spark://CoarseGrainedScheduler@mdc-ch1-cust4.mdc.ext.hpe.com:36071" "--executor-id" "78" "--hostname" "mdc-ch1-cust4" "--cores" "4" "--app-id" "app-20190619064508-0000" "--worker-url" "spark://Worker@mdc-ch1-cust4:45693"
19/06/19 06:54:33 INFO worker.Worker: Asked to kill executor app-20190619064508-0000/79
19/06/19 06:54:33 INFO worker.Worker: Asked to kill executor app-20190619064508-0000/78
19/06/19 06:54:33 INFO worker.ExecutorRunner: Runner thread for executor app-20190619064508-0000/79 interrupted
19/06/19 06:54:33 INFO worker.ExecutorRunner: Runner thread for executor app-20190619064508-0000/78 interrupted
19/06/19 06:54:33 INFO worker.ExecutorRunner: Killing process!
19/06/19 06:54:33 INFO worker.ExecutorRunner: Killing process!
19/06/19 06:54:47 INFO worker.Worker: Executor app-20190619064508-0000/78 finished with state KILLED exitStatus 137
19/06/19 06:54:47 INFO shuffle.ExternalShuffleBlockResolver: Clean up non-shuffle files associated with the finished executor 78
19/06/19 06:54:47 INFO shuffle.ExternalShuffleBlockResolver: Executor is not registered (appId=app-20190619064508-0000, execId=78)
19/06/19 06:54:47 INFO worker.Worker: Executor app-20190619064508-0000/79 finished with state KILLED exitStatus 137
19/06/19 06:54:47 INFO shuffle.ExternalShuffleBlockResolver: Clean up non-shuffle files associated with the finished executor 79
19/06/19 06:54:47 INFO shuffle.ExternalShuffleBlockResolver: Executor is not registered (appId=app-20190619064508-0000, execId=79)
19/06/19 06:54:47 INFO shuffle.ExternalShuffleBlockResolver: Application app-20190619064508-0000 removed, cleanupLocalDirs = true
19/06/19 06:54:47 INFO worker.Worker: Cleaning up local directories for application app-20190619064508-0000
19/06/19 06:57:26 INFO worker.Worker: Asked to launch executor app-20190619065726-0001/78 for TeraSort
19/06/19 06:57:26 INFO spark.SecurityManager: Changing view acls to: root
19/06/19 06:57:26 INFO spark.SecurityManager: Changing modify acls to: root
19/06/19 06:57:26 INFO spark.SecurityManager: Changing view acls groups to: 
19/06/19 06:57:26 INFO spark.SecurityManager: Changing modify acls groups to: 
19/06/19 06:57:26 INFO spark.SecurityManager: SecurityManager: authentication disabled; ui acls disabled; users  with view permissions: Set(root); groups with view permissions: Set(); users  with modify permissions: Set(root); groups with modify permissions: Set()
19/06/19 06:57:26 INFO worker.Worker: Asked to launch executor app-20190619065726-0001/79 for TeraSort
19/06/19 06:57:26 INFO spark.SecurityManager: Changing view acls to: root
19/06/19 06:57:26 INFO spark.SecurityManager: Changing modify acls to: root
19/06/19 06:57:26 INFO spark.SecurityManager: Changing view acls groups to: 
19/06/19 06:57:26 INFO spark.SecurityManager: Changing modify acls groups to: 
19/06/19 06:57:26 INFO spark.SecurityManager: SecurityManager: authentication disabled; ui acls disabled; users  with view permissions: Set(root); groups with view permissions: Set(); users  with modify permissions: Set(root); groups with modify permissions: Set()
19/06/19 06:57:26 INFO worker.ExecutorRunner: Launch command: "/opt/jdk1.8.0_131/jre/bin/java" "-cp" "/var/tmp/spark2.0hpcplatform/lib/firesteel-2.4.0.jar:/var/tmp/spark2.0hpcplatform/multicore/worker20/conf/:/var/tmp/spark2.0hpcplatform/multicore/worker20/assembly/target/scala-2.11/jars/*:/opt/hadoop/etc/hadoop/" "-Xmx8192M" "-Dspark.driver.port=45085" "-Dspark.rpc.netty.dispatcher.numThreads=10" "-XX:-UseBiasedLocking" "org.apache.spark.executor.CoarseGrainedExecutorBackend" "--driver-url" "spark://CoarseGrainedScheduler@mdc-ch1-cust4.mdc.ext.hpe.com:45085" "--executor-id" "78" "--hostname" "mdc-ch1-cust4" "--cores" "4" "--app-id" "app-20190619065726-0001" "--worker-url" "spark://Worker@mdc-ch1-cust4:45693"
19/06/19 06:57:26 INFO worker.ExecutorRunner: Launch command: "/opt/jdk1.8.0_131/jre/bin/java" "-cp" "/var/tmp/spark2.0hpcplatform/lib/firesteel-2.4.0.jar:/var/tmp/spark2.0hpcplatform/multicore/worker20/conf/:/var/tmp/spark2.0hpcplatform/multicore/worker20/assembly/target/scala-2.11/jars/*:/opt/hadoop/etc/hadoop/" "-Xmx8192M" "-Dspark.driver.port=45085" "-Dspark.rpc.netty.dispatcher.numThreads=10" "-XX:-UseBiasedLocking" "org.apache.spark.executor.CoarseGrainedExecutorBackend" "--driver-url" "spark://CoarseGrainedScheduler@mdc-ch1-cust4.mdc.ext.hpe.com:45085" "--executor-id" "79" "--hostname" "mdc-ch1-cust4" "--cores" "4" "--app-id" "app-20190619065726-0001" "--worker-url" "spark://Worker@mdc-ch1-cust4:45693"
19/06/19 07:04:26 INFO worker.Worker: Asked to kill executor app-20190619065726-0001/78
19/06/19 07:04:26 INFO worker.Worker: Asked to launch executor app-20190619065726-0001/102 for TeraSort
19/06/19 07:04:26 INFO worker.ExecutorRunner: Runner thread for executor app-20190619065726-0001/78 interrupted
19/06/19 07:04:26 INFO worker.ExecutorRunner: Killing process!
19/06/19 07:04:26 INFO spark.SecurityManager: Changing view acls to: root
19/06/19 07:04:26 INFO spark.SecurityManager: Changing modify acls to: root
19/06/19 07:04:26 INFO spark.SecurityManager: Changing view acls groups to: 
19/06/19 07:04:26 INFO spark.SecurityManager: Changing modify acls groups to: 
19/06/19 07:04:26 INFO spark.SecurityManager: SecurityManager: authentication disabled; ui acls disabled; users  with view permissions: Set(root); groups with view permissions: Set(); users  with modify permissions: Set(root); groups with modify permissions: Set()
19/06/19 07:04:27 INFO worker.ExecutorRunner: Launch command: "/opt/jdk1.8.0_131/jre/bin/java" "-cp" "/var/tmp/spark2.0hpcplatform/lib/firesteel-2.4.0.jar:/var/tmp/spark2.0hpcplatform/multicore/worker20/conf/:/var/tmp/spark2.0hpcplatform/multicore/worker20/assembly/target/scala-2.11/jars/*:/opt/hadoop/etc/hadoop/" "-Xmx8192M" "-Dspark.driver.port=45085" "-Dspark.rpc.netty.dispatcher.numThreads=10" "-XX:-UseBiasedLocking" "org.apache.spark.executor.CoarseGrainedExecutorBackend" "--driver-url" "spark://CoarseGrainedScheduler@mdc-ch1-cust4.mdc.ext.hpe.com:45085" "--executor-id" "102" "--hostname" "mdc-ch1-cust4" "--cores" "4" "--app-id" "app-20190619065726-0001" "--worker-url" "spark://Worker@mdc-ch1-cust4:45693"
19/06/19 07:04:46 WARN util.Utils: Timed out waiting to forcibly kill process
19/06/19 07:04:46 WARN worker.ExecutorRunner: Failed to terminate process: java.lang.UNIXProcess@56c46519. This process will likely be orphaned.
19/06/19 07:04:46 INFO worker.Worker: Executor app-20190619065726-0001/78 finished with state KILLED
19/06/19 07:04:46 INFO shuffle.ExternalShuffleBlockResolver: Clean up non-shuffle files associated with the finished executor 78
19/06/19 07:04:46 INFO shuffle.ExternalShuffleBlockResolver: Executor is not registered (appId=app-20190619065726-0001, execId=78)
19/06/19 07:10:26 INFO worker.Worker: Asked to kill executor app-20190619065726-0001/79
19/06/19 07:10:26 INFO worker.ExecutorRunner: Runner thread for executor app-20190619065726-0001/79 interrupted
19/06/19 07:10:26 INFO worker.ExecutorRunner: Killing process!
19/06/19 07:10:26 INFO worker.Worker: Asked to launch executor app-20190619065726-0001/130 for TeraSort
19/06/19 07:10:26 INFO spark.SecurityManager: Changing view acls to: root
19/06/19 07:10:26 INFO spark.SecurityManager: Changing modify acls to: root
19/06/19 07:10:26 INFO spark.SecurityManager: Changing view acls groups to: 
19/06/19 07:10:26 INFO spark.SecurityManager: Changing modify acls groups to: 
19/06/19 07:10:26 INFO spark.SecurityManager: SecurityManager: authentication disabled; ui acls disabled; users  with view permissions: Set(root); groups with view permissions: Set(); users  with modify permissions: Set(root); groups with modify permissions: Set()
19/06/19 07:10:27 INFO worker.ExecutorRunner: Launch command: "/opt/jdk1.8.0_131/jre/bin/java" "-cp" "/var/tmp/spark2.0hpcplatform/lib/firesteel-2.4.0.jar:/var/tmp/spark2.0hpcplatform/multicore/worker20/conf/:/var/tmp/spark2.0hpcplatform/multicore/worker20/assembly/target/scala-2.11/jars/*:/opt/hadoop/etc/hadoop/" "-Xmx8192M" "-Dspark.driver.port=45085" "-Dspark.rpc.netty.dispatcher.numThreads=10" "-XX:-UseBiasedLocking" "org.apache.spark.executor.CoarseGrainedExecutorBackend" "--driver-url" "spark://CoarseGrainedScheduler@mdc-ch1-cust4.mdc.ext.hpe.com:45085" "--executor-id" "130" "--hostname" "mdc-ch1-cust4" "--cores" "4" "--app-id" "app-20190619065726-0001" "--worker-url" "spark://Worker@mdc-ch1-cust4:45693"
19/06/19 07:10:42 INFO worker.Worker: Executor app-20190619065726-0001/79 finished with state KILLED exitStatus 137
19/06/19 07:10:42 INFO shuffle.ExternalShuffleBlockResolver: Clean up non-shuffle files associated with the finished executor 79
19/06/19 07:10:42 INFO shuffle.ExternalShuffleBlockResolver: Executor is not registered (appId=app-20190619065726-0001, execId=79)
19/06/19 07:27:26 INFO worker.Worker: Asked to kill executor app-20190619065726-0001/130
19/06/19 07:27:26 INFO worker.ExecutorRunner: Runner thread for executor app-20190619065726-0001/130 interrupted
19/06/19 07:27:26 INFO worker.ExecutorRunner: Killing process!
19/06/19 07:27:26 INFO worker.Worker: Asked to launch executor app-20190619065726-0001/165 for TeraSort
19/06/19 07:27:26 INFO spark.SecurityManager: Changing view acls to: root
19/06/19 07:27:26 INFO spark.SecurityManager: Changing modify acls to: root
19/06/19 07:27:26 INFO spark.SecurityManager: Changing view acls groups to: 
19/06/19 07:27:26 INFO spark.SecurityManager: Changing modify acls groups to: 
19/06/19 07:27:26 INFO spark.SecurityManager: SecurityManager: authentication disabled; ui acls disabled; users  with view permissions: Set(root); groups with view permissions: Set(); users  with modify permissions: Set(root); groups with modify permissions: Set()
19/06/19 07:27:27 INFO worker.ExecutorRunner: Launch command: "/opt/jdk1.8.0_131/jre/bin/java" "-cp" "/var/tmp/spark2.0hpcplatform/lib/firesteel-2.4.0.jar:/var/tmp/spark2.0hpcplatform/multicore/worker20/conf/:/var/tmp/spark2.0hpcplatform/multicore/worker20/assembly/target/scala-2.11/jars/*:/opt/hadoop/etc/hadoop/" "-Xmx8192M" "-Dspark.driver.port=45085" "-Dspark.rpc.netty.dispatcher.numThreads=10" "-XX:-UseBiasedLocking" "org.apache.spark.executor.CoarseGrainedExecutorBackend" "--driver-url" "spark://CoarseGrainedScheduler@mdc-ch1-cust4.mdc.ext.hpe.com:45085" "--executor-id" "165" "--hostname" "mdc-ch1-cust4" "--cores" "4" "--app-id" "app-20190619065726-0001" "--worker-url" "spark://Worker@mdc-ch1-cust4:45693"
19/06/19 07:27:46 WARN util.Utils: Timed out waiting to forcibly kill process
19/06/19 07:27:46 WARN worker.ExecutorRunner: Failed to terminate process: java.lang.UNIXProcess@9a03ad0. This process will likely be orphaned.
19/06/19 07:27:46 INFO worker.Worker: Executor app-20190619065726-0001/130 finished with state KILLED
19/06/19 07:27:46 INFO shuffle.ExternalShuffleBlockResolver: Clean up non-shuffle files associated with the finished executor 130
19/06/19 07:27:46 INFO shuffle.ExternalShuffleBlockResolver: Executor is not registered (appId=app-20190619065726-0001, execId=130)
19/06/19 07:42:06 INFO worker.Worker: Asked to kill executor app-20190619065726-0001/165
19/06/19 07:42:06 INFO worker.Worker: Asked to kill executor app-20190619065726-0001/102
19/06/19 07:42:06 INFO worker.ExecutorRunner: Runner thread for executor app-20190619065726-0001/165 interrupted
19/06/19 07:42:06 INFO worker.ExecutorRunner: Killing process!
19/06/19 07:42:06 INFO worker.ExecutorRunner: Runner thread for executor app-20190619065726-0001/102 interrupted
19/06/19 07:42:06 INFO worker.ExecutorRunner: Killing process!
19/06/19 07:42:19 INFO worker.Worker: Executor app-20190619065726-0001/165 finished with state KILLED exitStatus 137
19/06/19 07:42:19 INFO shuffle.ExternalShuffleBlockResolver: Clean up non-shuffle files associated with the finished executor 165
19/06/19 07:42:19 INFO shuffle.ExternalShuffleBlockResolver: Executor is not registered (appId=app-20190619065726-0001, execId=165)
19/06/19 07:42:20 INFO worker.Worker: Executor app-20190619065726-0001/102 finished with state KILLED exitStatus 137
19/06/19 07:42:20 INFO shuffle.ExternalShuffleBlockResolver: Clean up non-shuffle files associated with the finished executor 102
19/06/19 07:42:20 INFO shuffle.ExternalShuffleBlockResolver: Executor is not registered (appId=app-20190619065726-0001, execId=102)
19/06/19 07:42:20 INFO shuffle.ExternalShuffleBlockResolver: Application app-20190619065726-0001 removed, cleanupLocalDirs = true
19/06/19 07:42:20 INFO worker.Worker: Cleaning up local directories for application app-20190619065726-0001
19/06/19 07:56:14 INFO worker.Worker: Asked to launch executor app-20190619075614-0002/300 for TeraSort
19/06/19 07:56:14 INFO worker.Worker: Asked to launch executor app-20190619075614-0002/301 for TeraSort
19/06/19 07:56:14 INFO spark.SecurityManager: Changing view acls to: root
19/06/19 07:56:14 INFO spark.SecurityManager: Changing modify acls to: root
19/06/19 07:56:14 INFO spark.SecurityManager: Changing view acls groups to: 
19/06/19 07:56:14 INFO worker.Worker: Asked to launch executor app-20190619075614-0002/302 for TeraSort
19/06/19 07:56:14 INFO spark.SecurityManager: Changing view acls to: root
19/06/19 07:56:14 INFO spark.SecurityManager: Changing modify acls groups to: 
19/06/19 07:56:14 INFO spark.SecurityManager: Changing modify acls to: root
19/06/19 07:56:14 INFO spark.SecurityManager: SecurityManager: authentication disabled; ui acls disabled; users  with view permissions: Set(root); groups with view permissions: Set(); users  with modify permissions: Set(root); groups with modify permissions: Set()
19/06/19 07:56:14 INFO spark.SecurityManager: Changing view acls groups to: 
19/06/19 07:56:14 INFO spark.SecurityManager: Changing modify acls groups to: 
19/06/19 07:56:14 INFO spark.SecurityManager: SecurityManager: authentication disabled; ui acls disabled; users  with view permissions: Set(root); groups with view permissions: Set(); users  with modify permissions: Set(root); groups with modify permissions: Set()
19/06/19 07:56:14 INFO worker.Worker: Asked to launch executor app-20190619075614-0002/303 for TeraSort
19/06/19 07:56:14 INFO spark.SecurityManager: Changing view acls to: root
19/06/19 07:56:14 INFO spark.SecurityManager: Changing modify acls to: root
19/06/19 07:56:14 INFO spark.SecurityManager: Changing view acls groups to: 
19/06/19 07:56:14 INFO spark.SecurityManager: Changing modify acls groups to: 
19/06/19 07:56:14 INFO spark.SecurityManager: SecurityManager: authentication disabled; ui acls disabled; users  with view permissions: Set(root); groups with view permissions: Set(); users  with modify permissions: Set(root); groups with modify permissions: Set()
19/06/19 07:56:14 INFO spark.SecurityManager: Changing view acls to: root
19/06/19 07:56:14 INFO spark.SecurityManager: Changing modify acls to: root
19/06/19 07:56:14 INFO spark.SecurityManager: Changing view acls groups to: 
19/06/19 07:56:14 INFO spark.SecurityManager: Changing modify acls groups to: 
19/06/19 07:56:14 INFO spark.SecurityManager: SecurityManager: authentication disabled; ui acls disabled; users  with view permissions: Set(root); groups with view permissions: Set(); users  with modify permissions: Set(root); groups with modify permissions: Set()
19/06/19 07:56:14 INFO worker.Worker: Asked to launch executor app-20190619075614-0002/304 for TeraSort
19/06/19 07:56:14 INFO worker.Worker: Asked to launch executor app-20190619075614-0002/305 for TeraSort
19/06/19 07:56:14 INFO spark.SecurityManager: Changing view acls to: root
19/06/19 07:56:14 INFO spark.SecurityManager: Changing modify acls to: root
19/06/19 07:56:14 INFO spark.SecurityManager: Changing view acls groups to: 
19/06/19 07:56:14 INFO spark.SecurityManager: Changing modify acls groups to: 
19/06/19 07:56:14 INFO spark.SecurityManager: SecurityManager: authentication disabled; ui acls disabled; users  with view permissions: Set(root); groups with view permissions: Set(); users  with modify permissions: Set(root); groups with modify permissions: Set()
19/06/19 07:56:14 INFO worker.Worker: Asked to launch executor app-20190619075614-0002/306 for TeraSort
19/06/19 07:56:14 INFO spark.SecurityManager: Changing view acls to: root
19/06/19 07:56:14 INFO spark.SecurityManager: Changing modify acls to: root
19/06/19 07:56:14 INFO spark.SecurityManager: Changing view acls groups to: 
19/06/19 07:56:14 INFO spark.SecurityManager: Changing modify acls groups to: 
19/06/19 07:56:14 INFO spark.SecurityManager: SecurityManager: authentication disabled; ui acls disabled; users  with view permissions: Set(root); groups with view permissions: Set(); users  with modify permissions: Set(root); groups with modify permissions: Set()
19/06/19 07:56:14 INFO worker.Worker: Asked to launch executor app-20190619075614-0002/307 for TeraSort
19/06/19 07:56:14 INFO spark.SecurityManager: Changing view acls to: root
19/06/19 07:56:14 INFO spark.SecurityManager: Changing modify acls to: root
19/06/19 07:56:14 INFO spark.SecurityManager: Changing view acls groups to: 
19/06/19 07:56:14 INFO spark.SecurityManager: Changing modify acls groups to: 
19/06/19 07:56:14 INFO spark.SecurityManager: SecurityManager: authentication disabled; ui acls disabled; users  with view permissions: Set(root); groups with view permissions: Set(); users  with modify permissions: Set(root); groups with modify permissions: Set()
19/06/19 07:56:14 INFO spark.SecurityManager: Changing view acls to: root
19/06/19 07:56:14 INFO spark.SecurityManager: Changing modify acls to: root
19/06/19 07:56:14 INFO spark.SecurityManager: Changing view acls groups to: 
19/06/19 07:56:14 INFO spark.SecurityManager: Changing modify acls groups to: 
19/06/19 07:56:14 INFO spark.SecurityManager: SecurityManager: authentication disabled; ui acls disabled; users  with view permissions: Set(root); groups with view permissions: Set(); users  with modify permissions: Set(root); groups with modify permissions: Set()
19/06/19 07:56:14 INFO worker.Worker: Asked to launch executor app-20190619075614-0002/308 for TeraSort
19/06/19 07:56:14 INFO worker.Worker: Asked to launch executor app-20190619075614-0002/309 for TeraSort
19/06/19 07:56:14 INFO spark.SecurityManager: Changing view acls to: root
19/06/19 07:56:14 INFO spark.SecurityManager: Changing view acls to: root
19/06/19 07:56:14 INFO spark.SecurityManager: Changing modify acls to: root
19/06/19 07:56:14 INFO spark.SecurityManager: Changing modify acls to: root
19/06/19 07:56:14 INFO spark.SecurityManager: Changing view acls groups to: 
19/06/19 07:56:14 INFO spark.SecurityManager: Changing modify acls groups to: 
19/06/19 07:56:14 INFO spark.SecurityManager: SecurityManager: authentication disabled; ui acls disabled; users  with view permissions: Set(root); groups with view permissions: Set(); users  with modify permissions: Set(root); groups with modify permissions: Set()
19/06/19 07:56:14 INFO spark.SecurityManager: Changing view acls groups to: 
19/06/19 07:56:14 INFO spark.SecurityManager: Changing modify acls groups to: 
19/06/19 07:56:14 INFO spark.SecurityManager: SecurityManager: authentication disabled; ui acls disabled; users  with view permissions: Set(root); groups with view permissions: Set(); users  with modify permissions: Set(root); groups with modify permissions: Set()
19/06/19 07:56:15 INFO worker.ExecutorRunner: Launch command: "/opt/jdk1.8.0_131/jre/bin/java" "-cp" "/var/tmp/spark2.0hpcplatform/lib/firesteel-2.4.0.jar:/var/tmp/spark2.0hpcplatform/multicore/worker20/conf/:/var/tmp/spark2.0hpcplatform/multicore/worker20/assembly/target/scala-2.11/jars/*:/opt/hadoop/etc/hadoop/" "-Xmx8192M" "-Dspark.rpc.numRetries=5" "-Dspark.driver.port=43673" "-Dspark.network.timeout=20000" "-Dspark.rpc.netty.dispatcher.numThreads=10" "-XX:-UseBiasedLocking" "org.apache.spark.executor.CoarseGrainedExecutorBackend" "--driver-url" "spark://CoarseGrainedScheduler@mdc-ch1-cust4.mdc.ext.hpe.com:43673" "--executor-id" "300" "--hostname" "mdc-ch1-cust4" "--cores" "1" "--app-id" "app-20190619075614-0002" "--worker-url" "spark://Worker@mdc-ch1-cust4:45693"
19/06/19 07:56:15 INFO worker.ExecutorRunner: Launch command: "/opt/jdk1.8.0_131/jre/bin/java" "-cp" "/var/tmp/spark2.0hpcplatform/lib/firesteel-2.4.0.jar:/var/tmp/spark2.0hpcplatform/multicore/worker20/conf/:/var/tmp/spark2.0hpcplatform/multicore/worker20/assembly/target/scala-2.11/jars/*:/opt/hadoop/etc/hadoop/" "-Xmx8192M" "-Dspark.rpc.numRetries=5" "-Dspark.driver.port=43673" "-Dspark.network.timeout=20000" "-Dspark.rpc.netty.dispatcher.numThreads=10" "-XX:-UseBiasedLocking" "org.apache.spark.executor.CoarseGrainedExecutorBackend" "--driver-url" "spark://CoarseGrainedScheduler@mdc-ch1-cust4.mdc.ext.hpe.com:43673" "--executor-id" "301" "--hostname" "mdc-ch1-cust4" "--cores" "1" "--app-id" "app-20190619075614-0002" "--worker-url" "spark://Worker@mdc-ch1-cust4:45693"
19/06/19 07:56:15 INFO worker.ExecutorRunner: Launch command: "/opt/jdk1.8.0_131/jre/bin/java" "-cp" "/var/tmp/spark2.0hpcplatform/lib/firesteel-2.4.0.jar:/var/tmp/spark2.0hpcplatform/multicore/worker20/conf/:/var/tmp/spark2.0hpcplatform/multicore/worker20/assembly/target/scala-2.11/jars/*:/opt/hadoop/etc/hadoop/" "-Xmx8192M" "-Dspark.rpc.numRetries=5" "-Dspark.driver.port=43673" "-Dspark.network.timeout=20000" "-Dspark.rpc.netty.dispatcher.numThreads=10" "-XX:-UseBiasedLocking" "org.apache.spark.executor.CoarseGrainedExecutorBackend" "--driver-url" "spark://CoarseGrainedScheduler@mdc-ch1-cust4.mdc.ext.hpe.com:43673" "--executor-id" "302" "--hostname" "mdc-ch1-cust4" "--cores" "1" "--app-id" "app-20190619075614-0002" "--worker-url" "spark://Worker@mdc-ch1-cust4:45693"
19/06/19 07:56:15 INFO worker.ExecutorRunner: Launch command: "/opt/jdk1.8.0_131/jre/bin/java" "-cp" "/var/tmp/spark2.0hpcplatform/lib/firesteel-2.4.0.jar:/var/tmp/spark2.0hpcplatform/multicore/worker20/conf/:/var/tmp/spark2.0hpcplatform/multicore/worker20/assembly/target/scala-2.11/jars/*:/opt/hadoop/etc/hadoop/" "-Xmx8192M" "-Dspark.rpc.numRetries=5" "-Dspark.driver.port=43673" "-Dspark.network.timeout=20000" "-Dspark.rpc.netty.dispatcher.numThreads=10" "-XX:-UseBiasedLocking" "org.apache.spark.executor.CoarseGrainedExecutorBackend" "--driver-url" "spark://CoarseGrainedScheduler@mdc-ch1-cust4.mdc.ext.hpe.com:43673" "--executor-id" "303" "--hostname" "mdc-ch1-cust4" "--cores" "1" "--app-id" "app-20190619075614-0002" "--worker-url" "spark://Worker@mdc-ch1-cust4:45693"
19/06/19 07:56:15 INFO worker.ExecutorRunner: Launch command: "/opt/jdk1.8.0_131/jre/bin/java" "-cp" "/var/tmp/spark2.0hpcplatform/lib/firesteel-2.4.0.jar:/var/tmp/spark2.0hpcplatform/multicore/worker20/conf/:/var/tmp/spark2.0hpcplatform/multicore/worker20/assembly/target/scala-2.11/jars/*:/opt/hadoop/etc/hadoop/" "-Xmx8192M" "-Dspark.rpc.numRetries=5" "-Dspark.driver.port=43673" "-Dspark.network.timeout=20000" "-Dspark.rpc.netty.dispatcher.numThreads=10" "-XX:-UseBiasedLocking" "org.apache.spark.executor.CoarseGrainedExecutorBackend" "--driver-url" "spark://CoarseGrainedScheduler@mdc-ch1-cust4.mdc.ext.hpe.com:43673" "--executor-id" "307" "--hostname" "mdc-ch1-cust4" "--cores" "1" "--app-id" "app-20190619075614-0002" "--worker-url" "spark://Worker@mdc-ch1-cust4:45693"
19/06/19 07:56:15 INFO worker.ExecutorRunner: Launch command: "/opt/jdk1.8.0_131/jre/bin/java" "-cp" "/var/tmp/spark2.0hpcplatform/lib/firesteel-2.4.0.jar:/var/tmp/spark2.0hpcplatform/multicore/worker20/conf/:/var/tmp/spark2.0hpcplatform/multicore/worker20/assembly/target/scala-2.11/jars/*:/opt/hadoop/etc/hadoop/" "-Xmx8192M" "-Dspark.rpc.numRetries=5" "-Dspark.driver.port=43673" "-Dspark.network.timeout=20000" "-Dspark.rpc.netty.dispatcher.numThreads=10" "-XX:-UseBiasedLocking" "org.apache.spark.executor.CoarseGrainedExecutorBackend" "--driver-url" "spark://CoarseGrainedScheduler@mdc-ch1-cust4.mdc.ext.hpe.com:43673" "--executor-id" "305" "--hostname" "mdc-ch1-cust4" "--cores" "1" "--app-id" "app-20190619075614-0002" "--worker-url" "spark://Worker@mdc-ch1-cust4:45693"
19/06/19 07:56:15 INFO worker.ExecutorRunner: Launch command: "/opt/jdk1.8.0_131/jre/bin/java" "-cp" "/var/tmp/spark2.0hpcplatform/lib/firesteel-2.4.0.jar:/var/tmp/spark2.0hpcplatform/multicore/worker20/conf/:/var/tmp/spark2.0hpcplatform/multicore/worker20/assembly/target/scala-2.11/jars/*:/opt/hadoop/etc/hadoop/" "-Xmx8192M" "-Dspark.rpc.numRetries=5" "-Dspark.driver.port=43673" "-Dspark.network.timeout=20000" "-Dspark.rpc.netty.dispatcher.numThreads=10" "-XX:-UseBiasedLocking" "org.apache.spark.executor.CoarseGrainedExecutorBackend" "--driver-url" "spark://CoarseGrainedScheduler@mdc-ch1-cust4.mdc.ext.hpe.com:43673" "--executor-id" "309" "--hostname" "mdc-ch1-cust4" "--cores" "1" "--app-id" "app-20190619075614-0002" "--worker-url" "spark://Worker@mdc-ch1-cust4:45693"
19/06/19 07:56:15 INFO worker.ExecutorRunner: Launch command: "/opt/jdk1.8.0_131/jre/bin/java" "-cp" "/var/tmp/spark2.0hpcplatform/lib/firesteel-2.4.0.jar:/var/tmp/spark2.0hpcplatform/multicore/worker20/conf/:/var/tmp/spark2.0hpcplatform/multicore/worker20/assembly/target/scala-2.11/jars/*:/opt/hadoop/etc/hadoop/" "-Xmx8192M" "-Dspark.rpc.numRetries=5" "-Dspark.driver.port=43673" "-Dspark.network.timeout=20000" "-Dspark.rpc.netty.dispatcher.numThreads=10" "-XX:-UseBiasedLocking" "org.apache.spark.executor.CoarseGrainedExecutorBackend" "--driver-url" "spark://CoarseGrainedScheduler@mdc-ch1-cust4.mdc.ext.hpe.com:43673" "--executor-id" "308" "--hostname" "mdc-ch1-cust4" "--cores" "1" "--app-id" "app-20190619075614-0002" "--worker-url" "spark://Worker@mdc-ch1-cust4:45693"
19/06/19 07:56:15 INFO worker.ExecutorRunner: Launch command: "/opt/jdk1.8.0_131/jre/bin/java" "-cp" "/var/tmp/spark2.0hpcplatform/lib/firesteel-2.4.0.jar:/var/tmp/spark2.0hpcplatform/multicore/worker20/conf/:/var/tmp/spark2.0hpcplatform/multicore/worker20/assembly/target/scala-2.11/jars/*:/opt/hadoop/etc/hadoop/" "-Xmx8192M" "-Dspark.rpc.numRetries=5" "-Dspark.driver.port=43673" "-Dspark.network.timeout=20000" "-Dspark.rpc.netty.dispatcher.numThreads=10" "-XX:-UseBiasedLocking" "org.apache.spark.executor.CoarseGrainedExecutorBackend" "--driver-url" "spark://CoarseGrainedScheduler@mdc-ch1-cust4.mdc.ext.hpe.com:43673" "--executor-id" "306" "--hostname" "mdc-ch1-cust4" "--cores" "1" "--app-id" "app-20190619075614-0002" "--worker-url" "spark://Worker@mdc-ch1-cust4:45693"
19/06/19 07:56:15 INFO worker.ExecutorRunner: Launch command: "/opt/jdk1.8.0_131/jre/bin/java" "-cp" "/var/tmp/spark2.0hpcplatform/lib/firesteel-2.4.0.jar:/var/tmp/spark2.0hpcplatform/multicore/worker20/conf/:/var/tmp/spark2.0hpcplatform/multicore/worker20/assembly/target/scala-2.11/jars/*:/opt/hadoop/etc/hadoop/" "-Xmx8192M" "-Dspark.rpc.numRetries=5" "-Dspark.driver.port=43673" "-Dspark.network.timeout=20000" "-Dspark.rpc.netty.dispatcher.numThreads=10" "-XX:-UseBiasedLocking" "org.apache.spark.executor.CoarseGrainedExecutorBackend" "--driver-url" "spark://CoarseGrainedScheduler@mdc-ch1-cust4.mdc.ext.hpe.com:43673" "--executor-id" "304" "--hostname" "mdc-ch1-cust4" "--cores" "1" "--app-id" "app-20190619075614-0002" "--worker-url" "spark://Worker@mdc-ch1-cust4:45693"
19/06/19 10:49:05 ERROR worker.Worker: RECEIVED SIGNAL TERM
19/06/19 10:49:06 INFO worker.ExecutorRunner: Killing process!
19/06/19 10:49:07 INFO worker.Worker: mdc-ch1-cust4:7077 Disassociated !
19/06/19 10:49:07 ERROR worker.Worker: Connection to master failed! Waiting for master to reconnect...
19/06/19 10:49:07 INFO worker.Worker: mdc-ch1-cust4.mdc.ext.hpe.com:7077 Disassociated !
19/06/19 10:49:07 ERROR worker.Worker: Connection to master failed! Waiting for master to reconnect...
19/06/19 10:49:07 INFO worker.Worker: Not spawning another attempt to register with the master, since there is an attempt scheduled already.
19/06/19 10:49:07 INFO worker.Worker: Connecting to master mdc-ch1-cust4:7077...
19/06/19 10:49:08 INFO client.TransportClientFactory: Found inactive connection to mdc-ch1-cust4/10.1.1.4:7077, creating a new one.
19/06/19 10:49:08 WARN worker.Worker: Failed to connect to master mdc-ch1-cust4:7077
org.apache.spark.SparkException: Exception thrown in awaitResult: 
	at org.apache.spark.util.ThreadUtils$.awaitResult(ThreadUtils.scala:226)
	at org.apache.spark.rpc.RpcTimeout.awaitResult(RpcTimeout.scala:75)
	at org.apache.spark.rpc.RpcEnv.setupEndpointRefByURI(RpcEnv.scala:101)
	at org.apache.spark.rpc.RpcEnv.setupEndpointRef(RpcEnv.scala:109)
	at org.apache.spark.deploy.worker.Worker$$anonfun$org$apache$spark$deploy$worker$Worker$$tryRegisterAllMasters$1$$anon$1.run(Worker.scala:253)
	at java.util.concurrent.Executors$RunnableAdapter.call(Executors.java:511)
	at java.util.concurrent.FutureTask.run(FutureTask.java:266)
	at java.util.concurrent.ThreadPoolExecutor.runWorker(ThreadPoolExecutor.java:1142)
	at java.util.concurrent.ThreadPoolExecutor$Worker.run(ThreadPoolExecutor.java:617)
	at java.lang.Thread.run(Thread.java:748)
Caused by: java.io.IOException: Failed to connect to mdc-ch1-cust4/10.1.1.4:7077
	at org.apache.spark.network.client.TransportClientFactory.createClient(TransportClientFactory.java:245)
	at org.apache.spark.network.client.TransportClientFactory.createClient(TransportClientFactory.java:187)
	at org.apache.spark.rpc.netty.NettyRpcEnv.createClient(NettyRpcEnv.scala:198)
	at org.apache.spark.rpc.netty.Outbox$$anon$1.call(Outbox.scala:194)
	at org.apache.spark.rpc.netty.Outbox$$anon$1.call(Outbox.scala:190)
	... 4 more
Caused by: io.netty.channel.AbstractChannel$AnnotatedConnectException: Connection refused: mdc-ch1-cust4/10.1.1.4:7077
	at sun.nio.ch.SocketChannelImpl.checkConnect(Native Method)
	at sun.nio.ch.SocketChannelImpl.finishConnect(SocketChannelImpl.java:717)
	at io.netty.channel.socket.nio.NioSocketChannel.doFinishConnect(NioSocketChannel.java:323)
	at io.netty.channel.nio.AbstractNioChannel$AbstractNioUnsafe.finishConnect(AbstractNioChannel.java:340)
	at io.netty.channel.nio.NioEventLoop.processSelectedKey(NioEventLoop.java:633)
	at io.netty.channel.nio.NioEventLoop.processSelectedKeysOptimized(NioEventLoop.java:580)
	at io.netty.channel.nio.NioEventLoop.processSelectedKeys(NioEventLoop.java:497)
	at io.netty.channel.nio.NioEventLoop.run(NioEventLoop.java:459)
	at io.netty.util.concurrent.SingleThreadEventExecutor$5.run(SingleThreadEventExecutor.java:858)
	at io.netty.util.concurrent.DefaultThreadFactory$DefaultRunnableDecorator.run(DefaultThreadFactory.java:138)
	... 1 more
Caused by: java.net.ConnectException: Connection refused
	... 11 more
19/06/19 10:49:15 INFO worker.Worker: Retrying connection to master (attempt # 1)
19/06/19 10:49:15 INFO worker.Worker: Connecting to master mdc-ch1-cust4.mdc.ext.hpe.com:7077...
19/06/19 10:49:17 WARN worker.Worker: Failed to connect to master mdc-ch1-cust4.mdc.ext.hpe.com:7077
org.apache.spark.SparkException: Exception thrown in awaitResult: 
	at org.apache.spark.util.ThreadUtils$.awaitResult(ThreadUtils.scala:226)
	at org.apache.spark.rpc.RpcTimeout.awaitResult(RpcTimeout.scala:75)
	at org.apache.spark.rpc.RpcEnv.setupEndpointRefByURI(RpcEnv.scala:101)
	at org.apache.spark.rpc.RpcEnv.setupEndpointRef(RpcEnv.scala:109)
	at org.apache.spark.deploy.worker.Worker$$anonfun$org$apache$spark$deploy$worker$Worker$$reregisterWithMaster$1$$anon$2.run(Worker.scala:310)
	at java.util.concurrent.Executors$RunnableAdapter.call(Executors.java:511)
	at java.util.concurrent.FutureTask.run(FutureTask.java:266)
	at java.util.concurrent.ThreadPoolExecutor.runWorker(ThreadPoolExecutor.java:1142)
	at java.util.concurrent.ThreadPoolExecutor$Worker.run(ThreadPoolExecutor.java:617)
	at java.lang.Thread.run(Thread.java:748)
Caused by: java.io.IOException: Failed to connect to mdc-ch1-cust4.mdc.ext.hpe.com/10.1.1.4:7077
	at org.apache.spark.network.client.TransportClientFactory.createClient(TransportClientFactory.java:245)
	at org.apache.spark.network.client.TransportClientFactory.createClient(TransportClientFactory.java:187)
	at org.apache.spark.rpc.netty.NettyRpcEnv.createClient(NettyRpcEnv.scala:198)
	at org.apache.spark.rpc.netty.Outbox$$anon$1.call(Outbox.scala:194)
	at org.apache.spark.rpc.netty.Outbox$$anon$1.call(Outbox.scala:190)
	... 4 more
Caused by: io.netty.channel.AbstractChannel$AnnotatedConnectException: Connection refused: mdc-ch1-cust4.mdc.ext.hpe.com/10.1.1.4:7077
	at sun.nio.ch.SocketChannelImpl.checkConnect(Native Method)
	at sun.nio.ch.SocketChannelImpl.finishConnect(SocketChannelImpl.java:717)
	at io.netty.channel.socket.nio.NioSocketChannel.doFinishConnect(NioSocketChannel.java:323)
	at io.netty.channel.nio.AbstractNioChannel$AbstractNioUnsafe.finishConnect(AbstractNioChannel.java:340)
	at io.netty.channel.nio.NioEventLoop.processSelectedKey(NioEventLoop.java:633)
	at io.netty.channel.nio.NioEventLoop.processSelectedKeysOptimized(NioEventLoop.java:580)
	at io.netty.channel.nio.NioEventLoop.processSelectedKeys(NioEventLoop.java:497)
	at io.netty.channel.nio.NioEventLoop.run(NioEventLoop.java:459)
	at io.netty.util.concurrent.SingleThreadEventExecutor$5.run(SingleThreadEventExecutor.java:858)
	at io.netty.util.concurrent.DefaultThreadFactory$DefaultRunnableDecorator.run(DefaultThreadFactory.java:138)
	... 1 more
Caused by: java.net.ConnectException: Connection refused
	... 11 more
19/06/19 10:49:23 INFO worker.Worker: Retrying connection to master (attempt # 2)
19/06/19 10:49:23 INFO worker.Worker: Connecting to master mdc-ch1-cust4.mdc.ext.hpe.com:7077...
19/06/19 10:49:24 WARN worker.Worker: Failed to connect to master mdc-ch1-cust4.mdc.ext.hpe.com:7077
org.apache.spark.SparkException: Exception thrown in awaitResult: 
	at org.apache.spark.util.ThreadUtils$.awaitResult(ThreadUtils.scala:226)
	at org.apache.spark.rpc.RpcTimeout.awaitResult(RpcTimeout.scala:75)
	at org.apache.spark.rpc.RpcEnv.setupEndpointRefByURI(RpcEnv.scala:101)
	at org.apache.spark.rpc.RpcEnv.setupEndpointRef(RpcEnv.scala:109)
	at org.apache.spark.deploy.worker.Worker$$anonfun$org$apache$spark$deploy$worker$Worker$$reregisterWithMaster$1$$anon$2.run(Worker.scala:310)
	at java.util.concurrent.Executors$RunnableAdapter.call(Executors.java:511)
	at java.util.concurrent.FutureTask.run(FutureTask.java:266)
	at java.util.concurrent.ThreadPoolExecutor.runWorker(ThreadPoolExecutor.java:1142)
	at java.util.concurrent.ThreadPoolExecutor$Worker.run(ThreadPoolExecutor.java:617)
	at java.lang.Thread.run(Thread.java:748)
Caused by: java.io.IOException: Failed to connect to mdc-ch1-cust4.mdc.ext.hpe.com/10.1.1.4:7077
	at org.apache.spark.network.client.TransportClientFactory.createClient(TransportClientFactory.java:245)
	at org.apache.spark.network.client.TransportClientFactory.createClient(TransportClientFactory.java:187)
	at org.apache.spark.rpc.netty.NettyRpcEnv.createClient(NettyRpcEnv.scala:198)
	at org.apache.spark.rpc.netty.Outbox$$anon$1.call(Outbox.scala:194)
	at org.apache.spark.rpc.netty.Outbox$$anon$1.call(Outbox.scala:190)
	... 4 more
Caused by: io.netty.channel.AbstractChannel$AnnotatedConnectException: Connection refused: mdc-ch1-cust4.mdc.ext.hpe.com/10.1.1.4:7077
	at sun.nio.ch.SocketChannelImpl.checkConnect(Native Method)
	at sun.nio.ch.SocketChannelImpl.finishConnect(SocketChannelImpl.java:717)
	at io.netty.channel.socket.nio.NioSocketChannel.doFinishConnect(NioSocketChannel.java:323)
	at io.netty.channel.nio.AbstractNioChannel$AbstractNioUnsafe.finishConnect(AbstractNioChannel.java:340)
	at io.netty.channel.nio.NioEventLoop.processSelectedKey(NioEventLoop.java:633)
	at io.netty.channel.nio.NioEventLoop.processSelectedKeysOptimized(NioEventLoop.java:580)
	at io.netty.channel.nio.NioEventLoop.processSelectedKeys(NioEventLoop.java:497)
	at io.netty.channel.nio.NioEventLoop.run(NioEventLoop.java:459)
	at io.netty.util.concurrent.SingleThreadEventExecutor$5.run(SingleThreadEventExecutor.java:858)
	at io.netty.util.concurrent.DefaultThreadFactory$DefaultRunnableDecorator.run(DefaultThreadFactory.java:138)
	... 1 more
Caused by: java.net.ConnectException: Connection refused
	... 11 more
19/06/19 10:49:26 WARN util.Utils: Timed out waiting to forcibly kill process
19/06/19 10:49:26 WARN worker.ExecutorRunner: Failed to terminate process: java.lang.UNIXProcess@66c6571f. This process will likely be orphaned.
19/06/19 10:49:26 INFO worker.ExecutorRunner: Killing process!
19/06/19 10:49:26 INFO worker.Worker: Executor app-20190619075614-0002/300 finished with state FAILED message Worker shutting down
19/06/19 10:49:26 INFO shuffle.ExternalShuffleBlockResolver: Clean up non-shuffle files associated with the finished executor 300
19/06/19 10:49:26 INFO shuffle.ExternalShuffleBlockResolver: Executor is not registered (appId=app-20190619075614-0002, execId=300)
19/06/19 10:49:31 INFO worker.Worker: Retrying connection to master (attempt # 3)
19/06/19 10:49:31 INFO worker.Worker: Connecting to master mdc-ch1-cust4.mdc.ext.hpe.com:7077...
19/06/19 10:49:32 WARN worker.Worker: Failed to connect to master mdc-ch1-cust4.mdc.ext.hpe.com:7077
org.apache.spark.SparkException: Exception thrown in awaitResult: 
	at org.apache.spark.util.ThreadUtils$.awaitResult(ThreadUtils.scala:226)
	at org.apache.spark.rpc.RpcTimeout.awaitResult(RpcTimeout.scala:75)
	at org.apache.spark.rpc.RpcEnv.setupEndpointRefByURI(RpcEnv.scala:101)
	at org.apache.spark.rpc.RpcEnv.setupEndpointRef(RpcEnv.scala:109)
	at org.apache.spark.deploy.worker.Worker$$anonfun$org$apache$spark$deploy$worker$Worker$$reregisterWithMaster$1$$anon$2.run(Worker.scala:310)
	at java.util.concurrent.Executors$RunnableAdapter.call(Executors.java:511)
	at java.util.concurrent.FutureTask.run(FutureTask.java:266)
	at java.util.concurrent.ThreadPoolExecutor.runWorker(ThreadPoolExecutor.java:1142)
	at java.util.concurrent.ThreadPoolExecutor$Worker.run(ThreadPoolExecutor.java:617)
	at java.lang.Thread.run(Thread.java:748)
Caused by: java.io.IOException: Failed to connect to mdc-ch1-cust4.mdc.ext.hpe.com/10.1.1.4:7077
	at org.apache.spark.network.client.TransportClientFactory.createClient(TransportClientFactory.java:245)
	at org.apache.spark.network.client.TransportClientFactory.createClient(TransportClientFactory.java:187)
	at org.apache.spark.rpc.netty.NettyRpcEnv.createClient(NettyRpcEnv.scala:198)
	at org.apache.spark.rpc.netty.Outbox$$anon$1.call(Outbox.scala:194)
	at org.apache.spark.rpc.netty.Outbox$$anon$1.call(Outbox.scala:190)
	... 4 more
Caused by: io.netty.channel.AbstractChannel$AnnotatedConnectException: Connection refused: mdc-ch1-cust4.mdc.ext.hpe.com/10.1.1.4:7077
	at sun.nio.ch.SocketChannelImpl.checkConnect(Native Method)
	at sun.nio.ch.SocketChannelImpl.finishConnect(SocketChannelImpl.java:717)
	at io.netty.channel.socket.nio.NioSocketChannel.doFinishConnect(NioSocketChannel.java:323)
	at io.netty.channel.nio.AbstractNioChannel$AbstractNioUnsafe.finishConnect(AbstractNioChannel.java:340)
	at io.netty.channel.nio.NioEventLoop.processSelectedKey(NioEventLoop.java:633)
	at io.netty.channel.nio.NioEventLoop.processSelectedKeysOptimized(NioEventLoop.java:580)
	at io.netty.channel.nio.NioEventLoop.processSelectedKeys(NioEventLoop.java:497)
	at io.netty.channel.nio.NioEventLoop.run(NioEventLoop.java:459)
	at io.netty.util.concurrent.SingleThreadEventExecutor$5.run(SingleThreadEventExecutor.java:858)
	at io.netty.util.concurrent.DefaultThreadFactory$DefaultRunnableDecorator.run(DefaultThreadFactory.java:138)
	... 1 more
Caused by: java.net.ConnectException: Connection refused
	... 11 more
19/06/19 10:49:39 INFO worker.Worker: Retrying connection to master (attempt # 4)
19/06/19 10:49:39 INFO worker.Worker: Connecting to master mdc-ch1-cust4.mdc.ext.hpe.com:7077...
19/06/19 10:49:40 WARN worker.Worker: Failed to connect to master mdc-ch1-cust4.mdc.ext.hpe.com:7077
org.apache.spark.SparkException: Exception thrown in awaitResult: 
	at org.apache.spark.util.ThreadUtils$.awaitResult(ThreadUtils.scala:226)
	at org.apache.spark.rpc.RpcTimeout.awaitResult(RpcTimeout.scala:75)
	at org.apache.spark.rpc.RpcEnv.setupEndpointRefByURI(RpcEnv.scala:101)
	at org.apache.spark.rpc.RpcEnv.setupEndpointRef(RpcEnv.scala:109)
	at org.apache.spark.deploy.worker.Worker$$anonfun$org$apache$spark$deploy$worker$Worker$$reregisterWithMaster$1$$anon$2.run(Worker.scala:310)
	at java.util.concurrent.Executors$RunnableAdapter.call(Executors.java:511)
	at java.util.concurrent.FutureTask.run(FutureTask.java:266)
	at java.util.concurrent.ThreadPoolExecutor.runWorker(ThreadPoolExecutor.java:1142)
	at java.util.concurrent.ThreadPoolExecutor$Worker.run(ThreadPoolExecutor.java:617)
	at java.lang.Thread.run(Thread.java:748)
Caused by: java.io.IOException: Failed to connect to mdc-ch1-cust4.mdc.ext.hpe.com/10.1.1.4:7077
	at org.apache.spark.network.client.TransportClientFactory.createClient(TransportClientFactory.java:245)
	at org.apache.spark.network.client.TransportClientFactory.createClient(TransportClientFactory.java:187)
	at org.apache.spark.rpc.netty.NettyRpcEnv.createClient(NettyRpcEnv.scala:198)
	at org.apache.spark.rpc.netty.Outbox$$anon$1.call(Outbox.scala:194)
	at org.apache.spark.rpc.netty.Outbox$$anon$1.call(Outbox.scala:190)
	... 4 more
Caused by: io.netty.channel.AbstractChannel$AnnotatedConnectException: Connection refused: mdc-ch1-cust4.mdc.ext.hpe.com/10.1.1.4:7077
	at sun.nio.ch.SocketChannelImpl.checkConnect(Native Method)
	at sun.nio.ch.SocketChannelImpl.finishConnect(SocketChannelImpl.java:717)
	at io.netty.channel.socket.nio.NioSocketChannel.doFinishConnect(NioSocketChannel.java:323)
	at io.netty.channel.nio.AbstractNioChannel$AbstractNioUnsafe.finishConnect(AbstractNioChannel.java:340)
	at io.netty.channel.nio.NioEventLoop.processSelectedKey(NioEventLoop.java:633)
	at io.netty.channel.nio.NioEventLoop.processSelectedKeysOptimized(NioEventLoop.java:580)
	at io.netty.channel.nio.NioEventLoop.processSelectedKeys(NioEventLoop.java:497)
	at io.netty.channel.nio.NioEventLoop.run(NioEventLoop.java:459)
	at io.netty.util.concurrent.SingleThreadEventExecutor$5.run(SingleThreadEventExecutor.java:858)
	at io.netty.util.concurrent.DefaultThreadFactory$DefaultRunnableDecorator.run(DefaultThreadFactory.java:138)
	... 1 more
Caused by: java.net.ConnectException: Connection refused
	... 11 more
19/06/19 10:49:46 WARN util.Utils: Timed out waiting to forcibly kill process
19/06/19 10:49:46 WARN worker.ExecutorRunner: Failed to terminate process: java.lang.UNIXProcess@4b0f27c5. This process will likely be orphaned.
19/06/19 10:49:46 INFO worker.ExecutorRunner: Killing process!
19/06/19 10:49:46 INFO worker.Worker: Executor app-20190619075614-0002/309 finished with state FAILED message Worker shutting down
19/06/19 10:49:46 INFO shuffle.ExternalShuffleBlockResolver: Clean up non-shuffle files associated with the finished executor 309
19/06/19 10:49:46 INFO shuffle.ExternalShuffleBlockResolver: Executor is not registered (appId=app-20190619075614-0002, execId=309)
19/06/19 10:49:47 INFO worker.Worker: Retrying connection to master (attempt # 5)
19/06/19 10:49:47 INFO worker.Worker: Connecting to master mdc-ch1-cust4.mdc.ext.hpe.com:7077...
19/06/19 10:49:48 WARN worker.Worker: Failed to connect to master mdc-ch1-cust4.mdc.ext.hpe.com:7077
org.apache.spark.SparkException: Exception thrown in awaitResult: 
	at org.apache.spark.util.ThreadUtils$.awaitResult(ThreadUtils.scala:226)
	at org.apache.spark.rpc.RpcTimeout.awaitResult(RpcTimeout.scala:75)
	at org.apache.spark.rpc.RpcEnv.setupEndpointRefByURI(RpcEnv.scala:101)
	at org.apache.spark.rpc.RpcEnv.setupEndpointRef(RpcEnv.scala:109)
	at org.apache.spark.deploy.worker.Worker$$anonfun$org$apache$spark$deploy$worker$Worker$$reregisterWithMaster$1$$anon$2.run(Worker.scala:310)
	at java.util.concurrent.Executors$RunnableAdapter.call(Executors.java:511)
	at java.util.concurrent.FutureTask.run(FutureTask.java:266)
	at java.util.concurrent.ThreadPoolExecutor.runWorker(ThreadPoolExecutor.java:1142)
	at java.util.concurrent.ThreadPoolExecutor$Worker.run(ThreadPoolExecutor.java:617)
	at java.lang.Thread.run(Thread.java:748)
Caused by: java.io.IOException: Failed to connect to mdc-ch1-cust4.mdc.ext.hpe.com/10.1.1.4:7077
	at org.apache.spark.network.client.TransportClientFactory.createClient(TransportClientFactory.java:245)
	at org.apache.spark.network.client.TransportClientFactory.createClient(TransportClientFactory.java:187)
	at org.apache.spark.rpc.netty.NettyRpcEnv.createClient(NettyRpcEnv.scala:198)
	at org.apache.spark.rpc.netty.Outbox$$anon$1.call(Outbox.scala:194)
	at org.apache.spark.rpc.netty.Outbox$$anon$1.call(Outbox.scala:190)
	... 4 more
Caused by: io.netty.channel.AbstractChannel$AnnotatedConnectException: Connection refused: mdc-ch1-cust4.mdc.ext.hpe.com/10.1.1.4:7077
	at sun.nio.ch.SocketChannelImpl.checkConnect(Native Method)
	at sun.nio.ch.SocketChannelImpl.finishConnect(SocketChannelImpl.java:717)
	at io.netty.channel.socket.nio.NioSocketChannel.doFinishConnect(NioSocketChannel.java:323)
	at io.netty.channel.nio.AbstractNioChannel$AbstractNioUnsafe.finishConnect(AbstractNioChannel.java:340)
	at io.netty.channel.nio.NioEventLoop.processSelectedKey(NioEventLoop.java:633)
	at io.netty.channel.nio.NioEventLoop.processSelectedKeysOptimized(NioEventLoop.java:580)
	at io.netty.channel.nio.NioEventLoop.processSelectedKeys(NioEventLoop.java:497)
	at io.netty.channel.nio.NioEventLoop.run(NioEventLoop.java:459)
	at io.netty.util.concurrent.SingleThreadEventExecutor$5.run(SingleThreadEventExecutor.java:858)
	at io.netty.util.concurrent.DefaultThreadFactory$DefaultRunnableDecorator.run(DefaultThreadFactory.java:138)
	... 1 more
Caused by: java.net.ConnectException: Connection refused
	... 11 more
19/06/19 10:49:55 INFO worker.Worker: Retrying connection to master (attempt # 6)
19/06/19 10:49:55 INFO worker.Worker: Connecting to master mdc-ch1-cust4.mdc.ext.hpe.com:7077...
19/06/19 10:49:56 WARN worker.Worker: Failed to connect to master mdc-ch1-cust4.mdc.ext.hpe.com:7077
org.apache.spark.SparkException: Exception thrown in awaitResult: 
	at org.apache.spark.util.ThreadUtils$.awaitResult(ThreadUtils.scala:226)
	at org.apache.spark.rpc.RpcTimeout.awaitResult(RpcTimeout.scala:75)
	at org.apache.spark.rpc.RpcEnv.setupEndpointRefByURI(RpcEnv.scala:101)
	at org.apache.spark.rpc.RpcEnv.setupEndpointRef(RpcEnv.scala:109)
	at org.apache.spark.deploy.worker.Worker$$anonfun$org$apache$spark$deploy$worker$Worker$$reregisterWithMaster$1$$anon$2.run(Worker.scala:310)
	at java.util.concurrent.Executors$RunnableAdapter.call(Executors.java:511)
	at java.util.concurrent.FutureTask.run(FutureTask.java:266)
	at java.util.concurrent.ThreadPoolExecutor.runWorker(ThreadPoolExecutor.java:1142)
	at java.util.concurrent.ThreadPoolExecutor$Worker.run(ThreadPoolExecutor.java:617)
	at java.lang.Thread.run(Thread.java:748)
Caused by: java.io.IOException: Failed to connect to mdc-ch1-cust4.mdc.ext.hpe.com/10.1.1.4:7077
	at org.apache.spark.network.client.TransportClientFactory.createClient(TransportClientFactory.java:245)
	at org.apache.spark.network.client.TransportClientFactory.createClient(TransportClientFactory.java:187)
	at org.apache.spark.rpc.netty.NettyRpcEnv.createClient(NettyRpcEnv.scala:198)
	at org.apache.spark.rpc.netty.Outbox$$anon$1.call(Outbox.scala:194)
	at org.apache.spark.rpc.netty.Outbox$$anon$1.call(Outbox.scala:190)
	... 4 more
Caused by: io.netty.channel.AbstractChannel$AnnotatedConnectException: Connection refused: mdc-ch1-cust4.mdc.ext.hpe.com/10.1.1.4:7077
	at sun.nio.ch.SocketChannelImpl.checkConnect(Native Method)
	at sun.nio.ch.SocketChannelImpl.finishConnect(SocketChannelImpl.java:717)
	at io.netty.channel.socket.nio.NioSocketChannel.doFinishConnect(NioSocketChannel.java:323)
	at io.netty.channel.nio.AbstractNioChannel$AbstractNioUnsafe.finishConnect(AbstractNioChannel.java:340)
	at io.netty.channel.nio.NioEventLoop.processSelectedKey(NioEventLoop.java:633)
	at io.netty.channel.nio.NioEventLoop.processSelectedKeysOptimized(NioEventLoop.java:580)
	at io.netty.channel.nio.NioEventLoop.processSelectedKeys(NioEventLoop.java:497)
	at io.netty.channel.nio.NioEventLoop.run(NioEventLoop.java:459)
	at io.netty.util.concurrent.SingleThreadEventExecutor$5.run(SingleThreadEventExecutor.java:858)
	at io.netty.util.concurrent.DefaultThreadFactory$DefaultRunnableDecorator.run(DefaultThreadFactory.java:138)
	... 1 more
Caused by: java.net.ConnectException: Connection refused
	... 11 more
19/06/19 10:50:03 INFO worker.Worker: Unknown Executor app-20190619075614-0002/300 finished with state EXITED message Command exited with code 143 exitStatus 143
19/06/19 10:50:06 WARN util.Utils: Timed out waiting to forcibly kill process
19/06/19 10:50:06 WARN worker.ExecutorRunner: Failed to terminate process: java.lang.UNIXProcess@3e1d9c35. This process will likely be orphaned.
19/06/19 10:50:06 INFO worker.ExecutorRunner: Killing process!
19/06/19 10:50:06 INFO worker.Worker: Executor app-20190619075614-0002/308 finished with state FAILED message Worker shutting down
19/06/19 10:50:06 INFO shuffle.ExternalShuffleBlockResolver: Clean up non-shuffle files associated with the finished executor 308
19/06/19 10:50:06 INFO shuffle.ExternalShuffleBlockResolver: Executor is not registered (appId=app-20190619075614-0002, execId=308)
19/06/19 10:50:06 INFO worker.Worker: Executor app-20190619075614-0002/302 finished with state EXITED message Command exited with code 143 exitStatus 143
19/06/19 10:50:06 INFO shuffle.ExternalShuffleBlockResolver: Clean up non-shuffle files associated with the finished executor 302
19/06/19 10:50:06 INFO shuffle.ExternalShuffleBlockResolver: Executor is not registered (appId=app-20190619075614-0002, execId=302)
19/06/19 10:50:14 INFO worker.Worker: Executor app-20190619075614-0002/303 finished with state EXITED message Command exited with code 143 exitStatus 143
19/06/19 10:50:14 INFO shuffle.ExternalShuffleBlockResolver: Clean up non-shuffle files associated with the finished executor 303
19/06/19 10:50:14 INFO shuffle.ExternalShuffleBlockResolver: Executor is not registered (appId=app-20190619075614-0002, execId=303)
19/06/19 10:50:17 INFO worker.Worker: Executor app-20190619075614-0002/306 finished with state EXITED message Command exited with code 143 exitStatus 143
19/06/19 10:50:17 INFO shuffle.ExternalShuffleBlockResolver: Clean up non-shuffle files associated with the finished executor 306
19/06/19 10:50:17 INFO shuffle.ExternalShuffleBlockResolver: Executor is not registered (appId=app-20190619075614-0002, execId=306)
19/06/19 10:50:25 INFO worker.ExecutorRunner: Killing process!
19/06/19 10:50:25 INFO worker.Worker: Executor app-20190619075614-0002/307 finished with state FAILED message Worker shutting down exitStatus 143
19/06/19 10:50:25 INFO worker.ExecutorRunner: Killing process!
19/06/19 10:50:25 INFO shuffle.ExternalShuffleBlockResolver: Clean up non-shuffle files associated with the finished executor 307
19/06/19 10:50:25 INFO shuffle.ExternalShuffleBlockResolver: Executor is not registered (appId=app-20190619075614-0002, execId=307)
19/06/19 10:50:25 INFO worker.Worker: Unknown Executor app-20190619075614-0002/307 finished with state EXITED message Command exited with code 143 exitStatus 143
19/06/19 10:50:25 INFO worker.Worker: Unknown Executor app-20190619075614-0002/302 finished with state EXITED message Worker shutting down exitStatus 143
19/06/19 10:50:25 INFO worker.Worker: Unknown Executor app-20190619075614-0002/309 finished with state EXITED message Command exited with code 137 exitStatus 137
19/06/19 10:50:35 INFO worker.Worker: Unknown Executor app-20190619075614-0002/308 finished with state EXITED message Command exited with code 137 exitStatus 137
19/06/19 10:50:39 INFO worker.Worker: Executor app-20190619075614-0002/301 finished with state EXITED message Command exited with code 143 exitStatus 143
19/06/19 10:50:39 INFO shuffle.ExternalShuffleBlockResolver: Clean up non-shuffle files associated with the finished executor 301
19/06/19 10:50:39 INFO shuffle.ExternalShuffleBlockResolver: Executor is not registered (appId=app-20190619075614-0002, execId=301)
19/06/19 10:50:39 INFO worker.ExecutorRunner: Killing process!
19/06/19 10:50:39 INFO worker.Worker: Executor app-20190619075614-0002/305 finished with state FAILED message Worker shutting down exitStatus 143
19/06/19 10:50:39 INFO shuffle.ExternalShuffleBlockResolver: Clean up non-shuffle files associated with the finished executor 305
19/06/19 10:50:39 INFO shuffle.ExternalShuffleBlockResolver: Executor is not registered (appId=app-20190619075614-0002, execId=305)
19/06/19 10:50:39 INFO worker.Worker: Unknown Executor app-20190619075614-0002/305 finished with state EXITED message Command exited with code 143 exitStatus 143
19/06/19 10:50:46 INFO worker.Worker: Retrying connection to master (attempt # 7)
19/06/19 10:50:46 INFO worker.Worker: Connecting to master mdc-ch1-cust4.mdc.ext.hpe.com:7077...
19/06/19 10:50:46 WARN worker.Worker: Failed to connect to master mdc-ch1-cust4.mdc.ext.hpe.com:7077
org.apache.spark.SparkException: Exception thrown in awaitResult: 
	at org.apache.spark.util.ThreadUtils$.awaitResult(ThreadUtils.scala:226)
	at org.apache.spark.rpc.RpcTimeout.awaitResult(RpcTimeout.scala:75)
	at org.apache.spark.rpc.RpcEnv.setupEndpointRefByURI(RpcEnv.scala:101)
	at org.apache.spark.rpc.RpcEnv.setupEndpointRef(RpcEnv.scala:109)
	at org.apache.spark.deploy.worker.Worker$$anonfun$org$apache$spark$deploy$worker$Worker$$reregisterWithMaster$1$$anon$2.run(Worker.scala:310)
	at java.util.concurrent.Executors$RunnableAdapter.call(Executors.java:511)
	at java.util.concurrent.FutureTask.run(FutureTask.java:266)
	at java.util.concurrent.ThreadPoolExecutor.runWorker(ThreadPoolExecutor.java:1142)
	at java.util.concurrent.ThreadPoolExecutor$Worker.run(ThreadPoolExecutor.java:617)
	at java.lang.Thread.run(Thread.java:748)
Caused by: java.io.IOException: Failed to connect to mdc-ch1-cust4.mdc.ext.hpe.com/10.1.1.4:7077
	at org.apache.spark.network.client.TransportClientFactory.createClient(TransportClientFactory.java:245)
	at org.apache.spark.network.client.TransportClientFactory.createClient(TransportClientFactory.java:187)
	at org.apache.spark.rpc.netty.NettyRpcEnv.createClient(NettyRpcEnv.scala:198)
	at org.apache.spark.rpc.netty.Outbox$$anon$1.call(Outbox.scala:194)
	at org.apache.spark.rpc.netty.Outbox$$anon$1.call(Outbox.scala:190)
	... 4 more
Caused by: io.netty.channel.AbstractChannel$AnnotatedConnectException: Connection refused: mdc-ch1-cust4.mdc.ext.hpe.com/10.1.1.4:7077
	at sun.nio.ch.SocketChannelImpl.checkConnect(Native Method)
	at sun.nio.ch.SocketChannelImpl.finishConnect(SocketChannelImpl.java:717)
	at io.netty.channel.socket.nio.NioSocketChannel.doFinishConnect(NioSocketChannel.java:323)
	at io.netty.channel.nio.AbstractNioChannel$AbstractNioUnsafe.finishConnect(AbstractNioChannel.java:340)
	at io.netty.channel.nio.NioEventLoop.processSelectedKey(NioEventLoop.java:633)
	at io.netty.channel.nio.NioEventLoop.processSelectedKeysOptimized(NioEventLoop.java:580)
	at io.netty.channel.nio.NioEventLoop.processSelectedKeys(NioEventLoop.java:497)
	at io.netty.channel.nio.NioEventLoop.run(NioEventLoop.java:459)
	at io.netty.util.concurrent.SingleThreadEventExecutor$5.run(SingleThreadEventExecutor.java:858)
	at io.netty.util.concurrent.DefaultThreadFactory$DefaultRunnableDecorator.run(DefaultThreadFactory.java:138)
	... 1 more
Caused by: java.net.ConnectException: Connection refused
	... 11 more
19/06/19 10:50:55 INFO worker.Worker: Executor app-20190619075614-0002/304 finished with state EXITED message Command exited with code 137 exitStatus 137
19/06/19 10:50:55 INFO worker.ExecutorRunner: Killing process!
19/06/19 10:50:55 INFO shuffle.ExternalShuffleBlockResolver: Clean up non-shuffle files associated with the finished executor 304
19/06/19 10:50:55 INFO shuffle.ExternalShuffleBlockResolver: Executor is not registered (appId=app-20190619075614-0002, execId=304)
19/06/19 10:50:55 INFO worker.Worker: Unknown Executor app-20190619075614-0002/304 finished with state EXITED message Worker shutting down exitStatus 137
19/06/19 10:50:55 INFO worker.ExecutorRunner: Killing process!
19/06/19 10:50:55 INFO worker.Worker: Unknown Executor app-20190619075614-0002/303 finished with state EXITED message Worker shutting down exitStatus 143
19/06/19 10:50:55 INFO worker.ExecutorRunner: Killing process!
19/06/19 10:50:55 INFO worker.Worker: Unknown Executor app-20190619075614-0002/306 finished with state EXITED message Worker shutting down exitStatus 143
19/06/19 10:50:55 INFO worker.Worker: Unknown Executor app-20190619075614-0002/301 finished with state EXITED message Worker shutting down exitStatus 143
19/06/19 10:50:55 INFO util.ShutdownHookManager: Shutdown hook called
19/06/19 10:50:55 INFO util.ShutdownHookManager: Deleting directory /data/spark-da38bb86-faa7-4cb2-9622-9e10669070a6
